   1               		.file	"keymap.c"
   2               	__SP_H__ = 0x3e
   3               	__SP_L__ = 0x3d
   4               	__SREG__ = 0x3f
   5               	__tmp_reg__ = 0
   6               	__zero_reg__ = 1
   7               		.text
   8               	.Ltext0:
   9               		.section	.gnu.lto_.profile.f1bdbf55dca42968,"",@progbits
  10 0000 789C 6361 		.string	"x\234ca`\004B "
  10      6004 4220 
  10      00
  11 0009 00        		.string	""
  12 000a 00        		.string	""
  13 000b 3900      		.string	"9"
  14 000d 07        		.ascii	"\007"
  15               		.text
  16               		.section	.gnu.lto_.icf.f1bdbf55dca42968,"",@progbits
  17 0000 789C 6361 		.string	"x\234ca`d"
  17      6064 00
  18 0007 010E 0604 		.string	"\001\016\006\004`d8\363\374\305\"N\006"
  18      6064 38F3 
  18      FCC5 224E 
  18      0600 
  19 0015 1031 0355 		.ascii	"\0201\003U"
  20               		.text
  21               		.section	.gnu.lto_.jmpfuncs.f1bdbf55dca42968,"",@progbits
  22 0000 789C 6361 		.string	"x\234ca`d"
  22      6064 00
  23 0007 0126 0664 		.string	"\001&\006d"
  23      00
  24 000c 00        		.string	""
  25 000d 00        		.string	""
  26 000e 9E00      		.string	"\236"
  27 0010 08        		.ascii	"\b"
  28               		.text
  29               		.section	.gnu.lto_.inline.f1bdbf55dca42968,"",@progbits
  30 0000 789C 6361 		.string	"x\234ca`d"
  30      6064 00
  31 0007 0126 0664 		.string	"\001&\006d"
  31      00
  32 000c 00        		.string	""
  33 000d 00        		.string	""
  34 000e 9E00      		.string	"\236"
  35 0010 08        		.ascii	"\b"
  36               		.text
  37               		.section	.gnu.lto_.pureconst.f1bdbf55dca42968,"",@progbits
  38 0000 789C 6361 		.string	"x\234ca`\004B "
  38      6004 4220 
  38      00
  39 0009 00        		.string	""
  40 000a 00        		.string	""
  41 000b 3900      		.string	"9"
  42 000d 07        		.ascii	"\007"
  43               		.text
  44               		.section	.gnu.lto_keymaps.f1bdbf55dca42968,"",@progbits
  45 0000 789C AD97 		.ascii	"x\234\255\227\331WSW\024\306so\300Y\260\255\235\355<\333\331"
  45      D957 5357 
  45      14C6 736F 
  45      C059 B0AD 
  45      9DED 3CDB 
  46 0015 4EBC 7478 		.ascii	"N\274txl\037\332\277"
  46      6C1F DABF 
  47 001d A10F FD43 		.string	"\241\017\375C\302LT\0200\nJ@\210 cB\030$$@ \214\001\203@d\236\003\022@P\020\020d\356\331w
  47      C24C 5410 
  47      300A 4A40 
  47      8820 6342 
  47      1824 2440 
  48 011e EC1D D422 		.ascii	"\354\035\324\"\376\035+E\034X[o\300\f\255\312@\244iK\207\201"
  48      FE1D 2B45 
  48      1C58 5B6F 
  48      C00C ADCA 
  48      40A4 694B 
  49 0134 1665 C0BA 		.ascii	"\026e\300\2721`=\306\003\215\312@\311l\337\3021_\210*\206\260"
  49      3160 3DC6 
  49      038D CA40 
  49      C96C DFC2 
  49      315F 882A 
  50 014a 01C2 0A88 		.ascii	"\001\302\n\210\312\177Ydi\277K\342\210mJ\304\3222\267\026U\343"
  50      CA7F 5964 
  50      69BF 4BE2 
  50      886D 4AC4 
  50      D232 B716 
  51 0160 5406      		.ascii	"T\006"
  52 0162 6ACA BB3C 		.string	"j\312\273<'x\240Y\031X\3570ZCx\240A\031\330\311\315\2138\356\013Q\307\020\265\200\260\003
  52      2778 A059 
  52      1958 EF30 
  52      5A43 78A0 
  52      4119 D8C9 
  53 0263 DD5D A66B 		.string	"\335]\246k\213\257\271\017\234\233\024\377\216)\373e\226\331$3W\363\354He\016\351\352\002
  53      8BAF B90F 
  53      9C9B 14FF 
  53      8E29 FB65 
  53      96D9 2433 
  54 02a0 BC7E E0F5 		.string	"\274~\340\365\001\257\027x=\214\347\251*N\306\253\2154(\306m\364\374\305z\202\344}C\373\3
  54      01AF 1778 
  54      3D8C E7A9 
  54      2A4E C6AB 
  54      8D34 28C6 
  55 02fa 9007 40E3 		.string	"\220\007@\343"
  55      00
  56 02ff 1AF3 6D37 		.ascii	"\032\363m7\253\246h\004@\016\322\226G\205\026$\274\216\364Dd"
  56      ABA6 6804 
  56      400E D296 
  56      4785 1624 
  56      BC8E F444 
  57 0314 B206 CF7F 		.ascii	"\262\006\317\177\246?O\264?\301\374?\t\031\223?\354D-\377H\305"
  57      A63F 4FB4 
  57      3FC1 FC3F 
  57      0919 933F 
  57      EC44 2DFF 
  58 032a 34F2 B80E 		.ascii	"4\362\270\016\3053Nt1\033\2721?\243}\300t\263\240\233\001\335"
  58      C533 4E74 
  58      311B BA31 
  58      3FA3 7DC0 
  58      74B3 A09B 
  59 0340 34E8 BCA0 		.ascii	"4\350\274\240\233b\272\270\211\341]\274\016\003\275\356\304\230"
  59      9B62 BAB8 
  59      89E1 5DBC 
  59      0E03 BDEE 
  59      C498 
  60 0352 561D BEAA 		.ascii	"V\035\276\252Y\244+\306tZ\320e\222\256\352L\333\201\035\335 "
  60      59A4 2BC6 
  60      745A D065 
  60      92AE EA4C 
  60      DB81 1DDD 
  61 0367 9D93 3877 		.ascii	"\235\2238w\226e\006\311\226\345\231{\310\366\247B\032;\253\026"
  61      9665 06C9 
  61      96E5 997B 
  61      C8F6 A742 
  61      1A3B AB16 
  62 037b FC8A F931 		.ascii	"\374\212\3711\343-\002o\001x\217\200\367\020x\363\214\267\241"
  62      E32D 026F 
  62      0178 8F80 
  62      F710 78F3 
  62      8CB7 A1
  63 038e AD72 84FA 		.ascii	"\255r\204\372y\325\022{\325\034\274\352>\274j\024^5\004\257\352"
  63      79D5 127B 
  63      D51C BCEA 
  63      3EBC 6A14 
  63      5E35 04AF 
  64 03a3 8657 B5C3 		.ascii	"\206W\265\303\253\232\331\253\322g\022\302\203\017\344M{\005"
  64      AB9A D9AB 
  64      D267 12C2 
  64      830F E44D 
  64      7B05 
  65 03b5 066F BAE7 		.ascii	"\006o\272\347\315\212BF:I7z\212\213\220\221.\322\266k\261\177"
  65      CD8A 4246 
  65      3A49 377A 
  65      8A8B 9091 
  65      2ED2 B66B 
  66 03cb B0EC 20B9 		.string	"\260\354 \271\235\352\315B{k\351\215\305^\035\263\373\325\323S\236\277\037\363\367a\3765\
  66      9DEA CD42 
  66      7B6B E98D 
  66      C55E 1DB3 
  66      FBD5 D353 
  67 04cc CECB 3EDF 		.string	"\316\313>\337\256\344\004K2&|\227\332\177h~\005\361\337\021\362q\373\365I\230\377\333B^\3
  67      AEE4 044B 
  67      3226 7C97 
  67      DA7F 687E 
  67      05F1 DF11 
  68 05c6 5816 C032 		.string	"X\026\3002\001v\203\301*k\036\236\343hg\250K\243\246\306\221\263W\204\334\234\321\r\200\3
  68      0176 83C1 
  68      2A6B 1E9E 
  68      E368 67A8 
  68      4BA3 A6C6 
  69 06ad FE1A F9CE 		.ascii	"\376\032\371\316V\272\005h\247\251\217\f\225\303\201\267\rv\260"
  69      56BA 0568 
  69      A7A9 8F0C 
  69      95C3 81B7 
  69      0D76 B0
  70 06c0 D480 A51A 		.ascii	"\324\200\245\032,U`\2611\213\327\0345x\330\317Yj\331Y\254p\226"
  70      2C55 60B1 
  70      318B D71C 
  70      3578 D8CF 
  70      596A D959 
  71 06d7 3238 8B11 		.ascii	"28\213\021\316R\bg\311\221\331Y2dv\226\024Yq\2268s\377\336\266"
  71      CE52 0867 
  71      C991 D959 
  71      3264 7696 
  71      1459 7196 
  72 06f0 E197 6875 		.ascii	"\341\227hu\220r\216\343\200W\020p\031\373\220FaE\222C\374\327"
  72      9072 8EE3 
  72      8057 1070 
  72      19FB 9046 
  72      6145 9243 
  73 0706 DF98 8F42 		.ascii	"\337\230\217B\356"
  73      EE
  74               		.text
  75               		.section	.gnu.lto_.symbol_nodes.f1bdbf55dca42968,"",@progbits
  76 0000 789C 6361 		.string	"x\234ca`d\340f"
  76      6064 E066 
  76      00
  77 0009 02D6 AF0C 		.string	"\002\326\257\f\f\215B \026"
  77      0C8D 4220 
  77      1600 
  78 0013 0D44 019E 		.ascii	"\rD\001\236"
  79               		.text
  80               		.section	.gnu.lto_.refs.f1bdbf55dca42968,"",@progbits
  81 0000 789C 6361 		.string	"x\234ca`\004B "
  81      6004 4220 
  81      00
  82 0009 00        		.string	""
  83 000a 00        		.string	""
  84 000b 3900      		.string	"9"
  85 000d 07        		.ascii	"\007"
  86               		.text
  87               		.section	.gnu.lto_.decls.f1bdbf55dca42968,"",@progbits
  88 0000 789C 8D53 		.string	"x\234\215S_HSQ\030?\337=\233\316\253\222\310\"\037F\365\"\b\301.\275\004\276\005=\364\226
  88      5F48 5351 
  88      183F DF3D 
  88      9BCE AB92 
  88      C822 1F46 
  89 00f1 58A0 1F2C 		.ascii	"X\240\037,x\360\b\310\370T,\360\f!\2627\332\257mR\241U\210p-"
  89      78F0 08C8 
  89      F854 2CF0 
  89      0C21 B237 
  89      DAAF 6D52 
  90 010a 9C9A 2DC9 		.ascii	"\234\232-\311\333<\224m\036\024\315\276\321\205\016\335H\232"
  90      DB3C 946D 
  90      1E14 CDBE 
  90      D185 0EDD 
  90      489A 
  91 011c E3A5 9EA5 		.ascii	"\343\245\236\245\356\"\375D\005\210\337<\036\371\245\3736\"\234"
  91      EE22 FD44 
  91      0588 DF3C 
  91      1EF9 A5FB 
  91      3622 9C
  92 012f BED9 7530 		.ascii	"\276\331u0\257\366\313\254\366\013\241\275\363\255s\001DoI\316"
  92      AFF6 CBAC 
  92      F60B A1BD 
  92      F3AD 7301 
  92      446F 49CE 
  93 0143 28B3 3EAA 		.ascii	"(\263>\252g{g\225\373\256\221!\223\341\037e`ex\253Tl\360\372"
  93      677B 6795 
  93      FBAE 9121 
  93      93E1 1F65 
  93      6065 78AB 
  94 015b 44C7 C765 		.ascii	"D\307\307e\231\036\341k)\036\233\016R\250\222\237\360\321\351"
  94      991E E16B 
  94      291E 9B0E 
  94      52A8 929F 
  94      F0D1 E9
  95 016e C187 E67E 		.ascii	"\301\207\346~\306\312`\034d\030\005\na\340_\032\373\360\211\346"
  95      C6CA 601C 
  95      6418 050A 
  95      61E0 5F1A 
  95      FBF0 89E6 
  96 0182 7CC2 1CF9 		.ascii	"|\302\034\371c\r\306\240\212\253r\036\214\340\346\26008\377\343"
  96      630D C6A0 
  96      8AAB 721E 
  96      8CE0 E6B0 
  96      3038 FFE3 
  97 0196 1E2B 2AF7 		.ascii	"\036+*\367\353\327u\0224\301\030\326_i\347\231\200\362\354\251"
  97      EBD7 7512 
  97      34C1 18D6 
  97      5F69 E799 
  97      80F2 ECA9 
  98 01aa B49F C9ED 		.ascii	"\264\237\311\355\355ha.\033\353\020E\366s\215\035\327\330CY\366"
  98      ED68 612E 
  98      1BEB 1045 
  98      F673 8D1D 
  98      D7D8 4359 
  99 01bf FD40 FC16 		.ascii	"\375@\374\026\315ec\035\372\220\375TcOj\354H\226\375\375\356"
  99      CD65 631D 
  99      FA90 FD54 
  99      634F 6AEC 
  99      4896 FDFD 
 100 01d4 954E EDD2 		.ascii	"\225N\355\322\270w\377\377xO\206f\333\367\270y\275\237\367PW"
 100      B877 FFFF 
 100      784F 8666 
 100      DBF7 B879 
 100      BD9F F750 
 101 01e9 B0AF 2097 		.ascii	"\260\257 \227\235\330\317{\344\316\314\242)\227\235\334\317\373"
 101      9DD8 CF7B 
 101      E4CE CCA2 
 101      2997 9DDC 
 101      CFFB 
 102 01fb D887 C95E 		.ascii	"\330\207\311^S\345#\026\351f\351\300\365C1\037c\024R\330\021"
 102      53E5 2316 
 102      E966 E9C0 
 102      F543 311F 
 102      6314 52D8 
 103 0210 1457 93ED 		.ascii	"\024W\223\355\204^0\020m\363,\376\247\246\240\222\0246:/5\327"
 103      845E 3010 
 103      6DF3 2CFE 
 103      A7A6 A092 
 103      1436 3A2F 
 104 0226 B67A 8A6D 		.ascii	"\266z\212m\266V\265\245\276\331\331l\263\231N\2379w\364Tu51\265"
 104      B656 B5A5 
 104      BED9 D96C 
 104      B399 4E9F 
 104      3977 F454 
 105 023e B9DC DEE3 		.ascii	"\271\334\336\343'l\336\303J\233GU\232\\uJ\355EUq\271\355Mm\016"
 105      276C DEC3 
 105      4A9B 4755 
 105      9A5C 754A 
 105      ED45 5571 
 106 0257 A7E2 F13A 		.ascii	"\247\342\361:\260nm \307P\244\256\245Vux\024\273\332X\347PtQ"
 106      B06E 6D20 
 106      C750 A4AE 
 106      A556 7578 
 106      14BB DA58 
 107 026f A5DE E976 		.ascii	"\245\336\351v\331\033\\j\213\276c\265\223\337W\226:j"
 107      D91B 5C6A 
 107      8BBE 63B5 
 107      93DF 5796 
 107      3A6A 
 108               		.text
 109               		.section	.gnu.lto_.symtab.f1bdbf55dca42968,"",@progbits
 110 0000 6B65 796D 		.string	"keymaps"
 110      6170 7300 
 111 0008 00        		.string	""
 112 0009 00        		.string	""
 113 000a 00        		.string	""
 114 000b 00        		.string	""
 115 000c 00        		.string	""
 116 000d 00        		.string	""
 117 000e 00        		.string	""
 118 000f 00        		.string	""
 119 0010 00        		.string	""
 120 0011 00        		.string	""
 121 0012 00        		.string	""
 122 0013 C500      		.string	"\305"
 123 0015 00        		.string	""
 124 0016 00        		.string	""
 125               		.text
 126               		.section	.gnu.lto_.opts,"",@progbits
 127 0000 272D 666D 		.ascii	"'-fmath-errno' '-fsigned-zeros' '-ftrapping-math' '-fno-trap"
 127      6174 682D 
 127      6572 726E 
 127      6F27 2027 
 127      2D66 7369 
 128 003c 7627 2027 		.ascii	"v' '-fno"
 128      2D66 6E6F 
 129 0044 2D6F 7065 		.string	"-openmp' '-fno-openacc' '-mn-flash=1' '-mno-skip-bug' '-mmcu=avr5' '-gdwarf-2' '-Os' '-We
 129      6E6D 7027 
 129      2027 2D66 
 129      6E6F 2D6F 
 129      7065 6E61 
 130               		.text
 131               		.comm	__gnu_lto_v1,1,1
 132               		.comm	__gnu_lto_slim,1,1
 133               		.ident	"GCC: (GNU) 5.4.0"
DEFINED SYMBOLS
                            *ABS*:0000000000000000 keymap.c
     /tmp/ccmTzomD.s:2      *ABS*:000000000000003e __SP_H__
     /tmp/ccmTzomD.s:3      *ABS*:000000000000003d __SP_L__
     /tmp/ccmTzomD.s:4      *ABS*:000000000000003f __SREG__
     /tmp/ccmTzomD.s:5      *ABS*:0000000000000000 __tmp_reg__
     /tmp/ccmTzomD.s:6      *ABS*:0000000000000001 __zero_reg__
                            *COM*:0000000000000001 __gnu_lto_v1
                            *COM*:0000000000000001 __gnu_lto_slim

NO UNDEFINED SYMBOLS
