   1               		.file	"HIDParser.c"
   2               	__SP_H__ = 0x3e
   3               	__SP_L__ = 0x3d
   4               	__SREG__ = 0x3f
   5               	__tmp_reg__ = 0
   6               	__zero_reg__ = 1
   7               		.text
   8               	.Ltext0:
   9               		.section	.gnu.lto_.profile.9d7cac76c10a6923,"",@progbits
  10 0000 789C 6361 		.string	"x\234ca`d`c`"
  10      6064 6063 
  10      6000 
  11 000a 920F 99CE 		.string	"\222\017\231\3162\001"
  11      3201 00
  12 0011 05BA 01BF 		.ascii	"\005\272\001\277"
  13               		.text
  14               		.section	.gnu.lto_.icf.9d7cac76c10a6923,"",@progbits
  15 0000 789C 6361 		.string	"x\234ca`d"
  15      6064 00
  16 0007 0129 0604 		.string	"\001)\006\004`a\370\363c\372)N\306\266\235k\267\2613\375{s\263\223\205\371\333\271\246\36
  16      6061 F8F3 
  16      63FA 294E 
  16      C6B6 9D6B 
  16      B7B1 33FD 
  17 0028 AF0F 0C9A 		.ascii	"\257\017\f\232"
  18               		.text
  19               		.section	.gnu.lto_.jmpfuncs.9d7cac76c10a6923,"",@progbits
  20 0000 789C 6361 		.string	"x\234ca`d"
  20      6064 00
  21 0007 8135 0C08 		.string	"\2015\f\b\300\302\300\314\310\310\310^__\317\004\344\261\0011#\243\226\f\220\374\313\304\
  21      C0C2 C0CC 
  21      C8C8 C85E 
  21      5F5F CF04 
  21      E4B1 0131 
  22 0072 09A9 1D1B 		.ascii	"\t\251\035\033"
  23               		.text
  24               		.section	.gnu.lto_.inline.9d7cac76c10a6923,"",@progbits
  25 0000 789C A552 		.ascii	"x\234\245R\261J\003A\024\234y\273I6$\027O\013\253@\"\006\311"
  25      B14A 0341 
  25      149C 79BB 
  25      4936 2417 
  25      4F0B AB40 
  26 0017 0FD8 E70B 		.ascii	"\017\330\347\013\374\220\244\266\225#\230&6b!\226\351\324*\205"
  26      FC90 A4B6 
  26      9523 9826 
  26      3662 2196 
  26      E9D4 2A85 
  27 002b 2048 4050 		.ascii	" H@P\354\005\013\277\300N\021\024\013\025D\337\313\336)X\tnq"
  27      EC05 0BBF 
  27      C04E 1114 
  27      0B15 44DF 
  27      CBDE 2958 
  28 0042 33EF CDDE 		.ascii	"3\357\315\336\356\314\356z\0206\234\340{x<\343\223\367\201\224"
  28      EECC EE7A 
  28      1036 9CE0 
  28      7B78 3CE3 
  28      93F7 8194 
  29 0056 5455 3977 		.ascii	"TU9w\257\247[Xz\234\211\250\246s\353\242\177\371\204p\273\033"
  29      AFA7 5B58 
  29      7A9C 89A8 
  29      A673 EBA2 
  29      7FF9 8470 
  30 006c 2888 529F 		.ascii	"(\210R\237\240h)\001~\032\304\332\023Xc\332\377\020\356\217."
  30      A068 2901 
  30      7E1A C4DA 
  30      1358 63DA 
  30      FF10 EE8F 
  31 0081 AF2B 2F32 		.ascii	"\257+/2r$x\310&\230\016\"\206\201\312\323\207\263\267\304dQ\371"
  31      7224 78C8 
  31      2698 0E22 
  31      8681 CAD3 
  31      87B3 B7C4 
  32 0098 884D D765 		.ascii	"\210M\327e\350\347\304\3740\350~=\243.\362.\354\013\314\305\266"
  32      E8E7 C4FC 
  32      30E8 7E3D 
  32      A32E F22E 
  32      EC0B CCC5 
  33 00ad 9991 45DD 		.ascii	"\231\221E\335\274<i\251\337I\253\007\016+\031\203\3448\007\311"
  33      BC3C 69A9 
  33      DF49 AB07 
  33      0E2B 1983 
  33      E438 07C9 
  34 00c1 4B89 A5D7 		.ascii	"K\211\245\327\2624^U\004/\\\026R\223#\201\337nduE\271\221,5\274"
  34      B234 5E55 
  34      042F 5C16 
  34      5293 2381 
  34      DF6E 6475 
  35 00db AD66 6DD5 		.ascii	"\255fm\325#\"\034lj\321\331\233\325\002lu=0\254\214\311\252\206"
  35      2322 1C6C 
  35      6AD1 D99B 
  35      D502 6C75 
  35      3D30 AC8C 
  36 00f2 FD9D EE8F 		.ascii	"\375\235\356\217q\254\335\370W\202\334\277\271U\315R\224\337"
  36      71AC DDF8 
  36      5782 DCBF 
  36      B955 CD52 
  36      94DF 
  37 0104 8F6D 81CE 		.ascii	"\217m\201\316\335I\243\360\351\260\260\256w\034\354\216\227\257"
  37      DD49 A3F0 
  37      E9B0 B0AE 
  37      771C EC8E 
  37      97AF 
  38 0116 A625 84E1 		.ascii	"\246%\204\341\016\343;\370\002;\265L\366"
  38      0EE3 3BF8 
  38      023B B54C 
  38      F6
  39               		.text
  40               		.section	.gnu.lto_.pureconst.9d7cac76c10a6923,"",@progbits
  41 0000 789C 6361 		.string	"x\234ca`d\340d```a\220b\224b\222bf"
  41      6064 E064 
  41      6060 6061 
  41      9062 9462 
  41      9262 6600 
  42 0014 00        		.string	""
  43 0015 0297 00   		.string	"\002\227"
  44 0018 67        		.ascii	"g"
  45               		.text
  46               		.section	.gnu.lto_USB_ProcessHIDReport.9d7cac76c10a6923,"",@progbits
  47 0000 789C 9D5B 		.string	"x\234\235[\007xTU\366\177\347\275i\231Lf\222I\0014\024\245\t\226P\005\004l\240\210(\270*\
  47      0778 5455 
  47      F67F E7BD 
  47      6999 4C66 
  47      9249 0134 
  48 0038 31F4 0884 		.ascii	"1\364\b\204\236\020B\002\241\207\320C\013=4\201\230\204\b\b!"
  48      9E10 4202 
  48      A187 D043 
  48      0B3D 3481 
  48      9884 0808 
  49 004d F9DF 73CE 		.ascii	"\371\337s\316}/3\223\262\270|\037'\357\336w\312\357\236{\357"
  49      7D2F 3393 
  49      B2B8 7C1F 
  49      27EF DE77 
  49      CAEF 9E7B 
  50 0062 39B7 BC31 		.ascii	"9\267\2741)\240\340\277?\364R\224\036\342q\266IQ\340\035\005"
  50      29A0 E0BF 
  50      3FF4 5294 
  50      1EE2 71B6 
  50      4951 E01D 
  51 0077 D449 F98A 		.ascii	"\324I\371\2122\332\246\302[\374\240\231\254\271\341\212\307f"
  51      32DA A6C2 
  51      5BFC A099 
  51      ACB9 E18A 
  51      C766 
  52 0089 216A 266A 		.ascii	"!j&jb\nVf1\353\017\026\375\301\032\3367\321$XB\2106#\352$\332"
  52      620A 5666 
  52      31EB 0F16 
  52      FDC1 1ADE 
  52      37D1 2458 
  53 00a4 82A8 8B68 		.ascii	"\202\250\213hK\242\241D\303\210\272\211\206\023\215 j#\032E4"
  53      4BA2 A144 
  53      C388 BA89 
  53      8613 8D20 
  53      6A23 1A45 
  54 00b9 9268 2BA2 		.ascii	"\222h+\242AD\203\211vbNx\003\215C\220:`7(\036\273}w\236\242x"
  54      4144 8389 
  54      7662 4E78 
  54      038D 4390 
  54      3A60 3728 
  55 00d4 1C76 E8CB 		.ascii	"\034v\350\313\230\202e\275\203\353\035z}\210\376\340\324\037"
  55      9882 65BD 
  55      83EB 1D7A 
  55      7D88 FEE0 
  55      D41F 
  56 00e6 5CFA 43A8 		.ascii	"\\\372C\250\376\020\246?\270\365\207p\375!B\177\210\324\037\242"
  56      FE10 A63F 
  56      B8F5 8770 
  56      FD21 427F 
  56      88D4 1FA2 
  57 00fa D406 635B 		.ascii	"\324\006c[\013CM\221:\032\300\343\004\253\241\332h\233&j\037"
  57      0B43 4D91 
  57      3A1A C0E3 
  57      04AB A1DA 
  57      689B 266A 
  58 010f CBDF 8BE6 		.ascii	"\313\337\213\346\033A4s?\306\357sl\217\253\r\351\225=\032\371"
  58      1B41 3473 
  58      3FC6 EF73 
  58      6C8F AB0D 
  58      E995 3D1A 
  59 0124 1CD1 6AE3 		.ascii	"\034\321j\343\302`\324\262n\033\3627\226\350\2330\372&\320\224"
  59      C260 D4B2 
  59      6E1B F237 
  59      96E8 9B30 
  59      FA26 D094 
  60 0138 C59B EA56 		.ascii	"\305\233\352V\233I\206'\230\341\t\365\311\222HQl\276\240\253"
  60      9B49 8627 
  60      98E1 09F5 
  60      C992 4851 
  60      6CBE A0AB 
  61 014c 283D 09CD 		.ascii	"(=\t\315\231\253\271\316\336B\177h\251?\264R[\223\301\247\330"
  61      99AB B9CE 
  61      DE42 7F68 
  61      A93F B452 
  61      5B93 C1A7 
  62 0161 606B 7896 		.ascii	"`kx\226\353\237\202\247\371\241\215:\200Z\320\226[\320\226\353"
  62      EB9F 82A7 
  62      F9A1 8D3A 
  62      805A D096 
  62      5BD0 96EB 
  63 0175 736C 4FAB 		.ascii	"slO\253m\030\3703\004\374\031]\360Y\3659\362C\007\362\303s\320"
  63      6D18 F833 
  63      04FC 195D 
  63      F059 F539 
  63      F243 07F2 
  64 018c 8EAB 63F8 		.ascii	"\216\253c\370!\307\326N\215Y\231\213r\355/\006\t\206\366:\220"
  64      21C7 D64E 
  64      8D59 998B 
  64      72ED 2F06 
  64      0986 F63A 
  65 01a1 0E6A 4792 		.ascii	"\016jG\222\353Kr\035\365\352N\262\201\235\271\201\235\365\372"
  65      EB4B 721D 
  65      F5EA 4EB2 
  65      819D B981 
  65      9DF5 FA
  66 01b4 E7D5 2EC4 		.ascii	"\347\325.\304\336\235\330\273@7\256\356\312\0179\266njW6\363"
  66      DE9D D8BB 
  66      4037 AEEE 
  66      CA0F 39B6 
  66      6E6A 5736 
  67 01c9 0299 7901 		.ascii	"\002\231y\001z2Cw\265\007\311\365$\271\036zuO\365Er\334K\344"
  67      7A32 4377 
  67      B507 C9F5 
  67      24B9 1E7A 
  67      754F F545 
  68 01e1 B817 E155 		.ascii	"\270\027\341U\256~I}\231\252_\241\352lE\257\3171\236\266)j/\362"
  68      AE7E 497D 
  68      99AA 5FA1 
  68      EA6C 45AF 
  68      CF31 9EB6 
  69 01f9 4F6F F6CF 		.ascii	"Oo\366\317v\005\006\360\233\\E}\355h\224x\323'\263\213x\261C"
  69      7605 06F0 
  69      9B5C 457D 
  69      ED68 9478 
  69      D327 B38B 
  70 0210 515F 27CB 		.ascii	"Q_'\313}\310\362N\005\3720\337.\205\207p\216m\267\242>\317>\355"
  70      7DC8 F24E 
  70      05FA 30DF 
  70      2E85 8770 
  70      8E6D B7A2 
  71 0228 4B3E DDA3 		.ascii	"K>\335\243\250o\222H?\022\331\253@?\026\331\247\360<}%OQ5r\214"
  71      A86F 9248 
  71      3F12 D9AB 
  71      403F 16D9 
  71      A7F0 3C7D 
  72 0242 FD6D F492 		.ascii	"\375m\364\222c\277\242\016H\355$\212\375\213\032\211b\276\001"
  72      63BF A20E 
  72      48ED 248A 
  72      FD8B 1A89 
  72      62BE 01
  73 0255 E680 0280 		.ascii	"\346\200\002\200O\036\033(\243T\315d\266XmA\366`G\210\323\025"
  73      4F1E 1B28 
  73      A354 CD64 
  73      B658 6D41 
  73      F660 4788 
  74 026b 1AE6 0E8F 		.ascii	"\032\346\016\217\210\214j\320\260\321c\217G7n\322\264\331\023"
  74      888C 6AD0 
  74      B0D1 638F 
  74      4737 6ED2 
  74      B4D9 13
  75 027e 4F36 6FD1 		.ascii	"O6o\321\262U\353\247\332\264}\372\231g\237\213i\327\276C\307"
  75      B255 EBA7 
  75      DAB4 7DFA 
  75      9967 9F8B 
  75      69D7 BE43 
  76 0293 4E9D 9FEF 		.ascii	"N\235\237\357\322\265\333\013\335{\364|\361\245l%G\331\246lW"
  76      D2B5 DB0B 
  76      DD7B F47C 
  76      F1A5 6C25 
  76      47D9 A66C 
  77 02a8 7295 1DCA 		.ascii	"r\225\035\312Ne\227\262[\331\243\354U\366)y\312~%_\021\206FY"
  77      4E65 97B2 
  77      5BD9 A3EC 
  77      55F6 2979 
  77      CA7E 255F 
  78 02c0 F314 F9EF 		.ascii	"\363\024\371\357i\005\262\001\246\354\341R;*Y\211`\371q\311\265"
  78      6905 B201 
  78      A6EC E152 
  78      3B2A 5989 
  78      60F9 71C9 
  79 02d5 5B67 EF16 		.ascii	"[g\357\026\300\360\263\372P\205\251\323'\235s\266Y\342\361\214"
  79      C0F0 B3FA 
  79      5085 A9D3 
  79      279D 73B6 
  79      59E2 F18C 
  80 02e9 F19C BF7C 		.ascii	"\361\234\277|\330\021\2734\033\3424E\251R\025\350\030\r\355\242"
  80      D811 BB34 
  80      1BE2 3445 
  80      A952 15E8 
  80      180D EDA2 
  81 02fd 051F 2C81 		.ascii	"\005\037,\2016\202sG\325\335lW\271\032\247\001\240\340\341\222"
  81      3682 7347 
  81      D5DD 6C57 
  81      B91A A701 
  81      A0E0 E192 
  82 0311 BCE4 602C 		.ascii	"\274\344`,\252\020*\212\t\313\013\212\203\265\347A\021\317\313"
  82      AA10 2A8A 
  82      09CB 0B8A 
  82      83B5 E741 
  82      11CF CB
  83 0324 269C 58E0 		.ascii	"&\234X\340j\275\buz6Gz\2648M\203\345\240\241\316e\020\rK!Z\021"
  83      6ABD 0875 
  83      7A36 477A 
  83      B438 4D83 
  83      E5A0 A1CE 
  84 033f 550A AC80 		.ascii	"U\n\254\200\326\202\273j\346\221B\273\366\nI~7\177\377\025`\311"
  84      D682 BB6A 
  84      E691 42BB 
  84      F60A 497E 
  84      377F FF15 
  85 0355 EC59 5BD4 		.ascii	"\354Y[\3248\017\2421Aj\240\260I\201\037Hx\336\302\224\301\332"
  85      380F A231 
  85      416A A0B0 
  85      4981 1F48 
  85      78DE C294 
  86 036b 5B24 3B7F 		.ascii	"[$;\177\301\246if!;I\310\316I\327X\326\f+\003e\315\n\254\202"
  86      C1A6 6966 
  86      213B 49C8 
  86      CE49 D758 
  86      D60C 2B03 
  87 0384 D628 317B 		.ascii	"\326(1{s\371^3\267\310&\212\033\213Wl\f\341\026e\343\353;cV\307"
  87      73F9 5E33 
  87      B7C8 268A 
  87      1B8B 576C 
  87      0CE1 1665 
  88 039e 8668 BF23 		.ascii	"\206h\277#\345\361[\027h-\277\367\210\177\331\233/\300hO\366"
  88      E5F1 5B17 
  88      682D BFF7 
  88      887F D99B 
  88      2FC0 684F 
  89 03b3 E866 719A 		.ascii	"\350fq\232\005\326\260\3624\241|5D\223\227\005\363\304\253\227"
  89      05D6 B0F2 
  89      34A1 7C35 
  89      4493 9705 
  89      F3C4 AB97 
  90 03c7 1283 B40F 		.ascii	"\022\203\264\017H\360RI\361\"\007J\nT\233\302<\336\227\205wa"
  90      48F0 5249 
  90      F122 074A 
  90      0A54 9BC2 
  90      3CDE 9785 
  91 03dd 1D8B E90E 		.ascii	"\035\213\351\016&!\303\237@\376\334pe\317N;\203\361\200(\037"
  91      2621 C39F 
  91      40FE DC70 
  91      65CF 4E3B 
  91      83F1 8028 
  92 03f2 9F97 73D3 		.ascii	"\237\227s\323\254}J:\223\026\236\276g\226h6\230I\247\0256\261"
  92      AC7D 4A3A 
  92      9316 9EBE 
  92      6796 6836 
  92      9849 A715 
  93 0408 CE8D 02CA 		.ascii	"\316\215\002\312\206j(\336\251ISL\332W$\226wa\341\252`\te]$\211"
  93      866A 28DE 
  93      A949 534C 
  93      DA57 2496 
  93      7761 E1AA 
  94 0422 D920 C3DF 		.ascii	"\331 \303\337=R\354\247ug\275.m<p\333\257\026\2345I\2715,\027"
  94      3D52 ECA7 
  94      7567 BD2E 
  94      6D3C 70DB 
  94      AF16 9C35 
  95 043b 0499 B5CA 		.ascii	"\004\231\265\312-^r\360\210Y\233\317rKJV\245\353r\253Y\316\016"
  95      2D5E 72F0 
  95      8859 9BCF 
  95      724B 4A56 
  95      A5EB 72AB 
  96 0452 59B5 CA2D 		.ascii	"Y\265\312-\27527\321\301\215\357*\212e\337\257\232\017\262'4"
  96      BD32 37D1 
  96      C18D EF2A 
  96      8A65 DFAF 
  96      9A0F B227 
  97 0467 1CA4 E3CF 		.ascii	"\034\244\343\317|o\323V\262\332\345\267\246\025;\205\332l\321"
  97      7C6F D356 
  97      B2DA E5B7 
  97      A615 3B85 
  97      DA6C D1
  98 047a FA79 DCFA 		.ascii	"\372y\334\372`\330\306js\204\332\354j\265\027\323*\247\207Xb"
  98      60D8 C66A 
  98      7384 DAEC 
  98      6AB5 17D3 
  98      2AA7 8758 
  99 048f D151 CD60 		.ascii	"\321Q\315`;\264\204\255\342\377\026\361\177\263\370\237.\376"
  99      3BB4 84AD 
  99      E2FF 16F1 
  99      7FB3 F89F 
  99      2EFE 
 100 04a1 AF17 FFD7 		.ascii	"\257\027\377\327BK\034\356b\234\347\202E$mW]\234Ba\311\374\324"
 100      424B 1CEE 
 100      629C E782 
 100      4524 6D57 
 100      5D9C 4261 
 101 04b8 A90E 2D9D 		.ascii	"\251\016-\235\201\314\27087\337&\333w\356\323X\036\023\n\354"
 101      81CC B838 
 101      37DF 26DB 
 101      77EE D358 
 101      1E13 0AEC 
 102 04cc 08EC 5CD8 		.ascii	"\b\354\\\330I\262\207bW\317\325\270\215&Q,\335?\373\222\223\333"
 102      49B2 8762 
 102      57CF D5B8 
 102      8D26 512C 
 102      DD3F FB92 
 103 04e2 D84C 1427 		.ascii	"\330L\024'\237\230S\001\332.\326\374\340\372\017{5\251\271\244"
 103      9F98 5301 
 103      DA2E D6FC 
 103      E0FA 0F7B 
 103      35A9 B9A4 
 104 04f6 3135 D101 		.ascii	"15\321\001{X\357n\321\304]\262\211\260\2274/\332\267=\313\251"
 104      7B58 EF6E 
 104      D1C4 5DB2 
 104      89B0 9734 
 104      2FDA B73D 
 105 050c 15B0 EC89 		.ascii	"\025\260\354\211o\023=f){fo\244\001k_\rXy$\354\313\177?Q\365"
 105      6F13 3D66 
 105      297B 666F 
 105      A401 6B5F 
 105      0D58 7924 
 106 0526 ACF6 D86A 		.ascii	"\254\366\330jg\337O\354\245\025w69\265\023l+\177\332\304\304"
 106      67DF 4FEC 
 106      A515 7736 
 106      39B5 136C 
 106      2B7F DAC4 
 107 053b 2029 7B7C 		.ascii	" ){|b\265\255\374\032\302\007Hx\311\241i\337\312\020\322V\024"
 107      62B5 ADFC 
 107      1AC2 0748 
 107      78C9 A169 
 107      DFCA 10D2 
 108 0551 B3A6 AD4A 		.ascii	"\263\246\255J\222\023\356 \206\224US\023\036X\265+\254\373\341"
 108      9213 EE20 
 108      8694 5553 
 108      131E 58B5 
 108      2BAC FBE1 
 109 0565 9DC2 4C97 		.ascii	"\235\302L\227\354\346\323\007\032\310)\027\002\207Y\367!\341"
 109      ECE6 D307 
 109      1AC8 2917 
 109      0287 59F7 
 109      21E1 
 110 0577 8683 BA1B 		.ascii	"\206\203\272\033\216\324h\311\314)Q\365\264\374(\361\357\312"
 110      8ED4 68C9 
 110      CC29 51F5 
 110      B4FC 28F1 
 110      EFCA 
 111 0589 BF93 E588 		.ascii	"\277\223\345\210\371\001GG(:X\f\204JU\216\234='\022\022\235Z"
 111      F901 4747 
 111      283A 580C 
 111      844A 558E 
 111      9C3D 2712 
 112 05a0 3943 397D 		.ascii	"9C9}e\305\001} \213\331\237\260 {\262P\354\204\002\377\036\201"
 112      65C5 017D 
 112      208B D99F 
 112      B020 7BB2 
 112      50EC 8402 
 113 05b7 6310 83DA 		.ascii	"c\020\203\332\217\327\255\035X\373\324\253\247\307\273\264\261"
 113      8FD7 AD1D 
 113      58FB D4AB 
 113      A7C7 BBB4 
 113      B1
 114 05c8 2A69 CFB9 		.ascii	"*i\317\271\264e\227\205\265{\022\263=\300\272O\006\350>\301\272"
 114      B465 9785 
 114      B57B 12B3 
 114      3DC0 BA4F 
 114      06E8 3EC1 
 115 05dd 4F41 CB55 		.ascii	"OA\313U\357f{\252\252\274\236\354d\363\205\326G\005B\214\243"
 115      EF66 7BAA 
 115      AABC 9EEC 
 115      64F3 85D6 
 115      4705 428C 
 116 05f2 2A51 8DC2 		.ascii	"*Q\215\302\"\007G\021\346\304\030\266\020\265*8\226mD\203\210"
 116      2207 4711 
 116      E6C4 18B6 
 116      10B5 2A38 
 116      966D 4483 
 117 0607 DA89 062B 		.ascii	"\332\211\006+8\276\035DC\210:\211\272"
 117      38BE 1D44 
 117      4388 3A89 
 117      BA
 118 0614 141C EFA1 		.string	"\024\034\357\241D\303\210\272\211\206\323\210\213\240\241\023I#\"\212\272\266\001\271\264
 118      44C3 88BA 
 118      8986 D388 
 118      8BA0 A113 
 118      4923 228A 
 119 0715 A14A C43A 		.string	"\241J\304:\347D\256\233D\fS\210NC\352\236Nt\006\325$\001\r\204Y@Xf\263\3469\2449\231\030\
 119      E744 AE9B 
 119      440C 5388 
 119      4E43 EA9E 
 119      4E74 06D5 
 120 07a6 943F B6D2 		.ascii	"\224?\266\322\344\337\232\274\365lp\373U8\371=\245b\031\022I"
 120      E4DF 9ABC 
 120      F56C 70FB 
 120      5538 F93D 
 120      A562 1912 
 121 07bb 39A5 6DB4 		.ascii	"9\245m\264\214.\345\361E\255F=\244\267\233\001\263\342ih/"
 121      8C2E E5F1 
 121      45AD 463D 
 121      A4B7 9B01 
 121      B3E2 6968 
 122 07d0 2677 218C 		.ascii	"&w!\214RP\327Z\251k\013\351\232\021\267\355\200\025\243d\220"
 122      5250 D75A 
 122      A96B 0BE9 
 122      9A11 B7ED 
 122      8015 A364 
 123 07e5 4072 46C4 		.ascii	"@rF\304\202+0\346~\302a3\262x\265\326\276"
 123      822B 30E6 
 123      7EC2 6133 
 123      B278 B5D6 
 123      BE
 124 07f6 1C66 0A28 		.string	"\034f\n(ww\355\035\353\230\017\311\243\331\272@\034\345\325Z\301Y\214\226\230-\212\306\25
 124      7777 ED1D 
 124      EB98 0FC9 
 124      A3D9 BA40 
 124      1CE5 D55A 
 125 08f7 3F51 1E2D 		.ascii	"?Q\036-\025\357g?\251\341\350\032w\337\022\270z\022\241\032\343"
 125      15EF 673F 
 125      A9E1 E81A 
 125      77DF 12B8 
 125      7A12 A11A 
 126 090c 1F2D 9284 		.ascii	"\037-\222\204\226\022\034{\355}{V\2539\366\276\022\210\036\367"
 126      9612 1C7B 
 126      ED7D 7B56 
 126      AB39 F6BE 
 126      1288 1EF7 
 127 0920 8AEC 5E8A 		.ascii	"\212\354^\212\006\240L\200\240\261\322\r\305Q\243P!Z\344\235"
 127      06A0 4C80 
 127      A0B1 D20D 
 127      C551 A350 
 127      215A E49D 
 128 0934 1B5F 705C 		.ascii	"\033_p\\c\225\035\220\275\035\367>2\2110+*\221iF\374)+\363t\364"
 128      6395 1D90 
 128      BD1D F73E 
 128      3289 302B 
 128      2A91 6946 
 129 094e 6AB8 80CA 		.ascii	"j\270\200\3128q\254\013\0326AU\225\006\267\241Z\350\007\024\352"
 129      3871 AC0B 
 129      1A36 4155 
 129      9506 B7A1 
 129      5AE8 0714 
 130 0963 8842 15AF 		.ascii	"\210B\025\257\013wvb\244\337\314\235\265B\216A\r\312\005\373"
 130      0B77 7662 
 130      A4DF CC9D 
 130      B542 8E41 
 130      0DCA 05FB 
 131 0977 6588 CB7E 		.ascii	"e\210\313~\020\302:;aSN\246\\3O\206\211\243E\223\263\217\305"
 131      10C2 3A3B 
 131      6153 4EA6 
 131      5C33 4F86 
 131      89A3 4593 
 132 098e 0B4E 81DA 		.ascii	"\013N\201\332\243\321\212\341g\230\214\253\360\2339\337\234\013"
 132      A3D1 8AE1 
 132      6798 8CAB 
 132      F09B 39DF 
 132      9C0B 
 133 09a0 D659 3689 		.ascii	"\326Y6\211Y\022M\316\363h\230\330\341\0163e\316\037\277L\372"
 133      5912 4DCE 
 133      F368 98D8 
 133      E10E 3365 
 133      CE1F BF4C 
 134 09b5 56A5 65F0 		.ascii	"V\245e\360\312}N]f.\311\334%\031Zs\336c\231\304\313\3536\273"
 134      CA7D 4E5D 
 134      662E C9DC 
 134      2519 5A73 
 134      DE63 99C4 
 135 09cd 74A6 4A40 		.ascii	"t\246J@\246rb\242>\373E0Q\017\231\224]6\255\bF\207\"j|I\275\265"
 135      A672 62A2 
 135      3EFB 4530 
 135      510F 9994 
 135      5D36 AD08 
 136 09e9 3349 4C25 		.ascii	"3IL%jFg\\O\234_S\032\314=\202n\332\360\260<Q\254\310\223A\366"
 136      6A46 675C 
 136      4F9C 5F53 
 136      1ACC 3D82 
 136      6EDA F0B0 
 137 0a04 C57D EA8B 		.ascii	"\305}\352\213\007\330\027B\270,!Oz\376y!\215.+\211\317\263pM"
 137      07D8 1742 
 137      B82C 214F 
 137      7AFE 7921 
 137      8D2E 2B89 
 138 0a1c 1751 2914 		.ascii	"\027Q)\024\024\307^>O\372\334\320\020*d\374\031W\321\210\231"
 138      14C7 5E3E 
 138      4FFA DCD0 
 138      102A 64FC 
 138      1957 D188 
 139 0a31 BAF9 7A56 		.ascii	"\272\371zV\003\\\255\347\335\252Xa\361\261\370\220,V\032\026"
 139      035C ADE7 
 139      DDAA 5861 
 139      F1B1 F890 
 139      2C56 1A16 
 140 0a45 0B65 3FBE 		.ascii	"\013e?\276 \244\331b\341c\\\323]T\372n\205\334\020\nUd\321{/"
 140      20A4 D962 
 140      E163 5CD3 
 140      5D54 FA6E 
 140      85DC 100A 
 141 0a5e 3E57 8AF5 		.ascii	">W\212\365 d\335\031F~\322A\331\364\027}=\257\221\347/\376\\"
 141      2064 DD19 
 141      467E D241 
 141      D9F4 177D 
 141      3DAF 91E7 
 142 0a75 991B E203 		.ascii	"\231\033\342\003\304\243\"\220\321\252\016\244H6\375%!\315@\212"
 142      C4A3 2290 
 142      D1AA 0EA4 
 142      4836 FD25 
 142      21CD 408A 
 143 0a89 64D3 5F16 		.ascii	"d\323_\026\225\276\033D7\330`\214\032\315b;\223\312%\333+\202"
 143      95BE 1B44 
 143      37D8 608C 
 143      1ACD 623B 
 143      93CA 25DB 
 144 0a9f 93C0 C9F2 		.ascii	"\223\300\311\362\253\204\356\025\035\332<Y\335\313w\302\211\265"
 144      AB84 EE15 
 144      1DDA 3C59 
 144      DDCB 77C2 
 144      89B5 
 145 0ab1 2FAE 6EAF 		.ascii	"/\256n\257{\327\233|\240y\tZ\254\032\350\243\336B\232\233\277"
 145      7BD7 9B7C 
 145      A079 095A 
 145      AC1A E8A3 
 145      DE42 9A9B 
 146 0ac6 33E9 8F5C 		.ascii	"3\351\217\\\365\032\331\351m\214\366\2758\217^\343)R\220\364"
 146      F51A D9E9 
 146      6D8C F6BD 
 146      388F 5EE3 
 146      2952 90F4 
 147 0ada 7B66 7A9D 		.ascii	"{fz\235\347\310\271\342Y\005A<I\036\210I\022\247\006L\222\327"
 147      E7C8 B9E2 
 147      5905 413C 
 147      491E 8849 
 147      12A7 064C 
 148 0af0 3999 9C6A 		.ascii	"9\231\234j\310R}p\345\233\222QA[\261\b0\343\246\370\320"
 148      C852 7D70 
 148      E59B 9251 
 148      415B B108 
 148      30E3 A6F8 
 149 0b05 BA59 3639 		.string	"\272Y69\241C%\330x\225\003\314\252\303cw\2339\b\206b\303\022\020\276\002c\325Q\376\363\26
 149      A143 25D8 
 149      7895 03CC 
 149      AAC3 6377 
 149      9B39 0886 
 150 0c06 2B26 3674 		.string	"+&6t"
 150      00
 151 0c0b 8573 9182 		.ascii	"\205s\221\202B\025\306\036.\013\204H\223\005\022\004#}t\345\364"
 151      4215 C61E 
 151      2E0B 8448 
 151      9305 1204 
 151      237D 74E5 
 152 0c20 519E BA3A 		.ascii	"Q\236\272:!\210\243z\005\3004\025\363\307J\317\275\033r\244u"
 152      2188 A37A 
 152      05C0 3415 
 152      F3C7 4ACF 
 152      BD1B 72A4 
 153 0c35 0D4C 2069 		.ascii	"\rL iS\365\004b\302\020>]\2458o\004g\205\202s\372\301\205\267"
 153      53F5 0462 
 153      C210 3E5D 
 153      A538 6F04 
 153      6785 8273 
 154 0c4d ADBA C406 		.ascii	"\255\272\304\006+\206\375\031*\206}3\312\314d\231q\367\217'\332"
 154      2B86 FD19 
 154      2A86 7D33 
 154      CACC 6499 
 154      71F7 8F27 
 155 0c62 5806 8FA9 		.ascii	"X\006\217\251\026/?:S\323e2\203Q&\211d,(3\213eR\026\377\362\223"
 155      162F 3F3A 
 155      53D3 6532 
 155      8351 2689 
 155      642C 2833 
 156 0c7d CA32 11A2 		.ascii	"\3122\021\242\230\232\222^\351\320e\262\310\316l\222\301\203"
 156      989A 925E 
 156      E9D0 65B2 
 156      C8CE 6C92 
 156      C183 
 157 0c8f 4098 C332 		.ascii	"@\230\3032\267S\217O\224y\253\241(Vn\236<\303\256\313\224\220"
 157      B753 8F4F 
 157      9479 ABA1 
 157      2856 6E9E 
 157      3CC3 AECB 
 158 0ca5 9DB9 2463 		.ascii	"\235\271$cC\231d\226\331U\262z\226\223eZ`~<\234|\331\260S@v\346"
 158      4399 6496 
 158      D955 B27A 
 158      9693 655A 
 158      607E 3C9C 
 159 0cc0 914C 10CA 		.ascii	"\221L\020\312\314g\231\365\373\262O\311D\374\024\236|lN\232h"
 159      CC67 99F5 
 159      FBB2 4FC9 
 159      44FC 149E 
 159      7C6C 4E9A 
 160 0cd5 A4BE 7B64 		.ascii	"\244\276{dg\001\311\330Q\346;\226\271^\264b\245\364\001\246\352"
 160      6701 C9D8 
 160      51E6 3B96 
 160      B95E B462 
 160      A5F4 01A6 
 161 0cea 1BF1 1797 		.ascii	"\033\361\027\227\031>8Kv\026\222L0\312|\3172;&\254\315\223\276"
 161      193E 384B 
 161      7616 924C 
 161      30CA 7CCF 
 161      323B 26AC 
 162 0d01 CEC5 3173 		.ascii	"\316\3051s\273\364\307\311A\272\320\035\022J!!\007\n-b\241\373"
 162      BBF4 C7C9 
 162      41BA D01D 
 162      124A 2121 
 162      070A 2D62 
 163 0d17 6B57 5E77 		.ascii	"kW^w\260\320Q\024\332;z\352\004\243O+Ih1\t\205\320\311(\013e"
 163      B0D0 5114 
 163      DA3B 7AEA 
 163      04A3 4F2B 
 163      4968 3109 
 164 0d31 2CDF 7EC1 		.ascii	",\337~\301\304BE(\264.q\311R\303\322\f;\n-%!'\n-\223\226"
 164      C442 4528 
 164      B42E 71C9 
 164      52C3 D20C 
 164      3B0A 2D25 
 165 0d4b E65E 2992 		.string	"\346^)\222\360\312Qhg\301il,\013\315#\241\345$\344B\241\025\262\217\026\315\235)\375@\307
 165      F0CA 5168 
 165      67C1 696C 
 165      2C0B CD23 
 165      A1E5 24E4 
 166 0e4c 9128 4D99 		.string	"\221(M\231i\253\305\337w\314\323\304\"\367}K\271\240\035\264\324U\3262\320D\2626\245\322\
 166      69AB C5DF 
 166      77CC D3C4 
 166      22F7 7D4B 
 166      B9A0 1DB4 
 167 0e7c D3F8 B475 		.ascii	"\323\370\264u\342m\177sy{\021\224-G;\372\256\316\035bW\225\245"
 167      E26D 7F73 
 167      797B 1194 
 167      2D47 3BFA 
 167      AECE 1D62 
 168 0e93 466B EB3A 		.ascii	"Fk\353:\213ph\023\261M\017\207\241h\372+\257\346\266\212\365"
 168      8B70 6813 
 168      B14D 0F87 
 168      A168 FA2B 
 168      AFE6 B68A 
 169 0ea8 794F DC9B 		.ascii	"yO\334\233Y3\037.\025\317\343\205\256\211b\343!\370\203t~\316"
 169      5933 1F2E 
 169      15CF E385 
 169      AE89 62E3 
 169      21F8 8374 
 170 0ebe 1F11 CA05 		.ascii	"\037\021\312\005\210=\345\2751\201B_\300n7\331\330\355>]\313"
 170      883D E5BD 
 170      3181 425F 
 170      C06E 37D9 
 170      D8ED 3E5D 
 171 0ed3 56E9 9FB8 		.ascii	"V\351\237\270S\332\252\342N)[\035\345\245\220\205\001\332.B\257"
 171      53DA AAE2 
 171      4E29 5B1D 
 171      E5A5 9085 
 171      01DA 2E42 
 172 0ee8 463B 81E2 		.ascii	"F;\201\3429v\016\250\007\204}\213\317F\n\304F*G\305} \345g\337"
 172      3976 0EA8 
 172      0784 7D8B 
 172      CF46 0AC4 
 172      462A 47C5 
 173 0f01 2D94 2D4E 		.ascii	"-\224-Nk\\\245R\324W`\233\212[(\222\346\215W\023\332lN\335\025"
 173      6B5C A552 
 173      D457 609B 
 173      8A5B 2892 
 173      E68D 5713 
 174 0f1a 4959 612B 		.ascii	"IYa+\206\375\003\274\232\016\366oW$\267kcb\375\355\252m\013H"
 174      86FD 03BC 
 174      9A0E F66F 
 174      5724 B76B 
 174      6362 FDED 
 175 0f32 EDDA 4EED 		.ascii	"\355\332N\355\312\365m\227\303h\327\316\344\337r\273\006r\263"
 175      CAF5 6D97 
 175      C368 D7CE 
 175      E4DF 72BB 
 175      0672 B3
 176 0f45 D697 DCBB 		.ascii	"\326\227\334\273\026\302\355*\022\351q\207Oz$\210\003I>\304\037"
 176      16C2 ED2A 
 176      12E9 7187 
 176      4F7A 2488 
 176      0349 3EC4 
 177 0f5a A199 73F1 		.ascii	"\241\231s\361\225\344\3032s\377\026S\230\250\233\001\022\262"
 177      95E4 C332 
 177      73FF 1653 
 177      98A8 9B01 
 177      12B2 
 178 0f6c D1E1 F69A 		.ascii	"\321\341\366\232\333\261\337\211\355X$\272e\247\032\260Al\n\273"
 178      DBB1 DF89 
 178      ED58 24BA 
 178      65A7 1AB0 
 178      416C 0ABB 
 179 0f80 54DC 209A 		.ascii	"T\334 \232\270aG&\211\2553\037]zF\305i\315`\267\032S\251\232"
 179      B861 4726 
 179      89AD 331F 
 179      5D7A 46C5 
 179      69CD 60B7 
 180 0f98 F9E5 A25B 		.ascii	"\371\345\242[\247\313-\362"
 180      A7CB 2DF2 
 181 0fa0 E51C BA9D 		.ascii	"\345\034\272\235\331\203o)\371\354Uc\004&B\356\364Gn%\224i\345"
 181      D983 6F29 
 181      F9EC 5563 
 181      0426 42EE 
 181      F447 6E25 
 182 0fb7 9343 24D0 		.ascii	"\223C$\320GF\266\257\036d\026\310C\333\326\232\310\346\003\216"
 182      4746 B6AF 
 182      1E64 16C8 
 182      43DB D69A 
 182      C8E6 038E 
 183 0fcb F9FD F896 		.ascii	"\371\375\370\226\366o\371\210,\234\220\271\374\221\0051\262;"
 183      F66F F988 
 183      2C9C 90B9 
 183      FC91 0531 
 183      B23B 
 184 0fdd BF1E D981 		.ascii	"\277\036\331\201z\221\035\254\027\331!|K\233\306\303\325\310"
 184      7A91 1DAC 
 184      17D9 217C 
 184      4B9B C6C3 
 184      D5C8 
 185 0fef 42FD 9105 		.ascii	"B\375\221\0053\262\212_\217\354H\275\310\216\242m["
 185      33B2 8A5F 
 185      8FEC 48BD 
 185      C88E A26D 
 185      5B
 186 1000 4D64 6984 		.string	"Mdi\204\354\230\341\263\202jda\376\310\034\214\254\362\327#;^/\262\023\365\";i\370\354T52
 186      EC98 E1B3 
 186      826A 6461 
 186      FEC8 1C8C 
 186      ACF2 D723 
 187 10b5 D564 4C3E 		.ascii	"\325dL>&\267R\203}tA]gwa\360#i\241E\340\r5\006s\324i\357_\253"
 187      26B7 5283 
 187      7D74 415D 
 187      6777 61F0 
 187      2369 A145 
 188 10d3 3518 113F 		.ascii	"5\030\021?L\244\370\233j\264\314<\r\224\333\212&R\373\004\300"
 188      4CA4 F89B 
 188      6AB4 CC3C 
 188      0D94 DB8A 
 188      2652 FB04 
 189 10e8 9C1E 75F3 		.ascii	"\234\036u\363X*"
 189      582A 
 190 10ee 66F2 86CA 		.string	"f\362\206\312\305 \215\333\267b\036\004\236\361\345\341\371^\t\235\357\335R\205\372\217\2
 190      C520 8DDB 
 190      B762 1E04 
 190      9EF1 E5E1 
 190      F95E 099D 
 191 11ef AB1E CF3B 		.string	"\253\036\317;\226\211C\254\261\022\246\221\202%3\344\251\036\202\177Xr\360!m\253\\`\207_\
 191      9689 43AC 
 191      B112 A691 
 191      8225 33E4 
 191      A91E 827F 
 192 121d 39A9 CE29 		.string	"9\251\316)WUw\237*p\277\332\005\017\260\377>\221G}R\373\bt\003\215\231\\y\22442P\375\234\
 192      5755 779F 
 192      2A70 BFDA 
 192      050F B0FF 
 192      3E91 477D 
 193 12bc 0F30 7F25 		.ascii	"\0170\177%\361\244\204\002B\202&|\374\005\216?\207WsF\t`\301"
 193      F1A4 8402 
 193      4282 267C 
 193      FC05 8E3F 
 193      8757 7346 
 194 12d3 D182 8C6C 		.ascii	"\321\202\214l\222w\362<\016\300f\376\361\334\"\207\363\fyP\343"
 194      9277 F23C 
 194      0EC0 66FE 
 194      F1DC 2287 
 194      F30C 7950 
 195 12e8 7EE8 73AE 		.ascii	"~\350s\256\353\002\033\214\325\364\321\370\004\256\326\211{Y"
 195      EB02 1B8C 
 195      D5F4 D1F8 
 195      04AE D689 
 195      7B59 
 196 12fa 0379 2D40 		.ascii	"\003y-@\247\360\374\366I\345%\034\253e\361gWV\312\324\360\245"
 196      A7F0 FCF6 
 196      49E5 251C 
 196      AB65 F167 
 196      5756 CAD4 
 197 1310 480D F280 		.ascii	"H\r\362\200\032\217\310\314\\\373/\361\242\356\321\373\247z\262"
 197      1A8F C8CC 
 197      5CFB 2FF1 
 197      A2EE D1FB 
 197      A77A B2
 198 1323 E537 5A1D 		.ascii	"\3457Z\035\331r*\3402|\234V\3732|>-\303\277\325\364e\370x\364"
 198      D972 2AE0 
 198      327C 9C56 
 198      FB32 7C3E 
 198      2DC3 BFD5 
 199 133c D0BF 0874 		.ascii	"\320\277\bts\271\001\231\021_\274\362K\206\367o\341\003#\n\225"
 199      73B9 0199 
 199      115F BCF2 
 199      4B86 F76F 
 199      E103 230A 
 200 1351 F015 9DA8 		.ascii	"\360\025\235\250\3456\224\313\226}\355\325\023o\256\211k\376"
 200      E536 94CB 
 200      967D EDD5 
 200      136F AE89 
 200      6BFE 
 201 1363 1398 064F 		.ascii	"\023\230\006O$\236\272\026\"G\177O\004\220\216z\276\246\245\343"
 201      249E BA16 
 201      2247 7F4F 
 201      0490 8E7A 
 201      BEA6 A5E3 
 202 1377 044D EC41 		.ascii	"\004M\354A\377C\bZ\370w\207\215vc\267\367E\223\351\343|\b\207"
 202      FF43 085A 
 202      F877 878D 
 202      7663 B7F7 
 202      4593 E9E3 
 203 138e 7C2D FDF9 		.ascii	"|-\375\371\354\304w?\230\330NU\263\265\362g\013\347\336]2W\366"
 203      ECC4 773F 
 203      98D8 4E55 
 203      B3B5 F267 
 203      0BE7 DE5D 
 204 13a5 AE9D 6E48 		.ascii	"\256\235nH\271\303Z+\3159=\234\3354\202\337\216\201_\221\037"
 204      B9C3 5A2B 
 204      CD39 3D9C 
 204      DD34 82DF 
 204      8E81 5F91 
 205 13ba 9E84 44EA 		.ascii	"\236\204D\352\2160%\360z\364\234\360ws\230\250\325q=\372O\274"
 205      8E30 25F0 
 205      7AF4 9CF0 
 205      7773 98A8 
 205      D571 3DFA 
 206 13d0 AA9D A4E1 		.ascii	"\252\235\244\341\\\237\254\351\351\241\204"
 206      5C9F ACE9 
 206      E9A1 84
 207 13db EF73 1103 		.string	"\357s\021\003\201{J\311\245i\233=?\261\211\220_xm\2147X\233\313_\204\254\232{c\207]~\0212
 207      817B 4AC9 
 207      A569 9B3D 
 207      3FB1 8990 
 207      5F78 6D8C 
 208 14dc 01B5 8DFD 		.ascii	"\001\265\215\375\\ zF)R\260\017\016\217;\233\301}\020\350\360"
 208      5C20 7A46 
 208      2952 B00F 
 208      0E8F 3B9B 
 208      C17D 10E8 
 209 14f1 4F95 BA71 		.ascii	"O\225\272q,\254\306\361=\006\035;\265\362Y%\001|[i\343Hr'#IF"
 209      2CAC C6F1 
 209      3D06 1D3B 
 209      B5F2 5925 
 209      017C 5B69 
 210 150c 97B1 50EF 		.ascii	"\227\261P\357\232\372/l\321V\323\242\002)d\221\316\002\027\241"
 210      9AFA 2F6C 
 210      D156 D3A2 
 210      0229 6491 
 210      CE02 17A1 
 211 1520 C5B1 C02E 		.ascii	"\305\261\300.<~\251=\353\036Wc|\237\204zB\356\342\272B\356d\013"
 211      3C7E A93D 
 211      EB1E 5763 
 211      7C9F 847A 
 211      42EE E2BA 
 212 1538 86DC 2575 		.ascii	"\206\334%u\204\334d\013F\274\245F\310]\246g\266V\277\256A\315"
 212      84DC 640B 
 212      46BC A546 
 212      C85D A667 
 212      B656 BFAE 
 213 154e 6039 0188 		.ascii	"`9\001\210\250\t\340k\264\260\302\260\220\212\255\035\007\334"
 213      A809 E06B 
 213      B4B0 C2B0 
 213      908A AD1D 
 213      07DC 
 214 1560 D757 937D 		.ascii	"\327W\223}\262\231\361\351\204Kt\366\017zg\3330\324\264\316,"
 214      B299 F1E9 
 214      844B 74F6 
 214      0F7A 67DB 
 214      30D4 B4CE 
 215 1575 C5CE B63E 		.ascii	"\305\316\266>\203\211\3619e;uuV\351\231\2512\205OAg\035\333w"
 215      8389 F139 
 215      653B 7575 
 215      56E9 99A9 
 215      3285 4F41 
 216 158d A1CA D63E 		.ascii	"\241\312\326>F\206p\031\323`%\335\315\213\026\265\256\255E\237"
 216      4686 7019 
 216      D360 25DD 
 216      CD8B 16B5 
 216      AEAD 459F 
 217 15a1 D6D3 A255 		.ascii	"\326\323\242Uu\265h\024\232X\215-\242\323\3224l\321\024\372$"
 217      75B5 6814 
 217      9A58 8D2D 
 217      A2D3 D234 
 217      6CD1 14FA 
 218 15b6 20FB 417E 		.ascii	" \373A~d`0\333_\275\033Y#\372N\024\215\017\025b\224\343\032o"
 218      6460 30DB 
 218      5FBD 1B59 
 218      23FA 4E14 
 218      8D0F 1562 
 219 15ce 63EE 6CFE 		.ascii	"c\356l\376=\276\365j\323D3#\351&\312\302\025\323\001+\341YJ\316"
 219      3DBE F56A 
 219      D344 3323 
 219      E926 CAC2 
 219      15D3 012B 
 220 15e6 59A2 5FA8 		.ascii	"Y\242_\250v\006\030\231+\306\310Y\323hz\303Z\331\342\013\321"
 220      7606 1899 
 220      2BC6 C859 
 220      D368 7AC3 
 220      5AD9 E20B 
 221 15fb C81B 90E1 		.ascii	"\310\033\220\341\3363\270\2473\367:Lq3\200/\277\2127g\002\033"
 221      DE33 B8A7 
 221      33F7 3A4C 
 221      7133 802F 
 221      BF8A 3767 
 222 1611 4842 1C46 		.ascii	"HB\034Fz\225\300\261\232\200\267S\346\230\344\314\240j:r<!\326"
 222      7A95 C0B1 
 222      9A80 B753 
 222      E698 E4CC 
 222      A06A 3A72 
 223 1628 E824 EBF6 		.ascii	"\350$\353\366\3221\262\350<\322\360\334&3\n\306\\\013\026\222"
 223      D231 B2E8 
 223      3CD2 F0DC 
 223      2633 0AC6 
 223      5C0B 1692 
 224 163c EDB9 F3F0 		.ascii	"\355\271\363\360\2461S\236$\316\002\356\377#\336\334\003\362"
 224      A631 539E 
 224      24CE 02EE 
 224      FF23 DEDC 
 224      03F2 
 225 164e B8B9 0A60 		.ascii	"\270\271\n`\275\026\220\331g\261\351\016\250@X;\351]1\2571+\360"
 225      BD16 90D9 
 225      67B1 E90E 
 225      A840 583B 
 225      E95D 31AF 
 226 1665 D011 AF0C 		.ascii	"\320\021\257\fm\035\225'\345R<\363\216\234\246\211\364\336w!"
 226      6D1D 9527 
 226      E552 3CF3 
 226      8E9C A689 
 226      F4DE 7721 
 227 1679 E810 0BC1 		.ascii	"\350\020\013\301\r>\006(\177'\312+\302r\271R\230\304j\353\234"
 227      0D3E 0628 
 227      7F27 CA2B 
 227      C272 B952 
 227      98C4 6AEB 
 228 168e DEF5 8D9D 		.ascii	"\336\365\215\235\215\365\216\235M\306\330I\307\2613\211[\326"
 228      8DF5 8E9D 
 228      4DC6 D849 
 228      C7B1 3389 
 228      5BD6 
 229 16a0 C97F 4910 		.ascii	"\311\177I\020%\217\247\347\325\262$\350\314\313!\021/\212\275"
 229      258F A7E7 
 229      D5B2 24E8 
 229      CCCB 2111 
 229      2F8A BD
 230 16b3 F286 7D76 		.ascii	"\362\206}v\215xA\031\246\271!\350\037\3612\252#\336f1\347\253"
 230      8D78 4119 
 230      A6B9 21E8 
 230      1FF1 32AA 
 230      23DE 6631 
 231 16c9 17F2 14E9 		.ascii	"\027\362\024\351f3\242\347\225\334p\376\220\2462\313\0218\256"
 231      6633 A2E7 
 231      95DC 70FE 
 231      90A6 32CB 
 231      1138 AE
 232 16dc 0F18 E35A 		.ascii	"\017\030\343Z\274\311\275]^\026\242\245q\336\2379\366\354\004"
 232      BCC9 BD5D 
 232      5E16 A2A5 
 232      71DE 9F39 
 232      F6EC 04
 233 16ef 55FF CE74 		.ascii	"U\377\316t\212\313\370\200u\213V\363sq?\225G\304\334\310\302"
 233      8ACB F880 
 233      758B 56F3 
 233      7371 3F95 
 233      47C4 DCC8 
 234 1704 DC9F 8927 		.ascii	"\334\237\211'\317\260\225F\257qm\330\202\256\r\327\335\213;\246"
 234      CFB0 9546 
 234      AF71 6DD8 
 234      82AE 0DD7 
 234      DD8B 3BA6 
 235 1718 1A37 A62D 		.ascii	"\0327\246-Q\206\263\344\302S?\372\334\2626\205\034m\024dc\024"
 235      5186 B3E4 
 235      C253 3FFA 
 235      DCB2 3685 
 235      1C6D 1464 
 236 172e 816D A2AD 		.ascii	"\201m\242\255\276\311\244E\2153e\024\300\300\272\235\370s5\375"
 236      BEC9 A445 
 236      8D33 6514 
 236      C0C0 BA9D 
 236      F873 35FD 
 237 1742 B6F8 EC56 		.ascii	"\266\370\354V\321\365[qL'\373\204z\306us\361\366\265N\331\253"
 237      D1F5 5B71 
 237      4C27 FB84 
 237      7AC6 7573 
 237      F1F6 B54E 
 238 1758 BFC3 5E3D 		.ascii	"\277\303^=\202_\306\322U\310\016\354\325d\220\247\213k\203j\227"
 238      825F C6D2 
 238      55C8 0EEC 
 238      D564 90A7 
 238      8B6B 836A 
 239 176d 0862 8906 		.ascii	"\bb\211\006(\261\223\263\016ui\345\332\020\266\271  \213\326"
 239      28B1 93B3 
 239      0E75 69E5 
 239      DA10 B6B9 
 239      2020 8BD6 
 240 1781 B533 D955 		.ascii	"\2653\331U\2753\331-\343\367\205\226\265\333T\330fC\344\335\203"
 240      BD33 D92D 
 240      E3F7 8596 
 240      B5DB 54D8 
 240      6643 E4DD 
 241 1796 3617 C848 		.ascii	"6\027\310H\\5\277\021\033\r\325C\257\350\377.\362\230%\2534\267"
 241      5C35 BF11 
 241      1B0D D543 
 241      AFE8 FF2E 
 241      F298 25AB 
 242 17ac 5C62 5A58 		.ascii	"\\bZXw\244\335\253G\332\347j\261\375\007:\317E\333\215\270\343"
 242      77A4 DDAB 
 242      47DA E76A 
 242      B1FD 073A 
 242      CF45 DB8D 
 243 17c2 AB8E E724 		.ascii	"\253\216\347$9}\017\347\367\371\244\250\214\364"
 243      397D 0FE7 
 243      F7F9 A4A8 
 243      8CF4 
 244 17d0 E967 EC7E 		.string	"\351g\354~\207\363y\306\224\331\217\260\027r\270\2359%*p\f\035\305a\271\225\306O>\036\022
 244      87F3 79C6 
 244      94D9 8FB0 
 244      1772 B89D 
 244      3925 2A70 
 245 1873 05D8 4B29 		.string	"\005\330K)MX"
 245      4D58 00
 246 187a 03EC 7E3D 		.string	"\003\354~=\300\366PJM\254\260`\317\024\0133,'\006#\244\242J\n\251\313\365/\224\314\314\22
 246      C0F6 504A 
 246      4DAC B060 
 246      CF14 0B33 
 246      2C27 0623 
 247 18d7 8EEA AB13 		.ascii	"\216\352\253\023\027\272\355\205\233\223\323\320\245\335\221"
 247      17BA ED85 
 247      9B93 D3D0 
 247      A5DD 91
 248 18e6 F480 32C8 		.ascii	"\364\2002\310\247f\276@\024+\227C\217\324\251\213\034\002\313"
 248      A766 BE40 
 248      142B 9743 
 248      8FD4 A98B 
 248      1C02 CB
 249 18f9 8B4A A619 		.ascii	"\213J\246\031G`\371\352\243\345\326Z<\360'c\212\342\251\b\034"
 249      4760 F9EA 
 249      A3E5 D65A 
 249      3CF0 2763 
 249      8AE2 A908 
 250 190e 132B FD4B 		.ascii	"\023+\375Kr\364\276\244\214u\312\023\251EM\252\201\335\316]z"
 250      72F4 BEA4 
 250      8C75 CA13 
 250      A945 4DAA 
 250      81DD CE5D 
 251 1923 DBC5 C026 		.ascii	"\333\305\300&\001\024\030s\367e\345\236\306\226\216=\212\245"
 251      0114 1873 
 251      F765 E59E 
 251      C696 8E3D 
 251      8AA5 
 252 1935 E3C2 923E 		.ascii	"\343\302\222>O"
 252      4F
 253 193a 5E51 26D9 		.string	"^Q&\331Y\264\340QDO\b\321\273R\364U\23112\322\216\027ud\220i`\210?\353/x\222\203\225\330\
 253      59B4 E051 
 253      444F 08D1 
 253      BB52 F455 
 253      9931 32D2 
 254 1a3b 9F09 702B 		.ascii	"\237\tp+\365\361o\352<\0350\301\255j\325\305\b4Kz\356l\256\f"
 254      F5F1 6FEA 
 254      3C1D 30C1 
 254      AD6A D5C5 
 254      0834 4B7A 
 255 1a53 B3D9 8F84 		.ascii	"\263\331\217\204Q\201\237HQ\023TT\242\311\353\211\017}T\224V"
 255      5181 9F48 
 255      5113 5454 
 255      A2C9 EB89 
 255      0F7D 5494 
 256 1a68 246F 0CE2 		.ascii	"$o\f\342\330\022\001\245Fh\351\245\224b\032\335VXz\266\\\243"
 256      D812 01A5 
 256      4668 E9A5 
 256      9462 1ADD 
 256      5658 7AB6 
 257 1a7e B0C9 3F5C 		.ascii	"\260\311?\\\232u>{\212\271\353\006\317Xa2D\2012\021H\221\275"
 257      9A75 3E7B 
 257      8AB9 EB06 
 257      CF58 6132 
 257      4481 3211 
 258 1a95 B772 D4CD 		.ascii	"\267r\324\315Y\267r\337l\351\305\034@\023\374\001_\247Z\332\037"
 258      59B7 72DF 
 258      6CE9 C51C 
 258      4013 FC01 
 258      5FA7 5ADA 
 259 1aaa 2A41 D382 		.ascii	"*A\323\202\314\177hy>\215\323Z\303m\202\336\264\346L\307L\020"
 259      CC7F 6879 
 259      3E8D D35A 
 259      C36D 82DE 
 259      B4E6 4CC7 
 260 1ac0 02E5 E897 		.ascii	"\002\345\350\227\034\356\300\237\351\2737\237uc\366\344#N\337"
 260      1CEE C09F 
 260      E9BB 379F 
 260      7563 F6E4 
 260      234E DF
 261 1ad3 A5E3 FA1F 		.ascii	"\245\343\372\037\227\2573U\033\016\201;b\351\310K\301\273\274"
 261      97AF 3355 
 261      1B0E 813B 
 261      62E9 C84B 
 261      C1BB BC
 262 1ae6 14F4 56C4 		.ascii	"\024\364V\304\027\344}\301\320sq%H\251\316\327_\271\200\337\245"
 262      17E4 7DC1 
 262      D073 7125 
 262      48A9 CED7 
 262      5FB9 80DF 
 263 1afb 4807 BDA6 		.ascii	"H\007\275\246\2543k\327 \326sL6w'\3248\f\177\252\nO\367\341\236"
 263      AC33 6BD7 
 263      20D6 734C 
 263      3677 27D4 
 263      380C 7FAA 
 264 1b14 469F E933 		.ascii	"F\237\3513\272\257%*Z\277\300/\232HymxyV\251\352\212|\356\306"
 264      BAAF 252A 
 264      5ABF C02F 
 264      9A48 796D 
 264      7879 56A9 
 265 1b2d 5E57 4EA9 		.ascii	"^WN\251\274\013\270\234\"{~\327#\366\374\375\352\236\177\300"
 265      BC0B B89C 
 265      227B 7ED7 
 265      23F6 FCFD 
 265      EA9E 7FC0 
 266 1b41 A373 467C 		.ascii	"\243sF|\221\211u\354\006\324\343swQ\313\360\034X\317\325EE\265"
 266      9189 75EC 
 266      06D4 E373 
 266      7751 CBF0 
 266      1C58 CFD5 
 267 1b58 EE87 D80D 		.ascii	"\356\207\330\r\2739\r\367\341a\260\255\320\\\367\220\251\024"
 267      BB39 0DF7 
 267      E161 B0AD 
 267      D05C F790 
 267      A914 
 268 1b6a 4386 1746 		.ascii	"C\206\027FY\225\026\334\005x\265}\002M\224\2610\022U\270\361"
 268      5995 16DC 
 268      0578 B57D 
 268      024D 94B1 
 268      3012 55B8 
 269 1b7f C06A 52FA 		.ascii	"\300jR\372\206\222\021\001>\271}\277\236\333\211)\3127\321\207"
 269      8692 1101 
 269      3EB9 7DBF 
 269      9EDB 8929 
 269      CA37 D187 
 270 1b93 D224 B9B0 		.ascii	"\322$\271\260\003X\357\234G\\\\Wi\306e\253\307$\357\242\242X"
 270      0358 EF9C 
 270      475C 5C57 
 270      69C6 65AB 
 270      C724 EFA2 
 271 1ba9 4514 6AE1 		.ascii	"E\024j\341u\200X\201}e\023H]}D\372\027\365=\261\260\017\372\334"
 271      7580 5881 
 271      7D65 1348 
 271      5D7D 44FA 
 271      17F5 3DB1 
 272 1bc1 EB52 2676 		.ascii	"\353R&v\310^m<`E>\364\301\003\214\276\312\372f\372wK&\t\221\216"
 272      C85E 6D3C 
 272      6045 3EF4 
 272      C103 8CBE 
 272      CAFA 66FA 
 273 1bdb 8647 EBE8 		.ascii	"\206G\353\350\251-+\374\326)a\212\317\345H\210\342s,\025$\013"
 273      A92D 2BFC 
 273      D629 618A 
 273      CFE5 4888 
 273      E273 2C15 
 274 1bf1 F4BD 8DD9 		.ascii	"\364\275\215\331\370\336s\033\360\007\237\336\355'\323\344\247"
 274      F8DE 731B 
 274      F007 9FDE 
 274      ED27 D3E4 
 274      A7
 275 1c02 760E 186D 		.ascii	"v\016\030m\222\303\366\366by\223\264\r\344\nC\264\302\214\237"
 275      92C3 F6F6 
 275      6279 93B4 
 275      0DE4 0A43 
 275      B4C2 8C9F 
 276 1c16 14D9 E7A6 		.ascii	"\024\331\347\246\3432m\240#\266\273pI\b~\200\344D\342B\022\212"
 276      E332 6DA0 
 276      23B6 BB70 
 276      4908 7E80 
 276      E444 E242 
 277 1c2c 240C 891B 		.ascii	"$\f\211\033I8\222\b$\221H\232\"i\216\244\005\222\226H: \351\214"
 277      4938 9208 
 277      2491 489A 
 277      2269 8EA4 
 277      0592 9648 
 278 1c44 E40D 2456 		.ascii	"\344\r$V$\355\221t\024\236\n\022\233\036\273(\330\035H\320\226"
 278      24ED 9174 
 278      149E 0A12 
 278      9B1E BB28 
 278      D81D 48D0 
 279 1c59 1D6D D9D1 		.ascii	"\035m\331\321\226\035m\331\321\226\035m\331\321\226\035m\331"
 279      961D 6DD9 
 279      D196 1D6D 
 279      D9D1 961D 
 279      6DD9 
 280 1c6b D196 1D6D 		.ascii	"\321\226\035m\331\321\226\035m\331\321\226\rm\315\206\316\205"
 280      D9D1 961D 
 280      6DD9 D196 
 280      0D6D CD86 
 280      CE85 
 281 1c7d 0FCE 6315 		.ascii	"\017\316c\025\332\263\243=\033\332\263\241\275\020\221\007\320"
 281      DAB3 A33D 
 281      1BDA B3A1 
 281      BD10 9107 
 281      D0
 282 1c8e 9E13 ED39 		.ascii	"\236\023\3559\321\236\023\3559\321\236\023\3559\321\236\023\355"
 282      D19E 13ED 
 282      39D1 9E13 
 282      ED39 D19E 
 282      13ED 
 283 1ca0 39D1 9E13 		.ascii	"9\321\236\023\3559\321\236\003\3559\321\236\023\3559\321\236"
 283      ED39 D19E 
 283      03ED 39D1 
 283      9E13 ED39 
 283      D19E 
 284 1cb2 13ED 39B1 		.ascii	"\023\3559\261mN\264\345D[N\264\345D[a^\315\215\266\334h\313\215"
 284      6D4E B4E5 
 284      445B 4EB4 
 284      E544 5B61 
 284      5ECD 8DB6 
 285 1cca B6DC 68CB 		.ascii	"\266\334h\313\215\266\334h\313\215\266\334h\313\215\266\334h"
 285      8DB6 DC68 
 285      CB8D B6DC 
 285      68CB 8DB6 
 285      DC68 
 286 1cdc CB8D B6DC 		.ascii	"\313\215\266\334h\353\337\315\013\317\224`\001\315\271\321\234"
 286      68EB DFCD 
 286      0BCF 9460 
 286      01CD B9D1 
 286      9C
 287 1ced 1BCD B9D1 		.ascii	"\033\315\271\321\\(\232s\243\271Y\320~\374/\330]n4\271\202N,"
 287      5C28 9A73 
 287      A3B9 59D0 
 287      7EFC 2FD8 
 287      5D6E 34B9 
 288 1d04 EC44 1D44 		.ascii	"\354D\035DC\210:\211\272\210\206\022\r#\352&\032N4\202h$\321"
 288      4388 3A89 
 288      BA88 8612 
 288      0D23 EA26 
 288      1A4E 3482 
 289 1d1b A644 B1B1 		.ascii	"\246D\261\261\341-\346\236+\242RK\242\035\210v\246\225\355\033"
 289      E12D E69E 
 289      2BA2 524B 
 289      A21D 8876 
 289      A695 ED1B 
 290 1d2f C05F D621 		.ascii	"\300_\326!\305V'B\307\274_nje0\032p\313`'\352 \032B\324I\324"
 290      C556 2742 
 290      C7BC 5F6E 
 290      6A65 301A 
 290      70CB 6027 
 291 1d4a 4534 9468 		.ascii	"E4\224h\030Q7\321p\242\021D#\2116%\332\234(z!\274e!\201\361\020"
 291      1851 37D1 
 291      70A2 1144 
 291      2389 3625 
 291      DA9C 287A 
 292 1d65 0C0F C1F0 		.ascii	"\f\017\301\360\020\f\017\301\360\020\f\017t\304I\366\2462;\224"
 292      100C 0FC1 
 292      F010 0C0F 
 292      74C4 49F6 
 292      A632 3B94 
 293 1d79 2E26 B64C 		.ascii	".&\266L5\356h(Dc]V\270~\037cT\035\f\327\217\232\214\025w?\234"
 293      35EE 6828 
 293      4463 5D56 
 293      B87E 1F63 
 293      541D 0CD7 
 294 1d94 A762 5AB4 		.ascii	"\247bZ\264\365j\360\246\320\f}\205\217\333x5\r\013\032\026\206"
 294      F56A F0A6 
 294      D00C 7D85 
 294      8FDB 7835 
 294      0D0B 1A16 
 295 1da9 8809 8705 		.ascii	"\210\t\207\0053\026\376.\246\"\026\202\2600TLR,\204`\341cT\371"
 295      3316 FE2E 
 295      A622 1682 
 295      B030 544C 
 295      522C 8460 
 296 1dc1 A698 9361 		.ascii	"\246\230\223aX\032\2166\337,\232\0038\305\261\202@\274Y\216\025"
 296      581A 8E36 
 296      DF2C 9A03 
 296      38C5 B182 
 296      40BC 598E 
 297 1dd6 A345 85B0 		.ascii	"\243E\205\260\374\226R\376$\370\004\006\217_`\230\350\027\030"
 297      FC96 52FE 
 297      24F8 0406 
 297      8F5F 6098 
 297      E817 18
 298 1de9 DCBE 81C1 		.ascii	"\334\276\201\301\351\033\030\354\276\201\301\342"
 298      E91B 18EC 
 298      BE81 C1E2 
 299 1df5 FB89 B81E 		.string	"\373\211\270\036u\350\023q\225S\314\306\355\300?\3053\371\236\225\230@\2011&\031\037T\257
 299      75E8 1371 
 299      9553 CCC6 
 299      EDC0 3FC5 
 299      33F9 9E95 
 300 1ef6 7E9A DF29 		.ascii	"~\232\337)\363\301\227x'\334\253p\346\327\370\331\375\333\205"
 300      F3C1 9778 
 300      27DC AB70 
 300      E6D7 F8D9 
 300      FDDB 85
 301 1f09 C9C3 D0B1 		.ascii	"\311\303\320\261\375+\222\007\213v\201h\221\360a\307\241C\376"
 301      FD2B 9207 
 301      8B76 8168 
 301      91F0 61C7 
 301      A143 FE
 302 1f1c 1A33 F4F3 		.ascii	"\0323\364\363\017\007\305\2745\360\365Wbz\217\030\362\305\340"
 302      0F07 C5BC 
 302      35F0 F557 
 302      627A 8F18 
 302      F2C5 E0
 303 1f2f 1123 6306 		.ascii	"\021#c\006\276\367jL\257\241\203F\216\214\3515|\330\260\341\037"
 303      BEF7 6A4C 
 303      AFA1 8346 
 303      8E8C E935 
 303      7CD8 B0E1 
 304 1f44 C7BC D1B7 		.ascii	"\307\274\321\267\367;\203F\214\034<\342\271\017\024\373\273\203"
 304      F73B 8346 
 304      8C1C 3CE2 
 304      B90F 14FB 
 304      BB83 
 305 1f56 3F19 3EE2 		.ascii	"?\031>\342\263\336\203>\033$\037\337\033\362\177\203\355\374"
 305      B3DE 833E 
 305      1B24 1FDF 
 305      1BF2 7F83 
 305      EDFC 
 306 1f68 1E6B 8307 		.ascii	"\036k\203\007\216\034\364\321\340\267\207|\374\366\240/C\350"
 306      8E1C F4D1 
 306      E0B7 877C 
 306      FCF6 A02F 
 306      43E8 
 307 1f7a F9AD 2123 		.ascii	"\371\255!#\211)\310(\205\366\372|\304\b\226\356\333\273\357\307"
 307      8929 C828 
 307      85F6 FA7C 
 307      C408 96EE 
 307      DBBB EFC7 
 308 1f8e 1F0E 7763 		.ascii	"\037\016wcE\257\341C\207\016\376\340\263!\303?~g"
 308      45AF E143 
 308      870E FEE0 
 308      B321 C33F 
 308      7E67 
 309 1fa0 D067 7F73 		.ascii	"\320g\177sb\325{\237\r\372l\360\373\203\376:t\260\275\3721D\340"
 309      62D5 7B9F 
 309      0DFA 6CF0 
 309      FB83 FE3A 
 309      74B0 BDFA 
 310 1fb7 91C2 9F0D 		.ascii	"\221\302\237\r\036\346\254~D\3630$\244\272\242\377\347\303B\372"
 310      1EE6 AC7E 
 310      44F3 3024 
 310      A4BA A2FF 
 310      E7C3 42FA 
 311 1fcb 0FFE 6775 		.ascii	"\017\376guE\270\017\270\026\342\317\220a\237\007\324\r\372\022"
 311      45B8 0FB8 
 311      16E2 CF90 
 311      619F 07D4 
 311      0DFA 12
 312 1fde EB22 447B 		.ascii	"\353\"D{\006\177\374\231?\242`\324\360\376\277>\021(>\372\177"
 312      067F FC99 
 312      3FA2 60D4 
 312      F0FE BF3E 
 312      1128 3EFA 
 313 1ff3 05CA 73D2 		.ascii	"\005\312s\322"
 314               		.text
 315               		.section	.gnu.lto_USB_GetHIDReportItemInfo.9d7cac76c10a6923,"",@progbits
 316 0000 789C 9556 		.string	"x\234\225V\177l\024E\024\2367\263?\356v\357\332\202i\201r4W\ri\320\350\022I \032\377\2016
 316      7F6C 1445 
 316      149E 37B3 
 316      3FEE 76EF 
 316      DA82 6981 
 317 00c2 1477 7DC0 		.string	"\024w}\300\326p\241\351\206\351\363[6\254\341\026\203$\300\370\270\220\225\336\340w9|\330
 317      D670 A1E9 
 317      86E9 F35B 
 317      36AC E116 
 317      8324 C0F8 
 318 0109 20E0 85E1 		.ascii	" \340\205\341\256\3556M9\344\340\264n\377\245k\266\230\017\f"
 318      AEED 364D 
 318      39E4 E0B4 
 318      6EFF A56B 
 318      B698 0F0C 
 319 011d C7FB 36F6 		.ascii	"\307\3736\366\177\222]\264\2338\335c\271\256\210\013\001\373"
 319      7F92 5DB4 
 319      9B38 DD63 
 319      B9AE 880B 
 319      01FB 
 320 012f 4110 E73E 		.ascii	"A\020\347>\b\301^\b1\f1\370\f\2120{\363\256\221M\272X(\221\375"
 320      08C1 5E08 
 320      310C 31F8 
 320      0C8A 307B 
 320      F3AE 914D 
 321 0148 DDDD 4D16 		.ascii	"\335\335M\026\"\353\253\335\344h\357\202\270K\325hp\340~\260"
 321      22EB ABDD 
 321      E468 EF82 
 321      B84B D568 
 321      70E0 7EB0 
 322 015c C6A0 098A 		.ascii	"\306\240\t\212\b\321S\323\334(TU\032N\257\237\337\366k\226\252"
 322      08D1 53D3 
 322      DC28 5455 
 322      1A4E AF9F 
 322      DFF6 6B96 
 323 0171 2A8C D3AD 		.ascii	"*\214\323\255\003[\206\204X\"\271\317\325\215\3355g\177JU%\033"
 323      035B 8684 
 323      5822 B9CF 
 323      D58D DD35 
 323      677F 4A55 
 324 0187 2E05 EBDC 		.ascii	".\005\353\334\344\332p\\\350\320\254\310\017!\371A\bIg0\373\304"
 324      E4DA 705C 
 324      E8D0 ACC8 
 324      0F21 F941 
 324      0849 6730 
 325 019d 9F0D 9678 		.ascii	"\237\r\226xM\002\177k:\273\336\360\200\233.q\267\331\365\305"
 325      4D02 7F6B 
 325      3ABB DEF0 
 325      809B 2E71 
 325      B7D9 F5C5 
 326 01b1 8501 87EF 		.ascii	"\205\001\207\357-\312\303\275"
 326      2DCA C3BD 
 327 01b9 3FF4 C791 		.string	"?\364\307\221,\361\272\004\336jK\355\310\366\200\365\223\300\317\377\0238\230\030k\b\0325
 327      2CF1 BA04 
 327      DE6A 4BED 
 327      C8F6 80F5 
 327      93C0 CFFF 
 328 02ba A5D8 2070 		.string	"\245\330 pi6\276<F(\241\255\347\264Wv\360\021\n1\340+Y\210\354\336\327(5\b\325\356\002I\3
 328      6936 BE3C 
 328      4628 A1AD 
 328      E7B4 5776 
 328      F011 0A31 
 329 03a5 BA22 F032 		.ascii	"\272\"\3602Eol\251B+L\206g:9\327\\\233\032(U\257\237\027\023"
 329      456F 6CA9 
 329      422B 4C86 
 329      673A 39D7 
 329      5C9B 1A28 
 330 03be 02E1 EB6F 		.ascii	"\002\341\353o\177\377\201\217\340\006\370\240S.\224X\243\241"
 330      7FFF 818F 
 330      E006 F8A0 
 330      532E 9458 
 330      A3A1 
 331 03d0 52A6 C588 		.ascii	"R\246\305\210$\217j\275m\251\320\364\1775n\232\327\270s\3248"
 331      248F 6ABD 
 331      6DA9 D0F4 
 331      7F35 6E9A 
 331      D7B8 73D4 
 332 03e5 B907 5E50 		.ascii	"\271\007^P\25130\233\330\356\324\216x|\371J\362l\347\226\275"
 332      A933 309B 
 332      D8EE D48E 
 332      787C F94A 
 332      F26C E796 
 333 03fa 0125 6942 		.ascii	"\001%iB\227\222L\327z\250\231\022\230/\201\036,\204Qx*t\317\252"
 333      9792 4CD7 
 333      7AA8 9912 
 333      982F 811E 
 333      2C84 5178 
 334 0412 08C1 9313 		.ascii	"\b\301\223\023\313\315\307:\236P\273\274\357\206\267\274g=\264"
 334      CBCD C73A 
 334      9E50 BBBC 
 334      EF86 B7BC 
 334      673D B4
 335 0425 B572 1BE7 		.ascii	"\265r\033\347\220i\347'\rM\311\376\306\376\362t\013bBC.\331r"
 335      9069 E727 
 335      0D4D C9FE 
 335      C6FE F274 
 335      0B62 4243 
 336 043c B8AF 4F0F 		.ascii	"\270\257O\017c\355\236d\375\216\032^ K\365O\364as\355\325\001"
 336      63ED 9E64 
 336      FD8E 1A5E 
 336      204B F54F 
 336      F461 73ED 
 337 0452 6F05 8795 		.ascii	"o\005\207\225)\377lX\0037l\017L\256h\271\303\303T\327p\355\265"
 337      29FF 6C58 
 337      0337 6C0F 
 337      4CAE 68B9 
 337      C3C3 54D7 
 338 0469 81F9 0A54 		.ascii	"\201\371\nT\210\245\221%\023I\tJ*\224\032\026\303\017\266\267"
 338      88A5 9125 
 338      1349 094A 
 338      2A94 1A16 
 338      C30F B6B7 
 339 047d EE65 5863 		.ascii	"\356eXcj\"\211\2047\221G\022g\262\224\261\313\313\024k.\206\260"
 339      6A22 8984 
 339      3791 4712 
 339      67B2 94B1 
 339      CBCB 146B 
 340 0494 94B6 FEBE 		.ascii	"\224\266\376\276\005\252\022\374\274\303\205\214Z$*W5b\271\302"
 340      05AA 12FC 
 340      BCC3 858C 
 340      5A24 2A57 
 340      3562 B9C2 
 341 04a8 F0CC 2588 		.ascii	"\360\314%\210\337\025\350U\347@\0328\236y\306\206D9\"\374wZ\022"
 341      DF15 E855 
 341      E740 1A38 
 341      9E79 C686 
 341      4439 22FC 
 342 04bf 9006 8147 		.ascii	"\220\006\201G\225\321H\221\260\277\253\265*\r\032\035M\306\001"
 342      95D1 4891 
 342      B0BF ABB5 
 342      2A0D 1A1D 
 342      4DC6 01
 343 04d2 8A14 FA2F 		.ascii	"\212\024\372/\266\002\226o\323\t\377;\325\030\023\272\344\321"
 343      B602 966F 
 343      D309 FF3B 
 343      D518 13BA 
 343      E4D1 
 344 04e4 3315 F03F 		.ascii	"3\025\360?#\270\b!~e'\320]\273\223x7\323<\206\346\365A\310\332"
 344      23B8 0821 
 344      7E65 27D0 
 344      5DBB 9378 
 344      37D3 3C86 
 345 04fd 7024 821F 		.ascii	"p$\202\037\r@.<3\347\255\\\261\334YY\365f\231\263d\351\213\013"
 345      0D40 2E3C 
 345      33E7 AD5C 
 345      B1DC 5959 
 345      F566 99B3 
 346 0515 9D92 E88A 		.ascii	"\235\222\350\212\367\"\321\ng\351\253\213\234\342\225e\025\025"
 346      F722 D10A 
 346      67E9 AB8B 
 346      9CE2 9565 
 346      1515 
 347 0527 4EF1 EAF2 		.ascii	"N\361\352\362\362\325\253\234\227\026\227\274R\026\255\210D\237"
 347      F2D5 AB9C 
 347      9716 97BC 
 347      5216 AD88 
 347      449F 
 348 0539 7983 59A5 		.ascii	"y\203Y\245\221wVG+K\312*\313\274\341\342\312H\271\271hE\345\313"
 348      9177 5647 
 348      2B4B CA2A 
 348      CBBC E1E2 
 348      CA48 B9B9 
 349 0551 6515 6F5B 		.ascii	"e\025o[\305U\321hdU%NmJ\301{Ei\244\374o\021\227\321\320"
 349      C555 D168 
 349      6455 254E 
 349      6D4A C17B 
 349      4569 A4FC 
 350               		.text
 351               		.section	.gnu.lto_USB_SetHIDReportItemInfo.9d7cac76c10a6923,"",@progbits
 352 0000 789C 9555 		.string	"x\234\225U\177LUU\034?\337{\356}\367\276\373~ \216_\"\277\035c\256\325k\265\311\252\255Mq
 352      7F4C 5555 
 352      1C3F DF7B 
 352      EE7D F7BE 
 352      FB7E 208E 
 353 007d 63A5 86A2 		.string	"c\245\206\242\230\177\351\3142\371\301n\306,7W\324=\0318\325ht\253\240I/\r\234\362\303\24
 353      987F E9CC 
 353      32F9 C16E 
 353      C62C 3757 
 353      D43D 1938 
 354 00ba DBAD 7055 		.ascii	"\333\255pUs\350\206\323\204\335\212\223A\b`i\211\013e\177*w\024"
 354      73E8 86D3 
 354      84DD 8A93 
 354      4108 6069 
 354      890B 657F 
 355 00d1 E8AA 9C68 		.ascii	"\350\252\234hU6\036\263\360\371\351\372\364cV}\b\202\270\274"
 355      5536 1EB3 
 355      F0F9 E9FA 
 355      F463 567D 
 355      0882 B8BC 
 356 00e5 A4        		.ascii	"\244"
 357 00e6 48F5 700C 		.string	"H\365p\f6\242\327\305\245\233\241\210y%\310\001\b\364\355L\377!\027M\025X\203\323\312\023
 357      36A2 D7C5 
 357      A59B A188 
 357      7925 C801 
 357      08F4 ED4C 
 358 01e7 22A1 488C 		.string	"\"\241H\214.\230\\t\302,\241\233\023(W.\314\232\356\026\213\036\261\350%C\004\020&R \327\
 358      2E98 5C74 
 358      C22C A19B 
 358      1328 572E 
 358      CC9A EE16 
 359 026f 8673 238D 		.string	"\206s#\215\304\341\362\321ke'u\337\303A\356\201/\3400,*vV\277\253\262>\004_#\201\254+\330
 359      C4E1 F2D1 
 359      6B65 2775 
 359      DFC3 41EE 
 359      812F E030 
 360 02de 7420 A148 		.string	"t \241H\303D\320\216\356\r\213\016\367\013\353\205/EX:\336p\036\303b\342\177\b\304\25404M
 360      C344 D08E 
 360      EE0D 8B0E 
 360      F70B EB85 
 360      2F45 583A 
 361 039c 5791 4856 		.string	"W\221HV)\336\266\205\247^\303*\365.WIg\335\033PD\240\271\242{\354i\351\035\033\340\034\00
 361      29DE B685 
 361      A75E C32A 
 361      F52E 5749 
 361      67DD 1B50 
 362 0404 0F25 A0AB 		.ascii	"\017%\240\253<bw\205$\242\235\334\376\266\231\222\004}bx\270"
 362      3C62 7785 
 362      24A2 9DDC 
 362      FEB6 9992 
 362      047D 6278 
 363 0419 64B4 8A4A 		.ascii	"d\264\212J\302=\205\\\255\362\262\350\270d\221\026\303.N\240"
 363      C23D 855C 
 363      ADF2 B2E8 
 363      B864 9116 
 363      C32E 4EA0 
 364 042d A662 68EC 		.ascii	"\246bh\354II\223*5.\237)\007\236\251\001XiFq\bS\245\344\261\261"
 364      4949 932A 
 364      352E 9F29 
 364      079E A901 
 364      5869 4671 
 365 0447 4D12 9486 		.ascii	"M\022\224\206\345@\331\313N-\344\224&b8\031\376\235\332-+\314"
 365      E540 D9CB 
 365      4E2D E494 
 365      2662 3819 
 365      FE9D DA2D 
 366 045d 2A93 1341 		.ascii	"*\223\023A\304\355\211\2705\024&\244L\377\370\222d\215B\023J"
 366      C4ED 89B8 
 366      3514 26A4 
 366      4CFF F892 
 366      648D 4213 
 367 0472 691B F93E 		.ascii	"i\033\371>S*\301\177_\030\f\323\"PQ\262\tvJ\214\022\336\004x"
 367      532A C17F 
 367      5F18 0CD3 
 367      2250 51B2 
 367      0976 4A8C 
 368 048a F5C3 37B2 		.ascii	"\365\3037\262\t\346@\301kI\253k-@\204q\265\275\005\346\200\343"
 368      09E6 40C1 
 368      6B49 AB6B 
 368      2D40 8471 
 368      B5BD 05E6 
 369 04a0 6DA2 3590 		.ascii	"m\2425\220%\325h\350(\231\003\225n\017\355\034Y\322\214\323\035"
 369      25D5 68E8 
 369      2899 0395 
 369      6E0F ED1C 
 369      59D2 8CD3 
 370 04b5 80F2 4DBA 		.ascii	"\200\362M\272\204'I\243xf\360\n\234\324\361nz<?o\247/\277\344"
 370      8427 49A3 
 370      7866 F00A 
 370      9CD4 F16E 
 370      7A3C 3F6F 
 371 04cd B51C DFF6 		.ascii	"\265\034\337\366\035\317l\366m\365\347\275\225\353/\362\355x"
 371      1DCF 6CF6 
 371      6DF5 E7BD 
 371      95EB 2FF2 
 371      ED78 
 372 04df 618B 2F2B 		.ascii	"a\213/+?\247\250\310\227UXPP\270\313\367\354\266\255\317\347"
 372      3FA7 A8C8 
 372      9755 5850 
 372      50B8 CBF7 
 372      ECB6 ADCF 
 373 04f4 F88B 72FD 		.ascii	"\370\213r\375\217\274\312\314\354\3347\013\375\305[s\212s\354"
 373      8FBC CACC 
 373      ECDC 370B 
 373      FDC5 5B73 
 373      8A73 EC
 374 0507 CF6D C5B9 		.ascii	"\317m\305\271\005\372\226\274\342\347r\212\3360\263J\374\376"
 374      05FA 96BC 
 374      E2E7 728A 
 374      DE30 B34A 
 374      FCFE 
 375 0519 DC5D C538 		.ascii	"\334]\3058u\221\013\276\213\262s\013\376\005\363h\236\255"
 375      7591 0BBE 
 375      8BB2 730B 
 375      FE05 F368 
 375      9EAD 
 376               		.text
 377               		.section	.gnu.lto_USB_GetHIDReportSize.9d7cac76c10a6923,"",@progbits
 378 0000 789C 7D54 		.ascii	"x\234}T]lTE\024\2363s\377w\273\333\027\242!\215\341\245ix\220"
 378      5D6C 5445 
 378      149E 3373 
 378      FF77 BBDB 
 378      17A2 218D 
 379 0019 4B43 62C2 		.ascii	"KCb\302#\320\0301>\230\326\306\347\325\254\311&\305\342n5\312"
 379      23D0 1831 
 379      3E98 D6C6 
 379      E7D5 ACC9 
 379      26C5 E26E 
 380 002f 0BD3 BDDD 		.ascii	"\013\323\275\335\326_\002\t\266(\301\372\007\264\n\264\025\n"
 380      D65F 0209 
 380      B628 C1FA 
 380      07B4 0AB4 
 380      150A 
 381 0041 B896 B26D 		.ascii	"\270\226\262m\241\215\245\322TJJj\264\322\0244M4\335*\226\200"
 381      A18D A5D2 
 381      544A 4A6A 
 381      B4D2 1434 
 381      4D34 DD2A 
 382 0057 763D 6766 		.ascii	"v=gfM\326\032\234\334\23793\337w\346;?\367\032\f\030\215z\223"
 382      4DD6 1A9C 
 382      DC9F 3933 
 382      DF77 E63B 
 382      3FF7 1A0C 
 383 006f B138 BEF7 		.ascii	"\2618\276\367\340\r\036\003\276\377*c\315\016\007GO\0047\206"
 383      E00D 1E03 
 383      BEFF 2A63 
 383      CD0E 0747 
 383      4F04 3786 
 384 0083 0593 9E7D 		.ascii	"\005\223\236}u\2341\0316\2705\360\b\232\346\264\217\226\t\226"
 384      759C 3119 
 384      36B8 35F0 
 384      089A E6B4 
 384      8F96 0996 
 385 0097 4659 E0EA 		.ascii	"FY\340\352\211\255yC\216\303E0\206\f\317}\307F\244\013@\353\322"
 385      89AD 7943 
 385      8EC3 4530 
 385      860C CF7D 
 385      C746 A40B 
 386 00ae 01B6 970B 		.ascii	"\001\266\227\013\303\264l\307\205\275\334az\334\341\177q\270"
 386      C3B4 6CC7 
 386      85BD DC61 
 386      7ADC E17F 
 386      71B8 
 387 00c0 5C58 C945 		.ascii	"\\X\311E\177\347\031\201*\320\374vi\342H\210L\200r4O\254\234"
 387      7FE7 1981 
 387      2AD0 FC76 
 387      69E2 4888 
 387      4C80 7234 
 388 00d7 BE6E 6C3C 		.ascii	"\276nl<.eZ\376x\353~\355\224\314<\234\021\234\0258\203.\250\200"
 388      2E65 5AFE 
 388      78EB 7EED 
 388      94CC 3C9C 
 388      119C 1538 
 389 00ef E350 4111 		.ascii	"\343PA\021t\303F\304~\360\361\247q\361\0300\234v~x\376\240Yu"
 389      74C3 46C4 
 389      7EF0 F1A7 
 389      71F1 1830 
 389      9C76 7E78 
 390 0107 54EE 4F4B 		.ascii	"T\356OK9\267N\212\214\020\360\031\210R\032.1\370\034\252\020"
 390      39B7 4E8A 
 390      8C10 F019 
 390      8852 1A2E 
 390      31F8 1CAA 
 391 011c 3D32 712B 		.ascii	"=2q+\033\021\333\024s\366\332\341"
 391      1B11 DB14 
 391      73F6 DAE1 
 392 0128 9FB8 66E6 		.string	"\237\270f\346\3623\233Zd\0162\302\200\023\232\274\245\0026\023\325`pRQ\263ot_\210\210'\02
 392      F233 9B5A 
 392      640E 32C2 
 392      8013 9ABC 
 392      A502 3613 
 393 0229 23B4 AD6D 		.ascii	"#\264\255m\274L\262\007?\212\350\005\267\364 \241\262\26726\376"
 393      BC4C B207 
 393      3F8A E805 
 393      B7F4 20A1 
 393      B2B7 3236 
 394 023e 7AB8 138E 		.ascii	"z\270\023\2164\223\313N\3000\334@8p\236\024P\221\026\322\247"
 394      3493 CB4E 
 394      C030 DC40 
 394      3870 9E14 
 394      5091 16D2 
 395 0253 6CFF D18C 		.ascii	"l\377\321\214\360\340K\350\204U\252!\255\037<|\266\315\255\356"
 395      F0E0 4BE8 
 395      8455 AA21 
 395      AD1F 3C7C 
 395      B6CD ADEE 
 396 0267 2192 FC1E 		.ascii	"!\222\374\036\273'\004Y\360QAq{\372\217\351\356\250\177Rm\377"
 396      BB27 0459 
 396      F051 4171 
 396      7BFA 8FE9 
 396      EEA8 7F52 
 397 027d 86DB 61F8 		.ascii	"\206\333a\370\n\252W9\350\335\333\371\241Q^$\367YT\253\001\""
 397      0AAA 5739 
 397      E8DD DBF9 
 397      A151 5E24 
 397      F759 54AB 
 398 0293 5BAA 4417 		.ascii	"[\252D\027\240\232a\342\344V\222L!\242l\n\"\233/\364\273:\fo"
 398      A09A 61E2 
 398      E456 924C 
 398      21A2 6C0A 
 398      229B 2FF4 
 399 02ab ADEE BAFF 		.ascii	"\255\356\272\377\221=\370 \331\007\224\354\213\017\222\335\001"
 399      913D F820 
 399      D907 94EC 
 399      8B0F 92DD 
 399      01
 400 02bc 548B 1CC9 		.ascii	"T\213\034\311V\215;\004>\273\t-\263\301\372\242\210@\204TS\345"
 400      568D 3B04 
 400      3EBB 092D 
 400      B3C1 FAA2 
 400      8840 8454 
 401 02d2 B167 DE13 		.ascii	"\261g\336\023X\245\240\267u\364\347W\365n\231N\366\233\367f\366"
 401      58A5 A0B7 
 401      75F4 E757 
 401      F56E 994E 
 401      F69B F766 
 402 02e7 3994 6CFC 		.ascii	"9\224l\374\353\3000\212C\324\237\255\013\226\006E4\350\353\361"
 402      EBC0 308A 
 402      43D4 9FAD 
 402      0B96 0645 
 402      34E8 EBF1 
 403 02fb 8EAE B006 		.ascii	"\216\256\260\006\3310\202 <\346\273\340\030/\202Jk\206\031\204"
 403      D930 8220 
 403      3CE6 BBE0 
 403      182F 824A 
 403      6B86 1984 
 404 030f 4BC5 665E 		.ascii	"K\305f^\342&\273\007\"\317\255\342\361\355\255\013\2409\321@"
 404      E226 BB07 
 404      22CF ADE2 
 404      F1ED AD0B 
 404      A039 D140 
 405 0323 08D4 C0D8 		.ascii	"\b\324\300\3302\b\244\367\267M\364y\232\016p\031*\214C.y1I\273"
 405      3208 A4F7 
 405      B74D F479 
 405      9A0E 7019 
 405      2A8C 432E 
 406 033b CD16 4798 		.ascii	"\315\026G\230f\37707\b\324N\201\bc#\225\362\360{\200Q<v\036\370"
 406      66FF 3037 
 406      08D4 4E81 
 406      0863 2395 
 406      F2F0 7B80 
 407 0354 3F2D 8B20 		.ascii	"?-\213 \025\273\303\360\357G\235^\316\3642\220\374\311\300\323"
 407      15BB C3F0 
 407      EF47 9D5E 
 407      CEF4 3290 
 407      FCC9 C0D3 
 408 0368 9EC8 4DFB 		.ascii	"\236\310M\3737\007\262\226v\343\302\230V\277\214\036\261\313"
 408      3707 B296 
 408      76E3 C298 
 408      56BF 8C1E 
 408      B1CB 
 409 037a F95D D419 		.ascii	"\371]\324\031\266\357\206\320\223K\237\314\"9\n\350SB\b\307H"
 409      B6EF 86D0 
 409      934B 9FCC 
 409      2239 0AE8 
 409      5342 08C7 
 410 038f ACB7 A75E 		.ascii	"\254\267\247^\"\261\316\300T\034C\006\004\341\346\226\206\304"
 410      22B1 CEC0 
 410      541C 4306 
 410      04E1 E696 
 410      86C4 
 411 03a1 737E C3CB 		.ascii	"s~\303\313/\304\374\247\352\037\337\346\327$\023\257\304\223"
 411      2FC4 FCA7 
 411      EA1F DFE6 
 411      D724 13AF 
 411      C493 
 412 03b3 29BF BE6E 		.ascii	")\277\276n\273\277\243!\226J\371;\032w\355j|\321\177bg\315\323"
 412      BBBF A321 
 412      964A F93B 
 412      1A77 ED6A 
 412      7CD1 7F62 
 413 03ca B164 2A9E 		.ascii	"\261d*\236\334\364<\363\364\254&\326\024sj\343\273\033\223M;"
 413      DCF4 3CF3 
 413      F4AC 26D6 
 413      1473 6AE3 
 413      BB1B 934D 
 414 03df 6B3C 3D79 		.ascii	"k<=y\346\265\335qHD\264Q\227\330\023\337\236hJ\375\r_=\332k"
 414      E6B5 DD71 
 414      4844 B451 
 414      97D8 13DF 
 414      9E68 4AFD 
 415               		.text
 416               		.section	.gnu.lto_.symbol_nodes.9d7cac76c10a6923,"",@progbits
 417 0000 789C 6361 		.string	"x\234ca`dX\301"
 417      6064 58C1 
 417      00
 418 0009 044C 02F5 		.string	"\004L\002\365\f\f\023\31610"
 418      0C0C 13CE 
 418      3130 00
 419 0014 A959 0D8A 		.string	"\251Y\r\212@\001\301zFT\001\241z&T\001\341zf\024\001F\261z\026\260"
 419      4001 C17A 
 419      4654 01A1 
 419      7A26 5401 
 419      E17A 6614 
 420 002f 0343 4383 		.string	"\003CC\203\002\220/R\317\212\302\027\257gC\34633\2602\264\264\275\221\007\321K\240\364\02
 420      0290 2F52 
 420      CF8A C217 
 420      AF67 43E6 
 420      3333 B032 
 421 0067 4C68 278B 		.ascii	"Lh'\213"
 422               		.text
 423               		.section	.gnu.lto_.refs.9d7cac76c10a6923,"",@progbits
 424 0000 789C 6361 		.string	"x\234ca`\004B "
 424      6004 4220 
 424      00
 425 0009 00        		.string	""
 426 000a 00        		.string	""
 427 000b 3900      		.string	"9"
 428 000d 07        		.ascii	"\007"
 429               		.text
 430               		.section	.gnu.lto_.decls.9d7cac76c10a6923,"",@progbits
 431 0000 789C 9559 		.string	"x\234\225YyTTW\232\257\373nm\024\005\030\324t\3164=\307\3560\t\247{FL\322='\371\243O'j'\2
 431      7954 5457 
 431      9AAF FB6E 
 431      6D14 0518 
 431      D474 CE34 
 432 00dd F937 905F 		.string	"\3717\220_\201d\201D\200\374\027b\366\027\300\365\030\310S\270\037"
 432      8164 8144 
 432      80FC 1762 
 432      F617 C0F5 
 432      18C8 53B8 
 433 00f3 B902 F23E 		.string	"\271\002\362>\264_\301\265\f\256KA\376\005\344C\220r\220\357@\226\301X=H\035\310\347\320^
 433      B45F C1B5 
 433      0CAE 4B41 
 433      FE05 E443 
 433      9072 90EF 
 434 0124 3204 9200 		.string	"2\004\222"
 435 0128 9844 9095 		.ascii	"\230D\220\225\304f\220\325 \223\320?\0032\r\322\007\242\203>"
 435      C466 90D5 
 435      2093 D03F 
 435      0332 0DD2 
 435      07A2 833E 
 436 013c 7710 3D88 		.ascii	"w\020=\210\007\210\026\344\035\2207@\376\003\3443\220\337\203"
 436      0788 16E4 
 436      1D90 3740 
 436      FE03 E433 
 436      90DF 83
 437 014f 28B9 DF44 		.ascii	"(\271\337D\237\022\377\376\004\372N\300\265\002\244\022\244\n"
 437      9F12 FFFE 
 437      04FA 4EC0 
 437      B502 A412 
 437      A40A 
 438 0161 A41A E424 		.ascii	"\244\032\344$\310)\220\032\220\323 \265 u V\220z\220\006\220"
 438      C829 901A 
 438      90D3 20B5 
 438      2075 2056 
 438      907A 9006 
 439 0176 33C4 CF20 		.ascii	"3\304\317 \215 M \315 - \255 \347@\316;\304\215\304\326\203\373"
 439      8D20 4D20 
 439      CD20 2D20 
 439      AD20 E740 
 439      CE3B C48D 
 440 018e 5B1E B337 		.ascii	"[\036\2637y\\zyL\336\345qY\307c\365\224\307\231\370_\255`\034"
 440      795C 7A79 
 440      4CDE E571 
 440      59C7 63F5 
 440      94C7 99F8 
 441 01a6 896F DEE0 		.ascii	"\211o\336\340\234]@\334@\020\237\303\361\027\310\347\335(\313"
 441      9C5D 40DC 
 441      4010 9FC3 
 441      F117 C8E7 
 441      DD28 CB
 442 01b9 956F BE67 		.ascii	"\225o\276g\3366\344<\367\017\315\0338\317\274$\207\335ds\212"
 442      DE36 E43C 
 442      F70F CD1B 
 442      38CF BC24 
 442      87DD 6473 
 443 01ce B949 78B4 		.ascii	"\271Ix\264s~b\016\312\363\215\344\016\346y\362\016\217;\342\372"
 443      737E 620E 
 443      CAF3 8DE4 
 443      0EE6 79F2 
 443      0E8F 3BE2 
 444 01e3 1C7F B302 		.ascii	"\034\177\263\002j\234{n\365\230\020\220\247\016\t\320\2744\322"
 444      6A9C 7B6E 
 444      F598 1090 
 444      A70E 09D0 
 444      BC34 D2
 445 01f6 76D8 159A 		.ascii	"v\330\025\232Kth\0214'c\302\367a6\372\0164/\356\260\244\362\246"
 445      4B74 6811 
 445      3427 63C2 
 445      F761 36FA 
 445      0E34 2FEE 
 446 020e 129A A3ED 		.ascii	"\022\232\243\355\207\006\334\031x\0314c\243+c\0056\372\013h\336"
 446      8706 DC19 
 446      7819 3463 
 446      A32B 6305 
 446      36FA 0B68 
 447 0223 9E7E 7C04 		.ascii	"\236~|\004a\001\221Yn\266\024\024\222\007\337\325!R\313\036\320"
 447      6101 9159 
 447      6EB6 1414 
 447      9207 DFD5 
 447      2152 CB1E 
 448 0238 55FC A87A 		.ascii	"U\374\250z\332\215u\021D\347\275\331\273hy\221\031~1f\263\360"
 448      DA8D 7511 
 448      44E7 BDD9 
 448      BB68 7991 
 448      197E 3166 
 449 024e 96CD C282 		.ascii	"\226\315\302\202#\007\262\324\370\r\202\022j#\272.k\221\316'"
 449      2307 B2D4 
 449      F80D 8212 
 449      6A23 BA2E 
 449      6B91 CE27 
 450 0262 C26C DE66 		.ascii	"\302l\336f\0361\233=\337R\240B\344\205\216\"/\005*C>D\233\005"
 450      1E31 9B3D 
 450      DF52 A042 
 450      E485 8E22 
 450      2F05 2A43 
 451 027a 2D57 A062 		.ascii	"-W\240b\350<\016\235\271Da\377\263\374%\307\315\346E\250\024"
 451      E83C 0E9D 
 451      B944 61FF 
 451      B3FC 25C7 
 451      CDE6 45A8 
 452 028f E950 09C2 		.ascii	"\351P\t\302\024\002^yW\307f8tj\342\234\212\031\256\205\346\275"
 452      1402 5E79 
 452      57C7 6638 
 452      746A E29C 
 452      8A19 AE85 
 453 02a5 7B99 F17A 		.ascii	"{\231\361z\326\374'b{\\\375a5c\331\211\240}\265\263d\330\025"
 453      D6FC 2762 
 453      7B5C FD61 
 453      3563 D989 
 453      A07D B5B3 
 454 02bc 7F44 AD2E 		.ascii	"\177D\255.\351\177Y\243dPOhV>)\254tcP+\031\236\035\351\234\345"
 454      E97F 59A3 
 454      6450 4F68 
 454      563E 29AC 
 454      7463 502B 
 455 02d6 9A74 D01C 		.ascii	"\232t\320\034:=W\241\305\253\351\223i\351\327\246\224x\r\275"
 455      3A3D 57A1 
 455      C5AB E993 
 455      69E9 D7A6 
 455      9478 0DBD 
 456 02ea 6F8C 48FC 		.ascii	"o\214H\374-^On\225\346\321\274!\025Z\354\355\343}\200\271\"\302"
 456      2D5E 4F6E 
 456      95E6 D1BC 
 456      2115 5AEC 
 456      EDE3 7D80 
 457 0301 8C90 0255 		.ascii	"\214\220\002U\003\235r\240\243@\265h11\037Y\201l=\362Fu\310\233"
 457      039D 72A0 
 457      A340 B568 
 457      3131 1F59 
 457      816C 3DF2 
 458 0319 3A2A 8B78 		.ascii	":*\213x\244\177zW\320\235\201p\263e\005\245z\032\250\022\274"
 458      A47F 7A57 
 458      D09D 8170 
 458      B365 05A5 
 458      7A1A A812 
 459 032e E4A1 A354 		.ascii	"\344\241\243T\305{$m\250c\254)Q\356f\263\226\200\024\334)\222"
 459      C57B 246D 
 459      A863 AC29 
 459      51EE 66B3 
 459      9680 14DC 
 460 0344 2E6B 7A94 		.ascii	".kz\224\307n\263\265\036QU5\216\252|%M@\340\354`S\211\006\307"
 460      C76E B3B5 
 460      1E51 5535 
 460      8EAA 7C25 
 460      4D40 E0EC 
 461 035d 201A A347 		.ascii	" \032\243G\265\251\345\030\371,f3\224Ea2\303Yx\266\301\346y2"
 461      B5A9 E518 
 461      F92C 6633 
 461      9445 6132 
 461      C359 78B6 
 462 0375 A142 312F 		.ascii	"\241B1/Et\006\230-\304\022\346j=r\362%\367\251\n\232)\3437\037"
 462      4574 0698 
 462      2DC4 12E6 
 462      6A3D 72F2 
 462      25F7 A90A 
 463 038e B830 97FB 		.ascii	"\2700\227\373@\363\362Tk\263\016\037\246\226\240\214\204\341"
 463      40F3 F254 
 463      6BB3 0E1F 
 463      A696 A08C 
 463      84E1 
 464 03a0 442D CE62 		.ascii	"D-\316b\215\312\223]\221Z\234\307\032\305;\007\013\264\360\224"
 464      8DCA 935D 
 464      915A 9CC7 
 464      1AC5 3B07 
 464      0BB4 F094 
 465 03b4 17E4 2392 		.ascii	"\027\344#\222%\243\027K\306\202\364\374\263n\330\302\370T\334"
 465      25A3 174B 
 465      C682 F4FC 
 465      B36E D8C2 
 465      F854 DC
 466 03c7 7FD8 2988 		.ascii	"\177\330)\2109g\3150\253!\347>\360B+\300\324\0160\317\213g\334"
 466      3967 CD30 
 466      AB21 E73E 
 466      F042 2BC0 
 466      D40E 30CF 
 467 03de 79B0 FF9C 		.ascii	"y\260\377\234-\343\246<h\306\265\203\357\332l\274\275X\306)o"
 467      2DE3 A63C 
 467      68C6 B583 
 467      EFDA 6CBC 
 467      BD58 C629 
 468 03f3 CF76 F56B 		.ascii	"\317v\365k\221\367b\037o\036\267&\223,n-\360@\347\374\316\266"
 468      91F7 621F 
 468      6F1E B726 
 468      932C 6E2D 
 468      F040 E7FC 
 469 0409 7359 138C 		.ascii	"sY\023\2147\322\220vr\177]\004\203.\200\277.q\177\261\030\324"
 469      37D2 9076 
 469      727F 5D04 
 469      832E 80BF 
 469      2E71 7FB1 
 470 041f B128 77CE 		.ascii	"\261(w\316\027\345+Q\036;h\224\211\245\255|bNO\226.\340\224'"
 470      17E5 2B51 
 470      1E3B 6894 
 470      89A5 AD7C 
 470      624E 4F96 
 471 0437 67EA 6355 		.ascii	"g\352cU\270\2129e$\317\332\254\222\202\334\303\202|\005\036\275"
 471      B88A 3965 
 471      24CF DAAC 
 471      9282 DCC3 
 471      827C 051E 
 472 044c 6C23 DBE9 		.ascii	"l#\333\351\034d\321b\324\005\206.d4\314\225=^:\352\216\317\260"
 472      1C64 D162 
 472      D405 862E 
 472      6434 CC95 
 472      3D5E 3AEA 
 473 0463 60DD 8DAF 		.ascii	"`\335\215\257\334\245\305\255\254\221\363bf\204\254$k\311J\202"
 473      DCA5 C5AD 
 473      AC91 F362 
 473      6684 AC24 
 473      6BC9 4A82 
 474 0477 65A1 5BCB 		.ascii	"e\241[\313BW{\340\306\220\016w"
 474      4257 7BE0 
 474      C690 0E77 
 475 0483 302B EBAA 		.string	"0+\353\252\232\362 \025u<&\031l\025\350\005\246\327mf\256%1\241\301\3554\233u\020\334|02\
 475      9AF2 2015 
 475      753C 2619 
 475      6C15 E805 
 475      A6D7 6D66 
 476 0584 3841 C71E 		.string	"8A\307\036r?="
 476      723F 3D00 
 477 058c 3F0D 819F 		.string	"?\r\201\237\356\203\334\003y\0042l\313\f\230\351:eG\2469\3458\315I\273R\274{p \323\003O\2
 477      EE83 DC03 
 477      7904 326C 
 477      CB0C 98E9 
 477      3A65 47A6 
 478 0638 DD19 A038 		.string	"\335\031\2408\r2i\027\2124\373\344\231\372\276\344I\356XJ\\>5_\201\036\216\366\266%w\013\
 478      0D32 6917 
 478      8A34 FBE4 
 478      99FA BEE4 
 478      49EE 584A 
 479 06f6 4EBB 80C5 		.ascii	"N\273\200\305}\364\030bP)rE\216\340\330\013\202\270\020o\343"
 479      7DF4 1862 
 479      5029 7245 
 479      8EE0 D80B 
 479      82B8 106F 
 480 070b 7AA5 4C0B 		.ascii	"z\245L\013\027\346\257\354]\202\027\332I\307\b\234\2708F\360"
 480      17E6 AFEC 
 480      5D82 17DA 
 480      49C7 089C 
 480      B838 46F0 
 481 071f 4107 046F 		.ascii	"A\007\004o\024\001\022\t\262\027$\032d?\310\036\220}\202l\375"
 481      1401 1209 
 481      B217 241A 
 481      643F C81E 
 481      907D 826C 
 482 0734 B7C6 EFA7 		.ascii	"\267\306\357\247s\022.f{.\215\216\346\225\333\270\354\026\034"
 482      7312 2E66 
 482      7B2E 8D8E 
 482      E695 DBB8 
 482      EC16 1C
 483 0747 B814 3882 		.ascii	"\270\0248\202\023\030\027\210\034\032E\016\\F\034\027\307Ck\t"
 483      1318 1788 
 483      1C1A 450E 
 483      5C46 1C17 
 483      C743 6B09 
 484 075b 96AC 1295 		.ascii	"\226\254\022\225\034+\255\007\345\216\033\320\f[\034\001\344"
 484      1C2B AD07 
 484      E58E 1BD0 
 484      0C5B 1C01 
 484      E4
 485 076c 9CDF 731D 		.ascii	"\234\337s\035\336\266\rh\207\243\013\3552\274\344\034\034\037"
 485      DEB6 0D68 
 485      87A3 0BED 
 485      32BC E41C 
 485      1C1F 
 486 077e B661 9AE0 		.ascii	"\266a\232\340\327\222\036\364\273\241\305>\363:\026\305\203?"
 486      D792 1EF4 
 486      BBA1 C53E 
 486      F33A 16C5 
 486      833F 
 487 0790 7FAC 6F99 		.ascii	"\177\254o\231\251\225\373i\251\304\301\303\261\202T*\304rj\302"
 487      A995 FB69 
 487      A9C4 C1C3 
 487      B182 542A 
 487      C472 6AC2 
 488 07a4 B188 B232 		.ascii	"\261\210\2622\017y\322\307\t\362\244?(\210I?\327\330{\005\213"
 488      0F79 D2C7 
 488      09F2 A43F 
 488      2888 493F 
 488      D7D8 7B05 
 489 07b9 C098 8580 		.ascii	"\300\230\205\200(A\320\003x_O\312^\227\033pB\200\034\346/Y\b"
 489      2841 D003 
 489      785F 4FCA 
 489      5E97 1B70 
 489      4280 1CE6 
 490 07d0 8917 446E 		.string	"\211\027Dni\023\221[\322\020\024\374\225\f\261.*\374\302!\374\326\246\214\376C\374vN\374Q
 490      6913 915B 
 490      D210 14FC 
 490      950C B12E 
 490      2AFC C221 
 491 08cc 86B2 215F 		.string	"\206\262!_\013 \313\304\207e\333\f+\265n\373u\243@\230g#aUpy?-\330\002\373\202\235w\253PP
 491      0B20 CBC4 
 491      8765 DB0C 
 491      2BB5 6EFB 
 491      75A3 4098 
 492 093f 3F88 EC27 		.ascii	"?\210\354'\251\223S\337T\245\301#,\202\311/\n3y\322\265\222c"
 492      A993 53DF 
 492      54A5 C123 
 492      2C82 C92F 
 492      0A33 79D2 
 493 0956 CA81 FCEB 		.ascii	"\312\201\374\353s\256x\273\222\016f_O\310w\227\317C\366=\333"
 493      73AE 78BB 
 493      920E 665F 
 493      4FC8 7797 
 493      CF43 F63D 
 494 096b 3CA5 F6F3 		.ascii	"<\245\366\363\224\356)\373\r\323\324B4\235\212\311E\374\365\376"
 494      94EE 29FB 
 494      0DD3 D442 
 494      349D 8AC9 
 494      45FC F5FE 
 495 097f D7D0 DCD6 		.ascii	"\327\320\334\326q\275\305\r\3071\305\023\325\273^p\223\026\223"
 495      71BD C50D 
 495      C731 C513 
 495      D5BB 5E70 
 495      9316 93
 496 0992 1D30 AEA1 		.ascii	"\0350\256\241\334c\3014\252\024\323\250\202%\344\203\264\244"
 496      DC63 C134 
 496      AA14 D3A8 
 496      8225 E483 
 496      B4A4 
 497 09a4 262C B78A 		.ascii	"&,\267\212\2547\345`U\031\265\252\212ZU)Z\325[\224:\251\307\351"
 497      AC37 E560 
 497      5519 B5AA 
 497      8A5A 5529 
 497      5AD5 5B94 
 498 09bc 6CDE 4BF7 		.ascii	"l\336K\367\314I\274\020\256\021W\334\354\352\231\341\207\255"
 498      CC49 BC10 
 498      AE11 57DC 
 498      ECEA 99E1 
 498      87AD 
 499 09ce 96DF 42BB 		.ascii	"\226\337B\273\256`*I\215-\f\334\336x9I\203\353hC\231>\274\257"
 499      AE60 2A49 
 499      8D2D 0CDC 
 499      DE78 3949 
 499      83EB 6843 
 500 09e6 4E07 2621 		.ascii	"N\007&!\027\020\237C\020\234:\301E\261\233&\2339c\031\222^s\353"
 500      1710 9F43 
 500      109C 3AC1 
 500      45B1 9B26 
 500      9B39 6319 
 501 09fe 21A0 6408 		.ascii	"!\240d\b\336\333\301$+\230t\b\342\017oR\2443W\374d\243 MtZ\300"
 501      DEDB C124 
 501      2B98 7408 
 501      E20F 6F52 
 501      A433 57FC 
 502 0a19 E2D2 332B 		.ascii	"\342\3223+\270\314\204\357\352\320\222\375\334\233\234\357\370"
 502      B8CC 84EF 
 502      EAD0 92FD 
 502      DC9B 9CEF 
 502      F8
 503 0a2a 765E 16FB 		.ascii	"v^\026\3733\266\235\023|\r\344B\223-\225\223\005\207\254O\215"
 503      33B6 9D13 
 503      7C0D E442 
 503      932D 9593 
 503      0587 AC4F 
 504 0a3f 95B2 BED8 		.ascii	"\225\262\276\330\036z\\p\330\323\022\276\244\233%\324R\tG\212"
 504      1E7A 5C70 
 504      D8D3 12BE 
 504      A49B 25D4 
 504      5209 478A 
 505 0a53 7145 1647 		.ascii	"qE\026Gl\f\305\202_\321\t\216\025\275-\253;\273T?\005\343'\251"
 505      6C0C C582 
 505      5FD1 098E 
 505      15BD 2DAB 
 505      3BBB 543F 
 506 0a6b 9A26 9EE7 		.ascii	"\232&\236\347-\340\226f\310\363F\220\263 g@ZA\316\2014\330m\371"
 506      2DE0 9666 
 506      C8F3 4690 
 506      B320 6740 
 506      5A41 CE81 
 507 0a83 AF6C A55B 		.ascii	"\257l\245[mO\302\261tgX\35169\355\2650\226\036\3733\266\\@1\240"
 507      6D4F C2B1 
 507      7467 58E9 
 507      3639 EDB5 
 507      3096 1EFB 
 508 0a9d 7447 8AA9 		.ascii	"tG\212\251\216\236\263\\\222\3166)\034,m\314\207\004\371\316"
 508      8E9E B35C 
 508      92CE 3629 
 508      1C2C 6DCC 
 508      8704 F9CE 
 509 0ab1 FC7C 24AE 		.ascii	"\374|$\256\301\0057\322\254\020\006\022\216L\271Ig\317\352XZ"
 509      C105 37D2 
 509      AC10 0612 
 509      8E4C B949 
 509      67CF EA58 
 510 0ac6 B5ED F0F0 		.ascii	"\265\355\360\360y[\3256\tNgO\321=\250\r\274\362c<D>\223]H\033"
 510      795B D536 
 510      094E 674F 
 510      D13D A80D 
 510      BCF2 633C 
 511 0ae0 7393 6FCB 		.ascii	"s\223o\313\355v\273m\207\264-OfgX\325J\201\365\241\257\225\244"
 511      ED76 BB6D 
 511      87B4 2D4F 
 511      6667 58D5 
 511      4A81 F5A1 
 512 0af7 EF76 DFC8 		.ascii	"\357v\337\310\244\212\366\021\246\027\004\332\331~&\243]\245"
 512      A48A F611 
 512      A617 04DA 
 512      D97E 26A3 
 512      5DA5 
 513 0b09 E35F 6C62 		.ascii	"\343_lb~\340\213\r9\310\216\264\316\270\310-\270(\310\313\365"
 513      7EE0 8B0D 
 513      39C8 8EB4 
 513      CEB8 C82D 
 513      B828 C8CB 
 514 0b1e 9264 8175 		.ascii	"\222d\201uj8_\240\263A\037\234_\351l\307\213f,:\332\371+/\266"
 514      6A38 5FA0 
 514      B341 1F9C 
 514      5FE9 6CC7 
 514      8B66 2C3A 
 515 0b37 3CF5 26D7 		.ascii	"<\365&\327\250p7\253\271\224\312\206\273.0\212\256\200\003\273"
 515      A870 37AB 
 515      B994 CA86 
 515      BB2E 308A 
 515      AE80 03BB 
 516 0b4b E009 FB47 		.ascii	"\340\t\373G\376\225=2\334\021\276H\004\365\bJ\324\315T\337*\034"
 516      FE95 3D32 
 516      DC11 BE48 
 516      04F5 084A 
 516      D4CD 54DF 
 517 0b61 78E2 FE56 		.ascii	"x\342\376V\002\215\205\331\274\214\035\201)\027t\025\020\350"
 517      028D 85D9 
 517      BC8C 1D81 
 517      2917 7415 
 517      10E8 
 518 0b73 1AF9 528A 		.ascii	"\032\371R\212.\023\255\004\036\327\3602\021\377\"\303\234a1\367"
 518      2E13 AD04 
 518      1ED7 F032 
 518      11FF 22C3 
 518      9C61 31F7 
 519 0b87 CF0E FD39 		.ascii	"\317\016\3759\236|g\200G?\246@\224d\213`\022-S\224(\334\200\330"
 519      9E7C 6780 
 519      473F A640 
 519      9464 8B60 
 519      122D 5394 
 520 0b9f 5D17 C8F7 		.ascii	"]\027\310\367\332\344\373\355)Z\034\253\242F\367\226V\334e<\017"
 520      DAE4 FBED 
 520      295A 1CAB 
 520      A246 F796 
 520      56DC 653C 
 521 0bb4 4A9E 2ED9 		.ascii	"J\236.\331\261}\247\215{\357\002\334\355\350\366q\272\373g\216"
 521      B17D A78D 
 521      7BEF 02DC 
 521      EDE8 F671 
 521      BAFB 678E 
 522 0bc8 5CD5 CB69 		.ascii	"\\\325\313i\220\322g4n\021\032\375\224\306M\221Fo\367x-b4\254"
 522      90D2 6734 
 522      6E11 1AFD 
 522      94C6 4D91 
 522      466F F778 
 523 0be0 CFE2 309C 		.ascii	"\317\3420\2340\303\341I\201\300\320\r\033\211\033r\022\267)\211"
 523      30C3 E149 
 523      81C0 D00D 
 523      1B89 1B72 
 523      12B7 2989 
 524 0bf4 AE2B F77A 		.ascii	"\256+\367z5\270pa\022W\272\2366`\273\\C\362H\017J\221\036\274"
 524      35B8 7061 
 524      1257 BA9E 
 524      3660 BB5C 
 524      43F2 480F 
 525 0c0c 9A98 C9F2 		.ascii	"\232\230\311\362\n\372\320\300\353\260\035\342l\213\254}\317"
 525      0AFA D0C0 
 525      EBB0 1DE2 
 525      6C8B AC7D 
 525      CF
 526 0c1d 9472 B61B 		.ascii	"\224r\266\033\337\344d\357\021\262\367)\331\273\"\331\346\354"
 526      DFE4 64EF 
 526      11B2 F729 
 526      D9BB 22D9 
 526      E6EC 
 527 0c2f E65B 3A4E 		.ascii	"\346[:Nv\262[`\001# t\307F\365\216\234\352\003J5\346\305\264"
 527      76B2 5B60 
 527      0123 2074 
 527      C746 F58E 
 527      9CEA 034A 
 528 0c47 2B3E CB98 		.ascii	"+>\313\230\036\3336\323\250\305\327Xc\254\2577_OlzH\037\202\236"
 528      1EDB 36D3 
 528      A8C5 D758 
 528      63AC AF37 
 528      5F4F 6C7A 
 529 0c5f A947 178B 		.ascii	"\251G\027\213\231#\b[\346\210\351\307\323cz\251\3571\343\227"
 529      9923 085B 
 529      E688 E9C7 
 529      D363 7AA9 
 529      EF31 E397 
 530 0c73 FAF4 F971 		.ascii	"\372\364\371q\255T`O^\207\364\b'}\305r\366\206]\246\366J\231"
 530      AD54 604F 
 530      5E87 F408 
 530      277D C572 
 530      F686 5DA6 
 531 0c8a 3A4A 588F 		.ascii	":JX\217Q\326OE\326\371\223\215\227T\300\332\002\254o%\272I!\006"
 531      51D6 4F45 
 531      D6F9 938D 
 531      9754 C0DA 
 531      02AC 6F25 
 532 0ca2 181A 16   		.ascii	"\030\032\026"
 533 0ca5 79A3 4750 		.string	"y\243GP\t\303r\352\343\224z\323\336\346i\017|k\341(\037z\226q\302m\336|\003\330$\265\344\
 533      09C3 72EA 
 533      E394 7AD3 
 533      DEE6 690F 
 533      7C6B E128 
 534 0da6 2802 9340 		.ascii	"(\002\223@m\303<P\361y\323\tj\022\250\030s\377\265\311?\237\256"
 534      6DC3 3C50 
 534      F179 D309 
 534      6A12 A818 
 534      73FF B5C9 
 535 0dbd 8937 47EC 		.ascii	"\2117G\3542\2570\367\t\004\211\246\244\254y\tY3%\006l\017&\001"
 535      32AF 30F7 
 535      0904 89A6 
 535      A4AC 7909 
 535      5933 2506 
 536 0dd5 CBE9 EDA8 		.ascii	"\313\351\355\250"
 537 0dd9 528F 0BF8 		.string	"R\217\013\370\006X\020I{\312_\265\365\353\345\257x\363n:(\n\223W\274\321\242\263\027\364\
 537      0658 1049 
 537      7BCA 5FB5 
 537      F5EB E5AF 
 537      78F3 6E3A 
 538 0eda 1EC2 5271 		.ascii	"\036\302Rq\222\211\351|{s\037=\263\373\336@\200\266\270\035\346"
 538      9289 E97C 
 538      7B73 1F3D 
 538      B3FB DE40 
 538      80B6 B81D 
 539 0eef 713B 4CE3 		.ascii	"q;L\3436[\321S\266\360\213g\232\230c+X9\363O\252\236\354\223"
 539      365B D153 
 539      B6F0 8B67 
 539      9A98 632B 
 539      5839 F34F 
 540 0f07 EA58 7671 		.ascii	"\352Xvq\272\370fB>\314\225\355+\254\266K12q\006pK\247n\315\244"
 540      BAF8 6642 
 540      3ECC 95ED 
 540      2BAC B64B 
 540      3132 7106 
 541 0f21 2996 C652 		.ascii	")\226\306R,\223\246\330HF\353.;SII\331\246\317\342\246fQSm;\302"
 541      2C93 A6D8 
 541      4846 EB2E 
 541      3B53 4949 
 541      D9A6 CFE2 
 542 0f3c 5A71 2DB9 		.ascii	"Zq-\271\235w7\214\366|\241G\331\254\272\357D\345?p\021\227\222"
 542      9D77 378C 
 542      F67C A147 
 542      D9AC BAEF 
 542      44E5 3F70 
 543 0f53 23AC EF35 		.ascii	"#\254\3575\326\206\\\206\354\3572Wx\314\2736\344\221\265!\237"
 543      D686 5C86 
 543      ECEF 3257 
 543      78CC BB36 
 543      E491 B521 
 544 0f68 AE0D 39E2 		.ascii	"\256\r9\342\332\320Yb\335nw\200\313\2673\277\200\233_\300*\344"
 544      DAD0 5962 
 544      DD6E 7780 
 544      CBB7 33BF 
 544      809B 5FC0 
 545 0f7e 7BD7 4220 		.ascii	"{\327B pt\236\265\260\360\207\226,j\3261jV\0215\2134\310\306"
 545      7074 9EB5 
 545      B0F0 8796 
 545      2C6A D631 
 545      6A56 1135 
 546 0f96 3875 FA85 		.ascii	"8u\372\205\036\307h\350;W"
 546      1EC7 68E8 
 546      3B57 
 547 0fa0 EAC1 E664 		.ascii	"\352\301\346dW\344\003/\\\360O'{w*\305:t\034K\357N\364\005k\344"
 547      57E4 032F 
 547      5CF0 4F27 
 547      7B77 2AC5 
 547      3A74 1C4B 
 548 0fba FF48 B782 		.ascii	"\377H\267\202\274\231\221\353<\177\200,\206\314,\245\231Q\002"
 548      BC99 91EB 
 548      3C7F 802C 
 548      86CC 2CA5 
 548      9951 02
 549 0fcd C1B5 609A 		.ascii	"\301\265`\232\033\335\273\013\332\004\342\213,\356\013\242\333"
 549      1BDD BB0B 
 549      DA04 E28B 
 549      2CEE 0BA2 
 549      DB
 550 0fde E68B 32EE 		.ascii	"\346\2132\356\2132\352\213\346kGw\br\307\221\215\317\006.\347"
 550      8B32 EA8B 
 550      E66B 4777 
 550      0872 C791 
 550      8DCF 062E 
 551 0ff3 E072 0ACE 		.ascii	"\340r\n\316\353\273\034\343\361v&\263:"
 551      EBBB 1CE3 
 551      F176 26B3 
 551      3A
 552 1000 12AC DEF8 		.string	"\022\254\336\370&==\262\225\366\004~\233l\215\367\353\206\224\f\003G\320\377N\216"
 552      263D 3DB2 
 552      95F6 047E 
 552      9B6C 8DF7 
 552      EB86 940C 
 553 101b A03D AE82 		.ascii	"\240=\256\202\342Z\036\344\355\3242\2345U\355\210\251\244\230"
 553      E25A 1EE4 
 553      EDD4 329C 
 553      3555 ED88 
 553      A9A4 98
 554 102e 6DE7 87EE 		.ascii	"m\347\207\356\2529\346Ux\006Zd\017\252\242\240\253\326\202\363"
 554      AA39 E655 
 554      7806 5A64 
 554      0FAA A2A0 
 554      ABD6 82F3 
 555 1042 AA05 8DAA 		.ascii	"\252\005\215\252f\223\025\036;\216\271\242\n\215\343d')f\342"
 555      6693 151E 
 555      3B8E B9A2 
 555      0A8D E364 
 555      2729 66E2 
 556 1056 C09E 1A57 		.ascii	"\300\236\032W\216\251qu\304\234\242\230\210\324\246\\=\307\324"
 556      8EA9 7175 
 556      C49C A298 
 556      88D4 A65C 
 556      3DC7 D4
 557 1069 3AE9 A9A1 		.ascii	":\351\251\241\230\023\227s\316\212\304F\234\364\234\246\230\353"
 557      9813 9773 
 557      CE8A C446 
 557      9CF4 9CA6 
 557      98EB 
 558 107b 0D96 016E 		.ascii	"\r\226\001n\263\265\333IO-\305\214eF\036\022\355\231r\322SG1"
 558      B3B5 DB49 
 558      4F2D C58C 
 558      6546 1E12 
 558      ED99 72D2 
 559 1092 33F9 697F 		.ascii	"3\371i\177\345\220>'5V\n)\0339\234%R\237t\302\324S\314\320\225"
 559      E590 3E27 
 559      3556 0A29 
 559      1B39 9C25 
 559      529F 74C2 
 560 10ab DC5D 2EA2 		.ascii	"\334].\242\237\2350\r\024s45g\237H=A\347\2109C15\273\333Z4\034"
 560      9F9D 300D 
 560      1473 3435 
 560      679F 483D 
 560      41E7 8839 
 561 10c7 93E6 8439 		.ascii	"\223\346\2049K1\007G\207\332\335\026\fW#\263y[\\\247hO\255\223"
 561      4B31 0747 
 561      87DA DD16 
 561      0C57 23B3 
 561      795B 5CA7 
 562 10df 9E26 8AA9 		.ascii	"\236&\212\251\332\223\235/\346F\205\023\246\231b\352G{\222E{"
 562      DA93 9D2F 
 562      E646 8513 
 562      A699 62EA 
 562      477B 9245 
 563 10f4 62DC 1D31 		.ascii	"b\334\0351-\024\323\323\262\273A\234k\314)\017[)\246`|\260\215"
 563      2D14 D3D3 
 563      B2BB 419C 
 563      6BCC 290F 
 563      5B29 A660 
 564 110b E7B4 35C9 		.ascii	"\347\2645\311\311?\347(\306rt\260W\fi\251\207#\346<\301\340\256"
 564      C93F E728 
 564      C672 74B0 
 564      570C 69A9 
 564      8723 E63C 
 565 1122 F1C7 1628 		.ascii	"\361\307\026({V\375\021|\r\261\2253\274<\323Zn\207Z\356\300\374"
 565      7B56 FD11 
 565      7C0D B195 
 565      33BC 3CD3 
 565      5A6E 875A 
 566 1139 2B8B F922 		.string	"+\213\371\"\242\335lE\370\035\275\247\377\2516\372\007\205\031\264\237\375q\303\262U\037}
 566      A2DD 6C45 
 566      F81D BDA7 
 566      FFA9 36FA 
 566      0785 19B4 
 567 123a 5360 48F0 		.string	"S`H\360:\177\323\026O\002\265\357R\203\255`\310\022\347\021?\223\226k]\355B\024\177\032\3
 567      3A7F D316 
 567      4F02 B5EF 
 567      5283 AD60 
 567      C812 E711 
 568 12b1 031B 337A 		.string	"\003\0333z\330\2630\272\332\2141.\242pY\207\373\006c`\360fqZ\243\312oeHH\220\234\002\235E
 568      D8B3 30BA 
 568      DA8C 312E 
 568      A270 5987 
 568      FB06 6360 
 569 1330 5A0A BF59 		.ascii	"Z\n\277Y\376\353\345+\344\005\361\215a\023d.zO\263)x\231\361"
 569      FEEB E52B 
 569      E405 F18D 
 569      6113 642E 
 569      7A4F B329 
 570 1347 5B43 C042 		.ascii	"[C\300B\225\023\n\236\003 \367\357\252\220\260`\023\365\334W"
 570      9513 0A9E 
 570      0320 F7EF 
 570      AA90 B060 
 570      13F5 DC57 
 571 135b 267F 9361 		.ascii	"&\177\223a\275\377\327A0\2352`\213\177\350\377\0039\317\271\261"
 571      BDFF D741 
 571      309D 3260 
 571      8B7F E8FF 
 571      0339 CFB9 
 572               		.text
 573               		.section	.gnu.lto_.symtab.9d7cac76c10a6923,"",@progbits
 574 0000 5553 425F 		.string	"USB_ProcessHIDReport"
 574      5072 6F63 
 574      6573 7348 
 574      4944 5265 
 574      706F 7274 
 575 0015 00        		.string	""
 576 0016 00        		.string	""
 577 0017 00        		.string	""
 578 0018 00        		.string	""
 579 0019 00        		.string	""
 580 001a 00        		.string	""
 581 001b 00        		.string	""
 582 001c 00        		.string	""
 583 001d 00        		.string	""
 584 001e 00        		.string	""
 585 001f 00        		.string	""
 586 0020 5A01 00   		.string	"Z\001"
 587 0023 00        		.string	""
 588 0024 5553 425F 		.string	"USB_GetHIDReportItemInfo"
 588      4765 7448 
 588      4944 5265 
 588      706F 7274 
 588      4974 656D 
 589 003d 00        		.string	""
 590 003e 00        		.string	""
 591 003f 00        		.string	""
 592 0040 00        		.string	""
 593 0041 00        		.string	""
 594 0042 00        		.string	""
 595 0043 00        		.string	""
 596 0044 00        		.string	""
 597 0045 00        		.string	""
 598 0046 00        		.string	""
 599 0047 00        		.string	""
 600 0048 6101 00   		.string	"a\001"
 601 004b 00        		.string	""
 602 004c 5553 425F 		.string	"USB_SetHIDReportItemInfo"
 602      5365 7448 
 602      4944 5265 
 602      706F 7274 
 602      4974 656D 
 603 0065 00        		.string	""
 604 0066 00        		.string	""
 605 0067 00        		.string	""
 606 0068 00        		.string	""
 607 0069 00        		.string	""
 608 006a 00        		.string	""
 609 006b 00        		.string	""
 610 006c 00        		.string	""
 611 006d 00        		.string	""
 612 006e 00        		.string	""
 613 006f 00        		.string	""
 614 0070 6901 00   		.string	"i\001"
 615 0073 00        		.string	""
 616 0074 5553 425F 		.string	"USB_GetHIDReportSize"
 616      4765 7448 
 616      4944 5265 
 616      706F 7274 
 616      5369 7A65 
 617 0089 00        		.string	""
 618 008a 00        		.string	""
 619 008b 00        		.string	""
 620 008c 00        		.string	""
 621 008d 00        		.string	""
 622 008e 00        		.string	""
 623 008f 00        		.string	""
 624 0090 00        		.string	""
 625 0091 00        		.string	""
 626 0092 00        		.string	""
 627 0093 00        		.string	""
 628 0094 7301 00   		.string	"s\001"
 629 0097 00        		.string	""
 630 0098 4341 4C4C 		.string	"CALLBACK_HIDParser_FilterHIDReportItem"
 630      4241 434B 
 630      5F48 4944 
 630      5061 7273 
 630      6572 5F46 
 631 00bf 00        		.string	""
 632 00c0 02        		.ascii	"\002"
 633 00c1 00        		.string	""
 634 00c2 00        		.string	""
 635 00c3 00        		.string	""
 636 00c4 00        		.string	""
 637 00c5 00        		.string	""
 638 00c6 00        		.string	""
 639 00c7 00        		.string	""
 640 00c8 00        		.string	""
 641 00c9 00        		.string	""
 642 00ca 7701 00   		.string	"w\001"
 643 00cd 00        		.string	""
 644               		.text
 645               		.section	.gnu.lto_.opts,"",@progbits
 646 0000 272D 666D 		.ascii	"'-fmath-errno' '-fsigned-zeros' '-ftrapping-math' '-fno-trap"
 646      6174 682D 
 646      6572 726E 
 646      6F27 2027 
 646      2D66 7369 
 647 003c 7627 2027 		.ascii	"v' '-fno"
 647      2D66 6E6F 
 648 0044 2D6F 7065 		.string	"-openmp' '-fno-openacc' '-mn-flash=1' '-mno-skip-bug' '-mmcu=avr5' '-gdwarf-2' '-Os' '-We
 648      6E6D 7027 
 648      2027 2D66 
 648      6E6F 2D6F 
 648      7065 6E61 
 649               		.text
 650               		.comm	__gnu_lto_v1,1,1
 651               		.comm	__gnu_lto_slim,1,1
 652               		.ident	"GCC: (GNU) 5.4.0"
DEFINED SYMBOLS
                            *ABS*:0000000000000000 HIDParser.c
     /tmp/ccORXGbK.s:2      *ABS*:000000000000003e __SP_H__
     /tmp/ccORXGbK.s:3      *ABS*:000000000000003d __SP_L__
     /tmp/ccORXGbK.s:4      *ABS*:000000000000003f __SREG__
     /tmp/ccORXGbK.s:5      *ABS*:0000000000000000 __tmp_reg__
     /tmp/ccORXGbK.s:6      *ABS*:0000000000000001 __zero_reg__
                            *COM*:0000000000000001 __gnu_lto_v1
                            *COM*:0000000000000001 __gnu_lto_slim

NO UNDEFINED SYMBOLS
