   1               		.file	"bootmagic_lite.c"
   2               	__SP_H__ = 0x3e
   3               	__SP_L__ = 0x3d
   4               	__SREG__ = 0x3f
   5               	__tmp_reg__ = 0
   6               	__zero_reg__ = 1
   7               		.text
   8               	.Ltext0:
   9               		.section	.gnu.lto_.profile.d5fb1e590f30e722,"",@progbits
  10 0000 789C 6361 		.string	"x\234ca`d`a`"
  10      6064 6061 
  10      6000 
  11 000a 9209 A200 		.string	"\222\t\242"
  12 000e 013F 00   		.string	"\001?"
  13 0011 80        		.ascii	"\200"
  14               		.text
  15               		.section	.gnu.lto_.icf.d5fb1e590f30e722,"",@progbits
  16 0000 789C 6361 		.string	"x\234ca`d"
  16      6064 00
  17 0007 0111 0604 		.string	"\001\021\006\004`f8~{\347#6\306\316\025\223723\201\331\f"
  17      6066 387E 
  17      7BE7 2336 
  17      C6CE 1593 
  17      3732 3381 
  18 001e 61AA 091E 		.ascii	"a\252\t\036"
  19               		.text
  20               		.section	.gnu.lto_.jmpfuncs.d5fb1e590f30e722,"",@progbits
  21 0000 789C 6361 		.string	"x\234ca`d"
  21      6064 00
  22 0007 017D 0604 		.string	"\001}\006\004`\006\021`a&0\237\211\361/\023\343\332\303o\236\260~ajef`lx\304\311\270\234Q
  22      6006 1160 
  22      6126 309F 
  22      89F1 2F13 
  22      E3DA C36F 
  23 002e B550 0834 		.ascii	"\265P\b4"
  24               		.text
  25               		.section	.gnu.lto_.inline.d5fb1e590f30e722,"",@progbits
  26 0000 789C 6361 		.string	"x\234ca`d"
  26      6064 00
  27 0007 814C 0604 		.string	"\201L\006\004`f``\341ad`\0022\331\026\310\203(\006F.\020\301 l\003\024\346y\020\213&\016\
  27      6066 6060 
  27      E161 6460 
  27      0232 D916 
  27      C883 2806 
  28 003e 7608 05CB 		.ascii	"v\b\005\313"
  29               		.text
  30               		.section	.gnu.lto_.pureconst.d5fb1e590f30e722,"",@progbits
  31 0000 789C 6361 		.string	"x\234ca`d`g```f\220`\224`\222"
  31      6064 6067 
  31      6060 6066 
  31      9060 9460 
  31      9200 
  32 0012 00        		.string	""
  33 0013 019A 00   		.string	"\001\232"
  34 0016 5B        		.ascii	"["
  35               		.text
  36               		.section	.gnu.lto_bootmagic_lite_reset_eeprom.d5fb1e590f30e722,"",@progbits
  37 0000 789C 6361 		.string	"x\234ca`d"
  37      6064 00
  38 0007 8195 40AC 		.string	"\201\225@\254\n\304\322@\314\310\314\300\3104\341\034\003C#\007\023##\210\321\300\301\310
  38      0AC4 D240 
  38      CCC8 CCC0 
  38      C834 E11C 
  38      0343 2307 
  39 0037 C183 A3DD 		.string	"\301\203\243\335r\r+\0160\266230\374g\002\233\304\300\270\234Q\223\001\250\354\321\306\17
  39      720D 2B0E 
  39      30B6 3233 
  39      30FC 6702 
  39      9BC4 C0B8 
  40 00b1 4A02 4D00 		.string	"J\002M"
  41 00b5 9AA7 5C58 		.string	"\232\247\\X\232\230WR\232\253\237\224\237_\222\233\230\236\231\214`\305\347d\226\244\352%
  41      9A98 5752 
  41      9AAB 9F94 
  41      9F5F 929B 
  41      989E 998C 
  42 00d3 00        		.string	""
  43 00d4 460C 4BAC 		.ascii	"F\fK\254"
  44               		.text
  45               		.section	.gnu.lto_bootmagic_lite.d5fb1e590f30e722,"",@progbits
  46 0000 789C 7D54 		.string	"x\234}T\335oLA\024\2373s?\266\333]-\t\361PMC\226 \351J\374\003\236\304\213\027\017^7\333\
  46      DD6F 4C41 
  46      149F 3373 
  46      3FB6 DB5D 
  46      2D09 F150 
  47 00d7 6805 8159 		.ascii	"h\005\201Y\260\274\004\226\225\250\\\204f\336\0177\352b\211J"
  47      B0BC 0496 
  47      95A8 5C84 
  47      66DE 0F37 
  47      EA62 894A 
  48 00eb 6BBF 75BE 		.ascii	"k\277u\276\203\347\322\356\317\224\251\025\224tr\232\244\261"
  48      83E7 D2EE 
  48      CF94 A915 
  48      9474 729A 
  48      A4B1 
  49 00fd CE1F FBFD 		.ascii	"\316\037\373\375F\232(\225A\033\004\340\004\004\\Bp\n\f4\005"
  49      469A 2895 
  49      411B 04E0 
  49      0404 5C42 
  49      700A 0C34 
  50 0112 28DA B1C6 		.ascii	"(\332\261\306\226\216\223\222\366\376\300\315\306\225\305\300"
  50      968E 9392 
  50      F6FE C0CD 
  50      C695 C5C0 
  51 0122 28E8 6196 		.ascii	"(\350a\226\340^\234D!N\232\217&?M\214}\302\003\310\202,\347\364"
  51      E05E 9C44 
  51      214E 9A8F 
  51      263F 4D8C 
  51      7DC2 03C8 
  52 013a 2FDE 40CA 		.ascii	"/\336@\312>8\233N\244\232\275\275\343#f\335w\331 e\261%t\207"
  52      3E38 9B4E 
  52      A49A BDBD 
  52      E323 66DD 
  52      77D9 2065 
  53 0152 5399 76A8 		.ascii	"S\231v\250\303\\\203\215\001'\034\302\206\322g\232\304gn\t\023"
  53      C35C 838D 
  53      0127 1CC2 
  53      86D2 679A 
  53      C467 6E09 
  54 0167 34DC 66EF 		.ascii	"4\334f\357\034z9\203\266\036(\303\355\241\261\243\353D\271\022"
  54      1C7A 3983 
  54      B61E 28C3 
  54      EDA1 B1A3 
  54      EB44 B912 
  55 017b 3B39 D8DA 		.ascii	";9\330\332/H\254"
  55      2F48 AC
  56 0182 4482 5968 		.string	"D\202YhrM*\2003\256\336\016(\201\323\340*\206N\b`\306\365\373\203\317\314y\207\025\003\24
  56      724D 2A80 
  56      33AE DE0E 
  56      2881 D3E0 
  56      2A86 4E08 
  57 0283 B8A2 C4A4 		.ascii	"\270\242\304\244\354\341\030!R\3023\245\240\337\341x\037\340"
  57      ECE1 1821 
  57      52C2 33A5 
  57      A0DF E178 
  57      1FE0 
  58 0295 AA2A 3883 		.ascii	"\252*8\203\275\200\364H\252\34278_\017i\201\235kG\226\013\326"
  58      BD80 F448 
  58      AAE2 3738 
  58      5F0F 6981 
  58      9D6B 4796 
  59 02ab B048 50E9 		.ascii	"\260HP\351\221?\311\365\217ve\013\335\322\032\364\347\310=\315"
  59      913F C9F5 
  59      8F76 650B 
  59      DDD2 1AF4 
  59      E7C8 3DCD 
  60 02bf 9353 6C28 		.ascii	"\223Sl([S\257\b>,f\371\270\273\303sR\002\224\377_\242.\013\357"
  60      5B53 AF08 
  60      3E2C 66F9 
  60      B8BB C373 
  60      5202 94FF 
  61 02d8 14CA 450E 		.ascii	"\024\312E\016\307\217\026\f e\004[\242\230\275\206\372\t\323"
  61      C78F 160C 
  61      2065 045B 
  61      A298 BD86 
  61      FA09 D3
  62 02eb 8517 6206 		.ascii	"\205\027b\006\356S\023\206\273\367a\b\226\226P\350[.\344\307"
  62      EE53 1386 
  62      BBF7 6108 
  62      9696 50E8 
  62      5B2E E4C7 
  63 02ff 2885 FED4 		.ascii	"(\205\376\324\352\207%J\333\004\232\206\266\362\335\355&)\020"
  63      EA87 254A 
  63      DB04 9A86 
  63      B6F2 DDED 
  63      2629 10
  64 0312 8FFC C857 		.ascii	"\217\374\310Wg}\245\352\215\236\214N\337\265\231\016\247{xM\231"
  64      677D A5EA 
  64      8D9E 8C4E 
  64      DFB5 990E 
  64      A77B 784D 
  65 0327 384B 39FE 		.ascii	"8K9\376\355\037\rF\250\211\320\3539(\331a(;\336\242W\215+U\022"
  65      ED1F 0D46 
  65      A889 D0EB 
  65      3928 D961 
  65      283B DEA2 
  66 0340 8D4F 6838 		.ascii	"\215Oh8\206\361\263\262`K2\274)\221\254\nVTW'\252\302\353c\221"
  66      86F1 B3B2 
  66      604B 32BC 
  66      2991 AC0A 
  66      5654 5727 
  67 0359 DFAB 503C 		.ascii	"\337\253P<\226\210\226G\230\210T\307EM\3656-\024\252\252\235"
  67      9688 9647 
  67      9888 54C7 
  67      454D F536 
  67      2D14 AAAA 
  68 036e 1F4C D6D6 		.ascii	"\037L\326\326\004\343\261\212`xkM0\266)\022OVF\203\311D,\036"
  68      04E3 B18A 
  68      6078 6B4D 
  68      30B6 2912 
  68      4F56 4683 
  69 0386 AC8C C6C3 		.ascii	"\254\214\306\303\333\31370o(\224\210E6\326\206*#:.\2536\377\004"
  69      DBCB 3730 
  69      6F28 9488 
  69      4536 D686 
  69      2A23 3A2E 
  70 039e BFB0 E0E8 		.ascii	"\277\260\340\350"
  71               		.text
  72               		.section	.gnu.lto_bootmagic.d5fb1e590f30e722,"",@progbits
  73 0000 789C 6361 		.string	"x\234ca`d"
  73      6064 00
  74 0007 8165 40AC 		.string	"\201e@\254\n\304\322@\314\310\314\300\3104\341\034\003C#\007\023##\210\321\300\301\310P\3
  74      0AC4 D240 
  74      CCC8 CCC0 
  74      C834 E11C 
  74      0343 2307 
  75 0037 C183 A38F 		.string	"\301\203\243\217\f\032V\034`lef`\370\317\0046\211\201q9\243&\003P\331\243\215\377\246\362
  75      0C1A 561C 
  75      606C 6566 
  75      60F8 CF04 
  75      3689 8171 
  76 0074 E540 B67C 		.string	"\345@\266|db\002\321\314/\030\233\033\nAjA\246\354\334\371\3466{\375\337\206\216\206\006\
  76      6462 02D1 
  76      CC2F 189B 
  76      1B0A 416A 
  76      41A6 ECDC 
  77 00d0 F9DD 4912 		.ascii	"\371\335I\022"
  78               		.text
  79               		.section	.gnu.lto_.symbol_nodes.d5fb1e590f30e722,"",@progbits
  80 0000 789C 55CB 		.string	"x\234U\313M\n\0021\f@\341\227\266\323\231[\250'M\021Qp\345\031\244\247\360"
  80      4D0A 0231 
  80      0C40 E197 
  80      B6D3 995B 
  80      A827 4D11 
  81 001c 2EE7 0C0A 		.ascii	".\347\f\n\342\312\255\3772\330\312,L\262x\344\203\004\2043e\334"
  81      E2CA ADFF 
  81      32D8 CA2C 
  81      4CB2 78E4 
  81      8304 8433 
  82 0032 1585 4D4F 		.ascii	"\025\205MO\315.\315\212\334P\261rG\235\021y\240\376'\220\322"
  82      CD2E CD8A 
  82      DC50 B172 
  82      479D 1179 
  82      A0FE 2790 
  83 0047 B4C0 070D 		.ascii	"\264\300\007\r\006\336hc\340\205F\003O\26450\240\335?\370\262"
  83      06DE 6863 
  83      E085 4603 
  83      4FB4 3530 
  83      A0DD 3FF8 
  84 005c F930 8897 		.ascii	"\3710\210\227vlG>\216\367\3622\361\022Y\254j\033N\353Z\230\367"
  84      766C 473E 
  84      8EF7 F232 
  84      F112 59AC 
  84      6A1B 4EEB 
  85 0073 FBE8 2590 		.ascii	"\373\350%\220k\235\260-\177|\001\337\265<g"
  85      6B9D B02D 
  85      7F7C 01DF 
  85      B53C 67
  86               		.text
  87               		.section	.gnu.lto_.refs.d5fb1e590f30e722,"",@progbits
  88 0000 789C 6361 		.string	"x\234ca`\004B "
  88      6004 4220 
  88      00
  89 0009 00        		.string	""
  90 000a 00        		.string	""
  91 000b 3900      		.string	"9"
  92 000d 07        		.ascii	"\007"
  93               		.text
  94               		.section	.gnu.lto_.decls.d5fb1e590f30e722,"",@progbits
  95 0000 789C 8D55 		.string	"x\234\215UkP\024G\020\336\336=\360\356xj\214\241\342%E\221\037\362\213K\305\374\210\377RI
  95      6B50 1447 
  95      10DE DE3D 
  95      F0EE 786A 
  95      8CA1 E225 
  96 0044 112F 0402 		.string	"\021/\004\002\0321\034H\200\360\216/\242X!D\313'Ezfgo\357\020S\231\272\336\235\351\375\37
  96      1A31 1C48 
  96      80F0 8E2F 
  96      A258 2144 
  96      CB27 457A 
  97 006c 021D 2B8C 		.string	"\002\035+\214\202\320\210\323\367Qfq\030P\267\032\205~\255\026\324aB\251G9\207\322\200r\0
  97      82D0 88D3 
  97      F751 6671 
  97      1850 B71A 
  97      857E AD16 
  98 013e 8B00      		.string	"\213"
  99 0140 2721 93FA 		.string	"'!\223\372\nB\226"
  99      0A42 9600 
 100 0148 95A8 3C86 		.string	"\225\250<\206\312\n\352nl\240r\361IBR\241\032\314p\034$\006\301j/3\323'*\321\321\256\276C
 100      CA0A EA6E 
 100      6CA0 72F1 
 100      4942 52A1 
 100      1ACC 701C 
 101 016f 22F0 4322 		.string	"\"\360C\""
 101      00
 102 0174 682F A053 		.ascii	"h/\240S\266\004:\245\013\221=\271FED^\034\302\247:\031\373\001"
 102      B604 3AA5 
 102      0B91 3DB9 
 102      4645 445E 
 102      1CC2 A73A 
 103 018b 9FCE 6A83 		.ascii	"\237\316j\203\221\250J\235\213\252\304\310\3762+\366]\244/\335"
 103      91A8 4A9D 
 103      8BAA C4C8 
 103      FE32 2BF6 
 103      5DA4 2FDD 
 104 019f 1454 3EAA 		.ascii	"\024T>\252\007\036I4\261\032w\024/\304&\007Z\005\352\216\354"
 104      071E 4934 
 104      B11A 7714 
 104      2FC4 2607 
 104      5A05 EA8E 
 105 01b4 2F4A 9296 		.ascii	"/J\222\226\263\nt\016\335\257\212\223>e\363\332\222\347a\243"
 105      B30A 740E 
 105      DDAF 8A93 
 105      3E65 F3DA 
 105      92E7 61A3 
 106 01c8 0173 3D05 		.ascii	"\001s=\005\222\212\274;\320Z\236\234v\200nk\210\220t\200\325"
 106      928A BC3B 
 106      D05A 9E9C 
 106      7680 6E6B 
 106      8890 7480 
 107 01dd 4B60 B905 		.ascii	"K`\271\005\336\306\343\nu\220\206\317l\203\212<Zx\273\335\230"
 107      DEC6 E30A 
 107      7590 86CF 
 107      6C83 8A3C 
 107      5A78 BBDD 
 108 01f2 5146      		.ascii	"QF"
 109 01f4 C6F0 3790 		.string	"\306\3607\220\377Z\323\016B\266n!\304@aP\253U\001N\203\201\256h450\210\361\325C\006Z7\214
 109      FF5A D30E 
 109      42B6 6E21 
 109      C440 6150 
 109      AB55 014E 
 110 02f5 AB8F BAB6 		.ascii	"\253\217\272\266\356?\037\211\322V\2219\235\332\327?\235\f\231"
 110      EE3F 1F89 
 110      D256 9139 
 110      9DDA D73F 
 110      9D0C 99
 111 0308 6695 2DBC 		.ascii	"f\225-\274\327\022\244l\355\bn\323\331\320\026_\363\304\365\363"
 111      D712 A46C 
 111      ED08 6ED3 
 111      D9D0 165F 
 111      F3C4 F5F3 
 112 031c 3C71 A187 		.ascii	"<q\241\207K\371\023\317M\321\347\220\362i\007\261\203\035\304"
 112      4BF9 13CF 
 112      4DD1 E790 
 112      F269 07B1 
 112      831D C4
 113 032f 56E0 27B1 		.ascii	"V\340'\261=\2571,\251\033\034\032\316e\373\213\bh\326\2757k\373"
 113      3DAF 312C 
 113      A91B 1C1A 
 113      CE65 FB8B 
 113      0868 D6BD 
 114 0346 7B99 ED6F 		.ascii	"{\231\355o\375\323"
 114      FDD3 
 115 034c 73C7 E3A4 		.string	"s\307\343\244rQ\355\207\266\236\242\005R\035[\030J\357\356\272d\306(\300\204\222YL\214\32
 115      7251 ED87 
 115      B69E A205 
 115      521D 5B18 
 115      4AEF EEBA 
 116 044d 1AC2 2024 		.ascii	"\032\302 $2*|#\370\351\355\203\371R4"
 116      322A 7C23 
 116      F8E9 ED83 
 116      F952 34
 117 045c B827 063C 		.string	"\270'\006<\304\301C\f\274\273\342\354\341\244hp_\fx\230\203\207\031\370\352\354\316\331\3
 117      C4C1 430C 
 117      BCBB E2EC 
 117      E1A4 6870 
 117      5F0C 7898 
 118 055d 4349 A166 		.ascii	"CI\241fN\217-G\361\312_\005\\\353\337\230\213\325\277#:\331e"
 118      4E8F 2D47 
 118      F1CA 5F05 
 118      5CEB DF98 
 118      8BD5 BF23 
 119 0574 F37B 1D9B 		.ascii	"\363{\035\233\344\265\030\256\327\263q\001\315\367=\331\237\310"
 119      E4B5 18AE 
 119      D7B3 7101 
 119      CDF7 3DD9 
 119      9FC8 
 120 0586 D5A8 92FD 		.ascii	"\325\250\222\375\013\265\330U%Z\245:|\362:%7\333c\363\346\310"
 120      0BB5 D855 
 120      255A A53A 
 120      7CF2 3A25 
 120      37DB 63F3 
 121 059c 4E65 8D3F 		.ascii	"Ne\215?N\376\300\343q\276\020\226\206A\223\004\316\350\263\333"
 121      4EFE C0E3 
 121      71BE 1096 
 121      8641 9304 
 121      CEE8 B3DB 
 122 05b0 DCAF CB72 		.ascii	"\334\257\313rv\300\341\364;\3342\356\246\234\2438m\271\262=\327"
 122      76C0 E1F4 
 122      3BDC 32EE 
 122      A69C A338 
 122      6DB9 B23D 
 123 05c5 EE54 7C19 		.ascii	"\356T|\031\363\356s\300\357pZ\031\f\231L\334\300\345[(\3136\347"
 123      F3EE 73C0 
 123      EF70 5A19 
 123      0C99 4CDC 
 123      C0E5 5B28 
 124 05dc 465B AE4F 		.ascii	"F[\256Ov\270\235\016\267\"\313\377\002\363E\037;"
 124      76B8 9D0E 
 124      B722 CBFF 
 124      02F3 451F 
 124      3B
 125               		.text
 126               		.section	.gnu.lto_.symtab.d5fb1e590f30e722,"",@progbits
 127 0000 626F 6F74 		.string	"bootmagic_lite_reset_eeprom"
 127      6D61 6769 
 127      635F 6C69 
 127      7465 5F72 
 127      6573 6574 
 128 001c 00        		.string	""
 129 001d 01        		.ascii	"\001"
 130 001e 00        		.string	""
 131 001f 00        		.string	""
 132 0020 00        		.string	""
 133 0021 00        		.string	""
 134 0022 00        		.string	""
 135 0023 00        		.string	""
 136 0024 00        		.string	""
 137 0025 00        		.string	""
 138 0026 00        		.string	""
 139 0027 B400      		.string	"\264"
 140 0029 00        		.string	""
 141 002a 00        		.string	""
 142 002b 626F 6F74 		.string	"bootmagic_lite"
 142      6D61 6769 
 142      635F 6C69 
 142      7465 00
 143 003a 00        		.string	""
 144 003b 01        		.ascii	"\001"
 145 003c 00        		.string	""
 146 003d 00        		.string	""
 147 003e 00        		.string	""
 148 003f 00        		.string	""
 149 0040 00        		.string	""
 150 0041 00        		.string	""
 151 0042 00        		.string	""
 152 0043 00        		.string	""
 153 0044 00        		.string	""
 154 0045 B700      		.string	"\267"
 155 0047 00        		.string	""
 156 0048 00        		.string	""
 157 0049 626F 6F74 		.string	"bootmagic"
 157      6D61 6769 
 157      6300 
 158 0053 00        		.string	""
 159 0054 00        		.string	""
 160 0055 00        		.string	""
 161 0056 00        		.string	""
 162 0057 00        		.string	""
 163 0058 00        		.string	""
 164 0059 00        		.string	""
 165 005a 00        		.string	""
 166 005b 00        		.string	""
 167 005c 00        		.string	""
 168 005d 00        		.string	""
 169 005e B900      		.string	"\271"
 170 0060 00        		.string	""
 171 0061 00        		.string	""
 172 0062 6565 636F 		.string	"eeconfig_disable"
 172      6E66 6967 
 172      5F64 6973 
 172      6162 6C65 
 172      00
 173 0073 00        		.string	""
 174 0074 02        		.ascii	"\002"
 175 0075 00        		.string	""
 176 0076 00        		.string	""
 177 0077 00        		.string	""
 178 0078 00        		.string	""
 179 0079 00        		.string	""
 180 007a 00        		.string	""
 181 007b 00        		.string	""
 182 007c 00        		.string	""
 183 007d 00        		.string	""
 184 007e BB00      		.string	"\273"
 185 0080 00        		.string	""
 186 0081 00        		.string	""
 187 0082 626F 6F74 		.string	"bootloader_jump"
 187      6C6F 6164 
 187      6572 5F6A 
 187      756D 7000 
 188 0092 00        		.string	""
 189 0093 02        		.ascii	"\002"
 190 0094 00        		.string	""
 191 0095 00        		.string	""
 192 0096 00        		.string	""
 193 0097 00        		.string	""
 194 0098 00        		.string	""
 195 0099 00        		.string	""
 196 009a 00        		.string	""
 197 009b 00        		.string	""
 198 009c 00        		.string	""
 199 009d BD00      		.string	"\275"
 200 009f 00        		.string	""
 201 00a0 00        		.string	""
 202 00a1 6D61 7472 		.string	"matrix_get_row"
 202      6978 5F67 
 202      6574 5F72 
 202      6F77 00
 203 00b0 00        		.string	""
 204 00b1 02        		.ascii	"\002"
 205 00b2 00        		.string	""
 206 00b3 00        		.string	""
 207 00b4 00        		.string	""
 208 00b5 00        		.string	""
 209 00b6 00        		.string	""
 210 00b7 00        		.string	""
 211 00b8 00        		.string	""
 212 00b9 00        		.string	""
 213 00ba 00        		.string	""
 214 00bb C900      		.string	"\311"
 215 00bd 00        		.string	""
 216 00be 00        		.string	""
 217 00bf 6973 5F6B 		.string	"is_keyboard_left"
 217      6579 626F 
 217      6172 645F 
 217      6C65 6674 
 217      00
 218 00d0 00        		.string	""
 219 00d1 02        		.ascii	"\002"
 220 00d2 00        		.string	""
 221 00d3 00        		.string	""
 222 00d4 00        		.string	""
 223 00d5 00        		.string	""
 224 00d6 00        		.string	""
 225 00d7 00        		.string	""
 226 00d8 00        		.string	""
 227 00d9 00        		.string	""
 228 00da 00        		.string	""
 229 00db D100      		.string	"\321"
 230 00dd 00        		.string	""
 231 00de 00        		.string	""
 232 00df 6D61 7472 		.string	"matrix_scan"
 232      6978 5F73 
 232      6361 6E00 
 233 00eb 00        		.string	""
 234 00ec 02        		.ascii	"\002"
 235 00ed 00        		.string	""
 236 00ee 00        		.string	""
 237 00ef 00        		.string	""
 238 00f0 00        		.string	""
 239 00f1 00        		.string	""
 240 00f2 00        		.string	""
 241 00f3 00        		.string	""
 242 00f4 00        		.string	""
 243 00f5 00        		.string	""
 244 00f6 D400      		.string	"\324"
 245 00f8 00        		.string	""
 246 00f9 00        		.string	""
 247               		.text
 248               		.section	.gnu.lto_.opts,"",@progbits
 249 0000 272D 666D 		.ascii	"'-fmath-errno' '-fsigned-zeros' '-ftrapping-math' '-fno-trap"
 249      6174 682D 
 249      6572 726E 
 249      6F27 2027 
 249      2D66 7369 
 250 003c 7627 2027 		.ascii	"v' '-fno"
 250      2D66 6E6F 
 251 0044 2D6F 7065 		.string	"-openmp' '-fno-openacc' '-mn-flash=1' '-mno-skip-bug' '-mmcu=avr5' '-gdwarf-2' '-Os' '-We
 251      6E6D 7027 
 251      2027 2D66 
 251      6E6F 2D6F 
 251      7065 6E61 
 252               		.text
 253               		.comm	__gnu_lto_v1,1,1
 254               		.comm	__gnu_lto_slim,1,1
 255               		.ident	"GCC: (GNU) 5.4.0"
DEFINED SYMBOLS
                            *ABS*:0000000000000000 bootmagic_lite.c
     /tmp/ccgPCnoV.s:2      *ABS*:000000000000003e __SP_H__
     /tmp/ccgPCnoV.s:3      *ABS*:000000000000003d __SP_L__
     /tmp/ccgPCnoV.s:4      *ABS*:000000000000003f __SREG__
     /tmp/ccgPCnoV.s:5      *ABS*:0000000000000000 __tmp_reg__
     /tmp/ccgPCnoV.s:6      *ABS*:0000000000000001 __zero_reg__
                            *COM*:0000000000000001 __gnu_lto_v1
                            *COM*:0000000000000001 __gnu_lto_slim

NO UNDEFINED SYMBOLS
