   1               		.file	"matrix.c"
   2               	__SP_H__ = 0x3e
   3               	__SP_L__ = 0x3d
   4               	__SREG__ = 0x3f
   5               	__tmp_reg__ = 0
   6               	__zero_reg__ = 1
   7               		.text
   8               	.Ltext0:
   9               		.section	.gnu.lto_.profile.188a9156887241ec,"",@progbits
  10 0000 789C 6361 		.string	"x\234ca`d`c`"
  10      6064 6063 
  10      6000 
  11 000a 929D CCEB 		.ascii	"\222\235\314\353\030\001\004\036\001H"
  11      1801 041E 
  11      0148 
  12               		.text
  13               		.section	.gnu.lto_.icf.188a9156887241ec,"",@progbits
  14 0000 789C 6361 		.string	"x\234ca`d"
  14      6064 00
  15 0007 8174 0604 		.string	"\201t\006\004\020dX\377\277\241\200\361\360\204=/9\231\272\326.ibd\336\275\360b##\013\230
  15      1064 58FF 
  15      BFA1 80F1 
  15      F084 3D2F 
  15      3999 BAD6 
  16 006f 00        		.string	""
  17 0070 DBBF 3042 		.ascii	"\333\2770B"
  18               		.text
  19               		.section	.gnu.lto_.jmpfuncs.188a9156887241ec,"",@progbits
  20 0000 789C 6361 		.string	"x\234ca`d"
  20      6064 00
  21 0007 81F3 0C08 		.string	"\201\363\f\b\300\303\300\310\310X\317\b\"\230\300\004P\214\005\306`e`"
  21      C0C3 C0C8 
  21      C858 CF08 
  21      2298 C004 
  21      508C 05C6 
  22 001f 516C 108A 		.string	"Ql\020\212\201\003\250\202\271\276\236\201\211\251\022l\020\224\346d`\340\002R\334`!\306\
  22      8103 A882 
  22      B9BE 9E81 
  22      89A9 126C 
  22      1094 E664 
  23 007a BA0B 97DA 		.string	"\272\013\227\332\225P\265\f"
  23      9550 B50C 
  23      00
  24 0083 7DF6 20E9 		.ascii	"}\366 \351"
  25               		.text
  26               		.section	.gnu.lto_.inline.188a9156887241ec,"",@progbits
  27 0000 789C 8590 		.string	"x\234\205\2201\016\202@\020E\377\f\013\342\n\250A\023\n\023\033/`mo\351\251,,)\214\211\03
  27      310E 8240 
  27      1045 FF0C 
  27      0BE2 0AA8 
  27      4113 0A13 
  28 0026 7B1B 4E61 		.string	"{\033Na\210\266\226\2328\273\202\212\r[,\263\363\376\314|F\201`\316\361\375\261'"
  28      88B6 969A 
  28      38BB 828A 
  28      0D5B 2CB3 
  28      F3FE CC7C 
  29 0043 E235 11C1 		.ascii	"\3425\021\301\227\2443\330\3574\274l\314\b\356\207\2262\002j"
  29      97A4 33D8 
  29      EF34 BC6C 
  29      CC08 EE87 
  29      9632 026A 
  30 0057 E00C 2F2A 		.ascii	"\340\f/*1s\336}S@\201;R\234.T\003w\321>\311\020\366\263-WP\030"
  30      3173 DE7D 
  30      5340 813B 
  30      529C 2E54 
  30      0377 D13E 
  31 0073 19E6 4117 		.ascii	"\031\346A\027\226\2556\316?#-\261\217\321\222\210\311tG\3178"
  31      96AD 36CE 
  31      3F23 2DB1 
  31      8FD1 9288 
  31      C974 47CF 
  32 0088 9CE4 E7D2 		.ascii	"\234\344\347\322\241\f\013\354\017h[\204OQ\031\267\341\260\364"
  32      A10C 0BEC 
  32      0F68 5B84 
  32      4F51 19B7 
  32      E1B0 F4
  33 009b 9644 D559 		.ascii	"\226D\325YC\005\365\214\325w0\274\030\027I\376t\353\344\333\356"
  33      4305 F58C 
  33      D577 30BC 
  33      1817 49FE 
  33      74EB E4DB 
  34 00b0 E7DD 57D3 		.ascii	"\347\335W\323\231\250\347\217\033\327\325\216\330\341tQ\272P"
  34      99A8 E78F 
  34      1BD7 D58E 
  34      D8E1 7451 
  34      BA50 
  35 00c2 A17D D972 		.ascii	"\241}\331r\304H\354\210Aq\375]\202\\ndv%:\331dh\314I\370\002"
  35      C448 EC88 
  35      4171 FD5D 
  35      825C 6E64 
  35      7625 3AD9 
  36 00dc C7B9 3039 		.ascii	"\307\27109"
  37               		.text
  38               		.section	.gnu.lto_.pureconst.188a9156887241ec,"",@progbits
  39 0000 789C 6361 		.string	"x\234ca`d\220f``\340a\330\305\310\270\213\221I\202E\202U\202M\202C\212S\202K\202[JPBX\002
  39      6064 9066 
  39      6060 E061 
  39      D8C5 C8B8 
  39      8B91 4982 
  40 0027 340D 02F3 		.ascii	"4\r\002\363"
  41               		.text
  42               		.section	.gnu.lto_setPinOutput_writeLow.188a9156887241ec,"",@progbits
  43 0000 789C 8554 		.string	"x\234\205TkL\233e\024~\317\373~\375Zz\031\227\255\220,\325\f\rY6\315jb\026\371\341\017\17
  43      6B4C 9B65 
  43      147E CFFB 
  43      7EFD 5A7A 
  43      1997 AD90 
  44 00da 7482 400F 		.string	"t\202@\017x\334\003\217y\030\032\030|\f;\t<\327\277z\304\245\247)\374\016\025\024>\001\03
  44      78DC 038F 
  44      7918 1A18 
  44      7C0C 3B09 
  44      3CD7 BF7A 
  45 012e A451 03CA 		.string	"\244Q\003\312i\301\354BG\241YI\330PX\212\310fG\241;\310\346$\341\"u\013\211b:-%[\031\201\
  45      69C1 EC42 
  45      47A1 5949 
  45      D850 588A 
  45      C866 47A1 
  46 01be AA88 0949 		.ascii	"\252\210\tI1f?\215D\243\211\362grW\254+\234\3420\370\f<\3547"
  46      3166 3F8D 
  46      44A3 89F2 
  46      6772 57AC 
  46      2B9C E230 
  47 01d7 68F8 7058 		.ascii	"h\370pX\337\350\237\265I\2275\016w}88#\003\236\225\222\305\360"
  47      DFE8 9FB5 
  47      4997 350E 
  47      777D 3838 
  47      2303 9E95 
  48 01ee B8F3 C2A5 		.ascii	"\270\363\302\245\033\316\312W\333\215\367\260:+9,\367\f\344\035"
  48      1BCE CA57 
  48      DB8D F7B0 
  48      3A2B 392C 
  48      F70C E41D 
  49 0202 B2EB 7350 		.ascii	"\262\353sP\211\362<\3268\007\\VAE\341\263\304\005\303\273)\346"
  49      89F2 3CD6 
  49      3807 5C56 
  49      4145 E1B3 
  49      C405 C3BB 
  50 0218 21B5 DCF8 		.ascii	"!\265\334\370S\253\240\263\224\260\244\204\206\376\323\351\276"
  50      53AB A0B3 
  50      94B0 A484 
  50      86FE D3E9 
  50      BE
  51 0229 6382 6AD4 		.ascii	"c\202j\324@\203A\254q\036\222\313V\005!\024\352\251V]\351V4\241"
  51      4083 41AC 
  51      711E 92CB 
  51      5605 2114 
  51      EAA9 565D 
  52 0241 4BD3 CCC2 		.ascii	"K\323\314\302\212S\271T\302\347\033]l\210B=w\323\256\364\242"
  52      8A53 B954 
  52      C2E7 1B5D 
  52      6C88 423D 
  52      77D3 AEF4 
  53 0256 421A 2CB2 		.ascii	"B\032,\262\305\023KG\337\026\355\320\326\220\306+\217x\033\f"
  53      C513 4B47 
  53      DF16 EDD0 
  53      D690 C62B 
  53      8F78 1B0C 
  54 026a 610C 06C3 		.ascii	"a\f\006\303\320\016\205\241\354\350M\331o?\315Rb\273\252\266"
  54      D00E 85A1 
  54      ECE8 4DD9 
  54      6F3F CD52 
  54      62BB AAB6 
  55 027e FBA3 A56C 		.ascii	"\373\243\245l1\205\002(\206\221\215\251\035\210\"\374\242Y\255"
  55      3185 0228 
  55      8691 8DA9 
  55      1D88 22FC 
  55      A259 AD
  56 0291 131E F1A0 		.ascii	"\023\036\361\240\265\020\342B+A\3766![d\026W!\244\030\255\324"
  56      B510 E242 
  56      2B41 FE36 
  56      215B 6416 
  56      5721 A418 
  57 02a7 402B 907E 		.ascii	"@+\220~\217r/`\271\b\227\3744\316\231\001K\025C-o\235k\341\212"
  57      8F72 2F60 
  57      B908 97FC 
  57      34CE 9901 
  57      4B15 432D 
  58 02c0 A187 E08B 		.ascii	"\241\207\340\213\215e\226!\252\220\241\255\377\223\243\314\314"
  58      8D65 9621 
  58      AA90 A1AD 
  58      FF93 A3CC 
  58      CC
  59 02d1 91DD 44C9 		.ascii	"\221\335D\3116\204\223\276j\246s\253\342S\267M\275\\B\334\205"
  59      3684 93BE 
  59      6AA6 73AB 
  59      E253 B74D 
  59      BD5C 42DC 
  60 02e6 2E15 68BD 		.ascii	".\025h\275g?\353\271.\312~*\230\232\255\365\373#\257-]!\215\341"
  60      673F EBB9 
  60      2ECA 7E2A 
  60      989A ADF5 
  60      FB23 AF2D 
  61 02fe 3EA3 C12B 		.ascii	">\243\301+\221c\237\302\241\374\005\3223\346e\242\265\322\273"
  61      9163 9FC2 
  61      A1FC 05D2 
  61      33E6 65A2 
  61      B5D2 BB
  62 0311 30F8 8F8B 		.ascii	"0\370\217\213\232\246=\224\223nl\031\350\344\314\301\311~\273"
  62      9AA6 3D94 
  62      936E 6C19 
  62      E8E4 CCC1 
  62      C97E BB
  63 0324 9A03 804B 		.ascii	"\232\003\200K\340\341r\032\004\205\265\250q\346fq]+\023y\373"
  63      E0E1 721A 
  63      0485 B5A8 
  63      71E6 6671 
  63      5D2B 1379 
  64 0339 EE4E 3917 		.ascii	"\356N9\0273\3733\307q\031\025\231k\023\276\204\335\210\030\351"
  64      33FB 33C7 
  64      7119 1599 
  64      6B13 BE84 
  64      DD88 18E9 
  65 034d 6BCB 8BFA 		.ascii	"k\313\213\372;\022\221wg\204]\216\337i\332\315\243P\317d\201"
  65      3B12 9177 
  65      6784 5D8E 
  65      DF69 DACD 
  65      A350 CF64 
  66 0362 081B 5DFB 		.ascii	"\b\033]\373K]\024\007\320\272\275\2728\331\346 \325\t%\250\376"
  66      4B5D 1407 
  66      D0BA BDBA 
  66      38D9 E620 
  66      D509 25A8 
  67 0377 317A EB0D 		.ascii	"1z\353\r.\352\345u\374\371\320\311q]\315\375\354H\343\023\347"
  67      2EEA E575 
  67      FCF9 D0C9 
  67      715D CDFD 
  67      EC48 E313 
  68 038c 0F19 46EA 		.ascii	"\017\031F\352)L\013\023j\364\307\301\003c`n\301\2570\027\326"
  68      294C 0B13 
  68      6AF4 C7C1 
  68      0363 606E 
  68      C1AF 3017 
  69 03a1 4183 9C5B 		.ascii	"A\203\234[ro\032\344\346\275tnN3\277{\232\277\226s\374\215\232"
  69      726F 1AE4 
  69      E6BD 746E 
  69      4E33 BF7B 
  69      9ABF 9673 
  70 03b8 E614 DC67 		.ascii	"\346\024\334g\234'\3458O\3418c\262\271\341\261'\327=\233\356"
  70      9C27 E538 
  70      4FE1 3863 
  70      B2B9 E1B1 
  70      27D7 3D9B 
  71 03cd E779 597A 		.ascii	"\347yYz^\221\213 Yb2\333\335\335\325\314\025\263\263\035C\366"
  71      5E91 8B20 
  71      5962 32DB 
  71      DDDD D5CC 
  71      15B3 B31D 
  72 03e3 3451 CBD7 		.ascii	"4Q\313\327\251\375VR{t6\333b\251>k4\001\035\3014T\377\027@\222"
  72      A9FD 5652 
  72      7B74 36DB 
  72      62A9 3E6B 
  72      3401 1DC1 
  73 03fd 8C28 F63B 		.ascii	"\214(\366;\336\216k\2406\035\243\265\f\370\0011\316\203\257$"
  73      DE8E 6BA0 
  73      361D A3B5 
  73      0CF8 0131 
  73      CE83 AF24 
  74 0411 FC35 7589 		.ascii	"\3745u\211\2107^\033\016\325\371\002\321H$Z\343\215\370\353b"
  74      8837 5E1B 
  74      0ED5 F902 
  74      D148 245A 
  74      E38D F8EB 
  75 0426 A1D7 F604 		.ascii	"\241\327\366\004\230\250\r\325\350>\337\363\321}Q\207\317\027"
  75      98A8 0DD5 
  75      E83E DFF3 
  75      D17D 5187 
  75      CF17 
  76 0438 DA1F 0C3D 		.ascii	"\332\037\f=\353\217\371#\370\036\b\007\3755\211Z\237\257(\036"
  76      EB8F F923 
  76      F81E 0807 
  76      FD35 895A 
  76      9FAF 281E 
  77 044c 0BBE E48B 		.ascii	"\013\276\344\213\373\017\004\037\366&\3421o8\364\202\327\177"
  77      FB0F 041F 
  77      F626 E231 
  77      6F38 F482 
  77      D77F 
  78 045e 20E6 0DD5 		.ascii	" \346\r\325\004\302\211\027\203\336D](\354\365\327E#\241\300"
  78      04C2 8917 
  78      83DE 445D 
  78      28EC F5D7 
  78      4523 A1C0 
  79 0472 9E97 9916 		.ascii	"\236\227\231\026\b\207\2305\022\214Dc\2573\341\363\305\265x0"
  79      0887 9835 
  79      128C 4463 
  79      AF33 E1F3 
  79      C5B5 7830 
  80 0486 84E4 FC0B 		.ascii	"\204\344\374\013\323\266=\266"
  80      D3B6 3DB6 
  81               		.text
  82               		.section	.gnu.lto_setPinInputHigh_atomic.188a9156887241ec,"",@progbits
  83 0000 789C 8554 		.string	"x\234\205ToL[U\024\277\347\336\327\327\322\226\201c\205d\251f\270\220e\323\254&\306\210\2
  83      6F4C 5B55 
  83      14BF E7DE 
  83      D7D7 D296 
  83      8163 8564 
  84 00da 7480 C008 		.string	"t\200\300\bx\324\013\217x\031\032\030|\f;\b<\333\267r\250XOS\372mfR\370\004t<\022\240s\34
  84      78D4 0B8F 
  84      7819 1A18 
  84      7C0C 3B08 
  84      3CDB B772 
  85 019c B977 8F4E 		.ascii	"\271w\217N\330\305\036\223\211\271\371\357\334&\023\262IJh\330"
  85      D8C5 1E93 
  85      89B9 F9EF 
  85      DC26 13B2 
  85      494A 68D8 
  86 01b0 4644 F415 		.ascii	"FD\364\025\020\001\275\240\276\341\035\374B?T\021\023\212b\254"
  86      1001 BDA0 
  86      BEE1 1DFC 
  86      423F 5411 
  86      138A 62AC 
  87 01c4 7E0A 8946 		.ascii	"~\n\211F\023\325\317\344\256\332\2279\345a\360\031x\331o\320"
  87      13D5 CFE4 
  87      AEDA 9739 
  87      E561 F019 
  87      78D9 6FD0 
  88 01d8 303B D4F8 		.ascii	"0;\324\370\330\372\004\331\313O\252\240U\016\033>\035\234V)\317"
  88      D8FA 04D9 
  88      CB4F AAA0 
  88      550E 1B3E 
  88      1D9C 5629 
  89 01ed 28C9 62E8 		.ascii	"(\311b\350\3568\177\361\272\273\362\325v\371\036\366g\247\200"
  89      EE38 7FF1 
  89      BABB F2D5 
  89      76F9 1EF6 
  89      67A7 80
  90 0200 C5EE FE29 		.ascii	"\305\356\376)\227:\367Y\250Dy\016\273\234\005\256\372\240\266"
  90      973A F759 
  90      A844 790E 
  90      BB9C 05AE 
  90      FAA0 B6
  91 0213 F0C9 73C1 		.ascii	"\360\311s\301\360v\2129H-6\376*\310\225\022\266\224\3200"
  91      F076 8A39 
  91      482D 36FE 
  91      2AC8 9512 
  91      B694 D030 
  92 0227 7C32 DD7B 		.string	"|2\335{DP\223\032h0\200M\316Ar\321nB\b\205z\252U7u;\2320\244iz~\331m\206T\302\347\353C\03
  92      4450 931A 
  92      6830 804D 
  92      CE41 72D1 
  92      6E42 0885 
  93 0328 7011 BC5C 		.ascii	"p\021\274\\\315\202\240\2646s\230\271\325[\347\362\330\224sW"
  93      CD82 A0B4 
  93      3673 98B9 
  93      D55B E7F2 
  93      D894 7357 
  94 033c 871A 8AE9 		.ascii	"\207\032\212\351\275\231\243\270\212\212\254\245\t_\302.D\f\367"
  94      BD99 A3B8 
  94      8A8A ACA5 
  94      095F C22E 
  94      440C F7
  95 034f B64D 89FA 		.ascii	"\266M\211\372\333\n\261\344\311\b\247\032\276S\264\231G\240\236"
  95      DB0A B1E4 
  95      C908 A71A 
  95      BE53 B499 
  95      47A0 9E
  96 0362 A906 1136 		.ascii	"\251\006\0216\262\372\247yK\\@\313\366\332\302x\233\213T7\224"
  96      B2FA A779 
  96      4B5C 40CB 
  96      F6DA C278 
  96      9B8B 5437 
  97 0377 A2FA C7C8 		.ascii	"\242\372\307\310\2557\270\250Ww\361\247\003\307Gus\352g\206\033"
  97      AD37 B8A8 
  97      5777 F1A7 
  97      03C7 4775 
  97      73EA 6786 
  98 038c 1F3F 7740 		.ascii	"\037?w@\312\324SX\026\306\314\301\037\005/\\\002k\007^\306Z\330"
  98      CAD4 5358 
  98      16C6 CCC1 
  98      1F05 2F5C 
  98      026B 075E 
  99 03a3 078D 712E 		.ascii	"\007\215q.\357\3310\305\344\267&\231o\234\344\257\324\f\177m"
  99      EFD9 30C5 
  99      E4B7 2699 
  99      6F9C E4AF 
  99      D40C 7F6D 
 100 03b7 4E72 0AEE 		.ascii	"Nr\n\3561\312\343j\224'p\224\261\330\207C\372Z`\323\275\002\257"
 100      31CA E36A 
 100      9427 7094 
 100      B1D8 8743 
 100      FA5A 60D3 
 101 03ce A8C0 AB6A 		.ascii	"\250\300\253j\007$K-b\273\272:\233\271I\354\314\211Ag\232\230"
 101      0724 4B2D 
 101      62BB BA3A 
 101      9BB9 49EC 
 101      CC89 4167 
 102 03e4 E56B CC7E 		.ascii	"\345k\314~\243\230=<\223m\261U\237\221M@.\230\204\352\377\022"
 102      A398 3D3C 
 102      936D B155 
 102      9F91 4D40 
 102      2E98 84EA 
 103 03fa 288E 11C5 		.ascii	"(\216\021\305~\307\265\273\f\346\232c\264\223\001\277\037\346"
 103      7EC7 B5BB 
 103      0CE6 9A63 
 103      B493 01BF 
 103      1FE6 
 104 040c 79E0 9544 		.ascii	"y\340\225D\240\246.\021\361\305k\303F\235?\030\215D\2425\276"
 104      A0A6 2E11 
 104      F1C5 6BC3 
 104      469D 3F18 
 104      8D44 A235 
 105 0421 48A0 2E66 		.ascii	"H\240.f\274\266;\310D\255Q\243\373\375\317G\367D]~\277\2617d"
 105      BCB6 3BC8 
 105      44AD 51A3 
 105      FBFD CF47 
 105      F744 5D7E 
 106 0439 3C1B 8805 		.ascii	"<\033\210\005\"\370\036\f\207\0025\211Z\277\277(\036\013\275"
 106      22F8 1E0C 
 106      8702 3589 
 106      5ABF BF28 
 106      1E0B BD
 107 044c E48F 07F6 		.ascii	"\344\217\007\366\205\266\373\022\361\230/l\274\340\013\354\213"
 107      85B6 FB12 
 107      F198 2F6C 
 107      BCE0 0BEC 
 107      8B
 108 045d F98C 9A60 		.ascii	"\371\214\232`8\361b\310\227\2503\302\276@]4b\004w\277\314\264"
 108      38F1 62C8 
 108      97A8 33C2 
 108      BE40 5D34 
 108      6204 77BF 
 109 0473 60D8 60F6 		.ascii	"`\330`\366H(\022\215\275\316\204\337\037\327\342!\003\311\371"
 109      4828 128D 
 109      BDCE 84DF 
 109      1FD7 E221 
 109      03C9 F9
 110 0486 17A8 EA3C 		.ascii	"\027\250\352<)"
 110      29
 111               		.text
 112               		.section	.gnu.lto_select_row.188a9156887241ec,"",@progbits
 113 0000 789C 6550 		.string	"x\234ePMKBQ\020\235s\357\363\203 \250]\220DB n2\351\237\364\007B\334$\364\264L\251\335\27
 113      4D4B 4251 
 113      109D 73EF 
 113      F383 20A8 
 113      5D90 4442 
 114 00c3 7483 E056 		.ascii	"t\203\340Va\360\305\002\272\\\253\325~\n\241\275l#\337+\376\030"
 114      61F0 C502 
 114      BA5C ABD5 
 114      7E0A A1BD 
 114      6C23 DF2B 
 115 00d9 BABB 2045 		.ascii	"\272\273 E\201G0r\205\301\333\340I{v\263\345\373\022\2664\\\225"
 115      8147 3072 
 115      85C1 DBE0 
 115      497B 76B3 
 115      E5FB 12B6 
 116 00f0 F5FA FB93 		.ascii	"\365\372\373\223\317\352\253\r\245F\030\333dJ\rw\356\036n\206"
 116      CFEA AB0D 
 116      A546 18DB 
 116      644A 0D77 
 116      EE1E 6E86 
 117 0104 CA38 C829 		.ascii	"\3128\310)\027\367\340\214\027q\212\300 \331h\274\310h\304\226"
 117      17F7 E08C 
 117      1771 8AC0 
 117      20D9 68BC 
 117      C868 C496 
 118 0118 5E9C A30C 		.ascii	"^\234\243\f\236\343\256\340\002Qz\203;\372?\263\317\021\374\033"
 118      9EE3 AEE0 
 118      0251 7A83 
 118      3BFA 3FB3 
 118      CF11 FC1B 
 119 012c D460 11EB 		.ascii	"\324`\021\353\260\245\237:\310+\351\026k\353r\232\3653\323\304"
 119      B0A5 9F3A 
 119      C82B E916 
 119      6BEB 729A 
 119      F533 D3C4 
 120 0140 7236 96CC 		.ascii	"r6\226\314d\315\310\312\322b\"3\037O\231f*\0311c\231tbm:N2\235"
 120      64CD C8CA 
 120      D262 2233 
 120      1F4F 9966 
 120      2A19 3163 
 121 015c 5AFD 03E6 		.ascii	"Z\375\003\346\332\202\332"
 121      DA82 DA
 122               		.text
 123               		.section	.gnu.lto_row_pins.188a9156887241ec,"",@progbits
 124 0000 789C 6361 		.string	"x\234ca`d"
 124      6064 00
 125 0007 81C9 400C 		.string	"\201\311@\fa10\374ebl\277zi\002\307\027\246Vf\006\306c\214@\376\241O\033\226\363\200\370\
 125      6131 30FC 
 125      6562 6CBF 
 125      7A69 02C7 
 125      17A6 5666 
 126 0086 C274 32AF 		.ascii	"\302t2\257"
 127               		.text
 128               		.section	.gnu.lto_unselect_row.188a9156887241ec,"",@progbits
 129 0000 789C 6550 		.string	"x\234ePMKBQ\020\235s\357\363\203 \250]\220DB n2\351\237\364\007B\332$\244\226)\265s\324\0
 129      4D4B 4251 
 129      109D 73EF 
 129      F383 20A8 
 129      5D90 4442 
 130 00c0 300D 4A5A 		.ascii	"0\rJZ\225%\227\b\350H\255Q\373\245\224\361\272\205\\\267\320"
 130      9525 9708 
 130      E848 AD51 
 130      FBA5 94F1 
 130      BA85 5CB7 
 131 00d5 7099 EEBC 		.ascii	"p\231\356\274Vy\031!\3105\006oK&\355\333\365\246\347[\331\332"
 131      5679 1921 
 131      C835 066F 
 131      4B26 EDDB 
 131      F5A6 E75B 
 132 00eb 7254 56AB 		.ascii	"rTV\253\037O\236L\2177\231G\004\333\022J\003\267\033\017\267"
 132      1F4F 9E4C 
 132      8F37 9947 
 132      04DB 124A 
 132      03B7 1B0F 
 133 0100 4325 1C64 		.ascii	"C%\034d\331\301]8\227E\234\3017H\326j/:\034\262\265\033\027("
 133      D9C1 5D38 
 133      9745 9CC1 
 133      3748 D66A 
 133      2F3A 1CB2 
 134 0118 41E6 382B 		.ascii	"A\3468+\270D\230\336a\231Q\377\231=}%\277A\005\031\022\035\266"
 134      B844 98DE 
 134      6199 51FF 
 134      993D 7D25 
 134      BF41 0519 
 135 012f F652 1B39 		.ascii	"\366R\0339\326N\261\261\216\244E\2770M\254\244#\361T:\026Z]^"
 135      D64E B1B1 
 135      8EA4 45BF 
 135      304D ACA4 
 135      23F1 543A 
 136 0147 8AA6 E617 		.ascii	"\212\246\346\027\022\261X\"\036\212ER\311\350\372\364\002\351"
 136      12B1 5822 
 136      1E8A 4552 
 136      C9E8 FAF4 
 136      02E9 
 137 0159 6462 ED0F 		.ascii	"db\355\017'p\202\363"
 137      2770 82F3 
 138               		.text
 139               		.section	.gnu.lto_unselect_rows.188a9156887241ec,"",@progbits
 140 0000 789C 6552 		.string	"x\234eR=k\024Q\024\275\347\3357;\303\252\230F\261\b\022\205\024i\\\243}Z\261\261\360\017H
 140      3D6B 1451 
 140      14BD E7DD 
 140      373B C3AA 
 140      9846 B108 
 141 008d 9B4D CAFC 		.ascii	"\233M\312\374\313\354\030,\307\353m\3237\343d|y\360\343b\325"
 141      CBEC 182C 
 141      C7EB 6DD3 
 141      37E3 647C 
 141      79F0 E362 
 142 00a2 4547 2226 		.ascii	"EG\"&JM\226\2340\203>\222\260Nk\367\366\201BC\303z\362K\314\242"
 142      4A4D 969C 
 142      3083 3E92 
 142      B04E 6BF7 
 142      F681 4243 
 143 00bc 200A 2197 		.ascii	" \n!\227w\027\343Z\221\217A\003\323\317\356&z\357;Ws\311T|\250"
 143      7717 E35A 
 143      918F 4103 
 143      D3CF EE26 
 143      7AEF 3B57 
 144 00d5 E192 6A4F 		.ascii	"\341\222jO\304\300C\260<\303\351n\234\354\316\231\037\241w\376"
 144      C4C0 43B0 
 144      3CC3 E96E 
 144      9CEC CE99 
 144      1FA1 77FE 
 145 00e9 7CE2 D2B4 		.ascii	"|\342\322\264\356\222{\376\333\227\333\201hU\324R\304\306\223"
 145      EE92 7BFE 
 145      DB97 DB81 
 145      6855 D452 
 145      C4C6 93
 146 00fc 89FD EC4C 		.ascii	"\211\375\354L\364]\022JU\233\306\310\302\035\324\224\372\037"
 146      F45D 124A 
 146      559B C6C8 
 146      C21D D494 
 146      FA1F 
 147 010e 5559 A48A 		.ascii	"UY\244\212\022\3529\221&G\211\230\214\226W\375\237F\025\020\036"
 147      12EA 3991 
 147      2647 8998 
 147      8C96 57FD 
 147      9F46 1510 
 148 0123 4353 6F1A 		.ascii	"CSo\032\246d\200\327Q\333\212w\233\2474\270\316\266\316 \201"
 148      A664 80D7 
 148      51DB 8A77 
 148      9BA7 34B8 
 148      CEB6 CE20 
 149 0138 5E21 3F7B 		.ascii	"^!?{\177\277\265Ye\355\366\267O~\270\343n8\327%\330\204\270\244"
 149      7FBF B559 
 149      65ED F6B7 
 149      4F7E B8E3 
 149      6E38 D725 
 150 0150 F0C6 CA87 		.ascii	"\360\306\312\2077\305iLU]\206{x\212\020O4\223^.-\255q\177)\342"
 150      37C5 694C 
 150      555D 867B 
 150      788A 104F 
 150      3493 5E2E 
 151 016a 02E6 310D 		.ascii	"\002\3461\r\311\223\225\376\f\375\364U:!\251\376g\366S\243\276"
 151      C993 95FE 
 151      0CFD F455 
 151      3A21 A9FE 
 151      67F6 53A3 
 152 017f B610 92E8 		.ascii	"\266\020\222\350\2108\020]\365\311\353\333\315\305=m\276h\225"
 152      8838 105D 
 152      F5C9 EBDB 
 152      CDC5 3D6D 
 152      BE68 95
 153 0192 572F E295 		.ascii	"W/\342\225V1/\rx.\t;0\177*\227\240\254RK\362\023\250a]\224\303"
 153      5631 2F0D 
 153      782E 093B 
 153      307F 2A97 
 153      A0AC 524B 
 154 01ad A035 3456 		.ascii	"\24054V\353\207s&\245\231h\336\231\333s\210\261\2209D[\302(f"
 154      EB87 7326 
 154      A599 68DE 
 154      99DB 7388 
 154      B190 3944 
 155 01c5 9959 4F88 		.ascii	"\231YO\210\370\343>a\362\324\371\rq~\341Ln2i[ \250\364\346\350"
 155      F8E3 3E61 
 155      F2D4 F90D 
 155      717E E14C 
 155      6E32 695B 
 156 01de 95B1 C191 		.ascii	"\225\261\301\221\312X\271t\355\362\245\341\312\205\241\321ry"
 156      CA58 B974 
 156      EDF2 A5E1 
 156      CA85 A1D1 
 156      7279 
 157 01f0 74A4 541E 		.ascii	"t\244T\036\254\\\035\036?1D\030\377\r&\356\3121"
 157      AC5C 1D1E 
 157      3F31 4418 
 157      FF0D 26EE 
 157      CA31 
 158               		.text
 159               		.section	.gnu.lto_init_pins.188a9156887241ec,"",@progbits
 160 0000 789C 6552 		.ascii	"x\234eRMk\024A\020\255\327=3;\031\r\344\242x\b\022\205\034rq"
 160      4D6B 1441 
 160      10AD D73D 
 160      333B 190D 
 160      E4A2 7808 
 161 0019 8DFE 088F 		.ascii	"\215\376\b\217\202\177@B.\006\334\304\217\215\3446\275;;\216"
 161      827F 4042 
 161      2E06 DCC4 
 161      8F8D E436 
 161      BD3B 3B8E 
 162 002d 9EF4 9220 		.ascii	"\236\364\222 \302\222\203\207\304\317\270~\257\2622.\202\227"
 162      C292 8387 
 162      C4CF B87E 
 162      AFB2 322E 
 162      8297 
 163 003f 60F0 E049 		.ascii	"`\360\340I\020w\301\020\022\021\0234\007%\031\253\246\025\304"
 163      1077 C110 
 163      1211 1334 
 163      0725 19AB 
 163      A615 C4
 164 0052 344C 7F54 		.ascii	"4L\177TW\275z\357\3658\004\222qA\021\035\344\3658\177\360\b\352"
 164      57BD 7AEF 
 164      F538 0492 
 164      7141 111D 
 164      E4F5 387F 
 165 0069 EA5B A28A 		.ascii	"\352[\242\212\257\340\330\215\266\233W\276\243\364\2576\221\t"
 165      AFE0 D88D 
 165      B69B 57BE 
 165      A3F4 AF36 
 165      9109 
 166 007b DCE9 5D64 		.ascii	"\334\351]dv\273\200\304\215\017\n\225v\\\204\312!\244\200\227"
 166      76BB 80C4 
 166      8D0F 0A95 
 166      765C 84CA 
 166      21A4 8097 
 167 008f 4F02 FD43 		.ascii	"O\002\375Cm)\264\223\345\246\032\2323<>}\336<U1\361\276X\023"
 167      6D29 B493 
 167      E5A6 1A9A 
 167      333C 3E7D 
 167      DE3C 5531 
 168 00a7 652A EF4E 		.ascii	"e*\357N\230\303\020qZ\267\261=\335\353\325$m\300^b\236\241x\341"
 168      98C3 1071 
 168      5AB7 B13D 
 168      DDEB D524 
 168      6DC0 5E62 
 169 00bf CBEB CF93 		.ascii	"\313\353\317\223j\240\017@\022\263\217\346\n\006o\030S5\351\213"
 169      6AA0 0F40 
 169      12B3 8FE6 
 169      0A06 6F18 
 169      5335 E98B 
 170 00d3 644F CDA4 		.ascii	"dO\315\244\225\201X\0037\241\271\fG\373q\270\337\"\337\302\340"
 170      9581 5803 
 170      37A1 B90C 
 170      47FB 71B8 
 170      DF22 DFC2 
 171 00e8 C289 D464 		.ascii	"\302\211\324dYd\322\247\205\326\265\237~\017\362\250K\261V\036"
 171      5964 D2A7 
 171      85D6 B59F 
 171      7E0F F2A8 
 171      4BB1 561E 
 172 00fc 4FDA CFCF 		.ascii	"O\332\317\317D\337\270!\253ZW\212\027\275\202(m\276QB@:6\233"
 172      44DF B821 
 172      AB5A 578A 
 172      17BD 8228 
 172      6DBE 5142 
 173 0114 5F3E 14C2 		.ascii	"_>\024\302-s\311\230\276X;\231\022V\267\0212\200K]T\205\306\177"
 173      2D73 C998 
 173      BE58 3B99 
 173      1256 B711 
 173      3280 4B5D 
 174 012c 0A72 D4BC 		.ascii	"\nr\324\274\236p\207e\360\2213f\342\366R\341\273\022\266\204"
 174      9E70 8765 
 174      F091 3366 
 174      E2F6 52E1 
 174      BB12 B684 
 175 0140 BB10 9AEB 		.ascii	"\273\020\232\353J\023\273\252\227Q\335H6\353G$;\322n\244A\034"
 175      4A13 BBAA 
 175      9751 DD48 
 175      36EB 4724 
 175      3BD2 6EA4 
 176 0156 7A09 7BF6 		.ascii	"z\t{\366\376-\366\260\223\224w\231-\225\360\352\342\373\327\301"
 176      FE2D F6B0 
 176      9394 7799 
 176      2D95 F0EA 
 176      E2FB D7C1 
 177 016a 2CEA 1593 		.ascii	",\352\025\223\307\013X@\210{\322J.[\255\216\036.\306\332\307"
 177      C70B 5840 
 177      887B D24A 
 177      2E5B AD8E 
 177      1E2E C6DA 
 178 017f 7DCC 82FB 		.ascii	"}\314\202\373\344>50L+p\244\325N\344\236\214=!<`\271\314#\326"
 178      E43E 3530 
 178      4C2B 70A4 
 178      D54E E49E 
 178      8C3D 213C 
 179 0198 01F3 8A66 		.ascii	"\001\363\212f.~\255?\371\303\315g\256\\\3658Yl\004V\033\360\220"
 179      2E7E AD3F 
 179      F9C3 CD67 
 179      AE5C F538 
 179      596C 0456 
 180 01af 1B76 A1FE 		.ascii	"\033v\241\376J\347\244\\\252C\374\307hv\254\217l\030\324Am)\332"
 180      4AE7 A45C 
 180      AA43 FCC7 
 180      6876 AC8F 
 180      6C18 D441 
 181 01c6 6B91 0466 		.ascii	"k\221\004f{\255\263\326ka\\<\312-\242\rFd\267\324<\333\342\353"
 181      7BAD B3D6 
 181      6B61 5C3C 
 181      CA2D A20D 
 181      4664 B7D4 
 182 01de 67F2 4CAE 		.ascii	"g\362L\256<\323*[\377\356\230u\231\344\r\301Q&\273\377\354\344"
 182      3CD3 2A5B 
 182      FFEE 9875 
 182      99E4 0DC1 
 182      5126 BBFF 
 183 01f4 C878 79B2 		.ascii	"\310xy\262T<\177\346\364X\371\344\350D\25141^,\215\224\317\215"
 183      543C 7FE6 
 183      F458 F9E4 
 183      E844 A934 
 183      315E 2C8D 
 184 020b 4D1D 1A25 		.ascii	"M\035\032%L\375\006f{\333\372"
 184      4CFD 0666 
 184      7BDB FA
 185               		.text
 186               		.section	.gnu.lto_col_pins.188a9156887241ec,"",@progbits
 187 0000 789C 2D8B 		.ascii	"x\234-\213\315\n\001Q\024\200\357\271w\304BY\331\335\227\030"
 187      CD0A 0151 
 187      1480 EFB9 
 187      77C4 4259 
 187      D9DD 9718 
 188 0014 36F3 38DE 		.ascii	"6\3638\336\304,LY[YXh\222\337\301\265QD$\224d\304\212\005\033"
 188      C42C 4C59 
 188      5B59 5868 
 188      92DF C1B5 
 188      5144 2494 
 189 002d 4B0B A561 		.ascii	"K\013\245aJ\304\271\035\247\276\316\371\372:\006\003\246\347"
 189      4AC4 B91D 
 189      A7BE CEF9 
 189      FA3A 0603 
 189      A6E7 
 190 003f 84D0 C5D8 		.ascii	"\204\320\305\330\207C\341z\333F\003\356\b\006i\324Ue\370\216"
 190      8743 E17A 
 190      DB46 03EE 
 190      0806 69D4 
 190      5565 F88E 
 191 0053 6B05 88A0 		.ascii	"k\005\210\240\272\023?K\321D\333\345TIP4P\317\227\352\034\250"
 191      BA13 3F4B 
 191      D144 DBE5 
 191      5449 5034 
 191      50CF 97EA 
 192 0069 8680 3EBB 		.ascii	"\206\200>\273\253\332\377W\240\216\274\301\221S~\352\274\370"
 192      ABDA FF57 
 192      A08E BCC1 
 192      9153 7EEA 
 192      BCF8 
 193 007b 86D3 0465 		.ascii	"\206\323\004e\216\272?\250$\325\207\256\343\242\3772\310\003"
 193      8EBA 3FA8 
 193      24D5 87AE 
 193      E3A2 FF32 
 193      C803 
 194 008d ED9B F5D2 		.ascii	"\355\233\365\322\215Y};_\2663\216\340`JP !%\241\213\253\203\264"
 194      8D59 7D3B 
 194      5FB6 338E 
 194      E060 4A50 
 194      2021 25A1 
 195 00a5 110F 6921 		.ascii	"\021\017i!M\244\201\324\221\032H\006=\260\330\017\351\341M\265"
 195      4DA4 81D4 
 195      911A 4806 
 195      3DB0 D80F 
 195      E9E1 4DB5 
 196               		.text
 197               		.section	.gnu.lto_read_cols_on_row.188a9156887241ec,"",@progbits
 198 0000 789C 8556 		.string	"x\234\205V]l\024U\024\276\347\336\331\231\331m\367\247@\241\300\246\2641\244\001\023\201\
 198      5D6C 1455 
 198      14BE E7DE 
 198      D999 D96D 
 198      F7A7 40A1 
 199 0096 CE96 3C00 		.string	"\316\226<"
 200 009a 1CE9 9E7D 		.string	"\034\351\236}\016\\\260?\n\316\245\240\201\007\211\370\305sI4Je\005l\007\242Fi\013J\023\3
 200      0E5C B03F 
 200      0ACE A5A0 
 200      8107 89F8 
 200      C573 4934 
 201 0160 EDCF 55E6 		.string	"\355\317U\346\007\330\033\235\023[\302v\322\303SB\007h>g\2134\017\2426BH\226"
 201      07D8 1B9D 
 201      135B C276 
 201      D2C3 5342 
 201      0768 3E67 
 202 017d D4D9 DEBD 		.string	"\324\331\336\275\211\324\213\332\370\373\273[\332d\326\370\237\315\322;\350\271\034X\347\
 202      89D4 8BDA 
 202      F8FB BB5B 
 202      DA64 D6F8 
 202      9FCD D23B 
 203 020a 02FF 04AD 		.ascii	"\002\377\004\255\372\225\222\351\353\375\222!\\\213\256\256;"
 203      FA95 92E9 
 203      EBFD 9221 
 203      5C8B AEAE 
 203      3B
 204 021b D79C C607 		.ascii	"\327\234\306\007\336Z\317\213\245ThR\242f\364)5\n_\241(y\200"
 204      DE5A CF8B 
 204      A554 6852 
 204      A266 F429 
 204      350A 5FA1 
 205 0232 FBE9 21E7 		.ascii	"\373\351!\347\277\321\371\223\360*\3500\320)\025\026\354|"
 205      BFD1 F993 
 205      F02A E830 
 205      D029 1516 
 205      EC7C 
 206 0244 B4B9 F0D1 		.string	"\264\271\360\321\216 v\335\f \217 \254CS\303\262\020\326Q\342z\017K%p\033\324MZ3\322\374[
 206      8E20 76DD 
 206      0C20 8F20 
 206      AC43 53C3 
 206      B210 D651 
 207 0345 063B 3AF6 		.string	"\006;:\366\256\223\013\333\271A\351kK\223;]^P\346\241S\264\020\210\321\215\235MV\365m\215
 207      AE93 0BDB 
 207      B941 E96B 
 207      4B93 3B5D 
 207      5E50 E6A1 
 208 0408 3161 D4A4 		.string	"1a\324\2440\214\366L\\\212\013\376\357\353\003\3061{\235\270=x;l\274\006\350\254\276\203p
 208      308C F64C 
 208      5C8A 0BFE 
 208      EFEB 03C6 
 208      317B 9DB8 
 209 0486 1DCA E899 		.ascii	"\035\312\350\231?\3073\217b\\\363_5\232\310\2514;\025\256\270"
 209      3FC7 338F 
 209      625C F35F 
 209      359A C8A9 
 209      343B 15AE 
 210 049b EF72 93B7 		.ascii	"\357r\223\267\016g.\005\3714\307\n\337{/!\246\330:\257\357:i"
 210      0E67 2E05 
 210      F934 C70A 
 210      DF7B 2F21 
 210      A6D8 3AAF 
 211 04b2 DD20 17E4 		.ascii	"\335 \027\344\026W\334\307o\032W\322\312\355\254@a/P\334\355"
 211      1657 DCC7 
 211      6F1A 57D2 
 211      CAED AC40 
 211      612F 50DC 
 212 04c7 B8BC 734A 		.ascii	"\270\274sJ\013\361O\202\276\242\270\223\271\274\034\273\234`"
 212      0BF1 4F82 
 212      BEA2 B893 
 212      B9BC 1CBB 
 212      9C60 
 213 04d9 042B B5F8 		.ascii	"\004+\265\370\215\206\362\232\372\206\352E+\226/\253\252OT\324"
 213      8D86 F29A 
 213      FA86 EA45 
 213      2B96 2FAB 
 213      AA4F 54D4 
 214 04ed 5657 D7D6 		.ascii	"VW\327\326,\252.\257\257\253Z\371T\205\210T4\324\325U\326\324"
 214      2CAA 2EAF 
 214      AFAB 5AF9 
 214      5485 8854 
 214      34D4 D555 
 215 0503 278C 24EF 		.ascii	"'\214$\357![W\373VA\316{\342\315\362e\r\225\301\212\332e\211"
 215      215B 57FB 
 215      5641 CE7B 
 215      E2CD F265 
 215      0D95 C18A 
 216 051a AA9A D72A 		.ascii	"\252\232\327*W\006\227W\325$V\324\227\327W\376\r\326F\224\370"
 216      5706 9757 
 216      D524 56D4 
 216      97D7 57FE 
 216      0DD6 4694 
 217               		.text
 218               		.section	.gnu.lto_matrix_slave_scan_user.188a9156887241ec,"",@progbits
 219 0000 789C 6361 		.string	"x\234ca`d"
 219      6064 00
 220 0007 812A 2056 		.string	"\201* V"
 220      00
 221 000c 6269 2066 		.string	"bi fdf`d\232p\216\201\241\221\203\211\221\021\304h\340`d\250gb\254g\374\312\364\227\211\3
 221      6466 6064 
 221      9A70 8E81 
 221      A191 8389 
 221      9111 C468 
 222 00aa 00        		.string	""
 223 00ab BEAB 37C4 		.ascii	"\276\2537\304"
 224               		.text
 225               		.section	.gnu.lto_matrix_slave_scan_kb.188a9156887241ec,"",@progbits
 226 0000 789C 258D 		.ascii	"x\234%\215\275j\002q\020\304w\366/\346\032\301> Z\332\304w\361"
 226      BD6A 0271 
 226      10C4 77F6 
 226      2FE6 1AC1 
 226      3E20 5ADA 
 227 0017 0544 AC84 		.ascii	"\005D\254\204\234\306\344\204t\267~\034Z\332\204<\302i%\226\327"
 227      9CC6 E484 
 227      74B7 7E1C 
 227      5ADA 843C 
 227      C269 2596 
 228 002c 8990 362F 		.ascii	"\211\2206/`\241\244\220 \026\212\244\324s\327\f\f\2730\303o2"
 228      60A1 A490 
 228      2016 8AA4 
 228      D473 D70C 
 228      0CBB 30C3 
 229 0042 0432 C5EA 		.ascii	"\0042\305\352\242\372Q\rG\340\3117Q\317c\300\036\361@!#\304\037"
 229      A2FA 510D 
 229      47E0 C937 
 229      51CF 63C0 
 229      1EF1 4021 
 230 0059 5F18 ABD1 		.ascii	"_\030\253\321.\341r,\252\355\327gA\246KD\216(\345;\211\020\243"
 230      2EE1 722C 
 230      AAED D767 
 230      41A6 4B44 
 230      8E28 E53B 
 231 0070 4C5A FB59 		.ascii	"LZ\373Y\\?r\331\241\325\212\377!\246\310\332\334\274\272\224"
 231      5C3F 72D9 
 231      A1D5 8AFF 
 231      21A6 C8DA 
 231      DCBC BA94 
 232 0084 341D 886C 		.ascii	"4\035\210lJ\272EG\315l\345\304l\327\375b gX\3310IrX?\204\027"
 232      4ABA 4547 
 232      CD6C E5C4 
 232      6CD7 FD62 
 232      2067 58D9 
 233 009f 198B E423 		.ascii	"\031\213\344#\207\224\225\200\031B\212\034\323\036}q\367\246"
 233      8794 9580 
 233      1942 8A1C 
 233      D31E 7D71 
 233      F7A6 
 234 00b1 E9A8 9902 		.ascii	"\351\250\231\002\024W\350t\353\255\240\353W\336^\236\233A\255"
 234      1457 E874 
 234      EBAD A0EB 
 234      57DE 5E9E 
 234      9B41 AD
 235 00c4 D1F6 FD76 		.ascii	"\321\366\375v\253\342\327\203\327\346\373S\203n\246\335Gd"
 235      ABE2 D783 
 235      D7E6 FB53 
 235      836E A6DD 
 235      4764 
 236               		.text
 237               		.section	.gnu.lto_matrix_init.188a9156887241ec,"",@progbits
 238 0000 789C 9554 		.string	"x\234\225T\313KTQ\030?\277s\356cf\034\037\020\325F\302\202\b7\225\264\216\376\204\240E-C\
 238      CB4B 5451 
 238      183F BF73 
 238      EE63 661C 
 238      1F10 D546 
 239 00a1 84F4 C29C 		.string	"\204\364\302\234\277\345\272\304x\333BRVv{\364\314u\375\254\362z\002$\224\020\031\251e\tt
 239      BFE5 BAC4 
 239      78DB 4252 
 239      5676 7BF4 
 239      CC75 FDAC 
 240 00f4 4561 3852 		.ascii	"Ea8R\216\303\345\006\371!\366\367\235\b\274L\306\367\202\341"
 240      8EC3 E506 
 240      F921 F6F7 
 240      9D08 BC4C 
 240      C6F7 82E1 
 241 0108 92A1 A18D 		.ascii	"\222\241\241\215\360\016h\253\024\024\340\320\"]^\302\264\250"
 241      F00E 68AB 
 241      1414 E0D0 
 241      225D 5EC2 
 241      B4A8 
 242 011a 282D 56A9 		.ascii	"(-V\251>\026b\231\370)\315\264\224\364R\277\340\007\251\031\311"
 242      3E16 6299 
 242      F829 CDB4 
 242      94F4 52BF 
 242      E007 A919 
 243 012f 7A58 4032 		.ascii	"zX@2\271\364\315\215\255{\355\236W\226PvF\262\310G\210\021\200"
 243      B9F4 CD8D 
 243      AD7B ED9E 
 243      5796 5076 
 243      46B2 C847 
 244 0146 2316 30DE 		.ascii	"#\0260\336\231\376xS\261\263\257\034r\357L\214\317\272k2\241"
 244      99FE 7853 
 244      B1B3 AF1C 
 244      72EF 4C8C 
 244      CFBA 6B32 
 245 015b 5C6C 8F76 		.ascii	"\\l\217v;\250\024l^\212\317\317\024\335\303\335f\257\231\355"
 245      3BA8 146C 
 245      5E8A CFCF 
 245      14DD C3DD 
 245      66AF 99ED 
 246 016f 213C 460C 		.ascii	"!<F\f\275\240L\360\004\367\240q\373\227\006]\203\353\376\007"
 246      BDA0 4CF0 
 246      04F7 A071 
 246      FB97 065D 
 246      83EB FE07 
 247 0183 50DF 26D0 		.ascii	"P\337&\320S\006\372\201\3707\377\362\026\314\246<J\003\3750\245"
 247      5306 FA81 
 247      F837 FFF2 
 247      16CC A63C 
 247      4A03 FD30 
 248 0198 5B96 4AF4 		.ascii	"[\226J\364Z*--\316\177\001-\235\340\210\\\367p\236l\302\035\n"
 248      5A2A 2D2D 
 248      CE7F 012D 
 248      9DE0 885C 
 248      F770 9E6C 
 249 01af 5AC4 E2F4 		.ascii	"Z\304\342\364\2477\021-B\333\201A\0221\240E<#\021\276\222\224"
 249      A737 112D 
 249      42DB 8141 
 249      1231 A045 
 249      3C23 11BE 
 250 01c5 907F A775 		.ascii	"\220\177\247u\352\250\021\022\246\230\261\271\201t\021#\003\026"
 250      EAA8 1112 
 250      A698 B1B9 
 250      8174 1123 
 250      0316 
 251 01d7 9EA3 DC38 		.ascii	"\236\243\3348m1o\243\222\371\251^lR\275\324Ta\301\375K\316\026"
 251      6D31 6FA3 
 251      92F9 A95E 
 251      6C52 BDD4 
 251      5461 C1FD 
 252 01ee EE1F 0161 		.ascii	"\356\037\001a(\333\277y\264\360T\3753\220z*t\274@\222\246\222"
 252      28DB BF79 
 252      B4F0 54FD 
 252      3390 7A2A 
 252      74BC 4092 
 253 0204 FEE6 D602 		.ascii	"\376\346\326\002T\272WL\271\002\311\033y\365O\023\247@-IK[\320"
 253      54BA 574C 
 253      B902 C91B 
 253      79F5 4F13 
 253      A740 2D49 
 254 021b BDE1 1AAE 		.ascii	"\275\341\032\256\264M\216\234\344p_E}\305-mY\233\333\315\206"
 254      B44D 8E9C 
 254      E470 5F45 
 254      7DC5 2D6D 
 254      599B DBCD 
 255 0230 5CAC 489E 		.ascii	"\\\254H\236\272F:\224\312\227l\021^S\262\303\314\314\207\251"
 255      BA46 3A94 
 255      CA97 6C11 
 255      5E53 B2C3 
 255      CCCC 87A9 
 256 0244 D40F 55D5 		.ascii	"\324\017U\325\307\202\275S\t\025EJ\347\037\325wa\004U\271,QR"
 256      C782 BD53 
 256      0915 454A 
 256      E71F D577 
 256      6104 55B9 
 257 025b 3C4A 71AC 		.ascii	"<Jq\254aym\325\316\252\330Fk\345\247\r\n\320\036c\344\261\034"
 257      6179 6DD5 
 257      CEAA D846 
 257      6BE5 A70D 
 257      0AD0 1E63 
 258 0272 DA71 5465 		.ascii	"\332qTey\374\316\326\215\324\013\230\374K)\177\n}\3366\335\037"
 258      79FC CED6 
 258      8DD4 0B98 
 258      FC4B 297F 
 258      0A7D DE36 
 259 0288 3105 0426 		.ascii	"1\005\004&\310m\236\352\227\255/9\t.\237#\350;\243\250-e\302"
 259      C86D 9EEA 
 259      97AD 2F39 
 259      092E 9F23 
 259      E83B A3A8 
 260 029f 98F5 08CF 		.ascii	"\230\365\b\317\372\273\f\022\303\274\237\272\335\02350.\336\230"
 260      FABB 0C12 
 260      C3BC 9FBA 
 260      DD13 3530 
 260      2EDE 98
 261 02b2 115E 2144 		.ascii	"\021^!D\352\204\325c\023\220=TDH\256\271\313\361\340k\241Y(\316"
 261      EA84 D563 
 261      1390 3D54 
 261      4448 AEB9 
 261      CBF1 E06B 
 262 02ca D0DC 0BBC 		.ascii	"\320\334\013\274\245Y\340\366%T\211\236\235\357\245\005G\207"
 262      A559 E0F6 
 262      2554 899E 
 262      9DEF A505 
 262      4787 
 263 02dc EA83 C9EC 		.ascii	"\352\203\311\354\350\260\353raW\372\376\342]\326u\221\246l\365"
 263      E8B0 EB72 
 263      6157 FAFE 
 263      E25D D675 
 263      91A6 6CF5 
 264 02f0 B819 287D 		.ascii	"\270\031(}\335@\332h\f\367\234\277T]\337x\251\356\320\305sgk"
 264      DD40 DA68 
 264      0CF7 9CBF 
 264      545D DF78 
 264      A9EE D0C5 
 265 0307 1B4F D734 		.ascii	"\033O\3274\324\3255\324\037\252\253n\274P\333t\260F\240\366/"
 265      D4D5 35D4 
 265      1FAA AB6E 
 265      BC50 DB74 
 265      B046 A0F6 
 266 031c B1E3 D0EC 		.ascii	"\261\343\320\354"
 267               		.text
 268               		.section	.gnu.lto_matrix_post_scan.188a9156887241ec,"",@progbits
 269 0000 789C 9556 		.string	"x\234\225V\353O\024W\024\277g\356\316>fg\037R\225\250HA\205\026\024\350\306\244\365C\353\
 269      EB4F 1457 
 269      14BF 67EE 
 269      CE3E 6667 
 269      1F52 95A8 
 270 00c9 E8C6 7003 		.string	"\350\306p\003\013+\334\241:]n\217\346\325}\376"
 270      0B2B DCA1 
 270      3A5D 6E8F 
 270      E6D5 7DFE 
 270      00
 271 00da 84B9 CE20 		.ascii	"\204\271\316 \016\340\020\013e\345\232\264\377Cy\246@Uu\305]"
 271      0EE0 100B 
 271      65E5 9AB4 
 271      FF43 79A6 
 271      4055 75C5 
 272 00ef 7FDE 3EC3 		.ascii	"\177\336>\303(3\372\036<\017E\366\307!\312\031K(\f\226f\300\033"
 272      2833 FA1E 
 272      3C0F 45F6 
 272      C721 CA19 
 272      4B28 0C96 
 273 0106 1954 817D 		.ascii	"\031T\201}\220\307Pu0v\257\324\303\263\201\356\243\273{#\236"
 273      90C7 5075 
 273      3076 AFD4 
 273      C3B3 81EE 
 273      A3BB 7B23 
 274 011b 9CDD 6416 		.ascii	"\234\335d\026\177\372\245/b\304K\263\320\016\366\003\267\233"
 274      7FFA A52F 
 274      62C4 4BB3 
 274      D00E F603 
 274      B79B 
 275 012d 32D2 1DA8 		.ascii	"2\322\035\250\177^\355sF\f\374e\301\001\310!pD=\210\325aL%\311"
 275      7F5E ED73 
 275      460C FC65 
 275      C101 C821 
 275      7044 3D88 
 276 0146 364E 7AD7 		.ascii	"6Nz\327\"u;\371\230\022\345\030\037nG\256|s\317O[\005\262p\373"
 276      2275 3BF9 
 276      9812 E518 
 276      1F6E 47AE 
 276      7C73 CF4F 
 277 015f 45C5 A11A 		.ascii	"E\305\241\032\340y\302{\303\365]'\002\350=n\030\361\355\225\351"
 277      E079 C27B 
 277      C3F5 5D27 
 277      02E8 3D6E 
 277      18F1 ED95 
 278 0174 5BA5 770E 		.ascii	"[\245w\016?H\357\337C\006|\007\322?\034\202\034\2648\233x\022"
 278      3F48 EFDF 
 278      4306 7C07 
 278      D23F 1C82 
 278      1CB4 389B 
 279 018a 0F48 6CCA 		.ascii	"\017Hl\312\272s\270\255\306+\261\203\270\335{\371\314I?\177S"
 279      BA73 B8AD 
 279      C62B B183 
 279      B8DD 7BF9 
 279      CC49 3F7F 
 280 019f 601F 6CBA 		.ascii	"`\037l\272\376\273F\231!vM\345\374\250\304v@\275\304\256C\354"
 280      FEBB 4699 
 280      2176 4DE5 
 280      FCA8 C476 
 280      40BD C4AE 
 281 01b5 C3E3 D80D 		.ascii	"\303\343\330\r\002\333nq\2552\375\245\026\215\220s\370\335\270"
 281      02DB 6E71 
 281      AD32 FDA5 
 281      168D 9073 
 281      F8DD B8
 282 01c8 9148 9846 		.ascii	"\221H\230F\374I\240\345\253\006-\004\214J\240\210\225\213\325"
 282      FC49 A0E5 
 282      AB06 2D04 
 282      8C4A A088 
 282      958B D5
 283 01db 2156 55E0 		.ascii	"!VU\340;\205\215\237aq\203\270\2503p\2014\\\2343I6\213d\263\205"
 283      3B85 8D9F 
 283      6171 83B8 
 283      A833 7081 
 283      345C 9C33 
 284 01f5 663A DDCE 		.ascii	"f:\335\316\241e..\216y\264d\212'Y$\314\246\375\002Z\026\322v"
 284      A165 2E2E 
 284      8E79 B464 
 284      8A27 5924 
 284      CCA6 FD02 
 285 020d 112D B902 		.ascii	"\021-\271\002<\217n\363\tw1\341.\241m\001m\013i\313\3300\266"
 285      3C8F 6EF3 
 285      0977 31E1 
 285      2EA1 6D01 
 285      6D0B 69CB 
 286 0224 0B59 38A2 		.ascii	"\013Y8\242(x\341\003PF\035\027\355; \362\217EO\267\273\250\230"
 286      2878 E103 
 286      5046 1D17 
 286      ED3B 20F2 
 286      8F45 4FB7 
 287 023b F8F6 C08F 		.ascii	"\370\366\300\217\230\351#0\343\377\264\353\244br?"
 287      98E9 2330 
 287      E3FF B4EB 
 287      A462 723F 
 288 024b 6A34 353D 		.string	"j45=\356q\205\237\031\345\206\021\214rWB\301\306\303\021\b#\276\233\365C\244\307|\317R\02
 288      EE71 859F 
 288      19E5 8611 
 288      8C72 5742 
 288      C1C6 C311 
 289 034c E00C 6A92 		.string	"\340\fj\222/ \225\024\274\264&\275\234E/\210M\351\3342\033\367\274n\371B\243\213{\216\377
 289      2F20 9514 
 289      BCB4 26BD 
 289      9C45 2F88 
 289      4DE9 DC32 
 290 0406 1412 50D1 		.ascii	"\024\022P\321P(\n\356b]E\200\007H\220I\251J\275j7\277\265,UX"
 290      5028 0AEE 
 290      625D 4580 
 290      0748 9049 
 290      A94A BD6A 
 291 0420 225A 330A 		.ascii	"\"Z3\n\230\377l\025C\315t^\360\241\235\333\"\342X]\373\016W\212"
 291      98FF 6C15 
 291      43CD 745E 
 291      F0A1 9DDB 
 291      22E2 585D 
 292 0438 FC68 4FD6 		.ascii	"\374hO\326\275\003\263\267\247\254a\312\327\200\002-\243s{r\263"
 292      BD03 B3B7 
 292      A7AC 61CA 
 292      D780 022D 
 292      A373 7B72 
 293 044d 1B27 9ADD 		.ascii	"\033'\232\335\211i\340\026i\"\322\360\3209(8\322\325\345\241"
 293      8969 E016 
 293      6922 D2F0 
 293      D039 2838 
 293      D2D5 E5A1 
 294 0461 8726 CF4A 		.ascii	"\207&\317J\201\t\327\223\021uM0A\240d#\220\305\004\261_`r\222"
 294      8109 D793 
 294      1175 4D30 
 294      41A0 6423 
 294      90C5 04B1 
 295 0479 92CA C9FE 		.ascii	"\222\312\311\376\371R\2660\0052tO!C\021\365\360\206\240\301\002"
 295      F952 B630 
 295      0532 744F 
 295      2143 11F5 
 295      F086 A0C1 
 296 048e D1C4 9B10 		.ascii	"\321\304\233\020\222\360oK\370E\343M/Jv\333)\024o\241\2428(\032"
 296      92F0 6F4B 
 296      F845 E34D 
 296      2F4A 76DB 
 296      2914 6FA1 
 297 04a6 C00A 0495 		.ascii	"\300\n\004\225\255\027IcF\201<(\272\2219\235)\021\366\227\227"
 297      AD17 4963 
 297      4681 3C28 
 297      BA91 399D 
 297      2911 F697 
 298 04bb 11F6 B62D 		.ascii	"\021\366\266-\322\036\b\221G\352\326\315\312\002\321\0239\177"
 298      D21E 0891 
 298      47EA D6CD 
 298      CA02 D113 
 298      397F 
 299 04cd 92C7 08C3 		.ascii	"\222\307\b\303c\244\027d\217\274\326\254\n\212Yjry\376l9w\251"
 299      63A4 1764 
 299      8FBC D6AC 
 299      0A8A 596A 
 299      7279 FE6C 
 300 04e4 C30A 3F17 		.ascii	"\303\n?\027\023\033\247\251\325_\024\022\371\320\243\342\021"
 300      131B A7A9 
 300      D55F 1412 
 300      F9D0 A3E2 
 300      11
 301 04f5 485A 73F5 		.ascii	"HZs\365\240\202`:\303\257,\013\255Q\226\304\006\255H\026\357"
 301      A082 603A 
 301      C3AF 2C0B 
 301      AD51 96C4 
 301      06AD 4816 
 302 050a DE6B 75C8 		.ascii	"\336ku\310\231\244\261B\207\251\273-\261\032\375{a\024\275\344"
 302      99A4 B142 
 302      87A9 BB2D 
 302      B11A FD7B 
 302      6114 BDE4 
 303 051e 67B8 3FAF 		.ascii	"g\270?\257nB\017\271\336rb\266\217\206\234\r\213\213\3419\322"
 303      6E42 0FB9 
 303      DE72 62B6 
 303      8F86 9C0D 
 303      8B8B E139 
 304 0533 A90B E64D 		.ascii	"\251\013\346M)\343\214\004\216E\006w\304\350L\303\224N\367\252"
 304      29E3 8C04 
 304      8E45 0677 
 304      C4E8 4CC3 
 304      944E F7AA 
 305 0547 B6E9 F775 		.ascii	"\266\351\367u_\274R\245\351\007b\372\375\212\323\017\243\340"
 305      5FBC 52A5 
 305      E907 62FA 
 305      FD8A D30F 
 305      A3E0 
 306 0559 948A ABB9 		.ascii	"\224\212\253\271\352\001%\246\003\305\344\300\230\320\273\337"
 306      EA01 25A6 
 306      03C5 E4C0 
 306      98D0 BBDF 
 307 0569 1AB1 B1FA 		.ascii	"\032\261\261\372;;\270\234\300y)\f\304\273I\"\367M\020Y\240\344"
 307      3B3B B89C 
 307      C079 290C 
 307      C4BB 4922 
 307      F74D 1059 
 308 057f 2390 3510 		.ascii	"#\2205\020\305~q\n\204\350\177\301\004l\002\032\201\003r\004"
 308      C57E 710A 
 308      84E8 7FC1 
 308      046C 021A 
 308      8103 7204 
 309 0593 DEA3 1198 		.ascii	"\336\243\021\230/\006F\277\365\241\261$\205W\360~2\362\007\223"
 309      2F06 46BF 
 309      F5A1 B124 
 309      8557 F07E 
 309      32F2 0793 
 310 05a7 222F 4020 		.ascii	"\"/@ {\344\205)D\376\360\005\221o\244\300\177\223\201?\242\300"
 310      7BE4 8529 
 310      44FE F005 
 310      916F A4C0 
 310      7F93 813F 
 311 05bd 0BC4 EC5E 		.ascii	"\013\304\354^*\276^\246\340\277\222\300\301\313`PL\356B\254]"
 311      2ABE 5EA6 
 311      E0BF 92C0 
 311      C1CB 6050 
 311      4CEE 42AC 
 312 05d2 94CF 14AC 		.ascii	"\224\317\024\254\370+mz\003$\005\036\3100d\221\202\330\037\230"
 312      F82B 6D7A 
 312      0324 051E 
 312      C830 6491 
 312      82D8 1F98 
 313 05e6 C47E 071B 		.ascii	"\304~\007\033\302\327&Q\351\227I9\004;\035H7\237\240\203\237"
 313      C2D7 2651 
 313      E997 4939 
 313      043B 1D48 
 313      379F A083 
 314 05fb E830 8C5F 		.ascii	"\3500\214_e\361\345\230Z\346G\233\213\327m\332\\R\264\361\303"
 314      65F1 E598 
 314      5AE6 479B 
 314      8BD7 6DDA 
 314      5C52 B4F1 
 315 0610 B56B 36AD 		.ascii	"\265k6\255X\271\276\244d\375\272\242\222\342M\033\326|Z\270\222"
 315      58B9 BEA4 
 315      64FD BAA2 
 315      92E2 4D1B 
 315      D67C 5AB8 
 316 0625 B956 AE2E 		.ascii	"\271V\256.^\367\301\252\367\365\215k\213?^\265B\312a\315\177"
 316      5EF7 C1AA 
 316      F7F5 8D6B 
 316      8B3F 5EB5 
 316      42CA 61CD 
 317 063a A008 11F6 		.ascii	"\240\b\021\366"
 318               		.text
 319               		.section	.gnu.lto_matrix_scan.188a9156887241ec,"",@progbits
 320 0000 789C 8D54 		.ascii	"x\234\215TML\\U\024>\337\275o\336{\363\007\030\243q16u\301\242"
 320      4D4C 5C55 
 320      143E DFBD 
 320      6FDE 7BF3 
 320      0718 A371 
 321 0019 9A48 93AE 		.ascii	"\232H\223\256e\345F\343\312\270'd$J\3020:\016\352n.\274yE\222"
 321      65E5 46E3 
 321      CAB8 2764 
 321      244A C230 
 321      3A0E EA6E 
 322 0032 2EDA 8C60 		.ascii	".\332\214`\210\265\230\270@D[\240\266\202P}TL\\\020\333T\033"
 322      88B5 98B8 
 322      4044 5BA0 
 322      B682 507D 
 322      544C 5C10 
 323 0049 178D 29AD 		.ascii	"\027\215)\255\212\244q\301\220\232h\323v<\347\276\301\320vL|"
 323      8AA4 71C1 
 323      909A 68D3 
 323      763C E7BE 
 323      C1D0 764C 
 324 005e C9DC 77CF 		.ascii	"\311\334w\317\275\347\234\357;\3379o\034\002\311\363l\202\350"
 324      BDE7 9CEF 
 324      3BDF 396F 
 324      1C02 C9F3 
 324      6C82 E8
 325 0071 397E BFC9 		.ascii	"9~\277\311?$\t\352\350\367D\303\276\202\023ot\274Y\365\035\245"
 325      3F24 09EA 
 325      E8F7 44C3 
 325      BE82 136F 
 325      74BC 59F5 
 326 0087 A36E 32A9 		.ascii	"\243n2\251\304\305v2\231\204\362W\366\261\345\376\330\305\226"
 326      C4C5 7632 
 326      9984 F257 
 326      F6B1 E5FE 
 326      D8C5 96
 327 009a DBB4 3C6B 		.ascii	"\333\264<ky\360\343X\037\220\215\361A\025\245\235\204\353\371"
 327      79F0 E358 
 327      1F90 8DF1 
 327      4115 A59D 
 327      84EB F9
 328 00ad A828 8710 		.ascii	"\250(\207\020\001\216]\204\301\237\352\216Bm\374\350\325\266"
 328      018E 5D84 
 328      C19F EA8E 
 328      426D FCE8 
 328      D5B6 
 329 00bf 03D3 C68C 		.ascii	"\003\323\306\214\230\215o\027\236_5\341c\241&j(\302\241\034\016"
 329      988D 6F17 
 329      9E5F 35E1 
 329      63A1 266A 
 329      28C2 A11C 
 330 00d4 E684 DD34 		.ascii	"\346\204\3354\016\020\273\236\370\241\372\213\322O@\366\325c"
 330      0E10 BB9E 
 330      F8A1 FA8B 
 330      D24F 40F6 
 330      D563 
 331 00e6 3FAF 399D 		.ascii	"?\2579\235\037IX\364S-[5\321\360\376P\003\037C\357\r%\361]\330"
 331      1F49 58F4 
 331      532D 5B35 
 331      D1F0 FE50 
 331      031F 43EF 
 332 00ff 3E16 421F 		.ascii	">\026B\037\264q\033s\227.\252f\334DM\2319\343K\330'-\302\256"
 332      B471 1B73 
 332      972E AA66 
 332      DC44 4D99 
 332      39E3 4BD8 
 333 0117 CFDF 1DCF 		.ascii	"\317\337\035\317\272U\303\317~\314\242\0233\350\024^L\350S\270"
 333      BA55 C3CF 
 333      7ECC A213 
 333      33E8 145E 
 333      4CE8 53B8 
 334 012b 2CA2 DE3D 		.ascii	",\242\336=e\347\315\337n\275\233\324\335\026\343\367\355\023"
 334      65E7 CDDF 
 334      6EBD 9BD4 
 334      DD16 E3F7 
 334      ED13 
 335 013d 4792 4D8C 		.ascii	"G\222M\214\251\332#Mn\204\317\356\007\301It\236z12\215F`\242"
 335      A9DA 234D 
 335      6E84 CFEE 
 335      07C1 4974 
 335      9E7A 3132 
 336 0155 F187 9717 		.ascii	"\361\207\227\027\227S\017\201$\253\262w\232B\255<^\340\313\222"
 336      9753 0F81 
 336      24AB B277 
 336      9A42 AD3C 
 336      5EE0 CB92 
 337 0169 B487 29DE 		.ascii	"\264\207)\336\3524/N\206\227D;\t\203\016\022\321h\233\331q\227"
 337      EA34 2F4E 
 337      8697 443B 
 337      0983 0E12 
 337      D168 9BD9 
 338 017f EA4A F14B 		.ascii	"\352J\361K_\307H\364^-k\331\316Z\226\023\341\371\013\336M%\025"
 338      5FC7 48F4 
 338      5E2D 6BD9 
 338      CE5A 9613 
 338      E1F9 0BDE 
 339 0196 134E 2147 		.ascii	"\023N!G\342\302\024\357\257\226al\221Lq\216\203O\336\033\314"
 339      E2C2 14EF 
 339      AF96 616C 
 339      914C 718E 
 339      834F DE1B 
 340 01ab 0384 7948 		.ascii	"\003\204yH\tu\245)\352\326[\b\243\371\332\343\342\033h\217]\227"
 340      0975 A529 
 340      EAD6 5B08 
 340      A3F9 DAE3 
 340      E21B 688F 
 341 01c1 96FE B8E2 		.ascii	"\226\376\270\342U\356\230w\214\351\b\265\333P\254\026\026P\241"
 341      55EE 9877 
 341      8CE9 08B5 
 341      DB50 AC16 
 341      1650 A1
 342 01d4 BD69 3C2B 		.ascii	"\275i<+\326\275\256\336\230\216\305\277\261~y-5\205\017\206\215"
 342      D6BD AEDE 
 342      988E C5BF 
 342      B17E 792D 
 342      3585 0F86 
 343 01e9 3DF7 F139 		.ascii	"=\367\3619*8-\240|\371\341\255\277/g8"
 343      2A38 2DA0 
 343      7CF9 E1AD 
 343      BF2F 6738 
 344 01f9 C697 2467 		.string	"\306\227$g0\005A&\234E%\320\2348I\233\b\376:|[\305\204\374@\203iq\255\366@\244\340C\361\2
 344      3005 4126 
 344      9C45 25D0 
 344      9C38 499B 
 344      08FE 3A7C 
 345 02fa 3FDB E039 		.string	"?\333\3409'\2541\267P\267\331\221\220ojF\332\335.\355\276\022\234\236~!\216\266m\265_w]\2
 345      27AC 31B7 
 345      50B7 D991 
 345      906F 6A46 
 345      DADD 2EED 
 346 034d 47B2 62FB 		.ascii	"G\262b\373^\037\352\035,\017\025\272\336xm\240\277\334\223/\026"
 346      5E1F EA1D 
 346      2C0F 15BA 
 346      DE78 6DA0 
 346      BFDC 932F 
 347 0362 0AC5 C1AE 		.ascii	"\n\305\301\256Bo\271\324\377\366\323yj+\365\025\212\345\276\236"
 347      426F B9D4 
 347      FFF6 D379 
 347      6A2B F515 
 347      8AE5 BE9E 
 348 0376 FCAB BD83 		.ascii	"\374\253\275\203\257\364\275\234\035(\346{\007v\255t~\250T\352"
 348      AFF4 BD9C 
 348      1D28 E67B 
 348      0776 AD74 
 348      7EA8 54EA 
 349 038a 1B2C F794 		.ascii	"\033,\367\224\212o\375\003\327N\320\002"
 349      8A6F FD03 
 349      D74E D002 
 350               		.text
 351               		.section	.gnu.lto_.symbol_nodes.188a9156887241ec,"",@progbits
 352 0000 789C 5DD1 		.string	"x\234]\321\311R\302@\024\205\341s\323I\b\340\024&\007T\364Io\203\021\025\034\020\027.\334
 352      C952 C240 
 352      1485 E173 
 352      D349 08E0 
 352      1426 0754 
 353 003e 389F 60A0 		.ascii	"8\237`\240\367\b\311\275\036je\354\013LY\373\006;\031\363\346"
 353      F708 C9BD 
 353      1E6A 65EC 
 353      0B4C 59FB 
 353      063B 19F3 
 354 0053 205D 0294 		.ascii	" ]\002\224\263\004\253\354\201\037\260\2335M\354e/Y\030N.i\022"
 354      B304 ABEC 
 354      811F B09B 
 354      354D EC65 
 354      2F59 184E 
 355 006a FBD9 031F 		.ascii	"\373\331\003\037\340\334\237=\350C#\357\340\300\226\026q\336"
 355      E0DC 9F3D 
 355      E843 23EF 
 355      E0C0 9616 
 355      71DE 
 356 007c 12AF 4DEA 		.ascii	"\022\257M\352\300|\233\367\n\267Y\222\301\033\274tpBHVN\311\227"
 356      C07C 9BF7 
 356      0AB7 5992 
 356      C11B BC74 
 356      7042 4856 
 357 0093 3A47 C405 		.ascii	":G\304\005\373\354%\345\322\327\211\210\213\326\022\335\020\257"
 357      FBEC 25E5 
 357      D2D7 8988 
 357      8BD6 12DD 
 357      10AF 
 358 00a5 2402 686D 		.ascii	"$\002hm\216S\237x\325\202.\361\232\005\035\342u\013\316\2107"
 358      8E53 9F78 
 358      D582 2EF1 
 358      9A05 1DE2 
 358      750B CE88 
 359 00ba 2C38 260E 		.ascii	",8&\016-\350\021\227,\270\".[pA\\\261\340\234\270j\3015q\355"
 359      2DE8 1197 
 359      2CB8 222E 
 359      5B70 415C 
 359      B1E0 9CB8 
 360 00d3 3F28 F3AB 		.ascii	"?(\363\253\247OKR.\245\365\b\255\341\"\247|\017\261\314}B<\177"
 360      A74F 4B52 
 360      2EA5 F508 
 360      ADE1 22A7 
 360      7C0F B1CC 
 361 00eb A9AB C0C1 		.ascii	"\251\253\300\301X\346A\025\263\244.\306\375\347\206\n*\230I\013"
 361      58E6 4115 
 361      B3A4 2EC6 
 361      FDE7 860A 
 361      2A98 490B 
 362 00ff F974 7F71 		.ascii	"\371t\177q\033\243\244>\342\266\361\342\026f\035\351&\242\256"
 362      1BA3 A43E 
 362      E2B6 F1E2 
 362      1666 1DE9 
 362      26A2 AE
 363 0112 B486 9134 		.ascii	"\264\206\2214\334\303D\366\205\273\210\332\346ya\035\223[\351"
 363      DCC3 44F6 
 363      85BB 88DA 
 363      E679 611D 
 363      935B E9
 364 0125 0E26 77D2 		.ascii	"\016&w\322\002\246\322r\200\351@\272\217H\356)\207\210M\361\013"
 364      02A6 D272 
 364      80E9 40BA 
 364      8F48 EE29 
 364      8788 4DF1 
 365 013a 078E A9B2 		.ascii	"\007\216\251\262"
 366               		.text
 367               		.section	.gnu.lto_.refs.188a9156887241ec,"",@progbits
 368 0000 789C 15C4 		.ascii	"x\234\025\304A\n\0021\020E\301\367\2733\311\240\351\244'\256"
 368      410A 0231 
 368      1045 C1F7 
 368      BB33 C9A0 
 368      E9A4 27AE 
 369 0014 4410 BC81 		.ascii	"D\020\274\201(\336\311\373\237@\254E\025\304\027\220\341\246"
 369      28DE C9FB 
 369      9F40 AC45 
 369      15C4 1790 
 369      E1A6 
 370 0026 F26F C35D 		.ascii	"\362o\303]\225V\264\323j=\323\215\356\212\252\261kve\214\203"
 370      9556 B4D3 
 370      6A3D D38D 
 370      EE8A AAB1 
 370      6B76 658C 
 371 003b D82C 1BEB 		.ascii	"\330,\033\353\244\325\031S\271\264\256\214\033yW>\210\247\345"
 371      A4D5 1953 
 371      B9B4 AE8C 
 371      1B79 573E 
 371      88A7 E5
 372 004e 8BF1 B6FC 		.ascii	"\213\361\266\374\224\213M'\302r\332L~\304;\004Q"
 372      948B 4D27 
 372      C272 DA4C 
 372      7EC4 3B04 
 372      51
 373               		.text
 374               		.section	.gnu.lto_.decls.188a9156887241ec,"",@progbits
 375 0000 789C A558 		.string	"x\234\245XiPT\331\025~\367\275nh\232\246q\334bM\310\30415\025+\213L2\211\031\223\252\304\
 375      6950 54D9 
 375      157E F7BD 
 375      6E68 9AA6 
 375      71DC 624D 
 376 0057 1724 E7DC 		.string	"\027$\347\334{_\277\327\b3S\311+N\277w\357=\347;\3379\367\334\373\356C'\020\001\257\3473\
 376      7B5F BFD7 
 376      0833 53C9 
 376      2B4E BF77 
 376      EF3D E73B 
 377 00ad E905 7904 		.string	"\351\005y\004\322\017\362\030d\004\344\t\310\013\004\006\032\201 \006x\f\202\273\td\006\3
 377      D20F F218 
 377      6404 E409 
 377      C80B 0406 
 377      1A81 2006 
 378 00ec 120E 321D 		.ascii	"\022\0162\035\306fr{\211c\374\b\372\177:\001[\340q\376\277\370"
 378      C666 727B 
 378      8963 FC08 
 378      FA7F 3A01 
 378      5BE0 71FE 
 379 0102 355F 828F 		.ascii	"5_\202\2179\f\342\370\271\034\027\361\027\202n0"
 379      390C E2F8 
 379      B91C 17F1 
 379      1782 6E30 
 380 0112 613E 7F06 		.string	"a>\177\006\367\023\\_\3446\325,e4O\332\013\333\022\307@\016\301\223\370T.\357\377\340\333
 380      F713 5C5F 
 380      E436 D52C 
 380      6534 4FDA 
 380      0BDB 12C7 
 381 0213 5139 0BDC 		.string	"Q9\013\334\017b\341\274\343^w\213\317W\220\306\267\366\032\023I\301\332\356C\206!\221\204
 381      0F62 E1BC 
 381      E35E 778B 
 381      CF57 90C6 
 381      B7F6 1A13 
 382 02ce 9784 8791 		.string	"\227\204\207\221\002h\202vF\325P\243\236\031\033\240Y\376(\267<\204A{p\270\376\334\375\02
 382      0268 8276 
 382      46D5 50A3 
 382      9E19 1BA0 
 382      59FE 28B7 
 383 0311 0725 37DB 		.string	"\007%7\333=\206\351\311<\261\213\031\336g0^D\351\226\221\351\ni\324>\323Y\3610\310\224\20
 383      3D86 E9C9 
 383      3CB1 8B19 
 383      DE67 305E 
 383      44E9 9691 
 384 03b5 BF6E 7057 		.string	"\277npW\"\321AhTc\271\016\373Zz\326{\003\347\244\242\271G\226\347\022\262l6\367#\220\023d
 384      22D1 4168 
 384      5463 B90E 
 384      FB5A 7AD6 
 384      7B03 E7A4 
 385 045f A991 9168 		.ascii	"\251\221\221h?"
 385      3F
 386 0464 D8D0 2171 		.string	"\330\320!q\230T\257(\027\312\2700\020\344\224\nrJ\013\342e\331\330._\b\225:\030\310\203Ku
 386      9854 AF28 
 386      17CA B830 
 386      10E4 940A 
 386      724A 0BE2 
 387 0565 2980 2D4F 		.string	")\200-Ob>>\227\213\367\230\301G\027\270\251\036 X\221\261X\22181\027\025/\3442\321aKu\324
 387      623E 3E97 
 387      8BF7 98C1 
 387      4717 B8A9 
 387      1E20 5891 
 388 0599 8E7D 0CD6 		.string	"\216}\f\326\033\274\rt\024\370\212\017\370*"
 388      1BBC 0D74 
 388      14F8 8A0F 
 388      F82A 00
 389 05a8 5FD1 025F 		.ascii	"_\321\002_\243\300\367=iOuR9\003\316OOx\256\003\230,HC\325&\311"
 389      A3C0 F73D 
 389      694F 7552 
 389      3903 CE4F 
 389      4F78 AE03 
 390 05c3 B768 10E9 		.ascii	"\267h\020\351\272\232\210\353Z\230.\ns\275n{\262N:\311`n\244"
 390      BA9A 88EB 
 390      5A98 2E0A 
 390      73BD 6E7B 
 390      B24E 3AC9 
 391 05da 7A32 A7CC 		.ascii	"z2\247\314\374M\277\202\337(\327\224\342\206\323\005\036\207"
 391      FC4D BF82 
 391      DF28 D794 
 391      E286 D305 
 391      1E87 
 392 05ec 5B94 C483 		.ascii	"[\224\304\203\016\271\241\372\273\241\365w\213\372\313\276\330"
 392      0EB9 A1FA 
 392      BBA1 F577 
 392      8BFA CBBE 
 392      D8
 393 05fd 531B 22B5 		.ascii	"S\033\"\2653\177\373w\037\253\013\320\372\303\222U\374\335\366"
 393      337F FB77 
 393      1FAB 0BD0 
 393      FAC3 9255 
 393      FCDD F6
 394 0610 F357 DDD7 		.ascii	"\363W\335\327\327b\346\021\246\264\231|\021\202\026\351V=vk="
 394      D762 E611 
 394      A6B4 997C 
 394      1182 16E9 
 394      563D 766B 
 395 0625 DE61 533D 		.ascii	"\336aS=\356\215\025\245.\346qwQ\337\272@\244\215/\337\207o\255"
 395      EE8D 15A5 
 395      2EE6 7177 
 395      51DF BA40 
 395      A48D 2FDF 
 396 063c 956B 094D 		.ascii	"\225k\tM\322]\025\342./Fr\217\232\027$d\226\030\2441f\336\233"
 396      D25D 15E2 
 396      2E2F 4672 
 396      8F9A 1724 
 396      6496 18A4 
 397 0654 927F D0C0 		.ascii	"\222\177\320\300\314=C\263\022$j{_\265\275\257\330>\240\266\261"
 397      CC3D 43B3 
 397      1224 6A7B 
 397      5FB5 BDAF 
 397      D83E A0B6 
 398 0669 7B76 8E19 		.ascii	"{v\216\031\2454\211\332\216l+I\343\266]\205\231f\237\353\036"
 398      A534 89DA 
 398      8E6C 2B49 
 398      E3B6 5D85 
 398      9966 9FEB 
 399 067e D5BC 4731 		.ascii	"\325\274G1\357\245\346[\263\333\313\003\245&f\336Q\274#\206["
 399      EFA5 E65B 
 399      B3DB CB03 
 399      A526 66DE 
 399      51BC 2386 
 400 0693 BF28 32F9 		.ascii	"\277(2\371\254\037\252\326\017\025\353G\324z\355\326\243\217"
 400      AC1F AAD6 
 400      0F15 EB47 
 400      D47A EDD6 
 400      A38F 
 401 06a5 F4D2 7566 		.ascii	"\364\322uf]|\272r0\210\233W^\017\241\346\270\031\366\251\346"
 401      5D7C BA72 
 401      3088 9B57 
 401      5E0F A1E6 
 401      B819 F6A9 
 402 06ba 7D8A 793F 		.ascii	"}\212y?5O\257\030z&J\261:j~9\276,Cd\346Y\205\235\242\347M\352"
 402      354F AF18 
 402      7A26 4AB1 
 402      3A6A 7E39 
 402      BE2C 4364 
 403 06d6 7B40 351E 		.ascii	"{@5\036P\214\0373\346\3337U\023)\231\031\247Vu\344\213\276M\205"
 403      508C 1F33 
 403      E6DB 3755 
 403      1329 9919 
 403      A756 75E4 
 404 06ee ED48 8F0E 		.ascii	"\355H\217\016\255\033R7\232!\266\321t\017\246n$Sl\267\303\264"
 404      AD1B 5237 
 404      9A21 B6D1 
 404      740F A66E 
 404      2453 6CB7 
 405 0704 1ABE 50D6 		.ascii	"\032\276P\326}kA\302.3\217'\371\326\322V9k\016\252\220A\225\322"
 405      7D6B 41C2 
 405      2E33 8F27 
 405      F9D6 D256 
 405      396B 0EAA 
 406 071c A042 6984 		.ascii	"\240Bi\204R\032\035\354\253\t\225j\031\245\326\301\242ZI\311"
 406      521A 1DEC 
 406      AB09 956A 
 406      19A5 D6C1 
 406      A25A 49C9 
 407 0730 66A9 9ACD 		.ascii	"f\251\232\315Q\325|T1\177B\315\275\307/g\033\245\013_7\242g,"
 407      51D5 7C54 
 407      317F 42CD 
 407      BDC7 2F67 
 407      1BA5 0B5F 
 408 0748 A24F 339F 		.ascii	"\242O3\237]5O\265\240\306hH\317\225\220\326\305\3676K\276\220"
 408      5D35 4FB5 
 408      A0C6 6848 
 408      CF95 90D6 
 408      C5F7 364B 
 409 075e 96D0 9040 		.ascii	"\226\320\220@\205<U9=U8\275\240\234\236\307\2377Kw\031\245G\355"
 409      853C 5539 
 409      3D55 38BD 
 409      A09C 9EC7 
 409      9F37 4B77 
 410 0776 9B4B F4DC 		.ascii	"\233K\364\334z\350\356\342\264$\031\252\023\227\343\270j>\256"
 410      7AE8 EEE2 
 410      B424 19AA 
 410      1397 E3B8 
 410      6A3E AE
 411 0789 98CB 229A 		.ascii	"\230\313\"\232?\332\222\232o\226R\365\324\276t| =\230\322G\212"
 411      3FDA 929A 
 411      6F96 52F5 
 411      D4BE 747C 
 411      203D 98D2 
 412 079f 2CA4 E1EE 		.ascii	",\244\341\356V\257\336\367*\211\023ig^O\323\277}a\306\263\276"
 412      56AF DEF7 
 412      2A89 1369 
 412      675E 4FD3 
 412      BF7D 61C6 
 413 07b5 131F 3F6E 		.ascii	"\023\037?n4\372:\023X\347\027'\2073\246:\275\254\0231\364\265"
 413      34FA 3A13 
 413      58E7 1727 
 413      8733 A63A 
 413      BDAC 1331 
 414 07cb 220F 7DFD 		.ascii	"\"\017}\375\236"
 414      9E
 415 07d0 D46F F98A 		.ascii	"\324o\371\212S\242\263\001\032\004\226\255B\035\036\031\365\365"
 415      53A2 B301 
 415      1A04 96AD 
 415      421D 1E19 
 415      F5F5 
 416 07e2 94FA E58E 		.ascii	"\224\372\345\216+-A\322nF=\355Vq\262\341"
 416      2B2D 41D2 
 416      6E46 3DED 
 416      5671 B2E1 
 417 07f2 8DBD D4BC 		.string	"\215\275\324\274\270\361\273\371qrB\274\201\036j\023\031\200\346(\234\2108\344c\361\rL\33
 417      B8F1 BBF9 
 417      7172 42BC 
 417      811E 6A13 
 417      1980 E628 
 418 08f3 04D6 E88E 		.string	"\004\326\350\216\t\020;(D\032\205\250\355\253\377B\224\3162\210\033\347\236\365\232\030\2
 418      0910 3B28 
 418      441A 85A8 
 418      EDAB FF42 
 418      94CE 3288 
 419 0964 E1CD E9A3 		.string	"\341\315\351\243\264\213\302\355\246pM\215\375\005f,\213\370\257\361\235\2145\326\265\377
 419      B48B C2ED 
 419      A670 4D8D 
 419      FD05 662C 
 419      8BF8 AFF1 
 420 0a4e ADAB AE83 		.string	"\255\253\256\203\205\273B\370wa\365\343\305e\007c\361\244\226\265\204\036\257H\241\272\30
 420      85BB 42F8 
 420      7761 F5E3 
 420      C565 0763 
 420      F1A4 96B5 
 421 0a98 3FA7 5FBD 		.ascii	"?\247_\275A\330\361m\217\210j\3443\225\305gZ\026\245\224E\372"
 421      41D8 F16D 
 421      8F88 6AE4 
 421      3395 C567 
 421      5A16 A594 
 422 0aae DD96 BD46 		.ascii	"\335\226\275Fm\354\270\323\252\261\227\361\330\313h\354Mm\231"
 422      6DEC B8D3 
 422      AAB1 97F1 
 422      D8CB 68EC 
 422      4D6D 99
 423 0ac1 3966 AD32 		.ascii	"9f\2552~\272j\376\265\301\225\313\251r\332\241\312D\277\257\242"
 423      7EBA 6AFE 
 423      B5C1 95CB 
 423      A972 DAA1 
 423      CA44 BFAF 
 424 0ad6 063F E5A3 		.ascii	"\006?\345\243\\\371(UNH\350\3123h\225\267\372\321\250\340\312"
 424      5CF9 2855 
 424      4E48 E8CA 
 424      3368 95B7 
 424      FAD1 A8E0 
 425 0aeb 1554 7974 		.ascii	"\025Tyt\264\247\331\217F\235\037r%W\256\244\312{\207N\336\363"
 425      B4A7 D98F 
 425      469D 1F72 
 425      2557 AEA4 
 425      CA7B 874E 
 426 0b01 53C6 BD50 		.ascii	"S\306\275PU\256\342\312UT\271\366q\341A\376^\3003i[\334\223\""
 426      55AE E2CA 
 426      5554 B9F6 
 426      71E1 41FE 
 426      5EC0 3369 
 427 0b19 DD94 ABEA 		.ascii	"\335\224\253\352\270\262\252\216\261\252nM(\334\311\377\307\245"
 427      B8B2 AA8E 
 427      B1AA 6E4D 
 427      28DC C9FF 
 427      C7A5 
 428 0b2b C30D A839 		.ascii	"\303\r\2509\343\226\231-\262\271\370\025\371\254\255\212\377"
 428      E396 992D 
 428      B2B9 F815 
 428      F9AC AD8A 
 428      FF
 429 0b3c 13A9 DFF7 		.ascii	"\023\251\337\367O\244j\250\371\023\364\005\340\2415\177\234\325"
 429      4FA4 6AA8 
 429      F913 F405 
 429      E0A1 357F 
 429      9CD5 
 430 0b4e BC87 D6FC 		.ascii	"\274\207\326\374\231\361\r\343&-\363\233~a\326p\3465\224y\317"
 430      99F1 0DE3 
 430      262D F39B 
 430      7E61 D670 
 430      E635 9479 
 431 0b63 BEE1 A3C1 		.ascii	"\276\341\243\301Z\3451?\345Z\256\\K\225?\037\034\315\324i\225"
 431      5AE5 313F 
 431      E55A AE5C 
 431      4B95 3F1F 
 431      1CCD D469 
 432 0b78 3D7E D93E 		.ascii	"=~\331>\311\225OR\345\253\227\257\372O\315\260\037r\035W\256"
 432      C995 4F52 
 432      E5AB 97AF 
 432      FA4F CDB0 
 432      1F72 1D57 
 433 0b8d A3CA 2F6A 		.ascii	"\243\312/j\316}O\253{\301O\267\236\353\3263\3125\025^?\312x("
 433      CE7D 4FAB 
 433      7BC1 4FB7 
 433      9EEB D633 
 433      CA35 155E 
 434 0ba5 5195 4F71 		.ascii	"Q\225Oqe\274\033~\377\307\277\317}w\321\"!0\306\036\355~\333"
 434      65BC 1B7E 
 434      FFC7 BFCF 
 434      7D77 D122 
 434      2130 C61E 
 435 0bbc E27E 2D3C 		.ascii	"\342~-<\306\345\f\217\264/\017\267~\350\f\267GGD\306\254\260"
 435      C6E5 0C8F 
 435      B42F 0FB7 
 435      7EE8 0CB7 
 435      4747 44C6 
 436 0bd2 85BB DC2B 		.ascii	"\205\273\334+`x\301J\301\024eu;\355\377\2628\035k,\356W\376\031"
 436      6078 C14A 
 436      C114 6575 
 436      3BED FFB2 
 436      381D 6B2C 
 437 0bea 638D 76C7 		.ascii	"c\215v\307D\205\263N\030\236\345\262\271\227\332\243\377\024"
 437      4485 B34E 
 437      189E E5B2 
 437      B997 DAA3 
 437      FF14 
 438 0bfc E35E 1DE3 		.ascii	"\343^\035\343\266\254q\332\335\266\367\035k\364\253\355\321\026"
 438      B6AC 71DA 
 438      DDB6 F71D 
 438      6BF4 ABED 
 438      D116 
 439 0c0e F737 DD51 		.ascii	"\3677\335Q\253,\021\016\247-<\302\021\025\345\210\246\016>Xm"
 439      AB2C 110E 
 439      A72D 3CC2 
 439      1115 E588 
 439      A60E 3E58 
 440 0c23 7780 DD6B 		.ascii	"w\200\335k\n\222ku\244\335m\341\n\0346B\230\315`\337\213\006"
 440      0A92 6B75 
 440      A4DD 6DE1 
 440      0A1C 3642 
 440      98CD 60DF 
 441 0c39 D425 F60F 		.ascii	"\324%\366\017VZ\254nG\224=\302\350\262E\332\"\334H\306\024\023"
 441      565A AC6E 
 441      4794 3DC2 
 441      E8B2 45DA 
 441      22DC 48C6 
 442 0c4f AD36 42B4 		.ascii	"\2556B\264\rW\220=\032 \201\202k\232\323f]\001\340\221.\213#"
 442      0D57 903D 
 442      1A20 8182 
 442      6B9A D366 
 442      5D01 E091 
 443 0c66 1AC7 F496 		.ascii	"\032\307\364\226w\034\216\310\331<&W\244\365C\233\305\025a\215"
 443      771C 8EC8 
 443      D93C 2657 
 443      A4F5 439B 
 443      C515 618D 
 444 0c7a B6C4 B86C 		.ascii	"\266\304\270lN\335\032\233u\325\314\227\307V-\017\346\235\b<"
 444      4EDD 1A9B 
 444      75D5 CC97 
 444      C756 2D0F 
 444      E69D 083C 
 445 0c8e 8D3F AF76 		.ascii	"\215?\257v\270\334t\\\031\304\3470\376\354`\371\360\321Za\213"
 445      B8DC 745C 
 445      19C4 E730 
 445      FEEC 60F9 
 445      F0D1 5A61 
 446 0ca3 B47E F4AA 		.ascii	"\264~\364\252\377\240v(\224\245\201b\242\223y\223\246\2075b\334"
 446      FFA0 7628 
 446      94A5 8162 
 446      A293 7993 
 446      A687 3562 
 447 0cb8 F648 C8E0 		.ascii	"\366H\310\340\f\r'\013W\017Ya[\356\210\211\216\260\321\336\031"
 447      0C0D 270B 
 447      570F 5961 
 447      5BEE 8889 
 447      8EB0 D1DE 
 448 0ccd 0A88 D20B 		.ascii	"\n\210\322\013Vf\356\310\311TB\335Nk\264k\265\303\351f\001\277"
 448      5666 EEC8 
 448      C954 42DD 
 448      4E6B B46B 
 448      B5C3 E966 
 449 0ce3 3EA9 5F9F 		.ascii	">\251_\237\222\306-\315\f\327\236\246\242DY]n\233s\272\335eY"
 449      92C6 2DCD 
 449      0CD7 9EA6 
 449      A244 595D 
 449      6E9B 73BA 
 450 0cfa 65FB 68B9 		.ascii	"e\373h\271\303\352\\\301\273^*\006e\0340\r\nA\243\323\272\306"
 450      C3EA 5CC1 
 450      BB5E 2A06 
 450      651C 300D 
 450      0A41 A3D3 
 451 0d10 C21C 18B0 		.ascii	"\302\034\030\260\340p\016\r0}\364\301hw\275o\373\207{\2115z\205"
 451      E070 0E0D 
 451      307D F4C1 
 451      6877 BD6F 
 451      FB87 7B89 
 452 0d27 C1BD D2EE 		.ascii	"\301\275\322\356\342\017V\332\023\300\254\246\331\234N\207\023"
 452      E20F 56DA 
 452      13C0 ACA6 
 452      D99C 4E87 
 452      13
 453 0d38 FCC4 40F1 		.ascii	"\374\304@\361.\\\270ha\260\246C\027\261\322\3524Y,\366w#\355"
 453      2E5C B868 
 453      61B0 A643 
 453      17B1 D2EA 
 453      3459 2CF6 
 454 0d4f 7FB1 B997 		.ascii	"\177\261\271\227Y#\2773i\355c\202\303Y\301\001\271`0\370\253"
 454      5923 BF33 
 454      69ED 6382 
 454      C359 C101 
 454      B960 30F8 
 455 0d64 CDBE D4EA 		.ascii	"\315\276\324\352\264F\375\027\211\210\322\t"
 455      B446 FD17 
 455      8988 D209 
 456               		.text
 457               		.section	.gnu.lto_.symtab.188a9156887241ec,"",@progbits
 458 0000 6D61 7472 		.string	"matrix_slave_scan_user"
 458      6978 5F73 
 458      6C61 7665 
 458      5F73 6361 
 458      6E5F 7573 
 459 0017 00        		.string	""
 460 0018 01        		.ascii	"\001"
 461 0019 00        		.string	""
 462 001a 00        		.string	""
 463 001b 00        		.string	""
 464 001c 00        		.string	""
 465 001d 00        		.string	""
 466 001e 00        		.string	""
 467 001f 00        		.string	""
 468 0020 00        		.string	""
 469 0021 00        		.string	""
 470 0022 DB00      		.string	"\333"
 471 0024 00        		.string	""
 472 0025 00        		.string	""
 473 0026 6D61 7472 		.string	"matrix_slave_scan_kb"
 473      6978 5F73 
 473      6C61 7665 
 473      5F73 6361 
 473      6E5F 6B62 
 474 003b 00        		.string	""
 475 003c 01        		.ascii	"\001"
 476 003d 00        		.string	""
 477 003e 00        		.string	""
 478 003f 00        		.string	""
 479 0040 00        		.string	""
 480 0041 00        		.string	""
 481 0042 00        		.string	""
 482 0043 00        		.string	""
 483 0044 00        		.string	""
 484 0045 00        		.string	""
 485 0046 DE00      		.string	"\336"
 486 0048 00        		.string	""
 487 0049 00        		.string	""
 488 004a 6D61 7472 		.string	"matrix_init"
 488      6978 5F69 
 488      6E69 7400 
 489 0056 00        		.string	""
 490 0057 00        		.string	""
 491 0058 00        		.string	""
 492 0059 00        		.string	""
 493 005a 00        		.string	""
 494 005b 00        		.string	""
 495 005c 00        		.string	""
 496 005d 00        		.string	""
 497 005e 00        		.string	""
 498 005f 00        		.string	""
 499 0060 00        		.string	""
 500 0061 E000      		.string	"\340"
 501 0063 00        		.string	""
 502 0064 00        		.string	""
 503 0065 7468 6973 		.string	"thisHand"
 503      4861 6E64 
 503      00
 504 006e 00        		.string	""
 505 006f 04        		.ascii	"\004"
 506 0070 00        		.string	""
 507 0071 0100      		.string	"\001"
 508 0073 00        		.string	""
 509 0074 00        		.string	""
 510 0075 00        		.string	""
 511 0076 00        		.string	""
 512 0077 00        		.string	""
 513 0078 00        		.string	""
 514 0079 1801 00   		.string	"\030\001"
 515 007c 00        		.string	""
 516 007d 7468 6174 		.string	"thatHand"
 516      4861 6E64 
 516      00
 517 0086 00        		.string	""
 518 0087 04        		.ascii	"\004"
 519 0088 00        		.string	""
 520 0089 0100      		.string	"\001"
 521 008b 00        		.string	""
 522 008c 00        		.string	""
 523 008d 00        		.string	""
 524 008e 00        		.string	""
 525 008f 00        		.string	""
 526 0090 00        		.string	""
 527 0091 1A01 00   		.string	"\032\001"
 528 0094 00        		.string	""
 529 0095 6D61 7472 		.string	"matrix_post_scan"
 529      6978 5F70 
 529      6F73 745F 
 529      7363 616E 
 529      00
 530 00a6 00        		.string	""
 531 00a7 00        		.string	""
 532 00a8 00        		.string	""
 533 00a9 00        		.string	""
 534 00aa 00        		.string	""
 535 00ab 00        		.string	""
 536 00ac 00        		.string	""
 537 00ad 00        		.string	""
 538 00ae 00        		.string	""
 539 00af 00        		.string	""
 540 00b0 00        		.string	""
 541 00b1 E300      		.string	"\343"
 542 00b3 00        		.string	""
 543 00b4 00        		.string	""
 544 00b5 6D61 7472 		.string	"matrix_scan"
 544      6978 5F73 
 544      6361 6E00 
 545 00c1 00        		.string	""
 546 00c2 00        		.string	""
 547 00c3 00        		.string	""
 548 00c4 00        		.string	""
 549 00c5 00        		.string	""
 550 00c6 00        		.string	""
 551 00c7 00        		.string	""
 552 00c8 00        		.string	""
 553 00c9 00        		.string	""
 554 00ca 00        		.string	""
 555 00cb 00        		.string	""
 556 00cc E600      		.string	"\346"
 557 00ce 00        		.string	""
 558 00cf 00        		.string	""
 559 00d0 6973 4C65 		.string	"isLeftHand"
 559      6674 4861 
 559      6E64 00
 560 00db 00        		.string	""
 561 00dc 02        		.ascii	"\002"
 562 00dd 00        		.string	""
 563 00de 00        		.string	""
 564 00df 00        		.string	""
 565 00e0 00        		.string	""
 566 00e1 00        		.string	""
 567 00e2 00        		.string	""
 568 00e3 00        		.string	""
 569 00e4 00        		.string	""
 570 00e5 00        		.string	""
 571 00e6 1601 00   		.string	"\026\001"
 572 00e9 00        		.string	""
 573 00ea 7261 775F 		.string	"raw_matrix"
 573      6D61 7472 
 573      6978 00
 574 00f5 00        		.string	""
 575 00f6 02        		.ascii	"\002"
 576 00f7 00        		.string	""
 577 00f8 00        		.string	""
 578 00f9 00        		.string	""
 579 00fa 00        		.string	""
 580 00fb 00        		.string	""
 581 00fc 00        		.string	""
 582 00fd 00        		.string	""
 583 00fe 00        		.string	""
 584 00ff 00        		.string	""
 585 0100 0901 00   		.string	"\t\001"
 586 0103 00        		.string	""
 587 0104 6D61 7472 		.string	"matrix"
 587      6978 00
 588 010b 00        		.string	""
 589 010c 02        		.ascii	"\002"
 590 010d 00        		.string	""
 591 010e 00        		.string	""
 592 010f 00        		.string	""
 593 0110 00        		.string	""
 594 0111 00        		.string	""
 595 0112 00        		.string	""
 596 0113 00        		.string	""
 597 0114 00        		.string	""
 598 0115 00        		.string	""
 599 0116 1C01 00   		.string	"\034\001"
 600 0119 00        		.string	""
 601 011a 6D61 7472 		.string	"matrix_output_unselect_delay"
 601      6978 5F6F 
 601      7574 7075 
 601      745F 756E 
 601      7365 6C65 
 602 0137 00        		.string	""
 603 0138 02        		.ascii	"\002"
 604 0139 00        		.string	""
 605 013a 00        		.string	""
 606 013b 00        		.string	""
 607 013c 00        		.string	""
 608 013d 00        		.string	""
 609 013e 00        		.string	""
 610 013f 00        		.string	""
 611 0140 00        		.string	""
 612 0141 00        		.string	""
 613 0142 E800      		.string	"\350"
 614 0144 00        		.string	""
 615 0145 00        		.string	""
 616 0146 6D61 7472 		.string	"matrix_output_select_delay"
 616      6978 5F6F 
 616      7574 7075 
 616      745F 7365 
 616      6C65 6374 
 617 0161 00        		.string	""
 618 0162 02        		.ascii	"\002"
 619 0163 00        		.string	""
 620 0164 00        		.string	""
 621 0165 00        		.string	""
 622 0166 00        		.string	""
 623 0167 00        		.string	""
 624 0168 00        		.string	""
 625 0169 00        		.string	""
 626 016a 00        		.string	""
 627 016b 00        		.string	""
 628 016c EA00      		.string	"\352"
 629 016e 00        		.string	""
 630 016f 00        		.string	""
 631 0170 7370 6C69 		.string	"split_post_init"
 631      745F 706F 
 631      7374 5F69 
 631      6E69 7400 
 632 0180 00        		.string	""
 633 0181 02        		.ascii	"\002"
 634 0182 00        		.string	""
 635 0183 00        		.string	""
 636 0184 00        		.string	""
 637 0185 00        		.string	""
 638 0186 00        		.string	""
 639 0187 00        		.string	""
 640 0188 00        		.string	""
 641 0189 00        		.string	""
 642 018a 00        		.string	""
 643 018b EC00      		.string	"\354"
 644 018d 00        		.string	""
 645 018e 00        		.string	""
 646 018f 6D61 7472 		.string	"matrix_init_quantum"
 646      6978 5F69 
 646      6E69 745F 
 646      7175 616E 
 646      7475 6D00 
 647 01a3 00        		.string	""
 648 01a4 02        		.ascii	"\002"
 649 01a5 00        		.string	""
 650 01a6 00        		.string	""
 651 01a7 00        		.string	""
 652 01a8 00        		.string	""
 653 01a9 00        		.string	""
 654 01aa 00        		.string	""
 655 01ab 00        		.string	""
 656 01ac 00        		.string	""
 657 01ad 00        		.string	""
 658 01ae EE00      		.string	"\356"
 659 01b0 00        		.string	""
 660 01b1 00        		.string	""
 661 01b2 6465 626F 		.string	"debounce_init"
 661      756E 6365 
 661      5F69 6E69 
 661      7400 
 662 01c0 00        		.string	""
 663 01c1 02        		.ascii	"\002"
 664 01c2 00        		.string	""
 665 01c3 00        		.string	""
 666 01c4 00        		.string	""
 667 01c5 00        		.string	""
 668 01c6 00        		.string	""
 669 01c7 00        		.string	""
 670 01c8 00        		.string	""
 671 01c9 00        		.string	""
 672 01ca 00        		.string	""
 673 01cb F000      		.string	"\360"
 674 01cd 00        		.string	""
 675 01ce 00        		.string	""
 676 01cf 7370 6C69 		.string	"split_pre_init"
 676      745F 7072 
 676      655F 696E 
 676      6974 00
 677 01de 00        		.string	""
 678 01df 02        		.ascii	"\002"
 679 01e0 00        		.string	""
 680 01e1 00        		.string	""
 681 01e2 00        		.string	""
 682 01e3 00        		.string	""
 683 01e4 00        		.string	""
 684 01e5 00        		.string	""
 685 01e6 00        		.string	""
 686 01e7 00        		.string	""
 687 01e8 00        		.string	""
 688 01e9 F200      		.string	"\362"
 689 01eb 00        		.string	""
 690 01ec 00        		.string	""
 691 01ed 7472 616E 		.string	"transport_slave"
 691      7370 6F72 
 691      745F 736C 
 691      6176 6500 
 692 01fd 00        		.string	""
 693 01fe 02        		.ascii	"\002"
 694 01ff 00        		.string	""
 695 0200 00        		.string	""
 696 0201 00        		.string	""
 697 0202 00        		.string	""
 698 0203 00        		.string	""
 699 0204 00        		.string	""
 700 0205 00        		.string	""
 701 0206 00        		.string	""
 702 0207 00        		.string	""
 703 0208 F700      		.string	"\367"
 704 020a 00        		.string	""
 705 020b 00        		.string	""
 706 020c 6D61 7472 		.string	"matrix_scan_quantum"
 706      6978 5F73 
 706      6361 6E5F 
 706      7175 616E 
 706      7475 6D00 
 707 0220 00        		.string	""
 708 0221 02        		.ascii	"\002"
 709 0222 00        		.string	""
 710 0223 00        		.string	""
 711 0224 00        		.string	""
 712 0225 00        		.string	""
 713 0226 00        		.string	""
 714 0227 00        		.string	""
 715 0228 00        		.string	""
 716 0229 00        		.string	""
 717 022a 00        		.string	""
 718 022b F900      		.string	"\371"
 719 022d 00        		.string	""
 720 022e 00        		.string	""
 721 022f 7472 616E 		.string	"transport_master"
 721      7370 6F72 
 721      745F 6D61 
 721      7374 6572 
 721      00
 722 0240 00        		.string	""
 723 0241 02        		.ascii	"\002"
 724 0242 00        		.string	""
 725 0243 00        		.string	""
 726 0244 00        		.string	""
 727 0245 00        		.string	""
 728 0246 00        		.string	""
 729 0247 00        		.string	""
 730 0248 00        		.string	""
 731 0249 00        		.string	""
 732 024a 00        		.string	""
 733 024b FE00      		.string	"\376"
 734 024d 00        		.string	""
 735 024e 00        		.string	""
 736 024f 6973 5F6B 		.string	"is_keyboard_master"
 736      6579 626F 
 736      6172 645F 
 736      6D61 7374 
 736      6572 00
 737 0262 00        		.string	""
 738 0263 02        		.ascii	"\002"
 739 0264 00        		.string	""
 740 0265 00        		.string	""
 741 0266 00        		.string	""
 742 0267 00        		.string	""
 743 0268 00        		.string	""
 744 0269 00        		.string	""
 745 026a 00        		.string	""
 746 026b 00        		.string	""
 747 026c 00        		.string	""
 748 026d 00        		.string	""
 749 026e 0100      		.string	"\001"
 750 0270 00        		.string	""
 751 0271 6465 626F 		.string	"debounce"
 751      756E 6365 
 751      00
 752 027a 00        		.string	""
 753 027b 02        		.ascii	"\002"
 754 027c 00        		.string	""
 755 027d 00        		.string	""
 756 027e 00        		.string	""
 757 027f 00        		.string	""
 758 0280 00        		.string	""
 759 0281 00        		.string	""
 760 0282 00        		.string	""
 761 0283 00        		.string	""
 762 0284 00        		.string	""
 763 0285 0701 00   		.string	"\007\001"
 764 0288 00        		.string	""
 765               		.text
 766               		.section	.gnu.lto_.opts,"",@progbits
 767 0000 272D 666D 		.ascii	"'-fmath-errno' '-fsigned-zeros' '-ftrapping-math' '-fno-trap"
 767      6174 682D 
 767      6572 726E 
 767      6F27 2027 
 767      2D66 7369 
 768 003c 7627 2027 		.ascii	"v' '-fno"
 768      2D66 6E6F 
 769 0044 2D6F 7065 		.string	"-openmp' '-fno-openacc' '-mn-flash=1' '-mno-skip-bug' '-mmcu=avr5' '-gdwarf-2' '-Os' '-We
 769      6E6D 7027 
 769      2027 2D66 
 769      6E6F 2D6F 
 769      7065 6E61 
 770               		.text
 771               		.comm	__gnu_lto_v1,1,1
 772               		.comm	__gnu_lto_slim,1,1
 773               		.ident	"GCC: (GNU) 5.4.0"
DEFINED SYMBOLS
                            *ABS*:0000000000000000 matrix.c
     /tmp/cc1ssFmO.s:2      *ABS*:000000000000003e __SP_H__
     /tmp/cc1ssFmO.s:3      *ABS*:000000000000003d __SP_L__
     /tmp/cc1ssFmO.s:4      *ABS*:000000000000003f __SREG__
     /tmp/cc1ssFmO.s:5      *ABS*:0000000000000000 __tmp_reg__
     /tmp/cc1ssFmO.s:6      *ABS*:0000000000000001 __zero_reg__
                            *COM*:0000000000000001 __gnu_lto_v1
                            *COM*:0000000000000001 __gnu_lto_slim

NO UNDEFINED SYMBOLS
