   1               		.file	"split_util.c"
   2               	__SP_H__ = 0x3e
   3               	__SP_L__ = 0x3d
   4               	__SREG__ = 0x3f
   5               	__tmp_reg__ = 0
   6               	__zero_reg__ = 1
   7               		.text
   8               	.Ltext0:
   9               		.section	.gnu.lto_.profile.855da8d728c2f56f,"",@progbits
  10 0000 789C 6361 		.string	"x\234ca`d`e`"
  10      6064 6065 
  10      6000 
  11 000a 92ED 8C9A 		.string	"\222\355\214\232"
  11      00
  12 000f 023E 00   		.string	"\002>"
  13 0012 BD        		.ascii	"\275"
  14               		.text
  15               		.section	.gnu.lto_.icf.855da8d728c2f56f,"",@progbits
  16 0000 789C 6361 		.string	"x\234ca`d"
  16      6064 00
  17 0007 0139 0604 		.string	"\0019\006\004`e\230\371\357!+\343\232\2777\256\26315\354\373\274\223\233\371\321\261\243&
  17      6065 98F9 
  17      EF21 2BE3 
  17      9ABF 37AE 
  17      B331 35EC 
  18 002c 00        		.string	""
  19 002d E959 0F18 		.ascii	"\351Y\017\030"
  20               		.text
  21               		.section	.gnu.lto_.jmpfuncs.855da8d728c2f56f,"",@progbits
  22 0000 789C 6361 		.string	"x\234ca`d"
  22      6064 00
  23 0007 8120 0604 		.string	"\201 \006\004`\001\223L@\314\f\3462\376eb|\362{\355.\276/L\255\314\f\214l\214\313\031e\03
  23      6001 934C 
  23      40CC 0CE6 
  23      32FE 6562 
  23      7CF2 7BED 
  24 0042 7EEB 0E93 		.ascii	"~\353\016\223"
  25               		.text
  26               		.section	.gnu.lto_.inline.855da8d728c2f56f,"",@progbits
  27 0000 789C 6361 		.string	"x\234ca`d"
  27      6064 00
  28 0007 8166 0604 		.string	"\201f\006\004`a`\020\340cd`\0229\224\303\300\266@\236\t$\306\310\005$\230\270A\004\003+/P
  28      6061 6010 
  28      E063 6460 
  28      1239 94C3 
  28      C0B6 409E 
  29 004f 00        		.string	""
  30 0050 82B9 081E 		.ascii	"\202\271\b\036"
  31               		.text
  32               		.section	.gnu.lto_.pureconst.855da8d728c2f56f,"",@progbits
  33 0000 789C 6361 		.string	"x\234ca`d\340d```a\220`\222`\226b\225"
  33      6064 E064 
  33      6060 6061 
  33      9060 9260 
  33      9662 9500 
  34 0014 00        		.string	""
  35 0015 02A5 00   		.string	"\002\245"
  36 0018 7F        		.ascii	"\177"
  37               		.text
  38               		.section	.gnu.lto_is_keyboard_master.855da8d728c2f56f,"",@progbits
  39 0000 789C 9552 		.ascii	"x\234\225RMHTQ\024\276\337\275\363\336\033\307\277\226-\006\211"
  39      4D48 5451 
  39      14BE DFBD 
  39      F3DE 1BC7 
  39      BF96 2D06 
  40 0015 A049 3332 		.ascii	"\240I32j\325&p\341\2522\320\312M\320\217+\301\237\"]\264\232"
  40      6AD5 2670 
  40      E1AA 32D0 
  40      CA4D D08F 
  40      2BC1 9F22 
  41 002c ABE3 E004 		.ascii	"\253\343\340\004\"\212h\253I\202\310\2372\235\324l\314r\372S"
  41      228A 68AB 
  41      4982 C89F 
  41      329D D46C 
  41      CC72 FA53 
  42 0040 10B1 5525 		.ascii	"\020\261U%\031\225%\022R\341\210\342&\233\316yo\030*\333x\341"
  42      1995 2512 
  42      52E1 88E2 
  42      269B CE79 
  42      6F18 2ADB 
  43 0056 9DF7 DE39 		.ascii	"\235\367\3369\3379\347;\337\271.\001\301gH\tq\204\336g\351\201"
  43      DF39 E73B 
  43      DFB9 2E01 
  43      C167 4809 
  43      7184 DE67 
  44 006c 5B40 B6CE 		.ascii	"[@\266\316\nQ\357\226R\215\345\b\355\261\336\024\b\235\241\244"
  44      0A51 EF96 
  44      528D E508 
  44      EDB1 DE14 
  44      089D A1A4 
  45 0080 11DA 4B7F 		.ascii	"\021\332K\177.\266\031.\030\016\310\220\346d6\203\246\217\222"
  45      2EB6 192E 
  45      180E C890 
  45      E664 3683 
  45      A68F 92
  46 0093 DB84 E5B8 		.ascii	"\333\204\345\270-\200?\264\033\302/\225\3130-\370\261.7%\332"
  46      2D80 3FB4 
  46      1BC2 2F95 
  46      CB30 2DF8 
  46      B12E 3725 
  47 00a8 3B5A 3F66 		.ascii	";Z?f\345uk\335\240?\005W\317?\327\301\235A\352\237\220\002\207"
  47      E575 6BDD 
  47      A03F 0557 
  47      CF3F D7C1 
  47      9D41 EA9F 
  48 00bf BD38 E865 		.ascii	"\2758\350e\016\335\310\023\004}\231\330\210e\257\311\240\002"
  48      0EDD C813 
  48      047D 99D8 
  48      8865 AFC9 
  48      A002 
  49 00d1 38B3 F969 		.ascii	"8\263\371i(\234\251\366\200C\203\323\263\327\323}\2674\235X{"
  49      289C A9F6 
  49      8043 83D3 
  49      B3D7 D37D 
  49      B734 9D58 
  50 00e6 934F 6B77 		.ascii	"\223OkwPI\364BQ\035\256\320\003/\303~\256O\2775T\276\2352qct"
  50      5049 F442 
  50      511D AED0 
  50      032F C37E 
  50      AE4F BF35 
  51 0101 124E 8ABE 		.ascii	"\022N\212\276\272\203\341wR\360|\033\335\266\266\270l\250C6\272"
  51      BA83 E177 
  51      52F0 7C1B 
  51      DDB6 B6B8 
  51      6CA8 4336 
  52 0116 7F6E AAD7 		.ascii	"\177n\252\327\223D\227\331\350\376\024z\237\215\236\377\020n"
  52      9344 97D9 
  52      E8FE 147A 
  52      9F8D 9EFF 
  52      106E 
  53 0128 CECC BD6D 		.ascii	"\316\314\275m#J\031!\2340\037\n\177\216\374\352\3104\0339\272"
  53      234A 1921 
  53      9C30 1F0A 
  53      7F8E FCEA 
  53      C834 1B39 
  54 013d 0B03 C8C5 		.ascii	"\013\003\310\305=\370p\227\236>\370\2569\003S\251A\230\264\003"
  54      3DF8 7097 
  54      9E3E F8AE 
  54      3903 53A9 
  54      4198 B403 
  55 0151 9063 A024 		.ascii	"\220c\240$\246\023\211\200\216\265Y\337\3476\334\351\020T\322"
  55      A613 8980 
  55      8EB5 59DF 
  55      E736 DCE9 
  55      1054 D2
  56 0164 C5C6 CD26 		.ascii	"\305\306\315&\215\214\360\260\021b\205RY\335\270\224\374VKh\350"
  56      8D8C F0B0 
  56      1162 8552 
  56      59DD B894 
  56      FC56 4B68 
  57 0179 8C2C DD34 		.ascii	"\214,\3354\270Z@\271\250yg\360\331+\213\225S\3660\321\350\267"
  57      B85A 40B9 
  57      A879 67F0 
  57      D92B 8B95 
  57      53F6 30D1 
  58 018f 79CB BFA9 		.ascii	"y\313\277\251CZ\023Q\305\355\331\275<\363\372\205\247\013\341"
  58      435A 1351 
  58      C5ED D9BD 
  58      3CF3 FA85 
  58      A70B E1
  59 01a2 7A6D FB25 		.ascii	"zm\373%\356\323\222\"\244\234\300\020\272 \026\320\370.p\361"
  59      EED3 9222 
  59      A49C C010 
  59      BA20 16D0 
  59      F82E 70F1 
  60 01b6 3F55 2504 		.ascii	"?U%\004\206\031'\230\204\022c9\352+\002\261\370\246\374{p=\332"
  60      8619 2798 
  60      8412 6339 
  60      EA2B 02B1 
  60      F8A6 FC7B 
  61 01cd B2DF 9E31 		.ascii	"\262\337\2361!\361\257&\002#0\251\323\003\256\356\331B\322\225"
  61      21F1 AF26 
  61      0223 30A9 
  61      D303 AEEE 
  61      D942 D295 
  62 01e1 90D2 4660 		.ascii	"\220\322F`\024~\032\333`6\363\201>8t<\177\322\241k\214\207I:"
  62      147E 1ADB 
  62      6036 F381 
  62      3E38 743C 
  62      7FD2 A16B 
  63 01f9 2BA4 5938 		.ascii	"+\244Y8[\305\245\301\254X\031;c\033\"DS\"\214\221\b\001\225\324"
  63      5BC5 A5C1 
  63      AC58 193B 
  63      631B 2244 
  63      5322 8C91 
  64 0211 E14B 8BD7 		.ascii	"\341K\213\327i\rJ\032\357j\356\3658JH<rZ\257\202##M3\221d\004"
  64      690D 4A1A 
  64      EF6A EEF5 
  64      384A 483C 
  64      725A AF82 
  65 022c 1887 57BD 		.ascii	"\030\207W\275\217\366\200!.\226\312\024!\323\226jh*\213\253m"
  65      8FF6 8021 
  65      2E96 CA14 
  65      21D3 966A 
  65      682A 8BAB 
  66 0241 5D0E 4945 		.ascii	"]\016IE\304\360\330\036\332\262\365\265RK\216\377XH.\331\275"
  66      C4F0 D81E 
  66      DAB2 F5B5 
  66      524B 8EFF 
  66      5848 2ED9 
  67 0256 8D81 9EA4 		.ascii	"\215\201\236\244\006\232\340\255.!0\334\264\230\3241\215J1M\261"
  67      069A E0AD 
  67      2E21 30DC 
  67      B498 D431 
  67      8D4A 314D 
  68 026b 4C83 381E 		.ascii	"L\2038\036GEpS\272g\273/\327]\250\256\255\253*\270r\251\262\242"
  68      4745 7053 
  68      BA67 BB2F 
  68      D75D A8AE 
  68      ADAB 2AB8 
  69 0283 F65C 794D 		.ascii	"\366\\yMUUMu\362\247\256\266\242\362@\2710J\217\027\236)2O\024"
  69      5555 4D75 
  69      F2A7 AEB6 
  69      A2F2 40B9 
  69      304A 8F17 
  70 029c 969E 2A2A 		.ascii	"\226\236**\261N\027\037+>YV\374\033\334\037S="
  70      B14E 171F 
  70      2B3E 5956 
  70      FC1B DC1F 
  70      533D 
  71               		.text
  72               		.section	.gnu.lto_is_keyboard_left.855da8d728c2f56f,"",@progbits
  73 0000 789C 6361 		.string	"x\234ca`d"
  73      6064 00
  74 0007 812D 40AC 		.string	"\201-@\254\002\304\322@\314\310\314\300\3104\341\034\003C#\007\023##\210\321\300\301\310P
  74      02C4 D240 
  74      CCC8 CCC0 
  74      C834 E11C 
  74      0343 2307 
  75 0081 5580 ECFB 		.string	"U\200\354\373\310\304\004\242\231_06\037\370\335\306\007\322\323\314\314\f4o\347\3167\267
  75      C8C4 04A2 
  75      995F 3036 
  75      1FF8 DDC6 
  75      07D2 D3CC 
  76 00e1 199F 4C2E 		.ascii	"\031\237L."
  77               		.text
  78               		.section	.gnu.lto_split_pre_init.855da8d728c2f56f,"",@progbits
  79 0000 789C 9552 		.string	"x\234\225R\317KTQ\024\276\347\336\367\336\035\035g\222\260\335 \022\r\342&G\332\3647\004m
  79      CF4B 5451 
  79      14BE E7DE 
  79      F7DE 1D1D 
  79      6792 B0DD 
  80 00c3 55BD 29CC 		.string	"U\275)\314\364{i\313\241\022\267\323\363g\257q\021\004\312\\+\344^\362\340\r\002\264rS~SY
  80      F47B 69CB 
  80      A112 B7D3 
  80      F367 AF71 
  80      1104 CA5C 
  81 0174 48CA F2D0 		.ascii	"H\312\362\320E\302\213\260\263\351sI\3210F\0021\277\2144B}\240"
  81      45C2 8BB0 
  81      B3E9 7349 
  81      D130 4602 
  81      31BF 8C34 
  82 018b A87E B0E7 		.ascii	"\250~\260\347\312\005C\034t\b\257f\246L\017\371\326\245T\312"
  82      CA05 431C 
  82      7408 AF66 
  82      A64C 0FF9 
  82      D6A5 54CA 
  83 019f 52D0 5B43 		.ascii	"R\320[C\351\367\\\327\016\004 \024`0\016\r\344\316}\bb\301\374"
  83      E9F7 5CD7 
  83      0E04 2014 
  83      6030 0E0D 
  83      E4CE 7D08 
  84 01b6 EF74 D64F 		.ascii	"\357t\326O\r\227\241Y\017\260\205<\360\035HC\353\244\351\321"
  84      0D97 A159 
  84      0FB0 853C 
  84      F01D 4843 
  84      EBA4 E9D1 
  85 01ca 91F3 3E71 		.ascii	"\221\363>q\330!\375\226\375\374\301\277\205\364\321&\322\207"
  85      D821 FD96 
  85      FDFC C1BF 
  85      85F4 D126 
  85      D287 
  86 01dc 2EE9 63C4 		.ascii	".\351c\304 \0262m|\271W\270\036\313\377\260\352\311\206U\031"
  86      2016 326D 
  86      7CB9 57B8 
  86      1ECB FFB0 
  86      EAC9 8655 
  87 01f1 B48A CD41 		.ascii	"\264\212\315A2\227h\372\013\263q\001\0320\310\026Gd\211\013\226"
  87      3297 68FA 
  87      0BB3 7101 
  87      1A30 C816 
  87      4764 890B 
  88 0206 AAC5 7B35 		.ascii	"\252\305{5\255\217S\025\224\274\365r\312m\274}\006\023x\253\245"
  88      AD8F 5315 
  88      94BC F572 
  88      CA6D BC7D 
  88      0613 78AB 
  89 021b 305E 8479 		.ascii	"0^\204y\212\323\206M\233\242\302\301\322\326\261\276\313\035"
  89      8AD3 864D 
  89      9BA2 C2C1 
  89      D2D6 B1BE 
  89      CB1D 
  90 022d A19E 2114 		.ascii	"\241\236!\024\325\225\326\352\033\003\266\"\335\246\275\333\315"
  90      D595 D6EA 
  90      1B03 B622 
  90      DDA6 BDDB 
  90      CD
  91 023e 178A 87E7 		.ascii	"\027\212\207\347\305\371*U\350-\221d\260l\265\203tq\372\037\222"
  91      C5F9 2A55 
  91      E82D 9164 
  91      B06C B583 
  91      7471 FA1F 
  92 0253 7C36 F6CA 		.ascii	"|6\366\312\340\205\003\344w\212\244\303\377\025\207\353\362!"
  92      E085 03E4 
  92      778A A4C3 
  92      FF15 87EB 
  92      F221 
  93 0265 A788 5601 		.ascii	"\247\210V\001\347\031\303\330\363\336S\321\306\266\316h\244\276"
  93      E719 C3D8 
  93      F3DE 53D1 
  93      C6B6 CE68 
  93      A4BE 
  94 0277 E364 6B4B 		.ascii	"\343dkKg\270\271=\022io+n\242\235-\255\373\233\331\356\266h$"
  94      67B8 B93D 
  94      1269 6F2B 
  94      6EA2 9D2D 
  94      ADFB 9BD9 
  95 028f 7CFA 4453 		.ascii	"|\372DS\270\365\370\261\216\260sT\2655\264/\264]\260\341\017"
  95      B8F5 F8B1 
  95      8EB0 7354 
  95      B535 B42F 
  95      B45D B0E1 
  96 02a4 A07E 6ED6 		.ascii	"\240~n\326"
  97               		.text
  98               		.section	.gnu.lto_split_post_init.855da8d728c2f56f,"",@progbits
  99 0000 789C 654E 		.ascii	"x\234eN\273J\003A\024\275\347\316\344\201$ \330J\020\321\"\215"
  99      BB4A 0341 
  99      14BD E7CE 
  99      E481 2420 
  99      D84A 10D1 
 100 0016 51F0 2B2C 		.ascii	"Q\360+,\375\001\321T\201<\0247\365\216n\026\305\312F+k\023\265"
 100      FD01 D154 
 100      813C 1437 
 100      F58E 6E16 
 100      C5CA 462B 
 101 002d 1011 8B4D 		.ascii	"\020\021\213M\265\244\264\320\316&\215Z\210\210E\002ZX\304\365"
 101      B5A4 B4D0 
 101      CE26 8D5A 
 101      8888 4502 
 101      5A58 C4F5 
 102 0041 CE44 B0F0 		.ascii	"\316D\260\360\302pg\316\234\227&\220\235)Ys\262\227\345 E\340"
 102      C270 67CE 
 102      9C97 2690 
 102      9D29 5973 
 102      B297 E520 
 103 0057 C33B A29D 		.ascii	"\303;\242\235,\263\352\026\310\344\364C\211\314\204\202\036\303"
 103      2CB3 EA16 
 103      C8E4 F443 
 103      89CC 8482 
 103      1EC3 
 104 0069 1AB0 1793 		.ascii	"\032\260\027\223\005\371\2544||\362\210\321\333{\211\270\330"
 104      05F9 AC34 
 104      7C7C F288 
 104      D1DB 7B89 
 104      B8D8 
 105 007b 3632 8FE1 		.ascii	"62\217\341\351\222\351\304\b\025Q\302.\202\320F\221\204\366|"
 105      E992 E9C4 
 105      0815 51C2 
 105      2E82 D046 
 105      9184 F67C 
 106 008f F57D 944F 		.ascii	"\365}\224O\267,mf\374\211\016\322\266\307\345jl\222$0\346k\361"
 106      B72C 6D66 
 106      FC89 0ED2 
 106      B6C7 E56A 
 106      6C92 2430 
 107 00a6 643E AD29 		.ascii	"d>\255)T\202\016\204a\323\206\314v\253W\004\361\365A\336j\002"
 107      5482 0E84 
 107      61D3 86CC 
 107      76AB 5704 
 107      F1F5 41DE 
 108 00bc A5C5 2F8A 		.ascii	"\245\305/\212\336\373\031\177d\366\215\231\f\025',\"\234\301"
 108      DEFB 197F 
 108      64F6 8D99 
 108      0C15 272C 
 108      229C C1
 109 00cf 17B9 A227 		.ascii	"\027\271\242'\264\372\301\306\037\3718\354\335g>X\234A8\307\264"
 109      B4FA C1C6 
 109      1FF9 38EC 
 109      DD67 3E58 
 109      9C41 38C7 
 110 00e4 6B36 6445 		.ascii	"k6dE\335\202s\276\271\315Y2\375\363\325\211\344\023.\234o\312"
 110      DD82 73BE 
 110      B9CD 5932 
 110      FDF3 D589 
 110      E413 2E9C 
 111 00fa 89B4 EBF3 		.ascii	"\211\264\353\363\206\3358Zq\";\003\211\027X\270\263[\315\365"
 111      86DD 385A 
 111      7122 3B03 
 111      8917 58B8 
 111      B35B CDF5 
 112 010e BAD7 AC95 		.ascii	"\272\327\254\225\2667\253\025o\255\334\250\325\032\365\337G\323"
 112      B637 AB15 
 112      6FAD DCA8 
 112      D51A F5DF 
 112      47D3 
 113 0120 AB54 17CA 		.ascii	"\253T\027\312\364\003\376Iob"
 113      F403 FE49 
 113      6F62 
 114               		.text
 115               		.section	.gnu.lto_.symbol_nodes.855da8d728c2f56f,"",@progbits
 116 0000 789C 558C 		.string	"x\234U\214\273\021\3020\020\005W:\3136\204n"
 116      BB11 C230 
 116      1005 573A 
 116      CB36 846E 
 116      00
 117 0011 E881 9CD2 		.ascii	"\350\201\234\322N\201qL\rt\300\f\021\0058t\r\004\016I\371\203"
 117      4E81 714C 
 117      0D74 C00C 
 117      1105 3874 
 117      0D04 0E49 
 118 0027 4102 0274 		.ascii	"A\002\002t\311\336\354{\3632\f\003\341\354\005\205UG\304\316"
 118      C9DE EC7B 
 118      F332 0C03 
 118      E1EC 0585 
 118      5547 C4CE 
 119 003b CFC0 DDC1 		.ascii	"\317\300\335\301W \366\214\232$\262W\324\246\345#fY\305\235\033"
 119      5720 F68C 
 119      9A24 B257 
 119      D4A6 E523 
 119      6659 C59D 
 120 0050 2A49 641E 		.ascii	"*Id\036h\3661a\317O\203x\242.\021/4O\304\200\026\211\360F\313"
 120      68F6 3161 
 120      CF4F 8378 
 120      A22E 112F 
 120      344F C480 
 121 0069 7F21 14F4 		.ascii	"\177!\024\364\333\271\220S\267\235\021\013\353\375`$<_\216\350"
 121      DBB9 9053 
 121      B79D 110B 
 121      EBFD 6024 
 121      3C5F 8EE8 
 122 007d 378B 88BA 		.ascii	"7\213\210\2729\025\"!n\016\023\221\222\276msq\277\272\033\307"
 122      3915 2221 
 122      6E0E 1391 
 122      92BE 6D73 
 122      71BF BA1B 
 123 0092 15DE B4BD 		.ascii	"\025\336\264\275@\246"
 123      40A6 
 124               		.text
 125               		.section	.gnu.lto_.refs.855da8d728c2f56f,"",@progbits
 126 0000 789C 0DC1 		.string	"x\234\r\301\301\r"
 126      C10D 00
 127 0007 2008 04B0 		.string	" \b\004\260\036\240\211\177\367\237U\333\021\027M\276-\247:Sfy\004\034"
 127      1EA0 897F 
 127      F79F 55DB 
 127      1117 4DBE 
 127      2DA7 3A53 
 128 0020 46        		.ascii	"F"
 129               		.text
 130               		.section	.gnu.lto_.decls.855da8d728c2f56f,"",@progbits
 131 0000 789C 8555 		.string	"x\234\205UiLTW\024~\347\275\031\030\006\030,\245\206\304IcMLH\233@S\023\243\377\264\215\3
 131      694C 5457 
 131      147E E7BD 
 131      1918 0618 
 131      2CA5 86C4 
 132 006a 818E AD06 		.ascii	"\201\216\255\006A\310\301\317\375("
 132      41C8 C1CF 
 132      FD28 
 133 0074 B338 F438 		.string	"\2638\3648\267\036ED1\243\234\021\224\341\207R\206R\211r\005\245\006\245\026\245\036\245\
 133      B71E 4544 
 133      31A3 9C11 
 133      94E1 8752 
 133      8652 8972 
 134 0175 F505 F493 		.string	"\365\005\364\223\251@?\251\"\262'\237Q\020\236\027\207\360O\215\214\375\200\177\316\252\2
 134      A940 3FA9 
 134      22B2 279F 
 134      5110 9E17 
 134      87F0 4F8D 
 135 01e6 17C0 4FD8 		.ascii	"\027\300O\330\304\032Cr\027\202\2471\227\2601tI\200\363\b\277"
 135      C41A 4372 
 135      1782 A731 
 135      97B0 3174 
 135      4980 F308 
 136 01fb 886D 3940 		.ascii	"\210m9@\262h?\350\344I\265\341\002U\341\034\363\244\3065\270"
 136      B268 3FE8 
 136      E449 B5E1 
 136      0255 E11C 
 136      F3A4 C635 
 137 0210 D77D 3030 		.ascii	"\327}00t/\205\270\tY\b\f\242\260\nP\n\241\370\214\322)\320\275"
 137      742F 85B8 
 137      0959 080C 
 137      A2B0 0A50 
 137      0AA1 F88C 
 138 0228 4F7B 1F04 		.ascii	"O{\037\004.\312%\003\370\353\310\214\251=\225BJr\tY\301ppV\355"
 138      2ECA 2503 
 138      F8EB C88C 
 138      A93D 9542 
 138      4A72 0959 
 139 0241 3A94 808E 		.ascii	":\224\200\216j4\373\"\350\305 \313`\021\232_|^V\240\227\\oH\373"
 139      6A34 FB22 
 139      E8C5 20CB 
 139      6011 9A5F 
 139      7C5E 56A0 
 140 025a F2C4 9174 		.ascii	"\362\304\221tQ!w\2277\211\n3#.\367\020W q\2717q%#\316\251\230"
 140      5121 7797 
 140      3789 0A33 
 140      232E F710 
 140      5720 71B9 
 141 0275 7C21 4AE9 		.ascii	"|!J\351\300\230\037\335k8f\362\316g\375|O:Us\322\3312\321X\255"
 141      C098 1FDD 
 141      6B38 66F2 
 141      CE67 FD7C 
 141      4F3A 5573 
 142 028f 438F B925 		.ascii	"C\217\271%\304\335\271I\312 \356\0244\022)\n.k[\370\262\267\303"
 142      C4DD B949 
 142      CA20 EE14 
 142      3412 290A 
 142      2E6B 5BF8 
 143 02a6 2BCC 61CA 		.ascii	"+\314a\312\321C3F)[qx\377\376\311*\177NS\322\202\201\023\032"
 143      D143 3346 
 143      295B 7178 
 143      FFFE C92A 
 143      7F4E 53D2 
 144 02be 3825 A9D6 		.ascii	"8%\251\326H\252\275Ij\030\311\351\001R\351#\345)$\377v\346L\261"
 144      48AA BD49 
 144      6A18 C9E9 
 144      0152 E923 
 144      E529 24FF 
 145 02d6 D2E2 51AA 		.ascii	"\322\342Q\252\336:?\203\324\001\243pk\024n\3366\250e\346iS)\271"
 145      DE3A 3F83 
 145      D401 A370 
 145      6B14 6EDE 
 145      36A8 65E6 
 146 02ee 41D2 75C5 		.ascii	"A\322u\305|_No\246\277b\356\356\013I\227X\335\3524\333:\325\266"
 146      7C5F 4E6F 
 146      A6BF 62EE 
 146      EE0B 4997 
 146      58DD EA34 
 147 0306 9ED9 EE4C 		.ascii	"\236\331\356L\315\317\363\227z\024\333\027\277\027\265\233\270"
 147      CDCF F397 
 147      7A14 DB17 
 147      BF17 B59B 
 147      B8
 148 0317 EBF6 9BA2 		.ascii	"\353\366\233\242\307u\203f\336\240\23272\363\253[N\324\230\244"
 148      C775 8366 
 148      DEA0 9A37 
 148      32F3 AB5B 
 148      4ED4 98A4 
 149 032b 5F45 66FE 		.ascii	"_Ef\376l\274\243X\304N\262SNk\213s\323\217\247'\002<sW\201M\246"
 149      6CBC A358 
 149      C44E B253 
 149      4E6B 8B73 
 149      D38F A727 
 150 0346 A6B7 65EB 		.ascii	"\246\267e\353\337\320\230f\326\230k\300;\263y,\343\016\360\220"
 150      DFD0 9866 
 150      D698 6BC0 
 150      3BB3 792C 
 150      E30E F090 
 151 035a AAB2 BFEF 		.ascii	"\252\262\277\357\"\271\241\024\002MZHMjH-,\244\0339\177\367\350"
 151      22B9 A114 
 151      024D 5A48 
 151      4D6A 482D 
 151      2CA4 1B39 
 152 0371 A43A 25A4 		.ascii	"\244:%\244\003]\233\017\007\250\031\355\224<\031]\327\314\257"
 152      035D 9B0F 
 152      07A8 19ED 
 152      943C 195D 
 152      D7CC AF
 153 0384 ABE6 ADCC 		.ascii	"\253\346\255\314\274qv\312\035\204\367\344\032#\210\250n\253"
 153      BC71 76CA 
 153      1D84 F7E4 
 153      1A23 88A8 
 153      6EAB 
 154 0396 CD3A 1C28 		.ascii	"\315:\034(u+l\343\365\277\235\367\241[\365\006\232\267\341\311"
 154      752B 6CE3 
 154      F5BF 9DF7 
 154      A15B F506 
 154      9AB7 E1C9 
 155 03aa 62A7 F99F 		.string	"b\247\371\237\226n\275\324\257 \372\206\352\013L\024\321\216\210\017\314pSIx\367\344\360#
 155      966E BDD4 
 155      AF20 FA86 
 155      EA0B 4C14 
 155      D18E 880F 
 156 04ab 01AC F1F8 		.string	"\001\254\361\370Fp\353\354\266\331"
 156      4670 EBEC 
 156      B6D9 00
 157 04b6 6F30 3D38 		.ascii	"o0=8\032x\220\203\007\031x\177~e\226\350\r\256\232\003\036\342"
 157      1A78 9083 
 157      0719 787F 
 157      7E65 96E8 
 157      0DAE 9A03 
 158 04cc E021 069E 		.ascii	"\340!\006\2368\365\244\310$\355P\362\354\337St\\\302\035\351"
 158      38F5 A4C8 
 158      24ED 50F2 
 158      ECDF 5374 
 158      5CC2 1DE9 
 159 04e0 C63B E2E9 		.ascii	"\306;\342\3519P\256\232\243\"\363\366@\333\225\017\274o\211a"
 159      3950 AE9A 
 159      A322 F3F6 
 159      40DB 950F 
 159      BC6F 8961 
 160 04f4 B633 674A 		.ascii	"\2663gJ\273/\370\031\263h\313\025\237\230\264\346r\004\360\377"
 160      BB2F F819 
 160      B368 CB15 
 160      9F98 B4E6 
 160      7204 F0FF 
 161 0508 1522 5899 		.ascii	"\025\"X\231\020|wv\317\013\377\340]\034\274\002\330\361\323\320"
 161      107C 7776 
 161      CF0B FFE0 
 161      5D1C BC02 
 161      D8F1 D3D0 
 162 051c 0F21 58B5 		.ascii	"\017!X\265a\nZ\344M\326\217\231\274S\242\345\327,FyJ\243,\245"
 162      610A 5AE4 
 162      4DD6 8F99 
 162      BC53 A2E5 
 162      D72C 4679 
 163 0534 1652 FECC 		.ascii	"\026R\376\314\327\033\334<'\3771\016\246o\303\247\221\353\026"
 163      D71B DC3C 
 163      27FF 310E 
 163      A66F C3A7 
 163      91EB 16
 164 0547 7EB2 7CB9 		.ascii	"~\262|\271\340\233d\217\227\227Y\344w#\222\\\316\b\207=*\302"
 164      E09B 648F 
 164      9797 59E4 
 164      7723 925C 
 164      CE08 873D 
 165 055d 9AEC 8CB0 		.ascii	"\232\354\214\260\307G;\222bl\021.9\006\227\3037\b\301v\227e\243"
 165      C747 3B92 
 165      626C 112E 
 165      3906 97C3 
 165      3708 C176 
 166 0574 EDE7 A804 		.ascii	"\355\347\250\004\2533\306\022gu\3116\247\356'\233u\243\336\362"
 166      AB33 C612 
 166      6775 C936 
 166      A7EE 279B 
 166      75A3 DEF2 
 167 0588 7142 8263 		.ascii	"qB\202c\321\217I\326x9).\302\225\350\260\313\226\350\204\270"
 167      D18F 49D6 
 167      7839 292E 
 167      C295 E8B0 
 167      CB96 E884 
 168 059d B884 78AE 		.ascii	"\270\204x\256$\311vGx\2640\317\233\300a\373A6)\313\211N\233\305"
 168      24C9 7647 
 168      78B4 30CF 
 168      9BC0 61FB 
 168      4136 29CB 
 169 05b5 1E6F 9783 		.ascii	"\036o\227\203\270\232\340\222\231\356\237\344\212\262\304\330"
 169      B89A E092 
 169      99EE 9FE4 
 169      8AB2 C4D8 
 170 05c5 5DD6 2887 		.ascii	"]\326(\207m\201\034\267\021I\235\266\b\316L\327\030\357\006\301"
 170      6D81 1CB7 
 170      1149 9DB6 
 170      08CE 4CD7 
 170      18EF 06C1 
 171 05d9 44BF 93A3 		.ascii	"D\277\223\243\222\\\026\227l\225m\357\310Nk\274+1\301)\363(\031"
 171      925C 1697 
 171      6C95 6DEF 
 171      C84E 6BBC 
 171      2B31 C129 
 172 05f0 D97B AF8D 		.ascii	"\331{\257\215\317\003E\232\005\316\330(\207=v\203lq\331\020\340"
 172      CF03 459A 
 172      05CE D828 
 172      873D 7683 
 172      6C71 D910 
 173 0605 B027 26DA 		.ascii	"\260'&\332\343c-\210\210\265\275\255Z\253\030\304\207h~\\\016"
 173      E363 2D88 
 173      88B5 BDAD 
 173      5AAB 18C4 
 173      8768 7E5C 
 174 061a 6BB2 9283 		.ascii	"k\262\222\203~\355\352\225\353W\371|\265r\355\267\253\276\361"
 174      7EED EA95 
 174      EB57 F97C 
 174      B572 EDB7 
 174      ABBE F1
 175 062d 5D17 F965 		.ascii	"]\027\371e\344\327\337E\006b\200,\264\360\245K\227,3\250\232"
 175      E4D7 DF45 
 175      0662 802C 
 175      B4F0 A54B 
 175      972C 33A8 
 176 0642 D1EE 5A8D 		.ascii	"\321\356Z\215U\370\314\032\037CS\375\334\2652Z\266'\333\376\003"
 176      55F8 CC1A 
 176      1F43 53FD 
 176      DCB5 325A 
 176      B627 DBFE 
 177 0657 E04B 38E5 		.ascii	"\340K8\345"
 178               		.text
 179               		.section	.gnu.lto_.symtab.855da8d728c2f56f,"",@progbits
 180 0000 6973 5F6B 		.string	"is_keyboard_master"
 180      6579 626F 
 180      6172 645F 
 180      6D61 7374 
 180      6572 00
 181 0013 00        		.string	""
 182 0014 01        		.ascii	"\001"
 183 0015 00        		.string	""
 184 0016 00        		.string	""
 185 0017 00        		.string	""
 186 0018 00        		.string	""
 187 0019 00        		.string	""
 188 001a 00        		.string	""
 189 001b 00        		.string	""
 190 001c 00        		.string	""
 191 001d 00        		.string	""
 192 001e B700      		.string	"\267"
 193 0020 00        		.string	""
 194 0021 00        		.string	""
 195 0022 6973 5F6B 		.string	"is_keyboard_left"
 195      6579 626F 
 195      6172 645F 
 195      6C65 6674 
 195      00
 196 0033 00        		.string	""
 197 0034 01        		.ascii	"\001"
 198 0035 00        		.string	""
 199 0036 00        		.string	""
 200 0037 00        		.string	""
 201 0038 00        		.string	""
 202 0039 00        		.string	""
 203 003a 00        		.string	""
 204 003b 00        		.string	""
 205 003c 00        		.string	""
 206 003d 00        		.string	""
 207 003e BA00      		.string	"\272"
 208 0040 00        		.string	""
 209 0041 00        		.string	""
 210 0042 7370 6C69 		.string	"split_pre_init"
 210      745F 7072 
 210      655F 696E 
 210      6974 00
 211 0051 00        		.string	""
 212 0052 00        		.string	""
 213 0053 00        		.string	""
 214 0054 00        		.string	""
 215 0055 00        		.string	""
 216 0056 00        		.string	""
 217 0057 00        		.string	""
 218 0058 00        		.string	""
 219 0059 00        		.string	""
 220 005a 00        		.string	""
 221 005b 00        		.string	""
 222 005c BD00      		.string	"\275"
 223 005e 00        		.string	""
 224 005f 00        		.string	""
 225 0060 6973 4C65 		.string	"isLeftHand"
 225      6674 4861 
 225      6E64 00
 226 006b 00        		.string	""
 227 006c 00        		.string	""
 228 006d 00        		.string	""
 229 006e 00        		.string	""
 230 006f 00        		.string	""
 231 0070 00        		.string	""
 232 0071 00        		.string	""
 233 0072 00        		.string	""
 234 0073 00        		.string	""
 235 0074 00        		.string	""
 236 0075 00        		.string	""
 237 0076 DD00      		.string	"\335"
 238 0078 00        		.string	""
 239 0079 00        		.string	""
 240 007a 7370 6C69 		.string	"split_post_init"
 240      745F 706F 
 240      7374 5F69 
 240      6E69 7400 
 241 008a 00        		.string	""
 242 008b 00        		.string	""
 243 008c 00        		.string	""
 244 008d 00        		.string	""
 245 008e 00        		.string	""
 246 008f 00        		.string	""
 247 0090 00        		.string	""
 248 0091 00        		.string	""
 249 0092 00        		.string	""
 250 0093 00        		.string	""
 251 0094 00        		.string	""
 252 0095 BF00      		.string	"\277"
 253 0097 00        		.string	""
 254 0098 00        		.string	""
 255 0099 7573 625F 		.string	"usb_disable"
 255      6469 7361 
 255      626C 6500 
 256 00a5 00        		.string	""
 257 00a6 02        		.ascii	"\002"
 258 00a7 00        		.string	""
 259 00a8 00        		.string	""
 260 00a9 00        		.string	""
 261 00aa 00        		.string	""
 262 00ab 00        		.string	""
 263 00ac 00        		.string	""
 264 00ad 00        		.string	""
 265 00ae 00        		.string	""
 266 00af 00        		.string	""
 267 00b0 C100      		.string	"\301"
 268 00b2 00        		.string	""
 269 00b3 00        		.string	""
 270 00b4 7573 625F 		.string	"usb_vbus_state"
 270      7662 7573 
 270      5F73 7461 
 270      7465 00
 271 00c3 00        		.string	""
 272 00c4 02        		.ascii	"\002"
 273 00c5 00        		.string	""
 274 00c6 00        		.string	""
 275 00c7 00        		.string	""
 276 00c8 00        		.string	""
 277 00c9 00        		.string	""
 278 00ca 00        		.string	""
 279 00cb 00        		.string	""
 280 00cc 00        		.string	""
 281 00cd 00        		.string	""
 282 00ce C300      		.string	"\303"
 283 00d0 00        		.string	""
 284 00d1 00        		.string	""
 285 00d2 7472 616E 		.string	"transport_master_init"
 285      7370 6F72 
 285      745F 6D61 
 285      7374 6572 
 285      5F69 6E69 
 286 00e8 00        		.string	""
 287 00e9 02        		.ascii	"\002"
 288 00ea 00        		.string	""
 289 00eb 00        		.string	""
 290 00ec 00        		.string	""
 291 00ed 00        		.string	""
 292 00ee 00        		.string	""
 293 00ef 00        		.string	""
 294 00f0 00        		.string	""
 295 00f1 00        		.string	""
 296 00f2 00        		.string	""
 297 00f3 C500      		.string	"\305"
 298 00f5 00        		.string	""
 299 00f6 00        		.string	""
 300 00f7 7267 626C 		.string	"rgblight_set_clipping_range"
 300      6967 6874 
 300      5F73 6574 
 300      5F63 6C69 
 300      7070 696E 
 301 0113 00        		.string	""
 302 0114 02        		.ascii	"\002"
 303 0115 00        		.string	""
 304 0116 00        		.string	""
 305 0117 00        		.string	""
 306 0118 00        		.string	""
 307 0119 00        		.string	""
 308 011a 00        		.string	""
 309 011b 00        		.string	""
 310 011c 00        		.string	""
 311 011d 00        		.string	""
 312 011e CA00      		.string	"\312"
 313 0120 00        		.string	""
 314 0121 00        		.string	""
 315 0122 7472 616E 		.string	"transport_slave_init"
 315      7370 6F72 
 315      745F 736C 
 315      6176 655F 
 315      696E 6974 
 316 0137 00        		.string	""
 317 0138 02        		.ascii	"\002"
 318 0139 00        		.string	""
 319 013a 00        		.string	""
 320 013b 00        		.string	""
 321 013c 00        		.string	""
 322 013d 00        		.string	""
 323 013e 00        		.string	""
 324 013f 00        		.string	""
 325 0140 00        		.string	""
 326 0141 00        		.string	""
 327 0142 CC00      		.string	"\314"
 328 0144 00        		.string	""
 329 0145 00        		.string	""
 330               		.text
 331               		.section	.gnu.lto_.opts,"",@progbits
 332 0000 272D 666D 		.ascii	"'-fmath-errno' '-fsigned-zeros' '-ftrapping-math' '-fno-trap"
 332      6174 682D 
 332      6572 726E 
 332      6F27 2027 
 332      2D66 7369 
 333 003c 7627 2027 		.ascii	"v' '-fno"
 333      2D66 6E6F 
 334 0044 2D6F 7065 		.string	"-openmp' '-fno-openacc' '-mn-flash=1' '-mno-skip-bug' '-mmcu=avr5' '-gdwarf-2' '-Os' '-We
 334      6E6D 7027 
 334      2027 2D66 
 334      6E6F 2D6F 
 334      7065 6E61 
 335               		.text
 336               		.comm	__gnu_lto_v1,1,1
 337               		.comm	__gnu_lto_slim,1,1
 338               		.ident	"GCC: (GNU) 5.4.0"
DEFINED SYMBOLS
                            *ABS*:0000000000000000 split_util.c
     /tmp/cc5GKfn1.s:2      *ABS*:000000000000003e __SP_H__
     /tmp/cc5GKfn1.s:3      *ABS*:000000000000003d __SP_L__
     /tmp/cc5GKfn1.s:4      *ABS*:000000000000003f __SREG__
     /tmp/cc5GKfn1.s:5      *ABS*:0000000000000000 __tmp_reg__
     /tmp/cc5GKfn1.s:6      *ABS*:0000000000000001 __zero_reg__
                            *COM*:0000000000000001 __gnu_lto_v1
                            *COM*:0000000000000001 __gnu_lto_slim

NO UNDEFINED SYMBOLS
