   1               		.file	"printf.c"
   2               	__SP_H__ = 0x3e
   3               	__SP_L__ = 0x3d
   4               	__SREG__ = 0x3f
   5               	__tmp_reg__ = 0
   6               	__zero_reg__ = 1
   7               		.text
   8               	.Ltext0:
   9               		.section	.gnu.lto_.profile.306e926f6c71ceed,"",@progbits
  10 0000 789C 6361 		.string	"x\234ca`d`a`"
  10      6064 6061 
  10      6000 
  11 000a 92CC 4C00 		.string	"\222\314L"
  12 000e 00        		.string	""
  13 000f 7200      		.string	"r"
  14 0011 10        		.ascii	"\020"
  15               		.text
  16               		.section	.gnu.lto_.icf.306e926f6c71ceed,"",@progbits
  17 0000 789C 6361 		.string	"x\234ca`d"
  17      6064 00
  18 0007 010E 0604 		.string	"\001\016\006\004`d8u\250\367\f/\003"
  18      6064 3875 
  18      A8F7 0C2F 
  18      0300 
  19 0015 0E86 0301 		.ascii	"\016\206\003\001"
  20               		.text
  21               		.section	.gnu.lto_.jmpfuncs.306e926f6c71ceed,"",@progbits
  22 0000 789C 6361 		.string	"x\234ca`d"
  22      6064 00
  23 0007 0176 0604 		.string	"\001v\006\004`d`dd\254g"
  23      6064 6064 
  23      64AC 6700 
  24 0013 00        		.string	""
  25 0014 0236 00   		.string	"\0026"
  26 0017 90        		.ascii	"\220"
  27               		.text
  28               		.section	.gnu.lto_.inline.306e926f6c71ceed,"",@progbits
  29 0000 789C 6361 		.string	"x\234ca`d"
  29      6064 00
  30 0007 0151 0604 		.string	"\001Q\006\004"
  30      00
  31 000c 8AB0 3033 		.string	"\212\26003201]\340g`[ \317\004\026\004"
  31      3230 315D 
  31      E067 605B 
  31      20CF 0416 
  31      0400 
  32 001e 14FF 01CE 		.ascii	"\024\377\001\316"
  33               		.text
  34               		.section	.gnu.lto_.pureconst.306e926f6c71ceed,"",@progbits
  35 0000 789C 6361 		.string	"x\234ca`d`f`"
  35      6064 6066 
  35      6000 
  36 000a 9212 00   		.string	"\222\022"
  37 000d 00        		.string	""
  38 000e 7000      		.string	"p"
  39 0010 22        		.ascii	"\""
  40               		.text
  41               		.section	.gnu.lto_print_set_sendchar.306e926f6c71ceed,"",@progbits
  42 0000 789C 2550 		.ascii	"x\234%PMKBQ\020\235s\357\313'E\344\246U\006\006\201\270\311\026"
  42      4D4B 4251 
  42      109D 73EF 
  42      CB27 45E4 
  42      A655 0606 
  43 0018 FD92 FE40 		.ascii	"\375\222\376@\304#!B\r\261\266\216\332\243\244M\233ZD\342*\264"
  43      C423 2142 
  43      0DB1 B68E 
  43      DAA3 A44D 
  43      9B5A 44E2 
  44 002e B224 DAE4 		.ascii	"\262$\332\344*\221\332IA\320*\202l\341BZ\030\364\261\262\327"
  44      2A91 DA49 
  44      41D0 2A82 
  44      6CE1 425A 
  44      18F4 B1B2 
  45 0043 DCD7 C065 		.ascii	"\334\327\300ef\0163\347\234\271\026\201L\314K\232\225<%\017\232"
  45      660E 33E7 
  45      9CB9 1681 
  45      4CCC 4B9A 
  45      953C 250F 
  46 0058 A0F6 EE89 		.ascii	"\240\366\356\211\362A\005\230\202\203\240\234B\016_j\250\320"
  46      F241 0598 
  46      8283 A09C 
  46      420E 5F6A 
  46      A8D0 
  47 006a DEEE 3555 		.ascii	"\336\3565U\254\312\022\257\356\256\346Z\013\256&\362\224\317"
  47      ACCA 12AF 
  47      EEAE E65A 
  47      0BAE 26F2 
  47      94CF 
  48 007c 44A8 2226 		.ascii	"D\250\"&Sw\336Ok\342S\271\0320K\217\203Ny\314\264\n!i\273\365"
  48      5377 DE4F 
  48      6BE2 53B9 
  48      1A30 4B8F 
  48      834E 79CC 
  49 0096 7629 A023 		.ascii	"v)\240# \251\257\217\276_\354\3501s\201\371j\222\265\2535N\241"
  49      20A9 AF8F 
  49      BE5F ECE8 
  49      3173 81F9 
  49      6A92 B5AB 
  50 00ad 850F 2708 		.ascii	"\205\017'\b\243\2060\tD8C\324\214\277]\376\356\217\007\266\214"
  50      A386 3009 
  50      4438 43D4 
  50      8CBF 5DFE 
  50      EE8F 07B6 
  51 00c2 7CE4 5F14 		.ascii	"|\344_\024u\004\314\031\215\305\026{^\221\371f\006\226X7\013"
  51      7504 CC19 
  51      8DC5 167B 
  51      5E91 F966 
  51      0696 5837 
  52 00d7 3490 0973 		.ascii	"4\220\ts\303\207R&\353\036\n\207\335\005\263\"\\\007n\373\301"
  52      C387 5226 
  52      EB1E 0A87 
  52      DD05 B322 
  52      5C07 6EFB 
  53 00ec 36AE 2CDF 		.ascii	"6\256,\337I\263\371\376l\347\206\274\303\034\022\254$W\031\270"
  53      49B3 F9FE 
  53      6CE7 86BC 
  53      C31C 12AC 
  53      2457 19B8 
  54 0100 DF79 BA1D 		.ascii	"\337y\272\035\255\240\234g\037\037\301\205|\305\271\330\"4PA"
  54      ADA0 9C67 
  54      1F1F C185 
  54      7CC5 B9D8 
  54      2234 5041 
  55 0114 512B EAA3 		.ascii	"Q+\352\243\300\332\220\372_0P0Z\242<\235M\256-9\351\314J\334"
  55      C0DA 90FA 
  55      5F30 5030 
  55      5AA2 3C9D 
  55      4DAE 2D39 
  56 012c 4927 93E9 		.ascii	"I'\223\351T|y3\023_\317\254\246\262\2119\207\254\304F\312\371"
  56      547C 7933 
  56      135F CFAC 
  56      A6B2 8939 
  56      87AC C446 
  57 0142 03DC 2175 		.ascii	"\003\334!uC"
  57      43
  58               		.text
  59               		.section	.gnu.lto_.symbol_nodes.306e926f6c71ceed,"",@progbits
  60 0000 789C 6361 		.string	"x\234ca`d\220b"
  60      6064 9062 
  60      00
  61 0009 0226 C67A 		.string	"\002&\306z\006\206\t\347\030\030\200\324\256\006E\006\006V&\006\005\220\004"
  61      0686 09E7 
  61      1818 80D4 
  61      AE06 4506 
  61      0656 2606 
  62 0021 43B6 0401 		.ascii	"C\266\004\001"
  63               		.text
  64               		.section	.gnu.lto_.refs.306e926f6c71ceed,"",@progbits
  65 0000 789C 6361 		.string	"x\234ca`d`c`"
  65      6064 6063 
  65      6000 
  66 000a 928C 8C8C 		.string	"\222\214\214\214\f"
  66      0C00 
  67 0010 00        		.string	""
  68 0011 9D00      		.string	"\235"
  69 0013 10        		.ascii	"\020"
  70               		.text
  71               		.section	.gnu.lto_.decls.306e926f6c71ceed,"",@progbits
  72 0000 789C 8D52 		.ascii	"x\234\215R_H\223Q\024\277\347\333\320\355\3239\021\321ASD\020"
  72      5F48 9351 
  72      14BF E7DB 
  72      D0ED D339 
  72      11D1 4153 
  73 0016 F692 0B7A 		.ascii	"\366\222\013z\311\347\210^\242\267|l\350T\224t\213\271\205o]"
  73      C9E7 885E 
  73      A2B7 7C6C 
  73      E854 9474 
  73      8BB9 856F 
  74 002b D4D2 AC40 		.ascii	"\324\322\254@!Va\376\001"
  74      2156 61FE 
  74      01
  75 0034 A1FC 975A 		.string	"\241\374\227Z\226i\352\234\272=\b\006S!\t+\206\364\2174(\b\322J\3279\367\373\346\267EB\22
  75      9669 EA9C 
  75      BA3D 0806 
  75      5321 092B 
  75      86F4 8F34 
  76 0135 1433 7808 		.string	"\0243x\bV\030\006+\273O^\242]\273\346\021\3163a\024d\030\001\235\200`\013VY1\267\263\2752
  76      5618 062B 
  76      BB4F 5EA2 
  76      5DBB E611 
  76      CE33 6114 
  77 0196 2499 7E8A 		.string	"$\231~\212\246sU\323\343h\3721\232\246\347V\375\035&\213_\3409/"
  77      A673 55D3 
  77      E368 FA31 
  77      9AA6 E756 
  77      FD1D 268B 
  78 01af 21A7 5018 		.string	"!\247P\030<\003\013~?\002\275b\177y\251g2#\275\215\006\022\341\\\266\320=\f\241\326 \020z
  78      3C03 0B7E 
  78      3F02 BD62 
  78      7F79 A967 
  78      3223 BD8D 
  79 0239 0A91 39B4 		.string	"\n\2219\264\031Y2\350\374"
  79      1959 32E8 
  79      FC00 
  80 0243 87FD A0CB 		.string	"\207\375\240\313\253\241[i\207\270\230\027.\202q\027;;[/\222\006:\2374\320\0051\022\002v\
  80      ABA1 5B69 
  80      87B8 9817 
  80      2E82 7117 
  80      3B3B 5B2F 
  81 0302 5A02 712F 		.ascii	"Z\002q/"
  82               		.text
  83               		.section	.gnu.lto_.symtab.306e926f6c71ceed,"",@progbits
  84 0000 7072 696E 		.string	"print_set_sendchar"
  84      745F 7365 
  84      745F 7365 
  84      6E64 6368 
  84      6172 00
  85 0013 00        		.string	""
  86 0014 00        		.string	""
  87 0015 00        		.string	""
  88 0016 00        		.string	""
  89 0017 00        		.string	""
  90 0018 00        		.string	""
  91 0019 00        		.string	""
  92 001a 00        		.string	""
  93 001b 00        		.string	""
  94 001c 00        		.string	""
  95 001d 00        		.string	""
  96 001e BE00      		.string	"\276"
  97 0020 00        		.string	""
  98 0021 00        		.string	""
  99 0022 7866 756E 		.string	"xfunc_out"
  99      635F 6F75 
  99      7400 
 100 002c 00        		.string	""
 101 002d 02        		.ascii	"\002"
 102 002e 00        		.string	""
 103 002f 00        		.string	""
 104 0030 00        		.string	""
 105 0031 00        		.string	""
 106 0032 00        		.string	""
 107 0033 00        		.string	""
 108 0034 00        		.string	""
 109 0035 00        		.string	""
 110 0036 00        		.string	""
 111 0037 C300      		.string	"\303"
 112 0039 00        		.string	""
 113 003a 00        		.string	""
 114               		.text
 115               		.section	.gnu.lto_.opts,"",@progbits
 116 0000 272D 666D 		.ascii	"'-fmath-errno' '-fsigned-zeros' '-ftrapping-math' '-fno-trap"
 116      6174 682D 
 116      6572 726E 
 116      6F27 2027 
 116      2D66 7369 
 117 003c 7627 2027 		.ascii	"v' '-fno"
 117      2D66 6E6F 
 118 0044 2D6F 7065 		.string	"-openmp' '-fno-openacc' '-mn-flash=1' '-mno-skip-bug' '-mmcu=avr5' '-gdwarf-2' '-Os' '-We
 118      6E6D 7027 
 118      2027 2D66 
 118      6E6F 2D6F 
 118      7065 6E61 
 119               		.text
 120               		.comm	__gnu_lto_v1,1,1
 121               		.comm	__gnu_lto_slim,1,1
 122               		.ident	"GCC: (GNU) 5.4.0"
DEFINED SYMBOLS
                            *ABS*:0000000000000000 printf.c
     /tmp/ccEuUiSB.s:2      *ABS*:000000000000003e __SP_H__
     /tmp/ccEuUiSB.s:3      *ABS*:000000000000003d __SP_L__
     /tmp/ccEuUiSB.s:4      *ABS*:000000000000003f __SREG__
     /tmp/ccEuUiSB.s:5      *ABS*:0000000000000000 __tmp_reg__
     /tmp/ccEuUiSB.s:6      *ABS*:0000000000000001 __zero_reg__
                            *COM*:0000000000000001 __gnu_lto_v1
                            *COM*:0000000000000001 __gnu_lto_slim

NO UNDEFINED SYMBOLS
