   1               		.file	"magic.c"
   2               	__SP_H__ = 0x3e
   3               	__SP_L__ = 0x3d
   4               	__SREG__ = 0x3f
   5               	__tmp_reg__ = 0
   6               	__zero_reg__ = 1
   7               		.text
   8               	.Ltext0:
   9               		.section	.gnu.lto_.profile.c53f244f5904deb5,"",@progbits
  10 0000 789C 6361 		.string	"x\234ca`d`a`"
  10      6064 6061 
  10      6000 
  11 000a 9249 1200 		.string	"\222I\022"
  12 000e 0146 00   		.string	"\001F"
  13 0011 85        		.ascii	"\205"
  14               		.text
  15               		.section	.gnu.lto_.icf.c53f244f5904deb5,"",@progbits
  16 0000 789C 6361 		.string	"x\234ca`d"
  16      6064 00
  17 0007 0111 0604 		.string	"\001\021\006\004`fX?\363A\013\023\343\225\027\333\326r1\237\371zi3\007\003"
  17      6066 583F 
  17      F341 0B13 
  17      E395 17DB 
  17      D672 319F 
  18 0022 6086 0946 		.ascii	"`\206\tF"
  19               		.text
  20               		.section	.gnu.lto_.jmpfuncs.c53f244f5904deb5,"",@progbits
  21 0000 789C 6361 		.string	"x\234ca`d"
  21      6064 00
  22 0007 0131 0604 		.string	"\0011\006\004`\002bF\b\305\204\020\005"
  22      6002 6246 
  22      08C5 8410 
  22      0500 
  23 0015 0458 00   		.string	"\004X"
  24 0018 23        		.ascii	"#"
  25               		.text
  26               		.section	.gnu.lto_.inline.c53f244f5904deb5,"",@progbits
  27 0000 789C 6361 		.string	"x\234ca`d"
  27      6064 00
  28 0007 8110 0604 		.string	"\201\020\006\004`b``fb\004Q\fl\013\344A\024P\221\344- \301\304\363 \026.\306\314\003\024\
  28      6062 6060 
  28      6662 0451 
  28      0C6C 0BE4 
  28      4114 5091 
  29 0039 00        		.string	""
  30 003a 51B1 0658 		.ascii	"Q\261\006X"
  31               		.text
  32               		.section	.gnu.lto_.pureconst.c53f244f5904deb5,"",@progbits
  33 0000 789C 6361 		.string	"x\234ca`d`e```b\220`\224"
  33      6064 6065 
  33      6060 6062 
  33      9060 9400 
  34 0010 00        		.string	""
  35 0011 00        		.string	""
  36 0012 E500      		.string	"\345"
  37 0014 3E        		.ascii	">"
  38               		.text
  39               		.section	.gnu.lto_bootmagic.c53f244f5904deb5,"",@progbits
  40 0000 789C 6361 		.string	"x\234ca`d"
  40      6064 00
  41 0007 812A 2096 		.string	"\201* \226\001bi fdf`d\232p\216\201\241\221\203\211\221\021\304h\340`d\250gb\254g\374\312
  41      0162 6920 
  41      6664 6660 
  41      649A 708E 
  41      81A1 9183 
  42 004f 54F6 68E3 		.string	"T\366h\343\277\251\274l- e\n\020I\306\025\214l \353\326\007\035h\370\377\277\271\241a\247
  42      BFA9 BC6C 
  42      2D20 650A 
  42      1049 C615 
  42      8C6C 20EB 
  43 00a3 B480 3567 		.ascii	"\264\2005g"
  44               		.text
  45               		.section	.gnu.lto_magic.c53f244f5904deb5,"",@progbits
  46 0000 789C 7552 		.string	"x\234uR\315O\023A\034\375\275\231\355\207\265\024jE\220 \341\302\001\017\366b\374C4\236MA
  46      CD4F 1341 
  46      1CFD BD99 
  46      ED87 B514 
  46      6A45 9020 
  47 0034 B502 7E41 		.string	"\265\002~A\253\350\2461\361\342\027!xA\022\301H\b\361"
  47      ABE8 A631 
  47      F1E2 1721 
  47      7841 12C1 
  47      4808 F100 
  48 0048 C68F 8381 		.ascii	"\306\217\203\201\3657\263($]&\331\331\231\331\367{\357\375\336"
  48      F537 B328 
  48      245D 26D9 
  48      D999 D9F7 
  48      7BEF FDDE 
  49 005c 8E45 203D 		.ascii	"\216E =~K\242\243\374>\316\017\002\004q\355\035Q\177X\bYj\"\025"
  49      7E4B A2A3 
  49      FC3E CE0F 
  49      0204 71ED 
  49      1D51 7F58 
  50 0075 B53E 2649 		.ascii	"\265>&IE$,\357\330\002\364B\205Ai!-\244\361Sl\n\224\007V\212"
  50      4524 2CEF 
  50      D802 F442 
  50      8541 6921 
  50      2DA4 F153 
  51 008f A275 44F1 		.ascii	"\242uD\361\370l_\227j\324\201\315\274\2560\022\204\021\264\022"
  51      F86C 5F97 
  51      6AD4 81CD 
  51      BCAE 3012 
  51      8411 B412 
  52 00a3 C366 7313 		.ascii	"\303fs\023\267\345\017aK\300\342\355\306\333[_bz+\320\314\333"
  52      B7E5 0F61 
  52      4BC0 E2ED 
  52      C6DB 5B5F 
  52      627A 2BD0 
  53 00b9 3F99 5FAF 		.ascii	"?\231_\257\243\362\b4\322)\177(\207[\356(\225Q\316\\\001\003"
  53      A3F2 0834 
  53      D229 7F28 
  53      875B EE28 
  53      9551 CE5C 
  54 00cf CAE9 6FB6 		.ascii	"\312\351o\266\245\304]H&\305\030\0321\212FC\316\350\345\311\255"
  54      A5C4 5D48 
  54      26C5 181A 
  54      318A 4643 
  54      CEE8 E5C9 
  55 00e4 1B55 C19C 		.ascii	"\033U\301\234\226o\306=\264x\302\270\217 \367\b}2~\322Q\256\233"
  55      966F C63D 
  55      B478 C2B8 
  55      8F20 F708 
  55      7D32 7ED2 
  56 00fb 55CE CDD6 		.ascii	"U\316\315\326\362b a\221-\255\020O\201\bO\301\230^U\223\006\306"
  56      F262 2061 
  56      912D AD10 
  56      4F81 084F 
  56      C198 5E55 
  57 0112 7919 225A 		.ascii	"y\031\"Zg\002\335\350\206\020\372-W\221u\206:5cVj\353\305\342"
  57      6702 DDE8 
  57      8610 FA2D 
  57      5791 7586 
  57      3A35 6356 
  58 012a B785 507A 		.ascii	"\267\205PzS]Q\252\306\226aWh\241\002\322\\\275\217\226\220[\310"
  58      535D 51AA 
  58      C696 6157 
  58      68A1 02D2 
  58      5CBD 8F96 
  59 0141 B6ED 8007 		.ascii	"\266\355\200\007\355\362\373\220\356\323\002\341\301\266\355"
  59      EDF2 FB90 
  59      EED3 02E1 
  59      C1B6 ED
  60 0150 0D21 A9D4 		.ascii	"\r!\251\324d\210\207;4\226*h#.\253\023\306\r\355~Sc\375w3\365"
  60      6488 873B 
  60      3496 2A68 
  60      232E AB13 
  60      C60D ED7E 
  61 016a 159E 42A8 		.ascii	"\025\236B\250\242.\35227a\302\324U\321\n2\203Ku\032\274\333K"
  61      A22E EA32 
  61      3761 C2D4 
  61      55D1 0A32 
  61      834B 751A 
  62 0181 0C95 82B1 		.ascii	"\f\225\202\261\274\364\002]{3\377*2\214\241~e\316\253\361\220"
  62      BCF4 025D 
  62      7B33 FF2A 
  62      328C A17E 
  62      65CE ABF1 
  63 0196 FFF4 A476 		.ascii	"\377\364\244v\316\037\257NO\344\303\311\202N[\235\262e\r\036"
  63      CE1F AF4E 
  63      4FE4 C3C9 
  63      824E 5B9D 
  63      B265 0D1E 
  64 01aa 6118 5BE6 		.ascii	"a\030[\346W\3431\222\354\210\264\301\342?\203\221\n\235\270\313"
  64      57E3 3192 
  64      EC88 B4C1 
  64      E23F 8391 
  64      0A9D B8CB 
  65 01be 8D10 9E18 		.ascii	"\215\020\236\030\203\007\3660\230\3601\230\310K\370\031<\210"
  65      8307 F630 
  65      98F0 3198 
  65      C84B F819 
  65      3C88 
  66 01d0 2936 F8D4 		.ascii	")6\370\324\307\340i[\326b\332\030\324\367\035Em0b\f\316\324\356"
  66      C7E0 695B 
  66      D662 DA18 
  66      D4F7 1D45 
  66      6D30 620C 
  67 01e7 197B 8091 		.ascii	"\031{\200\221\245\355\3305tnLz\275\304\374\302\0162\372\331N"
  67      A5ED D835 
  67      746E 4C7A 
  67      BDC4 FCC2 
  67      0E32 FAD9 
  68 01fc D8DF 073E 		.ascii	"\330\337\007>\t\017]\315\005\264\f\263\323\227\213O\230.\347"
  68      090F 5DCD 
  68      05B4 0CB3 
  68      D397 8B4F 
  68      982E E7
  69 020f CCEF A17C 		.ascii	"\314\357\241|\310\025|\367\360\234\271\030j\313:\023\315\354"
  69      C815 7CF7 
  69      F09C B918 
  69      6ACB 3A13 
  69      CDEC 
  70 0221 098F 2DBE 		.ascii	"\t\217-\276;\235z\237t\352\363R\370\245#\361\202\323\231\321"
  70      3B9D 7A9F 
  70      74EA F352 
  70      F8A5 23F1 
  70      82D3 99D1 
  71 0235 E9E0 2547 		.ascii	"\351\340%G\301\036,\177\003\207]\021f\220c\f\304m\331@k\3108"
  71      C11E 2C7F 
  71      0387 5D11 
  71      6690 630C 
  71      C46D D940 
  72 024c 8B01 83D6 		.ascii	"\213\001\203\326c\235S\344\033\3102\r\027\373R\027z\373\272\223"
  72      639D 53E4 
  72      1BC8 320D 
  72      17FB 5217 
  72      7AFB BA93 
  73 0260 6D3D 3DBD 		.ascii	"m==\275\335\251\363\235\355I3\037k\247\252\263\035\347R}]\275"
  73      DDA9 F39D 
  73      ED49 331F 
  73      6BA7 AAB3 
  73      1DE7 527D 
  74 0276 67BA 5297 		.ascii	"g\272R\227;.\375\005A_i0"
  74      3B2E FD05 
  74      415F 6930 
  75               		.text
  76               		.section	.gnu.lto_.symbol_nodes.c53f244f5904deb5,"",@progbits
  77 0000 789C 55CA 		.string	"x\234U\312\275\r\3020\020@\341wq\234\004\350X"
  77      BD0D C230 
  77      1040 E177 
  77      719C 04E8 
  77      5800 
  78 0012 D881 FDCE 		.string	"\330\201\375\316\240\bZ\206\310\bT\324\251\231\001$\032 \374C\213\260]\341k\336\335\247\3
  78      A008 5A86 
  78      C808 54D4 
  78      A999 0124 
  78      1A20 FC43 
  79 004c F246 B3F8 		.ascii	"\362F\263\370\n\316y\221'j\022x\240y\002w\324&pE\213\004.h\231"
  79      0ACE 7991 
  79      276A 1278 
  79      A079 0277 
  79      D426 7045 
  80 0065 4087 56FF 		.ascii	"@\207V\377`d@\263\373\212\221>\207\365\324H\217z\037\316\212"
  80      6064 40B3 
  80      FB8A 913E 
  80      87F5 D448 
  80      8F7A 1FCE 
  81 007a 3616 E68B 		.ascii	"6\026\346\213nd\244\244\211-\250\227\241\226\326\227\037\347"
  81      6E64 A4A4 
  81      892D A897 
  81      A196 D697 
  81      1FE7 
  82 008c 073B F9   		.ascii	"\007;\371"
  83               		.text
  84               		.section	.gnu.lto_.refs.c53f244f5904deb5,"",@progbits
  85 0000 789C 6361 		.string	"x\234ca`d\340a```fddbedfg`\341e"
  85      6064 E061 
  85      6060 6066 
  85      6464 6265 
  85      6466 6760 
  86 0017 00        		.string	""
  87 0018 020B 00   		.string	"\002\013"
  88 001b 3A        		.ascii	":"
  89               		.text
  90               		.section	.gnu.lto_.decls.c53f244f5904deb5,"",@progbits
  91 0000 789C 8557 		.string	"x\234\205W{PS\331\031\277\347\236\020B\f\304\007\355\330\312l\335-V\266\335\021\037\323\2
  91      7B50 53D9 
  91      19BF E79E 
  91      1042 0CC4 
  91      07ED D8CA 
  92 0084 3A06 540D 		.ascii	":\006T\r\324\004t\016\350\022P\027P\017\320u\240~ \"7\t\364!"
  92      D404 740E 
  92      E812 5017 
  92      500F D075 
  92      A07E 2022 
  93 009c E8F9 2512 		.ascii	"\350\371%\022\202\036"
  93      821E 
  94 00a2 228F 347A 		.string	"\"\2174z\021_{\377!6\026p\334\\\240h\240F\240>\240\030\240U@\213\201bA\301m\030\027\301X\
  94      115F 7BFF 
  94      2136 1670 
  94      DC5C A068 
  94      A046 A03E 
  95 01a3 9FF1 5796 		.string	"\237\361W\226.Y\316\333E$"
  95      2E59 CEDB 
  95      4524 00
  96 01ae 852A 1046 		.ascii	"\205*\020F\225h\t\240\217\"\035\341\210\233GP\0378~\f}\004\302"
  96      9568 09A0 
  96      8F22 1DE1 
  96      889B 4750 
  96      1F38 7E0C 
  97 01c5 7B77 14E5 		.ascii	"{w\024\345\351\361o\251{/\323zvG\200\242\222\032\331\277\277"
  97      E9F1 6FA9 
  97      7B2F D37A 
  97      7647 80A2 
  97      921A D9BF 
  98 01da 5794 6BC0 		.ascii	"W\224k\300\366J\252\346\270\242F SUG5\325q\345\325\255\026\035"
  98      F64A AAE6 
  98      B8A2 4620 
  98      5355 4735 
  98      D571 E5D5 
  99 01f1 FE3D D571 		.ascii	"\376=\325q\353\242\257\022\277\020\321b#\315\253\031\226\252"
  99      EBA2 AF12 
  99      BF10 D162 
  99      23CD AB19 
  99      96AA 
 100 0203 1F36 BC8E 		.ascii	"\0376\274\216dK\004\341;\234]\252\307\237\323y\307\226\232B\202"
 100      644B 04E1 
 100      3B9C 5DAA 
 100      C79F D379 
 100      C796 9A42 
 101 0218 9E6B 443A 		.ascii	"\236kD:`\237^\311\037\212\0026\332\210\026N\211\342\231\214\356"
 101      609F 5EC9 
 101      1F8A 0236 
 101      DA88 164E 
 101      89E2 998C 
 102 022d 2E03 32C6 		.ascii	".\0032\306e\310\362&yL\226\347\316\027\320I\024\203\276A1\002"
 102      65C8 F226 
 102      794C 96E7 
 102      CE17 D049 
 102      1483 BE41 
 103 0243 3A85 E288 		.ascii	":\205\342\210F\342\025\372\032\026ka\261\234dk\240?\375\317w"
 103      46E2 15FA 
 103      1A16 6B61 
 103      B19C 646B 
 103      A03F FDCF 
 104 0258 D220 99A8 		.ascii	"\322 \231\250\016\031\321\t\325\363\305F\226\257\254\035m\003"
 104      0E19 D109 
 104      D5F3 C546 
 104      96AF AC1D 
 104      6D03 
 105 026a 5178 1D71 		.ascii	"Qx\035q@\034\314\031w\2428#\023\334\337\266\370\250,\317F\215"
 105      401C CC19 
 105      77A2 3823 
 105      13DC DFB6 
 105      F8A8 2CCF 
 106 0280 2057 AFCA 		.ascii	" W\257\312\201\032\030ft\242a\006'\300\302\320\331\007\373\302"
 106      811A 1866 
 106      74A2 6106 
 106      27C0 C2D0 
 106      D907 FBC2 
 107 0294 E09C 05AA 		.ascii	"\340\234\005\252\n\316\t\326\312\263O\025\211\332\363$[\312\201"
 107      0ACE 09D6 
 107      CAB3 4F15 
 107      89DA F324 
 107      5BCA 81
 108 02a7 9EA6 07FA 		.ascii	"\236\246\007\372-\342'\372\270"
 108      2DE2 27FA 
 108      B8
 109 02b0 FCD9 363D 		.string	"\374\3316=9Q\300>o5\247\311\347\021\201\240\032\325\251\032z\f0i\242G\260\263v\250g\026>\
 109      3951 C03E 
 109      6F35 A7C9 
 109      E711 81A0 
 109      1AD5 A91A 
 110 03b1 E7AF A8CE 		.string	"\347\257\250\316\254\n\224b\273,\033![\377\201\324\\%\245\330\016\371Z\305\363u\031\026\2
 110      AC0A 9462 
 110      BB2C 1B21 
 110      5BFF 81D4 
 110      5C25 A5D8 
 111 03eb 0C6A 531D 		.string	"\fjS\035hS\262\321E\263\321\335X\323'\342=,\300\343\315\231\265\221\274p\236\266\232h\341
 111      6853 B2D1 
 111      45B3 D1DD 
 111      58D3 27E2 
 111      3D2C C0E3 
 112 044e C5E5 CB06 		.string	"\305\345\313\006hW\021\302VZfr\t\274\f\2252\273\005i#[\002\372\036\3407!i\371r\006i\002d\
 112      6857 11C2 
 112      565A 6672 
 112      09BC 0C95 
 112      32BB 0569 
 113 0527 B18F A179 		.string	"\261\217\241yh9;\205\370\030\272\372\024\305\242e\344W\016\225\360\347\315\0014\370\210\3
 113      6839 3B85 
 113      F818 BAFA 
 113      14C5 A265 
 113      E457 0E95 
 114 05a0 2D4B FF74 		.string	"-K\377t4\264\007@\t\274\210xY\246\235{xT\304\205\230^\203\003\355\217\016E\3009\304E3#E)[
 114      34B4 0740 
 114      09BC 8878 
 114      59A6 9D7B 
 114      7854 C485 
 115 05e2 5A37 7266 		.ascii	"Z7rfJ\030QB\0226\001\t{\t\241\214\363$\201\317\317G\263\232M"
 115      4A18 5142 
 115      1236 0109 
 115      7B09 A18C 
 115      F324 81CF 
 116 05fb B884 FA2C 		.ascii	"\270\204\372,\026<\316\3576\243\270h\246\2778\022\242|\013\242"
 116      163C CEEF 
 116      36A3 B868 
 116      A6BF 3812 
 116      A27C 0BA2 
 117 060f AFD5 DB42 		.ascii	"\257\325\333B\254\315h\004\275\001\335?bgSn\371\256\360E\207"
 117      ACCD 6804 
 117      BD01 DD3F 
 117      6267 536E 
 117      F9AE F045 
 118 0624 E412 103C 		.ascii	"\344\022\020<\321\004\371>\237\252\243\312\007\230\362\200\257"
 118      D104 F93E 
 118      9FAA A3CA 
 118      0798 F280 
 118      AF
 119 0635 03E4 3EA2 		.ascii	"\003\344>\242I\264\b\204\032\256g\303\013\253\032\263*/j/\211"
 119      49B4 0884 
 119      1AAE 67C3 
 119      0BAB 1AB3 
 119      2A2F 6A2F 
 120 064a C04D 8CA9 		.ascii	"\300M\214\251<\336\260\004_a\363\334\257\363^\213\370&c^d\246"
 120      3CDE B004 
 120      5F61 F3DC 
 120      AFF3 5E8B 
 120      F826 635E 
 121 0660 4DF0 2B1B 		.ascii	"M\360+\033\016\354\226''[\"\361\003\2667\374\366X#\377\215\243"
 121      0EEC 9627 
 121      275B 22F1 
 121      03B6 37FC 
 121      F658 23FF 
 122 0676 07F6 6A6D 		.ascii	"\007\366jm\376\247x\214m]:\3348\311\357a\030\351\255\2757*\f"
 122      FEA7 788C 
 122      6D5D 3ADC 
 122      38C9 EF61 
 122      18E9 ADBD 
 123 068d 789B 8EEE 		.ascii	"x\233\216\356e\365\275\2542\343<\306<\251/\3102\341b\306\034"
 123      65F5 BDAC 
 123      32E3 3CC6 
 123      3CA9 2FC8 
 123      32E1 62C6 
 124 06a2 6A7C F5C4 		.ascii	"j|\365\304\214\2173\246\371\305\324=\204\233\030\263\265\373"
 124      8C8F 33A6 
 124      F9C5 D43D 
 124      849B 18B3 
 124      B5FB 
 125 06b4 5899 0977 		.ascii	"X\231\twP&\252\270\253y\320\210\346\305\252O\\,-\354v\236B\345"
 125      5026 AAB8 
 125      AB79 D088 
 125      E6C5 AA4F 
 125      5C2C 2DEC 
 126 06cc 4D22 A01D 		.ascii	"M\"\240\035\"+\355<1\016\345\212\261h\037\320~\240\275@9@{\200"
 126      222B ED3C 
 126      310E E58A 
 126      B168 1FD0 
 126      7EA0 BD40 
 127 06e4 B280 7603 		.ascii	"\262\200v\003e\003\355\004\332%\006J\036\356z\361\335\r\303\233"
 127      6503 ED04 
 127      DA25 064A 
 127      1EEE 7AF1 
 127      DD0D C39B 
 128 06f8 53FD 7730 		.ascii	"S\375w0-\334i\310.\321\311\313y)+\347\257D^\316\232\313N\326"
 128      2DDC 69C8 
 128      2ED1 C9CB 
 128      7929 2BE7 
 128      AF44 5ECE 
 129 0710 B788 41E8 		.ascii	"\267\210A\350x\025\275YT\313\363D\017\275T\360>\244\340\300k"
 129      7815 BD59 
 129      54CB F344 
 129      0FBD 54F0 
 129      3EA4 E0C0 
 130 0725 F0FD 6B55 		.ascii	"\360\375kU\2731p\253\336\205t\343\236\246+\024*~\310b(\370\262"
 130      BB31 70AB 
 130      DE85 74E3 
 130      9EA6 2B14 
 130      2A7E C862 
 131 073c 197A C8D6 		.ascii	"\031z\310\326\220^k;T\276\002\337\024\022\236*\316\320\320\322"
 131      905E 6B3B 
 131      54BE 02DF 
 131      1412 9E2A 
 131      CED0 D0D2 
 132 0750 43C2 D334 		.ascii	"C\302\3234\360\034\005\236\021\022\256\355\177\223\2639|{H\270"
 132      F01C 059E 
 132      1112 AEED 
 132      7F93 B339 
 132      7C7B 48B8 
 133 0764 26D2 770A 		.ascii	"&\322w\n:3$Z\323\234\336\222\346\004(mW`z\262\325\003\331\026"
 133      3A33 245A 
 133      D39C DE92 
 133      E604 286D 
 133      5760 7AB2 
 134 077c 5213 3B10 		.ascii	"R\023;\020h`\357\032\337\265\230\225\006\306\217\035\272\022"
 134      6860 EF1A 
 134      DFB5 9895 
 134      06C6 8F1D 
 134      BA12 
 135 078e D55C 2446 		.ascii	"\325\\$F\207>\367\327\033\322h\247\353\340\235.\004\230y;A\233"
 135      873E F7D7 
 135      1BD2 68A7 
 135      EBE0 9D2E 
 135      0498 793B 
 136 07a4 1840 7ED0 		.ascii	"\030@~\320\304~x9\210\"r9\n\341r\024\200\253\371b\240\275\364"
 136      C47E 7839 
 136      8822 7239 
 136      0AE1 7214 
 136      80AB F962 
 137 07bb E7E6 BC89 		.ascii	"\347\346\274\211\304\251a\264\215\265\357\271\360I\240\213\235"
 137      C4A9 61B4 
 137      8DB5 EFB9 
 137      F049 A08B 
 137      9D
 138 07cc 245D AC04 		.ascii	"$]\254\004"
 139 07d0 240F 8881 		.ascii	"$\017\210\201.F\314\205\260\202\212A\371\217\030\3327\262u\310"
 139      2E46 CC85 
 139      B082 8A41 
 139      F98F 18DA 
 139      37B2 75C8 
 140 07e4 48FA 18F9 		.ascii	"H\372\030\371\3077\366\327N\370\307\267\222\252\237\342}Luw\212"
 140      C737 F6D7 
 140      4EF8 C7B7 
 140      92AA 9FE2 
 140      7D4C 7577 
 141 07f9 76B2 8322 		.ascii	"v\262\203\"\351d\315\305\233+#q6\365\017\245\036h\253\303D\007"
 141      E964 CDC5 
 141      9B2B 2371 
 141      36F5 0FA5 
 141      1E68 ABC3 
 142 080f 5CD7 FD99 		.ascii	"\\\327\375\231\177\033\034I\365\327\310\354_I)s2\3607G +\360"
 142      7F1B 1C49 
 142      F5D7 C8EC 
 142      5F49 2973 
 142      32F0 3747 
 143 0826 7D88 6AB9 		.ascii	"}\210j\271<\275c\332d\312\f\374\006"
 143      3CBD 63DA 
 143      64CA 0CFC 
 143      06
 144 0833 A5BF 6554 		.string	"\245\277eT\203\207E\023\375%\003#\200\363|\215\031\242\026\\\025\004.\343\3402\n~3\272/\0
 144      8387 4513 
 144      FD25 0323 
 144      80F3 7C8D 
 144      19A2 165C 
 145 0934 3D27 D1F6 		.ascii	"='\321\366\245%\305\341\225\270\224\315\273\300f\263\272\234"
 145      A525 C5E1 
 145      95B8 94CD 
 145      BBC0 66B3 
 145      BA9C 
 146 0946 5FDA 574B 		.ascii	"_\332WKn\233%Q\n\332\017'>\374N\362.x_\253\"\003\032\243\203"
 146      6E9B 2551 
 146      0ADA 0F27 
 146      3EFC 4EF2 
 146      2E78 5FAB 
 147 095f E593 6C1B 		.ascii	"\345\223l\033\223-k\251\363\313>\225\274\363\336\327\236\220"
 147      932D 6BA9 
 147      F3CB 3E95 
 147      BCF3 DED7 
 147      9E90 
 148 0971 B23A 32B0 		.ascii	"\262:2\260fw\3325\b\273G\2629-\t\016[b\230\364\007\227\313a\242"
 148      6677 DA35 
 148      08BB 47B2 
 148      392D 090E 
 148      5B62 98F4 
 149 098a 6889 ED1A 		.ascii	"h\211\355\032\3346\217\315\275\016\366\222])\036\233\001\354"
 149      DC36 8FCD 
 149      BD0E F692 
 149      5D29 1E9B 
 149      01EC 
 150 099c 24B8 2CEE 		.ascii	"$\270,\356D}\262\305\353\266o\3203\311\371\357;JU\200\227\330"
 150      447D B2C5 
 150      EBB6 6FD0 
 150      33C9 F9EF 
 150      3B4A 5580 
 151 09b2 6D59 1FA5 		.ascii	"mY\037\245\325'y#\231\253\2347\273\2346\317\032\227WJ\264{\210"
 151      D527 7923 
 151      99AB 9C37 
 151      BB9C 36CF 
 151      1A97 574A 
 152 09c9 A628 CF7A 		.ascii	"\246(\317z\330s[\275\016\311\275:\305\316X\007a\035\300\352\234"
 152      D873 5BBD 
 152      0EC9 BD3A 
 152      C5CE 5807 
 152      611D C0EA 
 153 09de 496E D77C 		.ascii	"In\327|\272\226`\261&y\034\026\317\0326[k\261r\331\325n\313:"
 153      BA96 60B1 
 153      2679 1C16 
 153      CF1A 365B 
 153      6BB1 72D9 
 154 09f6 9B64 F358 		.ascii	"\233d\363X\365N\227\024P\341\266@r5\032\tK4\316\263Z\326z\034"
 154      F54E 9714 
 154      50E1 B640 
 154      7235 1A09 
 154      4B34 CEB3 
 155 0a0e 2E6B 92E4 		.ascii	".k\222\344u\021\227\274n\227\343'\024\302\031I\001\374L)&\360"
 155      7511 97BC 
 155      6E97 E327 
 155      14C2 1949 
 155      01FC 4C29 
 156 0a24 DFEA 4AB4 		.ascii	"\337\352J\264I\201\2430\007E$ygiJ\343\177\336D\362r"
 156      4981 A330 
 156      0745 2479 
 156      6769 4AE3 
 156      7FDE 44F2 
 157               		.text
 158               		.section	.gnu.lto_.symtab.c53f244f5904deb5,"",@progbits
 159 0000 626F 6F74 		.string	"bootmagic"
 159      6D61 6769 
 159      6300 
 160 000a 00        		.string	""
 161 000b 01        		.ascii	"\001"
 162 000c 00        		.string	""
 163 000d 00        		.string	""
 164 000e 00        		.string	""
 165 000f 00        		.string	""
 166 0010 00        		.string	""
 167 0011 00        		.string	""
 168 0012 00        		.string	""
 169 0013 00        		.string	""
 170 0014 00        		.string	""
 171 0015 AD00      		.string	"\255"
 172 0017 00        		.string	""
 173 0018 00        		.string	""
 174 0019 6D61 6769 		.string	"magic"
 174      6300 
 175 001f 00        		.string	""
 176 0020 00        		.string	""
 177 0021 00        		.string	""
 178 0022 00        		.string	""
 179 0023 00        		.string	""
 180 0024 00        		.string	""
 181 0025 00        		.string	""
 182 0026 00        		.string	""
 183 0027 00        		.string	""
 184 0028 00        		.string	""
 185 0029 00        		.string	""
 186 002a AF00      		.string	"\257"
 187 002c 00        		.string	""
 188 002d 00        		.string	""
 189 002e 6B65 796D 		.string	"keymap_config"
 189      6170 5F63 
 189      6F6E 6669 
 189      6700 
 190 003c 00        		.string	""
 191 003d 04        		.ascii	"\004"
 192 003e 00        		.string	""
 193 003f 0200      		.string	"\002"
 194 0041 00        		.string	""
 195 0042 00        		.string	""
 196 0043 00        		.string	""
 197 0044 00        		.string	""
 198 0045 00        		.string	""
 199 0046 00        		.string	""
 200 0047 2101 00   		.string	"!\001"
 201 004a 00        		.string	""
 202 004b 6465 6275 		.string	"debug_config"
 202      675F 636F 
 202      6E66 6967 
 202      00
 203 0058 00        		.string	""
 204 0059 02        		.ascii	"\002"
 205 005a 00        		.string	""
 206 005b 00        		.string	""
 207 005c 00        		.string	""
 208 005d 00        		.string	""
 209 005e 00        		.string	""
 210 005f 00        		.string	""
 211 0060 00        		.string	""
 212 0061 00        		.string	""
 213 0062 00        		.string	""
 214 0063 FC00      		.string	"\374"
 215 0065 00        		.string	""
 216 0066 00        		.string	""
 217 0067 6C61 7965 		.string	"layer_state"
 217      725F 7374 
 217      6174 6500 
 218 0073 00        		.string	""
 219 0074 02        		.ascii	"\002"
 220 0075 00        		.string	""
 221 0076 00        		.string	""
 222 0077 00        		.string	""
 223 0078 00        		.string	""
 224 0079 00        		.string	""
 225 007a 00        		.string	""
 226 007b 00        		.string	""
 227 007c 00        		.string	""
 228 007d 00        		.string	""
 229 007e 2301 00   		.string	"#\001"
 230 0081 00        		.string	""
 231 0082 6C61 7965 		.string	"layer_state_set_kb"
 231      725F 7374 
 231      6174 655F 
 231      7365 745F 
 231      6B62 00
 232 0095 00        		.string	""
 233 0096 02        		.ascii	"\002"
 234 0097 00        		.string	""
 235 0098 00        		.string	""
 236 0099 00        		.string	""
 237 009a 00        		.string	""
 238 009b 00        		.string	""
 239 009c 00        		.string	""
 240 009d 00        		.string	""
 241 009e 00        		.string	""
 242 009f 00        		.string	""
 243 00a0 BD00      		.string	"\275"
 244 00a2 00        		.string	""
 245 00a3 00        		.string	""
 246 00a4 6465 6661 		.string	"default_layer_set"
 246      756C 745F 
 246      6C61 7965 
 246      725F 7365 
 246      7400 
 247 00b6 00        		.string	""
 248 00b7 02        		.ascii	"\002"
 249 00b8 00        		.string	""
 250 00b9 00        		.string	""
 251 00ba 00        		.string	""
 252 00bb 00        		.string	""
 253 00bc 00        		.string	""
 254 00bd 00        		.string	""
 255 00be 00        		.string	""
 256 00bf 00        		.string	""
 257 00c0 00        		.string	""
 258 00c1 C100      		.string	"\301"
 259 00c3 00        		.string	""
 260 00c4 00        		.string	""
 261 00c5 6565 636F 		.string	"eeconfig_read_default_layer"
 261      6E66 6967 
 261      5F72 6561 
 261      645F 6465 
 261      6661 756C 
 262 00e1 00        		.string	""
 263 00e2 02        		.ascii	"\002"
 264 00e3 00        		.string	""
 265 00e4 00        		.string	""
 266 00e5 00        		.string	""
 267 00e6 00        		.string	""
 268 00e7 00        		.string	""
 269 00e8 00        		.string	""
 270 00e9 00        		.string	""
 271 00ea 00        		.string	""
 272 00eb 00        		.string	""
 273 00ec C900      		.string	"\311"
 274 00ee 00        		.string	""
 275 00ef 00        		.string	""
 276 00f0 6565 636F 		.string	"eeconfig_read_keymap"
 276      6E66 6967 
 276      5F72 6561 
 276      645F 6B65 
 276      796D 6170 
 277 0105 00        		.string	""
 278 0106 02        		.ascii	"\002"
 279 0107 00        		.string	""
 280 0108 00        		.string	""
 281 0109 00        		.string	""
 282 010a 00        		.string	""
 283 010b 00        		.string	""
 284 010c 00        		.string	""
 285 010d 00        		.string	""
 286 010e 00        		.string	""
 287 010f 00        		.string	""
 288 0110 D300      		.string	"\323"
 289 0112 00        		.string	""
 290 0113 00        		.string	""
 291 0114 6565 636F 		.string	"eeconfig_read_debug"
 291      6E66 6967 
 291      5F72 6561 
 291      645F 6465 
 291      6275 6700 
 292 0128 00        		.string	""
 293 0129 02        		.ascii	"\002"
 294 012a 00        		.string	""
 295 012b 00        		.string	""
 296 012c 00        		.string	""
 297 012d 00        		.string	""
 298 012e 00        		.string	""
 299 012f 00        		.string	""
 300 0130 00        		.string	""
 301 0131 00        		.string	""
 302 0132 00        		.string	""
 303 0133 D500      		.string	"\325"
 304 0135 00        		.string	""
 305 0136 00        		.string	""
 306 0137 6565 636F 		.string	"eeconfig_init"
 306      6E66 6967 
 306      5F69 6E69 
 306      7400 
 307 0145 00        		.string	""
 308 0146 02        		.ascii	"\002"
 309 0147 00        		.string	""
 310 0148 00        		.string	""
 311 0149 00        		.string	""
 312 014a 00        		.string	""
 313 014b 00        		.string	""
 314 014c 00        		.string	""
 315 014d 00        		.string	""
 316 014e 00        		.string	""
 317 014f 00        		.string	""
 318 0150 D700      		.string	"\327"
 319 0152 00        		.string	""
 320 0153 00        		.string	""
 321 0154 6565 636F 		.string	"eeconfig_is_enabled"
 321      6E66 6967 
 321      5F69 735F 
 321      656E 6162 
 321      6C65 6400 
 322 0168 00        		.string	""
 323 0169 02        		.ascii	"\002"
 324 016a 00        		.string	""
 325 016b 00        		.string	""
 326 016c 00        		.string	""
 327 016d 00        		.string	""
 328 016e 00        		.string	""
 329 016f 00        		.string	""
 330 0170 00        		.string	""
 331 0171 00        		.string	""
 332 0172 00        		.string	""
 333 0173 DF00      		.string	"\337"
 334 0175 00        		.string	""
 335 0176 00        		.string	""
 336               		.text
 337               		.section	.gnu.lto_.opts,"",@progbits
 338 0000 272D 666D 		.ascii	"'-fmath-errno' '-fsigned-zeros' '-ftrapping-math' '-fno-trap"
 338      6174 682D 
 338      6572 726E 
 338      6F27 2027 
 338      2D66 7369 
 339 003c 7627 2027 		.ascii	"v' '-fno"
 339      2D66 6E6F 
 340 0044 2D6F 7065 		.string	"-openmp' '-fno-openacc' '-mn-flash=1' '-mno-skip-bug' '-mmcu=avr5' '-gdwarf-2' '-Os' '-We
 340      6E6D 7027 
 340      2027 2D66 
 340      6E6F 2D6F 
 340      7065 6E61 
 341               		.text
 342               		.comm	__gnu_lto_v1,1,1
 343               		.comm	__gnu_lto_slim,1,1
 344               		.ident	"GCC: (GNU) 5.4.0"
DEFINED SYMBOLS
                            *ABS*:0000000000000000 magic.c
     /tmp/ccOndZ2E.s:2      *ABS*:000000000000003e __SP_H__
     /tmp/ccOndZ2E.s:3      *ABS*:000000000000003d __SP_L__
     /tmp/ccOndZ2E.s:4      *ABS*:000000000000003f __SREG__
     /tmp/ccOndZ2E.s:5      *ABS*:0000000000000000 __tmp_reg__
     /tmp/ccOndZ2E.s:6      *ABS*:0000000000000001 __zero_reg__
                            *COM*:0000000000000001 __gnu_lto_v1
                            *COM*:0000000000000001 __gnu_lto_slim

NO UNDEFINED SYMBOLS
