   1               		.file	"DeviceStandardReq.c"
   2               	__SP_H__ = 0x3e
   3               	__SP_L__ = 0x3d
   4               	__SREG__ = 0x3f
   5               	__tmp_reg__ = 0
   6               	__zero_reg__ = 1
   7               		.text
   8               	.Ltext0:
   9               		.section	.gnu.lto_.profile.6309821335349857,"",@progbits
  10 0000 789C 6361 		.string	"x\234ca`d`c`"
  10      6064 6063 
  10      6000 
  11 000a 9273 989B 		.string	"\222s\230\233\231"
  11      9900 
  12 0010 0415 0131 		.ascii	"\004\025\0011"
  13               		.text
  14               		.section	.gnu.lto_.icf.6309821335349857,"",@progbits
  15 0000 789C 6361 		.string	"x\234ca`d"
  15      6064 00
  16 0007 012F 0604 		.string	"\001/\006\004\340a\370\365\354\354\001N\306\0053\247<\340c\236\264}\361]f\0260\311\3321\3
  16      E061 F8F5 
  16      ECEC 014E 
  16      C605 33A7 
  16      3CE0 639E 
  17 0054 00        		.string	""
  18 0055 77DD 257D 		.ascii	"w\335%}"
  19               		.text
  20               		.section	.gnu.lto_.jmpfuncs.6309821335349857,"",@progbits
  21 0000 789C 6361 		.string	"x\234ca`d"
  21      6064 00
  22 0007 81E9 0C08 		.string	"\201\351\f\b\300\311\300\310\310X\017\022g\005b6 \346"
  22      C0C9 C0C8 
  22      C858 0F12 
  22      6705 6236 
  22      20E6 00
  23 001a 622E 0606 		.string	"b.\006\006\026 \305\370\227\211q\371\305)\335\374_\230Z\231\031\030\265\030\2273\31200010
  23      1620 C5F8 
  23      9789 71F9 
  23      C529 DDFC 
  23      5F98 5A99 
  24 006a E9E0 252B 		.ascii	"\351\340%+"
  25               		.text
  26               		.section	.gnu.lto_.inline.6309821335349857,"",@progbits
  27 0000 789C 6361 		.string	"x\234ca`d"
  27      6064 00
  28 0007 0119 0805 		.string	"\001\031\b\005\006\234\f\f\222\267\231\030\031\230t\036L\320b`[ \317\004\022edP\026\006\2
  28      069C 0C0C 
  28      92B7 9918 
  28      1998 741E 
  28      4CD0 6260 
  29 0042 6A63 D2D8 		.string	"jc\322\330\261\201\035a\fH\206\203\201G\004(!\320P\213*\316\245%\240\210&\316\314\303\300
  29      B181 1D61 
  29      0C48 8683 
  29      8147 0428 
  29      21D0 508B 
  30 0062 6430 7183 		.string	"d0q\203\\\300\315$)\016\224\227\372\226\200*?\301o\202\037+\037\220\003b@\214\342a\020\34
  30      5CC0 CD24 
  30      290E 9497 
  30      FA96 802A 
  30      3FC1 6F82 
  31 009d CA20 1DFD 		.ascii	"\312 \035\375"
  32               		.text
  33               		.section	.gnu.lto_.pureconst.6309821335349857,"",@progbits
  34 0000 789C 6361 		.string	"x\234ca`d\020a``\340d\330\305\310(\305*\305&\305!\305%\305-\305#\305+\005"
  34      6064 1061 
  34      6060 E064 
  34      D8C5 C828 
  34      C52A C526 
  35 0020 18A9 01F0 		.ascii	"\030\251\001\360"
  36               		.text
  37               		.section	.gnu.lto_USB_Device_GetSerialString.6309821335349857,"",@progbits
  38 0000 789C 8D56 		.string	"x\234\215VYL\224W\024\276\347\336\177f\376\031f\006\\\321\304\007x \306\304\210\265\017\2
  38      594C 9457 
  38      14BE E7DE 
  38      7F66 FE19 
  38      6606 5CD1 
  39 00ac 2437 7460 		.string	"$7t`\313\270\320,V\233nw\3002ng\020\006\030.\027r\3531\357\345P\263\242\243\202\217\373\3
  39      CBB8 D02C 
  39      569B 6E77 
  39      C032 6E67 
  39      1006 182E 
  40 017b 56AC 9120 		.string	"V\254\221 \tE\\\377\340\004\210\317\244\201=\327\252*\254\246\201\3465#\372\034+\031h"
  40      0945 5CFF 
  40      E004 88CF 
  40      A481 3DD7 
  40      AA2A ACA6 
  41 0199 4A25 F6E9 		.string	"J%\366\351\216\013!!\226J\354\246\333\2059\321&\366\342\232\350>\354\301A\3302H(\236\0256
  41      8E0B 2121 
  41      964A ECA6 
  41      DB85 39D1 
  41      26F6 E29A 
  42 0218 2EF3 16E1 		.string	".\363\026\34100\271\f\016\201\025\243\372I\256\354(P\241\252\216\337t\306WC\201\261\031s`
  42      3030 B90C 
  42      0E81 15A3 
  42      FA49 AEEC 
  42      2850 A1AA 
  43 0282 AC0D 72AE 		.ascii	"\254\rr\256\357zr\214\313\032\027S\2002\244S\335s\006\204\364"
  43      EF7A 728C 
  43      CB1A 1753 
  43      8032 A453 
  43      DD73 0684 
  44 0297 D57D 6106 		.ascii	"\325}a\006\304\007\007tD\206r\364M\003\252\222\001Uc@dls\376"
  44      C407 0774 
  44      4486 72F4 
  44      4D03 AA92 
  44      0155 6340 
  45 02af 0BCB 2BEC 		.ascii	"\013\313+\354\311\327b\303\022{Lak^\306\276\271\325\032\211<"
  45      C9D7 62C3 
  45      127B 4C61 
  45      6B5E C6BE 
  45      B9D5 1A89 
  46 02c4 8E48 0A3A 		.ascii	"\216H\n:\370\354\016\310\240US\377\325\262\267HP\3364p\303\t"
  46      F8EC 0EC8 
  46      A055 53FF 
  46      D5B2 B748 
  46      50DE 3470 
  47 02da CC0F EA50 		.ascii	"\314\017\352PG\017<\030\324\003\004C\246Z\004\253\256\356+\201"
  47      470F 3C18 
  47      D403 0443 
  47      A65A 04AB 
  47      AEEE 2B81 
  48 02ee 867D 5947 		.ascii	"\206}YG\311\305\376\020\fo\036\321\0019]+:\252\226\f\344)#\236"
  48      C9C5 FE10 
  48      0C6F 1ED1 
  48      0139 5D2B 
  48      3AAA 960C 
  49 0306 5AE2 C137 		.ascii	"Z\342\3017\347\353\033J\234\242\036\3245\261\376k\241N\205\221"
  49      E7EB 1B4A 
  49      9CA2 1ED4 
  49      35B1 FE6B 
  49      A14E 8591 
  50 031a 6718 A0CE 		.ascii	"g\030\240\316\304/\257;\260\277\022\337I\351\327)\352\fG@p\314"
  50      C42F AF3B 
  50      B0BF 12DF 
  50      49E9 D729 
  50      EA0C 4740 
  51 0330 502E A747 		.ascii	"P.\247G\201\247\267\231\362\023Z\035*\320\342\357\231\371q\022"
  51      81A7 B799 
  51      F213 5A1D 
  51      2AD0 E2EF 
  51      99F9 7112 
  52 0344 4B6F 5BB0 		.ascii	"Ko[\260\335.\363s\232\362\203\222\272\266\203\207\255(\201z\320"
  52      DD2E F373 
  52      9AF2 8392 
  52      BAB6 8387 
  52      AD28 817A 
  53 0359 0222 0ADF 		.ascii	"\002\"\n\337\234\001\r\345\306\352\265[\255\024\245\r\316\223"
  53      9C01 0DE5 
  53      C6EA B55B 
  53      AD14 A50D 
  53      CE93 
  54 036b 5E71 E3A5 		.ascii	"^q\343\245\357\364\370.\223\314E\242\234\366\225MnI\326h\222"
  54      EFF4 F82E 
  54      93CC 45A2 
  54      9CF6 954D 
  54      6E49 D668 
  55 0380 D5F7 B4DD 		.ascii	"\325\367\264\335w\021\331o\240A\203\354\273\263\222-\257\265"
  55      7711 D96F 
  55      A041 83EC 
  55      BBB3 922D 
  55      AFB5 
  56 0392 F391 93D8 		.ascii	"\363\221\223\330\334\020\217\217;\013J{\034\361\217\373\223\355"
  56      DC10 8F8F 
  56      3B0B 4A7B 
  56      1CF1 8FFB 
  56      93ED 
  57 03a4 6BAF 3474 		.string	"k\2574tI\326d\222=*=\276\312Bd\277#\3319I\326,\311\016v>\355\215\212\357\351\217\316\277\
  57      49D6 6492 
  57      3D2A 3DBE 
  57      CA42 64BF 
  57      23D9 3949 
  58 04a5 0628 7071 		.ascii	"\006(pqi\333\"e\320%\273N\324\367~\201\251\320VE\n\001\343\264"
  58      69DB 2265 
  58      D025 BB4E 
  58      D4F7 7E81 
  58      A9D0 5645 
  59 04bd AA5C 4ABF 		.ascii	"\252\\J\277\266\200\"\034\246|\305T]\326\224d8\nip\267\036\315"
  59      B680 221C 
  59      A67C C554 
  59      5DD6 9464 
  59      380A 6970 
  60 04d4 B3A8 F4BE 		.ascii	"\263\250\364\276\003W\315\343h\353c\3504\265G\f\302\217D!\342"
  60      0357 CDE3 
  60      68EB 63E8 
  60      34B5 470C 
  60      C28F 4421 
  61 04e9 2BCB 8FD4 		.ascii	"+\313\217\324\231\370\211p\315\304\353}\307\331\246\224c\003"
  61      99F8 8970 
  61      CDC4 EB7D 
  61      C7D9 A694 
  61      6303 
  62 04fb C242 A90A 		.ascii	"\302B\251\nIw\372\337\002B\236\343''O\3459\351\346\245\003\372"
  62      4977 FADF 
  62      0242 9EE3 
  62      2727 4FE5 
  62      39E9 E6A5 
  63 0511 098E 104C 		.ascii	"\t\216\020L\344P\270.\273\366\006^\275\310\240\254\267Tm\261"
  63      E450 B82E 
  63      BBF6 065E 
  63      BDC8 A0AC 
  63      B754 6DB1 
  64 0525 D155 1010 		.ascii	"\321U\020\020\2431\325}\2256\257\027\224R\216,\030\235\2653R"
  64      A331 D57D 
  64      9536 AF17 
  64      9452 8E2C 
  64      189D B533 
  65 053a C4D1 4B1B 		.ascii	"\304\321K\033\371cg\370O\306\254\274T\023\375+\317)\367\215\201"
  65      F963 67F8 
  65      4FC6 ACBC 
  65      5413 FD2B 
  65      CF29 F78D 
  66 054f BD05 16C5 		.ascii	"\275\005\026\305L\255\273\242uw\310,\3730h{\225|N\267\035_\325"
  66      4CAD BBA2 
  66      7577 C82C 
  66      FB30 687B 
  66      957C 4EB7 
  67 0566 EBC7 76D1 		.ascii	"\353\307v\3211\371\202:\230\027\365\026\242\203\243\365\013\357"
  67      31F9 823A 
  67      9817 F516 
  67      A283 A3F5 
  67      0BEF 
  68 0578 A229 074D 		.ascii	"\242)\007M:IN\007`]{\223]<WwU\355\246]k\355xY\341_\232pyc\254"
  68      3A49 4E07 
  68      605D 7B93 
  68      5D3C 5777 
  68      55ED A65D 
  69 0597 39C2 63A0 		.ascii	"9\302c\240}\320\b\377\203\274\322\325p\311?3h\270\324j\244a\016"
  69      7DD0 08FF 
  69      83BC D2D5 
  69      70C9 3F33 
  69      68B8 D46A 
  70 05ae 1831 78C0 		.ascii	"\0301x\300\334\2247[\307\233^\365\267\344U\177[M\314s81\017\207"
  70      DC94 375B 
  70      C79B 5EF5 
  70      B7E4 557F 
  70      5B4D CC73 
  71 05c6 5C84 FEFF 		.ascii	"\\\204\376\377\201xGVE:Ys\255\205\277\271\271\273\322\334\237"
  71      8178 4756 
  71      453A 5973 
  71      AD85 BFB9 
  71      B9BB D2DC 
  72 05db E664 39B1 		.ascii	"\346d9\261SMS\n\210\335\3051\262i=W#\203\321\337\007\300l\"\350"
  72      534D 530A 
  72      88DD C531 
  72      B269 3D57 
  72      2383 D1DF 
  73 05f4 BD54 EF82 		.ascii	"\275T\357\202\304\324\254O\223\023?\2323sj\342\f\237w\211\307"
  73      C4D4 AC4F 
  73      9313 3F9A 
  73      3373 6AE2 
  73      0C9F 7789 
  74 0609 9799 3827 		.ascii	"\227\2318'iZ\342\364\f\237'q\352\334Y\223\023'LP\2773<K\274\013"
  74      695A E2F4 
  74      0C9F 2771 
  74      EADC 5993 
  74      1327 4C50 
  75 0623 3DF3 693F 		.ascii	"=\363i?a1s\315I\367.\314H\361$\371}\336\364E\356$\357\242Y\236"
  75      6131 73CD 
  75      49F7 2ECC 
  75      48F1 24F9 
  75      7DDE F445 
  76 063d E494 A929 		.ascii	"\344\224\251))>Off\314\364,\237\317\223\356\177?5cAr\352\007"
  76      293E 4F66 
  76      66CC F42C 
  76      9FCF 93EE 
  76      7F3F 3563 
  77 0655 E97E 5792 		.ascii	"\351~W\222\307\347MN\235\2768\331\367qV\232C=M[\352\367L~\215"
  77      C7E7 4D4E 
  77      9DBE 38D9 
  77      F771 569A 
  77      433D 4D5B 
  78 066e 0768 5C7D 		.ascii	"\007h\\}\247g\244\245e\244\233?h\037\230-\315\223\226\341[\312"
  78      A767 A4A5 
  78      65A4 9B3F 
  78      681F 982D 
  78      CD93 96E1 
  79 0684 B485 A95E 		.ascii	"\264\205\251^\246\317\237\217\206\263R\375\2432\375\231q\to\215"
  79      A6CF 9F8F 
  79      86B3 52FD 
  79      A332 FD99 
  79      7109 6F8D 
  80 0698 8F4B 98E4 		.ascii	"\217K\230\344\260\247~\236\026\2270q|\334<\207\235\211)>\306"
  80      B0A7 7E9E 
  80      1697 3071 
  80      7CDC 3C87 
  80      9D89 293E 
  81 06ad BD8C E3FA 		.ascii	"\275\214\343\372%s\367y\226\344O\366{\376\006K\r\245a"
  81      2573 F779 
  81      96E4 4FF6 
  81      7BFE 064B 
  81      0DA5 61
  82               		.text
  83               		.section	.gnu.lto_USB_Device_GetStatus.6309821335349857,"",@progbits
  84 0000 789C 9556 		.string	"x\234\225V[LTG\030\236\177\316\356\331\263g\331],J\032C\032_H\343\203l\023\223\246\017}\2
  84      5B4C 5447 
  84      189E 7FCE 
  84      EED9 B367 
  84      D95D 2C4A 
  85 00b5 EA18 1AB0 		.ascii	"\352\030\032\260B\256\230\314\252E\263\352P\b\217\370"
  85      42AE 98CC 
  85      AA45 B3EA 
  85      5008 8FF8 
  86 00c5 1887 C692 		.string	"\030\207\306\222`=\237[e\340\257\333\177\350\013\257\341\177\335\2570\026\346\0023\203*\2
  86      603D 9F5B 
  86      65E0 AFDB 
  86      7FE8 0BAF 
  86      E17F DDAF 
  87 01c6 C5FA 0D03 		.ascii	"\305\372\r\003\322\313\215G\017\256\323\\\363(\313A\330\001\343"
  87      D2CB 8D47 
  87      0FAE D35C 
  87      F328 CB41 
  87      D801 E3
  88 01d9 4227 A801 		.ascii	"B'\250\001\027\353\207b\303\034\227\353\332\316\001s\031l\362"
  88      17EB 8762 
  88      C31C 97EB 
  88      DACE 0173 
  88      196C F2
  89 01ec 22F9 816D 		.ascii	"\"\371\201mW\200Te\206B\265\b\207\240\f\320\344H\260\371\264"
  89      5780 5465 
  89      8642 B508 
  89      87A0 0CD0 
  89      E448 B0F9 
  90 0201 4E70 3818 		.ascii	"Np8\0304>S5t1\346\362}\nz\300\357\230\326P\204f\207\245\323\250"
  90      343E 5335 
  90      7431 E6F2 
  90      7D0A 7AC0 
  90      EF98 D650 
  91 021b 7FEB D7AA 		.ascii	"\177\353\327\252t*\242\361\365\007\306\003\036u\272\"\234j\205"
  91      742A A2F1 
  91      F507 C603 
  91      1E75 BA22 
  91      9C6A 85
  92 022e 13E5 8323 		.ascii	"\023\345\203#\350\304\2105\205\371g+w\300\233L\b)\"\262S\021"
  92      E8C4 8835 
  92      85F9 672B 
  92      77C0 9B4C 
  92      0829 22B2 
  93 0244 1A2E 9080 		.ascii	"\032.\220\200\355\361\344X\246 \307\262N1ME\216\t\216\"9uD\016"
  93      EDF1 E458 
  93      A620 C7B2 
  93      4E31 4D45 
  93      8E09 8E22 
  94 025c D423 1FAC 		.ascii	"\324#\037\254\007\212o(S\0045\241(\307@\226N\210\233\230\317"
  94      078A 6F28 
  94      5304 35A1 
  94      28C7 4096 
  94      4E88 9B98 
  95 0271 2E24 AC2D 		.ascii	".$\254-O\215\223\260\266\244\265F\227\022\002\374!\254C\334L"
  95      4F8D 93B0 
  95      B6A4 B546 
  95      9712 02FC 
  95      21AC 43DC 
  96 0286 C8D1 3659 		.ascii	"\310\3216Y\224\210\017\031$\3505\377F\240;\246\302j\236\032k"
  96      9488 0F19 
  96      24E8 35FF 
  96      46A0 3BA6 
  96      C26A 9E1A 
  97 029b 430C EBF1 		.ascii	"C\f\353\361\004\254\216(\270\373\230\031\213G\251\336\226K\b"
  97      04AC 8E28 
  97      B8FB 9819 
  97      8B47 A9DE 
  97      964B 08
  98 02ae 4CD5 9535 		.ascii	"L\325\2255\200 T\002\034\004\337\2235\317>\222\036ND\2029N\205"
  98      8020 5402 
  98      1C04 DF93 
  98      35CF 3E92 
  98      1E4E 4482 
  99 02c5 4703 4E29 		.ascii	"G\003N)\007\207?1F/>#+B#\261\002\313D\356\025Y\231\243\305\316"
  99      0787 3F31 
  99      462F 3E23 
  99      2B42 23B1 
  99      02CB 44EE 
 100 02df C40D 8A5B 		.ascii	"\304\r\212[D\354M\004\370\027\345\260\274B\221\006\246*R\rN\210"
 100      44EC 4D04 
 100      F817 E5B0 
 100      BC42 9106 
 100      A62A 520D 
 101 02f5 2215 55D7 		.ascii	"\"\025U\327\210E\212\231\357\227\334\001\031^\303\f8\343{\256"
 101      8845 8A99 
 101      EF97 DC01 
 101      195E C30C 
 101      38E3 7BAE 
 102 0309 CAB1 15A7 		.ascii	"\312\261\025\247\320\273\372\327\220\\\022\200\023NF\226\204"
 102      D0BB FAD7 
 102      905C 1280 
 102      134E 4696 
 102      84
 103 031a 0604 0F8D 		.ascii	"\006\004\017\215\210\266\253\276\276*K\304\t=\372w\237\354\213"
 103      88B6 ABBE 
 103      BE2A 4BC4 
 103      093D FA77 
 103      9FEC 8B
 104 032d E8A6 4253 		.ascii	"\350\246BSLe\215\205\234R9\264i\b\224w\350J\226\250\255\306\301"
 104      4C65 8D85 
 104      9C52 39B4 
 104      6908 9477 
 104      E84A 96A8 
 105 0344 F6C3 263C 		.ascii	"\366\303&<dJ\361\220)\273\024=d\254pj\322!sZ\246\fBcE}WO\371"
 105      644A F190 
 105      29BB 143D 
 105      64AC 706A 
 105      D221 735A 
 106 0361 8A89 8C05 		.ascii	"\212\211\214\005Z\3062\311D\320\025\346\220x\34218#\310\374\033"
 106      5AC6 32C9 
 106      44D0 15E6 
 106      9078 E231 
 106      3823 C8FC 
 107 0376 26EC 7E5D 		.ascii	"&\354~]\030v\036>\373#\227\303{\244\344\372\236\301!;1Z\354%"
 107      1876 1E3E 
 107      FB23 97C3 
 107      7BA4 E4FA 
 107      9EC1 213B 
 108 038e 466D 7016 		.ascii	"Fmp\026\322\240YTK\013\222H0\242DPJ\302\364l}g\3457\275#\220"
 108      D2A0 5954 
 108      4B0B 9248 
 108      30A2 4450 
 108      4AC2 F46C 
 109 03a9 886A BC09 		.ascii	"\210j\274\tx\004\023\237\214\251U`j#\362\222\360\345\363]'\257"
 109      7804 139F 
 109      8CA9 5560 
 109      6A23 F292 
 109      F0E5 F35D 
 110 03bf 3A25 8E21 		.ascii	":%\216!\212\364\270\353P\263\032\217\343\\\f\307y\252Z\022l\021"
 110      8AF4 B8EB 
 110      50B3 1A8F 
 110      E35C 0CC7 
 110      79AA 5A12 
 111 03d5 F329 29D2 		.ascii	"\363))\322=\324\366]\237C\026\340\034\270 \216=\337\221\022\302"
 111      3DD4 F65D 
 111      9F43 16E0 
 111      1CB8 208E 
 111      3DDF 9112 
 112 03ea D50D 32C9 		.ascii	"\325\r2\311L\264E\303\003\303\365O\355\322\220\301Ey>\336/\331"
 112      4CB4 45C3 
 112      03C3 F54F 
 112      EDD2 90C1 
 112      4579 3EDE 
 113 0400 32D6 AC4B 		.ascii	"2\326\254K!mh\031[\241\250^[t\370J\222\265O<\215\255\230\355"
 113      216D 6819 
 113      5BA1 A85E 
 113      5B74 F84A 
 113      92B5 4F3C 
 114 0418 92C8 F602 		.ascii	"\222\310\366\002\t\303\231\344\362b\t;\004]\227\005\212i4\272"
 114      09C3 99E4 
 114      F262 093B 
 114      045D 9705 
 114      8A69 34BA 
 115 042c 82DC 8844 		.ascii	"\202\334\210DTyV\366xn\374\231\301\243j=\251t$\344\337\320*\367"
 115      5479 56F6 
 115      786E FC99 
 115      C1A3 6A3D 
 115      A974 24E4 
 116 0444 5C18 8FC8 		.ascii	"\\\030\217\310I\271;E\356\253D\317\f"
 116      49B9 3B45 
 116      EEAB 44CF 
 116      0C
 117 0451 DAEC BB4A 		.string	"\332\354\273J;\034R\252\001\222*\260\265nP\213\207s-\006\347zT\2525\"\251\214\221*\303T\3
 117      3B1C 52AA 
 117      0192 2AB0 
 117      B56E 508B 
 117      8773 2D06 
 118 0552 5FF7 AEBB 		.ascii	"_\367\256\273b5\223/lg\230\023\310a(\304\357\247d\272\3278^G"
 118      6235 932F 
 118      6C67 9813 
 118      C861 28C4 
 118      EFA7 64BA 
 119 056a EA73 BCCE 		.ascii	"\352s\274\316pck7w\354\301'\230\351n\323\331&\374\240\242\373"
 119      7063 6B37 
 119      77EC C127 
 119      98E9 6ED3 
 119      D926 FCA0 
 120 0580 497C 9F0C 		.ascii	"I|\237\f\322\266\021\277\021\334\216\370\n\277>\346/\313\375"
 120      D2B6 11BF 
 120      11DC 8EF8 
 120      0ABF 3EE6 
 120      2FCB FD
 121 0593 D4B5 6CE5 		.ascii	"\324\265l\345g\331\256\017\227,Z\340\312\364\344\256r{\362]K"
 121      67D9 AE0F 
 121      972C 5AE0 
 121      CAF4 E4AE 
 121      727B F25D 
 122 05a8 16BF E75A 		.ascii	"\026\277\347Z\270\334\343ve\272W\345.u/.\310\316\313\311\366"
 122      B8DC E376 
 122      65BA 57E5 
 122      2E75 2F2E 
 122      C8CE CBC9 
 123 05bd E464 B957 		.ascii	"\344d\271Wd,e\366\205+=\036w^\001\316\026\254\314\267\277\237"
 123      642C 65F6 
 123      852B 3D1E 
 123      775E 01CE 
 123      16AC CCB7 
 124 05d3 97F3 E5F2 		.ascii	"\227\363\345\362\334\274\202\017\362r\334_Y\026\344\344x\334"
 124      DCBC 820F 
 124      F272 DC5F 
 124      5916 E4E4 
 124      78DC 
 125 05e5 F9F9 EFBE 		.ascii	"\371\371\357\276$\356\202\217\263\336qed\310g4\302'4\312\370"
 125      24EE 828F 
 125      B3DE 7165 
 125      64C8 6734 
 125      C227 34CA 
 126 05fa 9C99 32B3 		.ascii	"\234\2312\263\013\262\377\003\253'\325\t"
 126      0BB2 FF03 
 126      AB27 D509 
 127               		.text
 128               		.section	.gnu.lto_USB_Device_ClearSetFeature.6309821335349857,"",@progbits
 129 0000 789C 9556 		.string	"x\234\225VkLTW\020>s\357>\356\356\336\335\305\027%\b\210&\332hS\326\304\2441M\377\330Z\22
 129      6B4C 5457 
 129      103E 73EF 
 129      3EEE EEDE 
 129      DDC5 1725 
 130 00c4 7AD1 1460 		.ascii	"z\321\024`Y\222l0\232\314\212\305jS!\013\006\244\327\022\224"
 130      5992 6C30 
 130      9ACC 8AC5 
 130      6A53 210B 
 130      06A4 D712 
 131 00d9 AD6D F74A 		.ascii	"\255m\367J\323\017j\370k\362\370\277\315\326<q\036\231\261\200"
 131      D30F 6AF8 
 131      6BF2 F8BF 
 131      CDD6 3C71 
 131      1E99 B180 
 132 00ed C423 6270 		.ascii	"\304#bp\020\2463\334\326R\362f\213\335\224K\333\222\305\"\374"
 132      10A6 33DC 
 132      D652 F266 
 132      8BDD 944B 
 132      DB92 C522 
 133 0102 0226 0C1B 		.ascii	"\002&\f\033p\361P\325\243\335\252\374\021\320\306\303\371\247"
 133      70F1 50D5 
 133      A3DD AAFC 
 133      11D0 C6C3 
 133      F9A7 
 134 0114 DA95 A9FB 		.ascii	"\332\225\251\3734-G\363m\333*i\305\232\342\221\001\016\201\214"
 134      342D 47F3 
 134      6DDB 2A69 
 134      C59A E291 
 134      010E 818C 
 135 0128 5A30 2B01 		.ascii	"Z0+\001f&\b\303\207a\352\261\371>-\020pk\276[\261\347w\305\317"
 135      6626 08C3 
 135      8761 EAB1 
 135      F93E 2D10 
 135      706B BE5B 
 136 0141 3030 8F2C 		.ascii	"00\217,\031Q\310&\024\0063\t\205\346,(\2146ZPi\316N\302AC'\255"
 136      1951 C826 
 136      1406 3309 
 136      85E6 2C28 
 136      8C36 5A50 
 137 015d C670 5B63 		.ascii	"\306p[c\350u,\211q$\306\223\230@\"\226D\034\211x\022\023I$\220"
 137      E875 2C89 
 137      7124 C693 
 137      9840 2296 
 137      441C 8978 
 138 0176 4824 9144 		.ascii	"H$\221D\266&\221H\246\341d\022SH0\326"
 138      B626 9148 
 138      A6E1 6412 
 138      5348 30D6 
 139 0186 837F 62AE 		.string	"\203\177b\256W\222\350)\267C\316\231\222\332\n3\005\356\226\r\030k\241\247\354\272\271_\3
 139      5792 E829 
 139      B743 CE99 
 139      92DA 0A33 
 139      05EE 960D 
 140 0287 701A 6D36 		.ascii	"p\032m6Cn\275;I\337\004\037\210\302\354\225\f\254\333\"\262\335"
 140      436E BD3B 
 140      49DF 041F 
 140      88C2 EC95 
 140      0CAC DB22 
 141 029d 50E4 14AB 		.ascii	"P\344\024\253\312(\020{\243\247\367\fG\314\271=+\322[\272\266"
 141      CA28 107B 
 141      A3A7 F70C 
 141      47CC B93D 
 141      2BD2 5BBA 
 142 02b2 354E 98B7 		.ascii	"5N\230\267\b\017e}\305\007UA\266\f\347\320\004\202(l\236F{\302"
 142      080F 657D 
 142      C507 5541 
 142      B60C E7D0 
 142      0482 286C 
 143 02ca ABCD 12A5 		.ascii	"\253\315\022\245\332,\353eC48F\370\023\341\374Ap\340/D\200\276"
 143      DA2C EB65 
 143      4334 3846 
 143      F813 E1FC 
 143      4170 E02F 
 144 02e1 788C C6A1 		.ascii	"x\214\306\241\031\222y\206J\332\202\031\262\215\"^_\364\f\235"
 144      1992 7986 
 144      4ADA 8219 
 144      B28D 225E 
 144      5FF4 0C9D 
 145 02f5 7F9B A1B2 		.string	"\177\233\241\262\341\031R\321Cx\206\3548\025\221\021;\314\bf\304\304\334v\221\221\366-\31
 145      E119 52D1 
 145      4378 86EC 
 145      3815 9111 
 145      3BCC 0866 
 146 03f6 7448 5224 		.ascii	"tHR$\244\233\034R5q\027\217\213\257\212.\334q\n\030\235\004c"
 146      A49B 1C52 
 146      3571 178F 
 146      8BAF 8A2E 
 146      DC71 0A18 
 147 040d F0FE F1CB 		.ascii	"\360\376\361\313\246p\030\267B0j\020F\250\345N\024\352\245\345"
 147      A670 18B7 
 147      4230 6A10 
 147      46A8 E54E 
 147      14EA A5E5 
 148 0421 97F2 1471 		.ascii	"\227\362\024q\034\001jEn\356\005s3\2217K\221\f\205\275\222yy"
 148      1C01 6A45 
 148      6EEE 0573 
 148      3391 374B 
 148      910C 85BD 
 149 0438 F63E C6CF 		.ascii	"\366>\306\317\003_\0367\212\"\274\035\275a\324\275m\030w\260"
 149      035F 1E37 
 149      8A22 BC1D 
 149      BD61 D4BD 
 149      6D18 77B0 
 150 044c 08F9 D158 		.ascii	"\b\371\321X\252[\347\335A8\267\260\215 \353\204\235\334\343\030"
 150      AA5B E7DD 
 150      4138 B7B0 
 150      8D20 EB84 
 150      9DDC E318 
 151 0460 4ED8 93D5 		.ascii	"N\330\223\325:]r$]w9]\365dq\354\310\364\334\323\351y\226\307"
 151      3A5D 7224 
 151      5D77 395D 
 151      F564 71EC 
 151      C8F4 DCD3 
 152 0478 9D08 9D04 		.ascii	"\235\b\235\004\241\326{u\307\003\207\240)\031\032x\327*+\004"
 152      A1D6 7B75 
 152      C703 87A0 
 152      2919 1A78 
 152      D72A 2B04 
 153 048c DA32 B2CD 		.ascii	"\3322\262\315\373<\363\t<\b+{,\211 \374?\f\217` \030\201!2\202"
 153      FB3C F309 
 153      3C08 2B7B 
 153      2C89 20FC 
 153      3F0C 8F60 
 154 04a6 7F78 048D 		.ascii	"\177x\004\215\204f\302\310\336\232\302\"\250\307\b\270\316d\241"
 154      8466 C2C8 
 154      DE9A C222 
 154      A8C7 08B8 
 154      CE64 A1
 155 04b9 56DD 7365 		.ascii	"V\335se\267MD\020\003\315\241\b\032\337\025A\013\217`2\326nN"
 155      B74D 4410 
 155      03CD A108 
 155      1ADF 1541 
 155      0B8F 6032 
 156 04d0 53DB 8B8F 		.ascii	"S\333\213\217\t\345\250N\340\203\340\t\304\366\362p{\377OI\303"
 156      09E5 A84E 
 156      E083 E009 
 156      C4F6 F270 
 156      7BFF 4F49 
 157 04e5 42FF 7170 		.ascii	"B\377qp5\355\321\3037F\206\337\312\303o\243P\222\364&\323\223"
 157      35ED D1C3 
 157      3746 86DF 
 157      CAC3 6FA3 
 157      5092 F426 
 158 04fb 4796 C68B 		.ascii	"G\226\306\213\311I\370Q\303%\275\371\202\230L\306y=\3026qx"
 158      C949 F851 
 158      C325 BDF9 
 158      8298 4CC6 
 158      793D C236 
 159 0511 B7D6 1E30 		.string	"\267\326\0360\211c\342\347\247\265\270\246_\r\217\270=\024\361C\036q2\251\367\337\270o\32
 159      8963 E2E7 
 159      A7B5 B8A6 
 159      5F0D 8FB8 
 159      3D14 F143 
 160 0612 FB36 8317 		.ascii	"\3736\203\027\220\205\327}\007\317\240\3126\341=\237nE\374\346"
 160      9085 D77D 
 160      07CF A0CA 
 160      36E1 3D9F 
 160      6E45 FCE6 
 161 0626 ECA7 5CF2 		.ascii	"\354\247\\\362_\017\362\214K\330\213g-K_\354Z\266z\351\"\327"
 161      5F0F F28C 
 161      4BD8 8B67 
 161      2D4B 5FEC 
 161      5AB6 7AE9 
 162 063c 970B E7CD 		.ascii	"\227\013\347\315q\315\315L_\223\226\271\322\265p\301\247\256"
 162      71CD CD4C 
 162      5F93 96B9 
 162      D2B5 70C1 
 162      A7AE 
 163 064e CF96 67A6 		.ascii	"\317\226g\246\271\346\246\255I_\222\266`\325\242\214\324E\231"
 163      B9E6 A6AD 
 163      495F 92B6 
 163      60D5 A28C 
 163      D445 99
 164 0661 A9F3 D356 		.ascii	"\251\363\323V\244,a\366\3173R\277[\236\236\261\352\213\214\324"
 164      A42C 61F6 
 164      CF33 52BF 
 164      5B9E 9EB1 
 164      EA8B 8CD4 
 165 0675 B4EF CD73 		.ascii	"\264\357\315sRS3\323V\256\374\344\035\226\346|5\177\266+%E<\203"
 165      5253 33D3 
 165      56AE FCE4 
 165      1D96 E67C 
 165      357F B62B 
 166 068d 16BE A651 		.ascii	"\026\276\246Q\3127\354?\2547\253]"
 166      CA37 EC3F 
 166      AC37 AB5D 
 167               		.text
 168               		.section	.gnu.lto_USB_Device_SetAddress.6309821335349857,"",@progbits
 169 0000 789C 9554 		.string	"x\234\225T]L\\E\024\236o\356\337\366\322]~Z\210&\033\323\220\364\241MdM\232\030c\372\202b
 169      5D4C 5C45 
 169      149E 6FEE 
 169      DFF6 D25D 
 169      7E5A 8826 
 170 00e9 5D30 480D 		.string	"]0H\r;\302x.\254\224Iv\362\362\243\223A;\316\346\267\340\002\266j\303\370\0306\245\013\34
 170      3BC2 782E 
 170      AC94 4976 
 170      F2F2 A393 
 170      413B CEE6 
 171 01b0 4056 A09B 		.string	"@V\240\233lNB*\240\b"
 171      6C4E 422A 
 171      A008 00
 172 01bb 925A BA92 		.ascii	"\222Z\272\222h_\352\335q\327\250P\201\246\247\276\355\341b\264"
 172      685F EADD 
 172      71D7 A850 
 172      81A6 A7BE 
 172      EDE1 62B4 
 173 01cf 5131      		.ascii	"Q1"
 174 01d1 1686 437E 		.string	"\026\206C~16\340\322\332b\340\2626\223A\372\277\243\277\237\236\031\313_]\236\324\335\201
 174      3136 E0D2 
 174      DA62 E0B2 
 174      3693 41FA 
 174      BFA3 BF9F 
 175 02d2 410A 0DF4 		.string	"A\n\r\364\2606Rc\315\322\235\206\214\341C\360\363\0079\2155|\005\360A0sA\270\245@Hs\002\3
 175      B036 5263 
 175      CDD2 9D86 
 175      8CE1 43F0 
 175      F307 398D 
 176 0309 0648 EC57 		.ascii	"\006H\354W\304\177\212\355\323O\253\230\004\272\247\223\377\006"
 176      C47F 8AED 
 176      D34F AB98 
 176      04BA A793 
 176      FF06 
 177 031b B580 C020 		.ascii	"\265\200\300 \364c\230\221\216\2401\212Y\n\210\306\001\225\263"
 177      F463 9891 
 177      8EA0 318A 
 177      590A 88C6 
 177      0195 B3
 178 032e E0C9 1ED3 		.ascii	"\340\311\036\323\320\252\307\324v\"\247\354\243\245,\343gm\345"
 178      D0AA C7D4 
 178      7622 A7EC 
 178      A3A5 2CE3 
 178      676D E5
 179 0341 663D ACB2 		.ascii	"f=\254\262\036\341(\335u[\356\216\237\364|\263\362\243UJ\264"
 179      1EE1 28DD 
 179      755B EE8E 
 179      9FF4 7CB3 
 179      F2A3 554A 
 180 0356 D6B5 CC9D 		.ascii	"\326\265\314\235!W\347\346\001_-Wz\3441m|W\025\272D\267\3619"
 180      2157 E7E6 
 180      015F 2D57 
 180      7AE4 316D 
 180      7C57 15BA 
 181 036e DDC6 1C2D 		.ascii	"\335\306\034-\203w?\366\347{\333\375\311\264\002/Kt\232\306\254"
 181      8377 3FF6 
 181      E77B DBFD 
 181      C9B4 022F 
 181      4B74 9AC6 
 182 0383 B4F5 F464 		.ascii	"\264\365\364d'z\026\255n\016\267\325\200\232\205\323\361\311"
 182      277A 16AD 
 182      6E0E B7D5 
 182      809A 85D3 
 182      F1C9 
 183 0395 B13C 3528 		.ascii	"\261<5(}\347\2434(\265\363\257\225s\210)4\245\222\257\252&\243"
 183      7DE7 A334 
 183      28B5 F3AF 
 183      9573 8829 
 183      34A5 92AF 
 184 03ac 3507 EEF8 		.ascii	"5\007\356\370\326\017O_tt\353\032\030C\330\354\373\256\213\371"
 184      D60F 4F5F 
 184      7474 EB1A 
 184      1843 D8EC 
 184      FBAE 8BF9 
 185 03c0 7D1D C72E 		.ascii	"}\035\307.\270\232/q\017a\213C\002\305B3v\307\301\232}\221\203"
 185      B89A 2F71 
 185      0F61 8B43 
 185      02C5 4233 
 185      76C7 C19A 
 186 03d7 6FBF 5115 		.ascii	"o\277Q\025ym\317\256\362HE]\315\221h]}d\317\356\227\"/\037\252"
 186      796D CFAE 
 186      F248 455D 
 186      CD91 685D 
 186      7D64 CFEE 
 187 03f0 8B46 2AA2 		.ascii	"\213F*\242Gj\366Gw\037\256\252\255\256\252\253\256\214\276U\266"
 187      476A F647 
 187      771F AEAA 
 187      ADAE AAAB 
 187      AE8C BE55 
 188 0405 5F04 35B3 		.ascii	"_\0045\263\274\272\272.Z_\357\370\373\213\217\261T\376z\345\013"
 188      BCBA BA2E 
 188      5A5F EFF8 
 188      FB8B 8FB1 
 188      54FE 7AE5 
 189 041a 91B2 32BD 		.ascii	"\221\2622\275k\013{\371\\v@\354|\022\325Wj\253\337<TS{xI\371"
 189      6B0B 7BF9 
 189      5C76 40EC 
 189      7C12 D557 
 189      6AAB DF3C 
 190 0434 7F76 2A7E 		.ascii	"\177v*~\317"
 190      CF
 191               		.text
 192               		.section	.gnu.lto_USB_Device_GetConfiguration.6309821335349857,"",@progbits
 193 0000 789C 8553 		.ascii	"x\234\205SML\023A\030\235ofi7\032\032\275\231\330\003\t\341\300"
 193      4D4C 1341 
 193      189D 6F66 
 193      6937 1A1A 
 193      BD99 D803 
 194 0017 A56B C2C5 		.ascii	"\245k\302\305\203\027\024=\031\017\020\274\232JklB\n\224\202"
 194      8317 143D 
 194      190F 10BC 
 194      9A4A 6B6C 
 194      420A 9482 
 195 002b 1793 6E69 		.ascii	"\027\223ni\027\025/\275\330\030\215\341"
 195      1715 2FBD 
 195      D818 8DE1 
 196 0037 A006 FF10 		.string	"\240\006\377\020\353_]\374\311\212\n\007\rj\024\016\032\005\2114\244bB#\246\t\021\326\357
 196      EB5F 5DFC 
 196      C98A 0A07 
 196      0D6A 140E 
 196      1A05 8934 
 197 0138 3991 05E1 		.ascii	"9\221\005\341]i\363\333\240B\247H\b\261V\247\"u\232\346\354g"
 197      5D69 F3DB 
 197      A042 A748 
 197      08B1 56A7 
 197      2275 9AE6 
 198 014e 776C 513F 		.ascii	"wlQ?\255\023\205r\006\035\247\307\3717c/\267\020\265.\237\227"
 198      AD13 8572 
 198      061D A7C7 
 198      F937 632F 
 198      B710 B52E 
 199 0164 4106 63BA 		.ascii	"A\006c\272#\251\357\222\334)\340D\211\310+\305\331\036!\332%"
 199      23A9 EF92 
 199      DC29 E044 
 199      89C8 2BC5 
 199      D91E 21DA 
 200 0179 D9F0 F717 		.ascii	"\331\360\367\027\363\236\252\313z\252K\267\336\217z\222\272\025"
 200      F39E AACB 
 200      7AAA 4BB7 
 200      DE8F 7A92 
 200      BA15 
 201 018b AF30 840B 		.ascii	"\2570\204\013\356\201\300\244\240\306\013\273\274N\230\367\241"
 201      EE81 C0A4 
 201      A0C6 0BBB 
 201      BC4E 98F7 
 201      A1
 202 019c 0AE5 D069 		.ascii	"\n\345\320i.\230\331O\231\326\365\306\217W\022d\331|^j\376\003"
 202      2E98 D94F 
 202      99D6 F5C6 
 202      8F57 1264 
 202      D97C 5E6A 
 203 01b2 69FE 43A9 		.ascii	"i\376C\251\300\236_\210:N\027\310\351\021\243\377]\371ZW\262"
 203      C09E 5F88 
 203      3A4E 17C8 
 203      E911 A3FF 
 203      5DF9 5A57 
 204 01c7 ABAE 3C92 		.ascii	"\253\256<\222\256\210\025\365\262\005s\302\357\376\325\261N\303"
 204      AE88 15F5 
 204      B205 73C2 
 204      EFFE D5B1 
 204      4EC3 
 205 01d9 EBF1 95F0 		.ascii	"\353\361\225\360Ei\177S\366\037$S\335\033'\361\370_\272\330\303"
 205      4569 7F53 
 205      F61F 2453 
 205      DD1B 27F1 
 205      F85F BAD8 
 206 01ee 2951 9DAA 		.ascii	")Q\235\252\351\257_F\226\323]b\360d5\335\301\315\322}*\317\241"
 206      E9AF 5F46 
 206      96D3 5D62 
 206      F064 35DD 
 206      C1CD D27D 
 207 0205 B219 484C 		.ascii	"\262\031HLN\377\330N*K\263t\333\\A\3543\210\341\245WY\036\272"
 207      4EFF D84E 
 207      2A4B B374 
 207      DB5C 41EC 
 207      3388 E1A5 
 208 021d ACC2 2109 		.ascii	"\254\302!\t\2451\207\327\024\257>~\b5\315\241\243Zs\3071\277"
 208      A531 87D7 
 208      14AF 3E7E 
 208      0835 CDA1 
 208      A35A 73C7 
 209 0233 76B0 F140 		.ascii	"v\260\361@\255V\027\tu\006#\355Zc\303^m_K$\250\325\005;CM\301"
 209      AD56 1709 
 209      7506 23ED 
 209      5A63 C35E 
 209      6D5F 4B24 
 210 024e 86A8 3F1C 		.ascii	"\206\250?\034\360G\002\365\3016_\023\333\263IM\355\341\372\335"
 210      F047 02F5 
 210      C136 5F13 
 210      DBB3 494D 
 210      EDE1 FADD 
 211 0262 9ACF E7AC 		.ascii	"\232\317\347\254\373\303\201\326\226P8z\204v\276\343L\251\363"
 211      FBC3 81D6 
 211      9650 387A 
 211      8476 BEE3 
 211      4CA9 F3
 212 0275 47FD 7F01 		.ascii	"G\375\177\001\037'^\035"
 212      1F27 5E1D 
 213               		.text
 214               		.section	.gnu.lto_USB_Device_GetInternalSerialDescriptor.6309821335349857,"",@progbits
 215 0000 789C 9D93 		.string	"x\234\235\223[HTA\030\307\347\177Fw\327\313j\321K\220\017B\b\352\203\347!\b\037z\261\254\
 215      5B48 5441 
 215      18C7 E77F 
 215      4677 D7CB 
 215      6AD1 4B90 
 216 0078 F922 1C60 		.ascii	"\371\"\034`^\r^|\323f4\370\217\216tjq\r\202\236\241\341On\237"
 216      5E0D 5E7C 
 216      D366 34F8 
 216      8F8E 746A 
 216      710D 829E 
 217 0091 30D6 1A9C 		.ascii	"0\326\032\234\261\200\246H\f\r\210c\024\326\320W^\0229\241\031"
 217      B180 A648 
 217      0C0D 8863 
 217      14D6 D057 
 217      5E12 39A1 
 218 00a6 1C88 A761 		.ascii	"\034\210\247aWy[\245S\0165\274\222\224iq\321\357\340\033!C\307"
 218      5779 5BA5 
 218      530E 35BC 
 218      9294 6971 
 218      D1EF E01B 
 219 00bd 1AFB 9E3B 		.ascii	"\032\373\236;b\352\205)\204y\246T\363\t\323\027mp\216&p\242\342"
 219      62EA 8529 
 219      8479 A654 
 219      F309 D317 
 219      6D70 8E26 
 220 00d4 0AA2 D088 		.ascii	"\n\242\320\210(E\247\350\201\301\232\223\316\330\3132\2779u\n"
 220      2845 A7E8 
 220      81C1 9A93 
 220      CED8 CB32 
 220      BF39 750A 
 221 00e8 4238 2876 		.ascii	"B8(v!\275\ny\3371{\326i+\222!\321\270\212X4#\306\212@\013lT2"
 221      21BD 0A79 
 221      DF31 7BD6 
 221      692B 9221 
 221      D1B8 8A58 
 222 0105 E43F 6D29 		.ascii	"\344?m)\246\b\004\n\205\3713\342\321\235H\247\235\031<(D6\241"
 222      A608 040A 
 222      85F9 33E2 
 222      D19D 48A7 
 222      9D19 3C28 
 223 011c B209 930D 		.ascii	"\262\t\223\rc\3434K:\370\242i\262\347#(\230\030\037\256\017\221"
 223      63E3 344B 
 223      3AF8 A269 
 223      B2E7 2328 
 223      9818 1FAE 
 224 0132 20CA 5478 		.ascii	" \312Tx\241j&\\o\221\231\304N\203\007K\356\2546\267\214\361\257"
 224      A16A 265C 
 224      6F91 99C4 
 224      4E83 074B 
 224      EEAC 36B7 
 225 0149 756F ED73 		.ascii	"uo\355s\037\017\033\334\206V\350\263\2324\2166\350\024p\374|"
 225      1F0F 1BDC 
 225      8656 E8B3 
 225      9A34 8E36 
 225      E814 70FC 
 226 015e 55B3 5D4A 		.ascii	"U\263]J\261\201\243\235J\224\364\366\221\377\244wH\272*\362\232"
 226      B181 A39D 
 226      4A94 F4F6 
 226      91FF A477 
 226      48BA 2AF2 
 227 0173 A217 B5F6 		.ascii	"\242\027\265\366\036\217\264\350\361\270N\364Q\024\2315\245\220"
 227      1E8F B4E8 
 227      F1B8 4EF4 
 227      5114 9935 
 227      A590 
 228 0185 7009 E8EC 		.ascii	"p\t\350\354\3748`\367\316\210cB\2542\270= W\206\033\360\262%"
 228      FC38 60F7 
 228      CE88 6342 
 228      AC32 B83D 
 228      2057 861B 
 229 019c 99FB 6070 		.ascii	"\231\373`p\207\225\232[\251\233\246\n\3725\232)\237#\006\017"
 229      8795 9A5B 
 229      A99B A60A 
 229      FA35 9A29 
 229      9F23 060F 
 230 01b0 C14D E88A 		.ascii	"\301M\350\212\212[\360\032<\224\352\360\377:\361\272\352Gu\304"
 230      8A5B F01A 
 230      3C94 EAF0 
 230      FF3A F1BA 
 230      EA47 75C4 
 231 01c4 9FBB 6196 		.ascii	"\237\273a\226|\\\257\366 @\013]\262Q\f\267\211\300p\007\266B"
 231      7C5C AFF6 
 231      2040 0B5D 
 231      B251 0CB7 
 231      89C0 7007 
 232 01da 6EA7 8F15 		.ascii	"n\247\217\025\206\377\245\262\023\246NI\317\245\262\376\bk8\n"
 232      86FF A5B2 
 232      13A6 4E49 
 232      CFA5 B2FE 
 232      086B 380A 
 233 01ee 1A9B 95B7 		.ascii	"\032\233\225\267?8jQ\343+\362\311\365\207\343.\235\223NyNp\017"
 233      3F38 6A51 
 233      E32B F2C9 
 233      F587 E32E 
 233      9D93 4E79 
 234 0205 B5A0 3514 		.ascii	"\265\2405\024N\027\2535X\3100\213Z\375nlDa\3021\t\334W\322\375"
 234      4E17 AB35 
 234      58C8 308B 
 234      5AFD 6E6C 
 234      4461 C231 
 235 021e 1590 31CB 		.ascii	"\025\2201\313C\037\020\224(d\321\030\352\371\276\372\337\026"
 235      431F 1094 
 235      2864 D118 
 235      EAF9 BEFA 
 235      DF16 
 236 0230 9D01 E908 		.ascii	"\235\001\351\b]\226\305\317\317*\237\3629O\347\310b\204\264h"
 236      5D96 C5CF 
 236      CF2A 9FF2 
 236      394F E7C8 
 236      6284 B468 
 237 0244 897A 08EF 		.ascii	"\211z\b\357\342K\022I[d\"\312\340\253\346\335\r\016.u\327;6\357"
 237      E24B 1249 
 237      5B64 22CA 
 237      E0AB E6DD 
 237      0D0E 2E75 
 238 025c 2EE8 6F77 		.ascii	".\350ow\217\224;\277,4d\371:\272\027\311\241$\326\234PkZw{\335"
 238      8F94 3BBF 
 238      2C34 64F9 
 238      3ABA 17C9 
 238      A124 D69C 
 239 0276 CB50 4BCE 		.ascii	"\313PK\316\024\303\343\0059\376\225\344\364(9j\343\337\004\253"
 239      14C3 E305 
 239      39FE 95E4 
 239      F428 396A 
 239      E3DF 04AB 
 240 028a 4B46 95D2 		.ascii	"KF\225\322\224\252!\363tp\342-q\f\362\222\342\t\022\331\007\024"
 240      94AA 21F3 
 240      7470 E22D 
 240      710C F292 
 240      E209 12D9 
 241 02a0 0C19 93EA 		.ascii	"\f\031\223\352\210\253\373:N\347\216n\026\035\334\rY\356=zV\336"
 241      88AB FB3A 
 241      4EE7 8E6E 
 241      161D DC0D 
 241      59EE 3D7A 
 242 02b6 DE74 7D7B 		.ascii	"\336t}{\332\266$=\331\343\316wy\016\351i\251\233\365-9\036\227"
 242      DAB6 243D 
 242      D9E3 CE77 
 242      790E E969 
 242      A99B F52D 
 243 02cd 9EEC CA77 		.ascii	"\236\354\312wg\270Rs\323\2633\323=\231)\256\203\t\031lM\252{"
 243      67B8 5273 
 243      D3B3 33D3 
 243      3D99 29AE 
 243      8309 196C 
 244 02e4 5F76 7A6E 		.ascii	"_vzn\236\307\225\354:\224\341q\037\310\315\361lZ\201\223\264"
 244      9EC7 95EC 
 244      3A94 E171 
 244      1FC8 CDF1 
 244      6C5A 8193 
 245 02f9 2325 514F 		.ascii	"#%QOH\260\372\255\331\231\007r\334\331\271\273\345(a?\373\rK"
 245      48B0 FAAD 
 245      D999 0772 
 245      DCD9 B9BB 
 245      E528 613F 
 246 0310 5CB4 42   		.ascii	"\\\264B"
 247               		.text
 248               		.section	.gnu.lto_USB_Device_GetDescriptor.6309821335349857,"",@progbits
 249 0000 789C 9554 		.string	"x\234\225TMlTU\024>\347\336\3673?03\325`\\\260`a\027,\354[\230\230I\324\005ZX\2710m\200%\
 249      4D6C 5455 
 249      143E E7DE 
 249      F733 3F30 
 249      33D5 605C 
 250 00c2 BED0 5500 		.string	"\276\320U"
 251 00c6 1EC1 D540 		.string	"\036\301\325@nC\376\264\027\377]\270\022\221\243\256V\207\017F\371(0A\307\311\337\016\357
 251      6E43 FEB4 
 251      17FF 5DB8 
 251      1291 A3AE 
 251      5687 0F46 
 252 0164 AA04 C7B2 		.ascii	"\252\004\307\262\325\204\340UN`\376L\337L\301\346\f\005iP\025"
 252      D584 E055 
 252      4E60 FE4C 
 252      DF4C C1E6 
 252      0C05 6950 
 253 0179 3D6E 79C4 		.ascii	"=ny\304f\035l\315\240T\272\371\275\235\235Q\335J%\310\266K\006"
 253      661D 6CCD 
 253      A054 BAF9 
 253      BD9D 9D51 
 253      DD4A 25C8 
 254 0190 B54E 0D5F 		.ascii	"\265N\r_\253D\016\341\301\234\322\366\020\026I\375\023\314\205"
 254      AB44 0EE1 
 254      C19C D2F6 
 254      1016 49FD 
 254      13CC 85
 255 01a3 3EEE 395D 		.ascii	">\3569]\334\025r\036g\211\372\360\020\336\321\302\343G\350\300"
 255      DC15 721E 
 255      6789 FAF0 
 255      10DE D1C2 
 255      E347 E8C0 
 256 01b7 8FD8 F55D 		.ascii	"\217\330\365]\341\221\205dS\275\375\273\rN&q\324\306\223\263"
 256      E191 8564 
 256      53BD FDBB 
 256      0D4E 2671 
 256      D4C6 93B3 
 257 01cb 5AD4 8484 		.ascii	"Z\324\204\204\352\n9\211\005\357\326\b\262\367\342J\302\276 "
 257      EA0A 3989 
 257      05EF D608 
 257      B2F7 E24A 
 257      C2BE 20
 258 01de 45F0 63CC 		.ascii	"E\360c\314\022\261\210\0162\2407\251\t\325*]\263\204\314\377"
 258      12B1 880E 
 258      32A0 37A9 
 258      09D5 2A5D 
 258      B384 CCFF 
 259 01f2 C1E0 93A5 		.ascii	"\301\340\223\245\031\364k\006\334\301x\212\030L\342N\025\r\300"
 259      19F4 6B06 
 259      DCC1 788A 
 259      184C E24E 
 259      150D C0
 260 0205 ED45 E051 		.ascii	"\355E\340Q\237d\005<ME\021\277 \375\311\334\340\260$\017\036"
 260      9F64 053C 
 260      4D45 11BF 
 260      20FD C9DC 
 260      E0B0 240F 
 261 021a 5B5D B94C 		.ascii	"[]\271L\337!S\302\022f]\271\034\3061\037 \362\325\021\252\026"
 261      DF21 53C2 
 261      1266 5DB9 
 261      1CC6 311F 
 261      20F2 D511 
 262 0230 492E A498 		.ascii	"I.\244\230\277\020\211\200g\346%2\341\353(\261-\377\265\333\177"
 262      BF10 8980 
 262      67E6 2532 
 262      E1EB 28B1 
 262      2DFF B5DB 
 263 0245 FBCF 03B1 		.ascii	"\373\317\003\261\177\367\217\367\332\345\307t\327\370$\345=\255"
 263      7FF7 8FF7 
 263      DAE5 C774 
 263      D7F8 24E5 
 263      3DAD 
 264 0257 05F8 2965 		.ascii	"\005\370)e\007\374\214\023D\357N\020\3237>tx\3577\261\3408\211"
 264      07FC 8C13 
 264      44EF 4E10 
 264      D337 3E74 
 264      78EF 37B1 
 265 026e 74F6 DE3A 		.ascii	"t\366\336:5\025b\241\272r\3141\216\237S\333\016p\035x\226\264"
 265      3515 62A1 
 265      BA72 CC31 
 265      8E9F 53DB 
 265      0E70 1D78 
 266 0284 8109 2CDC 		.ascii	"\201\t,\334\336\251k\b \353\002\324\003?\374:\241a\3428\215\350"
 266      DEA9 6B08 
 266      20EB 02D4 
 266      033F FC3A 
 266      A161 E238 
 267 029a 913F 15DB 		.ascii	"\221?\025\333\203\354s\177\320s\004J(\344\236\357)}{\321\b\224"
 267      83EC 737F 
 267      D073 044A 
 267      28E4 9EEF 
 267      297D 7BD1 
 268 02b0 08B3 6EA4 		.ascii	"\b\263n\244\276\271t;$|\272~\300\262V>L\302\271\032A\25336v\257"
 268      BEB9 743B 
 268      247C BA7E 
 268      C0B2 563E 
 268      4CC2 B91A 
 269 02ca 3A97 C6E6 		.ascii	":\227\306\346\3241\027\2533\250\325\251p\322\370\375+\035\272"
 269      D431 17AB 
 269      33A8 D5A9 
 269      70D2 F8FD 
 269      2B1D BA
 270 02dd 8B3E 2509 		.ascii	"\213>%\tb\022A\330`\361\235\221H@\377o\300/\346\351W\036D\377"
 270      6212 41D8 
 270      60F1 9D91 
 270      4840 FF6F 
 270      C02F E6E9 
 271 02f5 BCA6 9F60 		.ascii	"\274\246\237`\367QM\226\211S\310\353\352\253\375\341d\277\352"
 271      F751 4D96 
 271      8953 C8EB 
 271      EAAB FDE1 
 271      64BF EA
 272 0308 467A DC80 		.ascii	"Fz\334\200\0270\251\333\300\202\2012?\343\362h\351\227\263\326"
 272      1730 A9DB 
 272      C082 8132 
 272      3FE3 F268 
 272      E997 B3D6 
 273 031c 7FFB 7F39 		.ascii	"\177\373\1779\353o\353g?\205\371D\360oX\245\326&\013\265\355"
 273      EB6F EB67 
 273      3F85 F944 
 273      F06F 58A5 
 273      D626 0BB5 
 274 0331 139B D32F 		.ascii	"\023\233\323/:\233_y\251\305y~\375\2725Nc&\275=\225\331\346\254"
 274      3A9B 5F79 
 274      A9C5 797E 
 274      FDBA 354E 
 274      6326 BD3D 
 275 0349 6F7E D679 		.ascii	"o~\326y\256#\223r\032S\333\323\255\251\346\316\226\366\266\226"
 275      AE23 9372 
 275      1A53 DBD3 
 275      ADA9 E6CE 
 275      96F6 B696 
 276 035d 4C5B 536A 		.ascii	"L[SjkC+\304\032S\333Z3\351-\235\035\231\346\364\216T\335\302"
 276      6B43 2BC4 
 276      1A53 DB5A 
 276      33E9 2D9D 
 276      1D99 E6F4 
 277 0375 F185 8E74 		.ascii	"\361\205\216t{g*\363\364\003@\327lhJ:\r\r\301\272\266\275m\013"
 277      7B67 2AF3 
 277      F403 40D7 
 277      6C68 4A3A 
 277      0D0D C1BA 
 278 038d 876D E253 		.ascii	"\207m\342S\303\313\360\017\272\257\374n"
 278      C3CB F00F 
 278      BAAF FC6E 
 279               		.text
 280               		.section	.gnu.lto_USB_Device_SetConfiguration.6309821335349857,"",@progbits
 281 0000 789C 9554 		.string	"x\234\225TMhTW\024\276\337\275\357?\311 \232\226.\262(\264 R\232\267p#\"\024\255\272\352*
 281      4D68 5457 
 281      14BE DFBD 
 281      EF3F C920 
 281      9A96 2EB2 
 282 00a6 BF44 1E44 		.ascii	"\277D\036D\273T\226\355\270\344j\307\337r^\"\3375\225\225\353"
 282      BB54 96ED 
 282      B8E4 6AC7 
 282      DF72 5E22 
 282      DF35 9595 
 283 00bb FA22 BAEE 		.ascii	"\372\"\272\356\026\372R\035Q\346\265\214"
 283      16FA 521D 
 283      51E6 B58C 
 284 00c7 12A2 2C75 		.string	"\022\242,uy\002}X'(\354\336\300\363\3435N'\207\275n6\361\r\034\346\320\337\220\213\312\34
 284      7902 7D58 
 284      2728 ECDE 
 284      C0F3 E335 
 284      4E27 87BD 
 285 01c8 7538 CB5C 		.string	"u8\313\\1H\3644\205\303\\\202\311\270\306$\375b\342\317)\235\005\230\003\316Q8\225\332\01
 285      3148 F434 
 285      85C3 5C82 
 285      C9B8 C624 
 285      FD62 E2CF 
 286 0245 7B69 01F6 		.string	"{i\001\366G\236\tIf\274\"\031N\323?\223}R\303d,\b\374\204\212\204,1\342\262\204\036\317\0
 286      479E 0949 
 286      66BC 2219 
 286      4ED3 3F93 
 286      7D52 C364 
 287 02f8 EE89 CDF1 		.ascii	"\356\211\315\361\347\273\212\003\201i\024p\ru\0167\312\343\257"
 287      E7BB 8A03 
 287      8169 1470 
 287      0D75 0E37 
 287      CAE3 AF
 288 030b 99A5 32F2 		.ascii	"\231\2452\362\022\251\320\037\f\277\306R\341C\276\376\211M\343"
 288      12A9 D01F 
 288      0CBF C652 
 288      E143 BEFE 
 288      894D E3
 289 031e D02A 1197 		.ascii	"\320*\021\227\016\366PY\353\367\244>\b\367\034\334\335\030\276"
 289      0EF6 5059 
 289      EBF7 A43E 
 289      08F7 1CDC 
 289      DD18 BE
 290 0331 B773 FBE6 		.ascii	"\267s\373\346pkk\252-\331\372Q\270s\307\226\360\335\275\255\311"
 290      706B 6BAA 
 290      2DD9 FA51 
 290      B873 C796 
 290      F0DD BDAD 
 291 0346 706B B22D 		.ascii	"pk\262-\325\224\334q\240\261\245\271\261\265\271!\271\277\276"
 291      D594 DC71 
 291      A0B1 A5B9 
 291      B1B5 B921 
 291      B9BF BE
 292 0359 496C FA9F 		.ascii	"Il\372\2373\233\337o\330\020\326\327\233\347\266\226\346}{S-"
 292      339B DF6F 
 292      D810 D6D7 
 292      9BE7 B696 
 292      E67D 7B53 
 293 036e 0776 F1AA 		.ascii	"\007v\361\252\376C\261q%\207\rz\345\350?5\017\027\336"
 293      FE43 B171 
 293      2587 0D7A 
 293      E5E8 3F35 
 293      0F17 DE
 294               		.text
 295               		.section	.gnu.lto_USB_Device_ProcessControlRequest.6309821335349857,"",@progbits
 296 0000 789C 9556 		.string	"x\234\225V[P\225U\024\336k\357s\371\317\177n\200\036\360\302\224/N\323C\236\232f\312\246^
 296      5B50 9555 
 296      14DE 6BEF 
 296      73F9 CF7F 
 296      6E80 1EF0 
 297 007a B9EA 0721 		.string	"\271\352\007!\212\f\t\016\375\240\364\303\021\303!U\3651!,\323\371\263!,\237S\272\226?\20
 297      8A0C 090E 
 297      FDA0 F4C3 
 297      11C3 2155 
 297      F531 212C 
 298 015d 846A ED69 		.ascii	"\204j\355i\336\344\245\255\204\f\334\366\365\177\362\217_=\006"
 298      DEE4 A5AD 
 298      840C DCF6 
 298      F57F F28F 
 298      5F3D 06
 299 0170 6479 B864 		.ascii	"dy\270d\315^"
 299      CD5E 
 300 0176 63FA 6796 		.string	"c\372g\226Ul\305o\276\025\263\342E\323bJ\301\227\240\220\023\276\200\\\330\016\271\314\21
 300      556C C56F 
 300      BE15 B3E2 
 300      45D3 624A 
 300      C197 A090 
 301 0277 1AED 4329 		.ascii	"\032\355C)\273\323\24580\025U\\\277^\251\004^>\325\005\321\262"
 301      BBD3 A538 
 301      3015 555C 
 301      BF5E A904 
 301      5E3E D505 
 302 028d 926B FB9D 		.ascii	"\222k\373\235d\035U\356(v\b\346\261\023$\3031\022<\024]P{\373"
 302      641D 55EE 
 302      2876 08E6 
 302      B113 24C3 
 302      3112 3C14 
 303 02a5 830B 6583 		.ascii	"\203\013e\203\235\035\220\356/~\374\360\023\354hX\302\350\206"
 303      9D1D 90EE 
 303      2F7E FCF0 
 303      13EC 6858 
 303      C2E8 86
 304 02b8 10B0 9F65 		.ascii	"\020\260\237e\034 \342I\251*\f\266\035\276q\273@\357z\211\265"
 304      1C20 E249 
 304      A92A 0CB6 
 304      1DBE 71BB 
 304      40EF 7A89 
 305 02cd 21B6 EB84 		.ascii	"!\266\353\204\237\022\261\264\210\022\341\201\032\354\265j\322"
 305      9F12 B1B4 
 305      8812 E181 
 305      1AEC B56A 
 305      D2
 306 02de 0A07 29E8 		.ascii	"\n\007)\350.(n\375`\220e\245r)\346\352ohZ\356Kd\321\362`\234"
 306      2E28 6EFD 
 306      6090 65A5 
 306      7229 E6EA 
 306      6F68 5AEE 
 307 02f8 14C7 2106 		.ascii	"\024\307!\006\177\203`\364\217\370\350\332\222\256uO\352@\315"
 307      7F83 60F4 
 307      8FF8 E8DA 
 307      92AE 754F 
 307      EA40 CD
 308 030b A8A2 8BB0 		.ascii	"\250\242\213\260oYs\245\251\023\003p\030F\002\337M\201\233\234"
 308      6F59 73A5 
 308      A913 0370 
 308      1846 02DF 
 308      4D81 9B9C 
 309 031f 2787 C0BB 		.ascii	"'\207\300\273I\345\315\020\372X\n\275\341\344\200\370\023\226"
 309      49E5 CD10 
 309      FA58 0ABD 
 309      E1E4 80F8 
 309      1396 
 310 0331 B644 4D4D 		.ascii	"\266DMMK\234\215M\353\266\3734\247\033\276\325\227\245\017 \275"
 310      4B9C 8D4D 
 310      EBB6 FB34 
 310      A71B BED5 
 310      97A5 0F20 
 311 0346 05E2 37F7 		.ascii	"\005\3427\367I\273\013\360F\027\312\003\n\023\255~\3556\373P"
 311      49BB 0BF0 
 311      4617 CA03 
 311      0A13 AD7E 
 311      ED36 FB50 
 312 035a 0196 4836 		.ascii	"\001\226H6wc1L\265\376I\224\340\244\006\273\b\321\370\352\022"
 312      7763 314C 
 312      B5FE 4994 
 312      E0A4 06BB 
 312      08D1 F8EA 
 313 036f E0E2 8EE9 		.ascii	"\340\342\216\351's\030\273P\300\021\354\213\230\362\332\005;"
 313      2773 18BB 
 313      50C0 11EC 
 313      8B98 F2DA 
 313      053B 
 314 0381 5C1A 1C55 		.ascii	"\\\032\034U\257\017\217\345q{\fc\371\307\324\253\226\353UG\201"
 314      AF0F 8FE5 
 314      717B 0C63 
 314      F9C7 D4AB 
 314      96EB 5547 
 315 0396 1834 34CA 		.ascii	"\03044\312W\235\n\350\n]$\371\361\365\373/\031\251\025:\232\254"
 315      579D 0AE8 
 315      0A5D 24F9 
 315      F1F5 FB2F 
 315      19A9 153A 
 316 03ac D031 5DA1 		.ascii	"\3201]\241\350\340l\021U\2235|\343\301\033MN\202;qh\325\243\031"
 316      E8E0 6C11 
 316      5593 357C 
 316      E3C1 1B4D 
 316      4E82 3B71 
 317 03c4 26AA 3D9A 		.ascii	"&\252=\232M\336\321\006\r\366\\\251\036\360k\003\001\r\211\251"
 317      4DDE D106 
 317      0DF6 5CA9 
 317      1EF0 6B03 
 317      010D 89A9 
 318 03d8 D22B 5D62 		.ascii	"\322+]b\247\003\333\262\270\246\262\276R\215n\357\212\221\366"
 318      A703 DBB2 
 318      B8A6 B2BE 
 318      528D 6EEF 
 318      8A91 F6
 319 03eb FE8E 78FC 		.ascii	"\376\216x\374\377\343f5\246\334\254\225\007*V\030\341]Dj\035"
 319      FFE3 6635 
 319      A6DC AC95 
 319      072A 5618 
 319      E15D 446A 
 320 0400 04AA 5513 		.ascii	"\004\252U\023\2060\304c\023\216C\230Jl=N>\310%\372\021\254\250"
 320      8630 C463 
 320      138E 4398 
 320      4A6C 3D4E 
 320      3EC8 25FA 
 321 0417 E147 B7F6 		.ascii	"\341G\267\366\033\370\037~\233\307\370}\210\034~\317\016\351"
 321      1BF8 1F7E 
 321      9BC7 F87D 
 321      881C 7ECF 
 321      0EE9 
 322 0429 9509 3FA0 		.ascii	"\225\t?\240\303\363\260\301Z4B\276\366\364\326\213\316\325\360"
 322      C3F3 B0C1 
 322      5A34 42BE 
 322      F6F4 D68B 
 322      CED5 F0
 323 043c 4911 061E 		.ascii	"I\021\006\036?\271L\322T\027\226b\363\026XM\365\270\323Z\026"
 323      3FB9 4CD2 
 323      5417 9662 
 323      F316 584D 
 323      F5B8 D35A 
 324 0451 336C 930A 		.ascii	"3l\223\n\027Zp\026-\305C\370\2046\332{\264\241\304\320I\246\355"
 324      175A 7016 
 324      2DC5 43F8 
 324      8436 DA7B 
 324      B4A1 C4D0 
 325 0468 EDEA DE9D 		.ascii	"\355\352\336\235\246\2159\301\230\037\031\303\215\330\2521\265"
 325      A68D 39C1 
 325      981F 19C3 
 325      8DD8 AA31 
 325      B5
 326 0479 7D15 DB7C 		.ascii	"}\025\333|\032C\00581\260\365KicZ\031sr\004sJc\032\267\326\f"
 326      1A43 0538 
 326      31B0 F54B 
 326      6963 5A19 
 326      7372 0473 
 327 0493 2630 4EDC 		.ascii	"&0N\334n\252\370\264#hc\372\030\323\306\030\007a~\322\230s\377"
 327      6EAA F8B4 
 327      2368 63FA 
 327      18D3 C618 
 327      0761 7ED2 
 328 04aa ECAA 0968 		.ascii	"\354\252\th\f\335\351\246\323GN\372m\314 c~f\214\2230\277h\314"
 328      0CDD E9A6 
 328      D347 4EFA 
 328      6DCC 2063 
 328      7E66 8C93 
 329 04c2 E5EE CF63 		.ascii	"\345\356\317c\001\333\250\314MF\365l\344\"\243\323\332hGUy\r"
 329      01DB A8CC 
 329      4D46 F56C 
 329      E422 A3D3 
 329      DA68 4755 
 330 04d8 6862 0F6E 		.ascii	"hb\017n\207nu\236M&\252\2121g\030\343&L;b\270\361\334\242E\250"
 330      876E 759E 
 330      4D26 AA8A 
 330      3167 18E3 
 330      264C 3B62 
 331 04f2 7350 9441 		.ascii	"sP\224AU\240,b\303\236\211^\370h\322H\253Uu5\326\233\232\330"
 331      55A0 2C62 
 331      C39E 895E 
 331      F868 D248 
 331      AB55 7535 
 332 050a 02F8 35D9 		.ascii	"\002\3705\331\263\2068*\024\233W\371G\254\373c\353?ri\353b\200"
 332      B386 382A 
 332      149B 57F9 
 332      47AC FB63 
 332      EB3F 7269 
 333 0521 DF92 D61E 		.ascii	"\337\222\326\036q\037\337\346\352\022E\306w\275\315\230'\370"
 333      711F DFE6 
 333      EA12 45C6 
 333      77BD CD98 
 333      27F8 
 334 0533 3D71 9B09 		.ascii	"=q\233\tc\246\213SZ\334\216\217mq)\027\310+f\216\325\222\374"
 334      63A6 8B53 
 334      5ADC 8E8F 
 334      6D71 2917 
 334      C82B 668E 
 335 054a 0270 E27C 		.ascii	"\002p\342|\371#i\353\023\017\260\224\366q\244`\372\241#E\212"
 335      F923 69EB 
 335      130F B094 
 335      F671 A460 
 335      FAA1 2345 
 336 055f 3F5D 8A43 		.ascii	"?]\212CK\271|7)\001\221\303\364\375\365\367\246\247\273\374g"
 336      4BB9 7C37 
 336      2901 91C3 
 336      F4FD F5F7 
 336      A6A7 BBFC 
 337 0574 0A7D 309D 		.ascii	"\n}0\235\336\251'\367P\351\031\227\346\317\322\001]//[g\3501"
 337      DEA9 27F7 
 337      50E9 1997 
 337      E6CF D201 
 337      5D2F 2F5B 
 338 058b 8BA5 E8D4 		.ascii	"\213\245\350\324\363\245%:7a\304\323\\\213\310\020&\213X\263"
 338      F3A5 253A 
 338      3761 C4D3 
 338      5C8B C810 
 338      268B 58B3 
 339 059f ECDE 22B0 		.ascii	"\354\336\"\260\023\340l\212\210\314t\021.\035\343\267+\2231\216"
 339      13E0 6C8A 
 339      88CC 7411 
 339      2E1D E3B7 
 339      2B93 318E 
 340 05b3 D43E 4B78 		.ascii	"\324>Kx\231\276\262\341\336\364\370\301\006\347R\350'\244\323"
 340      99BE B2E1 
 340      DEF4 F8C1 
 340      06E7 52E8 
 340      27A4 D3
 341 05c6 BB35 FDF5 		.ascii	"\2735\375\365\225wI\341\304D\n\017\216C\357A\372\363)\364!z_"
 341      9577 49E1 
 341      C444 0A0F 
 341      8E43 EF41 
 341      FAF3 29F4 
 342 05dd 103D 4F8C 		.ascii	"\020=O\214{\277\f\372\307y\031t\361\220\275@r|\343\017\377\213"
 342      7BBF 0CFA 
 342      C779 1974 
 342      F190 BD40 
 342      727C E30F 
 343 05f3 A9C3 7F0A 		.ascii	"\251\303\177\n\232\217\231\366SR\342\311\026\237;UB\322\255\322"
 343      9A8F 99F6 
 343      5352 E2C9 
 343      169F 3B55 
 343      42D2 ADD2 
 344 0607 C068 4983 		.ascii	"\300hI\203\217$$\231c%\375\305\222.\021c\316\370\222.\333\222"
 344      8F24 2499 
 344      6325 FDC5 
 344      922E 1163 
 344      CEF8 922E 
 345 061d 4AD8 89C6 		.ascii	"J\330\211\306\344jX\351\037W\273x\352x\240\037\340\n\332\243"
 345      E46A 58E9 
 345      1F57 BB78 
 345      EA78 A01F 
 345      E00A DAA3 
 346 0631 9AB5 4036 		.ascii	"\232\265@6\343\223^\345/\211\\\235\3173\243\276\274\342\307\223"
 346      E393 5EE5 
 346      2F89 5C9D 
 346      CF33 A3BE 
 346      BCE2 C793 
 347 0645 CABD 6395 		.ascii	"\312\275c\225_c\345\335\244\"\033\3779X^\367KP\277Y/\323\274"
 347      5F63 E5DD 
 347      A422 1BFF 
 347      3958 5EF7 
 347      4B50 BF59 
 348 065c FAFB B7AF 		.ascii	"\372\373\267\257\032]\251N{\222N{\023\221\334\302H\2526\0074"
 348      1A5D A94E 
 348      7B92 4E7B 
 348      1391 DCC2 
 348      48AA 3607 
 349 0671 C754 4DD3 		.ascii	"\307TM\323\373\375\306\263\211\3719\r\372\222\201ts \343p^\347"
 349      FBFD C6B3 
 349      89F9 390D 
 349      FA92 8174 
 349      7320 E370 
 350 0687 40A6 7239 		.ascii	"@\246r9r\250U.Aq\307\371!C\277X\005}\331\002\036\343k\344\321"
 350      72A8 552E 
 350      4171 C7F9 
 350      2143 BF58 
 350      057D D902 
 351 06a0 3717 CC0D 		.ascii	"7\027\314\r\277\371\336\353y\341\027^\236\375txV\376\202\305"
 351      BFF9 DEEB 
 351      79E1 175E 
 351      9EFD 7478 
 351      56FE 82C5 
 352 06b4 91FC 77C3 		.ascii	"\221\374w\303/\277\370L\370\331\267\363#\341Y\221\305\013\346"
 352      2FBF F84C 
 352      F8D9 B7F3 
 352      23E1 5991 
 352      C50B E6
 353 06c7 455E 2CC8 		.ascii	"E^,\310[8?/\177\376\234\310;3\346\t?\376\274\027y\267\340\371"
 353      5B38 3F2F 
 353      7FFE 9CC8 
 353      3B33 E609 
 353      3FFE BC17 
 354 06df 48DE FC48 		.ascii	"H\336\374H~f\332\356\231%\005\021\377\334\267\022g/-Y\024y\352"
 354      7E66 DAEE 
 354      9925 0511 
 354      FFDC B712 
 354      672F 2D59 
 355 06f6 3F3C 3CFD 		.ascii	"?<<\375\312\234\231\341\0313\364\357s\013\347/z{\301\302\202"
 355      CA9C 99E1 
 355      1933 F4EF 
 355      730B E72F 
 355      7A7B C1C2 
 356 070b D768 37E3 		.ascii	"\327h7\343\r\361/\240]\206\017"
 356      0DF1 2FA0 
 356      5D86 0F
 357               		.text
 358               		.section	.gnu.lto_.symbol_nodes.6309821335349857,"",@progbits
 359 0000 789C 5D8D 		.ascii	"x\234]\215\315N\302P\020F\317\355\320\212moUL\210\033\243.x\316"
 359      CD4E C250 
 359      1046 CFED 
 359      D08A 6D6F 
 359      554C 881B 
 360 0018 A984 68E2 		.ascii	"\251\204h\342\312\270 1\256 \274\204.\r\352\302\210\013#\376"
 360      CAB8 2031 
 360      AE20 BC84 
 360      2E0D EAC2 
 360      880B 23FE 
 361 002c 8102 A26E 		.ascii	"\201\002\242n|\006\365\026Bb\273:3\347~\367\233\022\206\236\001"
 361      7C06 F516 
 361      4262 BB3A 
 361      33E7 7EF7 
 361      9B12 869E 
 362 0041 BC0B 140E 		.ascii	"\274\013\024\016{d8N[\2518\367\212\232\205;\235;\177\004\333"
 362      7B64 384E 
 362      5BA9 38F7 
 362      8A9A 853B 
 362      9D3B 7F04 
 363 0056 2EEF F731 		.ascii	".\357\3671\273\225lx\300\233\r\336\033\352\025\322\336\023*\305"
 363      BB95 6C78 
 363      C09B 0DDE 
 363      1BEA 15D2 
 363      DE13 2AC5 
 364 006a 8677 246B 		.ascii	"\206w$k\360^\320R\361\355\236\322\274l\200\372\305\262!\032\024"
 364      F05E D052 
 364      F1ED 9ED2 
 364      BC6C 80FA 
 364      C5B2 211A 
 365 007f DD33 BA54 		.ascii	"\3353\272Tt\217hy\341\316\322\0350\023tyf M\335q\363\211\206"
 365      748F 6879 
 365      E1CE D21D 
 365      3013 7479 
 365      6620 4DDD 
 366 0097 39F1 8146 		.ascii	"9\361\201F91E\343\234\370BmN\214\321\344\277\020\223\320m\016"
 366      3931 45E3 
 366      9CF8 426D 
 366      4E8C D1E4 
 366      BF10 93D0 
 367 00ad 36C4 4FE8 		.ascii	"6\304O\350\234\334\004\022\270\375\340{K\312\t\323=\307\020&"
 367      9CDC 0412 
 367      B8FD E07B 
 367      4BCA 09D3 
 367      3DC7 1026 
 368 00c1 A31F 23E1 		.ascii	"\243\037#\341\n\323\261c\024\272\275&\321\032\235\326\320\255"
 368      0AD3 B163 
 368      14BA BD26 
 368      D11A 9DD6 
 368      D0AD 
 369 00d3 AB34 AEFA 		.ascii	"\2534\256\372\236\304.~\371\353X\241q\355h\327\351\356\273\357"
 369      9EC4 2E7E 
 369      F9EB 58A1 
 369      71ED 68D7 
 369      E9EE BBEF 
 370 00e7 D6D0 EE6D 		.ascii	"\326\320\356m\212\365i\337\326\304\006\324\217\252b#\352w\261"
 370      8AF5 69DF 
 370      D6C4 06D4 
 370      8FAA 6223 
 370      EA77 B1
 371 00fa D832 930C 		.ascii	"\3302\223\f1\347\315*\177\355\fv\316"
 371      31E7 CD2A 
 371      7FED 0C76 
 371      CE
 372               		.text
 373               		.section	.gnu.lto_.refs.6309821335349857,"",@progbits
 374 0000 789C 1D8A 		.ascii	"x\234\035\212K\016\200 \020\305:\217A\030E\215\237-\027\363\376"
 374      4B0E 8020 
 374      10C5 3A8F 
 374      4118 458D 
 374      9F2D 17F3 
 375 0015 0791 B069 		.ascii	"\007\221\260i\223\246\216\361\001nH\244\214\257\350,\031\215"
 375      93A6 8EF1 
 375      016E 48A4 
 375      8CAF E82C 
 375      198D 
 376 0027 3018 E61B 		.ascii	"0\030\346\033\332\321\205\272\226\221\255t\253\204k\233\217/"
 376      DAD1 85BA 
 376      9691 AD74 
 376      AB84 6B9B 
 376      8F2F 
 377 0039 6DBA 5AAC 		.ascii	"m\272Z\254D\263rXy\322.\005\272\321\313\017i!\002\036"
 377      44B3 7258 
 377      79D2 2E05 
 377      BAD1 CB0F 
 377      6921 021E 
 378               		.text
 379               		.section	.gnu.lto_.decls.6309821335349857,"",@progbits
 380 0000 789C 9D59 		.string	"x\234\235Y\013P\224W\226\356\373\337\346\3254`\3241N\206\311d&f\206\231\335\025\223lm\231
 380      0B50 9457 
 380      96EE FBDF 
 380      E6D5 3460 
 380      D431 4E86 
 381 0040 45E4 25A0 		.string	"E\344%\240\240\242\240 \212/@\020ATD\2217\"H\020\3047\310C\b\n\354\271\217\377\321-]f\267
 381      A0A2 A020 
 381      8A2F 4010 
 381      4154 4491 
 381      3722 4810 
 382 00b0 BC66 823C 		.string	"\274f\202<\301\254\023\210\016D\2174V?\202\377\032\267?\035d&\210\033b\034<\340\271\214s:
 382      C1AC 1388 
 382      0E44 8F34 
 382      563F 82FF 
 382      1AB7 3F1D 
 383 011e E413 90C5 		.ascii	"\344\023\220\305\210\371\310\221\373\343\337\240\374'\220%H\361"
 383      88F9 C891 
 383      FBE3 DFA0 
 383      FC27 9025 
 383      48F1 
 384 0130 8DFA 779E 		.ascii	"\215\372w\236\373\336\226\3372\033\216\205\234\247\232\243\304"
 384      FBDE 96DF 
 384      321B 8E85 
 384      9CA7 9AA3 
 384      C4
 385 0141 4BCB 798D 		.ascii	"K\313y\215\202\214p~.\034\233\360[\n\262\034d\025\310\237A\376"
 385      828C 707E 
 385      2E1C 9BF0 
 385      5B0A B21C 
 385      6415 C89F 
 386 0157 9DF3 BDAE 		.ascii	"\235\363\275\256\212\333_\240\374\037 _M\301\221\344\202\233"
 386      8ADB 5FA0 
 386      FC1F 205F 
 386      4DC1 91E4 
 386      829B 
 387 0169 8A23 B1BD 		.ascii	"\212#\261\275\224s\365\265\341(\361\223\270!\316\313\221\343"
 387      9473 F5B5 
 387      E128 F193 
 387      B821 CECB 
 387      91E3 
 388 017b F8AB 6C07 		.ascii	"\370\253l\007\300\363?\021\363+\341\240\263\261[\311\373\341"
 388      C0F3 3F11 
 388      F32B E1A0 
 388      B3B1 5BC9 
 388      FBE1 
 389 018d C36D 49FD 		.ascii	"\303mI\375\376\206\347\314{*;\032\336\027\322\206\340\033U\261"
 389      FE86 E7CC 
 389      7B2A 3B1A 
 389      DE17 D286 
 389      E01B 55B1 
 390 01a1 20B0 B6B9 		.ascii	" \260\266\271X\245y9\0277\360\034\373o\216\037\tO3H\024H\221"
 390      58A5 7939 
 390      1737 F01C 
 390      FB6F 8E1F 
 390      094F 3348 
 391 01b8 CA7E 34C8 		.ascii	"\312~4\310&\356\203F\356\377\b(\377\r\344\277@6\"\306\205\330"
 391      26EE 8346 
 391      EEFF 0828 
 391      FF0D E4BF 
 391      4036 22C6 
 392 01ce 28E6 7CC8 		.ascii	"(\346|\310\230\3312E~^\346\366\325<\210\037?\327(>\226\374+\365"
 392      98D9 3245 
 392      7E5E E6F6 
 392      D53C 881F 
 392      3FD7 283E 
 393 01e6 752B 3C6F 		.ascii	"u+<o\302\263\313\206\023\341\"p\177\017s\237_\346<\356p\036-"
 393      C2B3 CB86 
 393      13E1 2270 
 393      7F0F 739F 
 393      5FE6 3CEE 
 394 01fd 9C07 E23E 		.ascii	"\234\007\342>W\377\252Uq\226b\274\314\206C!\267)\305\3006\316"
 394      57FF AA55 
 394      7196 62BC 
 394      CC86 4321 
 394      B729 C5C0 
 395 0213 0E1C 478A 		.ascii	"\016\034G\212q,bs\004\346\366\364\350\3458\223yEo\343\003\t_"
 395      712C 6273 
 395      04E6 F6F4 
 395      E8E5 3893 
 395      7945 6FE3 
 396 022a 6DDB 36EF 		.ascii	"m\3336\357\245\3618\302\333\023\234]\210\315G\211\310z.#~\250"
 396      A5F1 38C2 
 396      DB13 9C5D 
 396      88CD 4789 
 396      C87A 2E23 
 397 0240 5471 23E3 		.ascii	"Tq#\343\301\231sJ\202\367d\220\024\220T\220= i \3516<\307\005"
 397      C199 734A 
 397      82F7 6490 
 397      1490 5490 
 397      3D20 6920 
 398 0259 9417 D17D 		.ascii	"\224\027\321}\310yH@\236:4\211H\371\321\231\037\335X\231|\256"
 398      C879 4840 
 398      9E3A 3489 
 398      48F9 D199 
 398      1FDD 5899 
 399 026f ED1D EF41 		.ascii	"\355\035\357Ass-\360\213\265X\004Aix(=\273\302\r\273\022-\341"
 399      7373 2DF0 
 399      8BB5 5804 
 399      4169 7828 
 399      3DBB C20D 
 400 0287 E4BD 87B5 		.ascii	"\344\275\207\265\002\322yE[,\033,e\031\026\307\331\032\364\276"
 400      02D2 7945 
 400      5B2C 1B2C 
 400      6519 16C7 
 400      D91A F4BE 
 401 029b 279A E7A9 		.ascii	"'\232\347\251A\271\310\213`\035Bs5(\033y\242\203\310Ss\200\300"
 401      41B9 C88B 
 401      601D 4273 
 401      3528 1B79 
 401      A283 C853 
 402 02b2 7536 8F7A 		.ascii	"u6\217z\034\265X\246\241\034\244C\207\021\246*\340vO2\241\223"
 402      1CB5 58A6 
 402      A11C A443 
 402      8711 A62A 
 402      E076 4F32 
 403 02c8 4AB0 B1B5 		.ascii	"J\260\261\2659e\213K\033jE0qp\352\bI\017D^"
 403      3965 8B4B 
 403      1B6A 4530 
 403      7170 EA08 
 403      490F 445E 
 404 02dc 6911 9157 		.string	"i\021\221WR\0204<\021\020\253\242\302\037\\\205\277*`\364\017\361\327I\351GAX\245\202E\25
 404      5210 343C 
 404      1110 ABA2 
 404      C21F 5C85 
 404      BF2A 60F4 
 405 03dd 3B45 9489 		.ascii	";E\224\211\366\336;?>q\371M\206\245,\337\3229"
 405      F6DE 3B3F 
 405      3E71 F94D 
 405      86A5 2CDF 
 405      D239 
 406 03ef 7E71 EDE0 		.string	"~q\355\340\3760K>\264\374\214*\242\243J\267\341\225<\216\2406\210G1\372\r\264\315\215\235
 406      FE30 4B3E 
 406      B4FC 8C2A 
 406      A2A3 4AB7 
 406      E195 3C8E 
 407 04f0 90FA 5635 		.string	"\220\372V5\310U\005\344\252\032\244\206\202\024f^\036w\300\271\f\244\277w\277"
 407      C855 05E4 
 407      AA1A A486 
 407      8214 665E 
 407      1E77 C0B9 
 408 050a 189D 301D 		.ascii	"\030\2350\035\356I\363M-\210\267D;\262,\271\246\200\\\243 \360"
 408      EE49 F34D 
 408      2D88 B744 
 408      3BB2 2CB9 
 408      A680 5CA3 
 409 0520 729D 026C 		.ascii	"r\235\002l\030n\037\3048\\K\001\316\206g\366\260\321C\306\034"
 409      186E 1FC4 
 409      385C 4B01 
 409      CE86 67F6 
 409      B0D1 43C6 
 410 0535 1F51 9DF7 		.ascii	"\037Q\235\367\323\021\255\373\\\217n\240\251G\231\325\310\252"
 410      D311 ADFB 
 410      5C8F 6EA0 
 410      A947 99D5 
 410      C8AA 
 411 0547 E723 ABE1 		.ascii	"\347#\253\341\372\225\033\202:\305\311\334\314\206V\003\031Z"
 411      FA95 1B82 
 411      3AC5 C9DC 
 411      CC86 5603 
 411      195A 
 412 0559 8D34 CDEB 		.ascii	"\2154\315\353\244\241\265\345\306\351t\007N?\351\316\232[\247"
 412      A4A1 B5E5 
 412      C6E9 7407 
 412      4E3F E9CE 
 412      9A5B A7
 413 056c 197D D042 		.ascii	"\031}\320B\265\n\375Z\211~\023\245\177\277\240/\017\343^F\377"
 413      B50A FD5A 
 413      897E 13A5 
 413      7FBF A02F 
 413      0FE3 5E46 
 414 0581 5872 F97D 		.ascii	"Xr\371}\027\206Pv. \302R\216h\353f\245u\263\324\272\205\266\336"
 414      1786 5076 
 414      2E20 C252 
 414      8E68 EB66 
 414      A575 B3D4 
 415 0599 D332 F144 		.ascii	"\3232\361D\21779\320\326=\035Y\375\016\352y\007\372\253L;7\345"
 415      8F37 39D0 
 415      D63D 1D59 
 415      FD0E EA79 
 415      07FA AB4C 
 416 05b0 69A7 EA6E 		.ascii	"i\247\352n\3565G\332\371\233\362\264\263;7\247^/;\256\215y\251"
 416      EE35 47DA 
 416      F99B F2B4 
 416      B33B 37A7 
 416      5E2F 3BAE 
 417 05c7 7CF7 8EC3 		.ascii	"|\367\216\303.r\345-V\031\331\026\266\017\343,f\362\304\246\272"
 417      2E72 E52D 
 417      5619 D916 
 417      B60F E32C 
 417      66F2 C4A6 
 418 05dc D304 0A75 		.ascii	"\323\004\nuP^V\236\375{\346\331\253\217\013\022\234$\317v\"-"
 418      505E 569E 
 418      FD7B E6D9 
 418      AB8F 0B12 
 418      9C24 CF76 
 419 05f2 BACD 70AA 		.ascii	"\272\315p\252\266=*\327\253\235[(;\367\007\342\334.\352\334v"
 419      B63D 2AD7 
 419      AB9D 5B28 
 419      3BF7 07E2 
 419      DC2E EADC 
 420 0607 C9B9 23B9 		.ascii	"\311\271#\271\247&\034\271so?\\\223}\2269\027\264`=\224\335\323"
 420      A726 1CB9 
 420      736F 3F5C 
 420      937D 9639 
 420      17B4 603D 
 421 061e 2AB9 E70E 		.ascii	"*\271\347\016s\356\245k\273<\360=\306\365\342HO\201;G(\031\370"
 421      73EE A56B 
 421      BB3C F03D 
 421      C6F5 E248 
 421      4F81 3B47 
 422 0635 EB25 5576 		.ascii	"\353%Uvu+\b\335\022"
 422      752B 08DD 
 422      12
 423 063e 420F 45B8 		.string	"B\017E\2705\266\371\210#>\345H\021F\352\252\357\352xx\006\256\013e\363h\343\273J\343\273R
 423      35B6 F988 
 423      233E E548 
 423      1146 EAAA 
 423      EFEA 7878 
 424 073f 8DEF 830C 		.ascii	"\215\357\203\f\220t$h\240\207~\2045\177\b\315A# \243 \303 \317"
 424      9074 2468 
 424      A087 7E84 
 424      357F 08CD 
 424      4123 20A3 
 425 0757 D01C 6993 		.ascii	"\320\034i\223\222V\335\372\\\300\327\251W\205\310\003\265\277"
 425      9256 DDFA 
 425      5CC0 D7A9 
 425      5785 C803 
 425      B5BF 
 426 0769 4433 BCEC 		.ascii	"D3\274\354\201\242q\300\372)\270\214qa\314\317\b\343\027\320"
 426      81A2 71C0 
 426      FA29 B88C 
 426      7161 CCCF 
 426      08E3 17D0 
 427 077d E0B9 9272 		.ascii	"\340\271\222r\244\003\324\362\311\366\301\355\350\235L6\373L"
 427      A403 D4F2 
 427      C9F6 C1ED 
 427      E89D 4C36 
 427      FB4C 
 428 078f FE39 6547 		.ascii	"\3769eG\204%:r\032U\277\307\324%\333\320\352\036\311\0024\201"
 428      8425 3A72 
 428      1A55 BFC7 
 428      D425 DBD0 
 428      EA1E C902 
 429 07a5 DE21 23F6 		.ascii	"\336!#\366\311\345\273nx\2333\315\223\232\312\372D'|\224\026"
 429      C9E5 BB6E 
 429      789B 33CD 
 429      939A CAFA 
 429      4427 7C94 
 430 07ba B4E9 0FB6 		.ascii	"\264\351\017\266\226\352\240\rr\001\361J\006\343\033\004\027"
 430      96EA A00D 
 430      7201 F14A 
 430      06E3 1B04 
 430      17
 431 07cb 4D14 75B6 		.ascii	"M\024u\266%"
 431      25
 432 07d0 034E EC52 		.string	"\003N\354R$6\n^\364\223\006\205\t\236(\\\360\324$Cwa3K*\017H\273e\r)\"\213\200U\373\355\2
 432      2436 0A5E 
 432      F493 0685 
 432      099E 285C 
 432      F0D4 2443 
 433 08d0 AA30 57D0 		.ascii	"\2520W\320QM\366\262\233#F\370\254\346\004\305\354\273\251\333"
 433      514D F6B2 
 433      9B23 46F8 
 433      ACE6 04C5 
 433      ECBB A9DB 
 434 08e4 F46C 0E9C 		.ascii	"\364l\016\234\017\305\306\321\2221=\276H)kSwU%\271\"/H<\370\323"
 434      0FC5 C6D1 
 434      9231 3DBE 
 434      4829 6B53 
 434      7755 25B9 
 435 08fe A972 2811 		.ascii	"\251r(\021\330\304+9D\023\255\377\177H\265\206d(yN\321\315]\320"
 435      D8C4 2B39 
 435      4413 ADFF 
 435      7F48 B586 
 435      6428 794E 
 436 0916 CD44 CA66 		.ascii	"\315D\312f7dh\202@\351\024\357o\350F\323c9\366\207\210b\357\204"
 436      3764 6882 
 436      40E9 14EF 
 436      6FE8 46D3 
 436      6339 F687 
 437 092e EF3B 04C2 		.ascii	"\357;\004\302>I\230.\365\201\026H\272v\356oqQ/\261$\354J\177"
 437      3E49 982E 
 437      F581 1648 
 437      BA76 EE6F 
 437      7151 2FB1 
 438 0946 9305 1682 		.ascii	"\223\005\026\202d\032\202\332\366s\233\\\354\372&E\362M\036\363"
 438      641A 82DA 
 438      F673 9B5C 
 438      ECFA 2645 
 438      F24D 1EF3 
 439 095a 4DF9 40FE 		.ascii	"M\371@\376A=\363\r9\262<\331\330\323\311\2174\263I\306TV&p\252"
 439      413D F30D 
 439      39B2 3CD9 
 439      D8D3 C98F 
 439      34B3 49C6 
 440 0973 9D32 D53D 		.ascii	"\2352\325=@5\225RM\243TS\030\3254Ju\374d\363q\373\326\323%\353"
 440      4035 9552 
 440      4DA3 5453 
 440      18D5 344A 
 440      75FC 64F3 
 441 098d F3A8 F1E1 		.ascii	"\363\250\361\341\361\326q'\006_+\303+\332\031\024>\235\301gP"
 441      F1D6 7127 
 441      065F 2BC3 
 441      2BDA 1914 
 441      3E9D C167 
 442 09a2 F8C7 CF0A 		.ascii	"\370\307\317\n\333=t\334\323\261\257H(\264\227&K[\335\031\230"
 442      DB3D 74DC 
 442      D3B1 AF48 
 442      28B4 9726 
 442      4B5B DD19 
 443 09b7 69AA 6980 		.ascii	"i\252i\200\321\341#i\371\356\270\213\025b\312/\244\322}D\246"
 443      D1E1 2369 
 443      F9EE B88B 
 443      1562 CA2F 
 443      A4D2 7D44 
 444 09cc C097 A797 		.ascii	"\300\227\247\227w\026\331Q\317Nh\325\033\006\222\227l\303\260"
 444      7716 D951 
 444      CF4E 68D5 
 444      1B06 9297 
 444      6CC3 B0
 445 09df 5F80 19FA 		.ascii	"_\200\031\372\200\240>t4\037\353\213p\345\233\332\306\3727#,"
 445      80A0 3E74 
 445      341F EB8B 
 445      70E5 9BDA 
 445      C6FA 3723 
 446 09f4 6561 16CB 		.ascii	"ea\026\313^\035\321B\373\244dFY\202\226\224\224M\351A\201,\334"
 446      5E1D D142 
 446      FBA4 6446 
 446      5982 9694 
 446      944D E941 
 447 0a0b AD4F EF0C 		.ascii	"\255O\357\f\273\340~{\334v\226\344n\320s\354\346\346\327el\262"
 447      BBE0 7E7B 
 447      DC76 96E4 
 447      6ED0 73EC 
 447      E6E6 D765 
 448 0a21 1BC8 96B1 		.ascii	"\033\310\226\261\017\001v\266\032\3730\305\276\374\254f\324\025"
 448      0F01 76B6 
 448      1AFB 30C5 
 448      BEFC AC66 
 448      D415 
 449 0a33 47E9 EC60 		.ascii	"G\351\354`\217VL<u\247\373'\322=\2669\273\030q\254\317\336Q\353"
 449      8F56 4C3C 
 449      75A7 FB27 
 449      D23D B639 
 449      BB18 71AC 
 450 0a4b 28ED F511 		.ascii	"(\355\365\021\201w\273\361\360\303\343ZN-\237\235\2212.\tD\013"
 450      8177 BBF1 
 450      F0C3 E35A 
 450      4E2D 9F9D 
 450      9132 2E09 
 451 0a61 E5C8 CC72 		.ascii	"\345\310\314r\201Y\216\232Y\036evn\242iLP'\367\013\325\n\n\307"
 451      8159 8E9A 
 451      591E 6576 
 451      6EA2 694C 
 451      5027 F70B 
 452 0a79 5E9E DCF9 		.ascii	"^\236\334\3714\271\343\312\2537\350\325\312d\322U\224\217q\345"
 452      34B9 E3CA 
 452      AB37 E8D5 
 452      CA64 D255 
 452      948F 71E5 
 453 0a8d 6354 B9E6 		.ascii	"cT\271\346BF\215\303T\3112\325\034\213\nh\262<\330\025\026\257"
 453      4246 8DC3 
 453      54C9 32D5 
 453      1C8B 0A68 
 453      B23C D815 
 454 0aa3 D745 CBB3 		.ascii	"\327E\313\263\335+\316\335\3508m\225x\350l\264U\037HL\024Z'8"
 454      DD2B CEDD 
 454      E838 6D95 
 454      78E8 6CB4 
 454      551F 484C 
 455 0abb AD13 9456 		.ascii	"\255\023\224V\345\223\306\207\2168\315n(\036\335\310\023h(r\344"
 455      E593 C687 
 455      8E38 CD6E 
 455      281E DDC8 
 455      1368 2872 
 456 0ad0 C3C4 D5BA 		.ascii	"\303\304\325\272\212xW;\2418MCqJ\nE\366\346\003\351\322\2617"
 456      8A78 573B 
 456      A138 4D43 
 456      714A 0A45 
 456      F6E6 03E9 
 457 0ae7 B5E3 F306 		.ascii	"\265\343\363\006\213%\021\346\231,D\364P\241\034\214\223\020"
 457      8B25 11E6 
 457      992C 44F4 
 457      50A1 1C8C 
 457      9310 
 458 0af9 8C42 7530 		.ascii	"\214Bu0\316\320`DF\304\2669\341\223\366\270\275<<\372[F\253\254"
 458      CED0 6044 
 458      46C4 B639 
 458      E193 F6B8 
 458      BD3C 3CFA 
 459 0b11 0E2B 2420 		.ascii	"\016+$ lx\024\223\341Qb5<\256\306\027\215\273\363<\231\270-\347"
 459      6C78 1493 
 459      E151 6235 
 459      3CAE C617 
 459      8DBB F33C 
 460 0b29 0928 A1B3 		.ascii	"\t(\241\2632\265\"\240vVM\355\034\2456\026s\341\231+\276l\217"
 460      32B5 22A0 
 460      7656 4DED 
 460      1CA5 3616 
 460      73E1 992B 
 461 0b40 5A42 4755 		.ascii	"ZBGU\235t&\035j\223\241I Je\3502\200.UC\237\247\320\031\333\266"
 461      9D74 261D 
 461      6A93 A149 
 461      204A 65E8 
 461      3280 2E55 
 462 0b5b C2AA D56E 		.ascii	"\302\252\325n\017z\252\343\335\343\335\331\351\202\235\210T\322"
 462      0F7A AAE3 
 462      DDE3 DDD9 
 462      E982 9D88 
 462      54D2 
 463 0b6d 3E57 4811 		.ascii	">WH\021I\332\321\320\"] \220\343\025\037\266\240\205\312ef\027"
 463      49DA D1D0 
 463      225D 2090 
 463      E315 1FB6 
 463      A085 CA65 
 464 0b83 8059 B99A 		.ascii	"\200Y\271\232\331E\312\254\357Bw\232\036\017\330c\026\323]\272"
 464      D945 CAAC 
 464      EF42 779A 
 464      1E0F D863 
 464      16D3 5DBA 
 465 0b97 5B9A 6E92 		.ascii	"[\232n\222;\254:]%C_\002\350*5\364e\n\035\177\260\240F\377\366"
 465      3BAC 3A5D 
 465      2543 5F02 
 465      E82A 35F4 
 465      650A 1D7F 
 466 0bb0 5EB6 0C6D 		.ascii	"^\266\fm\006T\237Y\364\372\203\035%\256\bo\203\316\300\201\323"
 466      0654 9F59 
 466      F4FA 831D 
 466      25AE 086F 
 466      83CE C081 
 467 0bc5 4DCE 4C07 		.ascii	"M\316L\007\366I\001',\265\323\254\325\252\251Z{\316\244E\307"
 467      F649 0127 
 467      2CB5 D3AC 
 467      D5AA A95A 
 467      7BCE A445 
 468 0bda D4CA 9A66 		.ascii	"\324\312\232fl\026\254u\256R\235\207\307\373K\035q\270\253\235"
 468      6C16 AC75 
 468      AE52 9D87 
 468      C7FB 4B1D 
 468      71B8 AB9D 
 469 0bee 9EA4 0C44 		.ascii	"\236\244\fD\225\273\361\264\335\323\261~\210]\020e|\206hr\324"
 469      95BB F1B4 
 469      DDD3 B17E 
 469      885D 1065 
 469      7C86 6872 
 470 0c03 C89D B906 		.ascii	"\310\235\271\006\235\251Qw\346:\355\314\355\007%qn8\301\036\372"
 470      9DA9 5177 
 470      E63A EDCC 
 470      ED07 2571 
 470      6E38 C11E 
 471 0c18 81A3 9991 		.ascii	"\201\243\231\221R\b\nn[\371"
 471      5208 0A6E 
 471      5BF9 
 472 0c22 A956 86BE 		.string	"\251V\206\276\001\320\265j\350:\n\235U\335\337\340\212\363\355Aw\2057\345:s\350&k\350z\03
 472      01D0 B56A 
 472      E83A 0A9D 
 472      55DD DFE0 
 472      8AF3 ED41 
 473 0d23 EF51 83F7 		.string	"\357Q\203\367R\360\250\314\370d\2143\355\201\217n\210\315\344\373\203\316\027\221_\325[\3
 473      52F0 A8CC 
 473      F864 8C33 
 473      ED81 8F6E 
 473      88CD E4FB 
 474 0d45 7E4F 0DFE 		.string	"~O\r\376\200\20276\364\225c\365\022\226c\265\315\177\310\227\260\207t\t\333Q\261\353\204\
 474      8082 3736 
 474      F495 63F5 
 474      1296 63B5 
 474      CD7F C897 
 475 0db8 DB88 9F1F 		.string	"\333\210\237\037\2744\354\241\336\210\223\351\275\037\362\250\217\356n\207\350\366\2236\"
 475      BC34 ECA1 
 475      DE88 93E9 
 475      BD1F F2A8 
 475      8FEE 6E87 
 476 0e09 769D 70BC 		.string	"v\235p\274\316}\243\245\354<\273\365\033\005_\201\226\275\253\207\374\035\362%\3053kM\345
 476      CE7D A3A5 
 476      EC3C BBF5 
 476      1B05 5F81 
 476      96BD AB87 
 477 0e38 5BE7 E7C2 		.string	"[\347\347\302\0344&\310\367\t\251\203\025U\2168\323\215\036\343\322\022O\245 \351Ba\n$4\t
 477      1C34 26C8 
 477      F709 A983 
 477      1555 8E38 
 477      D38D 1EE3 
 478 0e59 F6C0 D825 		.ascii	"\366\300\330%\302\231\035\364\022a\002\224\306\225#\035\351?"
 478      C299 1DF4 
 478      1261 0294 
 478      C695 231D 
 478      E93F 
 479 0e6b 3577 F046 		.ascii	"5w\360F|\f\377\177\225?\220\035a|^\"\277\244\252\205\210k\217"
 479      7C0C FF7F 
 479      953F 901D 
 479      617C 5E22 
 479      BFA4 AA85 
 480 0e82 C675 14B9 		.ascii	"\306u\024\271\002\2019s\254\3564\302\260'\262`\322\321\rx\006"
 480      0281 3973 
 480      ACEE 34C2 
 480      B027 B260 
 480      D2D1 0D78 
 481 0e97 B9A6 46E1 		.ascii	"\271\246F\341\330\013E\3409h#V\031\207\371\347\253Lz+\200g\320"
 481      D80B 45E0 
 481      3968 2356 
 481      1987 F9E7 
 481      AB4C 7A2B 
 482 0eae DB6C C5DD 		.ascii	"\333l\305\335\300,\356\372/\303\250\273!\332\350)p#XR\016\250"
 482      C02C EEFA 
 482      2FC3 A8BB 
 482      21DA E829 
 482      7023 5852 
 483 0ec4 EF6F 98FA 		.ascii	"\357o\230\372\3045\352q\322\221a\256,\357\017\025\237\223z\262"
 483      C435 EA71 
 483      D291 61AE 
 483      2CEF 0F15 
 483      9F93 7AB2 
 484 0ed8 28D5 5D8F 		.ascii	"(\325]\217\261\272\031-\262\332\025Fb6\244\340\t\312\217\352"
 484      B1BA 192D 
 484      B2DA 1546 
 484      6236 A4E0 
 484      09CA 8FEA 
 485 0eec 4B23 915A 		.ascii	"K#\221Z\231\020R\224\243\270r\024Uni~1\341\246Vn\264B\216\346"
 485      9910 5294 
 485      A3B8 7214 
 485      556E 697E 
 485      31E1 A656 
 486 0f05 CAD1 5479 		.ascii	"\312\321Ty\264\3352b\365\037Cj\326\032\264\211+o\242\312m\347"
 486      B4DD 3262 
 486      F51F 436A 
 486      D61A B489 
 486      2B6F A2CA 
 487 0f1b 72B3 1D70 		.ascii	"r\263\035p\221\233\235\221}5\263g\2374\201\355I\363\031Q\246"
 487      919B 9D91 
 487      7D35 B367 
 487      9F34 81ED 
 487      49F3 1951 
 488 0f30 47B2 746C 		.ascii	"G\262tl\306\322\320\216\301ZRR\206\366\026L\227\216\003\331\307"
 488      C6D2 D08E 
 488      C15A 5252 
 488      86F6 164C 
 488      978E 03D9 
 489 0f45 ACF6 C95D 		.ascii	"\254\366\311]V\274\267r*[)\225[\226\210(\035\256\261G\245\277"
 489      56BC B772 
 489      2A5B 2995 
 489      5B96 8828 
 489      1DAE B147 
 490 0f5b B52A D259 		.ascii	"\265*\322Y\236\356\276\256\267\232K\267\311L\266\003\223mj&\261"
 490      9EEE BEAE 
 490      B79A 4BB7 
 490      C94C B603 
 490      936D 6A26 
 491 0f70 9449 E5AE 		.ascii	"\224I\345\256\360a=\356\261\007\376\362Fw\262\372\207\021\347"
 491      F061 3DEE 
 491      B107 FEF2 
 491      4677 B2FA 
 491      8711 E7
 492 0f83 A96F E577 		.ascii	"\251o\345wb\030M\361X\275\321}^\035\325\241\370\351\253\304\241"
 492      6218 4DF1 
 492      58BD D17D 
 492      5E1D D5A1 
 492      F8E9 ABC4 
 493 0f98 788B 25D2 		.ascii	"x\213%\322b\331\210f"
 493      62D9 8866 
 494 0fa0 1245 1427 		.ascii	"\022E\024'\323\333\001\364\342\324\364vQzy\373\302O:\343a{\364"
 494      D3DB 01F4 
 494      E2D4 F476 
 494      517A 79FB 
 494      C24F 3AE3 
 495 0fb7 32C6 D3AB 		.ascii	"2\306\323\253\244}_Q\233r\024$]O\220\261w\003v\202\032;\221b"
 495      A47D 5F51 
 495      9B72 1424 
 495      5D4F 90B1 
 495      7703 7682 
 496 0fcf 771E EB3A 		.ascii	"w\036\353:\204m\327\357\032i\321M\302da\316+}\234\341 o\374\226"
 496      846D D7EF 
 496      1A69 D14D 
 496      C264 61CE 
 496      2B7D 9CE1 
 497 0fe7 9C97 D66F 		.ascii	"\234\227\326oY-\231\252\215m\251?\310\241\312j\035\371\372-\353"
 497      592D 99AA 
 497      8D6D A93F 
 497      C8A1 CA6A 
 497      1DF9 FA2D 
 498 0ffc A450 9D8C 		.ascii	"\244P\235\214"
 499 1000 BBF9 179C 		.ascii	"\273\371\027\234\270\316\300K:\251T'\353~\377\025i\037\360\342"
 499      B8CE C04B 
 499      3AA9 5427 
 499      EB7E FF15 
 499      691F F0E2 
 500 1014 259D 3D54 		.ascii	"%\235=T\247\253#\351\221\007\327Iu\262\325I\243:\355Y9\035n\\"
 500      A7AB 23E9 
 500      9107 D749 
 500      75B2 D549 
 500      A33A ED59 
 501 102c E7E4 4B3A 		.ascii	"\347\344K:\351\370m\215\363\247_\254zk\341\007\037h\234B\003"
 501      E9F8 6D8D 
 501      F3A7 5FAC 
 501      7A6B E107 
 501      1F68 9C42 
 502 1041 8DE6 F9BE 		.ascii	"\215\346\371\276\3467\275CCL\336A\201\253\275\r\337\231\274\003"
 502      E637 BD43 
 502      434C DE41 
 502      81AB BD0D 
 502      DF99 BC03 
 503 1055 8D7E 41A1 		.ascii	"\215~A\241\376\242w\210\331\037>\317]\243yc\325\212\217|?\026"
 503      FEA2 7788 
 503      D91F 3ECF 
 503      5DA3 7963 
 503      D58A 8F7C 
 504 106b BF0B F413 		.ascii	"\277\013\364\023}?\025\315+DS\240!h\205\331\024h\fp&\b\357\376"
 504      7D3F 15CD 
 504      2B44 53A0 
 504      2168 85D9 
 504      1468 0C70 
 505 1083 93AF D9C9 		.ascii	"\223\257\331\311\030l4\206\006\005\3753A\t\n\375\332\340\275"
 505      186C 3486 
 505      0605 FD33 
 505      4109 0AFD 
 505      DAE0 BD
 506 1096 64D5 270B 		.ascii	"d\325'\013\274?6\005~'\232B\274\001\301{a\260I\364^\340\263|"
 506      BC3F 3605 
 506      7E27 9A42 
 506      BC01 C17B 
 506      61B0 49F4 
 507 10ae BEF7 DCB9 		.ascii	"\276\367\334\271\354\3111\311;\230\231ic\306l0\207\206\274\377"
 507      ECC9 31C9 
 507      3B98 9969 
 507      63C6 6C30 
 507      8786 BCFF 
 508 10c2 0A3C A60F 		.ascii	"\n<\246\017\272F\177\203\311\177\271\370\355\\?+\276\013\203"
 508      BA46 7F83 
 508      C97F B9F8 
 508      ED5C 3F2B 
 508      BE0B 83
 509 10d5 4483 6985 		.ascii	"D\203i\205h\376D\0044\223\3703\325'\250]\340\357o\022CB~amya"
 509      68FE 4404 
 509      3493 F833 
 509      D527 A85D 
 509      E0EF 6F12 
 510 10f0 B0F1 EBC0 		.ascii	"\260\361\353\300\200P\223\301\034\030l\374\255\365\267\305F\263"
 510      8050 93C1 
 510      1C18 6CFC 
 510      ADF5 B7C5 
 510      46B3 
 511 1102 6832 42F7 		.ascii	"h2B\367\251\023>\026C\374L\201\353\314\301\246\331\326j\312\207"
 511      A913 3E16 
 511      43FC 4C81 
 511      EBCC C1A6 
 511      D9D6 6ACA 
 512 1117 5F58 5BB4 		.ascii	"_X[\264\302~K\365m\231)\330\017\250\300w\263)8\b:\022*\206\230"
 512      C27E 4BF5 
 512      6D99 29D8 
 512      0FA8 C077 
 512      B329 3808 
 513 1130 7FBE C8E8 		.ascii	"\177\276\310\350\277.\030\\\314\373A]\002\377\006\210\177\374"
 513      BF2E 185C 
 513      CCFB 415D 
 513      02FF 0688 
 513      7FFC 
 514 1142 BFF8 5946 		.ascii	"\277\370YF\341\236~K\256\370\322\024h\006'1\243\276\020S\321"
 514      E19E 7E4B 
 514      AEF8 D214 
 514      6806 2731 
 514      A3BE 1053 
 515 1157 B0D6 77C9 		.ascii	"\260\326w\311"
 516 115b A28F FE3F 		.string	"\242\217\376?\350\2745\267\361k;6\226\311F\336X\270`\311\222\217\026,\374\223/q\203\225\3
 516      E8BC 35B7 
 516      F16B 3B36 
 516      96C9 46DE 
 516      58B8 60C9 
 517 125c DE5A BF35 		.ascii	"\336Z\2775\006\323,H\232O\203\202W\033\202\350\2604\205\2563"
 517      06D3 2C48 
 517      9A4F 8382 
 517      571B 82E8 
 517      B034 85AE 
 518 1271 7F0E DD72 		.ascii	"\177\016\335r3\004\2557|\037\342\033h\f\n4\212\263l4>\016\f!"
 518      3304 AD37 
 518      7C1F E21B 
 518      680C 0A34 
 518      8AB3 6C34 
 519 1289 A467 AD98 		.ascii	"\244g\255\230\262\355\353r\332\202\023D?\263T\234.\327/&\003"
 519      B2ED EB72 
 519      DA82 1344 
 519      3FB3 549C 
 519      2ED7 2F26 
 520 129e 3008 7A3D 		.ascii	"0\bz=\303fp.Z\271j\331L\233\254\207\251q\311\242i\326\212\213"
 520      C366 702E 
 520      5AB9 6AD9 
 520      4C9B AC87 
 520      A971 C9A2 
 521 12b6 BF50 8371 		.ascii	"\277P\203q\027*#\235\242\2574\031\214!\006?\3423[3\344\363,\271"
 521      172A 239D 
 521      A2AF 3419 
 521      8C21 063F 
 521      E233 5B33 
 522 12ce 6EB9 1822 		.ascii	"n\271\030\"\312$g[W\177l0\033V\006\007\004\004\2116\223\020{"
 522      CA24 675B 
 522      577F 6C30 
 522      1B56 0607 
 522      0404 8936 
 523 12e5 E393 9F9A 		.ascii	"\343\223\237\232\314\342/\226C\006}\257\216\037\343g\325b\232"
 523      CCE2 2F96 
 523      4306 7DAF 
 523      8E1F E367 
 523      D562 9A
 524 12f8 4D27 E7BB 		.ascii	"M'\347\273\2552\006\372\005\373\213lMpdY\250]\021\3707QK\262"
 524      AD32 06FA 
 524      05FB 8B6C 
 524      4D70 6459 
 524      A85D 11F8 
 525 1310 F427 E4B4 		.ascii	"\364'\344\2642\364\311X{\235\331\227\252\344\264~\315\332\025"
 525      32F4 C958 
 525      7B9D D997 
 525      AAE4 B47E 
 525      CDDA 15
 526 1323 4B57 AD7C 		.ascii	"KW\255|]\305tq\b\347\007=\364Py\302\340\357;\177\266:|$P\313"
 526      5DC5 7471 
 526      08E7 073D 
 526      F450 79C2 
 526      E0EF 3B7F 
 527 133d 453F 1168 		.ascii	"E?\021h\370\377/,\344\\V"
 527      F8FF 2F2C 
 527      E45C 56
 528               		.text
 529               		.section	.gnu.lto_.symtab.6309821335349857,"",@progbits
 530 0000 5553 425F 		.string	"USB_Device_CurrentlySelfPowered"
 530      4465 7669 
 530      6365 5F43 
 530      7572 7265 
 530      6E74 6C79 
 531 0020 00        		.string	""
 532 0021 04        		.ascii	"\004"
 533 0022 00        		.string	""
 534 0023 0100      		.string	"\001"
 535 0025 00        		.string	""
 536 0026 00        		.string	""
 537 0027 00        		.string	""
 538 0028 00        		.string	""
 539 0029 00        		.string	""
 540 002a 00        		.string	""
 541 002b 0501 00   		.string	"\005\001"
 542 002e 00        		.string	""
 543 002f 5553 425F 		.string	"USB_Device_RemoteWakeupEnabled"
 543      4465 7669 
 543      6365 5F52 
 543      656D 6F74 
 543      6557 616B 
 544 004e 00        		.string	""
 545 004f 04        		.ascii	"\004"
 546 0050 00        		.string	""
 547 0051 0100      		.string	"\001"
 548 0053 00        		.string	""
 549 0054 00        		.string	""
 550 0055 00        		.string	""
 551 0056 00        		.string	""
 552 0057 00        		.string	""
 553 0058 00        		.string	""
 554 0059 0701 00   		.string	"\007\001"
 555 005c 00        		.string	""
 556 005d 5553 425F 		.string	"USB_Device_ConfigurationNumber"
 556      4465 7669 
 556      6365 5F43 
 556      6F6E 6669 
 556      6775 7261 
 557 007c 00        		.string	""
 558 007d 04        		.ascii	"\004"
 559 007e 00        		.string	""
 560 007f 0100      		.string	"\001"
 561 0081 00        		.string	""
 562 0082 00        		.string	""
 563 0083 00        		.string	""
 564 0084 00        		.string	""
 565 0085 00        		.string	""
 566 0086 00        		.string	""
 567 0087 0C01 00   		.string	"\f\001"
 568 008a 00        		.string	""
 569 008b 5553 425F 		.string	"USB_Device_ProcessControlRequest"
 569      4465 7669 
 569      6365 5F50 
 569      726F 6365 
 569      7373 436F 
 570 00ac 00        		.string	""
 571 00ad 00        		.string	""
 572 00ae 00        		.string	""
 573 00af 00        		.string	""
 574 00b0 00        		.string	""
 575 00b1 00        		.string	""
 576 00b2 00        		.string	""
 577 00b3 00        		.string	""
 578 00b4 00        		.string	""
 579 00b5 00        		.string	""
 580 00b6 00        		.string	""
 581 00b7 CD00      		.string	"\315"
 582 00b9 00        		.string	""
 583 00ba 00        		.string	""
 584 00bb 5553 425F 		.string	"USB_ControlRequest"
 584      436F 6E74 
 584      726F 6C52 
 584      6571 7565 
 584      7374 00
 585 00ce 00        		.string	""
 586 00cf 02        		.ascii	"\002"
 587 00d0 00        		.string	""
 588 00d1 00        		.string	""
 589 00d2 00        		.string	""
 590 00d3 00        		.string	""
 591 00d4 00        		.string	""
 592 00d5 00        		.string	""
 593 00d6 00        		.string	""
 594 00d7 00        		.string	""
 595 00d8 00        		.string	""
 596 00d9 FE00      		.string	"\376"
 597 00db 00        		.string	""
 598 00dc 00        		.string	""
 599 00dd 5553 425F 		.string	"USB_DeviceState"
 599      4465 7669 
 599      6365 5374 
 599      6174 6500 
 600 00ed 00        		.string	""
 601 00ee 02        		.ascii	"\002"
 602 00ef 00        		.string	""
 603 00f0 00        		.string	""
 604 00f1 00        		.string	""
 605 00f2 00        		.string	""
 606 00f3 00        		.string	""
 607 00f4 00        		.string	""
 608 00f5 00        		.string	""
 609 00f6 00        		.string	""
 610 00f7 00        		.string	""
 611 00f8 0A01 00   		.string	"\n\001"
 612 00fb 00        		.string	""
 613 00fc 456E 6470 		.string	"Endpoint_ClearStatusStage"
 613      6F69 6E74 
 613      5F43 6C65 
 613      6172 5374 
 613      6174 7573 
 614 0116 00        		.string	""
 615 0117 02        		.ascii	"\002"
 616 0118 00        		.string	""
 617 0119 00        		.string	""
 618 011a 00        		.string	""
 619 011b 00        		.string	""
 620 011c 00        		.string	""
 621 011d 00        		.string	""
 622 011e 00        		.string	""
 623 011f 00        		.string	""
 624 0120 00        		.string	""
 625 0121 CF00      		.string	"\317"
 626 0123 00        		.string	""
 627 0124 00        		.string	""
 628 0125 456E 6470 		.string	"Endpoint_Write_Control_Stream_LE"
 628      6F69 6E74 
 628      5F57 7269 
 628      7465 5F43 
 628      6F6E 7472 
 629 0146 00        		.string	""
 630 0147 02        		.ascii	"\002"
 631 0148 00        		.string	""
 632 0149 00        		.string	""
 633 014a 00        		.string	""
 634 014b 00        		.string	""
 635 014c 00        		.string	""
 636 014d 00        		.string	""
 637 014e 00        		.string	""
 638 014f 00        		.string	""
 639 0150 00        		.string	""
 640 0151 D600      		.string	"\326"
 641 0153 00        		.string	""
 642 0154 00        		.string	""
 643 0155 456E 6470 		.string	"Endpoint_Write_Control_PStream_LE"
 643      6F69 6E74 
 643      5F57 7269 
 643      7465 5F43 
 643      6F6E 7472 
 644 0177 00        		.string	""
 645 0178 02        		.ascii	"\002"
 646 0179 00        		.string	""
 647 017a 00        		.string	""
 648 017b 00        		.string	""
 649 017c 00        		.string	""
 650 017d 00        		.string	""
 651 017e 00        		.string	""
 652 017f 00        		.string	""
 653 0180 00        		.string	""
 654 0181 00        		.string	""
 655 0182 D800      		.string	"\330"
 656 0184 00        		.string	""
 657 0185 00        		.string	""
 658 0186 4341 4C4C 		.string	"CALLBACK_USB_GetDescriptor"
 658      4241 434B 
 658      5F55 5342 
 658      5F47 6574 
 658      4465 7363 
 659 01a1 00        		.string	""
 660 01a2 02        		.ascii	"\002"
 661 01a3 00        		.string	""
 662 01a4 00        		.string	""
 663 01a5 00        		.string	""
 664 01a6 00        		.string	""
 665 01a7 00        		.string	""
 666 01a8 00        		.string	""
 667 01a9 00        		.string	""
 668 01aa 00        		.string	""
 669 01ab 00        		.string	""
 670 01ac E300      		.string	"\343"
 671 01ae 00        		.string	""
 672 01af 00        		.string	""
 673 01b0 4556 454E 		.string	"EVENT_USB_Device_ConfigurationChanged"
 673      545F 5553 
 673      425F 4465 
 673      7669 6365 
 673      5F43 6F6E 
 674 01d6 00        		.string	""
 675 01d7 02        		.ascii	"\002"
 676 01d8 00        		.string	""
 677 01d9 00        		.string	""
 678 01da 00        		.string	""
 679 01db 00        		.string	""
 680 01dc 00        		.string	""
 681 01dd 00        		.string	""
 682 01de 00        		.string	""
 683 01df 00        		.string	""
 684 01e0 00        		.string	""
 685 01e1 E500      		.string	"\345"
 686 01e3 00        		.string	""
 687 01e4 00        		.string	""
 688 01e5 4556 454E 		.string	"EVENT_USB_Device_ControlRequest"
 688      545F 5553 
 688      425F 4465 
 688      7669 6365 
 688      5F43 6F6E 
 689 0205 00        		.string	""
 690 0206 02        		.ascii	"\002"
 691 0207 00        		.string	""
 692 0208 00        		.string	""
 693 0209 00        		.string	""
 694 020a 00        		.string	""
 695 020b 00        		.string	""
 696 020c 00        		.string	""
 697 020d 00        		.string	""
 698 020e 00        		.string	""
 699 020f 00        		.string	""
 700 0210 E700      		.string	"\347"
 701 0212 00        		.string	""
 702 0213 00        		.string	""
 703               		.text
 704               		.section	.gnu.lto_.opts,"",@progbits
 705 0000 272D 666D 		.ascii	"'-fmath-errno' '-fsigned-zeros' '-ftrapping-math' '-fno-trap"
 705      6174 682D 
 705      6572 726E 
 705      6F27 2027 
 705      2D66 7369 
 706 003c 7627 2027 		.ascii	"v' '-fno"
 706      2D66 6E6F 
 707 0044 2D6F 7065 		.string	"-openmp' '-fno-openacc' '-mn-flash=1' '-mno-skip-bug' '-mmcu=avr5' '-gdwarf-2' '-Os' '-We
 707      6E6D 7027 
 707      2027 2D66 
 707      6E6F 2D6F 
 707      7065 6E61 
 708               		.text
 709               		.comm	__gnu_lto_v1,1,1
 710               		.comm	__gnu_lto_slim,1,1
 711               		.ident	"GCC: (GNU) 5.4.0"
DEFINED SYMBOLS
                            *ABS*:0000000000000000 DeviceStandardReq.c
     /tmp/cc2VtleL.s:2      *ABS*:000000000000003e __SP_H__
     /tmp/cc2VtleL.s:3      *ABS*:000000000000003d __SP_L__
     /tmp/cc2VtleL.s:4      *ABS*:000000000000003f __SREG__
     /tmp/cc2VtleL.s:5      *ABS*:0000000000000000 __tmp_reg__
     /tmp/cc2VtleL.s:6      *ABS*:0000000000000001 __zero_reg__
                            *COM*:0000000000000001 __gnu_lto_v1
                            *COM*:0000000000000001 __gnu_lto_slim

NO UNDEFINED SYMBOLS
