   1               		.file	"Events.c"
   2               	__SP_H__ = 0x3e
   3               	__SP_L__ = 0x3d
   4               	__SREG__ = 0x3f
   5               	__tmp_reg__ = 0
   6               	__zero_reg__ = 1
   7               		.text
   8               	.Ltext0:
   9               		.section	.gnu.lto_.profile.36680f9836a707df,"",@progbits
  10 0000 789C 6361 		.string	"x\234ca`d`a`"
  10      6064 6061 
  10      6000 
  11 000a 926C CC00 		.string	"\222l\314"
  12 000e 00        		.string	""
  13 000f 7900      		.string	"y"
  14 0011 14        		.ascii	"\024"
  15               		.text
  16               		.section	.gnu.lto_.icf.36680f9836a707df,"",@progbits
  17 0000 789C 6361 		.string	"x\234ca`d"
  17      6064 00
  18 0007 0111 0604 		.string	"\001\021\006\004`fX?\363A\013\023\347\347\205moy\270\256\354\332|\232\203\001"
  18      6066 583F 
  18      F341 0B13 
  18      E7E7 856D 
  18      6F79 B8AE 
  19 0022 5ECB 0905 		.ascii	"^\313\t\005"
  20               		.text
  21               		.section	.gnu.lto_.jmpfuncs.36680f9836a707df,"",@progbits
  22 0000 789C 6361 		.string	"x\234ca`d"
  22      6064 00
  23 0007 0141 0604 		.string	"\001A\006\004`\006bNF\2408\027\023#X\026"
  23      6006 624E 
  23      46A0 3817 
  23      1323 5816 
  23      00
  24 0018 03F1 00   		.string	"\003\361"
  25 001b 33        		.ascii	"3"
  26               		.text
  27               		.section	.gnu.lto_.inline.36680f9836a707df,"",@progbits
  28 0000 789C 6361 		.string	"x\234ca`d"
  28      6064 00
  29 0007 010B 0604 		.string	"\001\013\006\004`\006\"&F\006& \223m\201<\210b\340\304\020\341\302\020a"
  29      6006 2226 
  29      4606 2620 
  29      936D 813C 
  29      8862 E0C4 
  30 0021 00        		.string	""
  31 0022 52C8 02C1 		.ascii	"R\310\002\301"
  32               		.text
  33               		.section	.gnu.lto_.pureconst.36680f9836a707df,"",@progbits
  34 0000 789C 05C1 		.string	"x\234\005\301\211\001"
  34      8901 00
  35 0007 100C C0C0 		.string	"\020\f\300\300\224R\317"
  35      9452 CF00 
  36 000f B2FF A4EE 		.ascii	"\262\377\244\356\222\340\001\027\302f7\035N\313\345\346\360\001"
  36      92E0 0117 
  36      C266 371D 
  36      4ECB E5E6 
  36      F001 
  37 0021 0EDA 011F 		.ascii	"\016\332\001\037"
  38               		.text
  39               		.section	.gnu.lto_USB_Event_Stub.36680f9836a707df,"",@progbits
  40 0000 789C 6361 		.string	"x\234ca`d"
  40      6064 00
  41 0007 816A 20D6 		.string	"\201j \326\002bi fdf`d\232p\216\201\241\221\203\211\221\021\304h\340`d\250gb\254g\374\312
  41      0262 6920 
  41      6664 6660 
  41      649A 708E 
  41      81A1 9183 
  42 00b5 00        		.string	""
  43 00b6 1A33 3A13 		.ascii	"\0323:\023"
  44               		.text
  45               		.section	.gnu.lto_USB_Event_Stub_2.36680f9836a707df,"",@progbits
  46 0000 789C 6361 		.string	"x\234ca`d"
  46      6064 00
  47 0007 81CD 40AC 		.string	"\201\315@\254\013\304\322@\314\310\314\300\3104\341\034\003C#\007\023##\210\321\300\301\3
  47      0BC4 D240 
  47      CCC8 CCC0 
  47      C834 E11C 
  47      0343 2307 
  48 0037 C183 D669 		.string	"\301\203\326i\314\r+\0160\266230\374g\002\233\304\300\270\234Q\023\250j\367\321m\315\214\
  48      CC0D 2B0E 
  48      30B6 3233 
  48      30FC 6702 
  48      9BC4 C0B8 
  49 00af 69E6 578C 		.string	"i\346W\214L \245`W|`b\004\211\001Uh\344d&\351\347\224\246%\352\373\204\2729\352\273\024e\
  49      4C20 A560 
  49      577C 6062 
  49      0489 0155 
  49      68E4 6426 
  50 00ed 2E7B 4C22 		.ascii	".{L\""
  51               		.text
  52               		.section	.gnu.lto_USB_Event_Stub_3.36680f9836a707df,"",@progbits
  53 0000 789C 6361 		.string	"x\234ca`d"
  53      6064 00
  54 0007 81D7 406C 		.string	"\201\327@l"
  54      00
  55 000c C4D2 40CC 		.string	"\304\322@\314\310\314\300\3104\341\034\003C#\007\023##\210\321\300\301\310P\317\304X\317\
  55      C8CC C0C8 
  55      34E1 1C03 
  55      4323 0713 
  55      2323 88D1 
  56 0037 C183 A3D3 		.string	"\301\203\243\323\231\033V\034`lef`\370\317\0046\211\201q9\243&P\325\356\243\333\232\031\2
  56      991B 561C 
  56      606C 6566 
  56      60F8 CF04 
  56      3689 8171 
  57 007e 03E3 4A46 		.string	"\003\343JFu\240\332\357\255//\2630\353\201\365\255z\327\265\224\021\252\357>T\337*\f}\253
  57      75A0 DAEF 
  57      AD2F 2FB3 
  57      30EB 81F5 
  57      AD7A D7B5 
  58 00c6 6290 B73E 		.string	"b\220\267>21\201h\346W\214L \245`\327\177`b\004\211\001Uh\344d&\351\347\224\246%\352\373\
  58      3231 8168 
  58      E657 8C4C 
  58      20A5 60D7 
  58      7F60 6204 
  59 010e D341 5E38 		.ascii	"\323A^8"
  60               		.text
  61               		.section	.gnu.lto_.symbol_nodes.36680f9836a707df,"",@progbits
  62 0000 789C 55CE 		.ascii	"x\234U\316\271\r\2000\024\203a'\204\263\342\bg\207\304\236NM"
  62      B90D 8030 
  62      1483 6127 
  62      84B3 E208 
  62      6787 C49E 
  63 0016 C53C 48AC 		.ascii	"\305<H\254\300L\274\206\302n~\351\253\034\340\360\300\346\027"
  63      C04C BC86 
  63      C26E 7EE9 
  63      AB1C E0F0 
  63      C0E6 17
  64 0029 02D7 0B58 		.ascii	"\002\327\013X\356\264\033\264t?\234\3510\350\350\025zf\n\003"
  64      EEB4 1BB4 
  64      743F 9CE9 
  64      30E8 E815 
  64      7A66 0A03 
  65 003d 8342 64AE 		.ascii	"\203Bd\2560\262P\230X*\314\254\024V\326zlc#\200\017\233\234)"
  65      30B2 5098 
  65      582A CCAC 
  65      1456 D67A 
  65      6C63 2380 
  66 0055 6C        		.ascii	"l"
  67               		.text
  68               		.section	.gnu.lto_.refs.36680f9836a707df,"",@progbits
  69 0000 789C 15C4 		.string	"x\234\025\304\261\001"
  69      B101 00
  70 0007 2008 C0B0 		.string	" \b\300\260\"(\276\342\377\017J3\244\b\036\020\221\323\262\264\262m\307\332\356\304\007\r
  70      2228 BEE2 
  70      FF0F 4A33 
  70      A408 1E10 
  70      91D3 B2B4 
  71 0025 73        		.ascii	"s"
  72               		.text
  73               		.section	.gnu.lto_.decls.36680f9836a707df,"",@progbits
  74 0000 789C 9D95 		.string	"x\234\235\225kL\034U\024\307\347\314,\013\035\036\333\020\255$\256J\233\230\340\027\326\2
  74      6B4C 1C55 
  74      14C7 E7CC 
  74      2C0B 1D1E 
  74      DB10 AD24 
  75 00c5 1952 13C8 		.ascii	"\031R\023\310\220\030,\375\227=\222\302\363\221%\362P\rF\177"
  75      9018 2CFD 
  75      973D 92C2 
  75      F391 25F2 
  75      500D 467F 
  76 00d9 200F 5795 		.ascii	" \017W\225F\203HN5\026q\261\036>\272\212\316\263\344\243.\005"
  76      4683 484E 
  76      3516 71B1 
  76      1E3E BA8A 
  76      CEB3 E4A3 
  77 00ef 291E F183 		.ascii	")\036\361\203L\342\035X\342\366\212\013k7\007\312\356[?\257\252"
  77      4CE2 1D58 
  77      E2F6 8A0B 
  77      6B37 07CA 
  77      EE5B 3FAF 
  78 0104 E139 0C8E 		.ascii	"\3419\f\216\343\316\007+\367!\262R\304\226+\212\354kj\215&\372"
  78      E3CE 072B 
  78      F721 B252 
  78      C496 2B8A 
  78      EC6B 6A8D 
  79 011a 9B4B 43C2 		.ascii	"\233KC\302N\220\031\227(\206\003\304m\203]zx]\217\221\316B\030"
  79      4E90 1997 
  79      2886 03C4 
  79      6D83 5D7A 
  79      785D 8F91 
  80 0131 FE27 6824 		.ascii	"\376'h$e\361\337\305\245\334\016\2078\343\024\207\347+wf\211"
  80      65F1 DFC5 
  80      A5DC 0E87 
  80      38E3 1487 
  80      E72B 7766 
  81 0146 AE4C 5CC4 		.ascii	"\256L\\\304\022\025\234\001\016\312!\222\244\307!\371|\017\203"
  81      1215 9C01 
  81      0ECA 2192 
  81      A4C7 21F9 
  81      7C0F 83
  82 0159 C855 013B 		.ascii	"\310U\001;p\345\245\202\205\202`.\212\222\264\017MW\372q\037"
  82      70E5 A582 
  82      8582 602E 
  82      8A92 B40F 
  82      4D57 FA71 
  83 016e D2B1 B3E8 		.ascii	"\322\261\263\350IW\200\006\253^E\327\240ge(\363);\307B(\017!"
  83      4957 8006 
  83      AB5E 45D7 
  83      A067 6528 
  83      F329 3BC7 
  84 0186 68B6 AC2E 		.ascii	"h\266\254.\270t\222\311\242\331=\323v*\020\315\347x\330\212f"
  84      B874 92C9 
  84      A2D9 3DD3 
  84      762A 10CD 
  84      E778 D88A 
  85 019b 4DD9 CD0E 		.ascii	"M\331\315\016-\237C\320;E\221\017#\262s\240\007'\020\370Z\340"
  85      2D9F 43D0 
  85      3B45 910F 
  85      23B2 73A0 
  85      0727 10F8 
  86 01b1 F1DF A087 		.ascii	"\361\337\240\207\0324Q]\355\236\253\326J\261th\346\214d\367\360"
  86      1A34 515D 
  86      ED9E ABD6 
  86      4AB1 7468 
  86      E68C 64F7 
  87 01c6 52AC 4532 		.ascii	"R\254E2}k\261~9\2103\022.MQ\336\265\202@\210\320\003\006\003"
  87      7D6B B17E 
  87      3988 3312 
  87      2E4D 51DE 
  87      B582 4088 
  88 01de FEB4 5235 		.ascii	"\376\264R5\006.\002\017\347)+m\205\"&\237\311 n\034\007\320/"
  88      062E 020F 
  88      E729 2B6D 
  88      8522 269F 
  88      C920 6E1C 
  89 01f5 7A0E 8B2E 		.ascii	"z\016\213.\207\250\rc\344:\302\005\210\240S\f\324a\300\237$\234"
  89      87A8 0D63 
  89      E43A C205 
  89      88A0 530C 
  89      D461 C09F 
  90 020b 3977 7993 		.ascii	"9wy\223\177h\256\034\373M\240\261\177\304\371\037(\375%\bU\366"
  90      7F68 AE1C 
  90      FB4D A0B1 
  90      7FC4 F91F 
  90      28FD 2508 
  91 0221 40D4 A315 		.ascii	"@\324\243\025\025\356\220\355\311%b~8\235B\327\344\243\274\026"
  91      15EE 90ED 
  91      C925 627E 
  91      389D 42D7 
  91      E4A3 BC16 
  92 0235 1D16 8F81 		.ascii	"\035\026\217\201\313\260\235\212\312\033z\362\375\270tZ\332\307"
  92      CBB0 9D8A 
  92      CA1B 7AF2 
  92      FDB8 745A 
  92      DAC7 
  93 0247 05B5 19A4 		.ascii	"\005\265\031\244\262\365x0W@\003\325\240!\356\276\274\302\245"
  93      B2F5 7830 
  93      5740 03D5 
  93      A021 EEBE 
  93      BCC2 A5
  94 025a 103C 4387 		.ascii	"\020<C\207C\034^\312\026\316\177\227):\303\351AC\245r\204\360"
  94      431C 5ECA 
  94      16CE 7F97 
  94      293A C3E9 
  94      4143 A572 
  95 0270 33EA 2BE5 		.ascii	"3\352+\345]B\003=\301zw\361\005\236+\203\r\216\355_\361~\221"
  95      5D42 033D 
  95      C17A 77F1 
  95      059E 2B83 
  95      0D8E ED5F 
  96 0287 F1BC 919A 		.ascii	"\361\274\221\2320E\243\204\364\250E\374\214\227\220\\'zY\344"
  96      3045 A384 
  96      F4A8 45FC 
  96      8C97 905C 
  96      277A 59E4 
  97 029b A138 2E0F 		.ascii	"\2418.\017N3j]\nN\013\305\031Z>Z\245\345\0327\205s\335\007\316"
  97      4E33 6A5D 
  97      0A4E 0BC5 
  97      195A 3E5A 
  97      A5E5 1A37 
  98 02b4 AF98 E29A 		.ascii	"\257\230\342\232\204s\364\033G\205\202\223\257\342\\\365\340"
  98      8473 F41B 
  98      4785 8293 
  98      AFE2 5CF5 
  98      E0
  99 02c5 FC86 DAAB 		.ascii	"\374\206\332\253\nN+\305\031\277~#O\307\215l\n\347\206\017\234"
  99      0A4E 2BC5 
  99      19BF 7E23 
  99      4FC7 8D6C 
  99      0AE7 860F 
 100 02da 0E4C D12E 		.ascii	"\016L\321.\341,g\216\271\2652N\241\212\323\346\301\351Dm\233"
 100      E12C 678E 
 100      B9B5 324E 
 100      A18A D3E6 
 100      C1E9 446D 
 101 02ef 82D3 4571 		.ascii	"\202\323Eq\276\374\266\274\221\345\262\331\315\340\334\364\201"
 101      BEFC B6BC 
 101      91E5 B2D9 
 101      CDE0 DCF4 
 101      81
 102 0300 730B 53F4 		.ascii	"s\013S\364H89%\255%~2N\221\212\323\355\301\371\035\265\335\n"
 102      4838 3925 
 102      AD25 7E32 
 102      4E91 8AD3 
 102      EDC1 F91D 
 103 0317 4E2F C571 		.ascii	"N/\305q^>y\\\30396\2053\340\003g\020S\364K8\335\375c\r\312a\025"
 103      5E3E 795C 
 103      C339 3685 
 103      33E0 0367 
 103      1053 F44B 
 104 0333 AB38 7D1E 		.ascii	"\2538}\036\234!\324\366)8\267)N\311\221\036\247\216\253\333\024"
 104      9C21 D4F6 
 104      2938 B729 
 104      4EC9 911E 
 104      A78E ABDB 
 105 0348 CEB0 0F9C 		.ascii	"\316\260\017\234\021L\361\207\204Sw\3275\250\221q\234*\316\035"
 105      114C F187 
 105      8453 77D7 
 105      35A8 9171 
 105      9C2A CE1D 
 106 035c 0FCE 5DD4 		.ascii	"\017\316]\324\336Qp\356Q\034\307\027\363\253\301\\\307\246p\306"
 106      DE51 70EE 
 106      511C C717 
 106      F3AB C15C 
 106      C7A6 70C6 
 107 0370 7CE0 3CC0 		.ascii	"|\340<\300\024\367%\234\236\232\323g\203e\234Z\025g\324\203\363"
 107      14F7 259C 
 107      9E9A D367 
 107      8365 9C5A 
 107      1567 D483 
 108 0385 10B5 A30A 		.ascii	"\020\265\243\n\316\270\204\223=P\004\334\264\204S\2235Z\036\200"
 108      CEB8 8493 
 108      3D50 04DC 
 108      B484 5393 
 108      355A 1E80 
 109 0399 77A4 9E87 		.ascii	"w\244\236\207U \366\324\305\245`\311\246\367M\311\231\346`\356"
 109      5520 F6D4 
 109      C5A5 60C9 
 109      A6F7 4DC9 
 109      99E6 60EE 
 110 03ad 29D5 B217 		.ascii	")\325\262\027\036Nv\262\300G\370\270\377\376\304\373\017\227"
 110      1E4E 76B2 
 110      C047 F8B8 
 110      FFFE C4FB 
 110      0F97 
 111 03bf 909C 3085 		.ascii	"\220\2340\2057\334$\336p\364R\035>U\2301\222E\336\220Gx\371M"
 111      37DC 24DE 
 111      70F4 521D 
 111      3E55 9831 
 111      9245 DE90 
 112 03d7 AB6F 885E 		.ascii	"\253o\210^\276\366\026\247\272jX\272U\"H\240\273j\353n\376:p"
 112      BEF6 16A7 
 112      BA6A 58BA 
 112      5522 48A0 
 112      BB6A EB6E 
 113 03ee 8307 EB2F 		.ascii	"\203\007\353/\372`\315\200\374b=\231\236?\026\204\005p\222\027"
 113      FA60 CD80 
 113      FC62 3D99 
 113      9E3F 1684 
 113      0570 9217 
 114 0402 6B58 7DB1 		.ascii	"kX}\261P\006\023j\266\t\357\027\313M\313\32079U\352\317\225q"
 114      5006 136A 
 114      B609 EF17 
 114      CB4D CBD0 
 114      3739 55EA 
 115 0419 B011 C5D2 		.ascii	"\260\021\305\322\364\222;\310\343\233\223\n~\370H\373W~\033\240"
 115      F492 3BC8 
 115      E39B 930A 
 115      7EF8 48FB 
 115      577E 1BA0 
 116 042d 3DA6 68F3 		.ascii	"=\246h\363\n\332l}\343\200VBs]y^\374\024\227h\210\006fU\256Y"
 116      0ADA 6C7D 
 116      E380 5642 
 116      735D 795E 
 116      FC14 9768 
 117 0447 6FAE 05CA 		.ascii	"o\256\005\312\325\336\344h\367\343\345\032\347\376G\215a\021"
 117      D5DE E468 
 117      F7E3 E51A 
 117      E7FE 478D 
 117      6111 
 118 0459 9F8F 90D8 		.ascii	"\237\217\220\330\230\267\343\367\244\013f[|\214\315\236\020\360"
 118      98B7 E3F7 
 118      A40B 665B 
 118      7C8C CD9E 
 118      10F0 
 119 046b CEBE D8F0 		.ascii	"\316\276\330\360\250\335\273\231\210TS\202!\325\236l4\274\033"
 119      A8DD BB99 
 119      8854 5382 
 119      21D5 9E6C 
 119      34BC 1B
 120 047e BBF7 2D43 		.ascii	"\273\367-C\264\305\224.X\254\006T\033\242\322,\202\201.\261F"
 120      B4C5 942E 
 120      58AC 0654 
 120      1BA2 D22C 
 120      8281 2EB1 
 121 0493 2632 617B 		.ascii	"&2a{\342\366\354{?\236\204\211\026\322M\211B|T\232\331,$\332"
 121      E2F6 EC7B 
 121      3F9E 8489 
 121      16D2 4D89 
 121      427C 549A 
 122 04ab 349F 08C6 		.ascii	"4\237\b\306\203\232\304\024\243E\2676\007\343gL5\031\255\377"
 122      839A C414 
 122      A345 B736 
 122      07E3 674C 
 122      3519 ADFF 
 123 04bf 3343 0AF3 		.ascii	"3C\n\363\342\272\f\321&k\242\224\344\025_\331m\226\264\324\375"
 123      E2BA 0CD1 
 123      266B A294 
 123      E415 5FD9 
 123      6D96 B4D4 
 124 04d4 C2C7 76C1 		.ascii	"\302\307v\301j{\325\327|\262\351\200\335b\264\231\322\314Q)F"
 124      6A7B D5D7 
 124      7CB2 E980 
 124      DD62 B499 
 124      D2CC 5129 
 125 04e9 F301 2169 		.ascii	"\363\001!i\375\036b\354\326C\2029\351\205u\023\037\030\017\n"
 125      FD1E 62EC 
 125      D643 8239 
 125      E985 7513 
 125      1F18 0F0A 
 126 04fd B187 B6AD 		.ascii	"\261\207\266\255\363\357\027\254\202\355\245\365qlF\213\355\275"
 126      F3EF 17AC 
 126      82ED A5F5 
 126      716C 468B 
 126      EDBD 
 127 050f E4BD 16E3 		.ascii	"\344\275\026\343G\302\326\265e\210\337\351o7\231mo\304\333^6"
 127      47C2 D6B5 
 127      6588 DFE9 
 127      6F37 996D 
 127      6FC4 DB5E 
 128 0524 D8AD 1603 		.ascii	"\330\255\026\003)\2071\335b0\231\023S\355I\202\301jK\302i\334"
 128      2987 31DD 
 128      6230 9913 
 128      53ED 4982 
 128      C16A 4BC2 
 129 053a FFB3 EB76 		.ascii	"\377\263\353v\375\0038\222F\330"
 129      FD03 3892 
 129      46D8 
 130               		.text
 131               		.section	.gnu.lto_.symtab.36680f9836a707df,"",@progbits
 132 0000 5553 425F 		.string	"USB_Event_Stub"
 132      4576 656E 
 132      745F 5374 
 132      7562 00
 133 000f 00        		.string	""
 134 0010 00        		.string	""
 135 0011 00        		.string	""
 136 0012 00        		.string	""
 137 0013 00        		.string	""
 138 0014 00        		.string	""
 139 0015 00        		.string	""
 140 0016 00        		.string	""
 141 0017 00        		.string	""
 142 0018 00        		.string	""
 143 0019 00        		.string	""
 144 001a AB00      		.string	"\253"
 145 001c 00        		.string	""
 146 001d 00        		.string	""
 147 001e 4556 454E 		.string	"EVENT_USB_Device_Connect"
 147      545F 5553 
 147      425F 4465 
 147      7669 6365 
 147      5F43 6F6E 
 148 0037 00        		.string	""
 149 0038 01        		.ascii	"\001"
 150 0039 00        		.string	""
 151 003a 00        		.string	""
 152 003b 00        		.string	""
 153 003c 00        		.string	""
 154 003d 00        		.string	""
 155 003e 00        		.string	""
 156 003f 00        		.string	""
 157 0040 00        		.string	""
 158 0041 00        		.string	""
 159 0042 BF00      		.string	"\277"
 160 0044 00        		.string	""
 161 0045 00        		.string	""
 162 0046 4556 454E 		.string	"EVENT_USB_Device_Disconnect"
 162      545F 5553 
 162      425F 4465 
 162      7669 6365 
 162      5F44 6973 
 163 0062 00        		.string	""
 164 0063 01        		.ascii	"\001"
 165 0064 00        		.string	""
 166 0065 00        		.string	""
 167 0066 00        		.string	""
 168 0067 00        		.string	""
 169 0068 00        		.string	""
 170 0069 00        		.string	""
 171 006a 00        		.string	""
 172 006b 00        		.string	""
 173 006c 00        		.string	""
 174 006d C500      		.string	"\305"
 175 006f 00        		.string	""
 176 0070 00        		.string	""
 177 0071 4556 454E 		.string	"EVENT_USB_Device_ControlRequest"
 177      545F 5553 
 177      425F 4465 
 177      7669 6365 
 177      5F43 6F6E 
 178 0091 00        		.string	""
 179 0092 01        		.ascii	"\001"
 180 0093 00        		.string	""
 181 0094 00        		.string	""
 182 0095 00        		.string	""
 183 0096 00        		.string	""
 184 0097 00        		.string	""
 185 0098 00        		.string	""
 186 0099 00        		.string	""
 187 009a 00        		.string	""
 188 009b 00        		.string	""
 189 009c CB00      		.string	"\313"
 190 009e 00        		.string	""
 191 009f 00        		.string	""
 192 00a0 4556 454E 		.string	"EVENT_USB_Device_ConfigurationChanged"
 192      545F 5553 
 192      425F 4465 
 192      7669 6365 
 192      5F43 6F6E 
 193 00c6 00        		.string	""
 194 00c7 01        		.ascii	"\001"
 195 00c8 00        		.string	""
 196 00c9 00        		.string	""
 197 00ca 00        		.string	""
 198 00cb 00        		.string	""
 199 00cc 00        		.string	""
 200 00cd 00        		.string	""
 201 00ce 00        		.string	""
 202 00cf 00        		.string	""
 203 00d0 00        		.string	""
 204 00d1 D100      		.string	"\321"
 205 00d3 00        		.string	""
 206 00d4 00        		.string	""
 207 00d5 4556 454E 		.string	"EVENT_USB_Device_Suspend"
 207      545F 5553 
 207      425F 4465 
 207      7669 6365 
 207      5F53 7573 
 208 00ee 00        		.string	""
 209 00ef 01        		.ascii	"\001"
 210 00f0 00        		.string	""
 211 00f1 00        		.string	""
 212 00f2 00        		.string	""
 213 00f3 00        		.string	""
 214 00f4 00        		.string	""
 215 00f5 00        		.string	""
 216 00f6 00        		.string	""
 217 00f7 00        		.string	""
 218 00f8 00        		.string	""
 219 00f9 D700      		.string	"\327"
 220 00fb 00        		.string	""
 221 00fc 00        		.string	""
 222 00fd 4556 454E 		.string	"EVENT_USB_Device_WakeUp"
 222      545F 5553 
 222      425F 4465 
 222      7669 6365 
 222      5F57 616B 
 223 0115 00        		.string	""
 224 0116 01        		.ascii	"\001"
 225 0117 00        		.string	""
 226 0118 00        		.string	""
 227 0119 00        		.string	""
 228 011a 00        		.string	""
 229 011b 00        		.string	""
 230 011c 00        		.string	""
 231 011d 00        		.string	""
 232 011e 00        		.string	""
 233 011f 00        		.string	""
 234 0120 DD00      		.string	"\335"
 235 0122 00        		.string	""
 236 0123 00        		.string	""
 237 0124 4556 454E 		.string	"EVENT_USB_Device_Reset"
 237      545F 5553 
 237      425F 4465 
 237      7669 6365 
 237      5F52 6573 
 238 013b 00        		.string	""
 239 013c 01        		.ascii	"\001"
 240 013d 00        		.string	""
 241 013e 00        		.string	""
 242 013f 00        		.string	""
 243 0140 00        		.string	""
 244 0141 00        		.string	""
 245 0142 00        		.string	""
 246 0143 00        		.string	""
 247 0144 00        		.string	""
 248 0145 00        		.string	""
 249 0146 E300      		.string	"\343"
 250 0148 00        		.string	""
 251 0149 00        		.string	""
 252 014a 4556 454E 		.string	"EVENT_USB_Device_StartOfFrame"
 252      545F 5553 
 252      425F 4465 
 252      7669 6365 
 252      5F53 7461 
 253 0168 00        		.string	""
 254 0169 01        		.ascii	"\001"
 255 016a 00        		.string	""
 256 016b 00        		.string	""
 257 016c 00        		.string	""
 258 016d 00        		.string	""
 259 016e 00        		.string	""
 260 016f 00        		.string	""
 261 0170 00        		.string	""
 262 0171 00        		.string	""
 263 0172 00        		.string	""
 264 0173 E900      		.string	"\351"
 265 0175 00        		.string	""
 266 0176 00        		.string	""
 267 0177 5553 425F 		.string	"USB_Event_Stub_2"
 267      4576 656E 
 267      745F 5374 
 267      7562 5F32 
 267      00
 268 0188 00        		.string	""
 269 0189 00        		.string	""
 270 018a 00        		.string	""
 271 018b 00        		.string	""
 272 018c 00        		.string	""
 273 018d 00        		.string	""
 274 018e 00        		.string	""
 275 018f 00        		.string	""
 276 0190 00        		.string	""
 277 0191 00        		.string	""
 278 0192 00        		.string	""
 279 0193 F200      		.string	"\362"
 280 0195 00        		.string	""
 281 0196 00        		.string	""
 282 0197 5553 425F 		.string	"USB_Event_Stub_3"
 282      4576 656E 
 282      745F 5374 
 282      7562 5F33 
 282      00
 283 01a8 00        		.string	""
 284 01a9 00        		.string	""
 285 01aa 00        		.string	""
 286 01ab 00        		.string	""
 287 01ac 00        		.string	""
 288 01ad 00        		.string	""
 289 01ae 00        		.string	""
 290 01af 00        		.string	""
 291 01b0 00        		.string	""
 292 01b1 00        		.string	""
 293 01b2 00        		.string	""
 294 01b3 F700      		.string	"\367"
 295 01b5 00        		.string	""
 296 01b6 00        		.string	""
 297               		.text
 298               		.section	.gnu.lto_.opts,"",@progbits
 299 0000 272D 666D 		.ascii	"'-fmath-errno' '-fsigned-zeros' '-ftrapping-math' '-fno-trap"
 299      6174 682D 
 299      6572 726E 
 299      6F27 2027 
 299      2D66 7369 
 300 003c 7627 2027 		.ascii	"v' '-fno"
 300      2D66 6E6F 
 301 0044 2D6F 7065 		.string	"-openmp' '-fno-openacc' '-mn-flash=1' '-mno-skip-bug' '-mmcu=avr5' '-gdwarf-2' '-Os' '-We
 301      6E6D 7027 
 301      2027 2D66 
 301      6E6F 2D6F 
 301      7065 6E61 
 302               		.text
 303               		.comm	__gnu_lto_v1,1,1
 304               		.comm	__gnu_lto_slim,1,1
 305               		.ident	"GCC: (GNU) 5.4.0"
DEFINED SYMBOLS
                            *ABS*:0000000000000000 Events.c
     /tmp/ccOw5SQR.s:2      *ABS*:000000000000003e __SP_H__
     /tmp/ccOw5SQR.s:3      *ABS*:000000000000003d __SP_L__
     /tmp/ccOw5SQR.s:4      *ABS*:000000000000003f __SREG__
     /tmp/ccOw5SQR.s:5      *ABS*:0000000000000000 __tmp_reg__
     /tmp/ccOw5SQR.s:6      *ABS*:0000000000000001 __zero_reg__
                            *COM*:0000000000000001 __gnu_lto_v1
                            *COM*:0000000000000001 __gnu_lto_slim

NO UNDEFINED SYMBOLS
