   1               		.file	"USBTask.c"
   2               	__SP_H__ = 0x3e
   3               	__SP_L__ = 0x3d
   4               	__SREG__ = 0x3f
   5               	__tmp_reg__ = 0
   6               	__zero_reg__ = 1
   7               		.text
   8               	.Ltext0:
   9               		.section	.gnu.lto_.profile.d4b6c99aba60ca56,"",@progbits
  10 0000 789C 6361 		.string	"x\234ca`d`a`"
  10      6064 6061 
  10      6000 
  11 000a 929A A200 		.string	"\222\232\242"
  12 000e 00        		.string	""
  13 000f D100      		.string	"\321"
  14 0011 49        		.ascii	"I"
  15               		.text
  16               		.section	.gnu.lto_.icf.d4b6c99aba60ca56,"",@progbits
  17 0000 789C 6361 		.string	"x\234ca`d"
  17      6064 00
  18 0007 0111 0604 		.string	"\001\021\006\004`fX\272y\342Zv\246\343\267w>bc\356\377\373\3769/\003"
  18      6066 58BA 
  18      79E2 5A76 
  18      A6E3 B777 
  18      3E62 63EE 
  19 0022 5FDA 0971 		.ascii	"_\332\tq"
  20               		.text
  21               		.section	.gnu.lto_.jmpfuncs.d4b6c99aba60ca56,"",@progbits
  22 0000 789C 6361 		.string	"x\234ca`d"
  22      6064 00
  23 0007 012E 0604 		.string	"\001.\006\004`\202\023"
  23      6082 1300 
  24 000f 01AC 00   		.string	"\001\254"
  25 0012 14        		.ascii	"\024"
  26               		.text
  27               		.section	.gnu.lto_.inline.d4b6c99aba60ca56,"",@progbits
  28 0000 789C 6361 		.string	"x\234ca`d"
  28      6064 00
  29 0007 0123 0604 		.string	"\001#\006\004`b`\020\345gd`RZ\261\205\221\201m\201<\023H\220\221\013,\303\302\303\b\222G\
  29      6062 6010 
  29      E567 6460 
  29      525A B185 
  29      9181 6D81 
  30 002b 00        		.string	""
  31 002c 7AFB 0399 		.ascii	"z\373\003\231"
  32               		.text
  33               		.section	.gnu.lto_.pureconst.d4b6c99aba60ca56,"",@progbits
  34 0000 789C 6361 		.string	"x\234ca`d`e```b\220b\222"
  34      6064 6065 
  34      6060 6062 
  34      9062 9200 
  35 0010 00        		.string	""
  36 0011 00        		.string	""
  37 0012 ED00      		.string	"\355"
  38 0014 41        		.ascii	"A"
  39               		.text
  40               		.section	.gnu.lto_USB_DeviceTask.d4b6c99aba60ca56,"",@progbits
  41 0000 789C 9554 		.string	"x\234\225T]lTU\020>s\316\375\353v\357\266$\006_6\246<4\246\211\3315\341\001c\214I\375\341
  41      5D6C 5455 
  41      103E 73CE 
  41      FDEB 76EF 
  41      B624 065F 
  42 0097 531B 99DC 		.string	"S\033\231\334\312-E\265\235Y\201j\013l\255\266\301\321\007\007\200\016\322\001\326\306\20
  42      CA2D 45B5 
  42      9D59 816A 
  42      0B6C ADB6 
  42      C1D1 0707 
  43 00f4 3804 02DD 		.string	"8\004\002\335`y\024\236\216*g\264\235<\372`\257k%)|\r|\001\265:0|\t\026U\335\267\306\227\
  43      6079 149E 
  43      8E2A 67B4 
  43      9D3C FA60 
  43      AF6B 2529 
  44 01ac 1413 450E 		.ascii	"\024\023E\016\345T1\350\003\013\263\035\241\f\026\276\274"
  44      E554 31E8 
  44      030B B31D 
  44      A10C 16BE 
  44      BC
  45 01bd D23F B29F 		.string	"\322?\262\237k\334\323\200\367\235\023\371\337\\B\230\f\020\036\205h\200\360[B8\005\035\2
  45      6BDC D380 
  45      F79D 13F9 
  45      DF5C 4298 
  45      0C10 1E85 
  46 02be BE0A AA5B 		.string	"\276\n\252[9zg\354\335\362\254\303\rAFcq\306\001\225\321'\212\034|9\330\333\225\213\350f\
  46      397A 67EC 
  46      DDF2 ACC3 
  46      0D41 4663 
  46      71C6 0195 
  47 0310 E720 2AF6 		.string	"\347 *\366}po\002J\371\244u\031\204\250A\253e\261iW\334"
  47      7D70 6F02 
  47      4AF9 A475 
  47      1984 A841 
  47      AB65 B169 
  48 0327 6FFC 97EB 		.ascii	"o\374\227\3535\024o\3612\333E\234\r\006C\320\206\237\006G\355"
  48      3514 6FF1 
  48      32DB 459C 
  48      0D06 43D0 
  48      869F 0647 
  49 033c A34D B382 		.ascii	"\243M\263\202]\257\376_]\035\206Z\034\030U[\347\350\257{\336"
  49      5DAF FE5F 
  49      5D1D 865A 
  49      1C18 555B 
  49      E7E8 AF7B 
  50 0351 29E3 F3FC 		.ascii	")\343\363\374\317\313\310\344\277\273\370\243\342\364'\252\331"
  50      CFCB C8E4 
  50      BFBB F8A3 
  50      E2F4 27AA 
  50      D9
  51 0362 C440 A56B 		.ascii	"\304@\245kg\342\332\215\224N\b\231=\274\331\347\221g\f\244\352"
  51      67E2 DA8D 
  51      944E 0899 
  51      3DBC D9E7 
  51      9167 0CA4 
  52 0377 71D4 372E 		.ascii	"q\3247.O\005\005K\001\244\301o`\335\206\3467\343\033\266\256"
  52      4F05 054B 
  52      01A4 C16F 
  52      60DD 86E6 
  52      37E3 1BB6 
  53 038c 6B88 AF5A 		.ascii	"k\210\257Z\273\262>\376R\242\271\265)\321\022_\373\312\013\361"
  53      BBB2 3EFE 
  53      52A2 B9B5 
  53      29D1 125F 
  53      FBCA 0BF1 
  54 03a0 1737 259A 		.ascii	"\0277%\232\350\360jC\313\372\330[,\274:\321\324\372\362\306\306"
  54      E8F0 6A43 
  54      CBFA D85B 
  54      2CBC 3AD1 
  54      D4FA F2C6 
  55 03b5 CD9B 9A37 		.ascii	"\315\233\2327ny\356\021n\365\257\255y&\036\213\351\347\234\323"
  55      6E79 EE11 
  55      6EF5 AFAD 
  55      7926 1E8B 
  55      E9E7 9CD3 
  56 03c9 1B74 8BBD 		.ascii	"\033t\213\275\315\354\372\306\306DSK\313?@T&\034"
  56      CDEC FAC6 
  56      C644 534B 
  56      CB3F 4054 
  56      261C 
  57               		.text
  58               		.section	.gnu.lto_USB_USBTask.d4b6c99aba60ca56,"",@progbits
  59 0000 789C 6361 		.string	"x\234ca`d"
  59      6064 00
  60 0007 8195 40AC 		.string	"\201\225@\254\r\304\322@\314\310\314\300\3104\341\034\003C#\007\023##\210\321\300\301\310
  60      0DC4 D240 
  60      CCC8 CCC0 
  60      C834 E11C 
  60      0343 2307 
  61 0037 C183 A3D3 		.string	"\301\203\243\323\231\033V\034`lef`\370\317\0046\211\201q9\243&\003P\331\243\215\377\246\3
  61      991B 561C 
  61      606C 6566 
  61      60F8 CF04 
  61      3689 8171 
  62 0075 4A82 ACF9 		.string	"J\202\254\371\310\304\004\242\231_06\037\370\310\013R\r2g\347\3167\267\331\353\3776t44\b\
  62      C8C4 04A2 
  62      995F 3036 
  62      1FF8 C80B 
  62      520D 3267 
  63 00df 00        		.string	""
  64 00e0 DBE8 4BAF 		.ascii	"\333\350K\257"
  65               		.text
  66               		.section	.gnu.lto_.symbol_nodes.d4b6c99aba60ca56,"",@progbits
  67 0000 789C 35CA 		.ascii	"x\2345\312\275\021@@\024E\341\363\336\332\006T@o\372\330g\206"
  67      BD11 4040 
  67      1445 E1F3 
  67      DEDA 0654 
  67      406F FAD8 
  68 0016 48A2 05BA 		.ascii	"H\242\005\272\240\b\231\337H\021b\303\232q\223\033|'A(x\247;"
  68      A008 99DF 
  68      4811 62C3 
  68      9A71 931B 
  68      7C27 4128 
  69 002d 01DA 8978 		.ascii	"\001\332\211x\203u\346\300\257P\247\0217\202\3748Z\376\322\202"
  69      8375 E6C0 
  69      AF50 A711 
  69      3782 FC38 
  69      5AFE D282 
  70 0041 9491 FC8C 		.ascii	"\224\221\374\214~\215\034\004\375\0320\313\300\341\251\232K\235"
  70      7E8D 1C04 
  70      FD1A 30CB 
  70      C0E1 A99A 
  70      4B9D 
  71 0053 427F DEC2 		.ascii	"B\177\336\302\003\273\202\027R"
  71      03BB 8217 
  71      52
  72               		.text
  73               		.section	.gnu.lto_.refs.d4b6c99aba60ca56,"",@progbits
  74 0000 789C 6361 		.string	"x\234ca`d`c`"
  74      6064 6063 
  74      6000 
  75 000a 920C 8C8C 		.string	"\222\f\214\214\f"
  75      0C00 
  76 0010 00        		.string	""
  77 0011 9900      		.string	"\231"
  78 0013 0F        		.ascii	"\017"
  79               		.text
  80               		.section	.gnu.lto_.decls.d4b6c99aba60ca56,"",@progbits
  81 0000 789C 8D56 		.string	"x\234\215VkLTG\024\276\347\336\025w//_\255$\305\306\030M\360\017\253i\322h\332\244>\360\2
  81      6B4C 5447 
  81      14BE E7DE 
  81      1577 2F2F 
  81      5FAD 24C5 
  82 00cf 7C1F A05D 		.string	"|\037\240]\246\002\355R\205g\277\312\210\354\341\377(.JW\005c\177\240t\373}\215\201\310\2
  82      A602 ED52 
  82      8567 BFCA 
  82      88EC E1FF 
  82      282E 4A57 
  83 0107 1706 0607 		.string	"\027\006\006\007\276\350\237e\355|\256\023\020\034\373\265\017\337\335\207\350\002\202m3!
  83      BEE8 9F65 
  83      ED7C AE13 
  83      101C FBB5 
  83      0FDF DD87 
  84 0132 F19F C217 		.ascii	"\361\237\302\027\2210\005\267\020\016C\004\376&hd\317\262\342"
  84      9130 05B7 
  84      100E 4304 
  84      FE26 6864 
  84      CFB2 E2
  85 0145 FAE2 D009 		.ascii	"\372\342\320\t.\342q\023oo\317\212:Bv\020:\003\275\340 \bp\b"
  85      2EE2 7113 
  85      6F6F CF8A 
  85      3A42 7610 
  85      3A03 BDE0 
  86 015d A2E9 F2D8 		.ascii	"\242\351\362\330\245\237\003\320\212\274\362a\002\316\374\367"
  86      A59F 03D0 
  86      8ABC F261 
  86      02CE FCF7 
  87 016d C19D 733A 		.ascii	"\301\235s:!\2061\271\360{A\213\006Q\\n\342\251h\341\211\0331"
  87      2186 31B9 
  87      F07B 418B 
  87      0651 5C6E 
  87      E2A9 68E1 
  88 0184 6630 8C02 		.ascii	"f0\214\002\025\243 \020\243\220a\354/\254p\363\302b\206qz\313"
  88      15A3 2010 
  88      A390 61EC 
  88      2FAC 70F3 
  88      C262 8671 
  89 019a F394 10C4 		.ascii	"\363\224\020\304\360\022\342mX\277pkN\212g\nc\013GT\214#\f\003"
  89      F012 E26D 
  89      58BF 706B 
  89      4E8A 670A 
  89      630B 4754 
  90 01b2 3B45 6C7E 		.ascii	";El~J\376\261f\215P\b\f\240(\255\375\220\266\207\207H\021\372"
  90      4AFE B166 
  90      8D50 080C 
  90      A028 ADFD 
  90      90B6 8787 
  91 01c9 81EA 9D27 		.ascii	"\201\352\235'\337\204\312:5\037\332w\2602T\250`\276|\311\243"
  91      DF84 CA3A 
  91      351F DA77 
  91      B032 54A8 
  91      60BE 7CC9 
  92 01de 8E5A 1EC4 		.ascii	"\216Z\036\304\250\r\204\254!\036\027\t\212\340\224\004\301\t"
  92      A80D 84AC 
  92      211E 1709 
  92      8AE0 9404 
  92      C109 
  93 01f0 88A2 53E8 		.ascii	"\210\242S\350\202P\f\221p\024\"\271<\232I\357"
  93      8250 0C91 
  93      7014 22B9 
  93      3C9A 49EF 
  94 0200 AE8C 5FDA 		.string	"\256\214_\332\3220\321p\034D8\246\222\212\024\345\\\326Tw\027\205\211\b\231\372\021\220\3
  94      D230 D170 
  94      1C44 38A6 
  94      928A 14E5 
  94      5CD6 5477 
  95 0301 97D8 B1C1 		.string	"\227\330\261\301\221\227o:\232B\204\002f\036\236~\253hW\bL\244-jt6\345\342miXv75\205\270\
  95      9197 6F3A 
  95      9A42 8402 
  95      661E 9E7E 
  95      AB68 5708 
  96 03c0 6CE5 A603 		.string	"l\345\246\0035\251Ax\203\\X6z\335\266\255X\275f0\3472\345\006)+\343\2342v\207\032\331\035
  96      35A9 4178 
  96      835C 5836 
  96      7ADD B6AD 
  96      58BD 6630 
  97 0458 11F9 E3DF 		.ascii	"\021\371\343\337\006\345\tP\213\021\007\267\001\357\036\334A"
  97      06E5 0950 
  97      8B11 07B7 
  97      01EF 1EDC 
  97      41
  98 0469 B3D7 479B 		.ascii	"\263\327G\233\324\001\033fJ\3677\254O\177\220\300)o\356u]\310"
  98      D401 1B66 
  98      4AF7 37AC 
  98      4F7F 90C0 
  98      296F EE75 
  99 047f 46FF 4D65 		.ascii	"F\377Me\005\312w\3048h\203\020V\217\361Ksy\336ue\230\250\024"
  99      05CA 77C4 
  99      3868 8310 
  99      568F F14B 
  99      7379 DE75 
 100 0497 D5CD 1FA8 		.ascii	"\325\315\037\250\200p\227-\260\343P\371\006>p\001Z\362\325\005"
 100      8070 972D 
 100      B0E3 50F9 
 100      063E 7001 
 100      5AF2 D505 
 101 04ab EE29 0BDC 		.ascii	"\356)\013\334c\013\270\272\353/\206\013Y\362\316\035.\334\353"
 101      630B B8BA 
 101      EB2F 860B 
 101      59F2 CE1D 
 101      2EDC EB
 102 04be 0E13 4A64 		.ascii	"\016\023Jd%\375\334\371\335A\364\256\337\367\335\365u\255)\331"
 102      25FD DCF9 
 102      DD41 F4AE 
 102      DFF7 DDF5 
 102      75AD 29D9 
 103 04d2 8250 299B 		.ascii	"\202P)\233\217\377Z_\306\314\017}\346\376\232\266>m\340\033I"
 103      8FFF 5A5F 
 103      C6CC 0F7D 
 103      E6FE 9AB6 
 103      3E6D E01B 
 104 04e7 6F1B A30B 		.ascii	"o\033\243\013\217\350\341\177<\340\235,\256\250y\024\256\274"
 104      8FE8 E17F 
 104      3CE0 9D2C 
 104      AEA8 7914 
 104      AEBC 
 105 04f9 9377 F6FE 		.ascii	"\223w\366\376\234s \205>r\256\371@\375\240\335w6\341\001\036"
 105      9C73 2085 
 105      3E72 AEF9 
 105      40FD A0DD 
 105      7736 E101 
 106 050e F1F6 C087 		.ascii	"\361\366\300\207\356\t{\250r7eT\205\n\231\232!\250\036n\274\226"
 106      EE09 7BA8 
 106      7237 6554 
 106      850A 999A 
 106      21A8 1E6E 
 107 0524 A693 D13D 		.ascii	"\246\223\321=\247\257\262\367\323u\211g\320\035~\350N\204\356"
 107      A7AF B2F7 
 107      D375 8967 
 107      D01D 7EE8 
 107      4E84 EE
 108 0537 0884 EE62 		.ascii	"\b\204\356b\320\027\2366v\004\t\305CA\277\356\254+\342q\204c"
 108      D017 9E36 
 108      7604 09C5 
 108      4341 BFEE 
 108      AC2B E271 
 109 054d F161 3838 		.ascii	"\361a88v\271\27623x\210\177\017\236\263\260\273A\211\373\340"
 109      76B9 BE32 
 109      3378 887F 
 109      0F9E B3B0 
 109      BB41 89FB 
 110 0562 C6BC 7D82 		.ascii	"\306\274}\202\302\254\264~l\032\276Q\204\374!R7x\352\247\366"
 110      C2AC B47E 
 110      6C1A BE51 
 110      84FC 2152 
 110      3778 EAA7 
 111 0577 0CA9 3D0D 		.ascii	"\f\251=\r\244\366\202Q+\312N-\321\n\325CQ{\177O\272\257\277\256"
 111      A4F6 8251 
 111      2BCA 4E2D 
 111      D10A D543 
 111      517B 7F4F 
 112 058f E203 89D1 		.ascii	"\342\003\211\321\353#\357I/\335\223W\003\366\304\365n_U\260\302"
 112      EB23 EF49 
 112      2FDD 9357 
 112      03F6 C4F5 
 112      6E5F 55B0 
 113 05a4 ADBC D59F 		.ascii	"\255\274\325\2375t\202\227~j=H\355e \265>\230\300\205\305\305"
 113      3574 8297 
 113      7E6A 3D48 
 113      ED65 20B5 
 113      3E98 C085 
 114 05ba CE32 C448 		.ascii	"\3162\304H\253\314\211\322R\243}\205v\336\267q\343gO\237\316"
 114      ABCC 89D2 
 114      52A3 7D85 
 114      76DE B771 
 114      E367 4F9F 
 115 05cf 4DB6 9813 		.ascii	"M\266\230\023\364\026\3472\243~a\334\334\231\372\030\233y\225"
 115      F416 E732 
 115      A37E 61DC 
 115      DC99 FA18 
 115      9B79 95
 116 05e2 64B3 EBD1 		.ascii	"d\263\353\321[?;\311&\321\016\365\217N\344\202)\202\242\216W"
 116      5B3F 3BC9 
 116      26D1 0EF5 
 116      8F4E E482 
 116      2982 A28E 
 117 05f7 D10C 8B6D 		.ascii	"\321\f\213mI\211\222\335>;\311\352\260%Y\226H?8%\273\343\253"
 117      4989 92DD 
 117      3E3B C9EA 
 117      B025 5996 
 117      483F 3825 
 118 060e 0FC0 CE8C 		.ascii	"\017\300\316\214_2M\037\035\255\2271b\035F\253\311h3\341\344"
 118      5F32 4D1F 
 118      1DAD 9731 
 118      621D 46AB 
 118      C968 33E1 
 119 0623 E8E5 5CB8 		.ascii	"\350\345\\\270\n\216\006\2074\334i\266:\246\031\034\237\353\235"
 119      0A8E 0687 
 119      34DC 69B6 
 119      3AA6 191C 
 119      9FEB 9D
 120 0636 769B 9E02 		.ascii	"v\233\236\002\033W\331\364fk\242\305i\222\364v\207\t\3158m\024"
 120      1B57 D9F4 
 120      666B A2C5 
 120      6992 F476 
 120      8709 CD38 
 121 064c 9D36 9045 		.ascii	"\2356\220EP\362\002\253I\372QK\001\246~i@=\336hqJ\332\004\305"
 121      50F2 02AB 
 121      49FA 514B 
 121      01A6 7E69 
 121      403D DE68 
 122 0665 1E9A F0BD 		.ascii	"\036\232\360\275\322[\272z\245\024\264\322\230\270B2\rO^(Y\277"
 122      D25B BA7A 
 122      A514 B4D2 
 122      98B8 4232 
 122      0D4F 5E28 
 123 067b 732C 9FF6 		.ascii	"s,\237\366\221!\304:L\001 Hd\f%\242\f\031\346KF\223d38F\322\301"
 123      9121 C43A 
 123      4C01 2048 
 123      640C 25A2 
 123      0C19 E64B 
 124 0697 05F6 0556 		.ascii	"\005\366\005V\263\303l\264\230\177\222L\303\f\263\222\222,\237"
 124      B3C3 6CB4 
 124      987F 924C 
 124      C30C B392 
 124      922C 9F
 125 06aa CDB1 9A56 		.ascii	"\315\261\232V&!?\303<\3111\333i\263IV\207o(\324hI6\256\266\033"
 125      2621 3FC3 
 125      3CC9 31DB 
 125      69B3 4956 
 125      876F 28D4 
 126 06c4 CC56 8BD9 		.ascii	"\314V\213\331*\215J6\332\254\006\247\325i\227L\006\233dwZ\034"
 126      2A8D 4A36 
 126      DAAC 06A7 
 126      D569 974C 
 126      069B 6477 
 127 06da 5F7F 2445 		.ascii	"_\177$E\366\365/D5\2449.pe_?\306l\223\022\035\346$\353X\2775"
 127      F6F5 2F44 
 127      35A4 392E 
 127      7065 5F3F 
 127      C66C 9312 
 128 06f5 56B2 E090 		.ascii	"V\262\340\220O\215\360\217/\260\307\316Y\032\267x\211\224(\341"
 128      4F8D F08F 
 128      2FB0 C7CE 
 128      591A B778 
 128      8994 28E1 
 129 0709 B2A6 FF01 		.ascii	"\262\246\377\001\303\036\333\353"
 129      C31E DBEB 
 130               		.text
 131               		.section	.gnu.lto_.symtab.d4b6c99aba60ca56,"",@progbits
 132 0000 5553 425F 		.string	"USB_DeviceState"
 132      4465 7669 
 132      6365 5374 
 132      6174 6500 
 133 0010 00        		.string	""
 134 0011 04        		.ascii	"\004"
 135 0012 00        		.string	""
 136 0013 0100      		.string	"\001"
 137 0015 00        		.string	""
 138 0016 00        		.string	""
 139 0017 00        		.string	""
 140 0018 00        		.string	""
 141 0019 00        		.string	""
 142 001a 00        		.string	""
 143 001b B700      		.string	"\267"
 144 001d 00        		.string	""
 145 001e 00        		.string	""
 146 001f 5553 425F 		.string	"USB_USBTask"
 146      5553 4254 
 146      6173 6B00 
 147 002b 00        		.string	""
 148 002c 00        		.string	""
 149 002d 00        		.string	""
 150 002e 00        		.string	""
 151 002f 00        		.string	""
 152 0030 00        		.string	""
 153 0031 00        		.string	""
 154 0032 00        		.string	""
 155 0033 00        		.string	""
 156 0034 00        		.string	""
 157 0035 00        		.string	""
 158 0036 AD00      		.string	"\255"
 159 0038 00        		.string	""
 160 0039 00        		.string	""
 161 003a 5553 425F 		.string	"USB_ControlRequest"
 161      436F 6E74 
 161      726F 6C52 
 161      6571 7565 
 161      7374 00
 162 004d 00        		.string	""
 163 004e 04        		.ascii	"\004"
 164 004f 00        		.string	""
 165 0050 0800      		.string	"\b"
 166 0052 00        		.string	""
 167 0053 00        		.string	""
 168 0054 00        		.string	""
 169 0055 00        		.string	""
 170 0056 00        		.string	""
 171 0057 00        		.string	""
 172 0058 D500      		.string	"\325"
 173 005a 00        		.string	""
 174 005b 00        		.string	""
 175 005c 5553 425F 		.string	"USB_IsInitialized"
 175      4973 496E 
 175      6974 6961 
 175      6C69 7A65 
 175      6400 
 176 006e 00        		.string	""
 177 006f 04        		.ascii	"\004"
 178 0070 00        		.string	""
 179 0071 0100      		.string	"\001"
 180 0073 00        		.string	""
 181 0074 00        		.string	""
 182 0075 00        		.string	""
 183 0076 00        		.string	""
 184 0077 00        		.string	""
 185 0078 00        		.string	""
 186 0079 DD00      		.string	"\335"
 187 007b 00        		.string	""
 188 007c 00        		.string	""
 189 007d 5553 425F 		.string	"USB_Device_ProcessControlRequest"
 189      4465 7669 
 189      6365 5F50 
 189      726F 6365 
 189      7373 436F 
 190 009e 00        		.string	""
 191 009f 02        		.ascii	"\002"
 192 00a0 00        		.string	""
 193 00a1 00        		.string	""
 194 00a2 00        		.string	""
 195 00a3 00        		.string	""
 196 00a4 00        		.string	""
 197 00a5 00        		.string	""
 198 00a6 00        		.string	""
 199 00a7 00        		.string	""
 200 00a8 00        		.string	""
 201 00a9 AF00      		.string	"\257"
 202 00ab 00        		.string	""
 203 00ac 00        		.string	""
 204               		.text
 205               		.section	.gnu.lto_.opts,"",@progbits
 206 0000 272D 666D 		.ascii	"'-fmath-errno' '-fsigned-zeros' '-ftrapping-math' '-fno-trap"
 206      6174 682D 
 206      6572 726E 
 206      6F27 2027 
 206      2D66 7369 
 207 003c 7627 2027 		.ascii	"v' '-fno"
 207      2D66 6E6F 
 208 0044 2D6F 7065 		.string	"-openmp' '-fno-openacc' '-mn-flash=1' '-mno-skip-bug' '-mmcu=avr5' '-gdwarf-2' '-Os' '-We
 208      6E6D 7027 
 208      2027 2D66 
 208      6E6F 2D6F 
 208      7065 6E61 
 209               		.text
 210               		.comm	__gnu_lto_v1,1,1
 211               		.comm	__gnu_lto_slim,1,1
 212               		.ident	"GCC: (GNU) 5.4.0"
DEFINED SYMBOLS
                            *ABS*:0000000000000000 USBTask.c
     /tmp/ccPdxel4.s:2      *ABS*:000000000000003e __SP_H__
     /tmp/ccPdxel4.s:3      *ABS*:000000000000003d __SP_L__
     /tmp/ccPdxel4.s:4      *ABS*:000000000000003f __SREG__
     /tmp/ccPdxel4.s:5      *ABS*:0000000000000000 __tmp_reg__
     /tmp/ccPdxel4.s:6      *ABS*:0000000000000001 __zero_reg__
                            *COM*:0000000000000001 __gnu_lto_v1
                            *COM*:0000000000000001 __gnu_lto_slim

NO UNDEFINED SYMBOLS
