   1               		.file	"process_rgb.c"
   2               	__SP_H__ = 0x3e
   3               	__SP_L__ = 0x3d
   4               	__SREG__ = 0x3f
   5               	__tmp_reg__ = 0
   6               	__zero_reg__ = 1
   7               		.text
   8               	.Ltext0:
   9               		.section	.gnu.lto_.profile.ed551e611cfe8d2d,"",@progbits
  10 0000 789C 6361 		.string	"x\234ca`d`c`"
  10      6064 6063 
  10      6000 
  11 000a 92CD CCD3 		.ascii	"\222\315\314\323\031\001\003\330\001+"
  11      1901 03D8 
  11      012B 
  12               		.text
  13               		.section	.gnu.lto_.icf.ed551e611cfe8d2d,"",@progbits
  14 0000 789C 6361 		.string	"x\234ca`d"
  14      6064 00
  15 0007 8150 0604 		.string	"\201P\006\004\340cX?\363A\013\023#\230d\002\223\314`\222\005L\262\202I60\311\016&9\300$'\
  15      E063 583F 
  15      F341 0B13 
  15      2398 6402 
  15      93CC 6092 
  16 0041 00        		.string	""
  17 0042 8389 2768 		.ascii	"\203\211'h"
  18               		.text
  19               		.section	.gnu.lto_.jmpfuncs.ed551e611cfe8d2d,"",@progbits
  20 0000 789C 7D93 		.string	"x\234}\223K/CA\030\206\277wN\357U\355\202 \261\"6\376\212_du\032\321\270D\210D\004\0136R\
  20      4B2F 4341 
  20      1886 BF77 
  20      4EEF 55ED 
  20      8220 B122 
  21 006b 0CD3 14A2 		.ascii	"\f\323\024\242\335\322\253\210\"\212yP\021\270\317\335\274\371"
  21      DDD2 AB88 
  21      228A 7950 
  21      11B8 CFDD 
  21      BCF9 
  22 007d 3E44 C220 		.ascii	">D\302 \264`\n\215\262[\322\316L\241'\252h+\246\231\n\306C\311"
  22      B460 0A8D 
  22      B25B D2CE 
  22      4CA1 27AA 
  22      682B A699 
  23 0095 6298 29D0 		.ascii	"b\230)\320\214\031\246\377\025\225\314\370\265\025n\300\254]"
  23      8C19 A6FF 
  23      1595 CCF8 
  23      B515 6EC0 
  23      AC5D 
  24 00a7 D1F1 7DFA 		.ascii	"\321\361}\372\032T\264\t)\247\342=};\020R\035\365H;\035cW#\223"
  24      1A54 B409 
  24      29A7 E23D 
  24      7D3B 1052 
  24      1DF5 483B 
  25 00c0 5E95 AEC5 		.ascii	"^\225\256\305\234\335\3618Z\312\207\025\255C\306\t\247\223\257"
  25      9CDD F138 
  25      5ACA 8715 
  25      AD43 C609 
  25      A793 AF
  26 00d3 BBD6 8651 		.ascii	"\273\326\206Q\314\333\341\311\344\347\213P\264\006\013Nx\370"
  26      CCDB E1C9 
  26      E4E7 8B50 
  26      B406 0B4E 
  26      78F8 
  27 00e5 7230 6F1D 		.ascii	"r0o\0350\210E;\374\\L\245\rE\253\261\344\204K\323\007\217!\205"
  27      3088 453B 
  27      FC5C 4CA5 
  27      0D45 ABB1 
  27      E484 4BD3 
  28 00fd 7D58 B6C3 		.ascii	"}X\266\303\275_\267\375\001E\003Xq\302\233\023}3VX k\207\177"
  28      BD5F B7FD 
  28      0145 0358 
  28      71C2 9B13 
  28      7D33 5658 
  29 0115 CA0F E588 		.ascii	"\312\017\345\210\242^\254:\347\316v],Z\347\006\326\030\373H\t"
  29      A25E AC3A 
  29      E7CE 765D 
  29      2C5A E706 
  29      D618 FB48 
  30 012a B9DC D39D 		.ascii	"\271\334\323\235\337\254\304\273\343\361X\302\020\277\202\371"
  30      DFAC C4BB 
  30      E3F1 58C2 
  30      10BF 82F9 
  31 013a 3A4C CD54 		.ascii	":L\315T\376z\344x\252\3659\221\327\372lm\270\3722\202M\255//"
  31      FE7A E478 
  31      AAF5 3991 
  31      D7FA 6C6D 
  31      B8FA 3282 
  32 0152 1DB6 5C7D 		.ascii	"\035\266\\}Nlk}n\337q\365\345\235\306\256\326\227\327\035{\256"
  32      4E6C 6B7D 
  32      6EDF 71F5 
  32      E59D C6AE 
  32      D697 D71D 
  33 0168 3E27 F6B5 		.ascii	">'\366\265>\267\037\270\372r\200C\255/\037\032\216\\}N\034k}"
  33      3EB7 1FB8 
  33      FA72 8043 
  33      AD2F 1F1A 
  33      8E5C 7D4E 
  34 017f 6E3F 71F5 		.ascii	"n?q\365\345;\306\251\326\227O\034g\256>'\316\265>\267\027x*\327"
  34      E53B C6A9 
  34      D697 4F1C 
  34      67AE 3E27 
  34      CEB5 3EB7 
  35 0197 1F8E A245 		.ascii	"\037\216\242E\217"
  35      8F
  36               		.text
  37               		.section	.gnu.lto_.inline.ed551e611cfe8d2d,"",@progbits
  38 0000 789C 6593 		.string	"x\234e\223\315k\023A\030\306\347\235\235$\323|u\305\223Phn\336\304\263\247\376\005=\3737\
  38      CD6B 1341 
  38      18C6 E79D 
  38      9D24 D37C 
  38      75C5 9350 
  39 00fb 5CB7 E0E4 		.string	"\\\267\340\344\203\263\3639\r\236\002\334\260`wg\373\002\327\240\005p3\006\177+\353\031\r
  39      83B3 F339 
  39      0D9E 02DC 
  39      B060 7767 
  39      FB02 D7A0 
  40 0138 0B16 542E 		.string	"\013\026T.\275\371\234\324`\r\340\226\005\315\355\357kR\203\027"
  40      BDF9 9CD4 
  40      600D E096 
  40      05CD EDEF 
  40      6B52 8317 
  41 014d B72D 682D 		.string	"\267-h-v\337\3475X\007\270c\301\211_\325c\332\337\200\177\327\372_~T\232\201\006\233"
  41      76DF E735 
  41      5807 B863 
  41      C189 5FD5 
  41      63DA DF80 
  42 016c 8B16 54DB 		.string	"\213\026T\333\335\311\224\006/\001jq\343\275\231-\363\325_\001\334\263\240\2764\361\333\2
  42      DDC9 9406 
  42      2F01 6A71 
  42      E3BD 992D 
  42      F3D5 5F01 
  43 0194 1A71 DAFE 		.string	"\032q\332\376\351\256\371\035\257\001\232\026\374)O\225\262\032l\001,Yp\276\375\361\214y\
  43      E9AE F91D 
  43      AF01 9A16 
  43      FC29 4F95 
  43      B21A 6C01 
  44 01b6 C240 AA89 		.ascii	"\302@\252\211 \265\021\314(\321\247T\261X\f9KL\035V\202\361S"
  44      20B5 11CC 
  44      28D1 A754 
  44      B158 0C39 
  44      4B4C 1D56 
  45 01cd 49C1 8E6F 		.ascii	"I\301\216o\036\305M!\332\246A\226AK\241\306\017\303\b-\204\332"
  45      1EC5 4D21 
  45      DAA6 4196 
  45      414B A1C6 
  45      0FC3 082D 
  46 01e3 A291 CD1D 		.ascii	"\242\221\315\035\233\254=\022\271\221,\3042\214\245\214\245\210"
  46      9BAC 3D12 
  46      B991 2CC4 
  46      328C A58C 
  46      A588 
  47 01f5 2B70 5540 		.ascii	"+pU@\344XT*(\217\262\350f\304\321\005G\207\216\226\216\026\216"
  47      E458 542A 
  47      288F B2E8 
  47      66C4 D105 
  47      4787 8E96 
  48 020c E68E 766A 		.ascii	"\346\216vj:%\367+b\303\241\240\312\241\232\376\007wF\366\213"
  48      3A25 F72B 
  48      62C3 A1A0 
  48      CAA1 9AFE 
  48      0777 46F6 
  49               		.text
  50               		.section	.gnu.lto_.pureconst.ed551e611cfe8d2d,"",@progbits
  51 0000 789C 05C1 		.string	"x\234\005\301I\002"
  51      4902 00
  52 0007 100C 04C1 		.ascii	"\020\f\004\301\t!\366s;\370\3777U\271LO\322\021F\"\343\024*A"
  52      0921 F673 
  52      3BF8 FF37 
  52      55B9 4C4F 
  52      D211 4622 
  53 001f A333 982C 		.ascii	"\2433\230,\366\375\034\036\001\335"
  53      F6FD 1C1E 
  53      01DD 
  54               		.text
  55               		.section	.gnu.lto_rgblight_step.ed551e611cfe8d2d,"",@progbits
  56 0000 789C 6361 		.string	"x\234ca`d"
  56      6064 00
  57 0007 812A 2016 		.string	"\201* \026"
  57      00
  58 000c 6269 2066 		.string	"bi fdf`d\232p\216\201\241\221\203\211\221\021\304h\340`d\250gb\254g\374\312\364\227\211\3
  58      6466 6064 
  58      9A70 8E81 
  58      A191 8389 
  58      9111 C468 
  59 004f 54F6 68E3 		.string	"T\366h\343\277\251\274l- e\n\020I\306\025\214l \353\326\007\035h\370\377\277\271\241a\277
  59      BFA9 BC6C 
  59      2D20 650A 
  59      1049 C615 
  59      8C6C 20EB 
  60 009a 00        		.string	""
  61 009b 2D19 308C 		.ascii	"-\0310\214"
  62               		.text
  63               		.section	.gnu.lto_rgblight_step_reverse.ed551e611cfe8d2d,"",@progbits
  64 0000 789C 6361 		.string	"x\234ca`d"
  64      6064 00
  65 0007 812A 2016 		.string	"\201* \026"
  65      00
  66 000c 6269 2066 		.string	"bi fdf`d\232p\216\201\241\221\203\211\221\021\304h\340`d\250gb\254g\374\312\364\227\211\3
  66      6466 6064 
  66      9A70 8E81 
  66      A191 8389 
  66      9111 C468 
  67 004f 54F6 68E3 		.string	"T\366h\343\277\251\274l- e\n\020I\306\025\214l \353\326\007\035h\370\377\277\271\241\341\
  67      BFA9 BC6C 
  67      2D20 650A 
  67      1049 C615 
  67      8C6C 20EB 
  68 009a 00        		.string	""
  69 009b 52B9 30EC 		.ascii	"R\2710\354"
  70               		.text
  71               		.section	.gnu.lto_rgblight_increase_hue.ed551e611cfe8d2d,"",@progbits
  72 0000 789C 6361 		.string	"x\234ca`d"
  72      6064 00
  73 0007 812A 2016 		.string	"\201* \026"
  73      00
  74 000c 6269 2066 		.string	"bi fdf`d\232p\216\201\241\221\203\211\221\021\304h\340`d\250gb\254g\374\312\364\227\211\3
  74      6466 6064 
  74      9A70 8E81 
  74      A191 8389 
  74      9111 C468 
  75 004f 54F6 68E3 		.string	"T\366h\343\277\251\274l- e\n\020I\306\025\214l \353\326\007\035h\370\377\277\271\241\341\
  75      BFA9 BC6C 
  75      2D20 650A 
  75      1049 C615 
  75      8C6C 20EB 
  76 009a 00        		.string	""
  77 009b 35E1 30AF 		.ascii	"5\3410\257"
  78               		.text
  79               		.section	.gnu.lto_rgblight_decrease_hue.ed551e611cfe8d2d,"",@progbits
  80 0000 789C 6361 		.string	"x\234ca`d"
  80      6064 00
  81 0007 812A 2016 		.string	"\201* \026"
  81      00
  82 000c 6269 2066 		.string	"bi fdf`d\232p\216\201\241\221\203\211\221\021\304h\340`d\250gb\254g\374\312\364\227\211\3
  82      6466 6064 
  82      9A70 8E81 
  82      A191 8389 
  82      9111 C468 
  83 004f 54F6 68E3 		.string	"T\366h\343\277\251\274l- e\n\020I\306\025\214l \353\326\007\035h\370\377\277\271\241\341\
  83      BFA9 BC6C 
  83      2D20 650A 
  83      1049 C615 
  83      8C6C 20EB 
  84 009a 00        		.string	""
  85 009b 5421 30EF 		.ascii	"T!0\357"
  86               		.text
  87               		.section	.gnu.lto_rgblight_increase_sat.ed551e611cfe8d2d,"",@progbits
  88 0000 789C 6361 		.string	"x\234ca`d"
  88      6064 00
  89 0007 812A 2016 		.string	"\201* \026"
  89      00
  90 000c 6269 2066 		.string	"bi fdf`d\232p\216\201\241\221\203\211\221\021\304h\340`d\250gb\254g\374\312\364\227\211\3
  90      6466 6064 
  90      9A70 8E81 
  90      A191 8389 
  90      9111 C468 
  91 004f 54F6 68E3 		.string	"T\366h\343\277\251\274l- e\n\020I\306\025\214l \353\326\007\035h\370\377\277\271\241\341\
  91      BFA9 BC6C 
  91      2D20 650A 
  91      1049 C615 
  91      8C6C 20EB 
  92 009a 00        		.string	""
  93 009b 3659 30B0 		.ascii	"6Y0\260"
  94               		.text
  95               		.section	.gnu.lto_rgblight_decrease_sat.ed551e611cfe8d2d,"",@progbits
  96 0000 789C 6361 		.string	"x\234ca`d"
  96      6064 00
  97 0007 812A 2016 		.string	"\201* \026"
  97      00
  98 000c 6269 2066 		.string	"bi fdf`d\232p\216\201\241\221\203\211\221\021\304h\340`d\250gb\254g\374\312\364\227\211\3
  98      6466 6064 
  98      9A70 8E81 
  98      A191 8389 
  98      9111 C468 
  99 004f 54F6 68E3 		.string	"T\366h\343\277\251\274l- e\n\020I\306\025\214l \353\326\007\035h\370\377\277\271\241\341\
  99      BFA9 BC6C 
  99      2D20 650A 
  99      1049 C615 
  99      8C6C 20EB 
 100 009a 00        		.string	""
 101 009b 5499 30F0 		.ascii	"T\2310\360"
 102               		.text
 103               		.section	.gnu.lto_rgblight_increase_val.ed551e611cfe8d2d,"",@progbits
 104 0000 789C 6361 		.string	"x\234ca`d"
 104      6064 00
 105 0007 812A 2016 		.string	"\201* \026"
 105      00
 106 000c 6269 2066 		.string	"bi fdf`d\232p\216\201\241\221\203\211\221\021\304h\340`d\250gb\254g\374\312\364\227\211\3
 106      6466 6064 
 106      9A70 8E81 
 106      A191 8389 
 106      9111 C468 
 107 009a 00        		.string	""
 108 009b 37C1 30B3 		.ascii	"7\3010\263"
 109               		.text
 110               		.section	.gnu.lto_rgblight_decrease_val.ed551e611cfe8d2d,"",@progbits
 111 0000 789C 6361 		.string	"x\234ca`d"
 111      6064 00
 112 0007 812A 2016 		.string	"\201* \026"
 112      00
 113 000c 6269 2066 		.string	"bi fdf`d\232p\216\201\241\221\203\211\221\021\304h\340`d\250gb\254g\374\312\364\227\211\3
 113      6466 6064 
 113      9A70 8E81 
 113      A191 8389 
 113      9111 C468 
 114 009a 00        		.string	""
 115 009b 5601 30F3 		.ascii	"V\0010\363"
 116               		.text
 117               		.section	.gnu.lto_rgblight_increase_speed.ed551e611cfe8d2d,"",@progbits
 118 0000 789C 6361 		.string	"x\234ca`d"
 118      6064 00
 119 0007 812A 2016 		.string	"\201* \026"
 119      00
 120 000c 6269 2066 		.string	"bi fdf`d\232p\216\201\241\221\203\211\221\021\304h\340`d\250gb\254g\374\312\364\227\211\3
 120      6466 6064 
 120      9A70 8E81 
 120      A191 8389 
 120      9111 C468 
 121 009a 00        		.string	""
 122 009b 3CD5 30C8 		.ascii	"<\3250\310"
 123               		.text
 124               		.section	.gnu.lto_rgblight_decrease_speed.ed551e611cfe8d2d,"",@progbits
 125 0000 789C 6361 		.string	"x\234ca`d"
 125      6064 00
 126 0007 812A 2016 		.string	"\201* \026"
 126      00
 127 000c 6269 2066 		.string	"bi fdf`d\232p\216\201\241\221\203\211\221\021\304h\340`d\250gb\254g\374\312\364\227\211\3
 127      6466 6064 
 127      9A70 8E81 
 127      A191 8389 
 127      9111 C468 
 128 009a 00        		.string	""
 129 009b 5B15 3108 		.ascii	"[\0251\b"
 130               		.text
 131               		.section	.gnu.lto_handleKeycodeRGB.ed551e611cfe8d2d,"",@progbits
 132 0000 789C 6D50 		.string	"x\234mPMO\023Q\024\275\347\275\231q\254V\371\001\rqe\323\r%\301-\356\374\003\376\201F\246
 132      4D4F 1351 
 132      14BD E7BD 
 132      9971 AC56 
 132      F901 0D71 
 133 0088 27E2 4260 		.ascii	"'\342B`m\344\367\212H\225\225\266\237\2776\223j*DI\022E\302\f"
 133      6DE4 F78A 
 133      4895 95B6 
 133      9FBF 3693 
 133      6A2A 4449 
 134 00a0 2394 91D2 		.ascii	"#\224\221\322]\363K\237jwd\n\244\343\312\327\350\342f\362\235"
 134      5DF3 4B9F 
 134      6A77 640A 
 134      A4E3 CAD7 
 134      E8E2 66F2 
 135 00b5 1A1D 546A 		.ascii	"\032\035Tj|X\250\326\222\004\246 5\005m\t\264&H\027\b\323H\352"
 135      7C58 A8D6 
 135      9204 A620 
 135      3505 6D09 
 135      B426 4817 
 136 00cd E6CF 512D 		.ascii	"\346\317Q-\274{,JR\200\247mU7\306oq*\321\244\323\037\023\177"
 136      BC7B 2C4A 
 136      5280 A76D 
 136      5537 C66F 
 136      712A D1A4 
 137 00e5 DFDE 900F 		.ascii	"\337\336\220\017\214\354\353\355\215r\274!\373\341\213\221\265"
 137      8CEC EBED 
 137      8D72 BC21 
 137      FBE1 8B91 
 137      B5
 138 00f6 3057 979D 		.ascii	"0W\227\235E\0023`a\2130o\204k\007\303\032l7\324\303\263I\331"
 138      4502 3360 
 138      618B 306F 
 138      846B 07C3 
 138      1A6C 37D4 
 139 010e 602E AF37 		.ascii	"`.\2577\230\013\3270+Hr\373\336\342\2777qg\210W\276W_\024\357"
 139      980B D730 
 139      2B48 72FB 
 139      DEE2 BF37 
 139      7167 8857 
 140 0127 E1F0 752B 		.ascii	"\341\360u+\217C\025E\201R\337b\345\230+\300KX`\236\003\236KT"
 140      8F43 1545 
 140      8152 DF62 
 140      E598 2BC0 
 140      4B58 609E 
 141 013f D5ED 7CC7 		.ascii	"\325\355|\307#!\330\313]\f}\017\376|\004+\004\222W\254\034\256"
 141      2321 D8CB 
 141      5D0C 7D0F 
 141      FE7C 042B 
 141      0492 57AC 
 142 0155 9CC6 7945 		.ascii	"\234\306yE[\037aQ\217f;\022\222V\233\345>\202\360<\313\275\024"
 142      5B1F 6151 
 142      8F66 3B12 
 142      9256 9BE5 
 142      3E82 F03C 
 143 016c E80F 95A4 		.ascii	"\350\017\225\244c0\213v\322\006{\331\200\234+\3106S\0160\030"
 143      6330 8B76 
 143      D206 7BD9 
 143      809C 2BC8 
 143      3653 0E30 
 144 0181 8ED9 0664 		.ascii	"\216\331\006d\253\npY\177\345~o\361I\276\277\370<\335\323\327"
 144      AB0A 7059 
 144      7FE5 7E6F 
 144      F149 BEBF 
 144      F83C DDD3 
 145 0196 EDF9 8542 		.ascii	"\355\371\205B\346\231\377\302\353\316\372Wy_WG\213G\261\\!Sx"
 145      E699 FFC2 
 145      EBCE FA57 
 145      795F 5747 
 145      8B47 B15C 
 146 01ad 9AEB ECF7 		.ascii	"\232\353\354\367\263n.\357e:\213y\317\315\372\365\340\022\254"
 146      B36E 2EEF 
 146      653A 8B79 
 146      CFCD FAF5 
 146      E012 AC
 147 01c0 EDB2 7F   		.ascii	"\355\262\177"
 148               		.text
 149               		.section	.gnu.lto_handleKeycodeRGBMode.ed551e611cfe8d2d,"",@progbits
 150 0000 789C 7550 		.ascii	"x\234uP=O\024Q\024\275\347\335\371ZY\f?\200\302\312\3116.\201"
 150      3D4F 1451 
 150      14BD E7DD 
 150      F95A 590C 
 150      3F80 C2CA 
 151 0018 DA9F 60E3 		.ascii	"\332\237`\343\0370\260L,\214\240\273Ka\265\217\235]\331\240\211"
 151      1F30 B04C 
 151      2C8C A0BB 
 151      4B61 B58F 
 151      9D5D D9A0 
 152 002d DB18 4A2B 		.ascii	"\333\030J+\263(\254h911\023\227P\322\030H\f\215\222h\214\321"
 152      B328 AC68 
 152      3931 3113 
 152      9750 D218 
 152      480C 8D92 
 153 0044 0412 2C8C 		.ascii	"\004\022,\214\302x\337c\200\002\274\311\314\273\367\275s\316"
 153      C278 DF63 
 153      8002 BCC9 
 153      CCBB F7BD 
 153      73CE 
 154 0056 3DF7 3A04 		.ascii	"=\367:\0042\341+\242q9o\310\007\237\240\272\233D\363\201R\334"
 154      32E1 2BA2 
 154      7139 6FC8 
 154      079F A0BA 
 154      9B44 F381 
 155 006c 0949 5F72 		.ascii	"\tI_r\315\277\310\312Y\0321\325\357\353R9\360\216A\356I\342\001"
 155      CDBF C8CA 
 155      591A 31D5 
 155      EFEB 5239 
 155      F08E 41EE 
 156 0083 26D1 01A8 		.ascii	"&\321\001\250\241\330q=4\360K\035*\274_\370\232\250ROK|\372\262"
 156      A1D8 713D 
 156      34F0 4B1D 
 156      2ABC 5FF8 
 156      9AA8 524F 
 157 009b 5DD6 CB29 		.ascii	"]\326\313)\332L\224)\333\233\320CIP\203f\377\321e.\201$\337\031"
 157      DA4C 9429 
 157      DB9B D043 
 157      4950 8366 
 157      FFD1 652E 
 158 00b3 AC2F 16C3 		.ascii	"\254/\026\303\347\272\333\324z\353\241\322cm\006\226\301B\301"
 158      E7BA DBD4 
 158      7AEB A1D2 
 158      636D 0696 
 158      C142 C1
 159 00c6 C428 C646 		.ascii	"\304(\306FI.\b/\020\n\370g\367\311\240\300eK\374\373\347 \343"
 159      492E 082F 
 159      100A F867 
 159      F7C9 A0C0 
 159      654B FCFB 
 160 00dd 9CF8 6C21 		.ascii	"\234\370l!'\276<G\\Ah\320\273o\216\236\016{-c\354\312\261\035"
 160      27BE 3C47 
 160      5C41 68D0 
 160      BB6F 8E9E 
 160      0E7B 2D63 
 161 00f5 ACC2 332B 		.ascii	"\254\3023+Y\273\231\352,\213\265N\374\336P\321\025\226\222\361"
 161      59BB 99EA 
 161      2C8B B54E 
 161      FCDE 50D1 
 161      1596 92F1 
 162 0109 A45F 60D2 		.ascii	"\244_`\322\002\254\002\355\t\305\214\274\257\2249\371\033\342"
 162      02AC 02ED 
 162      09C5 8CBC 
 162      AF94 39F9 
 162      1BE2 
 163 011b 34E9 C388 		.ascii	"4\351\303\210\304\354J\203$\371\261\3437\016uG\353\2216\213\013"
 163      C4EC 4A83 
 163      24F9 B1E3 
 163      370E 7547 
 163      EB91 368B 
 164 0130 D146 1F0D 		.ascii	"\321F\037\r\021q\3503Z\037\343\251\034\034\263g\227\261\257\230"
 164      1171 E833 
 164      5A1F E3A9 
 164      1C1C B367 
 164      97B1 AF98 
 165 0144 3AA1 51D2 		.ascii	":\241Q\322I.\024\374O\350\325\231\320f\274\253rt\314\205\\\311"
 165      492E 14FC 
 165      4FE8 D599 
 165      D066 BCAB 
 165      7274 CC85 
 166 015a A1C7 81F5 		.ascii	"\241\307\201\365\36462otN\307\315\3048a\315\352x\226#\243n\230"
 166      F436 326F 
 166      744E C7CD 
 166      C438 61CD 
 166      EA78 9623 
 167 0171 415A E93B 		.ascii	"AZ\351;\\L\3623\261Hx-$1\335\346\300\362<\273\200\357h\246\037"
 167      5C4C F233 
 167      B148 782D 
 167      2431 DDE6 
 167      C0F2 3CBB 
 168 018a 5CCB 33B1 		.ascii	"\\\3133\261'6\345Zz\\\275?79S\237\273[\276W\235\255D\265\332"
 168      2736 E55A 
 168      7A5C BD3F 
 168      3739 539F 
 168      BB5B BE57 
 169 01a3 AD3B D183 		.ascii	"\255;\321\203\312\354ttZWoO]\253\220[\253OV\353\034\315L\377"
 169      CAEC 7474 
 169      5A57 6F4F 
 169      5DAB 905B 
 169      AB4F 56EB 
 170 01bb 035A 91C0 		.ascii	"\003Z\221\300\260"
 170      B0
 171               		.text
 172               		.section	.gnu.lto_rgblight_toggle.ed551e611cfe8d2d,"",@progbits
 173 0000 789C 6361 		.string	"x\234ca`d"
 173      6064 00
 174 0007 812A 2016 		.string	"\201* \026"
 174      00
 175 000c 6269 2066 		.string	"bi fdf`d\232p\216\201\241\221\203\211\221\021\304h\340`d\250gb\254g\374\312\364\227\211\3
 175      6466 6064 
 175      9A70 8E81 
 175      A191 8389 
 175      9111 C468 
 176 004f 54F6 68E3 		.string	"T\366h\343\277\251\274l- e\n\020I\306\025\214l \353\326\007\035h\370\377\277\271\241\341\
 176      BFA9 BC6C 
 176      2D20 650A 
 176      1049 C615 
 176      8C6C 20EB 
 177 009a 00        		.string	""
 178 009b 4F7D 30DF 		.ascii	"O}0\337"
 179               		.text
 180               		.section	.gnu.lto_process_rgb.ed551e611cfe8d2d,"",@progbits
 181 0000 789C 7D97 		.string	"x\234}\227\353S\024\331\025\300\373t\317L\367\274\007\230\001B\250\315V\022c\231\017!\251
 181      EB53 14D9 
 181      15C0 FB74 
 181      CF4C F7BC 
 181      0798 0142 
 182 0072 02FE 3507 		.string	"\002\3765\007\004\341U\326\227\261C\370\256"
 182      04E1 55D6 
 182      97B1 43F8 
 182      AE00 
 183 0080 6255 BF20 		.string	"bU\277 \224(\242(E^\022TO\336h\201\240\272\244\354\274nIP\025\033\265vj\035\324\312\324*\
 183      9428 A228 
 183      455E 1254 
 183      4FDE 6881 
 183      A0BA A4EC 
 184 00fc 0355 01A1 		.string	"\003U\001\241X\224lv\207\2548]n\217\327\347\017ddf\005C\3319\271yP\f_\2131\021jvU\335\364
 184      5894 6C76 
 184      87AC 385D 
 184      6E8F D7E7 
 184      0F64 6466 
 185 014a 0487 1EF5 		.ascii	"\004\207\036\365\355u\343\241\b\001v\3306Xs\314&\255\001\201"
 185      ED75 E3A1 
 185      0801 76D8 
 185      3658 73CC 
 185      26AD 0181 
 186 015e C5FB 2A57 		.ascii	"\305\373*W\226\305\325\007\324\252RU\255\t\251RX\222\340(H\230"
 186      96C5 D507 
 186      D4AA 5255 
 186      AD09 A952 
 186      5892 E028 
 187 0174 F308 E4C3 		.ascii	"\363\b\344\303a\310\027\330)\001\216\301jvu\370J\337\017\245"
 187      61C8 17D8 
 187      2901 8EC1 
 187      6A76 75F8 
 187      4ADF 0FA5 
 188 0188 9F11 78A2 		.ascii	"\237\021x\242\371z\245\302@V\214\372\214@\0334~\033\264\t\360"
 188      F97A A5C2 
 188      4056 8CFA 
 188      8C40 1B34 
 188      7E1B B409 
 189 019d 21AC C6CB 		.ascii	"!\254\306\313'[Vvy\035\232\312\376^\306\212Y\251M\340\300\305"
 189      275B 5676 
 189      791D 9ACA 
 189      FE5E C68A 
 189      59A9 4DE0 
 190 01b3 C506 EF9E 		.ascii	"\305\006\357\236=\331\240H\277\244\2743\365\313G|\253>\300\274"
 190      3DD9 A048 
 190      BFA4 BC33 
 190      F5CB 477C 
 190      AB3E C0BC 
 191 01c7 D1D8 01D0 		.ascii	"\321\330\001\320\324h\311\313a\311\016\315<\2671Q\006\036\207"
 191      D468 C9CB 
 191      61C9 0ECD 
 191      3CB7 3151 
 191      061E 87
 192 01da 55CD BF8B 		.ascii	"U\315\277\213\252\361x\231\032\375\374\225\372'\263\316\357\001"
 192      AAF1 7899 
 192      1AFD FC95 
 192      FA27 B3CE 
 192      EF01 
 193 01ec 730A 3640 		.ascii	"s\n6@\251\035C\2315\016\205.u\002\316A\020\0361\367vv\307\347"
 193      A91D 4399 
 193      350E 852E 
 193      7502 CE41 
 193      101E 31F7 
 194 0204 4411 7B69 		.ascii	"D\021{i\032J#sg\013\260\2322\311\316\n\250\r_\030\220\361f\331"
 194      1A4A 2373 
 194      670B B09A 
 194      32C9 CE0A 
 194      A80D 5F18 
 195 021c A89E A5EE 		.ascii	"\250\236\245\356K[<\373`o\t\226\376\032\313'\227\261\221\026"
 195      4B5B 3CFB 
 195      606F 0996 
 195      FE1A CB27 
 195      97B1 9116 
 196 0230 363D 1C6D 		.ascii	"6=\034m\250?\265\340+\370P\r\204%\005N\300>X\301\251\341H\307"
 196      A83F B5E0 
 196      2BF8 500D 
 196      8425 054E 
 196      C03E 58C1 
 197 0248 A1A3 0F5D 		.ascii	"\241\243\017]l\244\212ak\303\222\023>\202\202\025\021_.\370\030"
 197      6CA4 8A61 
 197      6BC3 9213 
 197      3E82 8215 
 197      115F 2EF8 
 198 025d 0A84 5BA0 		.ascii	"\n\204[\240\215\227\275\236\304\312\336?8\t|\212s\242$\234zI"
 198      8D97 BD9E 
 198      C4CA DE3F 
 198      3809 7C8A 
 198      73A2 249C 
 199 0273 9A81 B268 		.ascii	"\232\201\262h\354\001|\353.\342\244\350&\262\214\255\230Ff\027"
 199      EC01 7CEB 
 199      2EE2 A4E8 
 199      26B2 8CAD 
 199      9846 6617 
 200 0287 B4B7 7F35 		.ascii	"\264\267\1775.\027\307\324-*\226\344\212\243\020\332\240\230"
 200      2E17 C7D4 
 200      2D2A 96E4 
 200      8AA3 10DA 
 200      A098 
 201 0299 D5ED 16A6 		.ascii	"\325\355\026\246\241\354yy\237\310\257V8P\372\254g\316\211^;"
 201      A1EC 7979 
 201      9FC8 AF56 
 201      3850 FAAC 
 201      67CE 895E 
 202 02ae 7C1F 4E31 		.ascii	"|\037N1\357$\320\005\230\235]$\334\201f\265~\262\0078\344\304"
 202      EF24 D005 
 202      989D 5D24 
 202      DC81 66B5 
 202      7EB2 0738 
 203 02c4 4AAF ED9F 		.ascii	"J\257\355\237\261WCe\211F\016\017[\274\022=\217v\250\306\032"
 203      B157 4365 
 203      8946 0E0F 
 203      5BBC 123D 
 203      8F76 A8C6 
 204 02d9 AF35 C522 		.ascii	"\2575\305\"\224Q\202\216v<qc\260.\342\327\201hM\227\2171\020"
 204      9451 828E 
 204      763C 7163 
 204      B02E E2D7 
 204      8168 4D97 
 205 02f0 6126 55A2 		.ascii	"a&U\242\273q\232c\345\227\272c\300\261N\302\266\365\236\177&"
 205      BB71 9A63 
 205      E597 BA63 
 205      C0B1 4EC2 
 205      B6F5 9E7F 
 206 0305 1BD8 0907 		.ascii	"\033\330\t\007Rg\210\242\305s\226S7\206Kv\3719u\221\250\346G"
 206      5267 88A2 
 206      C573 9653 
 206      3786 4B76 
 206      F939 7591 
 207 031c FF9B 7118 		.ascii	"\377\233q\030\324\020Q\347\210\302\032\341<\247\264\363;\217"
 207      D410 51E7 
 207      88C2 1AE1 
 207      3CA7 B4F3 
 207      3B8F 
 208 032e 7B39 D545 		.ascii	"{9\325E\324\326\316\343;|\0065OT\224(\033R\237p\352\346\265\261"
 208      D4D6 CEE3 
 208      3B7C 0635 
 208      4F54 9428 
 208      1B52 9F70 
 209 0346 DD22 A7BA 		.ascii	"\335\"\247\272\211\272~\250t\223\001\355\220\021\272@\220\035"
 209      89BA 7EA8 
 209      7493 01ED 
 209      9011 BA40 
 209      901D 
 210 0358 A10E 1D5A 		.ascii	"\241\016\035Zi\350ws\250\207\240\201\301\013]\316\304\264\210"
 210      69E8 7773 
 210      A887 A081 
 210      C10B 5DCE 
 210      C4B4 88
 211 036b EA24 CA81 		.ascii	"\352$\312\201\324ENM|rsD\247>%\252\247\356L\2139-\242\272\210"
 211      D445 4E4D 
 211      7C72 7344 
 211      A73E 25AA 
 211      A7EE 4C8B 
 212 0384 9291 EAE6 		.ascii	"\222\221\352\346T\333Dd\304\305\251K\334\325\377\301X\342\316"
 212      54DB 4464 
 212      C4C5 A94B 
 212      DCD5 FFC1 
 212      58E2 CE
 213 0397 CF13 D543 		.ascii	"\317\023\325C\224\202\324\247\234z\272g\262Mw\365\0225wb\274"
 213      9482 D4A7 
 213      9C7A BA67 
 213      B24D 77F5 
 213      1235 7762 
 214 03ac C796 9897 		.ascii	"\307\226\230\227\013\251KD9\221\352\345T\303{W\35798\325G\324"
 214      0BA9 4B44 
 214      3991 EAE5 
 214      54C3 7B57 
 214      EF39 38D5 
 215 03c2 8EC5 0703 		.ascii	"\216\305\007\003\220\230\027Q}D\271\220\272\314\251\323c\363"
 215      9098 1751 
 215      7D44 B990 
 215      BACC A9D3 
 215      63F3 
 216 03d4 7D0A A72E 		.ascii	"}\n\247.s\252\265\257(1-\202\372\tr#4\300\241\356\326\331[>\016"
 216      73AA B5AF 
 216      2831 2D82 
 216      FA09 7223 
 216      34C0 A1EE 
 217 03ed F513 D4F1 		.ascii	"\365\023\324\361\345\335nsZD]!\312\203\324 \247J\227\336\377"
 217      E5DD 6E73 
 217      5A44 5D21 
 217      CA83 D420 
 217      A74A 97DE 
 218 0402 3587 0608 		.ascii	"5\207\006\b\272Z\275w\312\234\225\033\241!\202\274\b\rs\350\376"
 218      BA5A BD77 
 218      CA9C 951B 
 218      A121 82BC 
 218      080D 73E8 
 219 0417 42C3 6989 		.ascii	"B\303i\211SW\210\252\250ikw%fE\324\bQ>\244>\343\324\373\303\263"
 219      5357 88AA 
 219      A869 6B77 
 219      2566 45D4 
 219      0851 3EA4 
 220 0431 E532 A706 		.ascii	"\3452\247\006\211Z\2702\272;\341\032\"j\224(?Rc\372\312xz`T\177"
 220      895A B832 
 220      BA3B E11A 
 220      226A 9428 
 220      3F52 63FA 
 221 044b 4F86 88BA 		.ascii	"O\206\210\272\\vt\304\\\204D]%*\200\3245N\265\237)Y\326\357\373"
 221      5C76 74C4 
 221      5C84 445D 
 221      252A 80D4 
 221      354E B59F 
 222 0464 3051 E786 		.ascii	"0Q\347\206\246\236H\006\365\234\250\353De 5\316\251\336\316\226"
 222      A69E 4806 
 222      F59C A8EB 
 222      4465 2035 
 222      CEA9 DECE 
 223 0479 03FA 331E 		.ascii	"\003\3723\036!j\245\"V\3416\250Zz%o\020\225\211\324\347\372\215"
 223      216A A522 
 223      56E1 36A8 
 223      5A7A 256F 
 223      1095 89D4 
 224 0490 8FBD 35AB 		.ascii	"\217\2755\253\277\\\237\021uq\372\350\333\211\265{\234\250/\210"
 224      BF5C 9F11 
 224      7571 FAE8 
 224      DB89 B57B 
 224      9CA8 2F88 
 225 04a4 CA42 EA26 		.ascii	"\312B\352&\247\236Wm\t{85J\324\370\342d\265hP\021\242&\210\n"
 225      A79E 576D 
 225      097B 3835 
 225      4AD4 F8E2 
 225      64B5 6850 
 226 04bd 2275 8B53 		.ascii	"\"u\213Su\303\323\325\372\274\276\210\340\211\246\305\372\223"
 226      75C3 D3D5 
 226      FABC BE88 
 226      E089 A6C5 
 226      FA93 
 227 04cf 897B 3842 		.ascii	"\211{8B\324$Q!\244\246\030E\033\244Mh\001\3516\224\004p\203\302"
 227      D424 5121 
 227      A4A6 1845 
 227      1BA4 4D68 
 227      01E9 3694 
 228 04e7 1D05 37CB 		.ascii	"\035\0057\313\272\256 \036\n/l\210\3368\333\365"
 228      BAAE 201E 
 228      0A2F 6C88 
 228      DE38 DBF5 
 229 04f7 05B8 4D1B 		.string	"\005\270M\033\242\217\022\330\255\tD\226\240<\332\352H\316\373\343lG\026\340\016\343\331\
 229      A28F 12D8 
 229      AD09 4496 
 229      A03C DAEA 
 229      48CE FBE3 
 230 05f8 654C CCC6 		.string	"eL\314\306NV\364\265\270\370\257>"
 230      4E56 F4B5 
 230      B8F8 AF3E 
 230      00
 231 0605 4DCC 0FD3 		.ascii	"M\314\017\323\276?'\006\254)\275,e8Z\353N\2362+\316J\020 \314"
 231      BE3F 2706 
 231      AC29 BD2C 
 231      6538 5AEB 
 231      4E9E 322B 
 232 061e 539E D9B7 		.ascii	"S\236\331\267\375\b\245\f\262\037\220\345b>\376\223\271\177\353"
 232      FD08 A50C 
 232      B21F 90E5 
 232      623E FE93 
 232      B97F EB
 233 0631 BE97 9FB2 		.ascii	"\276\227\237\262C\005ZB"
 233      4305 5A42 
 234 0639 64C9 B05A 		.string	"d\311\260Z|diMo\331\302-w\016wL\351\026\007l%\313\266\345\261w\024~J\201m\246%\323j\361\2
 234      7C64 694D 
 234      6FD9 C22D 
 234      770E 774C 
 234      E916 076C 
 235 073a DB16 F087 		.ascii	"\333\026\360\207\315<{/\331W\240m\373G\023\024\330\265W\260s"
 235      CD3C 7B2F 
 235      D957 A06D 
 235      FB47 1314 
 235      D8B5 57B0 
 236 074f 68BF C04E 		.ascii	"h\277\300N\326~\205\235\242\375\006;\247\366[\354\\\332\253\330"
 236      D67E 859D 
 236      A2FD 063B 
 236      A7F6 5BEC 
 236      5CDA ABD8 
 237 0763 B9B5 D7B0 		.ascii	"\271\265\327\260\363h\277\307\316\253\375\001;\237\366G\354\374"
 237      F368 BFC7 
 237      CEAB FD01 
 237      3B9F F647 
 237      ECFC 
 238 0775 DA9F B00B 		.ascii	"\332\237\260\013h\177\306.C\373\013v\231\332Z\354\262F\250\013"
 238      687F C62E 
 238      43FB 0B76 
 238      99DA 5AEC 
 238      B246 A80B 
 239 0789 EE7F 13BB 		.ascii	"\356\177\023\273\320\"u\331\235\033\261\313\331\271\031\273\334"
 239      D022 75D9 
 239      9D1B B1CB 
 239      D9B9 19BB 
 239      DC
 240 079a DB9B BFB9 		.ascii	"\333\233\277\271w\b\254\306\0061_j\\z\003{\021\277\255\001g\304"
 240      7708 ACC6 
 240      0631 5F6A 
 240      5C7A 037B 
 240      11BF AD01 
 241 07b0 A21F BDB9 		.ascii	"\242\037\275\271\371\257\377\331\264\371\337\005o\024mXW\270"
 241      F9AF FFD9 
 241      B4F9 DF05 
 241      6F14 6D58 
 241      57B8 
 242 07c2 71E3 DA7F 		.ascii	"q\343\332\177\025\376w\335\206\365\205\211\343\242"
 242      15FE 77DD 
 242      86F5 8589 
 242      E3A2 
 243 07d0 BFBF FE93 		.ascii	"\277\277\376\223u\202\254\237v\024\025\256\333P\264^\336\370"
 243      7582 AC9F 
 243      7614 15AE 
 243      DB50 B45E 
 243      DEF8 
 244 07e2 8F7F FE6D 		.ascii	"\217\177\376mS\341\372\377\003\245\036\346\312"
 244      53E1 FAFF 
 244      03A5 1EE6 
 244      CA
 245               		.text
 246               		.section	.gnu.lto_.symbol_nodes.ed551e611cfe8d2d,"",@progbits
 247 0000 789C 5DCC 		.string	"x\234]\314\275NBA\020\206\341o\330\343\337Y\316\201\202\013\300{\240\367\322f\035\265\347
 247      BD4E 4241 
 247      1086 E16F 
 247      D8E3 DF59 
 247      CE81 820B 
 248 0042 D45E C15B 		.string	"\324^\301[\350V"
 248      E856 00
 249 0049 0317 87DB 		.string	"\003\027\207\333Q\336\300\233V\336\301\033V>\300\353Vf\3405+\237\340\314\312\034\354\254|
 249      51DE C09B 
 249      56DE C11B 
 249      563E C0EB 
 249      5666 E035 
 250 008d 21B4 231C 		.ascii	"!\264#\034\0207\f\354\0217W!\3131:\357\244<\235T\004\347\033"
 250      1037 0CEC 
 250      1137 5721 
 250      CB31 3AEF 
 250      A43C 9D54 
 251 00a4 387E 5C50 		.ascii	"8~\\P\352\364t\307y\340hP:_\342\262\367L\256hbz\326qE\035r\325"
 251      EAF4 74C7 
 251      79E0 6850 
 251      3A5F E2B2 
 251      F74C AE68 
 252 00c0 7245 8EA1 		.ascii	"rE\216\241F\256ui\344F\227Fnui\244\322\245\221\273\230\370w\212"
 252      46AE 7569 
 252      E446 9746 
 252      6E75 69A4 
 252      D2A5 91BB 
 253 00d8 87DC 2F33 		.ascii	"\207\334/3\324\310H\227F\306zs\254k\242k\242\353\241\205\037"
 253      D4C8 4897 
 253      46C6 7A73 
 253      AC6B A26B 
 253      A2EB A185 
 254 00ed 935A 8073 		.ascii	"\223Z\200s"
 255               		.text
 256               		.section	.gnu.lto_.refs.ed551e611cfe8d2d,"",@progbits
 257 0000 789C 0DC2 		.ascii	"x\234\r\302\001\n\200 \020E\301\357k3\023\r\211%$\274K\367\277"
 257      010A 8020 
 257      1045 C1EF 
 257      6B33 130D 
 257      8925 24BC 
 258 0017 553B 8C29 		.ascii	"U;\214)\351\223\344\035URl\250\301\305\026\007\f\354f\217\216"
 258      E993 E41D 
 258      5552 6CA8 
 258      C1C5 1607 
 258      0CEC 668F 
 259 002c 39F9 E188 		.ascii	"9\371\341\210\223<)/g\\\224\245\037L(\002d"
 259      933C 292F 
 259      675C 94A5 
 259      1F4C 2802 
 259      64
 260               		.text
 261               		.section	.gnu.lto_.decls.ed551e611cfe8d2d,"",@progbits
 262 0000 789C 8D58 		.ascii	"x\234\215XyXT\327\025\177\347\335\031\226a\323\240\251m\371\322"
 262      7958 54D7 
 262      157F E7DD 
 262      1996 61D3 
 262      A0A9 6DF9 
 263 0015 34E1 6BF8 		.ascii	"4\341k\370\243\r\3216M\322=i\322\264M\023\333\264I\277\3765E"
 263      A30D D136 
 263      4DD2 3D69 
 263      D2B4 4D13 
 263      DBB4 49BF 
 264 002c 982A 5F80 		.ascii	"\230*_\200\241\303`\232\257\377<eQq\003DD\\@\r\202\200\021\225"
 264      A1C3 609A 
 264      AFFF 3C65 
 264      5171 0344 
 264      445C 400D 
 265 0044 4D16 9951 		.ascii	"M\026\231Q\026EGY\024D\305\340\212\212\013\"\021Q\221\236{\357"
 265      1645 4759 
 265      1444 C5E0 
 265      8A8A 0B22 
 265      1151 919E 
 266 005a 7B6F DE6C 		.ascii	"{o\336lI\347\3430\367\336\367\273\277s\3569\347\336{\336\350"
 266      49E7 E330 
 266      F7DE F7BB 
 266      BF73 EE39 
 266      E7DE 7BDE 
 267 006f 0410 E8A7 		.ascii	"\004\020\350\247\356YA\260\213\202p\205\b\3024~\302p\354c\024"
 267      EE59 41B0 
 267      8B82 7085 
 267      08C2 347E 
 267      C270 EC63 
 268 0084 3F94 DD28 		.ascii	"?\224\335(\025({Q\"P\252Q\232\004\376\231\211bGiE\351@\351Dq"
 268      1528 7B51 
 268      2250 AA51 
 268      9A04 FE99 
 268      8962 4769 
 269 009e A074 A1F4 		.ascii	"\240t\241\364\242\364\241\f\240\234G\031F\271\2132\2062\027\325"
 269      A2F4 A10C 
 269      A09C 4719 
 269      46B9 8B32 
 269      8632 17D5 
 270 00b2 BE8A F23A 		.ascii	"\276\212\362:\312\317@\360\370P<\3106\br\373\274'\214q\273\343"
 270      CACF 40F0 
 270      F850 3CC8 
 270      3608 72FB 
 270      BC27 8C71 
 271 00c8 06BC E0FA 		.ascii	"\006\274\340\372\274\340\372\274\340z\275\340z\275\340\272\274"
 271      BCE0 FABC 
 271      E07A BDE0 
 271      7ABD E0BA 
 271      BC
 272 00d9 E0BA BCE0 		.ascii	"\340\272\274\340\034^p\016/\270N/\270N/\270\016/\270\016/\270"
 272      1C5E 700E 
 272      2FB8 4E2F 
 272      B84E 2FB8 
 272      0E2F B80E 
 273 00ef 562F B856 		.ascii	"V/\270V/8\273\027\234\335\013\216\306\316_\306\321|x\006e\026"
 273      2F38 BB17 
 273      9CDD 0B8E 
 273      C6CE 5FC6 
 273      D17C 7806 
 274 0105 CACF 81E7 		.ascii	"\312\317\201\347D\225f\376\260\227\3714\356\201\232\371t\316"
 274      4495 66FE 
 274      B097 F934 
 274      EE81 9AF9 
 274      74CE 
 275 0117 2F10 FC1A 		.ascii	"/\020\374\032\360\274\242\363\177\211\355\237\310\271\240\223"
 275      F0BC A2F3 
 275      7F89 ED9F 
 275      C8B9 A093 
 276 0127 E7D0 FCA0 		.ascii	"\347\320\374\240q\177\325K\216\214y\261}\314\213n\232k\230\336"
 276      717F D54B 
 276      8E8C 79B1 
 276      7DCC 8B6E 
 276      9A6B 98DE 
 277 013b 2C6F 15BB 		.ascii	",o\025\273i\376\376\bx^S[~\210\355_\241\374\032\234vQ^\305\266"
 277      69FE FE08 
 277      785E 535B 
 277      7E88 ED5F 
 277      A1FC 1A9C 
 278 0154 DF60 FF9A 		.ascii	"\337`\377\232\306\3067\201\257"
 278      C6C6 3781 
 278      AF
 279 015d E30E 0A6E 		.string	"\343\016\nn\033\341%\354\373\241\314\220\365\321\234\036\223}A\355\2479I\363\215\346\022\
 279      1BE1 25EC 
 279      FBA1 CC90 
 279      F5D1 9C1E 
 279      937D 41ED 
 280 025e 1F3F 2B73 		.string	"\037?+s\nP\005s\360\377\002\035\327]\260\253a\271\030\234EuwI\222a\016}\f{P\327\027@\301{
 280      0A50 0573 
 280      F0FF 021D 
 280      D75D B0AB 
 280      61B9 189C 
 281 032a CA17 D026 		.string	"\312\027\320&\353\002m\322\216\310\376\313#\034\241~\311\020\271\351$c\177 7\247\225\017#
 281      EB02 6DD2 
 281      8EC8 FECB 
 281      231C A17E 
 281      C910 B9E9 
 282 03d6 1FC4 99CD 		.string	"\037\304\231\315\275kA&\316\327\022\267\251\304\355H\334\246%\356`\304\3757\213\366\004\2
 282      BD6B 4126 
 282      CED7 12B7 
 282      A9C4 ED48 
 282      DCA6 25EE 
 283 042e E9F0 459C 		.ascii	"\351\360E\234\265f\344K\305\307\217\264\304'T\342\223H|BK\334"
 283      B566 E44B 
 283      C5C7 8FB4 
 283      C427 54E2 
 283      9348 7C42 
 284 0444 C588 D386 		.ascii	"\305\210\323\206\233\356\001\031\364E|\263m\364\272\342\343\007"
 284      9BEE 0119 
 284      F445 7CB3 
 284      6DF4 BAE2 
 284      E307 
 285 0456 5AE2 6E95 		.ascii	"Z\342n\225\270\007\211\273\265\304\275\214\270\304\261\275.\224"
 285      B807 89BB 
 285      B5C4 BD8C 
 285      B8C4 B1BD 
 285      2E94 
 286 0468 DCF7 455C 		.ascii	"\334\367E\\\320Q\336\250\370xLK|J%>\215\304\247\264\304}\214"
 286      D051 DEA8 
 286      F878 4C4B 
 286      7C4A 253E 
 286      8DC4 A7B4 
 287 047f B8B9 BD78 		.ascii	"\270\271\275x\251\037Y!\372 \036:\2723\303_&\276\240%\356W\211"
 287      A91F 5921 
 287      FA20 1E3A 
 287      BA33 C35F 
 287      26BE A025 
 288 0496 CF20 71BF 		.ascii	"\317 q\277\226x\200\021\267\034\276\3734\220\024\371\"\356\252"
 288      9678 8011 
 288      B71C BEFB 
 288      3490 14F9 
 288      22EE AA
 289 04a9 CD96 94E0 		.ascii	"\315\226\224\340\235\325\022\237U\211\317!\361Y-\361yF\\\336"
 289      9DD5 129F 
 289      5589 CF21 
 289      F159 2DF1 
 289      7946 5CDE 
 290 04bd 3CF8 544F 		.ascii	"<\370TOvs\342\264\235C]zr\220w\362[l\233\303\250\226\013\212"
 290      7673 E2B4 
 290      9D43 5D7A 
 290      7290 77F2 
 290      5B6C 9BC3 
 291 04d5 9693 C5ED 		.ascii	"\226\223\305\355\351\"\351`\217Ei||\334\037\202\243|\\\fp\tO"
 291      E922 E960 
 291      8F45 697C 
 291      7CDC 1F82 
 291      A37C 5C0C 
 292 04ec 3EE7 DDC0 		.ascii	">\347\335\300o\271{}\263\313\350\241~\021\307\207\234\007.\302"
 292      6FB9 7B7D 
 292      B3CB E8A1 
 292      7E11 C787 
 292      9C07 2EC2 
 293 0500 B882 65C7 		.ascii	"\270\202e\307\272\367S\225\002C\340\005D7Zu\321w\324\241\313"
 293      BAF7 5395 
 293      0243 E005 
 293      4437 5A75 
 293      D177 D4A1 
 294 0515 C0C6 1C4F 		.ascii	"\300\306\034O\212\372\203\331 \275/\257\360\301\314\302\t\007"
 294      8AFA 83D9 
 294      20BD 2FAF 
 294      F0C1 CCC2 
 294      0907 
 295 0527 F8B8 D1AE 		.ascii	"\370\270\321\256\261\033\355*\310W\332\275\2159\3454\300\266"
 295      B11B ED2A 
 295      C857 DABD 
 295      8D39 E534 
 295      C0B6 
 296 0539 2AC9 36D1 		.ascii	"*\3116\321$fH\266%8G\2440\030T=\366%zlP\353\261a\346\261\003"
 296      2466 48B6 
 296      2538 47A4 
 296      3018 543D 
 296      F625 7A6C 
 297 0554 E913 3501 		.ascii	"\351\0235\001d\332\227\223\2164;\376K\362\b{\272\341\351\312"
 297      64DA 9793 
 297      8E34 3BFE 
 297      4BF2 087B 
 297      BAE1 E9CA 
 298 0568 332C 5037 		.ascii	"3,P7\361)\334\340v>\274\325\275GT\215\347\213\234\274=9\346\\"
 298      F129 DCE0 
 298      763E BCD5 
 298      BD47 548D 
 298      E78B 9CBC 
 299 0580 D02D 0E5C 		.ascii	"\320-\016\\\232\356X\247\367\261\240;lA\267\225\005\345\2275"
 299      9AEE 58A7 
 299      F7B1 A03B 
 299      6C41 B795 
 299      05E5 9735 
 300 0594 968A F282 		.ascii	"\226\212\362\202\352\246\234\013B\030\\W\0274\202\013\272\256"
 300      EAA6 9C0B 
 300      4218 5C57 
 300      1734 820B 
 300      BAAE 
 301 05a6 5DD0 5D7E 		.ascii	"]\320]~0l\277\224\203'\016\361\221[gV\3568\007\352\371;\333\365"
 301      306C BF94 
 301      8327 0EF1 
 301      915B 6756 
 301      EE38 07EA 
 302 05be FC1D 55C9 		.ascii	"\374\035U\311\357!\371\250\226|\214\221_\331z\345\022\220\nN"
 302      EF21 F9A8 
 302      967C 8C91 
 302      5FD9 7AE5 
 302      1290 0A4E 
 303 05d2 7EF4 F386 		.ascii	"~\364\363\206'\301\274$\321cw\323\375\301\033\201\274$\211\242"
 303      27C1 BC24 
 303      D163 77D3 
 303      FDC1 1B81 
 303      BC24 89A2 
 304 05e6 DB6E C954 		.ascii	"\333n\311TQ(\251\343\320CcU\2452\224^\350\033\3574\226\004\222"
 304      5128 A9E3 
 304      D043 6355 
 304      A532 945E 
 304      E81B EF34 
 305 05fd 66FE 6CEB 		.ascii	"f\376l\353\261\255\313\202I\033\357\\\036\221\366\370\223\243"
 305      B1AD CB82 
 305      491B EF5C 
 305      1E91 F6F8 
 305      93A3 
 306 060f BCB3 F2F6 		.ascii	"\274\263\362\366@\216\2368XGw\260>;;\f\302##\243r\250\017\273"
 306      408E 9E38 
 306      5847 77B0 
 306      3E3B 3B0C 
 306      C223 23A3 
 307 0627 B0A0 A0B7 		.ascii	"\260\240\240\267\221\263ty\002\341\324x\254\365\242\340)D\302"
 307      91B3 7479 
 307      02E1 D478 
 307      ACF5 A2E0 
 307      2944 C2
 308 063a 1444 B2EB 		.ascii	"\024D\262\353i;M\351\241\336\255\337\333\202wz\032a1y\214\013"
 308      693B 4DE9 
 308      A1DE ADDF 
 308      DB82 777A 
 308      1A61 3179 
 309 0650 A578 B95E 		.ascii	"\245x\271^aA\230\033\241\200m\217f(\300G\256\300h\025\310\013"
 309      6141 981B 
 309      A180 6D8F 
 309      6628 C047 
 309      AEC0 6815 
 310 0666 8EC9 3809 		.ascii	"\216\3118\t\253 \004\br\366\313\367\341\215\273\3755a\3446\263"
 310      AB20 0408 
 310      72F6 CBF7 
 310      E18D BBFD 
 310      3561 E436 
 311 067b 5CDC 717F 		.ascii	"\\\334q\177\313\n\002\341\336\355\206\245b\224O\323\271\222\351"
 311      CB0A 02E1 
 311      DEED 86A5 
 311      6294 4FD3 
 311      B992 E9
 312 068e 608C FD12 		.ascii	"`\214\375\0221\034$Q\335dT%\323\264\302\226\325j \017\230&\375"
 312      311C 2451 
 312      DD64 5425 
 312      D3B4 C296 
 312      D56A 200F 
 313 06a5 607D 7B91 		.ascii	"`}{\221?\365\221\354\244lY\331W\250l\2349)]\344\232\226\243\326"
 313      3FF5 91EC 
 313      A46C 59D9 
 313      57A8 6C9C 
 313      3929 5DE4 
 314 06bd 0C31 1232 		.ascii	"\f1\0222Q\226\211\252\243P\333\206\3170\337\354\300\024N\342"
 314      5196 89AA 
 314      A350 DB86 
 314      CF30 DFEC 
 314      C014 4EE2 
 315 06d1 EAE9 0CD5 		.ascii	"\352\351\f\325\330h7G\025\314\244\216\242e\334C\031*;\212\207"
 315      D868 3747 
 315      15CC A48E 
 315      A265 DC43 
 315      192A 3B8A 
 316 06e6 4483 A4F7 		.ascii	"D\203\244\3671a\265Y\232\350F:\001n^]o\242^E\214\233WO\337\231"
 316      3161 B559 
 316      9AE8 463A 
 316      016E 5E5D 
 316      6FA2 5E45 
 317 0700 B86E 208F 		.ascii	"\270n \217\271W;K\033\213\203 *\234O\331\022\202>Z\211\254+\234"
 317      B957 3B4B 
 317      1B8B 8320 
 317      2A9C 4FD9 
 317      1282 3E5A 
 318 0718 3EA2 0482 		.ascii	">\242\004\202\340\325\021\220\205\353\377:_\320\\\177\274\273"
 318      E0D5 1190 
 318      85EB FF3A 
 318      5FD0 5C7F 
 318      BCBB 
 319 072a 2194 E7AC 		.ascii	"!\224\347\254\037v\033\353\232\332\365<\275_\301ng\371\321\001"
 319      1F76 1BEB 
 319      9ADA F53C 
 319      BD5F C16E 
 319      67F9 D101 
 320 073e 3DC9 D4B1 		.ascii	"=\311\324\261D\355N\257\332L\3703\235&\333g\361lo/\236\256\f"
 320      44ED 4EAF 
 320      DA4C F833 
 320      9D26 DB67 
 320      F16C 6F2F 
 321 0755 2159 1CAA 		.ascii	"!Y\034\252\324\361\263x\035\177qeq\207\201\344\361g\331G\233"
 321      D4F1 B378 
 321      1D7F 7165 
 321      7187 81E4 
 321      F167 D947 
 322 076a 3308 D9CA 		.ascii	"3\b\331\312;\007\306sG\364\244\214w\226>\315\354\026I5\353\220"
 322      3B07 C673 
 322      47F4 A48C 
 322      7796 3ECD 
 322      EC16 4935 
 323 0780 CAFC 8B13 		.ascii	"\312\374\213\023~`\300\032\034\377\370[\204$}_\255\276\005\330"
 323      7E60 C01A 
 323      1CFF F85B 
 323      8424 7D5F 
 323      ADBE 05D8 
 324 0794 2062 CD0B 		.ascii	" b\315\013\005b\004l\024i\351\035\300FX\t>JX{J\f\250\336\333"
 324      0562 046C 
 324      1469 E91D 
 324      C046 5809 
 324      3E4A 587B 
 325 07ad 910D 1019 		.ascii	"\221\r\020\031\311\262%\222o\222\257.\377\363t\332\022\333%\036"
 325      C9B2 2592 
 325      6F92 AF2E 
 325      FFF3 74DA 
 325      12DB 251E 
 326 07c1 D23C 74E5 		.ascii	"\322<t\345f\364\321<%\367\331\350V\364\322"
 326      66F4 D13C 
 326      25F7 D9E8 
 326      56F4 D2
 327 07d0 3C67 5C9B 		.string	"<g\\\233f\346=\307\306s|\242\263\305\b%\01669\016\212\245\233\345\020\024c\b\212\020Z\210
 327      66E6 3DC7 
 327      C673 7CA2 
 327      B3C5 0825 
 327      0E36 390E 
 328 089f 07AB 9BCF 		.ascii	"\007\253\233\317\375\024\355gn-\361\330\357\005\327\326\355\016"
 328      FD14 ED67 
 328      6E2D F1D8 
 328      EF05 D7D6 
 328      ED0E 
 329 08b1 2667 B993 		.ascii	"&g\271\223\306\216\365g\206)Nr\267\035*\320d_\346s%\367\250k"
 329      C68E F567 
 329      8629 4E72 
 329      B71D 2AD0 
 329      645F E673 
 330 08c9 CA29 C4E9 		.ascii	"\312)\304\351\232\022\33150]\2733\323\020.S\037\361I-\270\360"
 330      9A12 D935 
 330      305D BB33 
 330      D310 2E53 
 330      1FF1 492D 
 331 08df D2EB 2A63 		.ascii	"\322\353*cd\233N\3736]\2519\330\360\325]\f\226\201\007\033+V"
 331      649B 4EFB 
 331      365D A939 
 331      D8F0 D55D 
 331      0C96 8107 
 332 08f6 F35A 08C7 		.ascii	"\363Z\b\307\3442\241d\305x!ac\364X\374Bd\203\343m\005\353C\264"
 332      E432 A164 
 332      C578 2161 
 332      63F4 58FC 
 332      4264 83E3 
 333 090f 6502 4D43 		.ascii	"e\002MC\365U^\244u\002\326\033r\235\230\367\345e?\274\313\213"
 333      F555 5EA4 
 333      7502 D61B 
 333      729D 98F7 
 333      E565 3FBC 
 334 0925 ABB0 18CB 		.ascii	"\253\260\030\313\177\255O\222\n$:\007ap\337Y\220\335\327\336"
 334      7FAD 4F92 
 334      0A24 3A07 
 334      6170 DF59 
 334      90DD D7DE 
 335 0939 E37B 457A 		.ascii	"\343{Ez\217gl\354\261\031\3105~\270x+a\216\367\264\346\005\371"
 335      8F67 6CEC 
 335      B119 C835 
 335      7EB8 782B 
 335      618E F7B4 
 336 0950 A856 AA99 		.ascii	"\250V\252\231\025\373\025+n^\257m\013\244\025\005\226\204g\206"
 336      15FB 152B 
 336      6E5E AF6D 
 336      0BA4 1505 
 336      9684 6786 
 337 0964 1739 B2A4 		.ascii	"\0279\262\244tB1\260\317\351hl\362\267\306\032\246\376\311\221"
 337      7442 31B0 
 337      CFE9 686C 
 337      F2B7 C61A 
 337      A6FE C991 
 338 0978 8DAB 0C64 		.ascii	"\215\253\fd\271\236\251/)jj\365\323\252\242V(\272\352D\355\217"
 338      B99E A92F 
 338      296A 6AF5 
 338      D3AA A256 
 338      28BA EA44 
 339 098e 17AD C38E 		.ascii	"\027\255\303\216m\"We\233\350\013\316\220\016\001E@\255SS\255"
 339      6D22 5765 
 339      9BE8 0BCE 
 339      900E 0145 
 339      40AD 5353 
 340 09a3 A2A9 9E69 		.ascii	"\242\251\236iZ;r\002\257\214B\256i\262f`U\260li\376\310\177N"
 340      5A3B 7202 
 340      AF8C 42AE 
 340      69B2 6660 
 340      55B0 6C69 
 341 09bb 49C5 73D8 		.ascii	"I\305s\330\364\003\316\351\007\224\351\rl\272}\207\375\212\372"
 341      F403 CEE9 
 341      0794 E90D 
 341      6CBA 7D87 
 341      FD8A FA
 342 09ce 6B49 F6D7 		.ascii	"kI\366\327\027\305\320(\322\037L\036]\333\220I\264)A58S\242\211"
 342      17C5 D028 
 342      D21F 4C1E 
 342      5DDB 9049 
 342      B429 4135 
 343 09e6 A704 FDA6 		.ascii	"\247\004\375\246\256\1778\342\b\325\202\253]\300\3152\270\231"
 343      AE7F 38E2 
 343      08D5 82AB 
 343      5DC0 CD32 
 343      B899 
 344 09f8 818F 549C 		.ascii	"\201\217T\234\255\tqMRo\367\231\340q\231\301A1\034\347w\344H"
 344      AD09 714D 
 344      526F F799 
 344      E071 99C1 
 344      4131 1CE7 
 345 0a0f 2721 50FE 		.ascii	"'!P\376\271\246\352k\177\256\201\026\221\376\022\363h\371\303"
 345      B9A6 EA6B 
 345      7FAE 8116 
 345      91FE 12F3 
 345      68F9 C3
 346 0a22 EB81 5AF3 		.ascii	"\353\201Z\363\256\271\374Xd\223\315\2631\363:\245\372\207\376"
 346      AEB9 FC58 
 346      6493 CDB3 
 346      31F3 3AA5 
 346      FA87 FE
 347 0a35 5AF0 1D17 		.ascii	"Z\360\035\027\260]\006\333\031xuVQ\026yq\033_K\026\026\250\037"
 347      B05D 06DB 
 347      1978 7556 
 347      5116 7971 
 347      1B5F 4B16 
 348 0a4c 3FCB 7293 		.ascii	"?\313r\223\333{H|\221\226\177W\245\f?\216\301w\215\267\273\323"
 348      DB7B 487C 
 348      9196 7F57 
 348      A50C 3F8E 
 348      C177 8DB7 
 349 0a62 10E8 8A3B 		.ascii	"\020\350\212;\314p\373Z\207\362d.\333>?wL+\303\344d\330\247\024"
 349      CC70 FB5A 
 349      87F2 642E 
 349      DB3E 3F77 
 349      4C2B C3E4 
 350 0a7a 4C8F 07A6 		.ascii	"L\217\007\246\215a\032:K\355 c\306<0\355\f\223"
 350      8D61 1A3A 
 350      4BED 2063 
 350      C63C 30ED 
 350      0C93 
 351 0a8c 5771 E2AC 		.string	"Wq\342\254\277\214\311\365w\307t0L\341ds\206\250\330\343\2019\3020\027z\327\276\243\230\3
 351      BF8C C9F5 
 351      77C7 7430 
 351      4CE1 6473 
 351      86A8 D8E3 
 352 0b8d 05CF FDA9 		.string	"\005\317\375\251\321\372-\313\302\005\t\361\013\027Y\215q\246X\213)&\305dLI6\231\342t\237
 352      D1FA 2DCB 
 352      C205 09F1 
 352      0B17 598D 
 352      71A6 588B 
 353 0c6d 6C27 9B53 		.string	"l'\233S\214V\2355>\321d\300\036\2431Z\2115&9\020\271L\226\305\246\270W\324\326\\\2655/\21
 353      8C56 9D35 
 353      3ED1 64C0 
 353      1EA3 315A 
 353      8935 2639 
 354 0cc7 B991 F29C 		.ascii	"\271\221\362\234wE\306Tk|\002\316\374\037j4\305\366"
 354      7745 C654 
 354      6B7C 02CE 
 354      FC1F 6A34 
 354      C5F6 
 355               		.text
 356               		.section	.gnu.lto_.symtab.ed551e611cfe8d2d,"",@progbits
 357 0000 7267 626C 		.string	"rgblight_step"
 357      6967 6874 
 357      5F73 7465 
 357      7000 
 358 000e 00        		.string	""
 359 000f 01        		.ascii	"\001"
 360 0010 00        		.string	""
 361 0011 00        		.string	""
 362 0012 00        		.string	""
 363 0013 00        		.string	""
 364 0014 00        		.string	""
 365 0015 00        		.string	""
 366 0016 00        		.string	""
 367 0017 00        		.string	""
 368 0018 00        		.string	""
 369 0019 DC00      		.string	"\334"
 370 001b 00        		.string	""
 371 001c 00        		.string	""
 372 001d 7267 626C 		.string	"rgblight_step_reverse"
 372      6967 6874 
 372      5F73 7465 
 372      705F 7265 
 372      7665 7273 
 373 0033 00        		.string	""
 374 0034 01        		.ascii	"\001"
 375 0035 00        		.string	""
 376 0036 00        		.string	""
 377 0037 00        		.string	""
 378 0038 00        		.string	""
 379 0039 00        		.string	""
 380 003a 00        		.string	""
 381 003b 00        		.string	""
 382 003c 00        		.string	""
 383 003d 00        		.string	""
 384 003e D900      		.string	"\331"
 385 0040 00        		.string	""
 386 0041 00        		.string	""
 387 0042 7267 626C 		.string	"rgblight_increase_hue"
 387      6967 6874 
 387      5F69 6E63 
 387      7265 6173 
 387      655F 6875 
 388 0058 00        		.string	""
 389 0059 01        		.ascii	"\001"
 390 005a 00        		.string	""
 391 005b 00        		.string	""
 392 005c 00        		.string	""
 393 005d 00        		.string	""
 394 005e 00        		.string	""
 395 005f 00        		.string	""
 396 0060 00        		.string	""
 397 0061 00        		.string	""
 398 0062 00        		.string	""
 399 0063 D600      		.string	"\326"
 400 0065 00        		.string	""
 401 0066 00        		.string	""
 402 0067 7267 626C 		.string	"rgblight_decrease_hue"
 402      6967 6874 
 402      5F64 6563 
 402      7265 6173 
 402      655F 6875 
 403 007d 00        		.string	""
 404 007e 01        		.ascii	"\001"
 405 007f 00        		.string	""
 406 0080 00        		.string	""
 407 0081 00        		.string	""
 408 0082 00        		.string	""
 409 0083 00        		.string	""
 410 0084 00        		.string	""
 411 0085 00        		.string	""
 412 0086 00        		.string	""
 413 0087 00        		.string	""
 414 0088 D300      		.string	"\323"
 415 008a 00        		.string	""
 416 008b 00        		.string	""
 417 008c 7267 626C 		.string	"rgblight_increase_sat"
 417      6967 6874 
 417      5F69 6E63 
 417      7265 6173 
 417      655F 7361 
 418 00a2 00        		.string	""
 419 00a3 01        		.ascii	"\001"
 420 00a4 00        		.string	""
 421 00a5 00        		.string	""
 422 00a6 00        		.string	""
 423 00a7 00        		.string	""
 424 00a8 00        		.string	""
 425 00a9 00        		.string	""
 426 00aa 00        		.string	""
 427 00ab 00        		.string	""
 428 00ac 00        		.string	""
 429 00ad D000      		.string	"\320"
 430 00af 00        		.string	""
 431 00b0 00        		.string	""
 432 00b1 7267 626C 		.string	"rgblight_decrease_sat"
 432      6967 6874 
 432      5F64 6563 
 432      7265 6173 
 432      655F 7361 
 433 00c7 00        		.string	""
 434 00c8 01        		.ascii	"\001"
 435 00c9 00        		.string	""
 436 00ca 00        		.string	""
 437 00cb 00        		.string	""
 438 00cc 00        		.string	""
 439 00cd 00        		.string	""
 440 00ce 00        		.string	""
 441 00cf 00        		.string	""
 442 00d0 00        		.string	""
 443 00d1 00        		.string	""
 444 00d2 CD00      		.string	"\315"
 445 00d4 00        		.string	""
 446 00d5 00        		.string	""
 447 00d6 7267 626C 		.string	"rgblight_increase_val"
 447      6967 6874 
 447      5F69 6E63 
 447      7265 6173 
 447      655F 7661 
 448 00ec 00        		.string	""
 449 00ed 01        		.ascii	"\001"
 450 00ee 00        		.string	""
 451 00ef 00        		.string	""
 452 00f0 00        		.string	""
 453 00f1 00        		.string	""
 454 00f2 00        		.string	""
 455 00f3 00        		.string	""
 456 00f4 00        		.string	""
 457 00f5 00        		.string	""
 458 00f6 00        		.string	""
 459 00f7 CA00      		.string	"\312"
 460 00f9 00        		.string	""
 461 00fa 00        		.string	""
 462 00fb 7267 626C 		.string	"rgblight_decrease_val"
 462      6967 6874 
 462      5F64 6563 
 462      7265 6173 
 462      655F 7661 
 463 0111 00        		.string	""
 464 0112 01        		.ascii	"\001"
 465 0113 00        		.string	""
 466 0114 00        		.string	""
 467 0115 00        		.string	""
 468 0116 00        		.string	""
 469 0117 00        		.string	""
 470 0118 00        		.string	""
 471 0119 00        		.string	""
 472 011a 00        		.string	""
 473 011b 00        		.string	""
 474 011c C700      		.string	"\307"
 475 011e 00        		.string	""
 476 011f 00        		.string	""
 477 0120 7267 626C 		.string	"rgblight_increase_speed"
 477      6967 6874 
 477      5F69 6E63 
 477      7265 6173 
 477      655F 7370 
 478 0138 00        		.string	""
 479 0139 01        		.ascii	"\001"
 480 013a 00        		.string	""
 481 013b 00        		.string	""
 482 013c 00        		.string	""
 483 013d 00        		.string	""
 484 013e 00        		.string	""
 485 013f 00        		.string	""
 486 0140 00        		.string	""
 487 0141 00        		.string	""
 488 0142 00        		.string	""
 489 0143 C400      		.string	"\304"
 490 0145 00        		.string	""
 491 0146 00        		.string	""
 492 0147 7267 626C 		.string	"rgblight_decrease_speed"
 492      6967 6874 
 492      5F64 6563 
 492      7265 6173 
 492      655F 7370 
 493 015f 00        		.string	""
 494 0160 01        		.ascii	"\001"
 495 0161 00        		.string	""
 496 0162 00        		.string	""
 497 0163 00        		.string	""
 498 0164 00        		.string	""
 499 0165 00        		.string	""
 500 0166 00        		.string	""
 501 0167 00        		.string	""
 502 0168 00        		.string	""
 503 0169 00        		.string	""
 504 016a C100      		.string	"\301"
 505 016c 00        		.string	""
 506 016d 00        		.string	""
 507 016e 7267 626C 		.string	"rgblight_toggle"
 507      6967 6874 
 507      5F74 6F67 
 507      676C 6500 
 508 017e 00        		.string	""
 509 017f 01        		.ascii	"\001"
 510 0180 00        		.string	""
 511 0181 00        		.string	""
 512 0182 00        		.string	""
 513 0183 00        		.string	""
 514 0184 00        		.string	""
 515 0185 00        		.string	""
 516 0186 00        		.string	""
 517 0187 00        		.string	""
 518 0188 00        		.string	""
 519 0189 F200      		.string	"\362"
 520 018b 00        		.string	""
 521 018c 00        		.string	""
 522 018d 7072 6F63 		.string	"process_rgb"
 522      6573 735F 
 522      7267 6200 
 523 0199 00        		.string	""
 524 019a 00        		.string	""
 525 019b 00        		.string	""
 526 019c 00        		.string	""
 527 019d 00        		.string	""
 528 019e 00        		.string	""
 529 019f 00        		.string	""
 530 01a0 00        		.string	""
 531 01a1 00        		.string	""
 532 01a2 00        		.string	""
 533 01a3 00        		.string	""
 534 01a4 3101 00   		.string	"1\001"
 535 01a7 00        		.string	""
 536 01a8 7267 626C 		.string	"rgblight_mode"
 536      6967 6874 
 536      5F6D 6F64 
 536      6500 
 537 01b6 00        		.string	""
 538 01b7 02        		.ascii	"\002"
 539 01b8 00        		.string	""
 540 01b9 00        		.string	""
 541 01ba 00        		.string	""
 542 01bb 00        		.string	""
 543 01bc 00        		.string	""
 544 01bd 00        		.string	""
 545 01be 00        		.string	""
 546 01bf 00        		.string	""
 547 01c0 00        		.string	""
 548 01c1 3501 00   		.string	"5\001"
 549 01c4 00        		.string	""
 550 01c5 7267 626C 		.string	"rgblight_get_mode"
 550      6967 6874 
 550      5F67 6574 
 550      5F6D 6F64 
 550      6500 
 551 01d7 00        		.string	""
 552 01d8 02        		.ascii	"\002"
 553 01d9 00        		.string	""
 554 01da 00        		.string	""
 555 01db 00        		.string	""
 556 01dc 00        		.string	""
 557 01dd 00        		.string	""
 558 01de 00        		.string	""
 559 01df 00        		.string	""
 560 01e0 00        		.string	""
 561 01e1 00        		.string	""
 562 01e2 3801 00   		.string	"8\001"
 563 01e5 00        		.string	""
 564 01e6 6765 745F 		.string	"get_mods"
 564      6D6F 6473 
 564      00
 565 01ef 00        		.string	""
 566 01f0 02        		.ascii	"\002"
 567 01f1 00        		.string	""
 568 01f2 00        		.string	""
 569 01f3 00        		.string	""
 570 01f4 00        		.string	""
 571 01f5 00        		.string	""
 572 01f6 00        		.string	""
 573 01f7 00        		.string	""
 574 01f8 00        		.string	""
 575 01f9 00        		.string	""
 576 01fa 3A01 00   		.string	":\001"
 577 01fd 00        		.string	""
 578               		.text
 579               		.section	.gnu.lto_.opts,"",@progbits
 580 0000 272D 666D 		.ascii	"'-fmath-errno' '-fsigned-zeros' '-ftrapping-math' '-fno-trap"
 580      6174 682D 
 580      6572 726E 
 580      6F27 2027 
 580      2D66 7369 
 581 003c 7627 2027 		.ascii	"v' '-fno"
 581      2D66 6E6F 
 582 0044 2D6F 7065 		.string	"-openmp' '-fno-openacc' '-mn-flash=1' '-mno-skip-bug' '-mmcu=avr5' '-gdwarf-2' '-Os' '-We
 582      6E6D 7027 
 582      2027 2D66 
 582      6E6F 2D6F 
 582      7065 6E61 
 583               		.text
 584               		.comm	__gnu_lto_v1,1,1
 585               		.comm	__gnu_lto_slim,1,1
 586               		.ident	"GCC: (GNU) 5.4.0"
DEFINED SYMBOLS
                            *ABS*:0000000000000000 process_rgb.c
     /tmp/ccdvfQir.s:2      *ABS*:000000000000003e __SP_H__
     /tmp/ccdvfQir.s:3      *ABS*:000000000000003d __SP_L__
     /tmp/ccdvfQir.s:4      *ABS*:000000000000003f __SREG__
     /tmp/ccdvfQir.s:5      *ABS*:0000000000000000 __tmp_reg__
     /tmp/ccdvfQir.s:6      *ABS*:0000000000000001 __zero_reg__
                            *COM*:0000000000000001 __gnu_lto_v1
                            *COM*:0000000000000001 __gnu_lto_slim

NO UNDEFINED SYMBOLS
