   1               		.file	"process_magic.c"
   2               	__SP_H__ = 0x3e
   3               	__SP_L__ = 0x3d
   4               	__SREG__ = 0x3f
   5               	__tmp_reg__ = 0
   6               	__zero_reg__ = 1
   7               		.text
   8               	.Ltext0:
   9               		.section	.gnu.lto_.profile.404e1c947a00a095,"",@progbits
  10 0000 789C 6361 		.string	"x\234ca`d`e`"
  10      6064 6065 
  10      6000 
  11 000a 923D 8CD5 		.string	"\222=\214\325"
  11      00
  12 000f 029F 0114 		.ascii	"\002\237\001\024"
  13               		.text
  14               		.section	.gnu.lto_.icf.404e1c947a00a095,"",@progbits
  15 0000 789C 6361 		.string	"x\234ca`d"
  15      6064 00
  16 0007 010E 0604 		.string	"\001\016\006\004`d\330\372\360\3105\026\006"
  16      6064 D8FA 
  16      F0C8 3516 
  16      0600 
  17 0015 0F8B 0343 		.ascii	"\017\213\003C"
  18               		.text
  19               		.section	.gnu.lto_.jmpfuncs.404e1c947a00a095,"",@progbits
  20 0000 789C 6361 		.string	"x\234ca`d"
  20      6064 00
  21 0007 0107 0604 		.string	"\001\007\006\004`d`bdd\256\257g`\002r\230\030\37721Nk=t\236\375\013S+3P\216q9\243\fTxk\37
  21      6064 6062 
  21      6464 AEAF 
  21      6760 0272 
  21      9818 FF32 
  22 003c 00        		.string	""
  23 003d C5DA 0D54 		.ascii	"\305\332\rT"
  24               		.text
  25               		.section	.gnu.lto_.inline.404e1c947a00a095,"",@progbits
  26 0000 789C 6DD4 		.string	"x\234m\324\317K\033A\024\007\360y\233U\027\2656\3425\210\027\021<z\352\321\277@\372'x+\24
  26      CF4B 1B41 
  26      1407 F079 
  26      9B55 17B5 
  26      36E2 3588 
  27 0084 4020 0910 		.string	"@ \t\020\007\237\020\336w\bv`\365\240B\302"
  27      079F 10DE 
  27      7708 7660 
  27      F5A0 42C2 
  27      00
  28 0095 C244 1E72 		.string	"\302D\036r\025\217\311\335X\251\204\247e\200I\256\030\212:G\004\355)\200/y\360SK?\036\270
  28      158F C9DD 
  28      58A9 84A7 
  28      6580 49AE 
  28      188A 3A47 
  29 00bb 5B4E 31B8 		.ascii	"[N1\270\367n\230*;\020\246\031\242\213\367cTa#\3140\264\331'"
  29      F76E 982A 
  29      3B10 A619 
  29      A28B F763 
  29      5461 23CC 
  30 00d3 3796 844E 		.ascii	"7\226\204N\204\257\f\027s\211D\271\204.\204o\f\373#\231m\252"
  30      84AF 0C17 
  30      7389 44B9 
  30      842E 846F 
  30      0CFB 2399 
  31 00e9 0822 CC32 		.ascii	"\b\"\3142\034\365\364=\024K\b!\3141\254\\\246Fix7\302<Cj\332"
  31      1CF5 F43D 
  31      144B 0821 
  31      CC31 AC5C 
  31      A646 6978 
  32 0103 D9A1 EBF6 		.ascii	"\331\241\353\366 $\030v/\342\337ix/\302\002C\250\377\354\024"
  32      2024 1876 
  32      2FE2 DF69 
  32      782F C202 
  32      43A8 FFEC 
  33 0118 247C 4058 		.ascii	"$|@Xd\350\372\323\366\333\224\320\207\260\304\220\316\304\243"
  33      64E8 FAD3 
  33      F6DB 94D0 
  33      87B0 C490 
  33      CEC4 A3
  34 012b F4FA C308 		.ascii	"\364\372\303\bI\206;\347\370\232\256\033AXf\230O\207\032\344"
  34      4986 3BE7 
  34      F89A AE1B 
  34      4158 6698 
  34      4F87 1AE4 
  35 013f 7E3F EEA7 		.ascii	"~?\356\247x\377\346\363l{\221\204(\302\n\303\361\325\355:\315"
  35      78FF E6F3 
  35      6C7B 9184 
  35      28C2 0AC3 
  35      F1D5 ED3A 
  36 0154 8E21 AC32 		.ascii	"\216!\2542\204\177\246\367\350\266\037\021\034\372\"'\350s\222"
  36      847F A6F7 
  36      E8B6 1F11 
  36      1CFA 2227 
  36      E873 92
  37 0167 0FC6 DCCC 		.ascii	"\017\306\334\314\020\275\323\277\370SXc\370\364?\364\353\225"
  37      10BD D3BF 
  37      F853 5863 
  37      F8F4 3FF4 
  37      EB95 
  38 0179 842C C23A 		.ascii	"\204,\302:\303\217\315\363\360k\t\377\0206\020|E\301:Q\322Qg"
  38      C38F CDF3 
  38      F06B 09FF 
  38      1036 107C 
  38      45C1 3A51 
  39 0190 88F2 6095 		.ascii	"\210\362`\225)z\301\255\035\205\b4\2775\205Q\321\212\313\322"
  39      297A C1AD 
  39      1D85 0834 
  39      BF35 8551 
  39      D18A CBD2 
  40 01a4 A3A9 4743 		.ascii	"\243\251GC\217P\210\326\033L\215\205T\\\217\251\246\220L\037"
  40      8F50 88D6 
  40      1B4C 8D85 
  40      545C 8FA9 
  40      A690 4C1F 
  41 01b8 26AF 56A8 		.ascii	"&\257V\250\017\321g\350#@M\215j\250Q\203\326\336R'k\315\265\336"
  41      0FD1 67E8 
  41      2340 4D8D 
  41      6AA8 5183 
  41      D6DE 5227 
  42 01d0 6A6B B5B3 		.ascii	"jk\265\263\332X\355\253^Z\355\312Ms\377\007\245\202\223Q\306"
  42      DA58 EDAB 
  42      5E5A EDCA 
  42      4D73 FF07 
  42      A582 9351 
  43 01e5 CF10 6952 		.ascii	"\317\020iR\223F\271\032\365uQ\266\364l\274\324V\210g\360\261"
  43      9346 B91A 
  43      F575 51B6 
  43      F46C BCD4 
  43      5688 67F0 
  44 01fa 40A9      		.ascii	"@\251"
  45               		.text
  46               		.section	.gnu.lto_.pureconst.404e1c947a00a095,"",@progbits
  47 0000 789C 6361 		.string	"x\234ca`d`f`"
  47      6064 6066 
  47      6000 
  48 000a 9292 00   		.string	"\222\222"
  49 000d 00        		.string	""
  50 000e 7100      		.string	"q"
  51 0010 23        		.ascii	"#"
  52               		.text
  53               		.section	.gnu.lto_process_magic.404e1c947a00a095,"",@progbits
  54 0000 789C A599 		.string	"x\234\245\231\351S\024I\032\207+\253\372\2429\345Pn\020f\302u6\224Uc\302\330\375\262\021\
  54      E953 1449 
  54      1A87 2BAB 
  54      FAA2 39E5 
  54      506E 1066 
  55 00aa 9681 5806 		.string	"\226\201X\006a\031\214\345\022,C\261\f\3032\034\313eXFb\031\205e4\2261X&`\031\207\245\037
  55      6119 8CE5 
  55      122C 43B1 
  55      0CC3 321C 
  55      CB65 5846 
  56 00f3 AF04 F24A 		.string	"\257\004\362J\020\257\004\363J\b\257,\341\225P^\t\343\225p^\211\340\225\245\274\262\214W\
  56      10AF 04F3 
  56      4A08 AF2C 
  56      E195 505E 
  56      09E3 9570 
  57 018d 7BA6 DBF7 		.ascii	"{\246\333\367\373\303[\221\204\320\2675\335\305\307-\322o\211"
  57      FBC3 5B91 
  57      84D0 B735 
  57      DDC5 C72D 
  57      D26F 89
  58 01a0 40EB 0DD9 		.ascii	"@\353\r\331%/\002W\034\205>]o\303]\222[\222\310OD\202>\177$\261"
  58      252F 0257 
  58      1C85 3E5D 
  58      6FC3 5D92 
  58      5B92 C84F 
  59 01ba A48C C40A 		.ascii	"\244\214\304\n\364\220@\216\223\025\264\265\273\253\375#i\035"
  59      F490 408E 
  59      9315 B4B5 
  59      BBAB FD23 
  59      691D 
  60 01cc 82A7 4E0E 		.ascii	"\202\247N\016\346;dp \002@\0139\361>h\021H9Y\001\315\307*\027"
  60      E63B 6470 
  60      2002 400B 
  60      39F1 3E68 
  60      1148 3959 
  61 01e5 7605 DA32 		.ascii	"v\005\3322\\\364/\021\214\251\352\317\304\0067\301\311?{\\>_"
  61      5CF4 2F11 
  61      8CA9 EACF 
  61      C406 37C1 
  61      C93F 7B5C 
  62 01fb BACB F56A 		.ascii	"\272\313\365j\315\303\217\377@(%X\t`6\250\332\t\f\355G\253\326"
  62      CDC3 8FFF 
  62      4028 2558 
  62      0960 36A8 
  62      DA09 0CED 
  63 0212 95F0 FE13 		.ascii	"\225\360\376\023(VA\261\032\212\265P\254\203b=4\021\204i\332"
  63      2856 41B1 
  63      1A8A B550 
  63      AC83 623D 
  63      3411 8469 
  64 0227 3544 EB15 		.ascii	"5D\353\025Ex\225\356\221\264\372\312\362\3250X\272d\243\"%\356"
  64      4578 95EE 
  64      91B4 FACA 
  64      F2D5 3058 
  64      BA64 A322 
  65 023d F39D 76C8 		.ascii	"\363\235v\310\302\202\247\361\252\265-;\340 \331\237\nf\177\244"
  65      C282 A7F1 
  65      AAB5 2D3B 
  65      E020 D99F 
  65      0A66 7FA4 
  66 0251 7DD0 6656 		.ascii	"}\320fVr\222\332\303\247G\307\323~\266\247\254rKvRA\016\222\005"
  66      7292 DAC3 
  66      A747 C7D3 
  66      7EB6 A7AC 
  66      724B 7652 
  67 0269 F086 E3BD 		.ascii	"\360\206\343\275\005\256R\222R\016\214\353/tpRIR\026D8\033r\212"
  67      05AE 5292 
  67      520E 8CEB 
  67      2F74 7052 
  67      4952 1644 
  68 0281 A408 A324 		.ascii	"\244\b\243$c(\375o\213\214I\357zr\032\372\026\300P\022\372R\244"
  68      6328 FD6F 
  68      8B8C 49EF 
  68      7A72 1AFA 
  68      16C0 5012 
  69 0298 0992 E1A9 		.ascii	"\t\222\341\251\331\310\332\332\241\355\315#\223\326B\222\237"
  69      D9C8 DADA 
  69      A1ED CD23 
  69      93D6 4292 
  69      9F
  70 02a9 4AB3 0A71 		.ascii	"J\263\nqK\016z\225H\320\234\234!\205\004\246 \255\261;\b\372"
  70      4B0E 7A95 
  70      48D0 9C9C 
  70      2185 04A6 
  70      20AD B13B 
  71 02bf 92C8 AE5A 		.ascii	"\222\310\256Z8\220VS\260\337\316\016\244\341\201\276{]s\242\334"
  71      3890 5653 
  71      B0DF CE0E 
  71      A4E1 81BE 
  71      7B5D 73A2 
  72 02d4 83A7 6E0B 		.ascii	"\203\247n\013\355\203T\323\031\251\"\261.\t\025kXO\273\213\232"
  72      ED83 54D3 
  72      19A9 22B1 
  72      2E09 156B 
  72      584F BB8B 
  73 02e9 FA9D 0C4C 		.ascii	"\372\235\fL\257\207\003oj\257\024\313\007\336\326\301\201G\325"
  73      AF87 036F 
  73      6AAF 14CB 
  73      07DE D6C1 
  73      8147 D5
  74 02fc C73C 12EF 		.ascii	"\307<\022\357\251\236@Ou\264\247Z\245\247z\332\023\236\212Eh"
  74      A99E 404F 
  74      75B4 A75A 
  74      A5A7 7ADA 
  74      139E 8A45 
  75 0311 0B95 C649 		.ascii	"\013\225\306Ij\b\234\b|8I\322=\315U\";/?\332W]\335\324\220}\353"
  75      6A08 9C08 
  75      7C38 49D2 
  75      3DCD 5522 
  75      3B2F 3FDA 
  76 032c BC2B 1B4F 		.ascii	"\274+\033O\313\317\007i\221\006\262\225F\356\024\350,\225\214"
  76      CBCF 0769 
  76      9106 B295 
  76      46EE 14E8 
  76      2C95 8C
  77 033f 7E0C 8DD5 		.ascii	"~\f\215\325i\371\343\fiA\377\034I\304)x\330\336\337"
  77      69F9 E30C 
  77      6941 FF1C 
  77      49C4 2978 
  77      D8DE DF
  78 0352 E294 278E 		.string	"\342\224'\216\036\017 M\3646i\224\347-\257\266\"\307!\317\317wp>gq\366\360\262k&)\324H\23
  78      1E0F 204D 
  78      F436 6994 
  78      E72D AFB6 
  78      22C7 21CF 
  79 0453 50DD 8CAA 		.string	"P\335\214\252/oj\225\223\337\216T\361\375\232i~\031xf\221\352A*\020\250^F]\031-\353\222\3
  79      2F6F 6A95 
  79      93DF 8E54 
  79      F1FD 9A69 
  79      7E19 7866 
  80 0484 F533 28A7 		.string	"\3653(\247\360\3660a\320\016\204\362&\332\233l\234\332i\007\352:R\301@\r0*\353A\352\244\2
  80      F0F6 3061 
  80      D00E 84F2 
  80      26DA 9B6C 
  80      9CDA 6907 
  81 04b5 7593 5123 		.string	"u\223Q#\336\262\"\371)\221\217\324\375\201\261\347J\360\215H\r\"\265\004\250!F\275j\032|,
  81      DEB2 22F9 
  81      2991 8FD4 
  81      FD81 B1E7 
  81      4AF0 8D48 
  82 0540 8D23 B414 		.string	"\215#\264\024\240\t\006y\257e^W\356\366\003\330\250\n\033-\203F\367X\243\201\222\222\f\24
  82      A009 0679 
  82      AF65 5E57 
  82      EEF6 03D8 
  82      A80A 1B2D 
  83 057b 2F96 49A4 		.string	"/\226I\244\242\200z\300\250\357}9\023\201\214\232G\252\274\336S\256\334\245\025x\252\017\
  83      A280 7AC0 
  83      A8EF 7D39 
  83      1381 8C9A 
  83      47AA BCDE 
  84 05b2 F498 41DB 		.string	"\364\230A\333.\236\330+\347\343C('\373\3009\345\272\034F\301'H\341\016\343\251|Z9S]\362\3
  84      2E9E D82B 
  84      E7E3 4328 
  84      27FB C039 
  84      E5BA 1C46 
  85 0680 86B8 56F9 		.string	"\206\270V\371H\212\242d\327*\331Xh\215_\231Tr\211FJ\251\342\342Ji\"U\302\2050]|\247\344\3
  85      488A A264 
  85      D72A D958 
  85      688D 5F99 
  85      5472 8946 
  86 0762 36CF 7DDD 		.ascii	"6\317}\335\237\232t:\244\343\264\327\006N\377\321q:\254<6\216"
  86      9F9A 743A 
  86      A4E3 B4D7 
  86      064E FFD1 
  86      713A AC3C 
  87 0778 C84E F09F 		.ascii	"\310N\360\237\320\241\365&\007?j\030\310\177u\006?\246<F\313"
  87      D0A1 F526 
  87      073F 6A18 
  87      C87F 7506 
  87      3FA6 3C46 
  88 078d 5481 8468 		.ascii	"T\201\204h\003\211e\201\f\230\016\344G\303@~\322q:\256< N\374"
  88      0389 6581 
  88      0C98 0EE4 
  88      47C3 407E 
  88      D271 3AAE 
  89 07a5 9A40 CA0D 		.ascii	"\232@\312\r\003\371Yg\360\223\312\023\263B\025\310\022m \201"
  89      03F9 5967 
  89      F093 CA13 
  89      B342 15C8 
  89      126D 2081 
  90 07b9 2C90 DBDD 		.ascii	",\220\333\335\301&\235*\r\235N\3518\235\026\371\006\341\fu:-"
  90      C126 9D2A 
  90      0D9D 4EE9 
  90      389D 16F9 
  90      06E1 0C75 
  91 07cf 3B        		.ascii	";"
  92 07d0 856A 9D82 		.ascii	"\205j\235\202\330\2354^i\326\251\312\320\251Z\307\251F\344[\202"
  92      D89D 345E 
  92      69D6 A9CA 
  92      D0A9 5AC7 
  92      A946 E45B 
  93 07e5 5A95 5398 		.ascii	"Z\225S\230\326\211\335\335\323\023\246\237\230u\206N\365:N\r"
  93      D689 DDDD 
  93      D313 A69F 
  93      9875 864E 
  93      F53A 4E0D 
  94 07f9 CAC5 DCA8 		.ascii	"\312\305\334\250r\n\327:\205\260\234\356\233vj2t:\253\343\324"
  94      720A D73A 
  94      85B0 9CEE 
  94      9B76 6A32 
  94      743A ABE3 
  95 080e ACDC DD1E 		.ascii	"\254\334\335\036\225S\204\326)\232\3454e\332\351\234\241\323"
  95      9553 84D6 
  95      299A E534 
  95      65DA E99C 
  95      A1D3 
  96 0820 791D A70B 		.ascii	"y\035\247\013\3125\336\242rZ\252u\212a9=1\355t\321\320\351\222"
  96      CA35 DEA2 
  96      725A AA75 
  96      8A61 393D 
  96      31ED 74D1 
  97 0837 8E53 AB72 		.ascii	"\216S\253r\323_V9-\323:-a9=5\275+\270b\350\324\246\343tU\331"
  97      D35F 5639 
  97      2DD3 3A2D 
  97      6139 3D35 
  97      BD2B B862 
  98 0852 15B4 AB9C 		.ascii	"\025\264\253\234\"\265N\241,\247\027\246s\3520t\272\246\343\324"
  98      22B5 4EA1 
  98      2CA7 17A6 
  98      73EA 3074 
  98      BAA6 E3D4 
  99 0866 A9EC 0ABA 		.ascii	"\251\354\n\272TNQZ\2470\226\323K\323\273\202nC\247\036\035\247"
  99      544E 515A 
  99      A730 96D3 
  99      4BD3 BB82 
  99      6E43 A71E 
 100 087c 5E65 57D0 		.ascii	"^eW\320\247r\212\326:\205\343\256\300\333j\274+\350W\355\n\246"
 100      A772 8AD6 
 100      3A85 E3AE 
 100      C0DB 6ABC 
 100      2BE8 57ED 
 101 0892 E74C EF0A 		.ascii	"\347L\357\n\256\033\372\017\350\370\337Pv\0057U\3761Z\377\b6"
 101      AE1B FA0F 
 101      E8F8 DF50 
 101      7605 3755 
 101      FE31 5AFF 
 102 08a8 CF0B A617 		.ascii	"\317\013\246\027\301A\303EpH\307iXyn\334\222\235~\321\"x\333"
 102      C141 C345 
 102      7048 C769 
 102      5879 6EDC 
 102      929D 7ED1 
 103 08bf 3090 119D 		.ascii	"0\220\021\235\301\357(\017\322QU \261\332@\342X \027{\314\006"
 103      C1EF 280F 
 103      D251 5520 
 103      B1DA 40E2 
 103      5820 177B 
 104 08d5 3266 18C8 		.ascii	"2f\030\310]\035\247q\345\0011\361k\002\271g\030\310}\235\301"
 104      5D1D A771 
 104      E501 31F1 
 104      6B02 B967 
 104      18C8 7D9D 
 105 08ea 2795 27E6 		.ascii	"'\225'\346\003U q\332@\226\t\370CC\373\330\032\366\205\362J\023"
 105      0355 2071 
 105      DA40 9609 
 105      F843 43FB 
 105      D81A F685 
 106 0901 5A0F 3FD0 		.ascii	"Z\017?\320Z\005>\217t|\246\224\tz,\246\300\260\013\231\355\022"
 106      5A05 3E8F 
 106      747C A694 
 106      097A 2CA6 
 106      C0B0 0B99 
 107 0917 1BF5 133A 		.ascii	"\033\365\023:0\034\351\3316c3\231\315\023\303l\236\352\270L+"
 107      301C E9D9 
 107      3663 3399 
 107      CD13 C36C 
 107      9EEA B84C 
 108 092c 2E5E 3185 		.ascii	".^1\205\216\217\363\342m\0373\373<|f8\372s\235\321g\224\373\344"
 108      8E8F F3E2 
 108      6D1F 33FB 
 108      3C7C 6638 
 108      FA73 9DD1 
 109 0944 051B 1D26 		.ascii	"\005\033\035&&^;1\36181\336~>1\253LX\275\\|b^\351\350\314*\027"
 109      265E 3B31 
 109      F138 31DE 
 109      7E3E 31AB 
 109      4C58 BD5C 
 110 0960 CAEB F727 		.ascii	"\312\353\367'"
 111 0964 6635 1DF8 		.string	"f5\035\370\027N\314\033\303h\336\352\270\314).\363\020\315j\234\230\312\353\246'f\301pt\2
 111      174E CC1B 
 111      C368 DEEA 
 111      B8CC 292E 
 111      F310 CD6A 
 112 0a65 466B BFF9 		.ascii	"Fk\277\371\347\226\317\276\372v\313\227)_o\336\264a\3437\337"
 112      E796 CFBE 
 112      FA76 CB97 
 112      295F 6FDE 
 112      B461 E337 
 113 0a7a FCF5 1F1B 		.ascii	"\374\365\037\033\377\265a\323\347\033\225\367_~\366\305\3377"
 113      FFB5 61D3 
 113      E71B 95F7 
 113      5F7E F6C5 
 113      DF37 
 114 0a8c ACDE 20D8 		.ascii	"\254\336 \330\345\017l\2337n\330\264\371\363\377\001,\250\006"
 114      E50F 6C9B 
 114      376E D8B4 
 114      F9F3 FF01 
 114      2CA8 06
 115 0a9f 2D        		.ascii	"-"
 116               		.text
 117               		.section	.gnu.lto_.symbol_nodes.404e1c947a00a095,"",@progbits
 118 0000 789C 55C9 		.string	"x\234U\311\261\r\2030\024E\321k\177\263F\004[\3200\333w\301"
 118      B10D 8330 
 118      1445 D16B 
 118      7FB3 4604 
 118      5BD0 30DB 
 119 0017 A9A9 9982 		.string	"\251\251\231\202\232\232\005h\021 R\023H*lW\360\232#\335\34704\204\331\035\205\367@\244\3
 119      9A9A 0568 
 119      1120 5213 
 119      482A 6C57 
 119      F09A 23DD 
 120 006c 3507 265D 		.ascii	"5\007&]"
 121               		.text
 122               		.section	.gnu.lto_.refs.404e1c947a00a095,"",@progbits
 123 0000 789C 0DCC 		.string	"x\234\r\314\301\n\001a"
 123      C10A 0161 
 123      00
 124 0009 85D1 7B4A 		.ascii	"\205\321{JJ\222$I\211H\223$Ij\"\362d\036\216dJV\236\310\277\270"
 124      4A92 2449 
 124      8948 9324 
 124      496A 22F2 
 124      641E 8E64 
 125 0023 9DBB FA5A 		.ascii	"\235\273\372Z\221{\222*\264\351\320\245G\237\001CF\214\2310e"
 125      917B 922A 
 125      B4E9 D0A5 
 125      479F 0143 
 125      468C 9930 
 126 0038 C69C 054B 		.ascii	"\306\234\005KVT\254\331\260e\307\236\003GjN\234\271p\215\033"
 126      5654 ACD9 
 126      B065 C79E 
 126      0347 6A4E 
 126      9CB9 708D 
 127 004d 8F52 7F26 		.ascii	"\217R\177&^\305wYS\376\247\370-\376\222?\337\250\013V"
 127      5EC5 7759 
 127      53FE A7F8 
 127      2DFE 923F 
 127      DFA8 0B56 
 128               		.text
 129               		.section	.gnu.lto_.decls.404e1c947a00a095,"",@progbits
 130 0000 789C 8D98 		.string	"x\234\215\230{PT\327\035\307\367\334\303\302\262<\326DbIC\363\222\3140m\nh\3324\366\2256I
 130      7B50 54D7 
 130      1DC7 F7DC 
 130      C3C2 B23C 
 130      D644 6249 
 131 00dd 8581 5E04 		.string	"\205\201^\004\205\202~\204\344\370I\314\323<~\322\217W@K\340})b\375x\003\3643\320\317Ao\2
 131      8582 7E84 
 131      E4F8 49CC 
 131      D33C 7ED2 
 131      8F57 404B 
 132 0161 BD11 86A2 		.string	"\275\021\206\242\303Th?\212\240\237T\250\030\360R\024\246\312\0257\210\342\002Z\271O\204'
 132      C354 683F 
 132      8AA0 9F54 
 132      A818 F052 
 132      14A6 CA15 
 133 01dc 09EF 30D2 		.ascii	"\t\3570\322\242\n\204\321\001\024I\302Y\256\205\2777\220\356"
 133      A20A 84D1 
 133      0114 49C2 
 133      59AE 85BF 
 133      3790 EE
 134 01ef 7589 A236 		.ascii	"u\211\2426T\205\016Bo*\2417\350\020t\020\242!\034*\207\3122R"
 134      5485 0E42 
 134      6F2A A137 
 134      E810 7410 
 134      A221 1C2A 
 135 0207 09AD C1D1 		.ascii	"\t\255\301\321\346\276\235\237\373\017\240~\0049\343\351DH\372"
 135      E6BE 9D9F 
 135      FB0F A07E 
 135      0439 E3E9 
 135      4448 FA
 136 021a 4188 CF24 		.ascii	"A\210\317$\362F\277#A\305'/bUT\374\207#\374U6F\377 \376:'=\324"
 136      F246 BF23 
 136      41C5 272F 
 136      6255 54FC 
 136      8723 FC55 
 137 0237 08AB 946D 		.ascii	"\b\253\224m\221*\3015\240\264\025\375N\246\035\222\233\"f\217"
 137      912A C135 
 137      A0B4 15FD 
 137      4EA6 1D92 
 137      9B22 668F 
 138 024b D423 1E89 		.ascii	"\324#\036\211\273a\026\267\233]\344\3319$\215\300@j\303\315@"
 138      BB61 16B7 
 138      9B5D E4D9 
 138      3924 8DC0 
 138      406A C3CD 
 139 0260 BC8C 8EC0 		.ascii	"\274\214\216\300\351\257\352\237\006\262\021PCq\347\203+\243"
 139      E9AF EA9F 
 139      06B2 1150 
 139      4371 E783 
 139      2BA3 
 140 0272 FE6C 0422 		.ascii	"\376l\004\"\240\230\223\354,\b\306\357S\362\304\375\312\"N\222"
 140      A098 93EC 
 140      2C08 C6EF 
 140      53F2 C4FD 
 140      CA22 4E92 
 141 0286 F1DE 31DE 		.ascii	"\361\3361\336\260\327\037\177@?\355"
 141      B0D7 1F7F 
 141      403F ED
 142 0291 6ADF B53E 		.string	"j\337\265>\020\177D\337\207o\213\025~\370\037\364\275\"\355z\211\006\232\204\301$Ans$\214
 142      107F 44DF 
 142      876F 8B15 
 142      7EF8 1FF4 
 142      BD22 ED7A 
 143 0392 4F9D A033 		.ascii	"O\235\2403r\242\300\333\366\317\322DG\023\242\016\033\300!i\341"
 143      72A2 C0DB 
 143      F6CF D244 
 143      4713 A20E 
 143      1BC0 2169 
 144 03a7 0A36 6A5E 		.ascii	"\n6j^\242r\236!\211\"\273K=Gy\242\330\220\270\221\271\317\021"
 144      A272 9E21 
 144      8922 BB4B 
 144      3D47 79A2 
 144      D890 B891 
 145 03be 92AC FBB6 		.ascii	"\222\254\373\266\371F\353\320\274\254n3\221\254\266+\262za|r"
 145      F946 EBD0 
 145      BCAC 6E33 
 145      91AC B62B 
 145      B27A 617C 
 146 03d3 448B BF64 		.ascii	"D\213\277dYm+j\260\007\240\210\205\254I~\020\344\350\034X\355"
 146      596D 2B6A 
 146      B007 A088 
 146      85AC 497E 
 146      10E4 E81C 
 147 03e9 9273 D44E 		.ascii	"\222s\324Ns\364\235\211@\335\320\377\357\313\005x\273>S^\037"
 147      73F4 9D89 
 147      40DD D0FF 
 147      EFCB 0578 
 147      BB3E 535E 
 148 03fe CCD6 8A2F 		.ascii	"\314\326\212/\024\033\216\034mU\263U\025\r\305\266\322\323\375"
 148      141B 8E1C 
 148      6D55 B355 
 148      150D C5B6 
 148      D2D3 FD
 149 0411 6ABC 8BC6 		.ascii	"j\274\213\306\202\272S+\3630\373\346\343\266\312B\330*k\265\317"
 149      82BA 532B 
 149      F330 FBE6 
 149      E3B6 CA42 
 149      D82A 6BB5 
 150 0426 9505 E142 		.ascii	"\225\005\341B\344\261[\206\260\335\362\352&\373)-.c\3372N\037"
 150      E4B1 5B86 
 150      B0DD F2EA 
 150      26FB 292D 
 150      2E63 DF32 
 151 043c 4BC3 B886 		.ascii	"K\303\270\206\025\352\036f\335Vc\007+\254\235]\327-\340\016Z"
 151      15EA 1E66 
 151      DD56 6307 
 151      2BAC 9D5D 
 151      D72D E00E 
 152 0451 C065 D957 		.ascii	"\300e\331W'}\221\026\216\006\370\303\326\232(\276\342:\024Th"
 152      277D 9116 
 152      8E06 F8C3 
 152      D69A 28BE 
 152      E23A 1454 
 153 0466 10C1 FA41 		.ascii	"\020\301\372A\337\300\347!z\"hh\r=\031\356b\372\356\0244U\007"
 153      DFC0 E721 
 153      7A22 6868 
 153      0D3D 19EE 
 153      62FA EE14 
 154 047d 4F65 2014 		.ascii	"Oe \024\036NgK8[$\027\266D\302\"\331\372\"\035\321\001\310\344"
 154      1E4E 674B 
 154      385B 2417 
 154      B644 C222 
 154      D9FA 221D 
 155 0495 30A4 68A9 		.ascii	"0\244h\2514\365i\355\rH\322RyX\217>\303\351\213^\351>2\274l\030"
 155      34F5 69ED 
 155      0D48 D252 
 155      7958 8F3E 
 155      C3E9 8B5E 
 156 04af 1C7C 18A4 		.ascii	"\034|\030\244@\207\371\b\334\202\021\270\t\350U\320u\3205\320"
 156      4087 F908 
 156      DC82 11B8 
 156      09E8 55D0 
 156      75D0 35D0 
 157 04c3 88FB F275 		.ascii	"\210\373\362u\324K~.y\365\323\217\302\\\223\270;M\020\0131\331"
 157      D44B 7E2E 
 157      79F5 D38F 
 157      C25C 93B8 
 157      3B4D 100B 
 158 04d9 4728 AC58 		.ascii	"G(\254X\275\314\350\221\244T1]G\r\\\366j\326m^V\323y9\3549/\231"
 158      BDCC E891 
 158      A454 315D 
 158      470D 5CF6 
 158      6AD6 6D5E 
 159 04f5 A946 660A 		.ascii	"\251Ff\nr\213\256pS\275\310e\213\354$\304V/\r\021\3063\253\252"
 159      728B AE70 
 159      53BD C865 
 159      8BEC 24C4 
 159      562F 0D11 
 160 050d 7B54 87C7 		.ascii	"{T\207\307\330L\336\3319\332\026$\355\017\236)B\267!3\377O\226"
 160      D84C DED9 
 160      39DA 1624 
 160      ED0F 9E29 
 160      42B7 2133 
 161 0524 5880 DD64 		.ascii	"X\200\335d\025|\013\370\250\274\n\206\371N\341c/\031\232\366"
 161      157C 0BF8 
 161      A8BC 0A86 
 161      F94E E163 
 161      2F19 9AF6 
 162 0538 9537 5069 		.ascii	"\2257PiI\234\2070{\350\n\034\343~&\300\3178\330\276\343\261/"
 162      499C 8730 
 162      7BE8 0A1C 
 162      E37E 26C0 
 162      CF38 D8BE 
 163 054f 5C89 4BA5 		.ascii	"\\\211K\245\373\0021\177\001\314\217\311y\255\361X\354\300\366"
 163      FB02 317F 
 163      01CC 8FC9 
 163      79AD F158 
 163      ECC0 F6
 164 0562 EF46 C914 		.ascii	"\357F\311\024&+\262\226\303\256\2657\177\023\355\243i\035S,\367"
 164      262B B296 
 164      C3AE B537 
 164      7F13 EDA3 
 164      691D 532C 
 165 0577 9C9B 5F96 		.ascii	"\234\233_\226\007\342\373,I\367\333\373\326\351\244$\315\217"
 165      07E2 FB2C 
 165      49F7 DBFB 
 165      D6E9 A424 
 165      CD8F 
 166 0589 1DDD 8790 		.ascii	"\035\335\207\220\275\205\317\234\334#\251\271\007\310]95c\322"
 166      BD85 CF9C 
 166      DC23 A9B9 
 166      07C8 5D39 
 166      3563 D2
 167 059c 26DA D85A 		.ascii	"&\332\330Z1\212\002\323]\027\020\n\312'\313\003\024\310Cjh\252"
 167      318A 02D3 
 167      5D17 100A 
 167      CA27 CB03 
 167      14C8 436A 
 168 05b2 9AF2 F511 		.ascii	"\232\362\365\021X\035Z\341C\352\356\035s\244kh\035\331\335\036"
 168      581D 5AE1 
 168      43EA EE1D 
 168      73A4 6B68 
 168      1DD9 DD1E 
 169 05c6 225A 79EC 		.ascii	"\"Zy\354\332\241\036\034\232\315FT|\031\321\351$M\373\307\b\256"
 169      DAA1 1E1C 
 169      9ACD 4654 
 169      7C19 D1E9 
 169      244D FBC7 
 170 05dc 52E8 1190 		.ascii	"R\350\021\220\324h\317\265\313\242\346U\273h\257\024\207\234"
 170      D468 CFB5 
 170      CBA2 E655 
 170      BB68 AF14 
 170      879C 
 171 05ee 5FBC DE2B 		.ascii	"_\274\336+\2129\"i\003\030\252\226\243\255\246\3677T\005\013"
 171      8A39 2269 
 171      0318 AA96 
 171      A3AD A6F7 
 171      3754 050B 
 172 0602 5385 26D1 		.ascii	"S\205&\321\253\320\262\362\321\231r\214\213\350\245\021}\333"
 172      ABD0 B2F2 
 172      D199 728C 
 172      8BE8 A511 
 172      7DDB 
 173 0614 DF5C 18EC 		.ascii	"\337\\\030\354\356\362\343E.\217S\324\343\n\356\360\301\t\307"
 173      EEF2 E345 
 173      2E8F 53D4 
 173      E30A EEF0 
 173      C109 C7
 174 0627 250C 0E87 		.ascii	"%\f\016\207\340Fv\376L|\267h\017%\004z\";{\302/\213h\232:\352"
 174      E046 76FE 
 174      4C7C B768 
 174      0F25 047A 
 174      223B 7BC2 
 175 0641 AC2B 49F1 		.ascii	"\254+I\361\3075\314Q}\312\236\033ZW\207Y\022\356l/.\020\2748"
 175      C735 CC51 
 175      7DCA 9E1B 
 175      5A57 8759 
 175      12EE 6C2F 
 176 0659 7752 E74F 		.ascii	"wR\347O\245\356n\2732\362\215\216{o\350\325\357\336\223\354\210"
 176      A5EE 6EBB 
 176      32F2 8D8E 
 176      7B6F E8D5 
 176      EFDE 93EC 
 177 066e A610 9A91 		.ascii	"\246\020\232\221\375\317H\376g\251\377}\203\325\255\002\036e"
 177      FDCF 48FE 
 177      67A9 FF7D 
 177      83D5 AD02 
 177      1E65 
 178 0680 FEAB E7EE 		.ascii	"\376\253\347\356\355\b\240\376IR\231\377\246\352'\203\310\213"
 178      ED08 A0FE 
 178      4952 99FF 
 178      A6EA 2783 
 178      C88B 
 179 0692 FF64 7273 		.ascii	"\377drsE\242\300\375\177\336\261v\330\237\371w\364\254\307i\342"
 179      45A2 C0FD 
 179      7FDE B176 
 179      D89F F977 
 179      F4AC C769 
 180 06a7 0944 10B8 		.ascii	"\tD\020\270\335\270\274\317I\336\327\n\304\373\323\222\361\233"
 180      DDB8 BCCF 
 180      49DE D70A 
 180      C4FB D392 
 180      F19B 
 181 06b9 C138 1553 		.ascii	"\3018\025S\357Y\3057\332t\356\236H\022$W\251\202{\236\3073ww"
 181      EF59 C537 
 181      DA74 EE9E 
 181      4812 2457 
 181      A982 7B9E 
 182 06d1 6BB8 27E7 		.ascii	"k\270'\347\272 \352\t\b\224\"\270<\301+\363\224F=\325\365e\302"
 182      BA20 EA09 
 182      0894 22B8 
 182      3CC1 2BF3 
 182      9446 3DD5 
 183 06e8 6D6A 07F3 		.ascii	"mj\007\363\224\3264V*\340\"VH\311\357\262\373\343\375\254\260"
 183      94D6 3456 
 183      2AE0 2256 
 183      48C9 EFB2 
 183      FBE3 FDAC 
 184 06fd FF40 5D24 		.ascii	"\377@]$n`\357\331\207r\246\004\334\306\n\017\323\323&\371A\344"
 184      6E60 EFD9 
 184      8772 A604 
 184      DCC6 0A0F 
 184      D3D3 26F9 
 185 0713 07C5 D489 		.ascii	"\007\305\324\211\352\226 \334\317\276I\347Y\b;\317\316\034\314"
 185      EA96 20DC 
 185      CFBE 49E7 
 185      5908 3BCF 
 185      CE1C CC
 186 0726 7D13 0F62 		.ascii	"}\023\017b\217\013d\b\273@\236\357\277X\254\301\223\354\333\226"
 186      8F0B 6408 
 186      BB40 9EEF 
 186      BF58 ACC1 
 186      93EC DB96 
 187 073a 81C7 653A 		.ascii	"\201\307e:\274\316\207\026&jwn\t\304\233YaO\375\223\t\035\316"
 187      BCCE 8716 
 187      266A 776E 
 187      09C4 9B59 
 187      614F FD93 
 188 0751 6385 E687 		.ascii	"c\205\346\207\316\021\204\367\263\302\372\363\345{\003q#-\004"
 188      CE11 84F7 
 188      B3C2 FAF3 
 188      E57B 0371 
 188      232D 04
 189 0764 17F4 345F 		.ascii	"\027\3644_\325\322K\211\364D\204{\271\302e\013l\t\027\n\021\310"
 189      D5D2 4B89 
 189      F444 847B 
 189      B9C2 650B 
 189      6C09 170A 
 190 077a 2E84 A3DD 		.ascii	".\204\243\335\240=\240\002P\036h\027(\007\224\017\332\t\332\016"
 190      A03D A002 
 190      501E 6817 
 190      2807 940F 
 190      DA09 DA0E 
 191 078e CA15 DCAF 		.ascii	"\312\025\334\257y\0037?\275\236\222\354\270\306.%\033!\321\304"
 191      7903 373F 
 191      BD9E 92EC 
 191      B8C6 2E25 
 191      1B21 D1C4 
 192 07a2 E652 E99A 		.ascii	"\346R\351\232Gkw\b\036GX\216t\264l\361\244\243dz\263 \357m\207"
 192      476B 7708 
 192      1E47 588E 
 192      74B4 6CF1 
 192      A4A3 647A 
 193 07bb 2FD0 A305 		.ascii	"/\320\243\005\376\311Ba\257W\243\203\237\271\016\227\r^\303p"
 193      FEC9 4261 
 193      AF57 A383 
 193      9FB9 0E97 
 193      0D5E C370 
 194 07cf 9D        		.ascii	"\235"
 195 07d0 59D0 204F 		.string	"Y\320 O\212#\335+\356f~\253Dgz\215\272\327\315x\256\204\177\356\025\337$\310x\266\204gx\3
 195      8A23 DD2B 
 195      EE66 7EAB 
 195      4467 7A8D 
 195      BAD7 CD78 
 196 084a C43D DCAC 		.ascii	"\304=\334\254\357^\034\304\020Y\034\373`q\354\205P\277\022\\"
 196      EF5E 1CC4 
 196      1059 1CFB 
 196      6071 EC85 
 196      50BF 125C 
 197 085e 57D5 6FB2 		.ascii	"W\325o\262\263\246\203\360\004]oB\327\326\223\257\243\210\020"
 197      B3A6 83F0 
 197      045D 6F42 
 197      D7D6 93AF 
 197      A388 10
 198 0871 7E65 21C7 		.ascii	"~e!\307^)\264,\226\367\034\342\316\213\027T\002\306\277\307\321"
 198      5E29 B42C 
 198      96F7 1CE2 
 198      CE8B 1754 
 198      02C6 BFC7 
 199 0886 F0CC B13C 		.ascii	"\360\314\261<\315k{D;\230\256\273\212`GK\366\241\346\3271\363"
 199      CD6B 7B44 
 199      3B98 AEBB 
 199      8A60 474B 
 199      F6A1 E6D7 
 200 089c 6EE1 AE23 		.ascii	"n\341\256#;\033\332/\274F\376O\340\332\344\234\316\375|%\273"
 200      3B1B DA2F 
 200      BC46 FE4F 
 200      E0DA E49C 
 200      CEFD 7C25 
 201 08b1 A08C 9609 		.ascii	"\240\214\226\t\364|%\277dc\252M\276\345\001\227\272eP\205\312"
 201      F47C 25BF 
 201      6463 AA4D 
 201      BEE5 0197 
 201      BA65 5085 
 202 08c6 395C 4EE1 		.ascii	"9\\N\341\234\222\372\r\202;L\3161\031>\300\341\003\024N{r\252"
 202      9C92 FA0D 
 202      823B 4CCE 
 202      3119 3EC0 
 202      E103 144E 
 203 08dd 47ED 0E27 		.ascii	"G\355\016'{\204Q\301\341\n\n\027\316\326:=\302pzX\256\344p%\263"
 203      7B84 51C1 
 203      E10A 0A17 
 203      CED6 3A3D 
 203      C270 7A58 
 204 08f6 7C67 AE0A 		.ascii	"|g\256\n/\336\315\356&\351\202\n\216\037zF\263\275\375\240\260"
 204      2FDE CDEE 
 204      26E9 820A 
 204      8E1F 7A46 
 204      B3BD FDA0 
 205 090b 1898 CBDB 		.ascii	"\030\230\313\333K\273\375\030cw\236\r\026\2135\236\324!J\365"
 205      4BBB FD18 
 205      6377 9E0D 
 205      168B 359E 
 205      D421 4AF5 
 206 091f 3D4D 2F45 		.ascii	"=M/E^-\035\246\314\311\215\267&\002\030\343\350\251F\nKU\224"
 206      5E2D 1DA6 
 206      CCC9 8DB7 
 206      2602 18E3 
 206      E8A9 460A 
 207 0936 EAC8 7D3C 		.ascii	"\352\310}<\036\304\251\213\311v\264\300\023\252\246\320\366\033"
 207      1EC4 A98B 
 207      C976 B4C0 
 207      13AA A6D0 
 207      F61B 
 208 0948 477B 7C38 		.ascii	"G{|84\250\204j(\264k\344R\206\004=TBG(\264\177\373\203s:\016"
 208      34A8 846A 
 208      28B4 6BE4 
 208      5286 043D 
 208      5442 4728 
 209 0963 65FB A60B 		.ascii	"e\373\246\013\236L-e\266=:\333\353\317\231<\005SG\231\314\253"
 209      9E4C 2D65 
 209      B63D 3ADB 
 209      EBCF 993C 
 209      0553 4799 
 210 0979 5FDF E009 		.ascii	"_\337\340\tp\034R0\365\214)\270T\025\314\231Z\005\323@\231\262"
 210      701C 5230 
 210      F58C 29B8 
 210      5415 CC99 
 210      5A05 D340 
 211 098f F19C 7E89 		.ascii	"\361\234~\211\351R0G)\223\237\267\255P\315\231'\n\346\030ej\233"
 211      E952 3047 
 211      2993 9FB7 
 211      AD50 CD99 
 211      270A E618 
 212 09a6 2A4B 349C 		.ascii	"*K4\234\231U0\307)\323<\325[/\r\310V\277\371L#e\032:\3569\245"
 212      9955 30C7 
 212      29D3 3CD5 
 212      5B2F 0DC8 
 212      56BF F94C 
 213 09c1 7EE5 2A18 		.ascii	"~\345*\030\007e\034)\365\303\002g\216*\230&\312d4\247\357\225"
 213      0765 1C29 
 213      F5C3 0267 
 213      8E2A 9826 
 213      CA64 34A7 
 214 09d7 623E A760 		.ascii	"b>\247`NPf\307\346\246N_i\350\025\314I6\035\307\037\225J1\017"
 214      4E50 66C7 
 214      E6A6 4E5F 
 214      69E8 15CC 
 214      4936 1DC7 
 215 09f0 2A98 66CA 		.ascii	"*\230f\312tOU\275\315\221\307\n\244\205\2450=\353\221\224\236"
 215      744F 55BD 
 215      CD91 C70A 
 215      A485 A530 
 215      3DEB 9194 
 216 0a05 69ED 7CA6 		.ascii	"i\355|\246\2252\355\315;\207\370\314w\354R0\247(S\331\331|Z\352"
 216      9532 EDCD 
 216      3B87 F8CC 
 216      77EC 5230 
 216      A728 53D9 
 217 0a1d D6B4 728E 		.ascii	"\326\264r\216}M\241\326k\027\007$C\031\212\2618M\231\3033\233"
 217      7D4D A1D6 
 217      6B17 0724 
 217      4319 8AB1 
 217      384D 99C3 
 218 0a33 AE48 0155 		.ascii	"\256H\001U*\202n"
 218      2A82 6E
 219 0a3a A34C CBF8 		.string	"\243L\313\370\245\177r\244F\201\264Sd\356\254c@\232>\227\025\256:(S?\330\260\232#Y\212nuR
 219      A57F 72A4 
 219      4681 B453 
 219      64EE AC63 
 219      409A 3E97 
 220 0b3b E6AD 2600 		.string	"\346\255&"
 221 0b3f 62F4 B688 		.ascii	"b\364\266\210\377$\031\342mIqQRg\340\233\321\002\335\364\350"
 221      FF24 19E2 
 221      6D49 7151 
 221      5267 E09B 
 221      D102 DDF4 
 222 0b54 5CA4 5115 		.ascii	"\\\244Q\025l4\233\fV\275\024\363\"\023\030\210\377w\354J}RB\214"
 222      6C34 9B0C 
 222      56BD 14F3 
 222      2213 1888 
 222      FF77 EC4A 
 223 0b6c C166 221F 		.ascii	"\301f\"\037\342\f\t\212>J\0308\377\341\374&\253\f\3611\246\230"
 223      E20C 098A 
 223      3E4A 1838 
 223      FFE1 FC26 
 223      AB0C F131 
 224 0b82 78F0 12E2 		.ascii	"x\360\022\342\372d5\031b\270\255 \366\243g_\260\325\360\211\316"
 224      FA64 3519 
 224      62B8 AD20 
 224      F6A3 675F 
 224      B0D5 F089 
 225 0b97 02F0 2A8B 		.ascii	"\002\360*\213M\037\023\233hXa6\005'~\002\337\255F\233Yo]\231"
 225      4D1F 139B 
 225      6858 6136 
 225      0527 7E02 
 225      DFAD 469B 
 226 0baf 14CB 8A66 		.ascii	"\024\313\212fR4C\321'~\265\325\022J\353V\030\214\253\023\315"
 226      5234 43D1 
 226      277E B5D5 
 226      124A EB56 
 226      188C AB13 
 227 0bc4 86C4 55EC 		.ascii	"\206\304U\354-\301`\344mWZ\rkLzS\242\3217\336\242w\231\260\032"
 227      2DC1 60E4 
 227      6D57 5A0D 
 227      6B4C 7A53 
 227      A2D1 37DE 
 228 0bdd CC36 778B 		.ascii	"\3146w\213\244H,.4\032\022\022\315\026\343j\275\315B\302\262"
 228      A448 2C2E 
 228      341A 1212 
 228      CD16 E36A 
 228      BDCD 42C2 
 229 0bf2 592D E6E7 		.ascii	"Y-\346\347(\302\013z\tx^J+O\247\336\225\005\235G\257\364\266"
 229      28C2 0B7A 
 229      0978 5E4A 
 229      2B4F A7DE 
 229      9505 9D47 
 230 0c09 FF01 622D 		.ascii	"\377\001b-B\""
 230      4222 
 231               		.text
 232               		.section	.gnu.lto_.symtab.404e1c947a00a095,"",@progbits
 233 0000 7072 6F63 		.string	"process_magic"
 233      6573 735F 
 233      6D61 6769 
 233      6300 
 234 000e 00        		.string	""
 235 000f 00        		.string	""
 236 0010 00        		.string	""
 237 0011 00        		.string	""
 238 0012 00        		.string	""
 239 0013 00        		.string	""
 240 0014 00        		.string	""
 241 0015 00        		.string	""
 242 0016 00        		.string	""
 243 0017 00        		.string	""
 244 0018 00        		.string	""
 245 0019 F700      		.string	"\367"
 246 001b 00        		.string	""
 247 001c 00        		.string	""
 248 001d 6B65 796D 		.string	"keymap_config"
 248      6170 5F63 
 248      6F6E 6669 
 248      6700 
 249 002b 00        		.string	""
 250 002c 02        		.ascii	"\002"
 251 002d 00        		.string	""
 252 002e 00        		.string	""
 253 002f 00        		.string	""
 254 0030 00        		.string	""
 255 0031 00        		.string	""
 256 0032 00        		.string	""
 257 0033 00        		.string	""
 258 0034 00        		.string	""
 259 0035 00        		.string	""
 260 0036 2B01 00   		.string	"+\001"
 261 0039 00        		.string	""
 262 003a 636C 6561 		.string	"clear_keyboard"
 262      725F 6B65 
 262      7962 6F61 
 262      7264 00
 263 0049 00        		.string	""
 264 004a 02        		.ascii	"\002"
 265 004b 00        		.string	""
 266 004c 00        		.string	""
 267 004d 00        		.string	""
 268 004e 00        		.string	""
 269 004f 00        		.string	""
 270 0050 00        		.string	""
 271 0051 00        		.string	""
 272 0052 00        		.string	""
 273 0053 00        		.string	""
 274 0054 FA00      		.string	"\372"
 275 0056 00        		.string	""
 276 0057 00        		.string	""
 277 0058 6565 636F 		.string	"eeconfig_update_keymap"
 277      6E66 6967 
 277      5F75 7064 
 277      6174 655F 
 277      6B65 796D 
 278 006f 00        		.string	""
 279 0070 02        		.ascii	"\002"
 280 0071 00        		.string	""
 281 0072 00        		.string	""
 282 0073 00        		.string	""
 283 0074 00        		.string	""
 284 0075 00        		.string	""
 285 0076 00        		.string	""
 286 0077 00        		.string	""
 287 0078 00        		.string	""
 288 0079 00        		.string	""
 289 007a FE00      		.string	"\376"
 290 007c 00        		.string	""
 291 007d 00        		.string	""
 292 007e 6565 636F 		.string	"eeconfig_update_handedness"
 292      6E66 6967 
 292      5F75 7064 
 292      6174 655F 
 292      6861 6E64 
 293 0099 00        		.string	""
 294 009a 02        		.ascii	"\002"
 295 009b 00        		.string	""
 296 009c 00        		.string	""
 297 009d 00        		.string	""
 298 009e 00        		.string	""
 299 009f 00        		.string	""
 300 00a0 00        		.string	""
 301 00a1 00        		.string	""
 302 00a2 00        		.string	""
 303 00a3 00        		.string	""
 304 00a4 0201 00   		.string	"\002\001"
 305 00a7 00        		.string	""
 306 00a8 6565 636F 		.string	"eeconfig_read_keymap"
 306      6E66 6967 
 306      5F72 6561 
 306      645F 6B65 
 306      796D 6170 
 307 00bd 00        		.string	""
 308 00be 02        		.ascii	"\002"
 309 00bf 00        		.string	""
 310 00c0 00        		.string	""
 311 00c1 00        		.string	""
 312 00c2 00        		.string	""
 313 00c3 00        		.string	""
 314 00c4 00        		.string	""
 315 00c5 00        		.string	""
 316 00c6 00        		.string	""
 317 00c7 00        		.string	""
 318 00c8 0501 00   		.string	"\005\001"
 319 00cb 00        		.string	""
 320               		.text
 321               		.section	.gnu.lto_.opts,"",@progbits
 322 0000 272D 666D 		.ascii	"'-fmath-errno' '-fsigned-zeros' '-ftrapping-math' '-fno-trap"
 322      6174 682D 
 322      6572 726E 
 322      6F27 2027 
 322      2D66 7369 
 323 003c 7627 2027 		.ascii	"v' '-fno"
 323      2D66 6E6F 
 324 0044 2D6F 7065 		.string	"-openmp' '-fno-openacc' '-mn-flash=1' '-mno-skip-bug' '-mmcu=avr5' '-gdwarf-2' '-Os' '-We
 324      6E6D 7027 
 324      2027 2D66 
 324      6E6F 2D6F 
 324      7065 6E61 
 325               		.text
 326               		.comm	__gnu_lto_v1,1,1
 327               		.comm	__gnu_lto_slim,1,1
 328               		.ident	"GCC: (GNU) 5.4.0"
DEFINED SYMBOLS
                            *ABS*:0000000000000000 process_magic.c
     /tmp/ccBWMHiz.s:2      *ABS*:000000000000003e __SP_H__
     /tmp/ccBWMHiz.s:3      *ABS*:000000000000003d __SP_L__
     /tmp/ccBWMHiz.s:4      *ABS*:000000000000003f __SREG__
     /tmp/ccBWMHiz.s:5      *ABS*:0000000000000000 __tmp_reg__
     /tmp/ccBWMHiz.s:6      *ABS*:0000000000000001 __zero_reg__
                            *COM*:0000000000000001 __gnu_lto_v1
                            *COM*:0000000000000001 __gnu_lto_slim

NO UNDEFINED SYMBOLS
