   1               		.file	"keymap.c"
   2               	__SP_H__ = 0x3e
   3               	__SP_L__ = 0x3d
   4               	__SREG__ = 0x3f
   5               	__tmp_reg__ = 0
   6               	__zero_reg__ = 1
   7               		.text
   8               	.Ltext0:
   9               		.section	.gnu.lto_.profile.1d9d0993c4078073,"",@progbits
  10 0000 789C 6361 		.string	"x\234ca`\004B "
  10      6004 4220 
  10      00
  11 0009 00        		.string	""
  12 000a 00        		.string	""
  13 000b 3900      		.string	"9"
  14 000d 07        		.ascii	"\007"
  15               		.text
  16               		.section	.gnu.lto_.icf.1d9d0993c4078073,"",@progbits
  17 0000 789C 6361 		.string	"x\234ca`d"
  17      6064 00
  18 0007 010E 0604 		.string	"\001\016\006\004`d80g\335-6\006"
  18      6064 3830 
  18      67DD 2D36 
  18      0600 
  19 0015 0E2C 02F9 		.ascii	"\016,\002\371"
  20               		.text
  21               		.section	.gnu.lto_.jmpfuncs.1d9d0993c4078073,"",@progbits
  22 0000 789C 6361 		.string	"x\234ca`d"
  22      6064 00
  23 0007 0126 0664 		.string	"\001&\006d"
  23      00
  24 000c 00        		.string	""
  25 000d 00        		.string	""
  26 000e 9E00      		.string	"\236"
  27 0010 08        		.ascii	"\b"
  28               		.text
  29               		.section	.gnu.lto_.inline.1d9d0993c4078073,"",@progbits
  30 0000 789C 6361 		.string	"x\234ca`d"
  30      6064 00
  31 0007 0126 0664 		.string	"\001&\006d"
  31      00
  32 000c 00        		.string	""
  33 000d 00        		.string	""
  34 000e 9E00      		.string	"\236"
  35 0010 08        		.ascii	"\b"
  36               		.text
  37               		.section	.gnu.lto_.pureconst.1d9d0993c4078073,"",@progbits
  38 0000 789C 6361 		.string	"x\234ca`\004B "
  38      6004 4220 
  38      00
  39 0009 00        		.string	""
  40 000a 00        		.string	""
  41 000b 3900      		.string	"9"
  42 000d 07        		.ascii	"\007"
  43               		.text
  44               		.section	.gnu.lto_keymaps.1d9d0993c4078073,"",@progbits
  45 0000 78        		.ascii	"x"
  46 0001 9CAD 97D9 		.string	"\234\255\227\331WSW\024\306soP\234 \035l\355@\347\331\216\332a\371\330\307\366\245\177C\3
  46      5753 5714 
  46      C673 6F50 
  46      9C20 1D6C 
  46      ED40 E7D9 
  47 0102 2905 395D 		.ascii	")\0059]2\347\357\033!\217"
  47      32E7 EF1B 
  47      218F 
  48 010c 396F 96ED 		.string	"9o\226\355d9N\331\256\367y\317H/\024\277*\"\201\327\001\330{/\003\361;\034\024q`q\271\021
  48      6439 4ED9 
  48      AEF7 79CF 
  48      482F 14BF 
  48      2A22 81D7 
  49 020d B602 B085 		.string	"\266\002\260\205\001\203\223\366\307j\016\370\255\220\266\221\241$l\276\357\204t\rf\325C~
  49      0183 93F6 
  49      C76A 0EF8 
  49      AD90 B691 
  49      A124 6CBE 
  50 0265 4B23 C9C2 		.string	"K#\311\302\205\222zd\262X\311\244\331\265\212-|\231\264\337\035\230G\246L\244M\335\372Ld\
  50      8592 7A64 
  50      B258 C9A4 
  50      D9B5 8A2D 
  50      7C99 B4DF 
  51 0314 78E3 C01B 		.ascii	"x\343\300\033\003\336(\343e<\n\351b#\374?\311\376\037\201\377"
  51      03DE 28E3 
  51      653C 0AE9 
  51      6223 FC3F 
  51      C9FE 1F81 
  52 0329 87E1 7F1F 		.ascii	"\207\341\177\037\374\177\017\376\277\003\377\273\341\377f\366"
  52      FC7F 0FFE 
  52      BF03 FFBB 
  52      E1FF 66F6 
  53 0339 7FB5 E9E4 		.ascii	"\177\265\351\344\222zK\376\377wMM/\351<\2723Q\224\202\224zH7"
  53      927A 4BFE 
  53      FF77 4D4D 
  53      2FE9 3CBA 
  53      3351 9482 
  54 0351 8D96 9721 		.ascii	"\215\226\227!\245\335\244\257\024\266\327\343s\300\253\254\371"
  54      A5DD A4AF 
  54      14B6 D7E3 
  54      73C0 ABAC 
  54      F9
  55 0362 D9B4 3F58 		.ascii	"\331\264?Xv)\347k\363\372\331\270\347\216?\203\361\037c\374i"
  55      7629 E76B 
  55      F3FA D9B8 
  55      E78E 3F83 
  55      F11F 63FC 
  56 0377 8C1F E0F1 		.ascii	"\214\037\340\361\307l\013>\270\372\023!\227j\273\r8\276>\025"
  56      C76C 0B3E 
  56      B8FA 1321 
  56      976A BB0D 
  56      38BE 3E15 
  57 038b 72B8 A1B3 		.ascii	"r\270\241\263\037\036\375\214\252UNR\026\376\370sZn\373\300\357"
  57      1F1E FD8C 
  57      AA55 4E52 
  57      16FE F873 
  57      5A6E FBC0 
  58 03a0 ACBE 10AA 		.ascii	"\254\276\020\252\340\2416\030\027\325q!\240\004\2012\017\224"
  58      E0A1 3618 
  58      17D5 7121 
  58      A004 8132 
  58      0F94 
  59 03b2 2740 9963 		.ascii	"'@\231c\224m\237\275\3336\324\266\r\224\233m\317E\372>&?\rN\207"
  59      946D 9FBD 
  59      DB36 D4B6 
  59      0D94 9B6D 
  59      CF45 FA3E 
  60 03cb B0B8 1F09 		.ascii	"\260\270\037\t"
  61 03cf F9E4 F6B9 		.string	"\371\344\366\271q\224\254\017\205<i\264:P\321>\240\225M.\265A\276O\205\333\253\317\335\02
  61      7194 AC0F 
  61      853C 69B4 
  61      3A50 D13E 
  61      A095 4D2E 
  62 04d0 F53E 3A07 		.string	"\365>:\007G\326j\221\224\327\350\373\302\221\272\202-\370:\335=\234\203\365\321=\253\007\
  62      47D6 6A91 
  62      94D7 E8FB 
  62      C291 BA82 
  62      2DF8 3ADD 
  63 0518 87E6 DBCF 		.ascii	"\207\346\333\317\336'T\312}\242\244\371\226\035\223}\227>X\246"
  63      DE27 54CA 
  63      7DA2 A4F9 
  63      961D 937D 
  63      973E 58A6 
  64 052c 6EB7 81E6 		.ascii	"n\267\201\346=\312\223\253\317\027\037\265\036\344cv\3471\273"
  64      3DCA 93AB 
  64      CF17 1FB5 
  64      1EE4 6376 
  64      E731 BB
  65 053f 7398 DD59 		.ascii	"s\230\335Y\260\234\341\331\255\317y\326\301\262G\310\322\252"
  65      B09C E1D9 
  65      ADCF 79D6 
  65      C1B2 47C8 
  65      D2AA 
  66 0551 6227 46DB 		.ascii	"b'F\333\375\354]I\245\334\225\236.\037\235\301i\367\346\263\327"
  66      FDEC 5D49 
  66      A5DC 959E 
  66      2E1F 9DC1 
  66      69F7 E6B3 
  67 0566 3A95 72AD 		.ascii	":\225r\255;\221m\350\227\242\226\026\003X\212\300R\b\226\213"
  67      3B91 6DE8 
  67      97A2 9616 
  67      0358 8AC0 
  67      5208 968B 
  68 057a 60B9 C02C 		.ascii	"`\271\300,\301<]\006\316\342\003B\216\2336\362\260\337\336\020"
  68      C13C 5D06 
  68      CEE2 0342 
  68      8E9B 36F2 
  68      B0DF DE10 
  69 058e F25C 4DA8 		.ascii	"\362\\M\250\0353\337E\306\234,\322\003\374\035*<k\005v\240\355"
  69      1D33 DF45 
  69      C69C 2CD2 
  69      03FC 1D2A 
  69      3C6B 0576 
  70 05a4 A72B A5A1 		.ascii	"\247+\245\241\332\027\375 .\001\213\t,\227\301R\f\026#\263\f"
  70      DA17 FD20 
  70      2E01 8B09 
  70      2C97 C152 
  70      0C16 23B3 
  71 05b9 6B97 F2E2 		.ascii	"k\227\362\342\"J\313\025Y)-\227d.-\0052\227\226<\231K\313)\231"
  71      224A CB15 
  71      5929 2D97 
  71      642E 2D05 
  71      3297 963C 
  72 05d2 4BCB 7199 		.ascii	"K\313q\231KK\272\314\245%IVJKO\3005\203\245\372U\247\216\241"
  72      4B4B BACC 
  72      A525 4956 
  72      4A4B 4FC0 
  72      3583 A5FA 
  73 05ea 8066 0EB8 		.ascii	"\200f\016\270\211Z5\205Z\325$j\221T*\376\353\037\261h\2726"
  73      895A 3585 
  73      5AD5 246A 
  73      9154 2AFE 
  73      EB1F B168 
  74               		.text
  75               		.section	.gnu.lto_.symbol_nodes.1d9d0993c4078073,"",@progbits
  76 0000 789C 6361 		.string	"x\234ca`d\340f"
  76      6064 E066 
  76      00
  77 0009 02D6 AF0C 		.string	"\002\326\257\f\f\215B \026"
  77      0C8D 4220 
  77      1600 
  78 0013 0D44 019E 		.ascii	"\rD\001\236"
  79               		.text
  80               		.section	.gnu.lto_.refs.1d9d0993c4078073,"",@progbits
  81 0000 789C 6361 		.string	"x\234ca`\004B "
  81      6004 4220 
  81      00
  82 0009 00        		.string	""
  83 000a 00        		.string	""
  84 000b 3900      		.string	"9"
  85 000d 07        		.ascii	"\007"
  86               		.text
  87               		.section	.gnu.lto_.decls.1d9d0993c4078073,"",@progbits
  88 0000 789C 8D53 		.string	"x\234\215S]HSa\030\376\336s6\335\216\223d,\362bT7\202t\261\2037\201wA\027\335\345Mu\025\2
  88      5D48 5361 
  88      18FE DE73 
  88      36DD 8E93 
  88      642C F262 
  89 0093 5BBF 5D4D 		.ascii	"[\277]M\377\024EIY\177\376\264\264\b\032\201@\024D\316L\216\256"
  89      FF14 4549 
  89      597F FEB4 
  89      B408 1A81 
  89      4014 44CE 
  90 00aa 84F5 6B02 		.ascii	"\204\365k\002\030%\240\"\342T|>T\211\330\204\270\032\361\314"
  90      1825 A022 
  90      E254 7C3E 
  90      5489 D884 
  90      B81A F1CC 
  91 00be D7ED 2F60 		.ascii	"\327\355/`\211Q\214 \245\202\345\357\214\211\325D\304\300;Yc"
  91      8951 8C20 
  91      A582 E5EF 
  91      8C89 D544 
  91      C4C0 3B59 
  92 00d3 2EBF 3EBE 		.ascii	".\277>\276\207C\201M]\236\272_\301u\252\020\276\013l\364k\244"
  92      8743 814D 
  92      5D9E BA5F 
  92      C175 AA10 
  92      BE0B 6CF4 
  93 00e9 EB4C 6686 		.ascii	"\353Lf\206R\251\232\321\342`\206>0\343\301\023 \341S6\303S\204"
  93      52A9 9AD1 
  93      E260 863E 
  93      30E3 C113 
  93      20E1 5336 
  94 0100 C85E 6BBF 		.ascii	"\310^k\277\272.r\255r\204+\261\354\264a\327\346\201Bs?o\016\f"
  94      BA2E 72AD 
  94      7284 2BB1 
  94      ECB4 61D7 
  94      E681 4273 
  95 0118 CF76 A846 		.ascii	"\317v\250F\346\030^\b/t\353\325\023\225!~\375h\350\227\352[\213"
  95      E618 5E08 
  95      2F74 EBD5 
  95      1395 217E 
  95      FD68 E897 
  96 012f 70F2 46D7 		.ascii	"p\362F\327\336]\265_\024\264\237s\355\255o\235\263\300{\rE\243"
  96      DE5D B55F 
  96      14B4 9F73 
  96      EDAD 6F9D 
  96      B3C0 7B0D 
  97 0145 4CEA A8F0 		.ascii	"L\352\250\360\346\3262\363\335 A>\317>J|ip\243\222o\260\372X"
  97      E6D6 32F3 
  97      DD20 413E 
  97      CF3E 4A7C 
  97      6970 A392 
  98 015d C7C7 4549 		.ascii	"\307\307EI<\300\326B:5\031\021\241Vz\314F\317\365?0\365QZ\005"
  98      3CC0 D642 
  98      3A35 1911 
  98      A156 7ACC 
  98      46CF F53F 
  99 0176 A320 C130 		.ascii	"\243 \3010\210\020\003\366\245\261\017\237h.\300\315\221?\326"
  99      8810 03F6 
  99      A5B1 0F9F 
  99      682E C0CD 
  99      913F D6
 100 0189 6004 6A99 		.ascii	"`\004j\231*\343\301\020n\016r\203o~\334\245zcP\275\256#\240\b"
 100      2AE3 C110 
 100      6E0E 7283 
 100      6F7E DCA5 
 100      7A63 50BD 
 101 01a1 A6B0 FE52 		.ascii	"\246\260\376R9\317\030\030\013\247R~&\2676\223\345\305l\254C"
 101      39CF 1818 
 101      0BA7 527E 
 101      26B7 3693 
 101      E5C5 6CAC 
 102 01b6 12D9 CF14 		.ascii	"\022\331\317\024vZa\017\024\330\367B\351\233b1\033\353\320\213"
 102      765A 610F 
 102      14D8 F742 
 102      E99B 6231 
 102      1BEB D08B 
 103 01ca EC27 0A7B 		.ascii	"\354'\n{\\a'\n\354\357w.w*\227\306\274\007\377\307{&:\335\276"
 103      5C61 270A 
 103      ECEF 772E 
 103      772A 97C6 
 103      BC07 FFC7 
 104 01e3 C3CD AB52 		.ascii	"\303\315\253R\336\243]\221\336\262b\366D)\357\211\333S\363\272"
 104      DEA3 5D91 
 104      DEB2 62F6 
 104      4429 EF89 
 104      DB53 F3BA 
 105 01f7 6276 A694 		.ascii	"bv\246\224\367\221\017\343=\272\232\2074\321M\347B\327\366\245"
 105      F791 0FE3 
 105      3DBA 9A87 
 105      34D1 4DE7 
 105      42D7 F6A5 
 106 020b 0294 8A90 		.ascii	"\002\224\212\220\305\216\b\277\232B'\364\200\206(\233'\360?\225"
 106      C58E 08BF 
 106      9A42 27F4 
 106      8086 289B 
 106      27F0 3F95 
 107 021f 831A 52DE 		.ascii	"\203\032R\336\344\272\330lk\363VX\255m\236\326\263\315\256f\253"
 107      E4BA D86C 
 107      6BF3 5658 
 107      AD6D 9ED6 
 107      B3CD AE66 
 108 0234 5577 ECF8 		.ascii	"Uw\354\370\311\203G\353\353\211\316\337\330\342\253;l\365\355"
 108      C983 47EB 
 108      EB89 CEDF 
 108      D8E2 AB3B 
 108      6CF5 ED
 109 0247 97FD 5E8F 		.ascii	"\227\375^\217\354n\264\313\266\013\036\271\261\305\341\366;]"
 109      EC6E B4CB 
 109      B60B 1EB9 
 109      B1C5 E1F6 
 109      3B5D 
 110 0259 B2D7 E7C4 		.ascii	"\262\327\347\304\272\345\0349\204\"\366V\233\307\351\225\035"
 110      BAE5 1C39 
 110      8422 F656 
 110      9BC7 E995 
 110      1D
 111 026a 9E26 BB53 		.ascii	"\236&\273SVEe\247\353\214\315\357\366\325\251\033\026\007\371"
 111      5645 65A7 
 111      EB8C CDEF 
 111      F6D5 A91B 
 111      1607 F9
 112 027d 0D15 5939 		.ascii	"\r\025Y9\306"
 112      C6
 113               		.text
 114               		.section	.gnu.lto_.symtab.1d9d0993c4078073,"",@progbits
 115 0000 6B65 796D 		.string	"keymaps"
 115      6170 7300 
 116 0008 00        		.string	""
 117 0009 00        		.string	""
 118 000a 00        		.string	""
 119 000b 00        		.string	""
 120 000c 00        		.string	""
 121 000d 00        		.string	""
 122 000e 00        		.string	""
 123 000f 00        		.string	""
 124 0010 00        		.string	""
 125 0011 00        		.string	""
 126 0012 00        		.string	""
 127 0013 C500      		.string	"\305"
 128 0015 00        		.string	""
 129 0016 00        		.string	""
 130               		.text
 131               		.section	.gnu.lto_.opts,"",@progbits
 132 0000 272D 666D 		.ascii	"'-fmath-errno' '-fsigned-zeros' '-ftrapping-math' '-fno-trap"
 132      6174 682D 
 132      6572 726E 
 132      6F27 2027 
 132      2D66 7369 
 133 003c 7627 2027 		.ascii	"v' '-fno"
 133      2D66 6E6F 
 134 0044 2D6F 7065 		.string	"-openmp' '-fno-openacc' '-mn-flash=1' '-mno-skip-bug' '-mmcu=avr5' '-gdwarf-2' '-Os' '-We
 134      6E6D 7027 
 134      2027 2D66 
 134      6E6F 2D6F 
 134      7065 6E61 
 135               		.text
 136               		.comm	__gnu_lto_v1,1,1
 137               		.comm	__gnu_lto_slim,1,1
 138               		.ident	"GCC: (GNU) 5.4.0"
DEFINED SYMBOLS
                            *ABS*:0000000000000000 keymap.c
     /tmp/ccQC5Apd.s:2      *ABS*:000000000000003e __SP_H__
     /tmp/ccQC5Apd.s:3      *ABS*:000000000000003d __SP_L__
     /tmp/ccQC5Apd.s:4      *ABS*:000000000000003f __SREG__
     /tmp/ccQC5Apd.s:5      *ABS*:0000000000000000 __tmp_reg__
     /tmp/ccQC5Apd.s:6      *ABS*:0000000000000001 __zero_reg__
                            *COM*:0000000000000001 __gnu_lto_v1
                            *COM*:0000000000000001 __gnu_lto_slim

NO UNDEFINED SYMBOLS
