   1               		.file	"Device_AVR8.c"
   2               	__SP_H__ = 0x3e
   3               	__SP_L__ = 0x3d
   4               	__SREG__ = 0x3f
   5               	__tmp_reg__ = 0
   6               	__zero_reg__ = 1
   7               		.text
   8               	.Ltext0:
   9               		.section	.gnu.lto_.profile.3bf38bc363227461,"",@progbits
  10 0000 789C 6361 		.string	"x\234ca`d`a`"
  10      6064 6061 
  10      6000 
  11 000a 9242 8200 		.string	"\222B\202"
  12 000e 00        		.string	""
  13 000f 9F00      		.string	"\237"
  14 0011 2E        		.ascii	"."
  15               		.text
  16               		.section	.gnu.lto_.icf.3bf38bc363227461,"",@progbits
  17 0000 789C 6361 		.string	"x\234ca`d"
  17      6064 00
  18 0007 010E 0604 		.string	"\001\016\006\004`d8\274\340\346a>\006"
  18      6064 38BC 
  18      E0E6 613E 
  18      0600 
  19 0015 0EC9 031C 		.ascii	"\016\311\003\034"
  20               		.text
  21               		.section	.gnu.lto_.jmpfuncs.3bf38bc363227461,"",@progbits
  22 0000 789C 6361 		.string	"x\234ca`d"
  22      6064 00
  23 0007 0156 0604 		.string	"\001V\006\004"
  23      00
  24 000c 8B00      		.string	"\213"
  25 000e 00        		.string	""
  26 000f 00        		.string	""
  27 0010 EE00      		.string	"\356"
  28 0012 0C        		.ascii	"\f"
  29               		.text
  30               		.section	.gnu.lto_.inline.3bf38bc363227461,"",@progbits
  31 0000 789C 6361 		.string	"x\234ca`d"
  31      6064 00
  32 0007 0171 0604 		.string	"\001q\006\004"
  32      00
  33 000c 8A08 3F06 		.string	"\212\b?\006\222L\n\037^r3\260-\220g\002\013\003"
  33      924C 0A1F 
  33      5E72 33B0 
  33      2D90 6702 
  33      0B03 00
  34 001f 3630 03E2 		.ascii	"60\003\342"
  35               		.text
  36               		.section	.gnu.lto_.pureconst.3bf38bc363227461,"",@progbits
  37 0000 789C 6361 		.string	"x\234ca`d`f`"
  37      6064 6066 
  37      6000 
  38 000a 9252 00   		.string	"\222R"
  39 000d 00        		.string	""
  40 000e 7200      		.string	"r"
  41 0010 24        		.ascii	"$"
  42               		.text
  43               		.section	.gnu.lto_USB_Device_SendRemoteWakeup.3bf38bc363227461,"",@progbits
  44 0000 789C 8D53 		.string	"x\234\215SMHTQ\024\276\347\336\367\2273\242\264v\321\326\215/Z\265h3)B\320\312\260m\244\2
  44      4D48 5451 
  44      14BE E7DE 
  44      F797 33A2 
  44      B476 D1D6 
  45 006c 79F1 8510 		.string	"y\361\205\0201K\202\342\027%\255\013\023B8\005Z\302\024N\320\342\375\220\006:\307uir\334\
  45      314B 82E2 
  45      1725 AD0B 
  45      1342 3805 
  45      5AC2 144E 
  46 0092 F28E 05A2 		.string	"\362\216\005\242Y*K\323M\003\232\225\022\274t\337\177\223\277$\214\235_\034\224\245]\016\
  46      592A 4BD3 
  46      4D03 9A95 
  46      12BC 74DF 
  46      7F93 BF24 
  47 0187 C3FB 1F4F 		.string	"\303\373\037O\264X$\006p\365#l\036\0223\361:\252\206\030\004\244?\r\376(d\200\200\214\247
  47      B458 2406 
  47      70F5 236C 
  47      1E12 33F1 
  47      3AAA 8618 
  48 0203 74CF A6DE 		.ascii	"t\317\246\336\016_\005\0266G\302\306\177~\310*\217\004\210\342"
  48      0E5F 0516 
  48      3647 C2C6 
  48      7F7E C82A 
  48      8F04 88E2 
  49 0217 D106 C5B0 		.ascii	"\321\006\305\260/k\325\340d\213\363\307s\337\335\">@\t#\033\212"
  49      2F6B D5E0 
  49      648B F3C7 
  49      73DF DD22 
  49      3E40 0923 
  50 022d BA3D 45FF 		.ascii	"\272=E\377$\033\365\364X\336\335\320\377\336\215\305\224b\362"
  50      241B F5F4 
  50      58DE DDD0 
  50      FFDE 8DC5 
  50      9462 F2
  51 0240 827C C9EE 		.ascii	"\202|\311\356\346A\353\b\366\352\342dg\3435\234\256o\032\245"
  51      E641 EB08 
  51      F6EA E264 
  51      67E3 359C 
  51      AE6F 1AA5 
  52 0254 E98F D2A0 		.ascii	"\351\217\322\240Q~\204s\356\254N ?\n\270\213\377\340\276H}\215"
  52      517E 8473 
  52      EEAC 4E20 
  52      3F0A B88B 
  52      FFE0 BE48 
  53 026a 1D39 5377 		.ascii	"\0359Sw\334>\\]\031\262+\242\365M\341\350)\273\372\310A\273\274"
  53      DC3E 5C5D 
  53      19B2 2BA2 
  53      F54D E1E8 
  53      29BB FAC8 
  54 0281 211A B643 		.ascii	"!\032\266CG\253\366\333\025\341\246\372\332\3601z/\253\025\207"
  54      47AB F6DB 
  54      15E1 A6FA 
  54      DAF0 317A 
  54      2FAB 1587 
  55 0295 FE27 A5AC 		.ascii	"\376'\245\254l\253\307hy\303\311\323\321\206H$\034e\246\023\342"
  55      6CAB C768 
  55      79C3 C9D3 
  55      D186 4824 
  55      1C65 A613 
  56 02aa 3770 458A 		.ascii	"7pE\212\333"
  56      DB
  57               		.text
  58               		.section	.gnu.lto_.symbol_nodes.3bf38bc363227461,"",@progbits
  59 0000 789C 6361 		.string	"x\234ca`d\020a"
  59      6064 1061 
  59      00
  60 0009 02A6 AB0C 		.string	"\002\246\253\f\365\f\f\023\3161\200\250]\r\212@!"
  60      F50C 0C13 
  60      CE31 80A8 
  60      5D0D 8A40 
  60      2100 
  61 001b 3665 04A8 		.ascii	"6e\004\250"
  62               		.text
  63               		.section	.gnu.lto_.refs.3bf38bc363227461,"",@progbits
  64 0000 789C 6361 		.string	"x\234ca`\004B "
  64      6004 4220 
  64      00
  65 0009 00        		.string	""
  66 000a 00        		.string	""
  67 000b 3900      		.string	"9"
  68 000d 07        		.ascii	"\007"
  69               		.text
  70               		.section	.gnu.lto_.decls.3bf38bc363227461,"",@progbits
  71 0000 789C 8D52 		.string	"x\234\215R[H\024Q\030>\377\314\344eJ\223\210\020\332B|\362i'\352\305^\0023\272\320Rah\320
  71      5B48 1451 
  71      183E FFCC 
  71      E465 4A93 
  71      8810 DA42 
  72 009c 2404 7055 		.ascii	"$\004pU\230\300UnH\342\353x\354\214\244pR\0345\005&~\340\250"
  72      98C0 556E 
  72      48E2 EB78 
  72      EC8C A470 
  72      521C 3505 
  73 00b4 9389 2340 		.ascii	"\223\211#@lg\n\213\273\244\264\275\035D>\035\201T)\330x\334\017"
  73      6C67 0A8B 
  73      BBA4 B4BD 
  73      1D44 3E1D 
  73      8154 29D8 
  74 00cb CE24 E9C0 		.ascii	"\316$\351\300\366\334i\2700u9Hl\177&>qK\221\021\034\365\241\367"
  74      F6DC 69B8 
  74      3075 3948 
  74      6C7F 263E 
  74      714B 9111 
  75 00e3 13EF C07D 		.ascii	"\023\357\300}\211\3419\312\230\264,\305\321\307W\361s\271\371"
  75      89E1 39CA 
  75      98B4 2CC5 
  75      D1C7 57F1 
  75      73B9 F9
  76 00f6 C779 24C6 		.ascii	"\307y$\306X\001@\305<X\342\202EH9\\\200|\374nQ\354\314\346H\323"
  76      5801 40C5 
  76      3C58 E282 
  76      4548 395C 
  76      807C FC6E 
  77 0110 8B8C C208 		.ascii	"\213\214\302\b\213D\331h\303\273\305\265,V\203E\022\317\202f"
  77      8B44 D968 
  77      C3BB C5B5 
  77      2C56 8345 
  77      12CF 8266 
  78 0124 90A1 05DC 		.ascii	"\220\241\005\334\274=\252\\\234\207\021\234\353\"\024be\377\344"
  78      BC3D AA5C 
  78      9C87 119C 
  78      EB22 1462 
  78      65FF E4
  79 0137 8FD8 EC6F 		.ascii	"\217\330\354o\022\314QAB\363\331\370\24333\321\234\253B\036\232"
  79      12CC 5141 
  79      42F3 D9F8 
  79      A333 33D1 
  79      9CAB 421E 
  80 014c 6DB5 632D 		.ascii	"m\265c-Yh\272T\230\004n\177\356\376\225c\333\274mKCs<G\336\314"
  80      5968 BA54 
  80      9804 6E7F 
  80      EEFE 9563 
  80      DBBC 6D4B 
  81 0166 75E9 DA87 		.ascii	"u\351\332\207OC\022\250E\007\030\333\313b\021\226\221O\234a\341"
  81      4F43 12A8 
  81      4507 18DB 
  81      CB62 1196 
  81      914F 9C61 
  82 017b 0A14 F10A 		.ascii	"\n\024\361\n>\004\264\201\013Z\301E\232\370V\243\307\352\366"
  82      3E04 B481 
  82      0B5A C145 
  82      9AF8 56A3 
  82      C7EA F6
  83 018e BCAD E583 		.ascii	"\274\255\345\203\266\203\n\321\324\240.\325\336\353\341\340x"
  83      B683 0AD1 
  83      D4A0 2ED5 
  83      DEEB E1E0 
  83      78
  84 019f 5BAE 8A90 		.ascii	"[\256\212\220\373\376\003\022\363{F\033_f\317:\304"
  84      FBFE 0312 
  84      F37B 461B 
  84      5F66 CF3A 
  84      C4
  85 01b0 4718 624C 		.string	"G\030bL\315\207\016\304\275\214\361K\300I\353\204Y\342\277@\211\311o\236\016~\311\222k@\2
  85      CD87 0EC4 
  85      BD8C F14B 
  85      C049 EB84 
  85      59E2 BF40 
  86 02b1 0AC9 FCF2 		.ascii	"\n\311\374\362\215\313\365\025\264\332_I\365\215\324\364\225"
  86      8DCB F515 
  86      B4DA 5F49 
  86      F58D D4F4 
  86      95
  87 02c2 D1ED 8110 		.ascii	"\321\355\201\020\335\344\335F\303;\262V\255+/(]\272\224,6\374"
  87      DDE4 DD46 
  87      C33B B256 
  87      AD2B 2F28 
  87      5DBA 942C 
  88 02d8 5B34 23BC 		.ascii	"[4#\274\325\253y\312W\226h+,\1775\265\202\032\226j\245\001\213"
  88      D5AB 79CA 
  88      5796 682B 
  88      2C7F 35B5 
  88      821A 966A 
  89 02ef 6A25 1565 		.ascii	"j%\025e\305\232\003\302uw%\311\f\373\315P\261\036Z\250\205\203"
  89      C59A 03C2 
  89      7577 25C9 
  89      0CFB CD50 
  89      B11E 5AA8 
  90 0305 96C6 EBBD 		.ascii	"\226\306\353\275\325\226\3467+\215\260\217j\301\220\017\303\356"
  90      D596 E637 
  90      2B8D B08F 
  90      6AC1 900F 
  90      C3EE 
  91 0317 2AA2 F2F6 		.ascii	"*\242\362\366\033<\036}\275\231\3435vzw\005u\277i\370M\272\346"
  91      1B3C 1E7D 
  91      BD99 E335 
  91      767A 7705 
  91      75BF 69F8 
  92 032e 7F5A BADD 		.ascii	"\177Z\272\335S%FK\003f\310\n\030\006\265\354I\252\310\354D\213"
  92      5325 464B 
  92      0366 C80A 
  92      1806 B5EC 
  92      49AA C8EC 
  93 0344 35C1 32EA 		.ascii	"5\3012\352\365\355\232\263\323k\231z\330\f\007\251O\267h0l\204"
  93      F5ED 9AB3 
  93      D36B 997A 
  93      D80C 07A9 
  93      4FB7 6830 
  94 035a 66E8 CB03 		.ascii	"f\350\313\003\001#\217'\226z\326\352\345\346V\213\322\335\364"
  94      0123 8F27 
  94      967A D6EA 
  94      E5E6 568B 
  94      D2DD F4
  95 036d 0F9C A88F 		.ascii	"\017\234\250\217a"
  95      61
  96               		.text
  97               		.section	.gnu.lto_.symtab.3bf38bc363227461,"",@progbits
  98 0000 5553 425F 		.string	"USB_Device_SendRemoteWakeup"
  98      4465 7669 
  98      6365 5F53 
  98      656E 6452 
  98      656D 6F74 
  99 001c 00        		.string	""
 100 001d 00        		.string	""
 101 001e 00        		.string	""
 102 001f 00        		.string	""
 103 0020 00        		.string	""
 104 0021 00        		.string	""
 105 0022 00        		.string	""
 106 0023 00        		.string	""
 107 0024 00        		.string	""
 108 0025 00        		.string	""
 109 0026 00        		.string	""
 110 0027 AB00      		.string	"\253"
 111 0029 00        		.string	""
 112 002a 00        		.string	""
 113               		.text
 114               		.section	.gnu.lto_.opts,"",@progbits
 115 0000 272D 666D 		.ascii	"'-fmath-errno' '-fsigned-zeros' '-ftrapping-math' '-fno-trap"
 115      6174 682D 
 115      6572 726E 
 115      6F27 2027 
 115      2D66 7369 
 116 003c 7627 2027 		.ascii	"v' '-fno"
 116      2D66 6E6F 
 117 0044 2D6F 7065 		.string	"-openmp' '-fno-openacc' '-mn-flash=1' '-mno-skip-bug' '-mmcu=avr5' '-gdwarf-2' '-Os' '-We
 117      6E6D 7027 
 117      2027 2D66 
 117      6E6F 2D6F 
 117      7065 6E61 
 118               		.text
 119               		.comm	__gnu_lto_v1,1,1
 120               		.comm	__gnu_lto_slim,1,1
 121               		.ident	"GCC: (GNU) 5.4.0"
DEFINED SYMBOLS
                            *ABS*:0000000000000000 Device_AVR8.c
     /tmp/cccLTxiy.s:2      *ABS*:000000000000003e __SP_H__
     /tmp/cccLTxiy.s:3      *ABS*:000000000000003d __SP_L__
     /tmp/cccLTxiy.s:4      *ABS*:000000000000003f __SREG__
     /tmp/cccLTxiy.s:5      *ABS*:0000000000000000 __tmp_reg__
     /tmp/cccLTxiy.s:6      *ABS*:0000000000000001 __zero_reg__
                            *COM*:0000000000000001 __gnu_lto_v1
                            *COM*:0000000000000001 __gnu_lto_slim

NO UNDEFINED SYMBOLS
