   1               		.file	"Endpoint_AVR8.c"
   2               	__SP_H__ = 0x3e
   3               	__SP_L__ = 0x3d
   4               	__SREG__ = 0x3f
   5               	__tmp_reg__ = 0
   6               	__zero_reg__ = 1
   7               		.text
   8               	.Ltext0:
   9               		.section	.gnu.lto_.profile.9ed095d0f442629b,"",@progbits
  10 0000 789C 6361 		.string	"x\234ca`d`c`"
  10      6064 6063 
  10      6000 
  11 000a 9293 185B 		.ascii	"\222\223\030[\030\001\003\350\001%"
  11      1801 03E8 
  11      0125 
  12               		.text
  13               		.section	.gnu.lto_.icf.9ed095d0f442629b,"",@progbits
  14 0000 789C 6361 		.string	"x\234ca`d"
  14      6064 00
  15 0007 0105 0604 		.string	"\001\005\006\004`e\270\276\375\351{&\306\311\277\276/\342`:\376\370\364<\016\346\367/&\36
  15      6065 B8BE 
  15      FDE9 7B26 
  15      C6C9 BFBE 
  15      2FE2 603A 
  16 002e 00        		.string	""
  17 002f 0DD4 0F45 		.ascii	"\r\324\017E"
  18               		.text
  19               		.section	.gnu.lto_.jmpfuncs.9ed095d0f442629b,"",@progbits
  20 0000 789C 45C9 		.string	"x\234E\311\271\021"
  20      B911 00
  21 0007 2010 C340 		.ascii	" \020\303@\371\314S\tu\272u\346\022\330L\243\201h\207obI;\211"
  21      F9CC 5309 
  21      75BA 75E6 
  21      12D8 4CA3 
  21      8168 876F 
  22 001f 4A72 B2DE 		.ascii	"Jr\262\336*0t_L\303\002\321"
  22      2A30 745F 
  22      4CC3 02D1 
  23               		.text
  24               		.section	.gnu.lto_.inline.9ed095d0f442629b,"",@progbits
  25 0000 789C 6361 		.string	"x\234ca`d"
  25      6064 00
  26 0007 8176 0604 		.string	"\201v\006\004`e`P\\\315\304\310\310\300\001\224c\266\2323I\205\201m\201<\023\003\323\t.\0
  26      6065 6050 
  26      5CCD C4C8 
  26      C8C0 0194 
  26      63B6 9A33 
  27 0070 8B05 149C 		.ascii	"\213\005\024\234"
  28               		.text
  29               		.section	.gnu.lto_.pureconst.9ed095d0f442629b,"",@progbits
  30 0000 789C 6361 		.string	"x\234ca`d\340f```e\220b\264d\222b\226b\223\002"
  30      6064 E066 
  30      6060 6065 
  30      9062 B464 
  30      9262 9662 
  31 0017 04DB 00   		.string	"\004\333"
  32 001a C3        		.ascii	"\303"
  33               		.text
  34               		.section	.gnu.lto_Endpoint_ConfigureEndpoint_Prv.9ed095d0f442629b,"",@progbits
  35 0000 789C 8D56 		.ascii	"x\234\215VkLTG\024\236s\347\356\335\027\354\002jl\"*MJ\250\177"
  35      6B4C 5447 
  35      149E 73E7 
  35      EEDD 17EC 
  35      026A 6C22 
  36 0019 44D2 87FD 		.ascii	"D\322\207\375\3214\261\212M\233\306X+\246?\2324Xh4\361U\324\376"
  36      D134 B18A 
  36      4D9B C658 
  36      2BA6 3F9A 
  36      3458 6834 
  37 0031 F5C2 B2AB 		.ascii	"\365\302\262\253\0255(>J\304\242i\251\370\250\002\002\025\245"
  37      1535 283E 
  37      4AC4 A269 
  37      A9F8 A802 
  37      0215 A5
  38 0044 B02E 0A0A 		.ascii	"\260.\n\n\024[\241\340\243V\005_E\260Bk}\024\335\2363sw"
  38      145B A1E0 
  38      A356 055F 
  38      45B0 426B 
  38      7D14 DD9E 
  39 005b D965 D5BA 		.string	"\331e\325\272\t\303<\316\367\235s\27693sU\006\214~\3256\306\032\360\3776\374\203(\006J~\0
  39      09C3 3CCE 
  39      F79D 73BE 
  39      3933 7355 
  39      068C 7ED5 
  40 015c 0DB7 45C5 		.string	"\r\267E\305\305\315eEn+\237'X\353\352n\324;\023\277\241\334\275U\215\316\\\335\233\235\34
  40      C5CD 6545 
  40      6E2B 9F27 
  40      58EB EA6E 
  40      D43B 13BF 
  41 025b 1C8E 90A4 		.ascii	"\034\216\220\244\206\330\200]\007\327\220\307_Z\273\3111\322"
  41      86D8 805D 
  41      07D7 90C7 
  41      5F5A BBC9 
  41      31D2 
  42 026d 3BA6 4949 		.ascii	";\246IIR\212\302?\033QM\336\274\216\024bap\0044\277\002\021\305"
  42      528A C23F 
  42      1B51 4DDE 
  42      BC8E 1462 
  42      6170 0434 
  43 0285 0647 45E8 		.ascii	"\006GE\350\265\240\271\370x\364\205\353\373\277\033\360:\377"
  43      B5A0 B9F8 
  43      78F4 85EB 
  43      FBBF 1BF0 
  43      3AFF 
  44 0297 56DC DC04 		.ascii	"V\334\334\004N\370\021\342\321\275o\353\203\246\356\202\317\311"
  44      4EF8 11E2 
  44      D1BD 6FEB 
  44      83A6 EE82 
  44      CFC9 
  45 02a9 0C0D B6BA 		.ascii	"\f\r\266\272}\247\315d\240\t\276\256\312\346\235\212\034\376"
  45      7DA7 CD64 
  45      A009 BEAE 
  45      CAE6 9D8A 
  45      1CFE 
  46 02bb 41F8 B557 		.ascii	"A\370\265WzoE\027\303\216\354\334l=\206X\352!\036\352\220\207"
  46      7A6F 4517 
  46      C38E ECDC 
  46      6C3D 8658 
  46      EA21 1EEA 
  47 02d1 0E72 31A0 		.ascii	"\016r1\240\037\206\242\\v\367\276@A\211\350\330\025\310=\357"
  47      1F86 A25C 
  47      76F7 BE40 
  47      4189 E8D8 
  47      15C8 3DEF 
  48 02e5 DAB7 5EA3 		.ascii	"\332\267^\243\031\214BJH\"\252\254\025E\304\b\036\256\355\334"
  48      198C 424A 
  48      4822 AAAC 
  48      1545 C408 
  48      1EAE EDDC 
  49 02f9 3E5B 2ED3 		.ascii	">[.\323\036\\h\\\227\027%\235\366\221\323\252\236:\213\341SO"
  49      1E5C 685C 
  49      9717 259D 
  49      F691 D3AA 
  49      9E3A 8BE1 
  50 030f 63E4 F558 		.ascii	"c\344\365X\320\253\017\275\222K\375\003\341\260\202Du2\301y~"
  50      D0AB 0FBD 
  50      924B FD03 
  50      E1B0 8244 
  50      7532 C179 
  51 0324 9CA4 8C41 		.ascii	"\234\244\214A\2125}e\347TI\331O\224;\372\266\257w\204s6\0049"
  51      8A35 7D65 
  51      E754 49D9 
  51      4F94 3BFA 
  51      B6AF 7784 
  52 033c 8F87 7356 		.ascii	"\217\207sV\022g\214\344\35468c\221\243\271\364\346mMr\336!\316"
  52      1267 8CE4 
  52      EC36 3863 
  52      91A3 B9F4 
  52      E66D 4D72 
  53 0353 C2B6 C6FE 		.ascii	"\302\266\306\376\021\234'\202\234\215\341\234\325\304\031+T0"
  53      119C 2782 
  53      9C8D E19C 
  53      D5C4 192B 
  53      5430 
  54 0365 0D97 929C 		.ascii	"\r\227\222\234V\231\034\b\277\334\030\210\304\024Q-3\231\213"
  54      5699 1C08 
  54      BFDC 1888 
  54      C414 512D 
  54      3399 8B
  55 0378 3B70 850A 		.ascii	";p\205\n\257x\335\036\033\205\240\200\002M\350Hh\355\017h\355"
  55      AF78 DD1E 
  55      1B85 A080 
  55      024D E848 
  55      68ED 0F68 
  56 038d 08DD 502C 		.ascii	"\b\335P,\0208\t\242"
  56      1038 09A2 
  57 0395 F806 4171 		.string	"\370\006Aq\361(\336Z\265\023w\303\251~;u\020\270\213G\363\216\3270Q\265\022\207*\231\362\
  57      F128 DE5A 
  57      B513 77C3 
  57      A97E 3B75 
  57      10B8 8B47 
  58 0496 1916 E8AC 		.ascii	"\031\026\350\254\200p\001)\357\013B\302N\2359\374\320\235"
  58      8070 0129 
  58      EF0B 42C2 
  58      4E9D 39FC 
  58      D09D 
  59 04a8 1310 35A0 		.string	"\023\0205\240i\3076\347\310\022\355\337\b`\250\252F\252z^\250z\201\024\262\323\325~h\265\
  59      69C7 36E7 
  59      C812 EDDF 
  59      0860 A8AA 
  59      46AA 7A5E 
  60 05a9 C881 1F11 		.string	"\310\201\037\021\257.Z8?y\321\312\317\322\223\337O\2339-yF\326\302/2\263\226'\247}\370v\3
  60      AF2E 5A38 
  60      3F79 D1CA 
  60      CFD2 93DF 
  60      4F9B 392D 
  61 0627 B9C1 C87C 		.ascii	"\271\301\310|"
  62               		.text
  63               		.section	.gnu.lto_Endpoint_ConfigureEndpointTable.9ed095d0f442629b,"",@progbits
  64 0000 789C 8D56 		.string	"x\234\215V}PTU\024\277\347\336\335}o\337\356\276eR\304\217\325\260d\030\247\031\267\031\2
  64      7D50 5455 
  64      14BF E7DE 
  64      DD7D 6FDF 
  64      EEBE 6552 
  65 00ea 0915 97C1 		.string	"\t\025\227\301\324\357\017\3767\207\365\033\326]6g~nY\205\326\225\212R\021\331\036\207\25
  65      D4EF 0FFE 
  65      3787 F51B 
  65      D65D 3667 
  65      7E6E 5985 
  66 011f 08D8 D677 		.ascii	"\b\330\326w\262"
  66      B2
  67 0124 DC43 530E 		.string	"\334CS\016)8=\332Q\337e\210G\201\321\363\301+\237\230\231\025\326\272B\313\252:\312\255\2
  67      2938 3DDA 
  67      51DF 6588 
  67      4781 D1F3 
  67      C12B 9F98 
  68 0225 E5DE 838F 		.ascii	"\345\336\203\217\272\027\007\267O\272\232\364\350\247\367)\364"
  68      BA17 07B7 
  68      4FBA 9AF4 
  68      E8A7 F729 
  68      F4
  69 0236 749F 241D 		.ascii	"t\237$\035'\243\032/\307T\251q\202\034\323\320\3059\021\007c"
  69      27A3 1A2F 
  69      C754 A971 
  69      821C D3D0 
  69      C539 1107 
  70 024b 120D 9369 		.ascii	"\022\r\223i\230B0\332 \317T\032\246\221\355~\032\322I\304tzz"
  70      9842 30DA 
  70      20CF 541A 
  70      A691 ED7E 
  70      1AD2 49C4 
  71 0262 8086 07C9 		.ascii	"\200\206\007\311o\006\3312h`\254\017w\356\035`\375\234\343?\321"
  71      6F06 D932 
  71      6860 AC0F 
  71      77EE 1D60 
  71      FD9C E33F 
  72 0277 0585 B847 		.ascii	"\005\205\270G\243v\227\004\312\315\305X\277\302-V\373\2641\332"
  72      A376 9704 
  72      CACD C558 
  72      BFC2 2D56 
  72      FBB4 31DA 
  73 028b 785A A32A 		.ascii	"xZ\243*tb\26452\221\375\\\260Z\277\350\206\302\201\342\216nA"
  73      7462 B435 
  73      3291 FD5C 
  73      B05A BFE8 
  73      86C2 81E2 
  74 02a2 CE61 A187 		.ascii	"\316a\241\207\005\260n\b\177\350Rs7\232\020~|[\355\035/\3015"
  74      05B0 6E08 
  74      7FE8 5273 
  74      379A 107E 
  74      7C5B ED1D 
  75 02b9 7042 0CE1 		.ascii	"pB\f\341\350Rf\273x\302\302@G4\025\326^\035\257l\336\344%\205"
  75      E852 66BB 
  75      78C2 C240 
  75      4734 15D6 
  75      5E1D AF6C 
  76 02d1 DCA1 1BCD 		.ascii	"\334\241\033\315-k\274[\240\274\200T\316\305p\274\b\205Z\222"
  76      2D6B BC5B 
  76      A0BC 8054 
  76      CEC5 70BC 
  76      0885 5A92 
  77 02e5 826F 3FDE 		.ascii	"\202o?\336Ts\335\f\356\266\326\341\313ET\311u\260\005\006\271"
  77      5473 DD0C 
  77      EEB6 D6E1 
  77      CB45 54C9 
  77      75B0 0506 
  78 02fa DCB1 AF21 		.ascii	"\334\261\257!\310\256B\344Bx\3620yeo\354\226\217\310\335\030"
  78      C8AE 42E4 
  78      4278 F230 
  78      7965 6FEC 
  78      968F C8DD 
  79 030f CF41 BB30 		.ascii	"\317A\2730\372\271\203]\324D\021\2676\337\274\300\311Y\032\235"
  79      FAB9 835D 
  79      D444 11B7 
  79      36DF BCC0 
  79      C959 1A9D 
  80 0323 6424 75FD 		.ascii	"d$u\375\007&)\006s\264\236\353\256\177\0234\233\004\325KAt2\300"
  80      0726 2906 
  80      73B4 9EEB 
  80      AE7F 1334 
  80      9B04 D54B 
  81 033b 2114 447C 		.ascii	"!\024D|\240\330"
  81      A0D8 
  82 0341 FCA3 D9F6 		.string	"\374\243\331\366\377\027\233\017O\031b\223}\3300\222-e4\333\r\370Om\215\222\215\n\004\016
  82      FF17 9B0F 
  82      4F19 6293 
  82      7DD8 3092 
  82      2D65 34DB 
  83 0442 7C63 7BF7 		.string	"|c{\367q\215]\007\321\317u\002\341\272)$\2728r-f\210\003*S\267\276\354\275\354\2633U\325\
  83      718D 5D07 
  83      D1CF 7502 
  83      E1BA 2924 
  83      BA38 722D 
  84 053e 6722 7BCA 		.string	"g\"{\312\204:\206\035p\336N\341\371\222\313 \213\212\266A\252=\245\324\016O\366\322D\035\
  84      843A 861D 
  84      70DE 4EE1 
  84      F992 CB20 
  84      8B8A B641 
  85 057b B533 69B3 		.ascii	"\2653i\263aS\321D\237\001\177\355\2565I\230\007W\273 \357\207"
  85      6153 D144 
  85      9F01 7FED 
  85      AE35 4998 
  85      0757 BB20 
  86 0591 E4C5 A6A1 		.ascii	"\344\305\246\241\343]\246\3336\362~:b\350\032)\376q\252\262\244"
  86      E35D A6DB 
  86      36F2 7E3A 
  86      62E8 1A29 
  86      FE71 AAB2 
  87 05a6 A331 F9DE 		.ascii	"\2431\371\3360\360h\357\264\271lI\323\321K\252.\032\342~@\322"
  87      30F0 68EF 
  87      B4B9 6C49 
  87      D3D1 4BAA 
  87      2E1A E27E 
  88 05bc 4F4F F67A 		.ascii	"OO\366z\020\255\354g\260\027\232\201\234\261Xo\247\266\372ok"
  88      10AD EC67 
  88      B017 9A81 
  88      9CB1 586F 
  88      A7B6 FA6F 
  89 05d1 8D65 A544 		.ascii	"\215e\245D\205\231\340B\366,|\017\253\231\354Y\204L\211b\231"
  89      8599 E042 
  89      F62C 7C0F 
  89      AB99 EC59 
  89      844C 8962 
  90 05e6 D3EE 7AE9 		.ascii	"\323\356z\351\276\240~\255\350\364\312+\264\351n.i\322\234<9"
  90      BEA0 7EAD 
  90      E8F4 CA2B 
  90      B4E9 6E2E 
  90      69D2 9C3C 
  91 05fb 9E3C 3991 		.ascii	"\236<9\221<\331\233<"
  91      3CD9 9B3C 
  92 0603 A94E 9ED0 		.string	"\251N\236\320\211A\025\322y\367>\033q?\34375\\T\2757\200}\202\217\316\301}[\3131\304\031\
  92      8941 15D2 
  92      79F7 3E1B 
  92      713F E337 
  92      355C 54BD 
  93 0704 746A CA89 		.ascii	"tj\312\211"
  94               		.text
  95               		.section	.gnu.lto_Endpoint_ClearEndpoints.9ed095d0f442629b,"",@progbits
  96 0000 789C 8D94 		.string	"x\234\215\224]HTA\024\307\347\314\334\375p\375\330\036{\360\301\027\037|q\223\202z\250\00
  96      5D48 5441 
  96      14C7 E7CC 
  96      DCFD 70FD 
  96      D81E 7BF0 
  97 00af B760 CCCF 		.ascii	"\267`\314\317\345\352\fj \216a\330H\275\357r\244\271\200\302"
  97      E5EA 0C6A 
  97      208E 61D8 
  97      48BD EF72 
  97      A4B9 80C2 
  98 00c3 62D4 20D4 		.ascii	"b\324 \324\202\031%\002\016\226y\256\273\303\304V\240\300\326"
  98      8219 2502 
  98      0E96 79AE 
  98      BBC3 C456 
  98      A0C0 D6
  99 00d6 D62F 6DF6 		.ascii	"\326/m\366\330*]\317\327\215\217=\366\002\335p\306\270\005\300"
  99      D82A 5DCF 
  99      D78D 8F3D 
  99      F602 DD70 
  99      C6B8 05C0 
 100 00ea 6D10 380D 		.ascii	"m\0208\r6G\303\246hE\276\003\261\017\222\r\335\357w\351\306\220"
 100      3647 C3A6 
 100      6845 BE03 
 100      B10F 920D 
 100      DDEF 77E9 
 101 0100 A5DD 6789 		.ascii	"\245\335g\211\002\331\031\306\334\202\333d3\234\232\021\364`"
 101      02D9 19C6 
 101      DC82 DB64 
 101      339C 9A11 
 101      F460 
 102 0112 6C16 6FDC 		.ascii	"l\026o\334\331\034\347\370\022c\340]\230]t\nR\201\253\226\273"
 102      D91C E7F8 
 102      1263 E05D 
 102      985D 740A 
 102      5281 AB96 
 103 0127 BDFD 9605 		.ascii	"\275\375\226\005\356\026B\212(\233\357/\261\253\317\005\0228"
 103      EE16 428A 
 103      289B EF2F 
 103      B1AB CF05 
 103      1238 
 104 0139 D6F3 BA29 		.ascii	"\326\363\272)\352\006T:\013\234\272nr\013\r\356A4\334\005T\002"
 104      EA06 543A 
 104      0B9C BA6E 
 104      720B 0DEE 
 104      4134 DC05 
 105 014f F7E1 0684 		.ascii	"\367\341\006\204\0224TQ\207##\220O\033\370c\357\244Jn\035g>@"
 105      1234 5451 
 105      8723 2390 
 105      4F1B F863 
 105      EFA4 4A6E 
 106 0167 03F0 3374 		.ascii	"\003\3603t2\340d\017aQ\247`\230\017\201\230\r$\251\305(\035\260"
 106      32E0 640F 
 106      6151 A760 
 106      980F 8198 
 106      0D24 A9C5 
 107 017e 891D 529E 		.ascii	"\211\035R\236w\342M\203\206\036"
 107      77E2 4D83 
 107      861E 
 108 0188 95A0 4783 		.string	"\225\240G\203E\"\340\221\t\352\327y\364\020b]\270\2451p-\027\316T\264\\\212Z+\307x\271\23
 108      4522 E091 
 108      09EA D779 
 108      F410 625D 
 108      B8A5 3170 
 109 0289 6F20 7B40 		.string	"o {@1\377\206v\310LE\020\267\274\360\312LU*\tw\t\233:\023\215E\257\352m\352\374\002t\312\
 109      31FF 8676 
 109      C84C 4510 
 109      B7BC F0CA 
 109      4C55 2A09 
 110 033b C5C0 96   		.ascii	"\305\300\226"
 111               		.text
 112               		.section	.gnu.lto_Endpoint_ClearStatusStage.9ed095d0f442629b,"",@progbits
 113 0000 789C 9594 		.ascii	"x\234\225\224[H\024a\024\307\317\371\276\335\231\335\331\235"
 113      5B48 1461 
 113      14C7 CFF9 
 113      BEDD 99DD 
 113      D99D 
 114 0012 F502 F650 		.ascii	"\365\002\366P\022\275\366\220C\341CA/v\361!z*\3545\272IBT\330"
 114      12BD F690 
 114      43E1 4341 
 114      2F76 F121 
 114      7A2A EC35 
 115 002b 057A 7274 		.ascii	"\005zrtw5#\302\027\245\207\302\n\354b\231\332\325\355\272\255"
 115      7735 23C2 
 115      17A5 87C2 
 115      0AEC 6299 
 115      DAD5 EDBA 
 116 0040 9A74 5382 		.ascii	"\232tS\202\f*\222\022\222\020\037\334L\241\213n\347\3147\352"
 116      0C2A 9212 
 116      9210 1FDC 
 116      4CA1 8B6E 
 116      E7CC 37EA 
 117 0054 E686 D5C0 		.ascii	"\346\206\325\300\236o\276\363\235\313\357\314\177g<\200\300\327"
 117      9E6F BEF3 
 117      9DCB EFCC 
 117      7F67 3C80 
 117      C0D7 
 118 0066 062F C001 		.ascii	"\006/\300\001Z\257\321\017C\200\242\256\027\240\322'\204\347"
 118      5AAF D10F 
 118      4380 A2AE 
 118      17A0 D227 
 118      84E7 
 119 0078 781E D886 		.ascii	"x\036\330\206\036Y\005vP\n\177B\322.\330\373\024h\033D\203\243"
 119      1E59 0576 
 119      500A 7F42 
 119      D22E D8FB 
 119      1468 1B44 
 120 008e 8A3C 6A45 		.ascii	"\212<jECH\347\300\360rT\320\213~UDs\323L\225fb\300I\323\325\212"
 120      4348 E7C0 
 120      F072 54D0 
 120      8B7E 5544 
 120      73D3 4C95 
 121 00a9 01A1 A934 		.ascii	"\001\241\2514\237\223\346\233N\363#\362\215\355C\250\0202\350"
 121      9F93 E69B 
 121      4EF3 23F2 
 121      8DED 43A8 
 121      1032 E8
 122 00bc 31BC 9AA9 		.ascii	"1\274\232\251\007\310]!\003\240.\303]\307\305\244\300D\315PL"
 122      07C8 5D21 
 122      03A0 2EC3 
 122      5DC7 C5A4 
 122      C044 CD50 
 123 00d1 2CBD 60D3 		.ascii	",\275`\323\365\241\351\334r\373b\034\243\022 %T\f^\300\245@a"
 123      F5A1 E9DC 
 123      72FB 621C 
 123      A312 2025 
 123      540C 5EC0 
 124 00e8 83ED 53F5 		.ascii	"\203\355S\365\246\026\341\260%\352\020/\242\306O\241uS\334N\245"
 124      A616 E1B0 
 124      25EA 102F 
 124      A2C6 4FA1 
 124      7553 DC4E 
 125 00fd C276 BCDE 		.ascii	"\302v\274\336x4`\344y!*Q##t\276\363\2631\330\004\330\230lBl\262"
 125      7834 60E4 
 125      7921 2A51 
 125      2323 74BE 
 125      F3B3 31D8 
 126 0118 D864 B3C9 		.ascii	"\330d\263\311a\223\313\006`\224*\337\364CR\bZ\344\020V\335Iv"
 126      6193 CB06 
 126      6094 2ADF 
 126      F443 5208 
 126      5AE4 1056 
 127 012f 57E9 DC2A 		.ascii	"W\351\334*,\275\204\321\020M\364\351_ETR0mc\261\221wz\305\244"
 127      2CBD 84D1 
 127      104D F4E9 
 127      5F45 5452 
 127      306D 63B1 
 128 0148 7DD4 B6B3 		.ascii	"}\324\266\263\311WK\340\354\036~\336\337e4\342\351J\333\361{"
 128      C957 4BE0 
 128      EC1E 7EDE 
 128      DF65 34E2 
 128      E94A DBF1 
 129 015d B0        		.ascii	"\260"
 130 015e 192B F012 		.string	"\031+\360\022\346;\207':\332j}\326\262\250\364\342el\304)gP\274\202\026P\273/5\205\252\03
 130      E63B 8727 
 130      3ADA 6A7D 
 130      D6B2 A8F4 
 130      E265 6CC4 
 131 025f DEA1 7096 		.string	"\336\241p\226\0249f\376\232w\251&Uqf\320\200^J\347\277\020{\322\274_\315h\376\207\370\367
 131      1439 66FE 
 131      9A77 A926 
 131      5571 66D0 
 131      805E 4AE7 
 132 028c C9AD C3A8 		.string	"\311\255\303\250\346\310\035"
 132      E6C8 1D00 
 133 0294 7AE9 5DBD 		.ascii	"z\351]\275'\3723\364\356\233\325[f>\276\007\316\343{\310M\214"
 133      27FA 33F4 
 133      EE9B D55B 
 133      663E BE07 
 133      CEE3 7BC8 
 134 02aa F947 8DA7 		.ascii	"\371G\215\247\353\233\243\302ot\365T\373\224\276\210\217\346"
 134      EB9B A3C2 
 134      6F74 F554 
 134      FB94 BE88 
 134      8FE6 
 135 02bc E89B 93A6 		.ascii	"\350\233\223\246\257\017\022\322\325\267z,C\337\327\323\372z"
 135      AF0F 12D2 
 135      D5B7 7A2C 
 135      43DF D7D3 
 135      FA7A 
 136 02ce 3201 130E 		.ascii	"2\001\023\016`'\027\f\314\017\3305\253/\365P)\271*\353\323\300"
 136      6027 170C 
 136      CC0F D835 
 136      AB2F F550 
 136      29B9 2AEB 
 137 02e4 FB9E 90D2 		.ascii	"\373\236\220\322w\n\260{F\337\316\277\351\373\330\3217\327\231"
 137      770A B07B 
 137      46DF CEBF 
 137      E9FB D8D1 
 137      37D7 99
 138 02f7 C1CF 9FA5 		.ascii	"\301\317\237\245a\254\312\006W\t$\007}A\n\367\224m\267\366\034"
 138      61AC CA06 
 138      5709 2407 
 138      7D41 0AF7 
 138      946D B7F6 
 139 030c 2ADD 666D 		.ascii	"*\335fm,).\262\326\225\227\035\336U~\300*\331\274\306Z\273\257"
 139      2C29 2EB2 
 139      D695 971D 
 139      DE55 7EC0 
 139      2AD9 BCC6 
 140 0323 7C97 55B4 		.ascii	"|\227U\264e\323Jk\375\336\235\373\367\225\355=\270\225w\005;"
 140      65D3 4A6B 
 140      FDDE 9DFB 
 140      F795 ED3D 
 140      B895 7705 
 141 0338 60F5 BF24 		.ascii	"`\365\277$\025\024\374)y7\374\002\0319\375,"
 141      1514 FC29 
 141      7937 FC02 
 141      1939 FD2C 
 142               		.text
 143               		.section	.gnu.lto_Endpoint_WaitUntilReady.9ed095d0f442629b,"",@progbits
 144 0000 78        		.ascii	"x"
 145 0001 9C95 555D 		.string	"\234\225U]L\024W\024\276g\356\356\354\354\356\314.\202&M\272i|!\306\027ib\223\372\340\213
 145      4C14 5714 
 145      BE67 EEEE 
 145      ECEC EECC 
 145      2E82 264D 
 146 0102 CC65 A8DA 		.string	"\314e\250\332>\3768\342\037U\2129"
 146      3EFE 38E2 
 146      1F55 8A39 
 146      00
 147 010f 595E 1EEE 		.ascii	"Y^\036\356\251\362\222\250@\n\2127\272FJ\200\277\t\2449\020\355"
 147      A9F2 92A8 
 147      400A 8A37 
 147      BA46 4A80 
 147      BF09 A439 
 148 0125 DDE5 4DFF 		.ascii	"\335\345M\377\201\234F\366t\033\305f\244hv1\347p\b89>\b\001\370"
 148      819C 46F6 
 148      741B C566 
 148      A468 7631 
 148      E770 0838 
 149 013e 1102 0204 		.ascii	"\021\002\002\004j7\016_{\250\363\367\204\345\265\310\256\230"
 149      6A37 0E5F 
 149      7BA8 F3F7 
 149      84E5 B5C8 
 149      AE98 
 150 0150 6E5B 3ED9 		.ascii	"n[>\331\246\230u\246\206p\340'i\030G$\314\242G\237"
 150      A698 75A6 
 150      8670 E027 
 150      6918 4724 
 150      CCA2 479F 
 151 0164 EF31 D4B0 		.string	"\3571\324\260\211\317l8\002\351p\030\322\t7\002\256\001*\030\217\357\022\242\2477\252T\37
 151      89CF 6C38 
 151      02E9 7018 
 151      D209 3702 
 151      AE01 2A18 
 152 0265 A8E9 60D8 		.string	"\250\351`\330\251\200\231\246\b\356\360\230I\341\b\t \363\033\257\271\330G\3715W4Ux\370(\
 152      A980 99A6 
 152      08EE F098 
 152      49E1 0809 
 152      20F3 1BAF 
 153 02e9 7016 D5EE 		.string	"p\026\325\356@\270\277\365l\371\375-.\031\221nZ\355P\343?\206Tb\020\221\371\215"
 153      40B8 BFF5 
 153      6CF9 FD2D 
 153      2E19 916E 
 153      5AED 50E3 
 154 0306 52EA C29B 		.string	"R\352\302\233\211\035\241\324<9o\214\200bq7\307]\277\262\357Sl+'+\231\303c\212Jlst{\323:]
 154      891D A1D4 
 154      3C39 6F8C 
 154      8062 7137 
 154      C75D BFB2 
 155 03b2 D945 3E7D 		.ascii	"\331E>}/\007u>\021T\232T\277\024\256\253\344\222g\007t'aLK\300"
 155      2F07 753E 
 155      1154 9A54 
 155      BF14 AEAB 
 155      E492 6707 
 156 03cc E866 38C9 		.ascii	"\350f8\311\tdYl\264\236\313s/M\313\306\241~W\341\230YbR8\327"
 156      0964 596C 
 156      B49E CB73 
 156      2F4D CBC6 
 156      A17E 57E1 
 157 03e6 562E 9B7B 		.ascii	"V.\233{(\034\275\340%\030\246\r\243\007\nm\030\275\361\013\212"
 157      281C BDE0 
 157      2518 A60D 
 157      A307 0A6D 
 157      18BD F10B 
 158 03fb 3EA8 EFD1 		.ascii	">\250\357\321\017\023\rP[n7\2007!\256\207\205\273\355\0069Q\376"
 158      0F13 0D50 
 158      5B6E 3780 
 158      3721 AE87 
 158      85BB ED06 
 159 0412 EA8B B85D 		.ascii	"\352\213\270]\373N=\323%p'\\\230P\367\262\266.\026\347rWt\030"
 159      FB4E 3DD3 
 159      2570 275C 
 159      9850 F7B2 
 159      B62E 16E7 
 160 042a 92C9 7CDC 		.ascii	"\222\311|\3342A\246s*\231}\202\314\213\024\304\203\207\317\366"
 160      3241 A673 
 160      2A99 7D82 
 160      CC8B 14C4 
 160      8387 CFF6 
 161 043e B75E F7CB 		.ascii	"\267^\367\313\212\377I\236\376\276U\337\245&\222{i\202\334\313"
 161      8AFF 499E 
 161      FEBE 55DF 
 161      A526 927B 
 161      6982 DCCB 
 162 0452 89E4 CE94 		.ascii	"\211\344\316\224\346\261\336o\357\372$\306\331p%Nn\256LbfB\222"
 162      E6B1 DE6F 
 162      EFFA 24C6 
 162      D970 254E 
 162      6EAE 4C62 
 163 0469 3A2B E9B4 		.ascii	":+\351\264QO79\267\216)6\344i\346\346U\001\371Wr\251\277|2^K"
 163      514F 3739 
 163      B78E 2936 
 163      E469 E6E6 
 163      5501 F957 
 164 0484 249E 868D 		.ascii	"$\236\206\215\304\3630N;\336P\335\006d\260\330|1\355\307J\003"
 164      C4F3 304E 
 164      3BDE 50DD 
 164      0664 B0D8 
 164      7C31 EDC7 
 165 049a 425D 4C42 		.ascii	"B]LB\235\022,\333\334q\362si`\340<\304\220W\254\266>.\257\335"
 165      9D12 2CDB 
 165      DC71 F273 
 165      6960 E03C 
 165      C490 57AC 
 166 04b3 38C0 6F18 		.ascii	"8\300o\030+\036D\214LCV\327\356)HH\333G\377\224\0074\\-\316\305"
 166      2B1E 448C 
 166      4C43 56D7 
 166      EE29 4848 
 166      DB47 FF94 
 167 04cd FDE6 746D 		.ascii	"\375\346tm]\225\375\371\364\325\006?C\357g\252\267\037\364H\357"
 167      5D95 FDF9 
 167      F4D5 063F 
 167      43EF 67AA 
 167      B71F F448 
 168 04e2 0A5C 8780 		.ascii	"\n\\\207\200\273\347\326z\334\336Z\371\315a\373\256s\270\001"
 168      BBE7 D67A 
 168      DCDE 5AF9 
 168      CD61 FBAE 
 168      73B8 01
 169 04f5 01CF E017 		.ascii	"\001\317\340\0274\336\266\364\034\265\225\001nB\300\033\316\244"
 169      34DE B6F4 
 169      1CB5 9501 
 169      6E42 C01B 
 169      CEA4 
 170 0507 293D 501F 		.ascii	")=P\037\363\312]\007\364C\300\250\214\345\343\b\002\f\217\277"
 170      F3CA 5D07 
 170      F443 C0A8 
 170      8CE5 E308 
 170      020C 8FBF 
 171 051b B737 D665 		.ascii	"\2677\326e\257\312XW\360eV\306\262\225K\027e,\teo\f\2066d\254"
 171      AFCA 5857 
 171      F065 56C6 
 171      B295 4B17 
 171      652C 0965 
 172 0535 5CF1 56C6 		.ascii	"\\\361V\306\342\274P0c\321\307\313\027d\274\235\273f}^vn~&I\363"
 172      E2BC 5030 
 172      63D1 C7CB 
 172      1764 BC9D 
 172      BB66 7D5E 
 173 054f 56B3 B40F 		.ascii	"V\263\264\017C\301\215\331y\005\033\226\206\262r\202\037\024"
 173      43C1 8DD9 
 173      7905 1B96 
 173      86B2 7282 
 173      1F14 
 174 0561 E4AC 0A86 		.ascii	"\344\254\n\206\364\217\262s\202y\005\371\357\257X\036\314IC\373"
 174      F48F B273 
 174      8279 05F9 
 174      EFAF 581E 
 174      CC49 43FB 
 175 0575 CC25 A8B3 		.ascii	"\314%\250\263:\270\"?+?\230\271l\361\262w\377K\244y\363\246\377"
 175      3AB8 223F 
 175      2B3F 98B9 
 175      6CF1 B277 
 175      FF4B A479 
 176 058c 4A5F 32FE 		.ascii	"J_2\376Z\266\360\377\270\232\f~-K]\\\020\n\005s\363\023\260\377"
 176      5AB6 F0FF 
 176      B89A 0C7E 
 176      2D4B 5D5C 
 176      100A 0573 
 177 05a4 0B0A 8F34 		.ascii	"\013\n\2174\017"
 177      0F
 178               		.text
 179               		.section	.gnu.lto_.symbol_nodes.9ed095d0f442629b,"",@progbits
 180 0000 789C 6361 		.string	"x\234ca`d(e"
 180      6064 2865 
 180      00
 181 0009 02A6 6B0C 		.string	"\002\246k\f\365\f\f\023\3161\200\250]\r\212@\221\253\f\365\214\250\"\327\031\352\231PEn0\
 181      F50C 0C13 
 181      CE31 80A8 
 181      5D0D 8A40 
 181      91AB 0CF5 
 182 0032 9AC7 7A9B 		.string	"\232\307z\233\201\021D3\335d\250gAQ\301\314\310\300\360\350\372\237\263\314\f"
 182      8111 4433 
 182      DD64 A867 
 182      4151 C1CC 
 182      C8C0 F0E8 
 183 004c C3B7 1CDE 		.ascii	"\303\267\034\336"
 184               		.text
 185               		.section	.gnu.lto_.refs.9ed095d0f442629b,"",@progbits
 186 0000 789C 6361 		.string	"x\234ca`d\020d```ff`ad`ea`\345adc`\025e"
 186      6064 1064 
 186      6060 6066 
 186      6660 6164 
 186      6065 6160 
 187 001c 00        		.string	""
 188 001d 03D9 00   		.string	"\003\331"
 189 0020 5D        		.ascii	"]"
 190               		.text
 191               		.section	.gnu.lto_.decls.9ed095d0f442629b,"",@progbits
 192 0000 789C 9D57 		.string	"x\234\235WkP\024W\026\356\323w^\f\017\215\230\304\244Hb\271f\213lm\201\331\335J%\265[\331
 192      6B50 1457 
 192      16EE D377 
 192      5E0C 0F8D 
 192      98C4 A448 
 193 00b2 CA38 E07E 		.ascii	"\3128\340~vQ\277\343e\274\t(\023\351\0304\354:\224\331(\347u"
 193      7651 BFE3 
 193      65BC 0928 
 193      13E9 1834 
 193      EC3A 94D9 
 194 00c9 7E3E 4169 		.ascii	"~>AiFy\006\355&\240\034\300g\f\221;\215r\006\345\024J\243\254"
 194      4679 06ED 
 194      26A0 1CC0 
 194      670C 913B 
 194      8D72 06E5 
 195 00e1 A3F8 2FA2 		.ascii	"\243\370/\242\315\024\220\370\214\275h\314JN\224XF\344X\206e"
 195      CD14 90F8 
 195      8CBD 68CC 
 195      4A4E 9458 
 195      46E4 5886 
 196 00f6 1B22 DB29 		.ascii	"\033\"\333)\261\214\275h\316,2\206\302\3617h7 c*xti\237\234\033"
 196      B18C BD68 
 196      CE2C 3286 
 196      C2F1 3768 
 196      3720 632A 
 197 0110 BAE6 B7A8 		.ascii	"\272\346\267\250x\r\345\367(\221\340?\347t?\002d,%Gu\262\257"
 197      780D E5F7 
 197      2891 E03F 
 197      E774 3F02 
 197      642C 2547 
 198 0127 D771 DD34 		.ascii	"\327q\3354\320|pr<t\315\033\250\377\263\214O}\275\r\022\207\261"
 198      D07C 7072 
 198      3C74 CD1B 
 198      A8FF B38C 
 198      4F7D BD0D 
 199 013e F823 3CAC 		.ascii	"\370#<\254h\315Y\036\320\001\355\300\203\\8\034\200r\003\372"
 199      68CD 591E 
 199      D001 EDC0 
 199      835C 381C 
 199      8072 03FA 
 200 0152 C886 401F 		.ascii	"\310\206@\037\351\200\347d,\220TL\344\233l\"?j`\354\017\344\307"
 200      E980 E764 
 200      2C90 544C 
 200      E49B 6C22 
 200      3F6A 60EC 
 201 0169 51E5 6220 		.ascii	"Q\345b \222R\303\242*^\345\307V\261y\236\336\264\245 \341Q=\310"
 201      9252 C3A2 
 201      2A5E E5C7 
 201      56B1 799E 
 201      DEB4 A520 
 202 0181 4CF4 C012 		.ascii	"L\364\300\022o\035.\370\006\007J\364ks7.\017$\b\216\317M=#\335"
 202      6F1D 2EF8 
 202      0607 4AF4 
 202      6B73 372E 
 202      0F24 088E 
 203 019a 10B1 5BC4 		.ascii	"\020\261[\304+]\024\371\231Z\216J\222\256\357\264\334\343!\314"
 203      2B5D 14F9 
 203      995A 8E4A 
 203      92AE EFB4 
 203      DCE3 21CC 
 204 01ae 0AA3 40C7 		.ascii	"\n\243@\307\267+\207\203\2451\235\336\271\271\2606\230\374\216"
 204      B72B 8783 
 204      A531 9DDE 
 204      B9B9 B036 
 204      98FC 8E
 205 01c1 3EF3 FB6F 		.ascii	">\363\373o\3665\361`\rO\025\305oEo\236h\232\304\301\037\303`"
 205      F635 F160 
 205      0D4F 15C5 
 205      6F45 6F9E 
 205      689A C4C1 
 206 01d8 5A18 077B 		.ascii	"Z\030\007{ \234\256\330\t\021\034\354\2020(\2020\256\200z\353"
 206      209C AED8 
 206      0911 1CEC 
 206      8230 2882 
 206      30AE 807A 
 207 01ed BA30 3C6E 		.ascii	"\2720<n\217(\216\207b\260\302n \314\004I\206Y%\367C\267\317\226"
 207      8F28 8E87 
 207      62B0 C26E 
 207      20CC 0449 
 207      8659 25F7 
 208 0205 F006 CC0A 		.ascii	"\360\006\314\n3\2106P\335\360\367\303w\203T]\tH\312\233\253\266"
 208      3388 3650 
 208      DDF0 F7C3 
 208      7783 545D 
 208      0948 CA9B 
 209 021b 9855 65A9 		.ascii	"\230Ue\251\244<]\327\274\336L\376A\331\0316\367\2568bE\327\020"
 209      A43C 5DD7 
 209      BCDE 4CFE 
 209      41D9 1936 
 209      F7AE 3862 
 210 0232 8012 9E2D 		.ascii	"\200\022\236-Z`\037\004p)\214\253\2307\031T\256\373\221+\235"
 210      5A60 1F04 
 210      7029 8CAB 
 210      9837 1954 
 210      AEFB 912B 
 211 0247 E260 2F9A 		.ascii	"\342`/\232W \323l1\225R\244\312\002%E\034\035B9\020]=\325&w\335"
 211      5720 D36C 
 211      3195 52A4 
 211      CA02 2545 
 211      1C1D 4239 
 212 0262 344F 5A4B 		.ascii	"4OZKM\274\2428\031\230\211\204\312\301\001\230\204\377\313\300"
 212      4DBC A238 
 212      1998 8984 
 212      CAC1 0198 
 212      84FF CBC0 
 213 0276 20D9 1EDF 		.ascii	" \331\036\337\225\227e\231\222'v\225\212]W\222\337n\021\305\365"
 213      9597 6599 
 213      9227 7695 
 213      8A5D 5792 
 213      DF6E 11C5 
 214 028b 225D 8366 		.ascii	"\"]\203fP\250\345\241\2209\200\035\320\201\004\017\302\024\\"
 214      50A8 E5A1 
 214      9039 801D 
 214      D081 040F 
 214      C214 5C
 215 029e D936 706C 		.ascii	"\3316pl\300L\226\003\370\313O\335\350\240w\034n\321\004+\360"
 215      C04C 9603 
 215      F8CB 4FDD 
 215      E8A0 771C 
 215      6ED1 042B 
 216 02b3 383C D77F 		.ascii	"8<\327\177jS \016'Za<\016\317.)\335H\244Y\003\016\217\335-\335"
 216      6A53 200E 
 216      275A 613C 
 216      0ECF 2E29 
 216      DD48 A459 
 217 02cd 1124 0D09 		.ascii	"\021$\r\t\016\363\326\366\256\263\220\335\022"
 217      0EF3 D6F6 
 217      AEB3 90DD 
 217      12
 218 02da 784F 5DE5 		.string	"xO]\345\343@R&\r\266?|\324O\327\315\306B\030%\272J\230-UB\315\352\216\033V\262\237\031\36
 218      E340 5226 
 218      0DB6 3F7C 
 218      D44F D7CD 
 218      C642 1825 
 219 03db 3B22 545A 		.ascii	";\"TZ\263!\205\3205\347\020\266I\333*\n\301qO\314\035\234\305"
 219      B321 85D0 
 219      35E7 10B6 
 219      49DB 2A0A 
 219      C171 4FCC 
 220 03f2 94FD 52FA 		.ascii	"\224\375R\372\320g\362Pb&\204\312\020\337\371\205\340\374\255"
 220      D067 F250 
 220      6226 84CA 
 220      10DF F985 
 220      E0FC AD
 221 0405 6FCF 6CEC 		.ascii	"o\317l\354\n\tZ\246\226\0134\353\362\311\301y\b\222\r\267\326"
 221      0A09 5AA6 
 221      960B 34EB 
 221      F2C9 C179 
 221      0892 0DB7 
 222 041a F68C 12D6 		.ascii	"\366\214\022\326\022\250\203*\351$h>\272\257\325\344\2575[Xk"
 222      12A8 832A 
 222      E924 683E 
 222      BAAF D5E4 
 222      AF35 5B58 
 223 042f 5E50 5AB3 		.ascii	"^PZ\263\251|(=\020[3\017[\263\363DD\222\350M\300e<5\203J-'\225"
 223      A97C 283D 
 223      105B 330F 
 223      5BB3 F344 
 223      4492 E84D 
 224 044c FAD6 6C65 		.ascii	"\372\326le\255y\371\322\303\375\201d\215t\246\366\266\327n\r"
 224      AD79 F9D2 
 224      C3FD 8164 
 224      8D74 A6F6 
 224      B6D7 6E0D 
 225 0460 D1BB 9CFF 		.ascii	"\321\273\234\377\234\352\261\235y\214\226\035^\03581\310K\016"
 225      9CEA B19D 
 225      798C 961D 
 225      5E1D 3831 
 225      C84B 0E
 226 0473 BD2D B468 		.ascii	"\275-\264hp\311\337\250\r\264i\356\332\364\356.2w\025\371'G\214"
 226      70C9 DFA8 
 226      0DB4 69EE 
 226      DAF4 EE2E 
 226      3277 15F9 
 227 048a A458 7257 		.ascii	"\244XrWt\273\350\210Q\006\311h\320\203th \035z\220K\f$cs\303"
 227      74BB E888 
 227      5106 C968 
 227      D083 7468 
 227      201D 7A90 
 228 04a4 DE40 522F 		.ascii	"\336@R/\201l\337|\250\326'M\264\314\024\322\235>\244\353{\327"
 228      816C DF7C 
 228      A8D6 274D 
 228      B4CC 14D2 
 228      9D3E A4EB 
 229 04ba 9F0E 96FD 		.ascii	"\237\016\226\375\335o\bR\263\204VpY\363xY\357\361\n\363x\377"
 229      DD6F 0852 
 229      B384 5670 
 229      59F3 7859 
 229      EFF1 0AF3 
 230 04d0 417A 8985 		.ascii	"Az\211\205\\\221<fW\337k0Jml\301\341\201\037v\035\b\226\332\330"
 230      5C91 3C66 
 230      57DF 6B30 
 230      4A6D 6CC1 
 230      E181 1F76 
 231 04e9 4BA7 AF3F 		.ascii	"K\247\257?*\256\n\221\246M8\314o\335t\314H\356JKo5WTY\311\260"
 231      2AAE 0A91 
 231      A64D 38CC 
 231      6FDD 74CC 
 231      48EE 4A4B 
 232 0504 3438 579E 		.ascii	"48W\236\325e \"a\203\306\013\355\331\343\310RiP~|\360b\020Y'"
 232      D565 2022 
 232      6183 C60B 
 232      EDD9 E3C8 
 232      5269 507E 
 233 051e 0D4A 370C 		.ascii	"\rJ7\f^\266bq\300M\306\0135\003\303}-A$\227M\233\323.\227\344"
 233      5EB6 6271 
 233      C04D C60B 
 233      3503 C37D 
 233      2D41 2497 
 234 0538 04C1 5476 		.ascii	"\004\301Tv"
 235 053c 5284 4A3D 		.string	"R\204J=\277\251\343\363kZ\317\367`dw\3747gi\243\332\362\327eK\265\345\017\217=\037\3125\3
 235      BFA9 E3F3 
 235      6B5A CFF7 
 235      6064 77FC 
 235      3767 69A3 
 236 063d 2B7E C2E0 		.string	"+~\302\340_\252\334\247\332R\016\036\002\276U\341\021N\377\244|\271\210g\201\251\331\240\
 236      5FAA DCA7 
 236      DA52 0E1E 
 236      02BE 55E1 
 236      114E FFA4 
 237 06f6 69F0 07FD 		.ascii	"i\360\007\3758w\240\322$C\257\367\205NQ\241S\021:E\017\275\224"
 237      3877 A0D2 
 237      2443 AFF7 
 237      854E 51A1 
 237      5311 3A45 
 238 070d 41DF DE50 		.ascii	"A\337\336P\226`&\327\374A'w$l%dH\232\336\267\364\334A6\275\234"
 238      9660 26D7 
 238      FC41 2777 
 238      246C 2564 
 238      489A DEB7 
 239 0727 97A7 FBDB 		.ascii	"\227\247\373\333\206\352\371'\276\342`\005\346\025V\362>\357"
 239      86EA F927 
 239      BEE2 6005 
 239      E615 56F2 
 239      3EEF 
 240 0739 9C25 AB6B 		.ascii	"\234%\253k@\346\331\324\252\362D#X\246\362LC\236\313\364<W1\236"
 240      40E6 D9D4 
 240      AAF2 4423 
 240      58A6 F24C 
 240      439E CBF4 
 241 0751 9965 198D 		.ascii	"\231e\031\215\274R5\351\376^\305\220\316\323\252\351]\223\220"
 241      BC52 35E9 
 241      FE5E C590 
 241      CED3 AAE9 
 241      5D93 90
 242 0764 1564 4D55 		.ascii	"\025dMU\215\177\3413\017V\363\2640\357\234\330[\344S\230\364"
 242      8D7F E133 
 242      0F56 F3B4 
 242      30EF 9CD8 
 242      5BE4 5398 
 243 0779 BB58 7391 		.ascii	"\273Xs\221\301K.2\230\213K\367\372W\032I\232\351W\324\342`R_"
 243      C14B 2E32 
 243      988B 4BF7 
 243      FA57 1A49 
 243      9AE9 57D4 
 244 0791 A3F4 9140 		.ascii	"\243\364\221@\317\3115<S\256\251\270\263\\\373\r\261VR\236):"
 244      CFC9 353C 
 244      53AE A9B8 
 244      B35C FB0D 
 244      B156 529E 
 245 07a7 97AA 29D7 		.ascii	"\227\252)\327I\312\354\236\216U!\376>'6\260D\257Wj\271\271\354"
 245      49CA EC9E 
 245      8E55 21FE 
 245      3E27 36B0 
 245      44AF 576A 
 246 07be 429B 41CE 		.ascii	"B\233A\316t\351\0315\323h\005\231j\246\2630\323\231"
 246      74E9 1935 
 246      D368 0599 
 246      6AA6 B330 
 246      D399 
 247 07d0 FA4C 67B3 		.ascii	"\372Lg\263L\347\244\034\252\032G\n\244\310\212\277}Tg!G\245\301"
 247      4CE7 A41C 
 247      AA1A 470A 
 247      A4C8 8ABF 
 247      7D54 6721 
 248 07e7 DDCE 4B85 		.ascii	"\335\316K\205\364G\020lT\366\277\347\341pG\200\0228l\222\210"
 248      F447 106C 
 248      54F6 BFE7 
 248      E170 4780 
 248      1238 6C92 
 249 07fc 5625 E677 		.ascii	"V%\346w[\3258\245\330\177^:\335C5\365\326'\276\366!\217\226\316"
 249      5BD5 38A5 
 249      D87F 5E3A 
 249      DD43 35F5 
 249      D627 BEF6 
 250 0814 1616 D166 		.ascii	"\026\026\321f%\242\326\235GE\372\333\245\t#\032M~Iz\365o\261"
 250      25A2 D69D 
 250      4745 FADB 
 250      A509 231A 
 250      4D7E 497A 
 251 082b 5233 C851 		.ascii	"R3\310QC\312\305\220r\364!me!\325<ny\310\353wv\300\247x\362\345"
 251      43CA C590 
 251      72F4 216D 
 251      6521 D53C 
 251      6E79 C8EB 
 252 0846 9DCD 673B 		.ascii	"\235\315g;\373\323\276\254oH\275\277\215\0358\321\375X\351\265"
 252      FBD3 BEAC 
 252      6F48 BDBF 
 252      8D1D 38D1 
 252      FD58 E9B5 
 253 085a CC8E E755 		.ascii	"\314\216\347U\036\264\210\267\251<\266#\217mz\036\005\214GG\315"
 253      1EB4 88B7 
 253      A93C B623 
 253      8F6D 7A1E 
 253      058C 4747 
 254 086f EE42 23E9 		.ascii	"\356B#\351\364\207}*\277{\253\322\037m\235>}\274C\205.D\350\035"
 254      F487 7D2A 
 254      BF7B ABD2 
 254      1F6D 9D3E 
 254      7DBC 4385 
 255 0887 7AE8 9D0C 		.ascii	"z\350\235\fzI\311\203z\003\351\367\007=\262}\351R\005\372\342"
 255      7A49 C983 
 255      7A03 E9F7 
 255      073D B27D 
 255      E952 05FA 
 256 089c 459F D62B 		.ascii	"E\237\326+R\241w!t\221\036z7\203\376\361\370\365\334 \222h\366"
 256      52A1 7721 
 256      7491 1E7A 
 256      3783 FEF1 
 256      F8F5 DC20 
 257 08b3 039D 76FD 		.ascii	"\003\235v\375\310\272@\031:\333\227u\261\n\275\007\241\213\365"
 257      C8BA 4019 
 257      3ADB 9775 
 257      B10A BD07 
 257      A18B F5
 258 08c6 D025 0CBA 		.ascii	"\320%\f\272\2577%\311 \275\363\236\362\367Xb\257w\320\244\337"
 258      AF37 25C9 
 258      20BD F39E 
 258      F2F7 5862 
 258      AF77 D0A4 
 259 08db CA52 5EFF 		.ascii	"\312R^\377\366(\223\267\262\214m\345\215\2757S\003H\226?\346"
 259      F628 93B7 
 259      B28C 6DE5 
 259      8DBD 3753 
 259      0348 963F 
 260 08f0 3F2F CABA 		.ascii	"?/\312\272\265\335\367-\372\242\254S\213r\037-\312\n\237\363"
 260      B5DD F72D 
 260      FAA2 AC53 
 260      8B72 1F2D 
 260      CA0A 9FF3 
 261 0904 ACA5 A9FC 		.ascii	"\254\245\251\374\261E~c\034~\264`\367\003\355\215\201\206P\256"
 261      B145 7E63 
 261      1C7E B460 
 261      F703 ED8D 
 261      8186 50AE 
 262 0918 46BF 17A3 		.ascii	"F\277\027\243/\327G\277\237E\277}\305\312\372`2\374\364\364F"
 262      2FD7 47BF 
 262      9F45 BF7D 
 262      C5CA FA60 
 262      32FC F4F4 
 263 092d 1BAF 0E5A 		.ascii	"\033\257\016Z\236\3343\225\224^\225\017\275\242\013\347\223\002"
 263      9EDC 3395 
 263      945E 950F 
 263      BDA2 0BE7 
 263      9302 
 264 093f D417 DA82 		.ascii	"\324\027\332\202\303\3674zh\b\007Tz\007\221\336\001=\275jF/9"
 264      C3F7 347A 
 264      6808 0754 
 264      7A07 91DE 
 264      013D BD6A 
 265 0956 29BD C34C 		.ascii	")\275\303L\326Y\374UkV\365H\210\274\357\243W|;\341\220\212}\030"
 265      D659 FC55 
 265      6B56 F548 
 265      88BC EFA3 
 265      577C 3BE1 
 266 096e B10F E9B1 		.ascii	"\261\017\351\261k\370)\334\313\3579c\027\304\331\235\236\250"
 266      6BF8 29DC 
 266      CBEF 3963 
 266      17C4 D99D 
 266      9EA8 
 267 0980 77E3 9C9F 		.ascii	"w\343\234\237\333\277\210w\t\252\346\023\327B\313\007\263\346"
 267      DBBF 8877 
 267      09AA E613 
 267      D742 CB07 
 267      B3E6 
 268 0992 4D7E F7AD 		.ascii	"M~\367\255\2678s<j\336\214\362\274\034\031\357vE:\354\321\221"
 268      B738 733C 
 268      6ADE 8CF2 
 268      BC1C 19EF 
 268      7645 3AEC 
 269 09a8 B685 AE48 		.ascii	"\266\205\256H\2733\306\021\037+D\272=\2618\035\361%g\214\232"
 269      BB33 C611 
 269      1F2B 44BA 
 269      3DB1 381D 
 269      F125 678C 
 270 09bd 1E17 E7F8 		.ascii	"\036\027\347\370\023\235w\304\177n\213\374x\336\373\357D\316"
 270      139D 77C4 
 270      7F6E 8BFC 
 270      78DE FBEF 
 270      44CE 
 271 09cf 70D9 170A 		.ascii	"p\331\027\n.w\344\2749\323#\337\215s\t\221\357\314\377\364\315"
 271      2E77 E4BC 
 271      39D3 23DF 
 271      8D73 0991 
 271      EFCC FFF4 
 272 09e4 48D5 0D1D 		.ascii	"H\325\r\035E\304p\257\370g2\327\026\355\020\fs\027/\020\fs\354"
 272      45C4 70AF 
 272      F867 32D7 
 272      16ED 100C 
 272      7317 2F10 
 273 09fb FF16 2C94 		.ascii	"\377\026,\224\313\353oDy\314\357\304\306\272\004\267\3338\335"
 273      CBEB 6F44 
 273      79CC EFC4 
 273      C6BA 04B7 
 273      DB38 DD
 274 0a0e E6FC CAFD 		.ascii	"\346\374\312\375\207\247\361\032\021\241:F\272\023q2J\365\313"
 274      87A7 F11A 
 274      11A1 3A46 
 274      BA13 7132 
 274      4AF5 CB
 275 0a21 DC44 799E 		.ascii	"\334Dy\236\327\2108\004\233K\031\271_\360\325\317\361\330<\361"
 275      D788 3804 
 275      9B4B 19B9 
 275      5FF0 D5CF 
 275      F1D8 3CF1 
 276 0a35 6EFC FF85 		.ascii	"n\374\377\205\240\255\370\247\315\356\231\347\364\330\035\237"
 276      A0AD F8A7 
 276      CDEE 99E7 
 276      F4D8 1D9F 
 277 0a45 0AB6 D8C5 		.ascii	"\n\266\330\305\023(<F\343q\305\241\342\233x\301\3551-\232\351"
 277      1328 3C46 
 277      E371 C5A1 
 277      E29B 78C1 
 277      ED31 2D9A 
 278 0a5a 8C15      		.ascii	"\214\025"
 279 0a5c FE65 5A34 		.string	"\376eZ4\337\346\210\027,\321\262:8\372k\371\211FiZ`\213\371J\2105/\372Xp~\341\371\362\303
 279      DFE6 8817 
 279      2CD1 B23A 
 279      38FA 6BF9 
 279      8946 695A 
 280 0b5d 3321 2BA6 		.ascii	"3!+\246"
 281               		.text
 282               		.section	.gnu.lto_.symtab.9ed095d0f442629b,"",@progbits
 283 0000 456E 6470 		.string	"Endpoint_ConfigureEndpoint_Prv"
 283      6F69 6E74 
 283      5F43 6F6E 
 283      6669 6775 
 283      7265 456E 
 284 001f 00        		.string	""
 285 0020 00        		.string	""
 286 0021 00        		.string	""
 287 0022 00        		.string	""
 288 0023 00        		.string	""
 289 0024 00        		.string	""
 290 0025 00        		.string	""
 291 0026 00        		.string	""
 292 0027 00        		.string	""
 293 0028 00        		.string	""
 294 0029 00        		.string	""
 295 002a B800      		.string	"\270"
 296 002c 00        		.string	""
 297 002d 00        		.string	""
 298 002e 456E 6470 		.string	"Endpoint_ConfigureEndpointTable"
 298      6F69 6E74 
 298      5F43 6F6E 
 298      6669 6775 
 298      7265 456E 
 299 004e 00        		.string	""
 300 004f 00        		.string	""
 301 0050 00        		.string	""
 302 0051 00        		.string	""
 303 0052 00        		.string	""
 304 0053 00        		.string	""
 305 0054 00        		.string	""
 306 0055 00        		.string	""
 307 0056 00        		.string	""
 308 0057 00        		.string	""
 309 0058 00        		.string	""
 310 0059 D700      		.string	"\327"
 311 005b 00        		.string	""
 312 005c 00        		.string	""
 313 005d 456E 6470 		.string	"Endpoint_ClearEndpoints"
 313      6F69 6E74 
 313      5F43 6C65 
 313      6172 456E 
 313      6470 6F69 
 314 0075 00        		.string	""
 315 0076 00        		.string	""
 316 0077 00        		.string	""
 317 0078 00        		.string	""
 318 0079 00        		.string	""
 319 007a 00        		.string	""
 320 007b 00        		.string	""
 321 007c 00        		.string	""
 322 007d 00        		.string	""
 323 007e 00        		.string	""
 324 007f 00        		.string	""
 325 0080 DA00      		.string	"\332"
 326 0082 00        		.string	""
 327 0083 00        		.string	""
 328 0084 456E 6470 		.string	"Endpoint_ClearStatusStage"
 328      6F69 6E74 
 328      5F43 6C65 
 328      6172 5374 
 328      6174 7573 
 329 009e 00        		.string	""
 330 009f 00        		.string	""
 331 00a0 00        		.string	""
 332 00a1 00        		.string	""
 333 00a2 00        		.string	""
 334 00a3 00        		.string	""
 335 00a4 00        		.string	""
 336 00a5 00        		.string	""
 337 00a6 00        		.string	""
 338 00a7 00        		.string	""
 339 00a8 00        		.string	""
 340 00a9 DC00      		.string	"\334"
 341 00ab 00        		.string	""
 342 00ac 00        		.string	""
 343 00ad 456E 6470 		.string	"Endpoint_WaitUntilReady"
 343      6F69 6E74 
 343      5F57 6169 
 343      7455 6E74 
 343      696C 5265 
 344 00c5 00        		.string	""
 345 00c6 00        		.string	""
 346 00c7 00        		.string	""
 347 00c8 00        		.string	""
 348 00c9 00        		.string	""
 349 00ca 00        		.string	""
 350 00cb 00        		.string	""
 351 00cc 00        		.string	""
 352 00cd 00        		.string	""
 353 00ce 00        		.string	""
 354 00cf 00        		.string	""
 355 00d0 DF00      		.string	"\337"
 356 00d2 00        		.string	""
 357 00d3 00        		.string	""
 358 00d4 5553 425F 		.string	"USB_ControlRequest"
 358      436F 6E74 
 358      726F 6C52 
 358      6571 7565 
 358      7374 00
 359 00e7 00        		.string	""
 360 00e8 02        		.ascii	"\002"
 361 00e9 00        		.string	""
 362 00ea 00        		.string	""
 363 00eb 00        		.string	""
 364 00ec 00        		.string	""
 365 00ed 00        		.string	""
 366 00ee 00        		.string	""
 367 00ef 00        		.string	""
 368 00f0 00        		.string	""
 369 00f1 00        		.string	""
 370 00f2 F500      		.string	"\365"
 371 00f4 00        		.string	""
 372 00f5 00        		.string	""
 373 00f6 5553 425F 		.string	"USB_DeviceState"
 373      4465 7669 
 373      6365 5374 
 373      6174 6500 
 374 0106 00        		.string	""
 375 0107 02        		.ascii	"\002"
 376 0108 00        		.string	""
 377 0109 00        		.string	""
 378 010a 00        		.string	""
 379 010b 00        		.string	""
 380 010c 00        		.string	""
 381 010d 00        		.string	""
 382 010e 00        		.string	""
 383 010f 00        		.string	""
 384 0110 00        		.string	""
 385 0111 F800      		.string	"\370"
 386 0113 00        		.string	""
 387 0114 00        		.string	""
 388               		.text
 389               		.section	.gnu.lto_.opts,"",@progbits
 390 0000 272D 666D 		.ascii	"'-fmath-errno' '-fsigned-zeros' '-ftrapping-math' '-fno-trap"
 390      6174 682D 
 390      6572 726E 
 390      6F27 2027 
 390      2D66 7369 
 391 003c 7627 2027 		.ascii	"v' '-fno"
 391      2D66 6E6F 
 392 0044 2D6F 7065 		.string	"-openmp' '-fno-openacc' '-mn-flash=1' '-mno-skip-bug' '-mmcu=avr5' '-gdwarf-2' '-Os' '-We
 392      6E6D 7027 
 392      2027 2D66 
 392      6E6F 2D6F 
 392      7065 6E61 
 393               		.text
 394               		.comm	__gnu_lto_v1,1,1
 395               		.comm	__gnu_lto_slim,1,1
 396               		.ident	"GCC: (GNU) 5.4.0"
DEFINED SYMBOLS
                            *ABS*:0000000000000000 Endpoint_AVR8.c
     /tmp/cc2F7X4N.s:2      *ABS*:000000000000003e __SP_H__
     /tmp/cc2F7X4N.s:3      *ABS*:000000000000003d __SP_L__
     /tmp/cc2F7X4N.s:4      *ABS*:000000000000003f __SREG__
     /tmp/cc2F7X4N.s:5      *ABS*:0000000000000000 __tmp_reg__
     /tmp/cc2F7X4N.s:6      *ABS*:0000000000000001 __zero_reg__
                            *COM*:0000000000000001 __gnu_lto_v1
                            *COM*:0000000000000001 __gnu_lto_slim

NO UNDEFINED SYMBOLS
