   1               		.file	"USBController_AVR8.c"
   2               	__SP_H__ = 0x3e
   3               	__SP_L__ = 0x3d
   4               	__SREG__ = 0x3f
   5               	__tmp_reg__ = 0
   6               	__zero_reg__ = 1
   7               		.text
   8               	.Ltext0:
   9               		.section	.gnu.lto_.profile.8c6c3e6898ad4355,"",@progbits
  10 0000 789C 6361 		.string	"x\234ca`d`e`"
  10      6064 6065 
  10      6000 
  11 000a 925D 8CEE 		.string	"\222]\214\356"
  11      00
  12 000f 0265 00   		.string	"\002e"
  13 0012 DE        		.ascii	"\336"
  14               		.text
  15               		.section	.gnu.lto_.icf.8c6c3e6898ad4355,"",@progbits
  16 0000 789C 6361 		.string	"x\234ca`d"
  16      6064 00
  17 0007 0129 0604 		.string	"\001)\006\004`a8\334|\345\n\033k\333\246\236\357,\354\323\226?\273\311\307\361\347\361\24
  17      6061 38DC 
  17      7CE5 0A1B 
  17      6BDB A69E 
  17      EF2C ECD3 
  18 0028 A540 0CB7 		.ascii	"\245@\f\267"
  19               		.text
  20               		.section	.gnu.lto_.jmpfuncs.8c6c3e6898ad4355,"",@progbits
  21 0000 789C 6361 		.string	"x\234ca`d"
  21      6064 00
  22 0007 8170 0604 		.string	"\201p\006\004`\001b6\306\277L\214\323Z\017\235g\377\302\324\312\fT\304\270\234Q\206\201\0
  22      6001 6236 
  22      C6BF 4C8C 
  22      D35A 0F9D 
  22      67FF C2D4 
  23 0048 1100      		.string	"\021"
  24 004a 1633 13E8 		.ascii	"\0263\023\350"
  25               		.text
  26               		.section	.gnu.lto_.inline.8c6c3e6898ad4355,"",@progbits
  27 0000 789C 6361 		.string	"x\234ca`d"
  27      6064 00
  28 0007 8172 0604 		.string	"\201r\006\004`a`\220Ued`\322yp\235\211\201m\201<\023X\220\227\201\201\031H\2632\b\253"
  28      6061 6090 
  28      5565 6460 
  28      D279 709D 
  28      8981 6D81 
  29 0029 E564 1EDC 		.string	"\345d\036\334b\204\3131r\301\bv\006a]\240\254\324\204\323\330d\301\004\007\003\217\bP\211
  29      6284 CB31 
  29      72C1 0876 
  29      0661 5DA0 
  29      ACD4 84D3 
  30 004e 1B4A 0B2B 		.ascii	"\033J\013+"
  31               		.text
  32               		.section	.gnu.lto_.pureconst.8c6c3e6898ad4355,"",@progbits
  33 0000 789C 6361 		.string	"x\234ca`d\340d```a\220b\225b\227\342\220\002"
  33      6064 E064 
  33      6060 6061 
  33      9062 9562 
  33      97E2 9002 
  34 0015 02E7 00   		.string	"\002\347"
  35 0018 8F        		.ascii	"\217"
  36               		.text
  37               		.section	.gnu.lto_USB_Init_Device.8c6c3e6898ad4355,"",@progbits
  38 0000 789C 9D56 		.ascii	"x\234\235V]L\024W\024\2363\263\177\354\017K\237j\023\036l\210"
  38      5D4C 1457 
  38      149E 33B3 
  38      7FEC 0F4B 
  38      9F6A 131E 
  39 0016 0F3E 549A 		.ascii	"\017>T\232\364\245}\004l\323&\255\017Z}mP\327@\244`\0264\261"
  39      F4A5 7D04 
  39      6CD3 26AD 
  39      0F5A 7D6D 
  39      50D7 40A4 
  40 002e 2F3B FC2C 		.ascii	"/;\374,\024M\220D\305\326\226hc\214Z[\001\013\350V\324\205\262"
  40      144D 9044 
  40      C5D6 9668 
  40      638C 5A5B 
  40      010B E856 
  41 0045 D202 82C5 		.ascii	"\322\002\202\305\025\213\324\272 \240\256\024\331v\021\020d{"
  41      158B D4BA 
  41      20A0 AE14 
  41      D976 1110 
  41      647B 
  42 0057 CEBD B3C3 		.ascii	"\316\275\263\303\260\273\242e\036\356\314\375\373\276s\276s\356"
  42      B0BB A265 
  42      1EEE CCFD 
  42      FBBE 73BE 
  42      73EE 
  43 0069 B9A3 1340 		.ascii	"\271\243\023@\240\347-\253 T\343g*~\203$\200X\335#\b\305&\021"
  43      A0E7 2DAB 
  43      2054 E367 
  43      2A7E 8324 
  43      8058 DD23 
  44 0081 803E 6413 		.ascii	"\200>d\023\b.\021\\\242kJ|.B[\305\230G\\{J\306'\340\273\232["
  44      082E 115C 
  44      A26B 4A7C 
  44      2E42 5BC5 
  44      9847 5C7B 
  45 009c 2CBB 57B9 		.ascii	",\273W\271%A\210\210\fJ\200S\260V\300e\303\r\013\207m\2062Z\266"
  45      2541 8888 
  45      0C4A 8053 
  45      B056 C065 
  45      C30D 0B87 
  46 00b5 9A4F C269 		.ascii	"\232O\302i0\020_\335F\257\034\211\224\312\336\210\2455l\177\303"
  46      3010 5FDD 
  46      46AF 1C89 
  46      94CA DE88 
  46      A535 6C7F 
  47 00ca 20B8 2530 		.ascii	" \270%0Rc\242"
  47      5263 A2
  48 00d1 2689 1A33 		.string	"&\211\03235\026j\254\324\330\250I\246\306NM\n5\253\250\021\204ID&#C\242Hoi\f\332\302\365\
  48      3516 6AAC 
  48      D4D8 A849 
  48      A6C6 4E4D 
  48      0A35 ABA8 
  49 01d2 97B8 6D35 		.string	"\227\270m5@k\226\307lALD\021\206\241$pr\372ME\223\261\216\323A\203\344b\326OW\217\356XsB\
  49      406B 96C7 
  49      6C41 4C44 
  49      1186 A124 
  49      7072 FA4D 
  50 025b 3EED AA52 		.string	">\355\252R\255\314\361e0}L\251\024\246\324\350\364k\354|\223\3718 *\262\265x\017\372\315R
  50      ADCC F165 
  50      307D 4CA9 
  50      14A6 D4E8 
  50      F46B EC7C 
  51 0292 2860 C76B 		.ascii	"(`\307k\202GL\322\035\0166\024\234p\333\023\200\375\032\007\366"
  51      8247 4CD2 
  51      1D0E 3614 
  51      9C70 DB13 
  51      80FD 1A07 
  52 02a7 5B42 305F 		.ascii	"[B0_d\332k'\247\223\200\252Z\337dw-K\0273\244`\367\201\317\263"
  52      64DA 6B27 
  52      A793 80AA 
  52      5ADF 6477 
  52      2D4B 1733 
  53 02c1 6091 EE71 		.ascii	"`\221\356q\252\332\276G~\215\335nNe\201nN\325\205\202t\202Bv"
  53      AADA BE47 
  53      7E8D DD6E 
  53      4E65 816E 
  53      4ED5 8582 
  54 02d9 9D85 7CDF 		.ascii	"\235\205|\337\263\333ULQ\013\230\240'\216\373@\307\343V\2754"
  54      B3DB 554C 
  54      510B 98A0 
  54      278E FB40 
  54      C7E3 56BD 
  55 02ee C2D1 CFDE 		.ascii	"\302\321\317\336\271\020\322'p\2447\316\221\033\f\273\251\242"
  55      B910 D227 
  55      70A4 37CE 
  55      911B 0CBB 
  55      A9A2 
  56 0300 BBC1 CCD3 		.ascii	"\273\301\314\323\t\340w\216\035h\354\355\221b\222i\377T\032\355"
  56      09E0 778E 
  56      1D68 ECED 
  56      9162 9269 
  56      FF54 1AED 
  57 0314 208B 9804 		.ascii	" \213\230\004\035jbID[>\327|\321\"\325\361\363\3309;\020\262"
  57      1D6A 6249 
  57      445B 3ED7 
  57      7CD1 22D5 
  57      F1F3 D839 
  58 032b A10D 7289 		.ascii	"\241\rr\211\034h\352\335p\263\264X\256\227MT\206n\306Z\021\223"
  58      1C68 EADD 
  58      70B3 B458 
  58      AE97 4D54 
  58      866E C65A 
  59 0341 93E0 27D8 		.ascii	"\223\340'\330>\226\227\2670\376\376E\261ShmE\331\250\307,5s\232"
  59      3E96 97B7 
  59      30FE FE45 
  59      B153 686D 
  59      45D9 A8C7 
  60 0359 D973 E3F7 		.ascii	"\331s\343\367l"
  60      6C
  61 035e 8AAB 0D3D 		.string	"\212\253\r=\257\253B\366'\020\3626\002E\225;Xa\247\355#\276\376:\263\324\242\230|\262\"\2
  61      AFAB 42F6 
  61      2710 F236 
  61      0245 953B 
  61      5861 A7ED 
  62 045f 30A6 96C5 		.ascii	"0\246\226\305\373\374>x1\350\003V\026\355\374\002\231\343\312"
  62      FBFC 3E78 
  62      31E8 0356 
  62      16ED FC02 
  62      99E3 CA
  63 0472 0756 A8D5 		.ascii	"\007V\250\325CL%\2158\315\025\261\342\354\237N\243E/\2762\036"
  63      434C 258D 
  63      38CD 15B1 
  63      E2EC 9F4E 
  63      A345 2FBE 
  64 0488 3171 82E4 		.ascii	"1q\202\344\230\025'\347\217\207'u\\\234a\022g\350p\313\214U\353"
  64      9815 27E7 
  64      8F87 2775 
  64      5C9C 6112 
  64      67E8 70CB 
  65 049f C763 D58F 		.ascii	"\307c\325\217q\315\225\201\304\034\303\2060\232;\"\310\334Y\006"
  65      71CD 9581 
  65      C41C C386 
  65      309A 3B22 
  65      C8DC 5906 
  66 04b3 E46F 2686 		.ascii	"\344o&\206\215\247\241\"\306\303\025\2121\301\022\2475p>d\341"
  66      8DA7 A122 
  66      C6C3 158A 
  66      31C1 12A7 
  66      3570 3E64 
  67 04c8 89A3 8327 		.ascii	"\211\243\203'\213\332\264\304i\323\205\332L,\247\315$\323&D~"
  67      8BDA B4C4 
  67      69D3 85DA 
  67      4C2C A7CD 
  67      24D3 2644 
  68 04dd 9997 77E3 		.ascii	"\231\227w\343\037\215\026H\304\367X"
  68      1F8D 1648 
  68      C4F7 58
  69 04e8 F8B6 A397 		.string	"\370\266\243\227\302\235z~\352L\360\257*M\350e\322\204\2314\026~}*\322\220\271\334\241\31
  69      C29D 7A7E 
  69      EA4C F0AF 
  69      2A4D E865 
  69      D284 9934 
  70 05e9 D297 A263 		.ascii	"\322\227\242c"
  71               		.text
  72               		.section	.gnu.lto_USB_Disable.8c6c3e6898ad4355,"",@progbits
  73 0000 789C 8D54 		.string	"x\234\215TKL\023Q\024}w\2463S\373\021\343V\026\272dC]\352\262bt\343\n\203qG\324\324\210iD
  73      4B4C 1351 
  73      147D 77A6 
  73      3353 FB11 
  73      E356 16BA 
  74 0076 E843 B702 		.string	"\350C\267\002\363K\340\207\037\322\212\004\361\332\251\210T\324\250\343\230\b-\354\324\23
  74      F34B E087 
  74      1FD2 8A04 
  74      F1DA A988 
  74      54D4 A8E3 
  75 0131 CEFB 97BE 		.string	"\316\373\227\276,\313ah\bT\007\210\200\002\315P\b\217\241\020!Z \fH!\370\253\206(\bD\247"
  75      2CCB 6168 
  75      0854 0788 
  75      8002 CD50 
  75      088F A110 
  76 0153 ED48 0CD4 		.string	"\355H\f\324X\t\005p\264\24272\255\007r\311\017\331\206\220\b\"\204%Of\311\252\233]\227e\3
  76      5809 0570 
  76      B4A2 3732 
  76      AD07 72C9 
  76      0FD9 8690 
  77 021e 7DE9 6446 		.string	"}\351dF\271\324<\230q\236L\207\220\022/\317N\346\317\365[\241\345\ny\301\205$\210\205-\17
  77      B9D4 3C98 
  77      719E 4C87 
  77      9012 2FCF 
  77      4EE6 CFF5 
  78 0251 2FD3 C413 		.ascii	"/\323\304\023\377\272\005\003\234\270\235\337\202\356T\3700\321"
  78      FFBA 0503 
  78      9CB8 9DDF 
  78      82EE 54F8 
  78      30D1 
  79 0263 CCAC 910A 		.ascii	"\314\254\221\n\271\277\270z\031[\024-\317TO\216p\\\235\343j0"
  79      B9BF B87A 
  79      195B 142D 
  79      CF54 4F8E 
  79      705C 9DE3 
  80 0279 847D 6D90 		.ascii	"\204}m\220\343&\263j\255a\255\207q\347\033\\4\314\375\274u\320"
  80      E326 B36A 
  80      AD61 AD87 
  80      71E7 1B5C 
  80      34CC FDBC 
  81 028f 98C3 BE82 		.ascii	"\230\303\276\202\335\007;\306no\305Q\227\367\334\361#\256\003"
  81      DD07 3BC6 
  81      6E6F C551 
  81      97F7 DCF1 
  81      23AE 03
  82 02a2 65FB DCAE 		.ascii	"e\373\334\256\275\276\212\363\036\337\031W\331\301=\256\222J"
  82      BDBE 8AF3 
  82      1EDF 1957 
  82      D9C1 3DAE 
  82      924A 
  83 02b4 9FC7 E53E 		.ascii	"\237\307\345>T\272\213f%\225\247\316\372*\275^\217\257\234\226"
  83      54BA 8B66 
  83      2595 A7CE 
  83      FA2A BD5E 
  83      8FAF 9C96 
  84 02c8 8A8F 31F7 		.ascii	"\212\2171\367\377\234,.\336\020\341\004\373\r\225{\356o"
  84      FF9C 2C2E 
  84      DE10 E104 
  84      FB0D 957B 
  84      EE6F 
  85               		.text
  86               		.section	.gnu.lto_USB_ResetInterface.8c6c3e6898ad4355,"",@progbits
  87 0000 789C 8D53 		.ascii	"x\234\215SKL\023Q\024}\347M\247\364\033\210[Y\030wl\332\270\323"
  87      4B4C 1351 
  87      147D E74D 
  87      A7F4 1B88 
  87      5B59 1877 
  88 0018 65C1 B872 		.ascii	"e\301\270r\205\301\255QS\003\261\261\241~v\332\251\245hp\343"
  88      85C1 AD51 
  88      5303 B1B1 
  88      A17E 76DA 
  88      A9A5 6870 
  89 002d 0612 4D48 		.ascii	"\006\022MH\023\215)\376\240\250T\253\322N\2531`\375\"F\023CD"
  89      138D 29FE 
  89      A0A8 54AB 
  89      D24E AB31 
  89      60FD 2246 
  90 0044 A2D5 A08B 		.ascii	"\242\325\240\213\222\340'\n\326w\347\321\n4-\274d\356\314\233"
  90      92E0 270A 
  90      D677 E7D1 
  90      0A34 2DBC 
  90      64EE CC9B 
  91 0058 77EE B9E7 		.ascii	"w\356\271\347\236\334gb`\264N\230\030;.\336\033\305\003\205\201"
  91      9EDC 6762 
  91      60B4 4E98 
  91      183B 2EDE 
  91      1BC5 0385 
  92 006d 9F7D C658 		.ascii	"\237}\306X\310\302\001\372\320,`A\216 \276\363E\216\354\251|"
  92      C8C2 01FA 
  92      D02C 6041 
  92      8E20 BEF3 
  92      458E ECA9 
  93 0082 9237 C534 		.ascii	"\2227\3054\261\246/]\330\242\r\350\210(\214\025\271\301\304\020"
  93      B1A6 2F5D 
  93      D8A2 0DE8 
  93      8828 8C15 
  93      B9C1 C410 
  94 0096 4313 13B0 		.ascii	"C\023\023\260\231\341\277\275Ns\027\3016\311C\f\300L\345\206"
  94      99E1 BFBD 
  94      4E73 17C1 
  94      36C9 430C 
  94      C04C E586 
  95 00aa 5A75 AD58 		.ascii	"Zu\255X\fkz\257-\363\303\276Ae\021\005f\n\026\nV\n6\nv\n\016"
  95      0C6B 7AAF 
  95      2DF3 C3BE 
  95      4165 1105 
  95      660A 160A 
  96 00c5 0A4E 0A8C 		.ascii	"\nN\n\214\025\004\013\351\231\343\234\336\312\027\204\365h\017"
  96      1504 0BE9 
  96      99E3 9CDE 
  96      CA17 84F5 
  96      680F 
  97 00d7 8897 2A26 		.ascii	"\210\227*&\223\337\336\325\005\027\265\323\232\326\020Qx\221"
  97      93DF DED5 
  97      0517 B5D3 
  97      9AD6 1051 
  97      7891 
  98 00e9 8B14 5C46 		.ascii	"\213\024\\FP$+\214\260q[U\250`\306\225%h\036\331\337=\237\177"
  98      5024 2B8C 
  98      B071 5B55 
  98      A860 C695 
  98      2568 1ED9 
  99 0101 BEEE 5CD9 		.ascii	"\276\356\\\331\205~\346\351f\243\207\"W*\032\304UA\314p\r\346"
  99      857E E6E9 
  99      66A3 8722 
  99      572A 1AC4 
  99      5541 CC70 
 100 0117 B0A2 8AC3 		.ascii	"\260\242\212\303\276H\366y\335<\217(&\020vp\344\303y\207\334"
 100      BE48 F679 
 100      DD3C 8F28 
 100      2610 7670 
 100      E4C3 7987 
 101 012c BE85 D8BF 		.ascii	"\276\205\330\277\232z<g\217\242?\324\025\"\001*\006\321\210\353"
 101      9A7A 3C67 
 101      8FA2 3FD4 
 101      1522 012A 
 101      06D1 88EB 
 102 0140 6814 1443 		.ascii	"h\024\024C\210BH\b/t\223\004\311h\227\244\177\306\362\351zbQ"
 102      8842 4808 
 102      2F74 9304 
 102      C968 97A4 
 102      7FC6 F2E9 
 103 0157 5164 880B 		.ascii	"Qd\210\013\270\220\332\007\302\324\346\034\026\234\202Ev\226"
 103      B890 DA07 
 103      C2D4 E61C 
 103      169C 8245 
 103      7696 
 104 0169 3D28 491D 		.ascii	"=(I\035\265sn,\351\370e\226p\247\314H\344\307\037\331H\003\240"
 104      B573 6E2C 
 104      E9F8 6596 
 104      70A7 CC48 
 104      E4C7 1FD9 
 105 0180 0137 D7AF 		.ascii	"\0017\327\257\341\226\241\301)5\314\266\257\36267Y\362\326T\351"
 105      E196 A1C1 
 105      2935 CCB6 
 105      AFF2 3637 
 105      59F2 D654 
 106 0195 ED88 E16D 		.ascii	"\355\210\341m\202T\254Q\344\366\177\363\336\274\354\224)\026"
 106      8254 AC51 
 106      E4F6 7FF3 
 106      DEBC EC94 
 106      2916 
 107 01a7 99F5 7562 		.ascii	"\231\365ubF\267K\363\336\003w\312\302\023k\tO\032\302-\004\237"
 107      46B7 4BF3 
 107      DE03 77CA 
 107      C213 6B09 
 107      4F1A C22D 
 108 01bd 7F31 A9AE 		.ascii	"\1771\251\256\036\212\217\315K\302\325J\341w\r\341\367\214\n"
 108      1E8A 8FCD 
 108      4BC2 D54A 
 108      E177 0DE1 
 108      F78C 0A
 109 01d0 F18B A954 		.ascii	"\361\213\251T\275\034\201qBF\247\323cX^\361~\271\342\250\370"
 109      BD1C 8171 
 109      4246 A7D3 
 109      6358 5EF1 
 109      7EB9 E2A8 
 110 01e5 BF7C 8654 		.ascii	"\277|\206T0\244\304\t\315\360\271\\\365y\247b\351\025C\034\033"
 110      30A4 C409 
 110      CDF0 B95C 
 110      F579 A762 
 110      E915 431C 
 111 01fa 5D3D C4B9 		.ascii	"]=\304\271\205\222\321u\225zuCo\206\\\263\3266%[\232\216n\252"
 111      8592 D175 
 111      957A 7543 
 111      6F86 5CB3 
 111      D636 255B 
 112 0212 2153 6C32 		.ascii	"!Sl2k\242\360\244\337.'\244\001\017\312>g\326\362\371\241\341"
 112      6BA2 F0A4 
 112      DF2E 27A4 
 112      010F CA3E 
 112      67D6 F2F9 
 113 0228 B38D CDE2 		.ascii	"\263\215\315\342\344\364\247\224\325\350\222VA\334cq\333\305"
 113      E4F4 A794 
 113      D5E8 9256 
 113      41DC 6371 
 113      DBC5 
 114 023a 0DDD E6EB 		.ascii	"\r\335\346\353\330\347\366\035=\260\327\275\263m\207\307\275"
 114      D8E7 F61D 
 114      3DB0 D7BD 
 114      B36D 87C7 
 114      BD
 115 024b 3DD0 71CC 		.ascii	"=\320q\314\0338\354n\333\325\354n\361\007\274n\317\356\326\255"
 115      1B38 EC6E 
 115      DBD5 EC6E 
 115      F107 BC6E 
 115      CFEE D6AD 
 116 025f B46B F11F 		.ascii	"\264k\361\037:\022\360\373|\336\300\036\372\345\332\317<\353"
 116      3A12 F0FB 
 116      7CDE C01E 
 116      FAE5 DACF 
 116      3CEB 
 117 0271 C974 B9AA 		.ascii	"\311t\271\2522\264\263\177\223\202\267\313"
 117      32B4 B37F 
 117      9382 B7CB 
 118               		.text
 119               		.section	.gnu.lto_USB_Init.8c6c3e6898ad4355,"",@progbits
 120 0000 789C 8D92 		.string	"x\234\215\222Mh\023A\024\307\347\315$\331M\243\342\335\036\364\330K\366\342A\217\261\242\
 120      4D68 1341 
 120      14C7 E7CD 
 120      24D9 4DA3 
 120      E2DD 1EF4 
 121 00ba 8D3A 9D3A 		.string	"\215:\235:?u\214U\361"
 121      3F75 8C55 
 121      F100 
 122 00c4 49D7 38A7 		.string	"I\3278\247Q\224\241\260|\266\222~\330\377'\331=7\273Ir\033\034\332D\341\032\370P\365:\370
 122      5194 A1B0 
 122      7CB6 927E 
 122      D8FF 27D9 
 122      3D37 BB49 
 123 0170 B6C9 968F 		.ascii	"\266\311\226\217\234\364\261\n2/}\350\024^\237~<\270\231\262"
 123      9CF4 B10A 
 123      322F 7DE8 
 123      145E 9F7E 
 123      3CB8 99B2 
 124 0184 C613 A5D1 		.ascii	"\306\023\245\321l\261y\331/\310\301\342\245\354\320/\202\245"
 124      6CB1 79D9 
 124      2FC8 C1E2 
 124      A5EC D02F 
 124      82A5 
 125 0196 11E2 4E0B 		.ascii	"\021\342N\0131\205\b\f\231\231\237\250\005\324Uz`ZeP\257~\230"
 125      3185 080C 
 125      9999 9FA8 
 125      05D4 557A 
 125      605A 6550 
 126 01ad F136 91AD 		.ascii	"\3616\221\255\367\363\310\367s\234\245\267Zl\305:mQJ\2363X\203"
 126      F7F3 C8F7 
 126      739C A5B7 
 126      5A6C C53A 
 126      6D51 4A9E 
 127 01c4 B4BC 945C 		.ascii	"\264\274\224\\(\311+\267d\252^\270\213\205\353H\235{J'\237~\222"
 127      28C9 2BB7 
 127      64AA 5EB8 
 127      8B85 EB48 
 127      9D7B 4A27 
 128 01db 93F7 E545 		.ascii	"\223\367\345E\247\367q\347#$\334\313i \231v0>\001\222\341\001"
 128      A7F7 71E7 
 128      2324 DCCB 
 128      6920 9976 
 128      303E 0192 
 129 01f1 C4B0 3235 		.ascii	"\304\26025\266\b\247\334\314N\031J\255\212\265\204\365\211\325"
 129      B608 A7DC 
 129      CC4E 194A 
 129      AD8A B584 
 129      F589 D5
 130 0204 BA35 D277 		.ascii	"\2725\322w\300\210\034?\264\337\330\325\273#dl7\373N\204\315"
 130      C088 1C3F 
 130      B4DF D8D5 
 130      BB23 646C 
 130      37FB 4E84 
 131 0219 A346 EFEE 		.ascii	"\243F\357\356mFw\324\f\033\241==[h\326\035=r\314\214F\"as\037"
 131      6D46 77D4 
 131      0C1B A13D 
 131      3D5B 68D6 
 131      1D3D 72CC 
 132 0233 2D05 0FB2 		.ascii	"-\005\017\262\320\377\234\f\006\377I8\314~\002\351\271=y"
 132      D0FF 9C0C 
 132      06FF 4938 
 132      CC7E 02E9 
 132      B93D 79
 133               		.text
 134               		.section	.gnu.lto_.symbol_nodes.8c6c3e6898ad4355,"",@progbits
 135 0000 789C 558B 		.ascii	"x\234U\213I\016\3020\020\004\313\033fyD\340\245\343\023\334\020"
 135      490E C230 
 135      1004 CB1B 
 135      6679 44E0 
 135      A5E3 13DC 
 136 0015 5F20 E213 		.ascii	"_ \342\023p\316\231\033\373\222< o@\330\026\221\360\\J]=mQ\264"
 136      70CE 991B 
 136      FB92 3C20 
 136      6F40 D816 
 136      91F0 5C4A 
 137 002e C4D3 5704 		.ascii	"\304\323W\0046G\022\366a\033\f\270'\314c\347^\250\3147:\263\305"
 137      3647 12F6 
 137      611B 0CB8 
 137      27CC 63E7 
 137      5EA8 CC37 
 138 0045 24EA 33A2 		.ascii	"$\3523\242\206\315!,bs\303\346\346\202\350\242\321'\304\024F"
 138      86CD 212C 
 138      6273 C3E6 
 138      E682 E8A2 
 138      D127 C414 
 139 005a 7588 CD06 		.ascii	"u\210\315\006B\210+\365@\\!\356\310\350_\030&4\353\2762n\306"
 139      4288 2BF5 
 139      405C 21EE 
 139      C8E8 5F18 
 139      2634 EBBE 
 140 0071 AEFB 28E3 		.ascii	"\256\373(\343\2464\211\376\227\375\220\241^\305\277\261\247^"
 140      A634 89FE 
 140      97FD 90A1 
 140      5EC5 BFB1 
 140      A75E 
 141 0083 F615 5F3D 		.ascii	"\366\025_=O6a"
 141      4F36 61
 142               		.text
 143               		.section	.gnu.lto_.refs.8c6c3e6898ad4355,"",@progbits
 144 0000 789C 0DC1 		.string	"x\234\r\301\261\021"
 144      B111 00
 145 0007 200C C430 		.string	" \f\3040;y\270\224\264\354\277(HA.\020\374\252\3546q\271\217\343\036\036\006\267"
 145      3B79 B894 
 145      B4EC BF28 
 145      4841 2E10 
 145      FCAA EC36 
 146 0024 70        		.ascii	"p"
 147               		.text
 148               		.section	.gnu.lto_.decls.8c6c3e6898ad4355,"",@progbits
 149 0000 789C 9D96 		.string	"x\234\235\226iPTW\026\200\337}\257\241\241\233\006\307b2T\212r,\253R\345/\332\231\251\232
 149      6950 5457 
 149      1680 DF7D 
 149      AFA1 A19B 
 149      06C7 6232 
 150 00d6 51BC 2216 		.string	"Q\274\"\026\371\203\327\020 \213c\016\244L\026\317<H\237\240\033 \350\267\nk}\t\262\214?@
 150      F983 D710 
 150      208B 630E 
 150      A44C 16CF 
 150      3C48 9FA0 
 151 010b 0A42 3C9B 		.ascii	"\nB<\233\344\nQ\277x.\257\210}e\314\242\037J\310\003\326\307"
 151      E40A 51BF 
 151      782E AF88 
 151      7D65 CCA2 
 151      1F4A C803 
 152 0121 31AE 46BC 		.ascii	"1\256F\274\257W\305\272L\243\322\264\311\302\200\3474\nW!7\302"
 152      AF57 C5BA 
 152      4CA3 D2B4 
 152      C9C2 80E7 
 152      340A 5721 
 153 0137 E347 B58B 		.ascii	"\343G\265\213\032~\214?\367\336_\276\207\"\276\346\340\311\346"
 153      1A7E 8C3F 
 153      F7DE 5FBE 
 153      8722 BEE6 
 153      E0C9 E6
 154 014a 389A F618 		.ascii	"8\232\366\030\026\236\276\330\254a\324X\213\256\236\236\351\245"
 154      169E BED8 
 154      AC61 D458 
 154      8BAE 9E9E 
 154      E9A5 
 155 015c 916A 7D06 		.ascii	"\221j}\006\307\355\345\234\371\234\177\030\205\376\024\2166\204"
 155      C7ED E59C 
 155      F99C 7F18 
 155      85FE 148E 
 155      3684 
 156 016e 53E8 6BB4 		.ascii	"S\350k\264\036\263\nQ\004\205.\242pT\200\302\251\013\030\347"
 156      1EB3 0A51 
 156      0485 2EA2 
 156      7054 80C2 
 156      A90B 18E7 
 157 0182 1A5A 0829 		.ascii	"\032Z\b)\341\270U\250\030\251P\021b\210\n\204\031\256\342\371"
 157      E1B8 55A8 
 157      18A9 5011 
 157      6288 0A84 
 157      19AE E2F9 
 158 0196 DD4D F9DD 		.ascii	"\335M\371\335~*\201\230\375\032\"\272\204T`sx\350\304\241\300"
 158      7E2A 8198 
 158      FD1A 22BA 
 158      8454 6073 
 158      78E8 C4A1 
 159 01ab 3134 8268 		.ascii	"14\202h$t9\205\220\370\203\360+\031\"\374\212\0074%\024\021\361"
 159      2474 3985 
 159      90F8 83F0 
 159      2B19 22FC 
 159      8A07 3425 
 160 01c2 5344 841F 		.ascii	"SD\204\037AEx\365\300\310?$\274\272\305\207/\036\357Ab\341)Z"
 160      4145 78F5 
 160      C0C8 3F24 
 160      BCBA C587 
 160      2F1E EF41 
 161 01da 4A36 B122 		.ascii	"J6\261\"\337i\374\3431E<\017\317#!\0229\230\217[\306E\336\213"
 161      DF69 FCE3 
 161      3145 3C0F 
 161      CF23 2112 
 161      3998 8F5B 
 162 01f2 4362 4552 		.ascii	"CbER\317^i\bd\376H\352\366p\244\371\253\340\260c8\321N\216[\213"
 162      CF5E 6908 
 162      64FE 48EA 
 162      F670 A4F9 
 162      ABE0 B063 
 163 020c D08E 7784 		.ascii	"\320\216w\204\374Q\250\f\205\301\377;\025\274Uu\355\3605\325"
 163      FC51 A80C 
 163      85C1 FF3B 
 163      15BC 5575 
 163      EDF0 35D5 
 164 0220 BA7C CE59 		.ascii	"\272|\316Y\306\271\216\246\377\273\377\254\235+\003\253\017\210"
 164      C6B9 8EA6 
 164      FFBB FFAC 
 164      9D2B 03AB 
 164      0F88 
 165 0232 1E2A F514 		.ascii	"\036*\365\024\006^\361O\t\032\003\377\345h\035\330\316\027\270"
 165      065E F14F 
 165      091A 03FF 
 165      E568 1DD8 
 165      CE17 B8
 166 0245 7343 987F 		.ascii	"sC\230\177\021\217--"
 166      118F 2D2D 
 167 024d 7D6E 1A38 		.string	"}n\0328\371e\234\263\334\301\244qN;`hB\251\360P*\344\224JB\031\351s\215#&\003\361\230\206
 167      F965 9CB3 
 167      DCC1 A471 
 167      4E3B 6068 
 167      42A9 F050 
 168 034e A818 300D 		.ascii	"\250\0300\rr\371a$\273M\036\363&\321\274\2317\357\356\271\311"
 168      72F9 6124 
 168      BB4D 1EF3 
 168      26D1 BC99 
 168      37EF EEB9 
 169 0363 304F 79F3 		.ascii	"0Oy\363\254Gi\017h\336\334Y7D"
 169      AC47 690F 
 169      68DE DC59 
 169      3744 
 170 0371 3B37 10E3 		.string	";7\020\343\026\217q\213h\334J\214\355\305\225C\n&\213!\306]\235\263\245\301\370X\330\367\
 170      168F 718B 
 170      68DC 4A8C 
 170      EDC5 9543 
 170      0A26 8B21 
 171 0472 61D0 200A 		.ascii	"a\320 \n\"u\207_\274\340\233\217\033\031\271r\261\227\362-A\371"
 171      2275 875F 
 171      BCE0 9B8F 
 171      1B19 B972 
 171      B197 F22D 
 172 0488 1651 CE69 		.ascii	"\026Q\316i\354\332\033$W\306\251\361(\017\t\312CD\371\374\313"
 172      ECDA 1B24 
 172      57C6 A9F1 
 172      280F 09CA 
 172      4344 F9FC 
 173 049d A559 06A2 		.ascii	"\245Y\006\242\212\205K\317\315\310n\275X\376\326\253\317\031"
 173      8A85 4BCF 
 173      CDC8 6EBD 
 173      58FE D6AB 
 173      CF19 
 174 04af 9B52 3187 		.ascii	"\233R1\207\375\310\345\326P\323Z\300\240\365*\341\326\312\017"
 174      FDC8 E5D6 
 174      50D3 5AC0 
 174      A0F5 2AE1 
 174      D6CA 0F
 175 04c2 25B7 D66D 		.ascii	"%\267\326m\210e\324\323\262\261\370\326\312\220\274S\222k8^\326"
 175      8865 D4D3 
 175      B2B1 F8D6 
 175      CA90 BC53 
 175      926B 385E 
 176 04d7 632C E9CB 		.ascii	"c,\351\313\021\230\034\346\323\373\360\250\375H\220J\260\310"
 176      1198 1CE6 
 176      D3FB F0A8 
 176      FD48 904A 
 176      B0C8 
 177 04e9 7EAD 05BA 		.ascii	"~\255\005\272C.\270'\255\225E^\371\303\273\326\263\312qa\225"
 177      432E B827 
 177      AD95 455E 
 177      F9C3 BBD6 
 177      B3CA 7161 
 178 04fe E364 9599 		.ascii	"\343d\225\231\007G{\224\3141\262\nTt\351\313\262`\246\204\037"
 178      0747 7B94 
 178      CC31 B20A 
 178      5474 E9CB 
 178      B260 A684 
 179 0513 1C6C 6C3A 		.ascii	"\034ll:\351\017G\026r\221\235\0063\223\347\357\236\t\024n\201"
 179      E90F 4716 
 179      7291 9D06 
 179      3393 E7EF 
 179      9E09 146E 
 180 0528 C599 7FD6 		.ascii	"\305\231\177\326\216\037\341\270t\216KE\241ds\336\025W\212\276"
 180      8E1F E1B8 
 180      748E 4B45 
 180      A164 73DE 
 180      1557 8ABE 
 181 053c 430A 3CF2 		.ascii	"C\n<\362\034\235\023d\217\216u\3744\023\304\270}\341_u\230^\357"
 181      1C9D 1364 
 181      8F8E 75FC 
 181      3413 C4B8 
 181      7DE1 5F75 
 182 0553 6F3E A2F6 		.ascii	"o>\242\366qEM\221\023\353\236xb-U\335hT\n\321U\374\347\357}\034"
 182      7145 4D91 
 182      13EB 9E78 
 182      622D 55DD 
 182      6854 0AD1 
 183 056d 771C 8E42 		.ascii	"w\034\216B8\250A\017}/\3056\t\261}/\217\355>\211\355\366\363"
 183      38A8 410F 
 183      7D2F C536 
 183      09B1 7D2F 
 183      8FED 3E89 
 184 0584 D94C 3F26 		.ascii	"\331L?&\323\377-b\233O\233\351b\310\034\256\363C\376L?Z\365\344"
 184      D3FF 2D62 
 184      9B4F 9BE9 
 184      62C8 1CAE 
 184      F343 FE4C 
 185 059c 90E7 A09F 		.ascii	"\220\347\240\237\341'{\212\3723<\223\217\370\311\274\373cY\301"
 185      E127 7B8A 
 185      FA33 3C93 
 185      8FF8 C9BC 
 185      FB63 59C1 
 186 05b0 BE4E E31F 		.ascii	"\276N\343\037\311\332~\020\3276P>8\254\020\327\226\0313 \255"
 186      C9DA 7E10 
 186      D736 503E 
 186      38AC 10D7 
 186      9619 3320 
 187 05c5 0DF4 D0B4 		.ascii	"\r\364\320\264\264\266\007\260\266i\371\332\036\223\265]u\035"
 187      B4B6 07B0 
 187      B669 F9DA 
 187      1E93 B55D 
 187      751D 
 188 05d7 39A1 660A 		.ascii	"9\241f\n}\255\355T\311\\\266JJ\\\302\200W\342f%\370\023\200\317"
 188      7DAD ED54 
 188      C95C B64A 
 188      4A5C C280 
 188      57E2 6625 
 189 05ef CA        		.ascii	"\312"
 190 05f0 E14F 097C 		.string	"\341O\t|\262\270\303\241`.\373\202\237l\346\232C\004\370\221\271\270\332\003\370d\341\032
 190      B2B8 C3A1 
 190      602E FB82 
 190      9F6C E69A 
 190      4304 F891 
 191 06f1 ED90 A3F7 		.string	"\355\220\243\367\023t\211\263\374j03\341\013]^Y\366TD\037\363F\037\220\320\007\001}@\216>
 191      1374 89B3 
 191      FC6A 3033 
 191      E10B 5D5E 
 191      59F6 5444 
 192 0748 9D2D 47E7 		.ascii	"\235-G\347\322\353\250\200-[\267\257\215\332\270\221R\332\f&"
 192      D2EB A880 
 192      2D5B B7AF 
 192      8DDA B891 
 192      52DA 0C26 
 193 075c EBFB 3AEB 		.ascii	"\353\373:\353\032\255-\305\2425\032vj\365{,Z\203)\321hKb\265"
 193      1AAD 2DC5 
 193      A235 1A76 
 193      6AF5 7B2C 
 193      5A83 29D1 
 194 0774 29D6 24F8 		.ascii	")\326$\370\034\261\213\n\331\276m\223\356#\223\301\252\213f\367"
 194      1CB1 8B0A 
 194      D9BE 6D93 
 194      EE23 93C1 
 194      AA8B 66F7 
 195 0788 1812 D98D 		.ascii	"\030\022\331\215X\323hK\326kc\266\177\030\251\215\266\030\366"
 195      58D3 684B 
 195      D66B 63B6 
 195      7F18 A98D 
 195      B618 F6
 196 079b B096 142D 		.ascii	"\260\226\024-hi\243\314\026V\033\271#\376}<\2122\233\254\026"
 196      6869 A3CC 
 196      1656 1BB9 
 196      23FE 7D3C 
 196      8A32 9BAC 
 197 07b0 B3D1 C85A 		.ascii	"\263\321\310Ztx*\"\221RcR\264!E\277\323\310\256\306\357\361l"
 197      7478 2A22 
 197      9152 6352 
 197      B421 45BF 
 197      D3C8 AEC6 
 198 07c7 0A6B FDC8 		.ascii	"\nk\375\310de-\311\372"
 198      6465 2DC9 
 198      FA
 199 07d0 4436 4074 		.ascii	"D6@t\264f\263)i\267\031\274\353\200\221l\370\207\315\302J3q\226"
 199      B466 B329 
 199      69B7 19BC 
 199      EB80 916C 
 199      F887 CDC2 
 200 07e8 3D7E BA4D 		.ascii	"=~\272Mf\2631\372M\302\210\210\360\376\2250$\242]\324\273\304"
 200      66B3 31FA 
 200      4DC2 8888 
 200      F0FE 9530 
 200      24A2 5DD4 
 201 07fe E5D6 045D 		.ascii	"\345\326\004]\224\221\325[\"\215F\022\214\305\266\333\232\362"
 201      9491 D55B 
 201      228D 4612 
 201      8CC5 B6DB 
 201      9AF2 
 202 0810 975F C387 		.ascii	"\227_\303\207\257\022A\364\021.\372\020V\356\345\205$\227\317"
 202      AF12 41F4 
 202      112E FA10 
 202      56EE E585 
 202      2497 CF
 203 0823 EB36 ABDE 		.ascii	"\3536\253\336\372f\311\225y\205\017\t\372\224\217\301\315\032"
 203      FA66 C995 
 203      7985 0F09 
 203      FA94 8FC1 
 203      CD1A 
 204 0835 0F49 4A9B 		.ascii	"\017IJ\233\336j0\233\266\332>\331\311Z\242\336\022,\305dJ\322"
 204      DE6A 309B 
 204      B6DA 3ED9 
 204      C95A A2DE 
 204      122C C564 
 205 084b 5B92 E2D9 		.ascii	"[\222\342\331OW\270\210g?1[\331\277\351?fm\2737\233\360\272\222"
 205      4F57 B888 
 205      673F 315B 
 205      D9BF E93F 
 205      666D BB37 
 206 0863 7E2F 8FC0 		.ascii	"~/\217\300f\261\260&\253\361\363m\25419\316\374\031ka\223~C\022"
 206      66B1 B026 
 206      ABF1 F36D 
 206      AC31 39CE 
 206      FC19 6B61 
 207 087b 9182 2B6C 		.ascii	"\221\202+l\320\033\r_\260I\001\270\003\377\360g\235\365w2\323"
 207      D01B 0D5F 
 207      B049 01B8 
 207      03FF F067 
 207      9DF5 7732 
 208 0890 6DAC F543 		.ascii	"m\254\365C\233\321\270m7\313&i\364\306\317\364\237\247\350\f"
 208      9BD1 B86D 
 208      37CB 2669 
 208      F4C6 CFF4 
 208      9FA7 E80C 
 209 08a4 26A3 C1C4 		.ascii	"&\243\301\304n\3725%\021\250B1\202\305b\3601\277\353\273\323"
 209      6EFA 3525 
 209      11A8 4231 
 209      82C5 62F0 
 209      31BF EBBB 
 210 08b9 345E ADA1 		.ascii	"4^\255\241\302\243H\253U\237\270+\362m\242x\305>\330E\251\370"
 210      C2A3 48AB 
 210      559F B82B 
 210      F26D A278 
 210      C53E D845 
 211 08cf D562 D83B 		.ascii	"\325b\330;\370U\246!\364\b\331)q11\272\330\344d\362\036\277y"
 211      F855 A621 
 211      F408 D929 
 211      7131 31BA 
 211      D8E4 64F2 
 212 08e6 0B7E 27E1 		.ascii	"\013~'\341\307&l\211\213\214\306\303\320\025\326d?\255\"\223"
 212      C726 6C89 
 212      8B8C C6C3 
 212      D015 D664 
 212      3FAD 2293 
 213 08fa 317F D56D 		.ascii	"1\177\325m7%[X\366\013V#72\251$\234\351\177\224\022\307A"
 213      3725 5B58 
 213      F60B 5623 
 213      3732 A924 
 213      9CE9 7F94 
 214               		.text
 215               		.section	.gnu.lto_.symtab.8c6c3e6898ad4355,"",@progbits
 216 0000 5553 425F 		.string	"USB_Disable"
 216      4469 7361 
 216      626C 6500 
 217 000c 00        		.string	""
 218 000d 00        		.string	""
 219 000e 00        		.string	""
 220 000f 00        		.string	""
 221 0010 00        		.string	""
 222 0011 00        		.string	""
 223 0012 00        		.string	""
 224 0013 00        		.string	""
 225 0014 00        		.string	""
 226 0015 00        		.string	""
 227 0016 00        		.string	""
 228 0017 B300      		.string	"\263"
 229 0019 00        		.string	""
 230 001a 00        		.string	""
 231 001b 5553 425F 		.string	"USB_ResetInterface"
 231      5265 7365 
 231      7449 6E74 
 231      6572 6661 
 231      6365 00
 232 002e 00        		.string	""
 233 002f 00        		.string	""
 234 0030 00        		.string	""
 235 0031 00        		.string	""
 236 0032 00        		.string	""
 237 0033 00        		.string	""
 238 0034 00        		.string	""
 239 0035 00        		.string	""
 240 0036 00        		.string	""
 241 0037 00        		.string	""
 242 0038 00        		.string	""
 243 0039 B500      		.string	"\265"
 244 003b 00        		.string	""
 245 003c 00        		.string	""
 246 003d 5553 425F 		.string	"USB_Init"
 246      496E 6974 
 246      00
 247 0046 00        		.string	""
 248 0047 00        		.string	""
 249 0048 00        		.string	""
 250 0049 00        		.string	""
 251 004a 00        		.string	""
 252 004b 00        		.string	""
 253 004c 00        		.string	""
 254 004d 00        		.string	""
 255 004e 00        		.string	""
 256 004f 00        		.string	""
 257 0050 00        		.string	""
 258 0051 B700      		.string	"\267"
 259 0053 00        		.string	""
 260 0054 00        		.string	""
 261 0055 5553 425F 		.string	"USB_DeviceState"
 261      4465 7669 
 261      6365 5374 
 261      6174 6500 
 262 0065 00        		.string	""
 263 0066 02        		.ascii	"\002"
 264 0067 00        		.string	""
 265 0068 00        		.string	""
 266 0069 00        		.string	""
 267 006a 00        		.string	""
 268 006b 00        		.string	""
 269 006c 00        		.string	""
 270 006d 00        		.string	""
 271 006e 00        		.string	""
 272 006f 00        		.string	""
 273 0070 C900      		.string	"\311"
 274 0072 00        		.string	""
 275 0073 00        		.string	""
 276 0074 5553 425F 		.string	"USB_Device_ConfigurationNumber"
 276      4465 7669 
 276      6365 5F43 
 276      6F6E 6669 
 276      6775 7261 
 277 0093 00        		.string	""
 278 0094 02        		.ascii	"\002"
 279 0095 00        		.string	""
 280 0096 00        		.string	""
 281 0097 00        		.string	""
 282 0098 00        		.string	""
 283 0099 00        		.string	""
 284 009a 00        		.string	""
 285 009b 00        		.string	""
 286 009c 00        		.string	""
 287 009d 00        		.string	""
 288 009e CB00      		.string	"\313"
 289 00a0 00        		.string	""
 290 00a1 00        		.string	""
 291 00a2 5553 425F 		.string	"USB_Device_RemoteWakeupEnabled"
 291      4465 7669 
 291      6365 5F52 
 291      656D 6F74 
 291      6557 616B 
 292 00c1 00        		.string	""
 293 00c2 02        		.ascii	"\002"
 294 00c3 00        		.string	""
 295 00c4 00        		.string	""
 296 00c5 00        		.string	""
 297 00c6 00        		.string	""
 298 00c7 00        		.string	""
 299 00c8 00        		.string	""
 300 00c9 00        		.string	""
 301 00ca 00        		.string	""
 302 00cb 00        		.string	""
 303 00cc CD00      		.string	"\315"
 304 00ce 00        		.string	""
 305 00cf 00        		.string	""
 306 00d0 5553 425F 		.string	"USB_Device_CurrentlySelfPowered"
 306      4465 7669 
 306      6365 5F43 
 306      7572 7265 
 306      6E74 6C79 
 307 00f0 00        		.string	""
 308 00f1 02        		.ascii	"\002"
 309 00f2 00        		.string	""
 310 00f3 00        		.string	""
 311 00f4 00        		.string	""
 312 00f5 00        		.string	""
 313 00f6 00        		.string	""
 314 00f7 00        		.string	""
 315 00f8 00        		.string	""
 316 00f9 00        		.string	""
 317 00fa 00        		.string	""
 318 00fb CF00      		.string	"\317"
 319 00fd 00        		.string	""
 320 00fe 00        		.string	""
 321 00ff 5553 425F 		.string	"USB_IsInitialized"
 321      4973 496E 
 321      6974 6961 
 321      6C69 7A65 
 321      6400 
 322 0111 00        		.string	""
 323 0112 02        		.ascii	"\002"
 324 0113 00        		.string	""
 325 0114 00        		.string	""
 326 0115 00        		.string	""
 327 0116 00        		.string	""
 328 0117 00        		.string	""
 329 0118 00        		.string	""
 330 0119 00        		.string	""
 331 011a 00        		.string	""
 332 011b 00        		.string	""
 333 011c D200      		.string	"\322"
 334 011e 00        		.string	""
 335 011f 00        		.string	""
 336 0120 456E 6470 		.string	"Endpoint_ConfigureEndpoint_Prv"
 336      6F69 6E74 
 336      5F43 6F6E 
 336      6669 6775 
 336      7265 456E 
 337 013f 00        		.string	""
 338 0140 02        		.ascii	"\002"
 339 0141 00        		.string	""
 340 0142 00        		.string	""
 341 0143 00        		.string	""
 342 0144 00        		.string	""
 343 0145 00        		.string	""
 344 0146 00        		.string	""
 345 0147 00        		.string	""
 346 0148 00        		.string	""
 347 0149 00        		.string	""
 348 014a C200      		.string	"\302"
 349 014c 00        		.string	""
 350 014d 00        		.string	""
 351 014e 5553 425F 		.string	"USB_INT_ClearAllInterrupts"
 351      494E 545F 
 351      436C 6561 
 351      7241 6C6C 
 351      496E 7465 
 352 0169 00        		.string	""
 353 016a 02        		.ascii	"\002"
 354 016b 00        		.string	""
 355 016c 00        		.string	""
 356 016d 00        		.string	""
 357 016e 00        		.string	""
 358 016f 00        		.string	""
 359 0170 00        		.string	""
 360 0171 00        		.string	""
 361 0172 00        		.string	""
 362 0173 00        		.string	""
 363 0174 C400      		.string	"\304"
 364 0176 00        		.string	""
 365 0177 00        		.string	""
 366 0178 5553 425F 		.string	"USB_INT_DisableAllInterrupts"
 366      494E 545F 
 366      4469 7361 
 366      626C 6541 
 366      6C6C 496E 
 367 0195 00        		.string	""
 368 0196 02        		.ascii	"\002"
 369 0197 00        		.string	""
 370 0198 00        		.string	""
 371 0199 00        		.string	""
 372 019a 00        		.string	""
 373 019b 00        		.string	""
 374 019c 00        		.string	""
 375 019d 00        		.string	""
 376 019e 00        		.string	""
 377 019f 00        		.string	""
 378 01a0 C600      		.string	"\306"
 379 01a2 00        		.string	""
 380 01a3 00        		.string	""
 381               		.text
 382               		.section	.gnu.lto_.opts,"",@progbits
 383 0000 272D 666D 		.ascii	"'-fmath-errno' '-fsigned-zeros' '-ftrapping-math' '-fno-trap"
 383      6174 682D 
 383      6572 726E 
 383      6F27 2027 
 383      2D66 7369 
 384 003c 7627 2027 		.ascii	"v' '-fno"
 384      2D66 6E6F 
 385 0044 2D6F 7065 		.string	"-openmp' '-fno-openacc' '-mn-flash=1' '-mno-skip-bug' '-mmcu=avr5' '-gdwarf-2' '-Os' '-We
 385      6E6D 7027 
 385      2027 2D66 
 385      6E6F 2D6F 
 385      7065 6E61 
 386               		.text
 387               		.comm	__gnu_lto_v1,1,1
 388               		.comm	__gnu_lto_slim,1,1
 389               		.ident	"GCC: (GNU) 5.4.0"
DEFINED SYMBOLS
                            *ABS*:0000000000000000 USBController_AVR8.c
     /tmp/ccDWWwYa.s:2      *ABS*:000000000000003e __SP_H__
     /tmp/ccDWWwYa.s:3      *ABS*:000000000000003d __SP_L__
     /tmp/ccDWWwYa.s:4      *ABS*:000000000000003f __SREG__
     /tmp/ccDWWwYa.s:5      *ABS*:0000000000000000 __tmp_reg__
     /tmp/ccDWWwYa.s:6      *ABS*:0000000000000001 __zero_reg__
                            *COM*:0000000000000001 __gnu_lto_v1
                            *COM*:0000000000000001 __gnu_lto_slim

NO UNDEFINED SYMBOLS
