   1               		.file	"USBInterrupt_AVR8.c"
   2               	__SP_H__ = 0x3e
   3               	__SP_L__ = 0x3d
   4               	__SREG__ = 0x3f
   5               	__tmp_reg__ = 0
   6               	__zero_reg__ = 1
   7               		.text
   8               	.Ltext0:
   9               		.section	.gnu.lto_.profile.e8b1468f59acad89,"",@progbits
  10 0000 789C 6361 		.string	"x\234ca`d`c`"
  10      6064 6063 
  10      6000 
  11 000a 924F 1967 		.string	"\222O\031g2\002"
  11      3202 00
  12 0011 055E 018D 		.ascii	"\005^\001\215"
  13               		.text
  14               		.section	.gnu.lto_.icf.e8b1468f59acad89,"",@progbits
  15 0000 789C 6361 		.string	"x\234ca`d"
  15      6064 00
  16 0007 0129 0604 		.string	"\001)\006\004`a8\375\357\301\033v\306\356\347Wf\3633]l\274\265\225\215\365\356\231\246\30
  16      6061 38FD 
  16      EFC1 1B76 
  16      C6EE E757 
  16      66F3 335D 
  17 0028 B285 0C78 		.ascii	"\262\205\fx"
  18               		.text
  19               		.section	.gnu.lto_.jmpfuncs.e8b1468f59acad89,"",@progbits
  20 0000 789C 6361 		.string	"x\234ca`d"
  20      6064 00
  21 0007 8108 0604 		.string	"\201\b\006\004`\001b\240(\023\220bc\374\313\3048\255\365\320y\366/L\255\314@Q\306\345\214
  21      6001 62A0 
  21      2813 9062 
  21      63FC CBC4 
  21      38AD F5D0 
  22 004a A281 13DD 		.ascii	"\242\201\023\335"
  23               		.text
  24               		.section	.gnu.lto_.inline.e8b1468f59acad89,"",@progbits
  25 0000 789C 6361 		.string	"x\234ca`d"
  25      6064 00
  26 0007 813A 0604 		.string	"\201:\006\004`a``gcd`\3428`\307\300\266@\236\t$\306\310\300\312\002\024bY \017\027bb\370\
  26      6061 6060 
  26      6763 6460 
  26      E238 60C7 
  26      C0B6 409E 
  27 0050 7223 0BA9 		.ascii	"r#\013\251"
  28               		.text
  29               		.section	.gnu.lto_.pureconst.e8b1468f59acad89,"",@progbits
  30 0000 789C 6361 		.string	"x\234ca`d\340b```a\220b\224b\222b\335\305\b"
  30      6064 E062 
  30      6060 6061 
  30      9062 9462 
  30      9262 DDC5 
  31 0016 0487 0125 		.ascii	"\004\207\001%"
  32               		.text
  33               		.section	.gnu.lto_USB_INT_DisableAllInterrupts.e8b1468f59acad89,"",@progbits
  34 0000 789C 7D90 		.string	"x\234}\220\277KBQ\024\307\357\367^5!\375\007\312\241\325\245\267J\233\025A\320d\330\032\0
  34      BF4B 4251 
  34      14C7 EFF7 
  34      5E35 21FD 
  34      07CA A1D5 
  35 0067 7F18 7688 		.ascii	"\177\030v\210\250D\024\357\362K\242\262\335\270\221\356\234A"
  35      A844 14EF 
  35      F24B A2B2 
  35      DDB8 91EE 
  35      9C41 
  36 0079 E7F5 785F 		.ascii	"\347\365x_\031\3712\222J\210\236\354\223\004rp\013\222\325/\273"
  36      19F9 3292 
  36      4A88 9EEC 
  36      9304 7270 
  36      0B92 D52F 
  37 008e 29A7 2DC1 		.ascii	")\247-\301\262\021\363\022y\330\330\256\350+\033\275^\334(g\254"
  37      B211 F312 
  37      79D8 D8AE 
  37      E82B 1BBD 
  37      5EDC 2867 
  38 00a3 3565 9322 		.ascii	"5e\223\"\251\310\222^B4I\306\206-)9\252\006*\237;\325\224\342"
  38      A9C8 925E 
  38      4234 49C6 
  38      862D 2939 
  38      AA06 2A9F 
  39 00bb CAB8 62F3 		.ascii	"\312\270b\363t\262\3620\320\226I%\301&\205\253\332\241\303L\237"
  39      74B2 F230 
  39      D096 4925 
  39      C126 85AB 
  39      DAA1 C34C 
  40 00d0 40F9 E3CB 		.ascii	"@\371\343\313]k0\213L,A=)\234\302\205\023\270\310\372\fY\210"
  40      5D6B 308B 
  40      4C2C 413D 
  40      299C C285 
  40      13B8 C8FA 
  41 00e7 06E2 1D9B 		.ascii	"\006\342\035\233\311R&\356y\267z\340\344z\205.pNR\262L\2035\377"
  41      C952 26EE 
  41      79B7 7AE0 
  41      E47A 852E 
  41      704E 52B2 
  42 00ff D12E 8846 		.ascii	"\321.\210F\f\026\267K\327C?\362\316Q\273i1\233\251s3\265\324"
  42      0C16 B74B 
  42      D743 3FF2 
  42      CE51 BB69 
  42      319B A973 
  43 0116 ED87 A35F 		.ascii	"\355\207\243_\0363\f+\023\n\277\204\"\021\376\216C\323\243D7"
  43      1E33 0C2B 
  43      130A BF84 
  43      2211 FE8E 
  43      43D3 A344 
  44 012b 6FD8 2AB7 		.ascii	"o\330*\267\254\f\354/\263Ic\322\"h-\236PpQ\013E\226\027\264\031"
  44      AC0C EC2F 
  44      B349 63D2 
  44      2268 2D9E 
  44      5070 510B 
  45 0144 FF94 579B 		.ascii	"\377\224W\233\324\203\033\001}]\363\317\216k\023\253z@\363\316"
  45      D483 1B01 
  45      7D5D F3CF 
  45      8E6B 13AB 
  45      7A40 F3CE 
  46 0158 F93C 9C4D 		.ascii	"\371<\234M\257\204\003\272\036Y\013\317\363\237\321%\361\r_\002"
  46      AF84 03BA 
  46      1E59 0BCF 
  46      F39F D125 
  46      F10D 5F02 
  47 016c 9405      		.ascii	"\224\005"
  48               		.text
  49               		.section	.gnu.lto_USB_INT_ClearAllInterrupts.e8b1468f59acad89,"",@progbits
  50 0000 789C 6361 		.string	"x\234ca`d"
  50      6064 00
  51 0007 0165 2065 		.string	"\001e e\005\244\245\201\230\221\231\201\221i\3029\006\206F\016&FF\020\243\201\203\221\241
  51      05A4 A581 
  51      9891 9981 
  51      9169 C239 
  51      0686 460E 
  52 0037 8207 47E7 		.string	"\202\007G\34717\2548\300\330\312\314\300\360\237\tl\022\003\343rFM\006\240\262G\033\377M\
  52      3137 AC38 
  52      C0D8 CACC 
  52      C0F0 9F09 
  52      6C12 03E3 
  53 0076 9404 59F3 		.string	"\224\004Y\363\221\211\tD3?c<\364\345\303>I\220r\2409\323Z\017\235g\377\302\324\312\314\31
  53      9189 0944 
  53      333F 633C 
  53      F4E5 C33E 
  53      4990 72A0 
  54 00be ED5B CD38 		.string	"\355[\3158\237\021\331\004&F\006\3065@\031\260\005g&2Cm\270\362q\351\036F\210\221\017\301
  54      9F11 D904 
  54      2646 06C6 
  54      3540 19B0 
  54      0567 2632 
  55 00fb 9A0D 743B 		.string	"\232\rt;\320'\0269\231I\3729\245i\211\372>\241n\216\372.E\231e\251E\305\372\241\301N\372\
  55      D027 1639 
  55      9949 FA39 
  55      A569 89FA 
  55      3EA1 6E8E 
  56 0137 3700      		.string	"7"
  57 0139 7AAE      		.ascii	"z\256"
  58               		.text
  59               		.section	.gnu.lto___vector_10.e8b1468f59acad89,"",@progbits
  60 0000 789C A55A 		.string	"x\234\245Z{TT\325\032?\337>3\3030<\006|!:\232w\255\353-{\210Q+\355jk]\255[if\257\253\177d
  60      7B54 54D5 
  60      1A3F DF3E 
  60      33C3 303C 
  60      067C 213A 
  61 004b 11DF 8082 		.string	"\021\337\200\202\212\212\214\242\242\"\334\375\355}\346\260g\216s\bp-?9\347|\337\267\367\
  61      8A8A 8CA2 
  61      A222 DCFD 
  61      ED7D E6B0 
  61      678E 7308 
  62 00ae 340C 3483 		.string	"4\f4\203?7\361'\375\027\347K\364\275%\316\217\276\357\317\337\217\264@ \377\036\340\376!\
  62      3F37 F127 
  62      FD17 E74B 
  62      F4BD 25CE 
  62      8FBE EFCF 
  63 018b FF08 E960 		.ascii	"\377\b\351`\302%\336\374\256\323\321\332\032\353p\346\2306\376"
  63      C225 DEFC 
  63      AED3 D1DA 
  63      1AEB 70E6 
  63      9836 FE
  64 019e F563 90E2 		.ascii	"\365c\220\342e\b\240\202\004\241\bFaE\021\202\"\024E\030\212"
  64      6508 A082 
  64      04A1 0846 
  64      6145 1182 
  64      2214 4518 
  65 01b3 7014 3614 		.ascii	"p\0246\024\375P\364G\361\030\212\001(\036G\361\004\212A(\236"
  65      FD50 F447 
  65      F118 8A01 
  65      281E 47F1 
  65      048A 4128 
  66 01c8 44F1 148A 		.ascii	"D\361\024\212\247Q<\203b0\212\b\024CP<\207\342y\024/\240\030"
  66      A751 3C83 
  66      6230 8A08 
  66      1443 503C 
  66      87E2 7914 
  67 01df 8A62 188A 		.ascii	"\212b\030\212\027Q\374\035\305p\024#P\274\204\3425\024\257\243"
  67      1751 FC1D 
  67      C570 1423 
  67      50BC 84E2 
  67      3514 AFA3 
  68 01f3 188D 620C 		.ascii	"\030\215b\f\2127P\214E\361&\212q(\336B\3616\212\361(&\240x\037"
  68      8A37 508C 
  68      45F1 268A 
  68      7128 DE42 
  68      F136 8AF1 
  69 020c C544 141F 		.ascii	"\305D\024\037\240\230\204\342C\024\223Q|\204\"\n\305\024\024"
  69      A098 84E2 
  69      4314 9351 
  69      7C84 220A 
  69      C514 14
  70 021f 5351 4C43 		.ascii	"SQLCaG!I\r\364o\262Mr\021B\377\221\253!&\004\031\256\315O\257"
  70      6147 2149 
  70      0DF4 6FB2 
  70      4D72 1142 
  70      FF91 AB21 
  71 023a 33C9 C301 		.ascii	"3\311\303\001\177\276\233\\\363\361\300\365\216\344\030\207s"
  71      7FBE 9B5C 
  71      F3F1 C0F5 
  71      8EE4 1887 
  71      73
  72 024b F77C E2C8 		.ascii	"\367|\342\310t\230\343e\0316\202L\231\207\347l0\304\306\027\347"
  72      7498 E365 
  72      1936 824C 
  72      9987 E76C 
  72      30C4 C617 
  73 0260 6718 48B5 		.ascii	"g\030H\265[\256V]\rj$\250b\204\f\260I\265\220{?\361\306\212\234"
  73      5BAE 565D 
  73      0D6A 24A8 
  73      6284 0CB0 
  73      49B5 907B 
  74 0279 72AB E7CA 		.ascii	"r\253\347\3129\013\313\242\320\206\255]+\001\315\302\302/`\242"
  74      390B CBA2 
  74      D086 AD5D 
  74      2B01 CDC2 
  74      C22F 60A2 
  75 028d 6E7F 0553 		.ascii	"n\177\005S\254"
  75      AC
  76 0292 FC38 FD98 		.string	"\3748\375\230\032\237{\324\017=\033\230n\231kC\016\360\307*\300)\357,J5\255\2055\363\342\
  76      1A9F 7BD4 
  76      0F3D 1B98 
  76      6E99 6B43 
  76      0EF0 C72A 
  77 0393 39DC 6F2A 		.ascii	"9\334o*\240\216\276"
  77      A08E BE
  78 039a BFDF A83F 		.string	"\277\337\250?\352\205\361US\327\233\321\205P\244\313\020\353<e\302g\204\223\235}\355\264\
  78      EA85 F155 
  78      53D7 9BD1 
  78      8550 A4CB 
  78      10EB 3C65 
  79 049b 47D5 602A 		.ascii	"G\325`*\342\301\344\333\3371\026LC\030_\3617x0!\024>\257\273"
  79      E2C1 E4DB 
  79      DF31 164C 
  79      4318 5FF1 
  79      3778 3021 
  80 04b3 E9E5 859A 		.ascii	"\351\345\205\232\035}\376s\005\250Q\013\364\017\006\264\004g"
  80      1D7D FE73 
  80      05A8 510B 
  80      F40F 06B4 
  80      0467 
  81 04c5 164C 3FDE 		.ascii	"\026L?\336\272U\235\241,\343I\\\306\233\005?\025X\304\211\224"
  81      BA55 9DA1 
  81      2CE3 495C 
  81      C69B 053F 
  81      1558 C489 
  82 04da AA13 2913 		.ascii	"\252\023)\023\2271\202\232\263ed\213\326\207\257Y\204\260ff\251"
  82      9731 829A 
  82      B365 648B 
  82      D687 AF59 
  82      84B0 6666 
  83 04ef D520 D329 		.ascii	"\325 \323)6\356\312_\227\365\271\367\fk\336Qfh\322\316\3608\233"
  83      36EE CA5F 
  83      97F5 B9F7 
  83      0C6B DE51 
  83      6668 D2CE 
  84 0506 6139 E325 		.ascii	"a9\343%s\375\336\275V>\275\303\250\271\266r\337!\020\247wB\235"
  84      73FD DEBD 
  84      563E BDC3 
  84      A8B9 B672 
  84      DF21 10A7 
  85 051d 5E05 7D4F 		.ascii	"^\005}O5\366\334j.$\234\347\020\n\211\321L\347\2605\353s\305"
  85      35F6 DC6A 
  85      2E24 9CE7 
  85      100A 89D1 
  85      4CE7 B035 
  86 0534 A58E 8B53 		.ascii	"\245\216\213S\334EJ\321o\0252w\321\rN3D.\342/\345\f\225\031\345"
  86      DC45 4AD1 
  86      6F15 3277 
  86      D10D 4E33 
  86      442E E22F 
  87 054d 2DA7 4678 		.ascii	"-\247Fx\3019\\\003\n\034?-\2343\f\316Y\344'T\177\370s\"\301V"
  87      C139 5C03 
  87      0A1C 3F2D 
  87      9C33 0CCE 
  87      59E4 2754 
  88 0567 AAEE 26F8 		.ascii	"\252\356&\370T\354LN\260U%\270\201vb\277E\202\213X\334<g^\332"
  88      54EC 4C4E 
  88      B055 25B8 
  88      8176 62BF 
  88      4582 8B58 
  89 0580 CF62 4993 		.ascii	"\317bI\223X\r\013e\003\013\210kq\325\305,D\035\312\320\347a\256"
  89      580D 0B65 
  89      030B 886B 
  89      71D5 C52C 
  89      441D CAD0 
  90 0597 3274 2547 		.ascii	"2t%G\276=\341\310\026\013G\016\264s\260\261\204\2756\201\370"
  90      BE3D E1C8 
  90      160B 470E 
  90      B473 B0B1 
  90      84BD 3681 
  91 05ac CCD8 666A 		.ascii	"\314\330fj[-dl\332P\022e\325\277\331\256Y\365\372(\205&\177-"
  91      5B2D 646C 
  91      DA50 1265 
  91      D5BF D9AE 
  91      59F5 FA28 
  92 05c4 4D17 184D 		.ascii	"M\027\030M\027\333[\242\032>Q5\275\003e\276VY\345\314\033\035"
  92      17DB 5BA2 
  92      1A3E 5135 
  92      BD03 65BE 
  92      5659 E5CC 
  93 05da 66E0 92CA 		.ascii	"f\340\222\312\300e\352\230yB\310\373t [\250\362\025\001r`g\212"
  93      C065 EA98 
  93      7942 C8FB 
  93      7420 5BA8 
  93      F215 0172 
  94 05f1 541D 2B52 		.ascii	"T\035+R\013W\177\227\241\024)\031\256\266\245\232m\332\"u'\n"
  94      0B57 7F97 
  94      A114 2919 
  94      AEB6 A59A 
  94      6DDA 2275 
  95 0607 6D7C 17A9 		.ascii	"m|\027\251k\214\276\353\270I\236\323/\316\365\342"
  95      6B8C BEEB 
  95      B849 9ED3 
  95      2FCE F5E2 
  96 0617 2E7B 9EAA 		.string	".{\236\252{T\241:\357*\364\274\020\323A]\256BYI\037\300\r\275*\324\300p\2700\017\033\225<
  96      7B54 A13A 
  96      EF2A F4BC 
  96      10D3 415D 
  96      AE42 5949 
  97 0718 C410 3718 		.ascii	"\304\0207\030\252\242\3573\226 \2300\226.\217\225\031\275\263"
  97      AAA2 EF33 
  97      9620 9830 
  97      962E 8F95 
  97      19BD B3
  98 072b 4CCB 3BBE 		.ascii	"L\313;\276\023t\034\301\211\307\223v\022\364|\242\344Q\226\221"
  98      1374 1CC1 
  98      89C7 9376 
  98      12F4 7CA2 
  98      E451 9691 
  99 073f F3B6 7634 		.ascii	"\363\266v4#'\020wF^@X\252W\017\315@\017\315\013\tO\320\313\013"
  99      2327 1077 
  99      465E 4058 
  99      AA57 0FCD 
  99      400F CD0B 
 100 0758 C067 820E 		.ascii	"\300g\202\016\246\266\211\244-A[;\223\240\027\221\201\036\273"
 100      A6B6 89A4 
 100      2D41 5B3B 
 100      93A0 1791 
 100      811E BB
 101 076b 567B 42CF 		.ascii	"V{B\317\237\202J\2763\362b\306\327\022\\\264\021\372\031y)\021"
 101      9F82 4ABE 
 101      33F2 62C6 
 101      D712 5CB4 
 101      11FA 1979 
 102 0781 32D5 4B54 		.ascii	"2\325KT\235mOwF\306A<2\362KB\216\n\351rF\336\267\354CH\":\031"
 102      9D6D 4F77 
 102      46C6 413C 
 102      32F2 4B42 
 102      8E0A E972 
 103 079e 3999 E1F8 		.ascii	"9\231\341\370\232\320\034\345\247\344\250$Or\032iF\376\032q\276"
 103      9AD0 1CE5 
 103      A7E4 A824 
 103      4F72 1A69 
 103      46FE 1A71 
 104 07b3 A61F 49DF 		.ascii	"\246\037I\337\2108_\247\352\nN\032W\353]<#'\251`\353\225\214"
 104      8838 5FA7 
 104      EA0A 4E1A 
 104      57EB 5D3C 
 104      2327 A960 
 105 07ca FCBA 8036 		.ascii	"\374\272\2006\024\317"
 105      14CF 
 106 07d0 01BE 7ACA 		.ascii	"\001\276z\312\302\242Q\276{\312o\031\210e\355m\336\024\334\274"
 106      C2A2 51BE 
 106      7BCA 6F19 
 106      8865 ED6D 
 106      DE14 DCBC 
 107 07e4 9E4D 63BB 		.ascii	"\236Mc\2736\251h\343\356\022\273I\311\305\222\2576qQq\t\3504"
 107      36A9 68E3 
 107      EE12 BB49 
 107      C9C5 92AF 
 107      3671 5171 
 108 07fb 8ACB D91C 		.ascii	"\212\313\331\034W \221\375\364\207\374N$\322F\325\333\032\305"
 108      5720 91FD 
 108      F487 FC4E 
 108      24D2 46D5 
 108      DB1A C5
 109 080e 7F73 D66C 		.ascii	"\177s\326lB\243\330OZ\234OK*\351\256\260\207Ik\345JM\322:\032"
 109      42A3 D84F 
 109      5A9C 4F4B 
 109      2AE9 AEB0 
 109      8749 6BE5 
 110 0827 A94C CDAA 		.ascii	"\251L\315\252\235\332J6\265U8\265\307\364\023\314j\367\324\346"
 110      9DDA 4A36 
 110      B555 38B5 
 110      C7F4 13CC 
 110      6AF7 D4E6 
 111 083b B341 B8CD 		.ascii	"\263A\270\315[\334\354jI\265S\271O8\017\260F\315Z\253\332\313"
 111      5BDC EC6A 
 111      49B5 53B9 
 111      4F38 0FB0 
 111      46CD 5AAB 
 112 0851 5ADF B3AC 		.ascii	"Z\337\263\254\365\026\337*i\341\035\254Gk=wkr\222\366\262-\022"
 112      F516 DF2A 
 112      69E1 1DAC 
 112      476B 3D77 
 112      6B72 92F6 
 113 0868 957C 1F0E 		.ascii	"\225|\037\016\177`\360\177D(o\352\207\362:\025>\033\210\333\214"
 113      7F60 F07F 
 113      4428 6FEA 
 113      87F2 3A15 
 113      3E1B 88DB 
 114 087d E366 EB0A 		.ascii	"\343f\353\n\326\344*\315\365\r\200\365*\374\037I;\327)\377c\360"
 114      D6E4 2ACD 
 114      F50D 80F5 
 114      2AFC 1F49 
 114      3BD7 29FF 
 115 0893 C7F1 EBA7 		.ascii	"\307\361\353\247\237\031"
 115      9F19 
 116 0899 7C36 DF4E 		.string	"|6\337N\324\346\r\236\\\254X\244\341\342x$*\371nY~b\\\244!\2567\364\303=]\340\202\016\304
 116      D4E6 0D9E 
 116      5CAC 58A4 
 116      E1E2 7824 
 116      2AF9 6E59 
 117 099a D944 B9E0 		.ascii	"\331D\271\340\330\001\234\226\267\205\274\332\213~\222]$L\231"
 117      D801 9C96 
 117      B785 BCDA 
 117      8B7E 925D 
 117      244C 99
 118 09ad 7B2A 7490 		.ascii	"{*t\220\232\335*5{\330B\203$\335\004\020\217\205@\217\2059\304"
 118      9ADD 2A35 
 118      7BD8 4283 
 118      24DD 0410 
 118      8F85 408F 
 119 09c4 D653 C2B3 		.ascii	"\326S\302\263x/$\2527\346pl\200\036\3524@\241x\005+4@\341\235"
 119      782F 24AA 
 119      37E6 706C 
 119      801E EA34 
 119      40A1 7805 
 120 09dd 6980 F692 		.ascii	"i\200\366\222\201\342j\311t\265\366\0215xviO\2505S\320\306w?"
 120      81E2 6AC9 
 120      74B5 F611 
 120      3578 7669 
 120      4FA8 3553 
 121 09f5 E464 CBB4 		.ascii	"\344d\313\264\037\227i\274~\276\313\025\327e\002W_\271\247\261"
 121      1F97 69BC 
 121      7EBE CB15 
 121      D765 0257 
 121      5FB9 A7B1 
 122 0a09 C0C8 D7C5 		.ascii	"\300\310\327\305\f\277\223\266\366h\257w{4A\330\271}\244e\241"
 122      0CBF 93B6 
 122      F668 AF77 
 122      7B34 41D8 
 122      B97D A465 
 123 0a1e 5D6B 8F32 		.ascii	"]k\2172R'\301\001\275\366(\217\301:\210\355\221\277\322\036Q"
 123      5227 C101 
 123      BDF6 288F 
 123      C13A 88ED 
 123      91BF D21E 
 124 0a33 7D91 AB66 		.ascii	"}\221\253f\332\036\035D\330\357\353\207{\276\b{\"UWp\322\003"
 124      DA1E 1D44 
 124      D8EF EB87 
 124      7BBE 087B 
 124      2255 5770 
 125 0a49 D9D6 2BBC 		.ascii	"\331\326+\274=:@\274\257I'\nh\373J\025\246.\036\317Se8\244W\t"
 125      3D3A 40BC 
 125      AF49 270A 
 125      68FB 4A15 
 125      A62E 1ECF 
 126 0a63 0F33 B405 		.ascii	"\0173\264\005\210\326\242\240=\344\211v5\255z\005\210v\232\376"
 126      88D6 A2A0 
 126      3DE4 8976 
 126      35AD 7A05 
 126      8876 9AFE 
 127 0a77 2217 12F5 		.ascii	"\"\027\022\365\300\312\324\355\334b\325\371\353\265\301|\357"
 127      C0CA D4ED 
 127      DC62 D5F9 
 127      EBB5 C17C 
 127      EF
 128 0a88 DF05 38A2 		.ascii	"\337\0058\242\026\212\202\366\212d\021\213!;O\226Y<Y\036\342"
 128      168A 82F6 
 128      8A64 118B 
 128      213B 4F96 
 128      593C 591E 
 129 0a9d C912 EFC6 		.ascii	"\311\022\357\306\326\371w0:\213\325\350<\312\023\227z\240\005"
 129      D6F9 7730 
 129      3A8B D5E8 
 129      3CCA 1397 
 129      7AA0 05
 130 0ab0 BAF3 8EB1 		.ascii	"\272\363\216\261\211\3054\036\273D\036\351\327w\316\375C\315"
 130      89C5 341E 
 130      BB44 1EE9 
 130      D777 CEFD 
 130      43CD 
 131 0ac2 B925 C4F3 		.ascii	"\271%\304\363*\313L{\303\322\266\235\335\201X-\363\254l\251\332"
 131      2ACB 4C7B 
 131      C3D2 B69D 
 131      DD81 582D 
 131      F3AC 6CA9 
 132 0ad7 0EE7 5A24 		.ascii	"\016\347Z$*\371^\327\343l]\313q!\246\350\363|B\250\352t n3\225"
 132      2AF9 5ED7 
 132      E36C 5DCB 
 132      7121 A6E8 
 132      F37C 42A8 
 133 0af1 9A09 B70D 		.ascii	"\232\t\267\r\345\355-V\005[\254\251\274\243\331\301\027\253\254"
 133      E5ED 2D56 
 133      055B ACA9 
 133      BCA3 D9C1 
 133      17AB AC
 134 0b04 7355 FD24 		.ascii	"sU\375$\361\276/\361NL\327#Q\311wGs\212a"
 134      F1BE 2FF1 
 134      4E4C D723 
 134      51C9 7747 
 134      738A 61
 135 0b17 3F8D 383E 		.string	"?\2158>\322\217\3203\002v\274\230a6Q\324L\300~\272\275\252~\226a\217\342\201\255`?\3319\3
 135      D28F D033 
 135      0276 BC98 
 135      6136 51D4 
 135      4CC0 7EBA 
 136 0c18 197F D34C 		.ascii	"\031\177\323L\037\n\356\235t\005\32198b\034\324\327\270\322\330"
 136      1F0A EE9D 
 136      7405 D139 
 136      3862 1CD4 
 136      D7B8 D2D8 
 137 0c2c 79FC 7F3E 		.ascii	"y\374\177>\230\241\301{\032^;\216\036C\251\333\033l\327\335$"
 137      98A1 C17B 
 137      1A5E 3B8E 
 137      1E43 A9DB 
 137      1B6C D7DD 
 138 0c41 267C 7473 		.ascii	"&|ts\315\272\223\204\270\232l\213\234\300\207\271\267\351\332"
 138      CDBA 9384 
 138      B89A 6C8B 
 138      9CC0 87B9 
 138      B7E9 DA
 139 0c54 F920 05EA 		.ascii	"\371 \005\352\226\3420\225\310[\217 \262\021\323\200\302\334"
 139      96E2 3095 
 139      C85B 8F20 
 139      B211 D380 
 139      C2DC 
 140 0c66 B709 EC08 		.ascii	"\267\t\354\b{1\257|\263E^\242LyC\302'|\306\230\241\001\035\231"
 140      7B31 AF7C 
 140      B345 5EA2 
 140      4C79 43C2 
 140      277C C698 
 141 0c7e E1B6 86B4 		.ascii	"\341\266\206\264;\324M\251\342f\031;\243\357m\275\267\212\310"
 141      3BD4 4DA9 
 141      E266 193B 
 141      A3EF 6DBD 
 141      B78A C8
 142 0c91 29DC CB0A 		.ascii	")\334\313\n\347\232&\253\342&Qq\023\bw\0371\237&\317\205\r\244"
 142      E79A 26AB 
 142      E226 5171 
 142      1308 771F 
 142      319F 26CF 
 143 0ca8 0B7B 8F28 		.ascii	"\013{\217(8\361\243\360$\216yr)=\031#1\215\356\250\300\207&\361"
 143      38F1 A3F0 
 143      248E 7972 
 143      293D 1923 
 143      318D EEA8 
 144 0cc0 E10E 61BF 		.ascii	"\341\016a\277H\237\357<\2764\030_h[\300\240V\322\235q\f\367i"
 144      489F EF3C 
 144      BE34 185F 
 144      685B C0A0 
 144      56D2 9D71 
 145 0cd7 1788 FC62 		.ascii	"\027\210\374b\223 \356aB}= \266x9\230\247\340\235<\024/\n\241"
 145      9320 EE61 
 145      427D 3D20 
 145      B678 3998 
 145      A7E0 9D3C 
 146 0cef 889B A0ED 		.ascii	"\210\233\240\355\241N|\270.>\334\021\037\232\304\007W\347\222"
 146      A14E 7CB8 
 146      2E3E DC11 
 146      1F9A C407 
 146      57E7 92
 147 0d02 5A33 63AE 		.ascii	"Z3c\256&\375\367\013\312\2765\321*\251\346\270\nm\216k\214D\033"
 147      26FD F70B 
 147      CABE 35D1 
 147      2AA9 E6B8 
 147      0A6D 8E6B 
 148 0d19 DF39 AE85 		.ascii	"\3379\256\205\355\266V\314W\037\340NH\277\\o\342\347\203\006"
 148      EDB6 56CC 
 148      571F E04E 
 148      48BF 5C6F 
 148      E2E7 8306 
 149 0d2d ACBF DF15 		.ascii	"\254\277\337\025\037\274\036,\246+\207\254\336\300\312m9\217"
 149      1FBC 1E2C 
 149      A62B 87AC 
 149      DEC0 CA6D 
 149      398F 
 150 0d3f 0ECC 7D4C 		.ascii	"\016\314}L\242nXg\306s^+\313y:Nbd\314y\2238\321\2739\321\315"
 150      A26E 5867 
 150      C673 5E2B 
 150      CB79 3A4E 
 150      6264 CC79 
 151 0d5a 44F9 CF10 		.ascii	"D\371\317\020\025\001>\273\370\036x]+\267u\3616\354\342\353\350"
 151      1501 3EBB 
 151      F81E 785D 
 151      2BB7 75F1 
 151      36EC E2EB 
 152 0d6f 1E49 7997 		.ascii	"\036Iy\227\331\360C\b\320\267D\222\206\315\230>%b\306\027\037"
 152      D9F0 4308 
 152      D0B7 4492 
 152      86CD 983E 
 152      2562 C617 
 153 0d84 4745 8C1D 		.ascii	"GE\214\035\377\352\310\210W\242\247\177i\217\236\0351\376\275"
 153      FFEA C888 
 153      57A2 A77F 
 153      698F 9E1D 
 153      31FE BD
 154 0d97 5111 2FCF 		.ascii	"Q\021/\317\212\266G\214\234\360\3560|\032=s\216=:\372\213\317"
 154      8AB6 478C 
 154      9CF0 EE30 
 154      7C1A 3D73 
 154      8E3D 3AFA 
 155 0dad E64C C637 		.ascii	"\346L\3067\203\247J\376\352\233\177\374\031\027\203\007\373r"
 155      83A7 4AFE 
 155      EA9B 7FFC 
 155      1917 8307 
 155      FB72 
 156 0dbf F589 34BA 		.ascii	"\365\2114\272#\016\004G/\317\2329'z\326\214\031\366h\267\247"
 156      230E 0447 
 156      2FCF 9A39 
 156      277A D68C 
 156      19F6 68B7 
 157 0dd4 319D F1E4 		.ascii	"1\235\361\344\376\367\025\373\227\323\247\332\335\256\374FN\233"
 157      FEF7 15FB 
 157      97D3 A7DA 
 157      DDAE FC46 
 157      4E9B 
 158 0de6 166D 9F3D 		.ascii	"\026m\237=\333\360\257\257>\263\033\336\233\376_\273qT\324\314"
 158      DBF0 AFAF 
 158      3EB3 1BDE 
 158      9BFE 5FBB 
 158      7154 D4CC 
 159 0dfa 4F67 8FED 		.ascii	"Og\217\355\312\020\377\2349\355\263Y\323g\252\310M\343\276\370"
 159      CA10 FF9C 
 159      39ED B359 
 159      D367 AAC8 
 159      4DE3 BEF8 
 160 0e0e CF14 7BB4 		.ascii	"\317\024{\264q\324Ws\354\263\375\336\214\232\375\351\204\250"
 160      71D4 5773 
 160      ECB3 FDDE 
 160      8C9A FDE9 
 160      84A8 
 161 0e20 1996 973F 		.ascii	"\031\226\227?\261O\375\224\275\372?X\221^\215"
 161      B14F FD94 
 161      BDFA 3F58 
 161      915E 8D
 162               		.text
 163               		.section	.gnu.lto___vector_11.e8b1468f59acad89,"",@progbits
 164 0000 789C 9555 		.string	"x\234\225UmLSW\030>\357\275\267\267\225\361%\362\341\222f\321\004~\370\207\232l?\314\226l
 164      6D4C 5357 
 164      183E EFBD 
 164      B7B7 95F1 
 164      25F2 E192 
 165 00c6 FAD6 DA7B 		.string	"\372\326\332{\233\325\254FM\253\324<\316C\tU\232\247b\223C\006p\201\214a\360\254\031\266\
 165      9BD5 AC46 
 165      4DAB D43C 
 165      CE43 0955 
 165      9AA7 6293 
 166 0146 1C4D 5082 		.string	"\034MP\202H\270\f\276\002\025\261\236\002\325.S\253\216:\274\303\306\373\222\003\233G\276
 166      48B8 0CBE 
 166      0215 B19E 
 166      02D5 2E53 
 166      AB8E 3ABC 
 167 017b 67C0 0CA7 		.string	"g\300\f\247\001[\001\255\340\004\026\200\312\305\032B\221(R\256\307\2548i\177\244\212q\nN
 167      015B 01AD 
 167      E004 1680 
 167      CAC5 1A42 
 167      9128 52AE 
 168 01d5 B53F DAC1 		.string	"\265?\332\301\354r\252\210\356\270\340\2536Q\264\004"
 168      EC72 AA88 
 168      EEB8 E0AB 
 168      3651 B404 
 168      00
 169 01e6 9DE8 3605 		.string	"\235\3506\005U\023\366F\247Y\024HE\227\3269\367\337\t\302\205\3019\020\253?/\311\314o\221
 169      5513 F646 
 169      A759 1448 
 169      4597 D639 
 169      F7DF 09C2 
 170 023c 5F0D EFEC 		.string	"_\r\357\354H\207\202\242\254CQ\036\313\3255\251\3027\221\232\204o!+|-Q\207\340\026]>\352\
 170      4887 82A2 
 170      AC43 511E 
 170      CBD5 35A9 
 170      C237 919A 
 171 0307 E7E6 E396 		.string	"\347\346\343\226\265\321\206v\365\364\315\304o>+9\265O\261\301F\nY<\323>\366\224\202\347\
 171      B5D1 8676 
 171      F5F4 CDC4 
 171      6F3E 2B39 
 171      B54F B1C1 
 172 0328 9BD1 5E04 		.ascii	"\233\321^\004E\024\3738\220\267\034\333\265f\354 \217\275$b\275"
 172      4514 FB38 
 172      90B7 1CDB 
 172      B566 EC20 
 172      8FBD 2462 
 173 033d E732 62AF 		.ascii	"\3472b\257z\231G^\301\310;`\237\354o\346\234\311\305\355\236"
 173      7A99 475E 
 173      C1C8 3B60 
 173      9FEC 6FE6 
 173      9CC9 C5ED 
 174 0352 9B30 963F 		.ascii	"\2330\226?\326>\320\250I\246\240D\t\207\240\034O\274ua2\212y"
 174      D63E D0A8 
 174      49A6 A044 
 174      0987 A01C 
 174      4FBC 7561 
 175 0369 1B0C 43D6 		.ascii	"\033\fC\326\252\272\257\365g\222\317\223u\177\225S\272\266\226"
 175      AABA AFF5 
 175      6792 CF93 
 175      757F 9553 
 175      BAB6 96
 176 037c EE47 2275 		.ascii	"\356G\"u?\274R\367\261J}\024\361\206i\373FM\324Y\216\200GC\200"
 176      3FBC 52F7 
 176      B14A 7D14 
 176      F186 69FB 
 176      464D D459 
 177 0395 8DD1 80FD 		.ascii	"\215\321\200\375\034\360\030\351r\r\331]\327\265\374\240"
 177      1CF0 18E9 
 177      720D D95D 
 177      D7B5 FCA0 
 178 03a5 9A17 1231 		.string	"\232\027\0221F\021V\337u\177\320 \216:\023\214\207\244<\266\226\224op)\033\271\224\233Z\2
 178      4611 56DF 
 178      757F D020 
 178      8E3A 138C 
 178      87A4 3CB6 
 179 04a6 662C B216 		.ascii	"f,\262\026\225\330\336gJ\251\265\200\375\013A\002Lm"
 179      95D8 DE67 
 179      4AA9 B580 
 179      FD0B 4102 
 179      4C6D 
 180               		.text
 181               		.section	.gnu.lto_.symbol_nodes.e8b1468f59acad89,"",@progbits
 182 0000 789C 55CB 		.ascii	"x\234U\313\273\016\001Q\024\205\341\377\354c\214\3533\270\224"
 182      BB0E 0151 
 182      1485 E1FF 
 182      EC63 8CEB 
 182      33B8 94
 183 0013 DE41 3CDA 		.ascii	"\336A<\332\036\311t\032\265\332\033\350h\025\"\"\n\367;\231D"
 183      1EC9 741A 
 183      B5DA 1BE8 
 183      6815 2222 
 183      0AF7 3B99 
 184 0028 244A 9DC6 		.ascii	"$J\235\306\241\020\247\372\223/k\2450T\r \013\024\332S>\351G"
 184      A110 A7FA 
 184      932F 6BA5 
 184      3054 0D20 
 184      0B14 DA53 
 185 003f 1527 4BD4 		.ascii	"\025'K\324\370\262B\345'M'\301\026\312\356\035\0341\237\312\032"
 185      F8B2 42E5 
 185      274D 27C1 
 185      16CA EE1D 
 185      1C31 9FCA 
 186 0054 B5DE C29C 		.ascii	"\265\336\302\234\321\324W \212\334\306\\\320\300\203\023\232"
 186      D1D4 5720 
 186      8ADC C65C 
 186      D0C0 8313 
 186      9A
 187 0065 F6E0 8086 		.ascii	"\366\340\200\206\036\354\321\214\007;4\353\301\006\315ypE\363"
 187      1EEC D18C 
 187      073B 34EB 
 187      C106 CD79 
 187      7045 F3
 188 0078 FF60 A5C0 		.ascii	"\377`\245\300p<\027+y\272\253\247k\216\27031V\262\304\267Q\315"
 188      703C 172B 
 188      79BA ABA7 
 188      6B8E B833 
 188      3156 B2C4 
 189 008f 4A86 E435 		.ascii	"J\206\3445kX\tIz\367\272\2254\361\3005(\222\264\036%\336\264"
 189      6B58 0949 
 189      7AF7 BA95 
 189      34F1 C035 
 189      2892 B41E 
 190 00a6 9047 AB   		.ascii	"\220G\253"
 191               		.text
 192               		.section	.gnu.lto_.refs.e8b1468f59acad89,"",@progbits
 193 0000 789C 6361 		.string	"x\234ca`dPd``\340`bd\326ad\326gd>\315\300\300\362\236\201\221\371#\020\177\003\342NFF\226
 193      6064 5064 
 193      6060 E060 
 193      6264 D661 
 193      64D6 6764 
 194 002a 5512 0563 		.ascii	"U\022\005c"
 195               		.text
 196               		.section	.gnu.lto_.decls.e8b1468f59acad89,"",@progbits
 197 0000 789C A598 		.string	"x\234\245\230{PT\327\031\300\357\271wy\355.`\210\211NBRk\232\324\376#\246\235vLg:\325\240
 197      7B50 54D7 
 197      19C0 EFB9 
 197      7779 ED2E 
 197      6088 894E 
 198 009e 6904 B908 		.string	"i\004\271\b\322\002r\2111.\203\\\345\274\037\314\321\260~0\377[\220v\326\206X\373\360\007
 198      D202 7289 
 198      312E 835C 
 198      E5BC 1FCC 
 198      D1B0 7E30 
 199 00eb 79CC E21B 		.ascii	"y\314\342\033\302\361A\347~\210\306\034\210h\374:x\207\200\274"
 199      C2F1 41E7 
 199      7E88 C61C 
 199      8868 FC3A 
 199      7887 80BC 
 200 00ff 8468 4E46 		.ascii	"\204hNF\303{\f\2429\372\025\242\371\302y\323\201\214\203\362"
 200      C37B 0CA2 
 200      39FA 15A2 
 200      F9C2 79D3 
 200      818C 83F2 
 201 0113 AF41 C683 		.ascii	"\257A\306\203\274\205h\256~\003\357\267A\336A4o\277\205\367\004"
 201      BC85 68AE 
 201      7E03 EFB7 
 201      41DE 4134 
 201      6FBF 85F7 
 202 0128 E41D 9B13 		.ascii	"\344\035\233\023D\313b\313c\261\375\016y\362\202\343\374#\362"
 202      44CB 62CB 
 202      63B1 FD0E 
 202      79F2 82E3 
 202      FC23 F2
 203 013b C489 9F40 		.ascii	"\304\211\237@f\367g\250\377\013\310\024D}\215Dt\254B\206\365"
 203      66F7 67A8 
 203      FF0B C814 
 203      447D 8D44 
 203      74AC 4286 
 204 0150 819F A73C 		.ascii	"\201\237\247<*L\350\312\t\274\317\243p-\032B\270|\347\233\201"
 204      2A4C E8CA 
 204      09BC CFA3 
 204      702D 1A42 
 204      B87C E79B 
 205 0165 605A C6CD 		.ascii	"`Z\306\315\347o=\275\201&\356\227\340I\221$\236\367\030\346\354"
 205      E76F 3DBD 
 205      8126 EE97 
 205      E049 9124 
 205      9EF7 18E6 
 206 017a D877 2258 		.ascii	"\330w\"X\320a-\276\264\273\367<\217\264\023\022%i\271\344\314"
 206      D061 2DBE 
 206      B4BB F73C 
 206      8FB4 1312 
 206      2569 B9E4 
 207 018f 92FC C772 		.ascii	"\222\374\307r\350\017\341hR8\207\366\243\t\230\225\203&rh\037"
 207      E80F E168 
 207      5238 87F6 
 207      A309 9895 
 207      8326 7268 
 208 01a4 0A47 7B51 		.ascii	"\nG{Q8\267\007\343:Z\036\205\026H\322(\224\207\264(\027\tD\005"
 208      38B7 07E3 
 208      3A5A 1E85 
 208      1648 D228 
 208      9487 B428 
 209 01bc 863B 5C4B 		.ascii	"\206;\\K\371u\325Yu~ZFL\371\021\"\312GZ\260InI_\033\324\216."
 209      F975 D559 
 209      757E 5A46 
 209      4CF9 1122 
 209      CA47 5AB0 
 210 01d8 2118 3816 		.ascii	"!\0308\026.B\362\013\341ORD\370\023\027x\362\227\325P\r\345\305"
 210      2E42 F20B 
 210      E14F 5244 
 210      F813 1778 
 210      F297 D550 
 211 01ef 54D8 A707 		.ascii	"T\330\247\007F\376!\3669$?\004B+=,\\\305+\311&V\244\035O+\344"
 211      46FE 21F6 
 211      3924 3F04 
 211      422B 3D2C 
 211      5CC5 2BC9 
 212 020a 3145 9487 		.ascii	"1E\224\207\353\021\363D\r\246~\253\270\310;8$\217\310\351\272"
 212      EB11 F344 
 212      0DA6 7EAB 
 212      B8C8 3B38 
 212      248F C8E9 
 213 021f FA26 41F8 		.ascii	"\372&A\370=\031\267\236K'\276\016\031\233\212\023\355\224\244"
 213      3D19 B79E 
 213      4B27 BE0E 
 213      199B 8A13 
 213      ED94 A4
 214 0232 7108 2D78 		.ascii	"q\b-x\225\345\217CEh,\374]\250\241V[\236\026\334\361\033\237"
 214      95E5 8F43 
 214      4568 2CFC 
 214      5DA8 A156 
 214      5B9E 16DC 
 215 0249 2565 1549 		.ascii	"%e\025I\035\0255\3574K\322V\t[\200\026*\364\f\013|\342W\001j"
 215      1D15 35EF 
 215      344B D256 
 215      095B 8016 
 215      2AF4 0C0B 
 216 0262 87DE 8BD1 		.ascii	"\207\336\213\321x\334\237\264\356T\210\220\210H\207\351="
 216      78DC 9FB4 
 216      EE54 8890 
 216      8848 87E9 
 216      3D
 217 0273 4F9F 8552 		.string	"O\237\205R\214\363\376+R<04\204q\300\3038\240f\224\020F\333\232\336\323\241\302N\312H-(+\
 217      8CF3 FE2B 
 217      523C 3034 
 217      8471 C0C3 
 217      38A0 6694 
 218 0374 E10C 4169 		.string	"\341\fAiv\364$Wha-\242 \220\tiR :\203\202\270Ud\361JY\260\r\312\213\267\026\026/n\342\320
 218      76F4 2457 
 218      6861 2DA2 
 218      2090 0969 
 218      5220 3A83 
 219 03a5 AEDC 236F 		.ascii	"\256\334#o3\034.\242S\314w\232\337\023+;\272\003\3243\032\253"
 219      331C 2EA2 
 219      53CC 779A 
 219      DF13 2B3B 
 219      BA03 D433 
 220 03bb C853 FA1C 		.ascii	"\310S\372\034\231\3225\210\315\351\312\356\302V?\226\232\362"
 220      99D2 3588 
 220      CDE9 CAEE 
 220      C256 3F96 
 220      9AF2 
 221 03cd 66EB 0529 		.ascii	"f\353\005)k,VA\325\236\304T\313"
 221      6B2C 5641 
 221      D59E C454 
 221      CB
 222 03da 89A9 2389 		.string	"\211\251#\211)*KO\326\b\031\002\235[\217\357\345\360\314\334\325\260\244\t\233\343\274\32
 222      292A 4B4F 
 222      D608 1902 
 222      9D5B 8FEF 
 222      E5F0 CCDC 
 223 04db 46D6 72A9 		.ascii	"F\326r\251c\343\315\245\351\315\224\201\247\370\225a\214+\204"
 223      63E3 CDA5 
 223      E9CD 9481 
 223      A7F8 9561 
 223      8C2B 84
 224 04ee 7195 304E 		.ascii	"q\2250N\016=t\206\302\001\031\246E<\024]\356s\333uP\034\255E"
 224      0E3D 7486 
 224      C201 19A6 
 224      453C 145D 
 224      EE73 DB75 
 225 0506 A3A0 58D6 		.ascii	"\243\240X\326\261\2735H\237\204'\376yI\322\216%.u\200\343\327"
 225      B1BB 3548 
 225      9F84 27FE 
 225      7949 D28E 
 225      252E 7580 
 226 051c 1006 7D8B 		.ascii	"\020\006}\213\364$\005\360\006\345\2559G\023y\2652\316\230G\371"
 226      F424 05F0 
 226      06E5 AD39 
 226      4713 79B5 
 226      32CE 9847 
 227 0531 3A53 BE4E 		.ascii	":S\276N\224/6}_%\250\225\363\274\310\235L\271\223(\357~<\350"
 227      942F 367D 
 227      5F25 A895 
 227      F3BC C89D 
 227      4CB9 9328 
 228 0549 16C0 ABD9 		.ascii	"\026\300\253\331p\252\017\t\252c}6=\326\3137\264\337\324\n\317"
 228      70AA 0F09 
 228      AA63 7D36 
 228      3DD6 CB37 
 228      B4DF D40A 
 229 055e 4822 F88A 		.ascii	"H\"\370\212#5{\0054A\313\216\345\254\321\344X\356\006\374M\317"
 229      2335 7B05 
 229      3441 CB8E 
 229      E5AC D1E4 
 229      58EE 06FC 
 230 0574 E8CD C6C7 		.ascii	"\350\315\306\307r\242\322;\247t\215n\301\020\315fCt\003*\273"
 230      72A2 D23B 
 230      A774 8D6E 
 230      C110 CD66 
 230      4374 032A 
 231 0589 E810 F56C 		.ascii	"\350\020\365l\216\333\244\3272\213\224\037\265@\267\311\t~\257"
 231      8EDB A4D7 
 231      328B 941F 
 231      B540 B7C9 
 231      097E AF
 232 059c A624 D72B 		.ascii	"\246$\327+\177\347\274R\322\303\242\354!QV\337\310m\325\b\253"
 232      7FE7 BC52 
 232      D2C3 A2EC 
 232      2151 56DF 
 232      C86D D508 
 233 05b1 FC49 48   		.ascii	"\374IH"
 234 05b4 B9F9 9945 		.string	"\271\371\231E!B:-\254\251\252\316\360\307\033\357\035y{~\336f\267\262=\356kA\310\241&\007
 234      2142 3A2D 
 234      ACA9 AACE 
 234      F0C7 1BEF 
 234      1D79 7B7E 
 235 06b5 1678 71F3 		.ascii	"\026xq\363\230\004\311\031'I\331Z\262\214%^f\307\361\032\\\362"
 235      9804 C919 
 235      2749 D95A 
 235      B28C 255E 
 235      66C7 F11A 
 236 06cb B097 F398 		.ascii	"\260\227\363\230]R\337xF\020\022\002}\260;\022\316V\3713v[\263"
 236      5D52 DF78 
 236      4610 1202 
 236      7DB0 3B12 
 236      CE56 F933 
 237 06e2 9254 EC76 		.ascii	"\222T\354v\274\202^\001\350x5:\201\240/\267^\352\365\0276\373"
 237      BC82 5E01 
 237      E878 353A 
 237      81A0 2FB7 
 237      5EEA F517 
 238 06f8 4267 E7B6 		.ascii	"Bg\347\266l\017f\350r\017\032{\275RA\257\002\364J5:\221\240\267"
 238      6C0F 66E8 
 238      720F 1A7B 
 238      BD52 41AF 
 238      02F4 4A35 
 239 0710 751D A8D1 		.ascii	"u\035\250\321\013\331\276\320}\351.=\313\367\243\376\177\346"
 239      0BD9 BED0 
 239      7DE9 2E3D 
 239      CBF7 A3FE 
 239      7FE6 
 240 0722 26E1 0D5D 		.ascii	"&\341\r]\252\032M\346\302j\205\235\004\354\325j\366\032\302n"
 240      AA1A 4DE6 
 240      C26A 859D 
 240      04EC D56A 
 240      F61A C26E 
 241 0736 3FF3 A457 		.ascii	"?\363\244W/\024\373b\017\036j\250\222\263\355\256\361\232fk\025"
 241      2F14 FB62 
 241      0F1E 6AA8 
 241      92B3 EDAE 
 241      F19A 666B 
 242 074b 7432 A0D7 		.ascii	"t2\240\327\252\321\353\b\332}j\343C\275\340\364\205>\322\271"
 242      AAD1 EB08 
 242      DA7D 6AE3 
 242      43BD E0F4 
 242      853E D2B9 
 243 075f F170 10F3 		.ascii	"\361p\020\363\373\374\340\342k\212\3378'\353\025x\n\300\327\253"
 243      FBFC E0E2 
 243      6B8A DF38 
 243      27EB 1578 
 243      0AC0 D7AB 
 244 0773 E11B 08BC 		.ascii	"\341\033\b\274\300Y\\\026\"4\370\202\027\227\024\365\351\230"
 244      C059 5C16 
 244      2234 F882 
 244      1797 14F5 
 244      E998 
 245 0785 DFA9 6D5E 		.ascii	"\337\251m^\351\376JAo\004\364Wj\364&:\222R\302*\255\320\341\013"
 245      E9FE 4A41 
 245      6F04 F457 
 245      6AF4 263A 
 245      9252 C22A 
 246 079d EDBE 746A 		.ascii	"\355\276tj\245\274\345\270\367\032\217)~\343i\262Y\201\247\002"
 246      A5BC E5B8 
 246      F71A 8F29 
 246      7EE3 69B2 
 246      5981 A702 
 247 07b1 7CB3 1ABE 		.ascii	"|\263\032\276\205\302\357\273\327\371\t\325A/\260+<L\350\255"
 247      85C2 EFBB 
 247      D7F9 09D5 
 247      412F B02B 
 247      3C4C E8AD 
 248 07c5 1548 1D3E 		.ascii	"\025H\035>\036\322xR\271\371\320"
 248      1ED2 7852 
 248      B9F9 D0
 249 07d0 BDB5 9EEB 		.ascii	"\275\265\236\353a:\255\254\317u%z*3he\332\255\366\365!\276\356"
 249      613A ADAC 
 249      CF75 257A 
 249      2A33 6865 
 249      DAAD F6F5 
 250 07e7 7099 3C5E 		.string	"p\231<^\271\333y\266t\033\213/\266jXl\345\251\263\032\311\357\222\224]\b\353\241\255Jl\33
 250      B9DB 79B6 
 250      741B 8B2F 
 250      B66A 586C 
 250      E5A9 B31A 
 251 08e8 14F7 DDCC 		.string	"\024\367\335\314X\247\247\327\256\311\370r\364\350\370c\275p\225LeM\306\346S\333th\002u[\
 251      58A7 A7D7 
 251      AEC9 F872 
 251      F4E8 F863 
 251      BD70 954C 
 252 09c6 BB5C CD76 		.ascii	"\273\\\315v\022\366\336\325yz\341\220/tmgV\265\274=\226\226."
 252      12F6 DED5 
 252      797A E190 
 252      2F74 6D67 
 252      56B5 BC3D 
 253 09dd 6BF7 DAD6 		.ascii	"k\367\332\326+\025v\025\260+\325\354j~<\027\370\301\307\363\307"
 253      2B15 7615 
 253      B02B D5EC 
 253      6A7E 3C17 
 253      F8C1 C7F3 
 254 09f2 45BE F71E 		.ascii	"E\276\367\036\027\020c\2628&\033\034oF\304\330m\021f\323\302"
 254      1710 63B2 
 254      3826 1B1C 
 254      6F46 C4D8 
 254      6D11 66D3 
 255 0a07 0863 AC2D 		.ascii	"\bc\254-\302d\2112\307D\213\021vG44O\\\314\205\317\237\367\276"
 255      C264 8932 
 255      C744 8B11 
 255      7647 3434 
 255      4F5C CC85 
 256 0a1f 61E6 C79F 		.ascii	"a\346\307\237\030\246\231\354\306\205fq\252\331<\323\342\020"
 256      18A6 99EC 
 256      C685 6671 
 256      AAD9 3CD3 
 256      E210 
 257 0a31 6DB6 98A5 		.ascii	"m\266\230\245\016\373dlf\216Yd\214\2305\177\306\324\210i6S\254"
 257      0EFB 646C 
 257      668E 5964 
 257      8C98 357F 
 257      C6D4 8869 
 258 0a48 68B3 4780 		.ascii	"h\263G\200ID\244\325&FL]0w2.)\026\006\\31\212{M\246F\232E\243"
 258      4944 A4D5 
 258      2646 4C5D 
 258      3077 322E 
 258      2916 065C 
 259 0a66 CD8B A933 		.ascii	"\315\213\2513\030b\305(\207\325fxw\222\277\335\364\231\305h\326"
 259      1862 C528 
 259      87D5 6678 
 259      7792 BFDD 
 259      F499 C568 
 260 0a7b C4D8 C5E8 		.ascii	"\304\330\305\3500\361KP\201\222y\231!\326d7\201/*\325w_\235\276"
 260      30F1 4B50 
 260      8192 7999 
 260      21D6 6437 
 260      812F 2AD5 
 261 0a93 603A F030 		.ascii	"`:\3600w\232\030k\212\022\rsE\273\350\370I\036N\234\250\274\247"
 261      779A 186B 
 261      8A12 0D73 
 261      45BB E8F8 
 261      491E 4E9C 
 262 0aaa C78A 1687 		.ascii	"\307\212\026\207\035\342~s\272%z\251\025r`\210\264Z\026\231>"
 262      1DE2 7E73 
 262      BA25 7AA9 
 262      1572 6088 
 262      B45A 1699 
 263 0abf 8BB1 894A 		.ascii	"\213\261\211J\315\034[\254\237\341}\253\325<\353\005\351^o\005"
 263      CD1C 5BAC 
 263      9FE1 7DAB 
 263      D53C EB05 
 263      E95E 6F05 
 264 0ad3 4772 B298 		.ascii	"Gr\262\230\0333\"\202O\215\237\213\363\227\216\035Q?/\306\276"
 264      1B33 2282 
 264      4F8D 9F8B 
 264      F397 8E1D 
 264      513F 2FC6 
 265 0ae8 54B4 44BF 		.ascii	"T\264D\277>\242\001\306(\312j\261@NF\032E\322\2067F\322\034F"
 265      3EA2 01C6 
 265      28CA 6AB1 
 265      404E 461A 
 265      45D2 8637 
 266 0b00 9B63 F6A2 		.ascii	"\233c\366\242\0316\343\022q\234\252~\216\315\032%\332\355`\347"
 266      1936 E312 
 266      719C AA7E 
 266      8ECD 1A25 
 266      DAED 60E7 
 267 0b14 B059 CD73 		.ascii	"\260Y\315s\305\177\305\210v\307G?3b\312\204\256,\321F[4\300 "
 267      C57F C588 
 267      76C7 473F 
 267      3362 CA84 
 267      AE2C D146 
 268 0b2c E050 4F67 		.ascii	"\340POg\320\340\200\251\365\363\330\240\360\211\321\3769\036"
 268      D0E0 80A9 
 268      F5F3 D8A0 
 268      F089 D1FE 
 268      391E 
 269 0b3e 34EF 78C9 		.ascii	"4\357x\311\260\031\035&\253\345\343\230%\013E[ \236\362\357\376"
 269      B019 1D26 
 269      ABE5 E398 
 269      250B 455B 
 269      209E F2EF 
 270 0b53 C9E0 7859 		.ascii	"\311\340xY\236~\037\032\355\263\243\242bl61:\330h\376\302\270"
 270      9E7E 1F1A 
 270      EDB3 A3A2 
 270      626C 3631 
 270      3AD8 68FE 
 271 0b69 CC6E 3059 		.ascii	"\314n0Y\314&\213\030\366\205\321f1\304X\360\3143\330D{\214\331"
 271      CC26 8B18 
 271      F685 D166 
 271      31C4 58F0 
 271      CC33 D844 
 272 0b80 31E5 45DC 		.ascii	"1\345E\334\0339\351\027s/\311\275\316\264O\267\340\265\024\035"
 272      1B39 E917 
 272      732F C9BD 
 272      CEB4 4FB7 
 272      E0B5 141D 
 273 0b94 ECB5 0CC2 		.ascii	"\354\265\f\302pi\301\373\363\347\031>\020\0358#1\366\231?'%\320"
 273      7069 C1FB 
 273      F3E7 193E 
 273      101D 3823 
 273      31F6 993F 
 274 0bab CA06 CD2C 		.ascii	"\312\006\315,\332\344\316\265\030>g\326,\303lK\250\3749\323>"
 274      DAE4 CEB5 
 274      183E 67D6 
 274      2CC3 6C4B 
 274      A8FC 39D3 
 275 0bc0 5734 462F 		.ascii	"W4F/\323)M\213\026\205\016[\356!r\231zL\212\221\263>2\314\260"
 275      D329 4D8B 
 275      1685 0E5B 
 275      EE21 7299 
 275      7A4C 8A91 
 276 0bd9 89E2 BFC5 		.ascii	"\211\342\277\305Qrq\276e\021\251\030\243\032\200\231\366\251"
 276      5172 71BE 
 276      6511 A918 
 276      A31A 8099 
 276      F6A9 
 277 0beb D1D1 903A 		.ascii	"\321\321\220:\373<\321\361\267_\262P\030\217\005\362\232\357"
 277      FB3C D1F1 
 277      B75F B250 
 277      188F 05F2 
 277      9AEF 
 278 0bfd 85A9 895A 		.ascii	"\205\251\211Zl\264\275\256\264C\026#\361\320Z\034r\325\033\352"
 278      6CB4 BDAE 
 278      B443 1623 
 278      F1D0 5A1C 
 278      72D5 1BEA 
 279 0c11 36F9 7B9A 		.ascii	"6\371{\232\311\006\353\002&\311\030\245u\236h\206*\271\370\312"
 279      C906 EB02 
 279      26C9 18A5 
 279      759E 6886 
 279      2AB9 F8CA 
 280 0c25 0766 EB42 		.ascii	"\007f\353B\243g\213\242\251\370\251\323A\371\027i]\262\304ja"
 280      A367 8BA2 
 280      A9F8 A9D3 
 280      41F9 1769 
 280      5DB2 C46A 
 281 0c3a 2F08 E4FF 		.ascii	"/\b\344\377\"\007\320\247"
 281      2207 D0A7 
 282               		.text
 283               		.section	.gnu.lto_.symtab.e8b1468f59acad89,"",@progbits
 284 0000 5553 425F 		.string	"USB_INT_DisableAllInterrupts"
 284      494E 545F 
 284      4469 7361 
 284      626C 6541 
 284      6C6C 496E 
 285 001d 00        		.string	""
 286 001e 00        		.string	""
 287 001f 00        		.string	""
 288 0020 00        		.string	""
 289 0021 00        		.string	""
 290 0022 00        		.string	""
 291 0023 00        		.string	""
 292 0024 00        		.string	""
 293 0025 00        		.string	""
 294 0026 00        		.string	""
 295 0027 00        		.string	""
 296 0028 B100      		.string	"\261"
 297 002a 00        		.string	""
 298 002b 00        		.string	""
 299 002c 5553 425F 		.string	"USB_INT_ClearAllInterrupts"
 299      494E 545F 
 299      436C 6561 
 299      7241 6C6C 
 299      496E 7465 
 300 0047 00        		.string	""
 301 0048 00        		.string	""
 302 0049 00        		.string	""
 303 004a 00        		.string	""
 304 004b 00        		.string	""
 305 004c 00        		.string	""
 306 004d 00        		.string	""
 307 004e 00        		.string	""
 308 004f 00        		.string	""
 309 0050 00        		.string	""
 310 0051 00        		.string	""
 311 0052 B300      		.string	"\263"
 312 0054 00        		.string	""
 313 0055 00        		.string	""
 314 0056 5F5F 7665 		.string	"__vector_10"
 314      6374 6F72 
 314      5F31 3000 
 315 0062 00        		.string	""
 316 0063 00        		.string	""
 317 0064 00        		.string	""
 318 0065 00        		.string	""
 319 0066 00        		.string	""
 320 0067 00        		.string	""
 321 0068 00        		.string	""
 322 0069 00        		.string	""
 323 006a 00        		.string	""
 324 006b 00        		.string	""
 325 006c 00        		.string	""
 326 006d BB00      		.string	"\273"
 327 006f 00        		.string	""
 328 0070 00        		.string	""
 329 0071 5F5F 7665 		.string	"__vector_11"
 329      6374 6F72 
 329      5F31 3100 
 330 007d 00        		.string	""
 331 007e 00        		.string	""
 332 007f 00        		.string	""
 333 0080 00        		.string	""
 334 0081 00        		.string	""
 335 0082 00        		.string	""
 336 0083 00        		.string	""
 337 0084 00        		.string	""
 338 0085 00        		.string	""
 339 0086 00        		.string	""
 340 0087 00        		.string	""
 341 0088 C000      		.string	"\300"
 342 008a 00        		.string	""
 343 008b 00        		.string	""
 344 008c 5553 425F 		.string	"USB_DeviceState"
 344      4465 7669 
 344      6365 5374 
 344      6174 6500 
 345 009c 00        		.string	""
 346 009d 02        		.ascii	"\002"
 347 009e 00        		.string	""
 348 009f 00        		.string	""
 349 00a0 00        		.string	""
 350 00a1 00        		.string	""
 351 00a2 00        		.string	""
 352 00a3 00        		.string	""
 353 00a4 00        		.string	""
 354 00a5 00        		.string	""
 355 00a6 00        		.string	""
 356 00a7 DC00      		.string	"\334"
 357 00a9 00        		.string	""
 358 00aa 00        		.string	""
 359 00ab 5553 425F 		.string	"USB_Device_ConfigurationNumber"
 359      4465 7669 
 359      6365 5F43 
 359      6F6E 6669 
 359      6775 7261 
 360 00ca 00        		.string	""
 361 00cb 02        		.ascii	"\002"
 362 00cc 00        		.string	""
 363 00cd 00        		.string	""
 364 00ce 00        		.string	""
 365 00cf 00        		.string	""
 366 00d0 00        		.string	""
 367 00d1 00        		.string	""
 368 00d2 00        		.string	""
 369 00d3 00        		.string	""
 370 00d4 00        		.string	""
 371 00d5 DE00      		.string	"\336"
 372 00d7 00        		.string	""
 373 00d8 00        		.string	""
 374 00d9 4556 454E 		.string	"EVENT_USB_Device_Reset"
 374      545F 5553 
 374      425F 4465 
 374      7669 6365 
 374      5F52 6573 
 375 00f0 00        		.string	""
 376 00f1 02        		.ascii	"\002"
 377 00f2 00        		.string	""
 378 00f3 00        		.string	""
 379 00f4 00        		.string	""
 380 00f5 00        		.string	""
 381 00f6 00        		.string	""
 382 00f7 00        		.string	""
 383 00f8 00        		.string	""
 384 00f9 00        		.string	""
 385 00fa 00        		.string	""
 386 00fb C200      		.string	"\302"
 387 00fd 00        		.string	""
 388 00fe 00        		.string	""
 389 00ff 456E 6470 		.string	"Endpoint_ConfigureEndpoint_Prv"
 389      6F69 6E74 
 389      5F43 6F6E 
 389      6669 6775 
 389      7265 456E 
 390 011e 00        		.string	""
 391 011f 02        		.ascii	"\002"
 392 0120 00        		.string	""
 393 0121 00        		.string	""
 394 0122 00        		.string	""
 395 0123 00        		.string	""
 396 0124 00        		.string	""
 397 0125 00        		.string	""
 398 0126 00        		.string	""
 399 0127 00        		.string	""
 400 0128 00        		.string	""
 401 0129 CD00      		.string	"\315"
 402 012b 00        		.string	""
 403 012c 00        		.string	""
 404 012d 4556 454E 		.string	"EVENT_USB_Device_WakeUp"
 404      545F 5553 
 404      425F 4465 
 404      7669 6365 
 404      5F57 616B 
 405 0145 00        		.string	""
 406 0146 02        		.ascii	"\002"
 407 0147 00        		.string	""
 408 0148 00        		.string	""
 409 0149 00        		.string	""
 410 014a 00        		.string	""
 411 014b 00        		.string	""
 412 014c 00        		.string	""
 413 014d 00        		.string	""
 414 014e 00        		.string	""
 415 014f 00        		.string	""
 416 0150 CF00      		.string	"\317"
 417 0152 00        		.string	""
 418 0153 00        		.string	""
 419 0154 4556 454E 		.string	"EVENT_USB_Device_Suspend"
 419      545F 5553 
 419      425F 4465 
 419      7669 6365 
 419      5F53 7573 
 420 016d 00        		.string	""
 421 016e 02        		.ascii	"\002"
 422 016f 00        		.string	""
 423 0170 00        		.string	""
 424 0171 00        		.string	""
 425 0172 00        		.string	""
 426 0173 00        		.string	""
 427 0174 00        		.string	""
 428 0175 00        		.string	""
 429 0176 00        		.string	""
 430 0177 00        		.string	""
 431 0178 D100      		.string	"\321"
 432 017a 00        		.string	""
 433 017b 00        		.string	""
 434 017c 4556 454E 		.string	"EVENT_USB_Device_Disconnect"
 434      545F 5553 
 434      425F 4465 
 434      7669 6365 
 434      5F44 6973 
 435 0198 00        		.string	""
 436 0199 02        		.ascii	"\002"
 437 019a 00        		.string	""
 438 019b 00        		.string	""
 439 019c 00        		.string	""
 440 019d 00        		.string	""
 441 019e 00        		.string	""
 442 019f 00        		.string	""
 443 01a0 00        		.string	""
 444 01a1 00        		.string	""
 445 01a2 00        		.string	""
 446 01a3 D300      		.string	"\323"
 447 01a5 00        		.string	""
 448 01a6 00        		.string	""
 449 01a7 4556 454E 		.string	"EVENT_USB_Device_Connect"
 449      545F 5553 
 449      425F 4465 
 449      7669 6365 
 449      5F43 6F6E 
 450 01c0 00        		.string	""
 451 01c1 02        		.ascii	"\002"
 452 01c2 00        		.string	""
 453 01c3 00        		.string	""
 454 01c4 00        		.string	""
 455 01c5 00        		.string	""
 456 01c6 00        		.string	""
 457 01c7 00        		.string	""
 458 01c8 00        		.string	""
 459 01c9 00        		.string	""
 460 01ca 00        		.string	""
 461 01cb D500      		.string	"\325"
 462 01cd 00        		.string	""
 463 01ce 00        		.string	""
 464 01cf 4556 454E 		.string	"EVENT_USB_Device_StartOfFrame"
 464      545F 5553 
 464      425F 4465 
 464      7669 6365 
 464      5F53 7461 
 465 01ed 00        		.string	""
 466 01ee 02        		.ascii	"\002"
 467 01ef 00        		.string	""
 468 01f0 00        		.string	""
 469 01f1 00        		.string	""
 470 01f2 00        		.string	""
 471 01f3 00        		.string	""
 472 01f4 00        		.string	""
 473 01f5 00        		.string	""
 474 01f6 00        		.string	""
 475 01f7 00        		.string	""
 476 01f8 D700      		.string	"\327"
 477 01fa 00        		.string	""
 478 01fb 00        		.string	""
 479 01fc 5553 425F 		.string	"USB_Device_ProcessControlRequest"
 479      4465 7669 
 479      6365 5F50 
 479      726F 6365 
 479      7373 436F 
 480 021d 00        		.string	""
 481 021e 02        		.ascii	"\002"
 482 021f 00        		.string	""
 483 0220 00        		.string	""
 484 0221 00        		.string	""
 485 0222 00        		.string	""
 486 0223 00        		.string	""
 487 0224 00        		.string	""
 488 0225 00        		.string	""
 489 0226 00        		.string	""
 490 0227 00        		.string	""
 491 0228 D900      		.string	"\331"
 492 022a 00        		.string	""
 493 022b 00        		.string	""
 494               		.text
 495               		.section	.gnu.lto_.opts,"",@progbits
 496 0000 272D 666D 		.ascii	"'-fmath-errno' '-fsigned-zeros' '-ftrapping-math' '-fno-trap"
 496      6174 682D 
 496      6572 726E 
 496      6F27 2027 
 496      2D66 7369 
 497 003c 7627 2027 		.ascii	"v' '-fno"
 497      2D66 6E6F 
 498 0044 2D6F 7065 		.string	"-openmp' '-fno-openacc' '-mn-flash=1' '-mno-skip-bug' '-mmcu=avr5' '-gdwarf-2' '-Os' '-We
 498      6E6D 7027 
 498      2027 2D66 
 498      6E6F 2D6F 
 498      7065 6E61 
 499               		.text
 500               		.comm	__gnu_lto_v1,1,1
 501               		.comm	__gnu_lto_slim,1,1
 502               		.ident	"GCC: (GNU) 5.4.0"
DEFINED SYMBOLS
                            *ABS*:0000000000000000 USBInterrupt_AVR8.c
     /tmp/ccHseDTh.s:2      *ABS*:000000000000003e __SP_H__
     /tmp/ccHseDTh.s:3      *ABS*:000000000000003d __SP_L__
     /tmp/ccHseDTh.s:4      *ABS*:000000000000003f __SREG__
     /tmp/ccHseDTh.s:5      *ABS*:0000000000000000 __tmp_reg__
     /tmp/ccHseDTh.s:6      *ABS*:0000000000000001 __zero_reg__
                            *COM*:0000000000000001 __gnu_lto_v1
                            *COM*:0000000000000001 __gnu_lto_slim

NO UNDEFINED SYMBOLS
