   1               		.file	"action_macro.c"
   2               	__SP_H__ = 0x3e
   3               	__SP_L__ = 0x3d
   4               	__SREG__ = 0x3f
   5               	__tmp_reg__ = 0
   6               	__zero_reg__ = 1
   7               		.text
   8               	.Ltext0:
   9               		.section	.gnu.lto_.profile.60c049e3b5542aff,"",@progbits
  10 0000 789C 6361 		.string	"x\234ca`\004B "
  10      6004 4220 
  10      00
  11 0009 00        		.string	""
  12 000a 00        		.string	""
  13 000b 3900      		.string	"9"
  14 000d 07        		.ascii	"\007"
  15               		.text
  16               		.section	.gnu.lto_.icf.60c049e3b5542aff,"",@progbits
  17 0000 789C 6361 		.string	"x\234ca`d"
  17      6064 00
  18 0007 0126 0664 		.string	"\001&\006d"
  18      00
  19 000c 00        		.string	""
  20 000d 00        		.string	""
  21 000e 9E00      		.string	"\236"
  22 0010 08        		.ascii	"\b"
  23               		.text
  24               		.section	.gnu.lto_.jmpfuncs.60c049e3b5542aff,"",@progbits
  25 0000 789C 6361 		.string	"x\234ca`d"
  25      6064 00
  26 0007 0126 0664 		.string	"\001&\006d"
  26      00
  27 000c 00        		.string	""
  28 000d 00        		.string	""
  29 000e 9E00      		.string	"\236"
  30 0010 08        		.ascii	"\b"
  31               		.text
  32               		.section	.gnu.lto_.inline.60c049e3b5542aff,"",@progbits
  33 0000 789C 6361 		.string	"x\234ca`d"
  33      6064 00
  34 0007 0126 0664 		.string	"\001&\006d"
  34      00
  35 000c 00        		.string	""
  36 000d 00        		.string	""
  37 000e 9E00      		.string	"\236"
  38 0010 08        		.ascii	"\b"
  39               		.text
  40               		.section	.gnu.lto_.pureconst.60c049e3b5542aff,"",@progbits
  41 0000 789C 6361 		.string	"x\234ca`\004B "
  41      6004 4220 
  41      00
  42 0009 00        		.string	""
  43 000a 00        		.string	""
  44 000b 3900      		.string	"9"
  45 000d 07        		.ascii	"\007"
  46               		.text
  47               		.section	.gnu.lto_.symbol_nodes.60c049e3b5542aff,"",@progbits
  48 0000 789C 6361 		.string	"x\234ca`d`b"
  48      6064 6062 
  48      00
  49 0009 0100      		.string	"\001"
  50 000b 00        		.string	""
  51 000c 4600      		.string	"F"
  52 000e 08        		.ascii	"\b"
  53               		.text
  54               		.section	.gnu.lto_.refs.60c049e3b5542aff,"",@progbits
  55 0000 789C 6361 		.string	"x\234ca`\004B "
  55      6004 4220 
  55      00
  56 0009 00        		.string	""
  57 000a 00        		.string	""
  58 000b 3900      		.string	"9"
  59 000d 07        		.ascii	"\007"
  60               		.text
  61               		.section	.gnu.lto_.decls.60c049e3b5542aff,"",@progbits
  62 0000 789C 6361 		.string	"x\234ca`d\200\001\020K\005\210\377\003\001\210\035\306@"
  62      6064 8001 
  62      104B 0588 
  62      FF03 0188 
  62      1DC6 4000 
  63 0014 00        		.string	""
  64 0015 00        		.string	""
  65 0016 B08E 047E 		.ascii	"\260\216\004~"
  66               		.text
  67               		.section	.gnu.lto_.symtab.60c049e3b5542aff,"",@progbits
  68               		.text
  69               		.section	.gnu.lto_.opts,"",@progbits
  70 0000 272D 666D 		.ascii	"'-fmath-errno' '-fsigned-zeros' '-ftrapping-math' '-fno-trap"
  70      6174 682D 
  70      6572 726E 
  70      6F27 2027 
  70      2D66 7369 
  71 003c 7627 2027 		.ascii	"v' '-fno"
  71      2D66 6E6F 
  72 0044 2D6F 7065 		.string	"-openmp' '-fno-openacc' '-mn-flash=1' '-mno-skip-bug' '-mmcu=avr5' '-gdwarf-2' '-Os' '-We
  72      6E6D 7027 
  72      2027 2D66 
  72      6E6F 2D6F 
  72      7065 6E61 
  73               		.text
  74               		.comm	__gnu_lto_v1,1,1
  75               		.comm	__gnu_lto_slim,1,1
  76               		.ident	"GCC: (GNU) 5.4.0"
DEFINED SYMBOLS
                            *ABS*:0000000000000000 action_macro.c
     /tmp/ccJko9yG.s:2      *ABS*:000000000000003e __SP_H__
     /tmp/ccJko9yG.s:3      *ABS*:000000000000003d __SP_L__
     /tmp/ccJko9yG.s:4      *ABS*:000000000000003f __SREG__
     /tmp/ccJko9yG.s:5      *ABS*:0000000000000000 __tmp_reg__
     /tmp/ccJko9yG.s:6      *ABS*:0000000000000001 __zero_reg__
                            *COM*:0000000000000001 __gnu_lto_v1
                            *COM*:0000000000000001 __gnu_lto_slim

NO UNDEFINED SYMBOLS
