   1               		.file	"host.c"
   2               	__SP_H__ = 0x3e
   3               	__SP_L__ = 0x3d
   4               	__SREG__ = 0x3f
   5               	__tmp_reg__ = 0
   6               	__zero_reg__ = 1
   7               		.text
   8               	.Ltext0:
   9               		.section	.gnu.lto_.profile.df57feb7061bf752,"",@progbits
  10 0000 789C 6361 		.string	"x\234ca`d`e`"
  10      6064 6065 
  10      6000 
  11 000a 924B 1883 		.string	"\222K\030\203"
  11      00
  12 000f 02BE 0103 		.ascii	"\002\276\001\003"
  13               		.text
  14               		.section	.gnu.lto_.icf.df57feb7061bf752,"",@progbits
  15 0000 789C 6361 		.string	"x\234ca`d"
  15      6064 00
  16 0007 8100      		.string	"\201"
  17 0009 0604 E065 		.string	"\006\004\340e8u\250\367\f/\343\231\257\2276s0]\376{\356<?s\307\305\315\317YX>.\333\322\31
  17      3875 A8F7 
  17      0C2F E399 
  17      AF97 3673 
  17      305D FE7B 
  18 0057 787D 2892 		.ascii	"x}(\222"
  19               		.text
  20               		.section	.gnu.lto_.jmpfuncs.df57feb7061bf752,"",@progbits
  21 0000 789C 6361 		.string	"x\234ca`d"
  21      6064 00
  22 0007 814C 0604 		.string	"\201L\006\004\340b`dd\254gb``\006r\352\005X\300$+X\214\251\222\001\314\343\200\363\030\03
  22      E062 6064 
  22      64AC 6762 
  22      6060 0672 
  22      EA05 58C0 
  23 004c 0B2D 0E78 		.ascii	"\013-\016x"
  24               		.text
  25               		.section	.gnu.lto_.inline.df57feb7061bf752,"",@progbits
  26 0000 789C 6361 		.string	"x\234ca`d"
  26      6064 00
  27 0007 81EF 0C08 		.string	"\201\357\f\b\300\305\300\300\302\314\310\300\304t\201\237\201m\201<\023H\214\tS\210\231\2
  27      C0C5 C0C0 
  27      C2CC C8C0 
  27      C474 819F 
  27      816D 813C 
  28 002e 110C BCC2 		.string	"\021\f\274\302@q\236;^\250\342\254\f\"\222\214\214\f\034\214@\235,b\307\352\0318\036(110>
  28      4071 9E3B 
  28      5EA8 E2AC 
  28      0C22 928C 
  28      8C0C 1C8C 
  29 0080 E6B0 1AAE 		.ascii	"\346\260\032\256"
  30               		.text
  31               		.section	.gnu.lto_.pureconst.df57feb7061bf752,"",@progbits
  32 0000 789C 6361 		.string	"x\234ca`d\020e``\340b\220`ba\226d\221b\225\342\220\342\224\344\226\344e\341c\001"
  32      6064 1065 
  32      6060 E062 
  32      9060 6261 
  32      9664 9162 
  33 0021 0D96 0127 		.ascii	"\r\226\001'"
  34               		.text
  35               		.section	.gnu.lto_host_set_driver.df57feb7061bf752,"",@progbits
  36 0000 789C 2550 		.ascii	"x\234%PMKBQ\020\235s\257\251\024\221\233\b\312E\256\304Mn\372"
  36      4D4B 4251 
  36      109D 73AF 
  36      A914 919B 
  36      08CA 45AE 
  37 0018 25FD 8116 		.ascii	"%\375\201\026\026\004a\017\312\275\243\366\350c\025A-\n\021\202"
  37      1604 610F 
  37      CABD A3F6 
  37      E863 1541 
  37      2D0A 1182 
  38 002c 52FB 1297 		.ascii	"R\373\022\227o'\222;)\b\242E\233j!!-\f\212V\366\232y\016\\\356"
  38      6F27 923B 
  38      2908 A245 
  38      9B6A 2121 
  38      2D0C 8A56 
  39 0046 CC61 E69C 		.ascii	"\314a\346\2343\023\"\220FZ\2769\032=X\2029\270'*D\r\240\tGAy"
  39      3313 2290 
  39      465A BE39 
  39      1A3D 5882 
  39      39B8 272A 
  40 0061 833C 7ECC 		.ascii	"\203<~\314\320\240\275\323\363L\252\312\022\257\235C\313\265"
  40      D0A0 BDD3 
  40      F34C AACA 
  40      12AF 9D43 
  40      CBB5 
  41 0073 165C 4BE4 		.ascii	"\026\\K\344\233\200\211PEJ\272:\376ok\352\333\270\026\320\241"
  41      9B80 8950 
  41      454A BA3A 
  41      FE6F 6BEA 
  41      DBB8 16D0 
  42 0088 C741 B73C 		.ascii	"\307A\267<\241\245AL\312\217\347\2727fgA\222\357\237]$\222\347"
  42      A1A5 414C 
  42      CA8F E7BA 
  42      3766 6741 
  42      92EF 9F5D 
  43 009f CC45 E6D3 		.ascii	"\314E\346\323i\266\256\265\270\204\025:\324\021G\rq\022\210p"
  43      69B6 AEB5 
  43      B884 153A 
  43      D411 470D 
  43      7112 8870 
  44 00b3 85A4 76BF 		.ascii	"\205\244v\2777\377\216&\303\333\252>?\322\3045\302\272Ec\251"
  44      37FF 8E26 
  44      C3DB AA3E 
  44      3FD2 C435 
  44      C2BA 4563 
  45 00c8 C5BE 5F62 		.ascii	"\305\276_bn&\020\022\347:@\003\351\320\025\276\214\321\337\366"
  45      6E26 1012 
  45      E73A 4003 
  45      E9D0 15BE 
  45      8CD1 DFF6 
  46 00dc 503C 795B 		.ascii	"P<y[\324\021\341:v\333\017\0215\025\n\214x\336\347K$?\344]\346"
  46      D411 E13A 
  46      76DB 0F11 
  46      3515 0A8C 
  46      78DE E74B 
  47 00f5 9860 7BB2 		.ascii	"\230`{\262\224\302\375\356\323\335x\005\345\002\007\270\305\255"
  47      94C2 FDEE 
  47      D3DD 7805 
  47      E502 07B8 
  47      C5AD 
  48 0107 5CE2 466C 		.ascii	"\\\342Fl\021\032\250\240d\r\365Qd\253\244\301\005\006\006\252"
  48      111A A8A0 
  48      640D F551 
  48      64AB A4C1 
  48      0506 06AA 
  49 011b 25CA 33B9 		.ascii	"%\3123\271\354\372r\306\331\\Mg\234l\326\331H\2579[\271\205\f"
  49      ECFA 72C6 
  49      D95C 4D67 
  49      9C6C D6D9 
  49      48AF 395B 
  50 0132 61E5 1FDE 		.ascii	"a\345\037\336\340p\301"
  50      E070 C1
  51               		.text
  52               		.section	.gnu.lto_host_get_driver.df57feb7061bf752,"",@progbits
  53 0000 789C 2D50 		.ascii	"x\234-P=K\003A\020\2357\033\222\240\210)\004\021Sh\231\306\373"
  53      3D4B 0341 
  53      109D 371B 
  53      92A0 8829 
  53      0411 5368 
  54 0017 2FFE 018B 		.ascii	"/\376\001\213C\020\344<\320\3647I<\320N\020\323\035)\023\277"
  54      4310 E43C 
  54      D0F4 3749 
  54      3CD0 4E10 
  54      D31D 2913 
  55 002c 10B1 4A77 		.ascii	"\020\261JwH\354\202\202\220\312F-,\202\305\tJ\n\211\347\2148"
  55      48EC 8282 
  55      90CA 462D 
  55      2C82 C509 
  55      4A0A 89E7 
  56 0042 F0D8 99D9 		.ascii	"\360\330\231\3317o\336n\201@\026\337\212%\305\262\002\216\300"
  56      376F DE6E 
  56      8140 16DF 
  56      8A25 C5B2 
  56      028E C0
  57 0055 47F7 448D 		.ascii	"G\367D\2152\003\226H\031\0241\"|\361\224q\227O\322\371O\216\215"
  57      3203 9648 
  57      1914 3122 
  57      7CF1 9471 
  57      974F D2F9 
  58 006c A6E5 6336 		.ascii	"\246\345c6Lf\255\004*Z^LnF\205ZW\244)\317\361\361B\334K\021;"
  58      4C66 AD04 
  58      2A5A 5E4C 
  58      6E46 855A 
  58      57A4 29CF 
  59 0087 A69C 093D 		.ascii	"\246\234\t=T\321E\325V\234\242FJ~\275\3769\231+\356\213\306\212"
  59      54D1 45D5 
  59      569C A246 
  59      4A7E BDFE 
  59      3999 2BEE 
  60 009e 51F4 E60C 		.ascii	"Q\364\346\fE\263t\265\236J\236\267D\222U\350\270IP\2460;\037"
  60      45B3 74B5 
  60      9E4A 9EB7 
  60      4492 55E8 
  60      B849 50A6 
  61 00b5 CC76 BA37 		.ascii	"\314v\27274\333/\236M\264\2349i\307\267\017%s\342`\342\375\376"
  61      34DB 2F9E 
  61      4DB4 9C39 
  61      69C7 B70F 
  61      2573 E260 
  62 00cc FB53 299A 		.ascii	"\373S)\232\312\201HE{\207Ne\265=\036\216\0063\035$\r\371\353"
  62      CA81 4845 
  62      7B87 4E65 
  62      B53D 1E8E 
  62      0633 1D24 
  63 00e3 AB63 7DD8 		.ascii	"\253c}\330\271\331\302%:\2401\370_\322>&c\330.\315\027\353\301"
  63      B9D9 C225 
  63      3AA0 31F8 
  63      5FD2 3E26 
  63      63D8 2ECD 
  64 00fa F686 1FEE 		.ascii	"\366\206\037\356nz~\030\004\341\216\267\025\356\325\327|\372"
  64      6E7A 7E18 
  64      04E1 8EB7 
  64      15EE D5D7 
  64      7CFA 
  65 010c 0518 CF60 		.ascii	"\005\030\317`\376"
  65      FE
  66               		.text
  67               		.section	.gnu.lto_host_keyboard_leds.df57feb7061bf752,"",@progbits
  68 0000 789C 6D91 		.ascii	"x\234m\221\277KBQ\024\307\317\367\336k/\304\302-\004\207\326"
  68      BF4B 4251 
  68      14C7 CFF7 
  68      DE6B 2FC4 
  68      C22D 0487 
  69 0015 962C 6A69 		.ascii	"\226,ji\350\237hk\n\222 \b\023\312\335\353S\241\250!\b\235\f"
  69      E89F 686B 
  69      0A92 2008 
  69      13CA DDEB 
  69      53A1 A821 
  70 002c 2108 B52C 		.ascii	"!\b\265,q\254)\242\b\"j\210\206j\350\007\021!\r\031EKf\347hC"
  70      71AC 29A2 
  70      0822 6A88 
  70      866A E807 
  70      1121 0D19 
  71 0046 4317 DE3B 		.ascii	"C\027\336;\357\235\037\237\363=\347\032\002\311Yg\023`;\314\017"
  71      EF9D 1F9F 
  71      F33D E71A 
  71      02C9 5967 
  71      1360 3BCC 
  72 005b 3C04 B572 		.ascii	"<\004\265rF\224\350T\312\274\373\311zun\224\254O\303\264\335"
  72      4694 E854 
  72      CABC FBC9 
  72      7A75 6E94 
  72      AC4F C3B4 
  73 0070 0690 0FDB 		.ascii	"\006\220\017\333\t\212+m\020\307\207j(\254fVn\273\373\n\326\272"
  73      098A 2B6D 
  73      10C7 876A 
  73      28AC 6656 
  73      6EBB FB0A 
  74 0086 F6EE E8C2 		.ascii	"\366\356\350\302\227*\356#\255\211\232\2120\024\304@P\330\005"
  74      972A EE23 
  74      AD89 9A8A 
  74      3014 C440 
  74      50D8 05
  75 0099 F411 A73E 		.ascii	"\364\021\247>T\2773]\035)\313\247W\0228RD\207h\251\214\355\333"
  75      54BF 335D 
  75      1D29 CBA7 
  75      5712 3852 
  75      4487 68A9 
  76 00b0 6633 696D 		.ascii	"f3imf\360Jq\003&\030~\261\250\264V\216\374\022\275r\201\b\250"
  76      66F0 4A71 
  76      0326 187E 
  76      B1A8 B456 
  76      8EFC 12BD 
  77 00c8 2B25 563F 		.ascii	"+%V?\301\315\326\013\001A$\265a|6}p\356\274\253\264\326\220n"
  77      C1CD D60B 
  77      0141 24B5 
  77      617C 367D 
  77      70EE BCAB 
  78 00e0 BBBB 2F37 		.ascii	"\273\273/7N\274a\027\254\365\263oQ\030\354\256\235^\036z\363"
  78      4EBC 6117 
  78      ACF5 B36F 
  78      5118 ECAE 
  78      9D5E 1E7A 
  79 00f5 584B D896 		.ascii	"XK\330\226\037\330\344IJ`\235\330B\036t\217\324ur\362\037*@("
  79      1FD8 E449 
  79      4A60 9DD8 
  79      421E 748F 
  79      D475 72F2 
  80 010d 4B1E 8906 		.ascii	"K\036\211\006M\271Q\221\260W-\007\333\311\036N\376<>Y\360\375"
  80      4DB9 5191 
  80      B057 2D07 
  80      DBC9 1E4E 
  80      FE3C 3E59 
  81 0123 C2ED 38EB 		.ascii	"\302\3558\3536\fiWqt\343\321\335qB\333\022\263#<\030\266\271"
  81      360C 6957 
  81      7174 E3D1 
  81      DD71 42DB 
  81      12B3 233C 
  82 013a E1B7 EC81 		.ascii	"\341\267\354\201\260\203\020=C\267Q\016\323\270\330\323\352d"
  82      B083 103D 
  82      43B7 510E 
  82      D3B8 D8D3 
  82      EA64 
  83 014c 5AD3 D6E0 		.ascii	"Z\323\326\340\372)\251eYo\300_]|\231\250 \250\276J\335\\\251"
  83      FA29 A965 
  83      596F C05F 
  83      5D7C 99A8 
  83      20A8 BE4A 
  84 0163 9797 1C5E 		.ascii	"\227\227\034^\025\244\210\311=\261\310\314D8:7\025\nG#\221\350"
  84      15A4 88C9 
  84      3DB1 C8CC 
  84      4438 3A37 
  84      150A 4723 
  85 0179 6C68 3A3A 		.ascii	"lh::\037\353\017\323\017U\020\221\371"
  85      1FEB 0FD3 
  85      0F55 1091 
  85      F9
  86               		.text
  87               		.section	.gnu.lto_host_keyboard_led_state.df57feb7061bf752,"",@progbits
  88 0000 789C 6D52 		.ascii	"x\234mR=hSQ\024>\337\275\357\345\245%\225lR\310\320\245CA|\202"
  88      3D68 5351 
  88      143E DFBD 
  88      EFE5 A525 
  88      956C 52C8 
  89 001a 38D6 D5DD 		.ascii	"8\326\325\335\315I0\b\202\304\200v\321%7?\017\332\315\305.EJ"
  89      CD49 3008 
  89      82C4 8076 
  89      D125 373F 
  89      0FDA CDC5 
  90 0031 2DDA 5A6D 		.ascii	"-\332ZmbT\224\bB\220B@\244\016\242\203Rh\245\025)\035\2146\210"
  90      6254 9408 
  90      4290 4240 
  90      A40E A283 
  90      5268 A515 
  91 004a 4313 BFF3 		.ascii	"C\023\277\363^u\020/\274{/\347\347\3739\367y\002\321u\306\210"
  91      5E75 102F 
  91      BC7B 2FE7 
  91      E7FB 39F7 
  91      7902 D175 
  92 0060 8CF2 3CCD 		.ascii	"\214\362<\315\017)\201\271\271.RN\033c{Yq\303\336\334\244\270"
  92      0F29 81B9 
  92      B92E 524E 
  92      1B63 7B59 
  92      71C3 DEDC 
  93 0076 8C85 9F84 		.ascii	"\214\205\237\204\275?\027\037\320\213KCJ\306z>J\350\231\003\203"
  93      BD3F 171F 
  93      D08B 4B43 
  93      4AC6 7A3E 
  93      4AE8 9903 
  94 008b 77CF A21B 		.ascii	"w\317\242\033\023K\216ks\347\203\255-\267\021Y\221\201\021\234"
  94      134B 8E6B 
  94      73E7 83AD 
  94      2DB7 1159 
  94      9181 119C 
  95 009f CCE1 444E 		.ascii	"\314\341DNI\2260!\254\374\334\354\337\032I\325\264tL\013\230"
  95      4996 3021 
  95      ACFC DCEC 
  95      DF1A 49D5 
  95      B474 4C0B 
  96 00b4 5946 8AA2 		.ascii	"YF\212\242\300\344\326zg\003\343\213\316M\273vk\007\304)\217"
  96      C0E4 D67A 
  96      6703 E38B 
  96      CE4D BB76 
  96      6B07 C429 
  97 00c9 FD0B C4CA 		.ascii	"\375\013\304\312\373\030o\234m\273\301\240\352\332\317O\255\275"
  97      FB18 6F9C 
  97      6DBB C1A0 
  97      EADA CF4F 
  97      ADBD 
  98 00db F487 AC44 		.ascii	"\364\207\254D\024\313\315\004\334\330\361\215\310\252\264k\214"
  98      14CB CD04 
  98      DCD8 F18D 
  98      C8AA B46B 
  98      8C
  99 00ec 9EF6 0B2A 		.ascii	"\236\366\013*\263\315\372\250rU\255%\325l\364\352m\260o\"\353"
  99      B3CD FAA8 
  99      7255 AD25 
  99      D56C F4EA 
  99      6DB0 6F22 
 100 0101 4165 B55A 		.ascii	"Ae\265Z{\237\202\322\001\211]\226\261\031Bhx\367\315\373\265"
 100      7B9F 82D2 
 100      0189 5D96 
 100      B119 4268 
 100      78F7 CDFB 
 101 0116 E179 DC2E 		.ascii	"\341y\334.\2738\016<\240\343\025P\007\036b\036\262\205\332\307"
 101      BB38 0E3C 
 101      A0E3 1550 
 101      071E 621E 
 101      B285 DAC7 
 102 012a EA85 FFA0 		.ascii	"\352\205\377\240\002\202U$z\273\306J/\253\022\3667sZ\313\302"
 102      0282 5524 
 102      7ABB C64A 
 102      2FAB 12F6 
 102      3773 5ACB 
 103 013f EACC 9D4E 		.ascii	"\352\314\235N&\\u\t\256\257\226\372&6WG\310|c\257\365kD\201,"
 103      265C 7509 
 103      AEAF 96FA 
 103      2636 5747 
 103      C87C 63AF 
 104 0158 811A 3150 		.ascii	"\201\0321P\327x27\2510/\272\365c\t\247\317\322\237\235\327\323"
 104      D778 3237 
 104      A930 2FBA 
 104      F563 09A7 
 104      CFD2 9F9D 
 105 016e 9943 8DEE 		.ascii	"\231C\215\356:\355\253\226\204\234\331\273\333\225z\220\020\271"
 105      3AED AB96 
 105      849C D9BB 
 105      DB95 7A90 
 105      10B9 
 106 0180 739C 0F1E 		.ascii	"s\234\017\036Qw\337\350_\200&B\371\n\233@\005Dcs :\252\205#\207"
 106      5177 DFE8 
 106      5F80 2642 
 106      F90A 9B40 
 106      0544 6373 
 107 019a 3AFF 1A4A 		.ascii	":\377\032J\307c\272\267\262\360=\3151%\262\207Tv\314\322\331"
 107      C763 BAB7 
 107      B2F0 3DCD 
 107      3125 B287 
 107      5476 CCD2 
 108 01af D8FE A11A 		.ascii	"\330\376\241\032\240^\236pF\217\021;\025<%\035\301c\375~\374"
 108      A05E 9E70 
 108      468F 113B 
 108      153C 251D 
 108      C163 FD7E 
 109 01c4 14BB A864 		.ascii	"\024\273\250d%\351\324w\202\006i\375\350T\341\362\371|\361\352"
 109      25E9 D477 
 109      8206 69FD 
 109      E854 E1F2 
 109      F97C F1EA 
 110 01d8 C530 5F2C 		.ascii	"\3050_,\024\212W\302K\305kS\307\363\362\033\333\202\314="
 110      148A 57C2 
 110      4BC5 6B53 
 110      C7F3 F21B 
 110      DB82 CC3D 
 111               		.text
 112               		.section	.gnu.lto_host_keyboard_send.df57feb7061bf752,"",@progbits
 113 0000 789C 9594 		.string	"x\234\225\224MHTQ\024\307\357\377\336\367\345|\344\030D\024.\004\003qaC\353\026m\333\326*
 113      4D48 5451 
 113      14C7 EFFF 
 113      DEF7 E57C 
 113      E418 4414 
 114 00c6 4F7A 9B5B 		.string	"Oz\233[\350\365\363P\"D\303\376\304\367q\250\203\020\324_\274\265\365\331\251\033\320:\24
 114      E8F5 F350 
 114      2244 C3FE 
 114      C4F7 71A8 
 114      8310 D45F 
 115 01b9 2688 609C 		.ascii	"&\210`\234\225\351\345\265\311\261\244\023nH"
 115      95E9 E5B5 
 115      C9B1 A413 
 115      6E48 
 116 01c7 A820 1E11 		.string	"\250 \036\021N\336=)|F\256\274\271\351\306-L\"\234\227\\D\244\021\366x\277\241\f\004\025\
 116      4EDE 3D29 
 116      7C46 AEBC 
 116      B9E9 C62D 
 116      4C22 9C97 
 117 02c8 DC57 7FAD 		.ascii	"\334W\177\255"
 118               		.text
 119               		.section	.gnu.lto_host_mouse_send.df57feb7061bf752,"",@progbits
 120 0000 789C 6D52 		.string	"x\234mR\315k\023Q\020\237\337{/\2335\255\230\213\b\245\207\202\207\322\203\256\202 (\375#
 120      CD6B 1351 
 120      109F DF7B 
 120      2F9B 35AD 
 120      988B 08A5 
 121 007c 0DD8 0795 		.string	"\r\330\007\225\214u(a\317\034\030\254\335\332\251\233\201Y\226\365)\372~\216\347\032\210,
 121      8C75 2861 
 121      CF1C 18AC 
 121      DDDA A99B 
 121      8159 96F5 
 122 00cd 2B7C 9847 		.ascii	"+|\230G/\346\320K\222\"<D\277\226\177Y9\274\177\334\033W\371"
 122      2FE6 D04B 
 122      9222 3C44 
 122      BF96 7F59 
 122      39BC 7FDC 
 123 00e4 BE44 148F 		.ascii	"\276D\024\217\340i\177\313W\032\334\351T\230_\235_8\355[A9iA"
 123      E069 7FCB 
 123      571A DCE9 
 123      5498 5F9D 
 123      5F38 ED5B 
 124 00fc 609E 8429 		.ascii	"`\236\204)\242\246\024kC-c\364\264;(O\2666\357Y\305W\254\025"
 124      A2A6 146B 
 124      432D 63F4 
 124      B43B 284F 
 124      B636 EF59 
 125 0114 EEC9 686D 		.ascii	"\356\311hm+\255.\275\330Y\275\376\363c\272t\300\023\314Y\311"
 125      2BAD 2EBD 
 125      D859 BDFE 
 125      F363 BA74 
 125      C013 CC59 
 126 0129 DD96 2E35 		.ascii	"\335\226.5\275\273\261\375:SCu\214\343\274\303\222\214fQl\022"
 126      BDBB B1FD 
 126      3A53 4375 
 126      8CE3 BCC3 
 126      928C 6651 
 127 013f 9651 037D 		.ascii	"\226Q\003}\306\370\207\312\360\177X\035\b\217\265\216\324\204"
 127      C6F8 87CA 
 127      F07F 581D 
 127      088F B58E 
 127      D484 
 128 0151 A5A9 41F5 		.ascii	"\245\251A\365\320nn\265RZ\375w\251\215\r\354\277y;\321}\244\304"
 128      D06E 6EB5 
 128      525A FD77 
 128      A98D 0DEC 
 128      BF79 3BD1 
 129 0168 17A5 8B74 		.ascii	"\027\245\213tEHV\224B^\247\277\225\227\322\301\231\310\372x\""
 129      4548 5694 
 129      425E A7BF 
 129      9597 D2C1 
 129      99C8 FA78 
 130 017d BA87 F107 		.ascii	"\272\207\361\007\300S\004\362\366\262vg>\243D>\f\236\t@\204^"
 130      C053 04F2 
 130      F6B2 7667 
 130      3EA3 443E 
 130      0C9E 0940 
 131 0193 B4DE 0F25 		.ascii	"\264\336\017%\256\274\177\271/\013\3671q\233\330\373\303\275"
 131      AEBC 7FB9 
 131      2F0B F731 
 131      719B D8FB 
 131      C3BD 
 132 01a5 A86F DC25 		.ascii	"\250o\334%\323\303j\254\240c\306s\004\364\003N\251H\270d\273"
 132      D3C3 6AAC 
 132      A063 C673 
 132      04F4 034E 
 132      A948 B864 
 133 01ba C866 E29E 		.ascii	"\310f\342\236\\<\330]\224\263\311\317\320\024\204d\304\331\251"
 133      5C3C D85D 
 133      94B3 C9CF 
 133      D014 8464 
 133      C4D9 A9
 134 01cd 62FE FAD5 		.ascii	"b\376\372\325\\X\030\tra>\037\336\b\256\2057\213gs\344\025FF"
 134      5C58 1809 
 134      7261 3E1F 
 134      DE08 AE85 
 134      378B 6773 
 135 01e5 C342 F137 		.ascii	"\303B\3617\337\006\312\255"
 135      DF06 CAAD 
 136               		.text
 137               		.section	.gnu.lto_host_system_send.df57feb7061bf752,"",@progbits
 138 0000 789C 9552 		.string	"x\234\225R\315KTQ\024?\277\373\361\336s4\234M\004\341Bh!n\232\\Gn\372\013\354\037\b\032\2
 138      CD4B 5451 
 138      143F BFFB 
 138      F1DE 7334 
 138      9C4D 04E1 
 139 00c5 7D1C C4F6 		.ascii	"}\034\304\366\332\335\355\257A\337\224s\025\347\306\216:\035"
 139      DADD EDAF 
 139      41DF 9473 
 139      15E7 C68E 
 139      3A1D 
 140 00d7 6A8D FBD0 		.ascii	"j\215\373\320\214\207{\350\301\fz\210C\204\007\350\223\364/\321"
 140      8C87 7BE8 
 140      C10C 7A88 
 140      4384 07E8 
 140      93F4 2FD1 
 141 00eb DECD 235E 		.ascii	"\336\315#^M\350{\023R<\204'\355\316\237k\270v\273\352\\4\260"
 141      4DE8 7B13 
 141      523C 8427 
 141      EDCE 9F6B 
 141      B876 BBEA 
 142 0102 78A2 4373 		.ascii	"x\242Cs\2251\2202\217M\353\363\342\0215\271B\332j)%\273\336@"
 142      9531 9032 
 142      8F4D EBF3 
 142      E211 35B9 
 142      42DA 6A29 
 143 011a 65BC F5AE 		.ascii	"e\274\365\256l\005\244\2525\023\214\207Ko|\221\352\307\362\352"
 143      6C05 A4AA 
 143      3513 8C87 
 143      4B6F 7C91 
 143      EAC7 F2EA 
 144 012e F59F 1FFD 		.ascii	"\365\237\037\375\322\256\033q.\315\261QnU\302\233\253k/R\223"
 144      D2AE 1B71 
 144      2ECD B151 
 144      6E55 C29B 
 144      AB6B 2F52 
 145 0143 9828 BB38 		.ascii	"\230(\2738\2561\307\3673\313Z\t\363\230\004}F\355C\365\302>j"
 145      AE31 C7F7 
 145      33CB 5A09 
 145      F398 047D 
 145      46ED 43F5 
 146 015a 559B F86E 		.ascii	"U\233\370nZJ\323\312\240p\336\212\336\227}9=\004\303\243?\f\021"
 146      5A4A D3CA 
 146      A070 DE8A 
 146      DE97 7D39 
 146      3D04 C3A3 
 147 0171 3308 A688 		.ascii	"3\b\246\210\217\326\307tB\343\375->8@|0\252q\020\264\305\023"
 147      8FD6 C774 
 147      42E3 FD2D 
 147      3E38 407C 
 147      30AA 7110 
 148 0188 867E 1C43 		.ascii	"\206~\034C?\375_\374?\250\026\204\005\311\213\2331T\033\220f"
 148      3FFD 5FFC 
 148      3FA8 1684 
 148      05C9 8B9B 
 148      3154 1B90 
 149 019d 165B EB43 		.ascii	"\026[\353CI\262\317\311;\313\257F\272\366\301\335i\276\365\016"
 149      49B2 CFC9 
 149      3BCB AF46 
 149      BAF6 C1DD 
 149      69BE F50E 
 150 01b1 0649 AAF8 		.ascii	"\006I\252\370t\352[e\316\317\314\312\231\353\344\027\3013&\334"
 150      74EA 5B65 
 150      CECF CCCA 
 150      99EB E417 
 150      C133 26DC 
 151 01c5 8BFF 0E9E 		.ascii	"\213\377\016\236#C\337a\004\212\030\213\247\tu*\246\262\361c"
 151      2343 DF61 
 151      048A 188B 
 151      A709 752A 
 151      A6B2 F163 
 152 01d9 6DA2 924E 		.ascii	"m\242\222N~YSA\"\\w\254\230\273t>\233/\fg\262\371\\.\1779s1\177"
 152      7E59 5341 
 152      225C 77AC 
 152      98BB 743E 
 152      9B2F 0C67 
 153 01f6 B578 324B 		.ascii	"\265x2K^a\370J\276P\374\r\311\361\353\241"
 153      5E61 F84A 
 153      BE50 FC0D 
 153      C9F1 EBA1 
 154               		.text
 155               		.section	.gnu.lto_host_consumer_send.df57feb7061bf752,"",@progbits
 156 0000 789C 9552 		.string	"x\234\225RKkSA\024>\337<\356\275M+\315F\004\351\242\340\242tc\354Z\354\306_`\377\200`(\b\
 156      4B6B 5341 
 156      143E DF3C 
 156      EEBD 4D2B 
 156      CD46 04E9 
 157 008a 5450 DA58 		.ascii	"TP\332X\024\260\253\366\025Vnl\325\325\340\274\343\361)\374q"
 157      14B0 ABF6 
 157      1556 6E6C 
 157      D5D5 E0BC 
 157      E3F1 29FC 
 158 009f C62D 3410 		.ascii	"\306-4\020j\242\216\212\030\t\363\030\344\254W\235\275F\357\216"
 158      6AA2 8E8A 
 158      1809 F318 
 158      E4AC 579D 
 158      BD46 EF8E 
 159 00b3 0A35 2045 		.ascii	"\n5 Eo[\033S\335\342*$\331\235\t\177\326\240O\202\330\336\234"
 159      6F5B 1B53 
 159      DDE2 2A24 
 159      D99D 097F 
 159      D6A0 4F82 
 160 00ca DBFD 1A0C 		.ascii	"\333\375\032\f\314:Wrn\342\270\323\241\326\270\017\315x\270\207"
 160      CC3A 5772 
 160      6EE2 B8D3 
 160      A1D6 B80F 
 160      CD78 B887 
 161 00de 3E2C A08F 		.ascii	">,\240\2178Dx\200\001I\377R=\2308\346U\204\276?&\305Cx\322\356"
 161      3844 7880 
 161      0149 FF52 
 161      3D98 38E6 
 161      5584 BE3F 
 162 00f8 F248 C375 		.ascii	"\362H\303u:e\347jC\353\247\2724W\031\003)\363\330\264>/\036Q"
 162      3A65 E76A 
 162      43EB A7BA 
 162      3457 1903 
 162      29F3 D8B4 
 163 0110 8B2B A4AD 		.ascii	"\213+\244\255\266R\262\353-\224&\333\037\212V@\312Z3\301d\270"
 163      B652 B2EB 
 163      2D94 26DB 
 163      1F8A 5640 
 163      CA5A 33C1 
 164 0126 F2C6 17A9 		.ascii	"\362\306\027\251~$\257^\377\376\336/\354\2731\347\222\034\033"
 164      7E24 AF5E 
 164      FFFE DE2F 
 164      ECBB 31E7 
 164      921C 1B
 165 0139 E756 25BC 		.ascii	"\347V%\274\275\261\37121\215\251\242\213\342\032K|?\213\254\225"
 165      BDB1 F932 
 165      318D A9A2 
 165      8BE2 1A4B 
 165      7C3F 8BAC 
 166 014e B08C 69D0 		.ascii	"\260\214i\320gT\336\225/\035\242\226\265\211\356\246\2554\255"
 166      6754 DE95 
 166      2F1D A296 
 166      B589 EEA6 
 166      AD34 AD
 167 0161 0D0B E79D 		.ascii	"\r\013\347\235\352\307\031_N\377\203\341\321o\206*3\b\246\210"
 167      EAC7 195F 
 167      4EFF 83E1 
 167      D16F 862A 
 167      3308 A688 
 168 0175 AF36 6FE9 		.ascii	"\2576o\351\230\306\373S|p\204\370`\\\343(h\213'\f\3758\202~\372"
 168      98C6 FB53 
 168      7C70 84F8 
 168      605C E328 
 168      688B 270C 
 169 018e AFF8 BF50 		.ascii	"\257\370\277P-\b5\311\213\2321T\031\222f^\264\233\027\342d\237"
 169      2D08 35C9 
 169      8B9A 3154 
 169      1992 665E 
 169      B49B 17E2 
 170 01a4 93F7 56D7 		.ascii	"\223\367V\327\307z\016\301\335Y\276\365.\006\211\253\370t\266"
 170      C77A 0EC1 
 170      DD59 BEF5 
 170      2E06 89AB 
 170      F874 B6
 171 01b7 595A F253 		.ascii	"YZ\362S\213r\346\272\371E\360\214\t\017\242\277\203\347H\321"
 171      8B72 E6BA 
 171      F945 F08C 
 171      090F A2BF 
 171      83E7 48D1 
 172 01cb 3718 8122 		.ascii	"7\030\201\"\306\342iB\235\210\250l\364X\333(%\343_\326R\220\b"
 172      C6E2 6942 
 172      9D88 A86C 
 172      F458 DB28 
 172      25E3 5FD6 
 173 01e2 D79D C867 		.ascii	"\327\235\310g\256\\Lgs\243\251t6\223\311^M]\316^\317\237N\223"
 173      AE5C 4C67 
 173      73A3 A974 
 173      3693 C95E 
 173      4D5D CE5E 
 174 01fa 971B BD96 		.ascii	"\227\033\275\226\315\345\177\001[,\353\375"
 174      CDE5 7F01 
 174      5B2C EBFD 
 175               		.text
 176               		.section	.gnu.lto_host_last_system_report.df57feb7061bf752,"",@progbits
 177 0000 789C 2D50 		.ascii	"x\234-P=K\003A\020\2357\033\222\240\210\351TL\241e\032\323\370"
 177      3D4B 0341 
 177      109D 371B 
 177      92A0 88E9 
 177      544C A165 
 178 0017 43C4 3F60 		.ascii	"C\304?`q\b\202\234\007\232\376&\211\013\332\331\230.\244\214"
 178      7108 829C 
 178      079A FE26 
 178      890B DAD9 
 178      982E A48C 
 179 002b 9F48 B04A 		.ascii	"\237H\260J\027D\273\240(\244\262Q\013\213`q\242\222B\3429#\016"
 179      1744 BBA0 
 179      28A4 B251 
 179      0B8B 6071 
 179      A292 42E2 
 180 0042 3C76 66F6 		.ascii	"<vf\366\315\233\267\233!\220\305\267bN1\257\200#\360\301-Q5\317"
 180      CD9B B79B 
 180      2190 C5B7 
 180      624E 31AF 
 180      8023 F0C1 
 181 005a 8025 9207 		.ascii	"\200%\222\007\305\214\030_<f\334\244\243\336\364'{\243i\371\220"
 181      C58C 185F 
 181      3C66 DCA4 
 181      A3DE F427 
 181      7BA3 69F9 
 182 006f F49B 9356 		.ascii	"\364\233\223V\002\005-\317F\227\203L\251-R\223'\377\261r/~\326"
 182      0205 2DCF 
 182      4697 834C 
 182      A92D 5293 
 182      27FF B172 
 183 0086 3BA6 9409 		.ascii	";\246\224\tG(\242\215\242\2558F\211\224\374\322\3719\234\312"
 183      4728 A28D 
 183      A2AD 3846 
 183      8994 FCD2 
 183      F939 9CCA 
 184 009a EE8A C682 		.ascii	"\356\212\306\202Q\364\346\004Y\263t\261\332\2234\255\213t\026"
 184      51F4 E604 
 184      59B3 74B1 
 184      DA93 34AD 
 184      8B74 16
 185 00ad A1E3 2641 		.ascii	"\241\343&A\211\302\354\2743\333\351^Qk</\333D\335\231\223\206"
 185      89C2 ECBC 
 185      33DB E95E 
 185      516B 3C2F 
 185      DB44 DD99 
 186 00c3 BFBA CB99 		.ascii	"\277\272\313\231\023\007\023\357v\337\036s\361X\366D\n\332\333"
 186      1307 13EF 
 186      76DF 1E73 
 186      F158 F644 
 186      0ADA DB
 187 00d6 772A ABED 		.ascii	"w*\253\355a\177p=\321B\263*\177}u\254\017;5[8G\0134\004\377K"
 187      617F 703D 
 187      D142 B32A 
 187      7F7D 75AC 
 187      0F3B 355B 
 188 00f1 DAC7 240C 		.ascii	"\332\307$\f\333\245\371L%\334\\\013\242\355\365r\020\205a\264"
 188      DBA5 F94C 
 188      25DC 5C0B 
 188      A2ED F572 
 188      1085 61B4 
 189 0105 55DE 8876 		.ascii	"U\336\210v*K\001\375\002\262\365a\263"
 189      2A4B 01FD 
 189      02B2 F561 
 189      B3
 190               		.text
 191               		.section	.gnu.lto_host_last_consumer_report.df57feb7061bf752,"",@progbits
 192 0000 789C 2D50 		.ascii	"x\234-P=K\003A\020\2357\033\222\240\210\351TL\241e\032S\371?"
 192      3D4B 0341 
 192      109D 371B 
 192      92A0 88E9 
 192      544C A165 
 193 0018 C43F 6071 		.ascii	"\304?`q\b\202\234\007\232\376&\211\007\332\331\230.\244\214\237"
 193      0882 9C07 
 193      9AFE 2689 
 193      07DA D998 
 193      2EA4 8C9F 
 194 002c 8888 45BA 		.ascii	"\210\210E\272\020L\027\024\205Ti\242\205E\2608QI!\361\234\021"
 194      104C 1714 
 194      8554 69A2 
 194      8545 B038 
 194      5149 21F1 
 195 0042 071E 3B33 		.ascii	"\007\036;3\373\346\315\333M\021\310\342[\261\240XT\300\021\370"
 195      FBE6 CDDB 
 195      4D11 C8E2 
 195      5BB1 A058 
 195      54C0 11F8 
 196 0056 E89E A89C 		.ascii	"\350\236\250\234e\300\022\311\202BF\210/\2360\272\311\270=\373"
 196      65C0 12C9 
 196      8242 4688 
 196      2F9E 30BA 
 196      C9B8 3DFB 
 197 006a C991 D1B4 		.ascii	"\311\221\321\264|\212{\365i+\201\234\226\027\343\233~\252\320"
 197      7C8A 7BF5 
 197      692B 819C 
 197      9617 E39B 
 197      7EAA D0
 198 007d 14A9 C8B0 		.ascii	"\024\251\310\260\373\261\366(\321|\344\230\022&\234 \217&\362"
 198      FBB1 F628 
 198      D17C E498 
 198      1226 9C20 
 198      8F26 F2
 199 0090 B6E2 1405 		.ascii	"\266\342\024\005R\362\313\365\317\361Lz_4\226\214\2427gH\233"
 199      52F2 CBF5 
 199      CFF1 4C7A 
 199      5F34 968C 
 199      A237 6748 
 200 00a5 A5AB F5B6 		.ascii	"\245\253\365\266$IU\344v\031:n\022\024+\314\316;\263\235\356"
 200      2449 55E4 
 200      7619 3A6E 
 200      1214 2BCC 
 200      CE3B B39D 
 201 00ba 1595 DAF3 		.ascii	"\025\225\332\363\252MT\2359\251E\235\207\2149q0\361V\353m\220"
 201      AA4D 549D 
 201      39A9 459D 
 201      878C 3971 
 201      30F1 56EB 
 202 00d0 0927 7220 		.ascii	"\t'r \222\323\336\241SYm\217z\375\273\251\006\352e\371\353\253"
 202      92D3 DEA1 
 202      5359 6D8F 
 202      7AFD BBA9 
 202      06EA 65F9 
 203 00e6 637D D8B9 		.ascii	"c}\330\271\331\302%\032\240\021\370_\322>&f\330.\315\347J\376"
 203      D9C2 251A 
 203      A011 F85F 
 203      D23E 2666 
 203      D82E CDE7 
 204 00fc F686 17EC 		.ascii	"\366\206\027\354n\026\275\300\367\203\235\342V\260WZ\361\350"
 204      6E16 BDC0 
 204      F783 9DE2 
 204      56B0 575A 
 204      F1E8 
 205 010e 17EF 3A61 		.ascii	"\027\357:a\370"
 205      F8
 206               		.text
 207               		.section	.gnu.lto_.symbol_nodes.df57feb7061bf752,"",@progbits
 208 0000 789C 558E 		.ascii	"x\234U\216;\016\302@\fD\337z\275\220\210\n\016\200\340\244NE"
 208      3B0E C240 
 208      0C44 DF7A 
 208      BD90 880A 
 208      0E80 E0A4 
 209 0016 8DC4 39A8 		.ascii	"\215\3049\250\350\350i\341\022\210\377\177i\221H\b\215\253'\317"
 209      E8E8 69E1 
 209      1288 FF7F 
 209      6991 4808 
 209      8DAB 27CF 
 210 002a 68C6 A304 		.ascii	"h\306\243\004\372\001\220#\006\3235\r\226\325\030\322\016\252"
 210      FA01 9023 
 210      06D3 350D 
 210      96D5 18D2 
 210      0EAA 
 211 003c 0144 3961 		.ascii	"\001D9a\301Yr\306\304+\027,z\345\212\251/\314\204Q\375*\275\221"
 211      C159 72C6 
 211      C42B 172C 
 211      7AE5 8AA9 
 211      2FCC 8451 
 212 0054 8672 C392 		.ascii	"\206r\303\222\317\334\261\216\317\354\211\355\210\007\326\365"
 212      CFDC B18E 
 212      CFEC 89ED 
 212      8807 D6F5 
 213 0064 D601 6DAD 		.ascii	"\326\001m\255'V\370\236\027V:E#\263\3176\240\312\342\307D\236"
 213      2756 F89E 
 213      1756 3A45 
 213      23B3 CF36 
 213      A0CA E2C7 
 214 007a AC86 68F1 		.ascii	"\254\206h\361\277K\362|S\263\327\222/hSD\237"
 214      BF4B F27C 
 214      53B3 D792 
 214      2F68 5344 
 214      9F
 215               		.text
 216               		.section	.gnu.lto_.refs.df57feb7061bf752,"",@progbits
 217 0000 789C 15C9 		.ascii	"x\234\025\311\331\025\200@\fB\321\207\311\270\214\243]\331\177"
 217      D915 8040 
 217      0C42 D187 
 217      C9B8 8CA3 
 217      5DD9 7F
 218 0013 4B42 3EEE 		.ascii	"KB>\356\001\322\210\017\254|[\254\320\246\206a/\216\2413\375"
 218      01D2 880F 
 218      AC7C 5BAC 
 218      D0A6 8661 
 218      2F8E A133 
 219 0028 624A D3FF 		.ascii	"bJ\323\377\256\233%\255D=Y_w~*\266\001\032"
 219      AE9B 25AD 
 219      443D 595F 
 219      777E 2AB6 
 219      011A 
 220               		.text
 221               		.section	.gnu.lto_.decls.df57feb7061bf752,"",@progbits
 222 0000 789C 9D58 		.string	"x\234\235X{LTW\032\237s\317"
 222      7B4C 5457 
 222      1A9F 73CF 
 222      00
 223 000d C3F0 F231 		.string	"\303\360\3621VM\320m\033\232\220lW\254\2334\333M6\331t\3234\215\261\232f\267\373\347\204\
 223      564D D06D 
 223      1B9A 906C 
 223      57AC 9B34 
 223      DB4D 36D9 
 224 0090 F900      		.string	"\371"
 225 0092 E40B 902F 		.string	"\344\013\220/A\276\002Y\t\262\nd\r\3107 n\200\375'<\277\005\331\f\362=\310\017H\243\372\3
 225      41BE 0259 
 225      09B2 0A64 
 225      0DC8 3720 
 225      6E80 FD27 
 226 00ba B218 FA7E 		.string	"\262\030\372~\3448\3041\210s)\177\304\006\355\257\214\373\203\213q\304nw>'2\306\213\217[\
 226      E438 C431 
 226      8873 297F 
 226      C406 EDAF 
 226      8CFB 838B 
 227 012a DA53 2063 		.ascii	"\332S c \023 \363\271-D7v\212\231\362Gb\354\345d['\367\341]>"
 227      2013 20F3 
 227      B92D 4437 
 227      768A 99F2 
 227      4762 ECE5 
 228 0145 F70E 8D3C 		.ascii	"\367\016\215<\377.\r\233\367\r\220\271\\\307W.\346\275r\026n"
 228      FF2E 0D9B 
 228      F70D 90B9 
 228      5CC7 572E 
 228      E6BD 7216 
 229 015a 3BC8 6ACE 		.ascii	";\310j\316_\005\3178E\234*y\214\r\234o%\3671\3111g\356U\377'"
 229      5F05 CF38 
 229      459C 2A79 
 229      8C0D 9C6F 
 229      25F7 31C9 
 230 0174 F71C CEBD 		.ascii	"\367\034\316\275\212s\3770\013\367\032\247\034\264s.\r\347X\303"
 230      8A73 FF30 
 230      0BF7 1AA7 
 230      1CB4 732E 
 230      0DE7 58C3 
 231 0188 39BE 771A 		.ascii	"9\276w\032\367\315o\214\373\206\217s^/S\002*\332\332\237\253"
 231      F7CD 6F8C 
 231      FB86 8F73 
 231      5E2F 5302 
 231      2ADA DA9F 
 232 019d 7B2D 207F 		.ascii	"{- \177=\232F\244\375\244b\334\207\265\311\347\226\301\251\207"
 232      3D9A 46A4 
 232      FDA4 62DC 
 232      87B5 C9E7 
 232      96C1 A987 
 233 01b1 6859 8108 		.ascii	"hY\201\b\277=\242(\b\362\300\334\214\234z\037\354EP\302\231\241"
 233      BF3D A228 
 233      08F2 C0DC 
 233      8C9C 7A1F 
 233      EC45 50C2 
 234 01c7 C72D 02D2 		.ascii	"\307-\002\322\007n\027\305-bm\246\350\276H\203\376\354\217\226"
 234      076E 17C5 
 234      2D62 6DA6 
 234      E8BE 4883 
 234      FEEC 8F96 
 235 01db FB6B 5001 		.ascii	"\373kP\001\n$\\\271h\231\006\345 \177t\002\371k\262\t]O\307\230"
 235      0A24 5CB9 
 235      6899 06E5 
 235      207F 7402 
 235      F96B B209 
 236 01f3 5FA1 28CE 		.ascii	"_\241(\316A\371H\217\362\020\246\0200\323\237,\004\322\t:vu\034"
 236      41F9 488F 
 236      F210 A610 
 236      30D3 9F2C 
 236      04D2 093A 
 237 020a FCC9 B30B 		.ascii	"\374\311\263\013u\"\001i\244\351 \351\201\020\317@\362F\277#"
 237      7522 0169 
 237      A4E9 20E9 
 237      8110 CF40 
 237      F246 BF23 
 238 021e 41C3 278A 		.ascii	"A\303'\212X\027\025\376\340\020\376*\223\321\177\210\277NK?J"
 238      5817 15FE 
 238      E010 FE2A 
 238      93D1 7F88 
 238      BF4E 4B3F 
 239 0233 C23A 652E 		.ascii	"\302:e.\322%8\234GG\321\357\002y\310C\021\343#\375\210[\242$"
 239      D225 389C 
 239      4747 D1EF 
 239      0279 C843 
 239      11E3 23FD 
 240 024b 6676 2B78 		.ascii	"fv+x\221zrH\362\360\235\276\374yx\005\r\303\305\351\321Z?\210"
 240      917A 7248 
 240      F2F0 9DBE 
 240      FC79 7805 
 240      0DC3 C5E9 
 241 0263 CA3C 3D12 		.ascii	"\312<=\022\240y\363\371\325C^\3204\350\321\034h\246U\275ntc_"
 241      A079 F3F9 
 241      D543 5ED0 
 241      34E8 D11C 
 241      68A6 55BD 
 242 027b 75D0 EC7F 		.ascii	"u\320\354\177{\262\322\2275\335\241Y\327u\351\225\036\177Ny\216"
 242      7BB2 D297 
 242      35DD A159 
 242      D775 E995 
 242      1E7F 4E79 
 243 0290 4FBC 7D8E 		.ascii	"O\274}\216\341\323j\210\3664V\204{5\013\367\271\244\256\001="
 243      E1D3 6A88 
 243      F634 5684 
 243      7B35 0BF7 
 243      B9A4 AE01 
 244 02a5 FE9A 06B5 		.ascii	"\376\232\006\265\306\336p\002\243@=\215V\355\036\275( ;\204\352"
 244      C6DE 7002 
 244      A340 3D8D 
 244      56ED 1EBD 
 244      2820 3B84 
 245 02ba 8C1C AAD5 		.ascii	"\214\034\252\325$T4\346-\242\250\207\230\027C\200\213 \300\250"
 245      2454 34E6 
 245      2DA2 A887 
 245      9817 4380 
 245      8B20 C0A8 
 246 02ce 1CA2 BE9A 		.ascii	"\034\242\276\232G\3754t\226A'\320W\306\036}\250\327\202\013)"
 246      47FD 3474 
 246      9641 27D0 
 246      57C6 1E7D 
 246      A8D7 820B 
 247 02e3 5388 96F4 		.ascii	"S\210\226\364=\335\227\223!,J\245JD\361}\204\276}\217\347\216"
 247      3DDD 9793 
 247      212C 4AA5 
 247      4A44 F17D 
 247      84BE 7D8F 
 248 02f9 0655 A245 		.ascii	"\006U\242E\360\177\005\3222\207d\275\263O\371y'8\024\222\357"
 248      F07F 05D2 
 248      3287 64BD 
 248      B34F F979 
 248      2738 1492 
 249 030e 0E9D 1A54 		.ascii	"\016\235\032T\205\274\271\347n\304\025\247c\346\001-4w\026\246"
 249      85BC B9E7 
 249      6EC4 15A7 
 249      63E6 012D 
 249      3477 16A6 
 250 0322 367B E17F 		.ascii	"6{\341\177\323\031^9V9\351\315>\271As\333\321\013\343>8\204~"
 250      D319 5E39 
 250      5639 E9CD 
 250      3EB9 4173 
 250      DBD1 0BE3 
 251 033a CA3B DA73 		.ascii	"\312;\332s\330\023>-\004\347\220vMkO\272\236\265\305\037\241"
 251      D813 3E2D 
 251      04E7 9076 
 251      4D6B 4FBA 
 251      9EB5 C51F 
 252 034f DD7A 77A2 		.ascii	"\335zw\242V\207\303\250sJ\317\246\236\363t8\347m\374{\242\250"
 252      5687 C3A8 
 252      734A CFA6 
 252      9EF3 7438 
 252      E76D FC7B 
 253 0365 43F5 30A9 		.ascii	"C\3650\251:\331=\013\271{D\247%q\001\234\263\220;\347<X_\313"
 253      3AD9 3D0B 
 253      B97B 44A7 
 253      2571 019C 
 253      B390 3BE7 
 254 037d 9C53 F7B2 		.ascii	"\234S\367\262\370\004\267\214D\246:\241iR\207\327S\313\322*\343"
 254      F804 B78C 
 254      44A6 3AA1 
 254      6952 87D7 
 254      53CB D22A 
 255 0392 B7E8 7124 		.ascii	"\267\350q$}O\331Vt\022a3}o\317I\335%\340\357\350{\311\205\321"
 255      7D4F D956 
 255      7412 6133 
 255      7D6F CF49 
 255      DD25 E0EF 
 256 03ab 3BDE 3806 		.ascii	";\3368\006\321F\361\201\321n\342h\324\2100sIUyu\203\033K\231"
 256      D146 F181 
 256      D16E E268 
 256      D488 3073 
 256      4955 7975 
 257 03c3 E5D0 6C7E 		.ascii	"\345\320l~\265c\257\027\336N\321\272\335/.7\t(\200\376\002\347"
 257      B563 AF17 
 257      DE4E D1BA 
 257      DD2F 2E37 
 257      0928 80FE 
 258 03d9 67D1 D579 		.ascii	"g\321\325y\272qUkl\214X\274\234\316\252\001f\325\216\346K3\270"
 258      BA71 556B 
 258      6C8C 58BC 
 258      9CCE AA01 
 258      66D5 8EE6 
 259 03f0 48FD FD09 		.ascii	"H\375\375\t\331B(\272\266,Q\220\240\227\324\320\"gh\245\f\275"
 259      D942 28BA 
 259      B62C 5190 
 259      A097 D4D0 
 259      2267 68A5 
 260 0406 A686 9E53 		.ascii	"\246\206\236SA\241\220\034fP"
 260      41A1 901C 
 260      6650 
 261 0410 5220 AEA8 		.string	"R \256\250\241AN\310\022\031yY\215\\\356\244\336.\253\257Q#\253e\365,\252\007\233\275IT\0
 261      A141 4EC8 
 261      1219 7959 
 261      8D5C EEA4 
 261      DE2E ABAF 
 262 0511 F6A1 79D2 		.ascii	"\366\241y\322 \202\336\223\266\355\2107n`z\272/\267\024\371\342"
 262      2082 DE93 
 262      B6ED 8837 
 262      6E60 7ABA 
 262      2FB7 14F9 
 263 0526 EBB4 E136 		.ascii	"\353\264\3416T]2\350\201\244\305\003\351\330\332d\210\023k\317"
 263      545D 32E8 
 263      81A4 C503 
 263      E9D8 DA64 
 263      8813 6BCF 
 264 053a 33C2 8710 		.ascii	"3\302\207\020\200G.R\027\\xk%\311G\320\205\036p\240d\201\323"
 264      8047 2E52 
 264      175C 786B 
 264      25C9 47D0 
 264      851E 70A0 
 265 0551 DA01 DEB6 		.ascii	"\332\001\336\266\235\2164\357W\263."
 265      9D8E 34EF 
 265      57B3 2E
 266 055c 77CA DDAA 		.string	"w\312\335\252&\201$\300\243_\311\335\036Ps\212jx\304s\353\027\310\255\001\310\245!\220A9Y
 266      2681 24C0 
 266      A35F C9DD 
 266      1E50 738A 
 266      6A78 C473 
 267 065d C63A DE84 		.ascii	"\306:\336\204c\350\f\t\341s \236F\006y\016\3166T4\37124\304\036"
 267      63E8 0C09 
 267      E173 209E 
 267      4606 790E 
 267      CE36 5434 
 268 0676 3DE6 6829 		.ascii	"=\346h)#\024\350\344Y<\202\206I\325%\003\210GD!\020\275\003o"
 268      2314 E8E4 
 268      593C 8286 
 268      49D5 2503 
 268      8847 4421 
 269 068e C408 0168 		.ascii	"\304\b\001hJU\f\313\233h\035\007\240\322v\246\277\263I`\372\351"
 269      4A55 0CCB 
 269      9B68 1D07 
 269      A0D2 76A6 
 269      BFB3 4960 
 270 06a4 4A71 A19C 		.ascii	"Jq\241\234\354\375\305\225\217=\3603V\260\247\312\307F|\221!"
 270      ECFD C595 
 270      8F3D F033 
 270      56B0 A7CA 
 270      C746 7C91 
 271 06b9 D095 5128 		.ascii	"\320\225Q(\016l"
 271      0E6C 
 272 06bf F96D BBA6 		.string	"\371m\273\246\232h\221\216\025\fh\213\340(\322\304L\252rg\362\235:\255\262x\022\240\234\2
 272      9A68 918E 
 272      150C 688B 
 272      E028 D2C4 
 272      4CAA 7267 
 273 07c0 A35E BEA8 		.ascii	"\243^\276\250/\373H\2337\256\242>\025*\263\017"
 273      2FFB 489B 
 273      37AE A23E 
 273      152A B30F 
 274 07d0 747B 3A1F 		.string	"t{:\037D\244Y\240\375`\374\357\231\bS\230\344\003\211\262\017\340\251rj\023\365T\353\335\
 274      44A4 59A0 
 274      FD60 FCEF 
 274      9908 5398 
 274      E403 89B2 
 275 08a8 9F23 3D48 		.ascii	"\237#=H\032dG\266\240g\267\271Z\261\347}\244q\314\220\364k\320"
 275      1A64 47B6 
 275      A067 B7B9 
 275      5AB1 E77D 
 275      A471 CC90 
 276 08bf 71C8 8313 		.ascii	"q\310\203\023\220\007i\220\027\342sD{\025W-\003\273j]\273\330"
 276      9007 6990 
 276      17E2 7344 
 276      7B15 572D 
 276      03BB 6A5D 
 277 08d5 BADF      		.ascii	"\272\337"
 278 08d7 03A7 53FD 		.string	"\003\247S\375\332\214G\273j\364D\203'H Q\221/xj\342\231\212LY\005:\t\351D>iP\036h)\220\26
 278      DA8C 47BB 
 278      6AF4 4483 
 278      2748 2051 
 278      912F 786A 
 279 09d8 467C 305A 		.ascii	"F|0Z>Z\221\243D\r\354\2273l`\214\007L\244\034\002@I\231<[\274"
 279      3E5A 91A3 
 279      440D EC97 
 279      336C 608C 
 279      074C A41C 
 280 09f3 0909 89F7 		.ascii	"\t\t\211\3679\210\367Y\260\253V\216/\2371\234\241\250m\263\252"
 280      3988 F759 
 280      B0AB 568E 
 280      2F9F 319C 
 280      A1A8 6DB3 
 281 0a08 23C7 D85D 		.ascii	"#\307\330]\351\371Z\334M3L\2701Y7\354!\035\035\324\272\320\005"
 281      E9F9 5ADC 
 281      4D33 4CB8 
 281      3159 37EC 
 281      211D 1DD4 
 282 0a1f 50E1 4A1D 		.ascii	"P\341J\035\277\326\221\242Z\007\220\363r\021 \223\240z\356e\334"
 282      BFD6 91A2 
 282      5A07 90F3 
 282      7211 2093 
 282      A07A EE65 
 283 0a34 3BE0 ABAC 		.ascii	";\340\253\254Ru\016\2034\250^U\245n\034\3352\214\244\272x\353"
 283      5275 0E83 
 283      34A8 5E55 
 283      A56E 1CDD 
 283      328C A4BA 
 284 0a4a 4F1D 525D 		.ascii	"O\035R]\004\024\312\222\251\263\224\365\345\"\255/C\017n\225"
 284      0414 CA92 
 284      A9B3 94F5 
 284      E522 AD2F 
 284      430F 6E95 
 285 0a5e 79E2 3EB6 		.ascii	"y\342>\266vv\355Hy\340\311\253Tk'xB$\307cr|h\220I\032\224$\227"
 285      7676 ED48 
 285      79E0 C9AB 
 285      546B 2778 
 285      4224 C763 
 286 0a7b 2849 7F4D 		.ascii	"(I\177M\374\317\030\2170\222\222\202\230Q^\243k\355\r\022\t\271"
 286      FCCF 188F 
 286      3092 9282 
 286      9851 5EA3 
 286      6BED 0D12 
 287 0a91 285E 9649 		.ascii	"(^\226I.+I\256P\222C5\257\356\373\342mZJR\226P}\320\235\223\334"
 287      2E2B 49AE 
 287      5092 4335 
 287      AFEE FBE2 
 287      6D5A 4A52 
 288 0aac 7690 903F 		.ascii	"v\220\220?\0175\312$\215J\222&J\362\360F\366Kw\274\217\221\234"
 288      0F35 CA24 
 288      8D4A 9226 
 288      4AF2 F046 
 288      F64B 77BC 
 289 0ac3 E929 8B97 		.ascii	"\351)\213\227\2463\246\"\271*\223\\U\222\\\243$\205\211\311\303"
 289      A633 A622 
 289      B92A 935C 
 289      5592 5CA3 
 289      2485 89C9 
 290 0ad8 3A9C C748 		.ascii	":\234\307H\222s\0366\252n\307v\305\271\350\272*\n'Fw\367:\366"
 290      9273 1E36 
 290      AA6E C776 
 290      C5B9 E8BA 
 290      2A0A 2746 
 291 0af0 8A78 1FC7 		.ascii	"\212x\037\307^\001(\324,klVjl"
 291      5E01 28D4 
 291      2C6B 6C56 
 291      6A6C 
 292 0afe A11A 072E 		.string	"\241\032\007.7V\350q\035\323\330\376p\260\315\203\323\244_bf\327j)\313\r\231\345\206\222\
 292      3756 E871 
 292      1DD3 D8FE 
 292      70B0 CD83 
 292      D3A4 5F62 
 293 0bff E431 C82F 		.ascii	"\3441\310/ \017A\206T{G\322\310\246\376\330\230\332^Lkb'x\260"
 293      200F 4186 
 293      547B 47D2 
 293      C8A6 FED8 
 293      98DA 5E4C 
 294 0c18 5FAE 94CB 		.ascii	"_\256\224\313Y\245\034To\036\373\245z\335\255F\007\311\350\273"
 294      59A5 1C54 
 294      6F1E FBA5 
 294      7ADD AD46 
 294      07C9 E8BB 
 295 0c2c 8A7A 5DDA 		.ascii	"\212z]\332N\353\365j=3\327\345I\371\324fG\301\276\355\322\f\345"
 295      4EEB F56A 
 295      3D33 D7E5 
 295      49F9 D466 
 295      47C1 BEED 
 296 0c43 AE94 2ED9 		.ascii	"\256\224.\331q\307%\\A\237\"\241\357\273\264:GA\236&\301\311"
 296      71C7 255C 
 296      419F 22A1 
 296      EFBB B43A 
 296      4741 9E26 
 297 0c59 E572 7678 		.ascii	"\345rvx\227\002\236*\301\357\271dWny\311\022\274\307%\374\230"
 297      9702 9E2A 
 297      C1EF B964 
 297      576E 79C9 
 297      12BC C725 
 298 0c6f 023E 3987 		.ascii	"\002>9\207\303\373\\\302\0253}'\241{]\242W\310\233\324[\003T"
 298      C3FB 5CC2 
 298      1533 7D27 
 298      A17B 5DA2 
 298      57C8 9BD4 
 299 0c86 FB7E F5B6 		.ascii	"\373~\365\266\307x\222\344\200<p\311\304\002\002\373\344\273"
 299      C778 92E4 
 299      803C 70C9 
 299      C402 02FB 
 299      E4BB 
 300 0c98 CA77 17FD 		.ascii	"\312w\027\375\340\252\024h\220\303\016\233\026e~\243\270S\316"
 300      E0AA 1468 
 300      90C3 0E9B 
 300      1665 7EA3 
 300      B853 CE
 301 0cab 88FB F826 		.ascii	"\210\373\370&vC\262\363\r\325\005\230Y;Jo\030of\331Rg.\2167|"
 301      7643 B2F3 
 301      0DD5 0598 
 301      593B 4A6F 
 301      186F 66D9 
 302 0cc5 977B 0D8B 		.ascii	"\227{\r\213\343\025\230\372Rp\374\261\351~j\362\204\017\276C"
 302      E315 98FA 
 302      5270 FCB1 
 302      E97E 6AF2 
 302      840F BE43 
 303 0cd9 D79B D092 		.ascii	"\327\233\320\222r\341c\024h`\nN\223\315o\fF\216\310U\355\r\335"
 303      72E1 6314 
 303      6860 0A4E 
 303      93CD 6F0C 
 303      468E C855 
 304 0cf0 FC66 D582 		.ascii	"\374f\325\202F\201\374W\024\365\275=\233\256#\325J${\340\022"
 304      4681 FC57 
 304      14F5 BD3D 
 304      9BAE 23D5 
 304      4A24 7BE0 
 305 0d05 7B82 1817 		.ascii	"{\202\030\027\253\243\374\0353J^\007-W\343\264\\\035\316\214"
 305      ABA3 FC1D 
 305      334A 5E07 
 305      2D57 E3B4 
 305      5C1D CE8C 
 306 0d19 D94B FE94 		.ascii	"\331K\376\224D\234B\377\034\372\354\340\200\026?b\325\242\365"
 306      449C 42FF 
 306      1CFA ECE0 
 306      8016 3F62 
 306      D5A2 F5
 307 0d2c 6545 A63B 		.ascii	"eE\246;\257\242\323\274\212\022\340\333\031\224\244g\202\\\253"
 307      AFA2 D3BC 
 307      8A12 E0DB 
 307      1994 A467 
 307      825C AB
 308 0d3f 2629 6BED 		.ascii	"&)k\355H\345%/<\305X\n\372'\257\n\234e\317\002\021S\212\251\031"
 308      48E5 252F 
 308      3CC5 580A 
 308      FA27 AF0A 
 308      9C65 CF02 
 309 0d58 1453 12C5 		.ascii	"\024S\022\305;J\221\370\240\034\356\275\212K\025)\3372z\232]"
 309      3B4A 91F8 
 309      A01C EEBD 
 309      8A4B 1529 
 309      DF32 7A9A 
 310 0d6d AAC8 93D4 		.ascii	"\252\310\223\324\310\334\233-z%\270F\365\307\005\02130<\311v"
 310      C8DC 9B2D 
 310      7A25 B846 
 310      F5C7 0511 
 310      3330 3CC9 
 311 0d82 B3AF 69BF 		.ascii	"\263\257i\277\n\\\247\002\307pp\f\005\267\267\r\327\251n\373"
 311      0A5C A702 
 311      C770 700C 
 311      05B7 B70D 
 311      D7A9 6EFB 
 312 0d96 A4FE CBE0 		.ascii	"\244\376\313\340-\034\274\205\202\233\3551\203\252\213\340\230"
 312      2D1C BC85 
 312      829B ED31 
 312      83AA 8BE0 
 312      98
 313 0da7 8A39 9683 		.ascii	"\2129\226\203c)\270\177\370p\243\nlW1\307q0y\352\276\374\372"
 313      6329 B87F 
 313      F870 A30A 
 313      6C57 31C7 
 313      7130 79EA 
 314 0dbe 5FEF FFE3 		.ascii	"_\357\377\343\263\3174\036\321\341Q\266\277\030mK\203\242\255"
 314      B3CF 341E 
 314      D1E1 51B6 
 314      BF18 6D4B 
 314      83A2 AD
 315 0dd1 96A0 88F0 		.ascii	"\226\240\210\360\220\240\340\215\226\240\360\250\320\210\350"
 315      90A0 E08D 
 315      96A0 F0A8 
 315      D088 E8
 316 0de0 3053 90D5 		.ascii	"0S\220\325\026\006\237\227\255\323\370\2553[mF\253\311f\f\263"
 316      1606 9F97 
 316      ADD3 F8AD 
 316      335B 6D46 
 316      ABC9 660C 
 317 0df5 846F 3459 		.ascii	"\204o4Y\274\254\246\2500\243u\263\325f\212\324\021\212O>5\332"
 317      BCAC A6A8 
 317      30A3 75B3 
 317      D566 8AD4 
 317      118A 4F3E 
 318 0e0b F4B4 33D2 		.ascii	"\364\2643\322\034m5\241\215\356\214\027mF\233<B\242m6s\224\325"
 318      1C6D 35A1 
 318      8DEE 8C17 
 318      6D46 9B3C 
 318      42A2 6D36 
 319 0e22 D362 DA60 		.ascii	"\323b\332`\266\330\214\341a\356\033\202C\327\233\302\320\272"
 319      B6D8 8CE1 
 319      61EE 1B82 
 319      43D7 9BC2 
 319      D0BA 
 320 0e34 C5B6 C8F5 		.ascii	"\305\266\310\365\306P\263\305\024\024j\216\2144G\0051\bh\364"
 320      C650 B3C5 
 320      1414 6A8E 
 320      8C34 4705 
 320      3108 68F4 
 321 0e48 E560 4A67 		.ascii	"\345`Jg\264\371P\356\365\246\315!\346`K\230\026^\254:\213\311"
 321      B4F9 50EE 
 321      F5A6 CD21 
 321      E660 4B98 
 321      165E AC3A 
 322 0e5e 6AB2 6C34 		.ascii	"j\262l4\205i#\315aVl\t\376N\033\265\336b\326\206\204\333\254"
 322      8569 23CD 
 322      6156 6C09 
 322      FE4E 1BB5 
 322      DE62 D686 
 323 0e75 5EE4 CDC8 		.ascii	"^\344\315\310(\346r&i0\2209^#LaVF\035\n\006FG\232,K\235-\242"
 323      28E6 7226 
 323      6930 9039 
 323      5E23 4C61 
 323      5646 1D0A 
 324 0e92 3367 B306 		.ascii	"3g\263\006\263|\024M\243m\341l\340e\241\334]k\035\356\232G\333"
 324      B37C 144D 
 324      A36D E16C 
 324      E065 A1DC 
 324      5D6B 1DEE 
 325 0ea9 2AAD 0B67 		.ascii	"*\255\013gt\031\255\266`\233\311\315\370\271\331\034\241]\037"
 325      7419 ADB6 
 325      609B C9CD 
 325      F8B9 D91C 
 325      A15D 1F
 326 0ebc 1C15 EC01 		.ascii	"\034\025\354\001\244\033\314V\223\2275\324b\216\2100F\230C\327"
 326      A41B CC56 
 326      9397 35D4 
 326      628E 8830 
 326      4698 43D7 
 327 0ed0 7B86 066F 		.ascii	"{\206\006o\260\3227]Tt$}\361\375otp\224-:2\b8\300B7Bes\322H\246"
 327      B0D2 375D 
 327      5474 247D 
 327      F1FD 6F74 
 327      7094 2D3A 
 328 0ef0 C88C 62FE 		.ascii	"\310\214b\376$\3559,\2464\206\264\203\215\221\034A\273\230\225"
 328      24ED 392C 
 328      A634 86B4 
 328      838D 911C 
 328      41BB 9895 
 329 0f04 11C1 3290 		.ascii	"\021\3012\2209s\261\334\357\300\263/\356l\306s\035\2527X\314"
 329      3973 B1DC 
 329      EFC0 B32F 
 329      EE6C C673 
 329      1DAA 3758 
 330 0f19 3673 A839 		.ascii	"6s\2509bv_\201G\001\031\031\274\201\360\374'|\255\2379\312d]"
 330      6276 5F81 
 330      4701 1919 
 330      BC81 F0FC 
 330      277C AD9F 
 331 0f31 6706 C785 		.ascii	"g\006\307\205[\203C\"L\276\326\357\340\233%\324\026a\264\254"
 331      5B83 4322 
 331      4CBE D6EF 
 331      E09B 25D4 
 331      1661 B4AC 
 332 0f45 8D0E 67CD 		.ascii	"\215\016g\315\b\322\214\200\346\"\332\f\201d\262\202-\353\330"
 332      08D2 8C80 
 332      E622 DA0C 
 332      8164 B282 
 332      2DEB D8
 333 0f58 1BE4 161F 		.ascii	"\033\344\026\037\266\326\022\274\321d4YC\335\243\314F\307hKp"
 333      B6D6 12BC 
 333      D164 3459 
 333      43DD A3CC 
 333      46C7 684B 
 334 0f6d 844D 4946 		.ascii	"\204MIF\232\204l>q-q\250\321f&\326\330\300\351\013(\2047\214"
 334      9A84 6C3E 
 334      712D 71A8 
 334      D166 26D6 
 334      D8C0 E90B 
 335 0f85 1260 B1E4 		.ascii	"\022`\261\344q0=\324\034f\342\266\223u\242\232\f\204a\246\353"
 335      7130 3DD4 
 335      1C66 E2B6 
 335      9375 A29A 
 335      0C84 61A6 
 336 0f9a 0CB3 79ED 		.ascii	"\f\263y\355\177\017"
 336      7F0F 
 337 0fa0 2C93 6B   		.ascii	",\223k"
 338               		.text
 339               		.section	.gnu.lto_.symtab.df57feb7061bf752,"",@progbits
 340 0000 686F 7374 		.string	"host_set_driver"
 340      5F73 6574 
 340      5F64 7269 
 340      7665 7200 
 341 0010 00        		.string	""
 342 0011 00        		.string	""
 343 0012 00        		.string	""
 344 0013 00        		.string	""
 345 0014 00        		.string	""
 346 0015 00        		.string	""
 347 0016 00        		.string	""
 348 0017 00        		.string	""
 349 0018 00        		.string	""
 350 0019 00        		.string	""
 351 001a 00        		.string	""
 352 001b 1C01 00   		.string	"\034\001"
 353 001e 00        		.string	""
 354 001f 686F 7374 		.string	"host_get_driver"
 354      5F67 6574 
 354      5F64 7269 
 354      7665 7200 
 355 002f 00        		.string	""
 356 0030 00        		.string	""
 357 0031 00        		.string	""
 358 0032 00        		.string	""
 359 0033 00        		.string	""
 360 0034 00        		.string	""
 361 0035 00        		.string	""
 362 0036 00        		.string	""
 363 0037 00        		.string	""
 364 0038 00        		.string	""
 365 0039 00        		.string	""
 366 003a 1F01 00   		.string	"\037\001"
 367 003d 00        		.string	""
 368 003e 686F 7374 		.string	"host_keyboard_leds"
 368      5F6B 6579 
 368      626F 6172 
 368      645F 6C65 
 368      6473 00
 369 0051 00        		.string	""
 370 0052 00        		.string	""
 371 0053 00        		.string	""
 372 0054 00        		.string	""
 373 0055 00        		.string	""
 374 0056 00        		.string	""
 375 0057 00        		.string	""
 376 0058 00        		.string	""
 377 0059 00        		.string	""
 378 005a 00        		.string	""
 379 005b 00        		.string	""
 380 005c 2101 00   		.string	"!\001"
 381 005f 00        		.string	""
 382 0060 686F 7374 		.string	"host_keyboard_led_state"
 382      5F6B 6579 
 382      626F 6172 
 382      645F 6C65 
 382      645F 7374 
 383 0078 00        		.string	""
 384 0079 00        		.string	""
 385 007a 00        		.string	""
 386 007b 00        		.string	""
 387 007c 00        		.string	""
 388 007d 00        		.string	""
 389 007e 00        		.string	""
 390 007f 00        		.string	""
 391 0080 00        		.string	""
 392 0081 00        		.string	""
 393 0082 00        		.string	""
 394 0083 4501 00   		.string	"E\001"
 395 0086 00        		.string	""
 396 0087 686F 7374 		.string	"host_keyboard_send"
 396      5F6B 6579 
 396      626F 6172 
 396      645F 7365 
 396      6E64 00
 397 009a 00        		.string	""
 398 009b 00        		.string	""
 399 009c 00        		.string	""
 400 009d 00        		.string	""
 401 009e 00        		.string	""
 402 009f 00        		.string	""
 403 00a0 00        		.string	""
 404 00a1 00        		.string	""
 405 00a2 00        		.string	""
 406 00a3 00        		.string	""
 407 00a4 00        		.string	""
 408 00a5 4701 00   		.string	"G\001"
 409 00a8 00        		.string	""
 410 00a9 686F 7374 		.string	"host_mouse_send"
 410      5F6D 6F75 
 410      7365 5F73 
 410      656E 6400 
 411 00b9 00        		.string	""
 412 00ba 00        		.string	""
 413 00bb 00        		.string	""
 414 00bc 00        		.string	""
 415 00bd 00        		.string	""
 416 00be 00        		.string	""
 417 00bf 00        		.string	""
 418 00c0 00        		.string	""
 419 00c1 00        		.string	""
 420 00c2 00        		.string	""
 421 00c3 00        		.string	""
 422 00c4 4901 00   		.string	"I\001"
 423 00c7 00        		.string	""
 424 00c8 686F 7374 		.string	"host_system_send"
 424      5F73 7973 
 424      7465 6D5F 
 424      7365 6E64 
 424      00
 425 00d9 00        		.string	""
 426 00da 00        		.string	""
 427 00db 00        		.string	""
 428 00dc 00        		.string	""
 429 00dd 00        		.string	""
 430 00de 00        		.string	""
 431 00df 00        		.string	""
 432 00e0 00        		.string	""
 433 00e1 00        		.string	""
 434 00e2 00        		.string	""
 435 00e3 00        		.string	""
 436 00e4 4B01 00   		.string	"K\001"
 437 00e7 00        		.string	""
 438 00e8 686F 7374 		.string	"host_consumer_send"
 438      5F63 6F6E 
 438      7375 6D65 
 438      725F 7365 
 438      6E64 00
 439 00fb 00        		.string	""
 440 00fc 00        		.string	""
 441 00fd 00        		.string	""
 442 00fe 00        		.string	""
 443 00ff 00        		.string	""
 444 0100 00        		.string	""
 445 0101 00        		.string	""
 446 0102 00        		.string	""
 447 0103 00        		.string	""
 448 0104 00        		.string	""
 449 0105 00        		.string	""
 450 0106 4D01 00   		.string	"M\001"
 451 0109 00        		.string	""
 452 010a 686F 7374 		.string	"host_last_system_report"
 452      5F6C 6173 
 452      745F 7379 
 452      7374 656D 
 452      5F72 6570 
 453 0122 00        		.string	""
 454 0123 00        		.string	""
 455 0124 00        		.string	""
 456 0125 00        		.string	""
 457 0126 00        		.string	""
 458 0127 00        		.string	""
 459 0128 00        		.string	""
 460 0129 00        		.string	""
 461 012a 00        		.string	""
 462 012b 00        		.string	""
 463 012c 00        		.string	""
 464 012d 5001 00   		.string	"P\001"
 465 0130 00        		.string	""
 466 0131 686F 7374 		.string	"host_last_consumer_report"
 466      5F6C 6173 
 466      745F 636F 
 466      6E73 756D 
 466      6572 5F72 
 467 014b 00        		.string	""
 468 014c 00        		.string	""
 469 014d 00        		.string	""
 470 014e 00        		.string	""
 471 014f 00        		.string	""
 472 0150 00        		.string	""
 473 0151 00        		.string	""
 474 0152 00        		.string	""
 475 0153 00        		.string	""
 476 0154 00        		.string	""
 477 0155 00        		.string	""
 478 0156 5201 00   		.string	"R\001"
 479 0159 00        		.string	""
 480 015a 6B65 7962 		.string	"keyboard_protocol"
 480      6F61 7264 
 480      5F70 726F 
 480      746F 636F 
 480      6C00 
 481 016c 00        		.string	""
 482 016d 02        		.ascii	"\002"
 483 016e 00        		.string	""
 484 016f 00        		.string	""
 485 0170 00        		.string	""
 486 0171 00        		.string	""
 487 0172 00        		.string	""
 488 0173 00        		.string	""
 489 0174 00        		.string	""
 490 0175 00        		.string	""
 491 0176 00        		.string	""
 492 0177 5601 00   		.string	"V\001"
 493 017a 00        		.string	""
 494 017b 6B65 796D 		.string	"keymap_config"
 494      6170 5F63 
 494      6F6E 6669 
 494      6700 
 495 0189 00        		.string	""
 496 018a 02        		.ascii	"\002"
 497 018b 00        		.string	""
 498 018c 00        		.string	""
 499 018d 00        		.string	""
 500 018e 00        		.string	""
 501 018f 00        		.string	""
 502 0190 00        		.string	""
 503 0191 00        		.string	""
 504 0192 00        		.string	""
 505 0193 00        		.string	""
 506 0194 7901 00   		.string	"y\001"
 507 0197 00        		.string	""
 508               		.text
 509               		.section	.gnu.lto_.opts,"",@progbits
 510 0000 272D 666D 		.ascii	"'-fmath-errno' '-fsigned-zeros' '-ftrapping-math' '-fno-trap"
 510      6174 682D 
 510      6572 726E 
 510      6F27 2027 
 510      2D66 7369 
 511 003c 7627 2027 		.ascii	"v' '-fno"
 511      2D66 6E6F 
 512 0044 2D6F 7065 		.string	"-openmp' '-fno-openacc' '-mn-flash=1' '-mno-skip-bug' '-mmcu=avr5' '-gdwarf-2' '-Os' '-We
 512      6E6D 7027 
 512      2027 2D66 
 512      6E6F 2D6F 
 512      7065 6E61 
 513               		.text
 514               		.comm	__gnu_lto_v1,1,1
 515               		.comm	__gnu_lto_slim,1,1
 516               		.ident	"GCC: (GNU) 5.4.0"
DEFINED SYMBOLS
                            *ABS*:0000000000000000 host.c
     /tmp/ccQYaLQg.s:2      *ABS*:000000000000003e __SP_H__
     /tmp/ccQYaLQg.s:3      *ABS*:000000000000003d __SP_L__
     /tmp/ccQYaLQg.s:4      *ABS*:000000000000003f __SREG__
     /tmp/ccQYaLQg.s:5      *ABS*:0000000000000000 __tmp_reg__
     /tmp/ccQYaLQg.s:6      *ABS*:0000000000000001 __zero_reg__
                            *COM*:0000000000000001 __gnu_lto_v1
                            *COM*:0000000000000001 __gnu_lto_slim

NO UNDEFINED SYMBOLS
