   1               		.file	"keyboard.c"
   2               	__SP_H__ = 0x3e
   3               	__SP_L__ = 0x3d
   4               	__SREG__ = 0x3f
   5               	__tmp_reg__ = 0
   6               	__zero_reg__ = 1
   7               		.text
   8               	.Ltext0:
   9               		.section	.gnu.lto_.profile.8da76fa45cb9828a,"",@progbits
  10 0000 789C 6361 		.string	"x\234ca`d`c`"
  10      6064 6063 
  10      6000 
  11 000a 92AF 9817 		.string	"\222\257\230\0272\002"
  11      3202 00
  12 0011 0588 019C 		.ascii	"\005\210\001\234"
  13               		.text
  14               		.section	.gnu.lto_.icf.8da76fa45cb9828a,"",@progbits
  15 0000 789C 6361 		.string	"x\234ca`d"
  15      6064 00
  16 0007 816D 0C08 		.string	"\201m\f\b \307\260\375\375\333\007\374\214\333\277^n\346g\372p\347\333N\016f\260\b\013X\2
  16      20C7 B0FD 
  16      FDDB 07FC 
  16      8CDB BF5E 
  16      6EE6 67FA 
  17 00a0 00        		.string	""
  18 00a1 3767 609E 		.ascii	"7g`\236"
  19               		.text
  20               		.section	.gnu.lto_.jmpfuncs.8da76fa45cb9828a,"",@progbits
  21 0000 789C 454E 		.ascii	"x\234EN9\016\302@\f\234\361\002\tw\0207\344\243TI\263\022/\340"
  21      390E C240 
  21      0C9C F102 
  21      0977 1037 
  21      E4A3 5449 
  22 0018 0B90 8A3A 		.ascii	"\013\220\212:-\037\340\001\0244\224\224\264Q\260\263\240\214"
  22      2D1F E001 
  22      1434 9494 
  22      B451 B0B3 
  22      A08C 
  23 002a D63B 63D9 		.ascii	"\326;c\331c\273\003\302\360D\213\255\2064\017\016\350\006\325"
  23      63BB 03C2 
  23      F044 8BAD 
  23      8634 0F0E 
  23      E806 D5
  24 003d D388 807E 		.ascii	"\323\210\200~\310\006\032C`\004\214\201\211&S Q\232\231_X\t\313"
  24      C806 1A43 
  24      6004 8C81 
  24      8926 5320 
  24      519A 995F 
  25 0054 F2FD 88B2 		.ascii	"\362\375\210\262*?\346y\342\035js\361\314Li\016,\200\245\252"
  25      2A3F E679 
  25      E21D 6A73 
  25      F1CC 4C69 
  25      0E2C 80A5 
  26 0069 15B0 0636 		.ascii	"\025\260\0066\377\245\206\235#\233\223\366\312\0249\230N\303"
  26      FFA5 869D 
  26      239B 93F6 
  26      CA14 3998 
  26      4EC3 
  27 007b D666 B8DD 		.ascii	"\326f\270\335\244\363\257\376U\304\037\361\332^\223\027\246\261"
  27      A4F3 AFFE 
  27      55C4 1FF1 
  27      DA5E 9317 
  27      A6B1 
  28 008d 7D89 564E 		.ascii	"}\211VN\376v\217\254\"\004\013\266\336\037}\0010@\033}"
  28      FE76 8FAC 
  28      2204 0BB6 
  28      DE1F 7D01 
  28      3040 1B7D 
  29               		.text
  30               		.section	.gnu.lto_.inline.8da76fa45cb9828a,"",@progbits
  31 0000 789C 7591 		.string	"x\234u\221\313\r\3020\020D\307\216\035\234?\337@"
  31      CB0D C230 
  31      1044 C78E 
  31      1D9C 3FDF 
  31      4000 
  32 0012 2905 70E5 		.string	")\005p\345L\t\210\006\350\205\033\027\016\224\220R8S\005%P\002v\002\016\311\306>\214VoF\2
  32      4C09 8806 
  32      E885 1B17 
  32      0E94 9052 
  32      3853 0525 
  33 0083 D7C2 233D 		.ascii	"\327\302#=4\343\214\364\315\tY@&]b\n\220\223\340\222\220\025"
  33      34E3 8CF4 
  33      CD09 5940 
  33      265D 620A 
  33      9093 E092 
  34 0099 64EE DAA2 		.ascii	"d\356\332\242\200\332\273\274\236\254I\361fp'}\206m\370\304\325"
  34      80DA BBBC 
  34      9EAC 49F1 
  34      6670 277D 
  34      866D F8C4 
  35 00ae 844F EF4B 		.ascii	"\204O\357K\3267\353\275ki\273e\322Z\377\3637\306\314\031\231"
  35      D637 EBBD 
  35      6B69 BB65 
  35      D25A FFF3 
  35      37C6 CC19 
  36 00c3 A1F6 EB80 		.ascii	"\241\366\353\200\017\263\311+V"
  36      0FB3 C92B 
  36      56
  37               		.text
  38               		.section	.gnu.lto_.pureconst.8da76fa45cb9828a,"",@progbits
  39 0000 789C 05C1 		.ascii	"x\234\005\301\013\026@ \024E\321\253\036\226\374jQN1\013\363"
  39      0B16 4020 
  39      1445 D1AB 
  39      1E96 FC6A 
  39      514E 310B 
  40 0015 9F5B 7B9B 		.ascii	"\237[{\233\006\375\222\252\314\341mdb\266\205\300\3326v\016N"
  40      06FD 92AA 
  40      CCE1 6D64 
  40      62B6 85C0 
  40      DA36 760E 
  41 002a 2289 8B9B 		.ascii	"\"\211\213\233L\341\001*M/\037\035[\332\003\317"
  41      4CE1 012A 
  41      4D2F 1F1D 
  41      5BDA 03CF 
  42               		.text
  43               		.section	.gnu.lto_last_input_activity_time.8da76fa45cb9828a,"",@progbits
  44 0000 789C 2D50 		.string	"x\234-P\273JCA\020\2353{I\202\240X\n\211\020\3134\346\007\374"
  44      BB4A 4341 
  44      109D 337B 
  44      4982 A058 
  44      0A89 10CB 
  45 0019 6B7F 4034 		.string	"k\177@4\246\n\327\013\301\306\352N\036\027Lgc\n1\004\013\211O\214e:\021\355|\220\302\312\
  45      A60A D70B 
  45      C1C6 EA4E 
  45      1E17 4C67 
  45      630A 3104 
  46 0096 1952 F2F3 		.ascii	"\031R\362\363\331\317\326x\254*\032i\243\350\315!bf\351t\341"
  46      D9CF D678 
  46      AC2A 1A69 
  46      A3E8 CD21 
  46      6266 E974 
  47 00ab 5C46 A38A 		.ascii	"\\F\243\212Hw\006:n\022\324W\230\235\001\263\235\356\025\345"
  47      4877 063A 
  47      6E12 D457 
  47      989D 01B3 
  47      9DEE 15E5 
  48 00bf FAD3 9C4D 		.ascii	"\372\323\234MT\234\031\253G\027wqs\342`\342\235\316\333C<\034"
  48      549C 19AB 
  48      4717 7771 
  48      73E2 60E2 
  48      9DCE DB43 
  49 00d5 CA86 C8A4 		.ascii	"\312\206\310\244\366jNe\265\335\273\276\277\034k\242Q\222\277"
  49      F66A 4E65 
  49      B5DD BBBE 
  49      BF1C 6BA2 
  49      5192 BF
  50 00e8 3EE3 581F 		.ascii	">\343X\037vd\266p\202&\250\007\376\227\264\217\3513l\227\346"
  50      7664 B670 
  50      8226 A807 
  50      FE97 B48F 
  50      E933 6C97 
  51 00fd C935 BFB0 		.ascii	"\3115\277\260\230\013\212\371l.\360\375`5[\310\257/\007K\305"
  51      980B 8AF9 
  51      6C2E F0FD 
  51      6035 5BC8 
  51      AF2F 074B 
  52 0112 95D9 1CFD 		.ascii	"\225\331\034\375\002,\251bR"
  52      022C A962 
  52      52
  53               		.text
  54               		.section	.gnu.lto_last_input_activity_elapsed.8da76fa45cb9828a,"",@progbits
  55 0000 789C 6590 		.string	"x\234e\220\273JCA\020\206\347\237\335\\\020\024K\301\b\261L\241y\003kk_@4\246\n\361@\260\
  55      BB4A 4341 
  55      1086 E79F 
  55      DD5C 1014 
  55      4BC1 08B1 
  56 00f6 0DD0 0BEC 		.ascii	"\r\320\013\354\357H\373oF$d\001\304!|\222\215\201\211R\027\374"
  56      EF48 FB6F 
  56      4624 6401 
  56      C421 7C92 
  56      8D81 8952 
  57 010c 27D6 AFEC 		.ascii	"'\326\257\354I[\300\004s|%\237\233\317x\205l:\343\345\363\336"
  57      495B C004 
  57      737C 259F 
  57      9BCF 7885 
  57      6C3A E3E5 
  58 0122 723A 975D 		.ascii	"r:\227]]\364\026\nK\323\031\372\006U\260o\323"
  58      5DF4 160A 
  58      4BD3 19FA 
  58      0655 B06F 
  58      D3
  59               		.text
  60               		.section	.gnu.lto_last_matrix_activity_time.8da76fa45cb9828a,"",@progbits
  61 0000 789C 2D50 		.ascii	"x\234-P=KCQ\f\315\311}\264EP\034\205V\250c\027\373\013\334\235"
  61      3D4B 4351 
  61      0CCD C97D 
  61      B445 501C 
  61      8556 A863 
  62 0019 FD03 A2B5 		.ascii	"\375\003\242\265Sy>(.NM?\036\330\315\305\016b)\035\244~b\035"
  62      5379 3E28 
  62      2E4E 4D3F 
  62      1ED8 CDC5 
  62      0E62 291D 
  63 0031 BB89 E8E6 		.ascii	"\273\211\350\346\007\"N.\242\340P\034ZQ\034\244>\0231p\270I\356"
  63      0722 4E2E 
  63      A2E0 501C 
  63      5A51 1CA4 
  63      3E13 3170 
  64 0048 C9C9 B9D7 		.ascii	"\311\311\271\327#\220\305\267bZ\221T\300\021x\363\206\250\234"
  64      2390 C5B7 
  64      625A 9154 
  64      C011 78F3 
  64      86A8 9C
  65 005b 60C0 1249 		.ascii	"`\300\022I\200J\214\022>y\304\270\253uw\334\007\207J\363\264"
  65      804A 8C12 
  65      3E79 C4B8 
  65      AB75 77DC 
  65      0787 4AF3 
  66 0070 1C5E 6FBF 		.ascii	"\034^o\277LX\t\244\265l^\266\353^\246#R\221\247\335\257\371w"
  66      4C58 09A4 
  66      B56C 5EB6 
  66      EB5E A623 
  66      5291 A7DD 
  67 0087 09A7 42C7 		.ascii	"\t\247B\307\0241a\017)t\220\262\025\373\310\220\222\237O\177"
  67      1431 610F 
  67      2974 90B2 
  67      15FB C890 
  67      929F 4F7F 
  68 009b B6C6 6335 		.ascii	"\266\306c5\321H\033Eo\016\0203K'\013g\022EU\221\373\031\350\270"
  68      D148 1B45 
  68      6F0E 1033 
  68      4B27 0B67 
  68      1245 5591 
  69 00b3 49D0 4061 		.ascii	"I\320@av\206\314v\272WT\032\3559\233\250:3\326\b\317o\343\346"
  69      7686 CC76 
  69      BA57 541A 
  69      ED39 9BA8 
  69      3A33 D608 
  70 00cb C4C1 C47B 		.ascii	"\304\301\304{\275\267\307xi$\033\"\223\332\253;\225\325v\377"
  70      BDB7 C778 
  70      6924 1B22 
  70      93DA AB3B 
  70      95D5 76FF 
  71 00df EAE1 62AC 		.ascii	"\352\341b\254\205fY\376\372\214#}\330\241\331\3021Z\240>\370"
  71      8566 59FE 
  71      FA8C 237D 
  71      D8A1 D9C2 
  71      315A A03E 
  72 00f4 5FD2 3E66 		.ascii	"_\322>f\300\260]\232'\327\374\302b.(\346\263\271\300\367\203"
  72      C0B0 5D9A 
  72      27D7 FCC2 
  72      622E 28E6 
  72      B3B9 C0F7 
  73 0109 D56C 21BF 		.ascii	"\325l!\277\276\034,\025Wfs\364\013\r\340b\026"
  73      BE1C 2C15 
  73      5766 73F4 
  73      0B0D E062 
  73      16
  74               		.text
  75               		.section	.gnu.lto_last_matrix_activity_elapsed.8da76fa45cb9828a,"",@progbits
  76 0000 789C 6590 		.string	"x\234e\2209KCA\020\307\347?\2739\020\024K!\021b\231B\363\r\254\255\375\002\2421U\210\017\
  76      394B 4341 
  76      10C7 E73F 
  76      BB39 1014 
  76      4B21 1162 
  77 00f8 BDC0 FE8E 		.ascii	"\275\300\376\216\264\377fDB\026@\034\300'\331\030\230(u\300\177"
  77      B4FF 6644 
  77      4216 401C 
  77      C027 D918 
  77      9828 75C0 
  78 010d 62FD CAAE 		.ascii	"b\375\312\256\264\005L0\023\213\205\374L\326+\3462Y\257P\360"
  78      B405 4C30 
  78      138B 85FC 
  78      4CD6 2BE6 
  78      3259 AF50 
  79 0122 1632 F9DC 		.ascii	"\0262\371\334\322\2347[\234\237\310\3227\2058p\026"
  79      D29C 375B 
  79      9C9F C8D2 
  79      3785 3870 
  79      16
  80               		.text
  81               		.section	.gnu.lto_last_matrix_activity_trigger.8da76fa45cb9828a,"",@progbits
  82 0000 789C 6D90 		.string	"x\234m\220?K\003A\020\305\347\315\236wA\020,\205(h\231\306|\r\033\033\277\200\350\231*\23
  82      3F4B 0341 
  82      10C5 E7CD 
  82      9E77 4110 
  82      2C85 2868 
  83 008e B669 77BE 		.ascii	"\266iw\276p\251\3234\322\372a\006\266\242XI\261+\002\323\352"
  83      70A9 D334 
  83      D2FA 6106 
  83      B6A2 5849 
  83      B12B 02D3 
  84 00a3 9DD9 64F5 		.ascii	"\235\331d\365\212H\267\034\343\210\224\022Z\222\274\265\234\240"
  84      8A48 B71C 
  84      E388 9412 
  84      5A92 BCB5 
  84      9CA0 
  85 00b5 AFB7 B41E 		.ascii	"\257\267\264\036\217\025\247,\036\034\"\020\267\2426\302\332"
  85      8F15 A72C 
  85      1E1C 2210 
  85      B7A2 36C2 
  85      DA
  86 00c6 530F 462D 		.ascii	"S\017F-\322Z\334\274u>8V\026h\310im\313\250\246\334\271\276\273"
  86      D25A DCBC 
  86      753E 3856 
  86      1668 C869 
  86      6DCB A8A6 
  87 00de 1AAD 63AF 		.ascii	"\032\255c\257\252\263\372\b\216e\277#L\n\366\004uD\003\354\376"
  87      AAB3 FA08 
  87      8E65 BF23 
  87      4C0A F604 
  87      7544 03EC 
  88 00f3 FD2F 7688 		.ascii	"\375/v\210\203\3779\247\177\234\263\001\247\203P+C\311\376\247"
  88      83FF 39A7 
  88      7F9C B301 
  88      A783 502B 
  88      43C9 FEA7 
  89 0107 2BA3 CB86 		.ascii	"+\243\313\206\262o~\315+/\272~\245Tt}\317\363W\213\345\322\372"
  89      B26F 7ECD 
  89      2B2F BA7E 
  89      A554 747D 
  89      CFF3 578B 
  90 011e B2BF 5459 		.ascii	"\262\277TY\231u\351\033\276O~\237"
  90      9975 E91B 
  90      BE4F 7E9F 
  91               		.text
  92               		.section	.gnu.lto_last_encoder_activity_time.8da76fa45cb9828a,"",@progbits
  93 0000 789C 2D50 		.string	"x\234-P\273JCA\020\2353\033\222 (\226B\"\3042\215\371\002{k\177@\364\232*\304\013\301\306
  93      BB4A 4341 
  93      109D 331B 
  93      9220 2896 
  93      4222 C432 
  94 003a 8B60 9188 		.ascii	"\213`\221\2106J\274\316\210\003\207\235\231=s\346\354\306\bd"
  94      364A BCCE 
  94      8803 879D 
  94      993D 73E6 
  94      ECC6 0864 
  95 004e F1AD 9855 		.ascii	"\361\255\230U\244\024p\004\336\276%*'\031\260D\222\240\200\021"
  95      A414 7004 
  95      DEBE 252A 
  95      2719 B044 
  95      92A0 8011 
  96 0062 E093 C78C 		.ascii	"\340\223\307\214\373\332\371\236\373\340Pi1-G7\273/SV\002\031"
  96      FBDA F99E 
  96      FBE0 5069 
  96      312D 4737 
  96      BB2F 5356 
  97 0078 2D9B BDFD 		.ascii	"-\233\275\375z,\333\026\251\310c\357k\361]\302\231\3201EL8@\032"
  97      7A2C DB16 
  97      A9C8 63EF 
  97      6BF1 5DC2 
  97      99D0 3145 
  98 0090 6DA4 6DC5 		.ascii	"m\244m\305!\262\244\344\347\316\317\316d\274&\032\031\243\350"
  98      21B2 A4E4 
  98      E7CE CFCE 
  98      64BC 261A 
  98      19A3 E8
  99 00a3 CD11 E266 		.ascii	"\315\021\342f\351l\351B\242\250*\322\237\203\216\233\004\r\025"
  99      E96C E942 
  99      A2A8 2AD2 
  99      9F83 8E9B 
  99      040D 15
 100 00b6 6667 C46C 		.ascii	"fg\304l\247{E\245\361\264`\023Ug\306\032\341\345]\302\2348\230"
 100      A77B 45A5 
 100      F1B4 6013 
 100      5567 C61A 
 100      E1E5 5DC2 
 101 00cd 78B7 FBF6 		.ascii	"x\267\373\366\220\b\306\262%2\255\275\272SYm\017\256\373W\023"
 101      9008 C6B2 
 101      2532 ADBD 
 101      BA53 596D 
 101      0FAE FB57 
 102 00e2 2D34 CBF2 		.ascii	"-4\313\362\327g\234\350\303\216\315\026N\321\002\r\300\377\222"
 102      D767 9CE8 
 102      C38E CD16 
 102      4ED1 020D 
 102      C0FF 92
 103 00f5 F631 4386 		.ascii	"\3661C\206\355\322<\265Q,,{~)\237\363\374b\321_\317\025\362\233"
 103      EDD2 3CB5 
 103      512C 2C7B 
 103      7E29 9FF3 
 103      FC62 D15F 
 104 010d ABFE 4A69 		.ascii	"\253\376Jim\336\243_P\202b{"
 104      6DDE A35F 
 104      5082 627B 
 105               		.text
 106               		.section	.gnu.lto_last_encoder_activity_elapsed.8da76fa45cb9828a,"",@progbits
 107 0000 789C 6590 		.string	"x\234e\220\273JCA\020\206\347\237\335\\\020\024K\301\b\261L\241y\004[k_@4\246\n\361@\260\
 107      BB4A 4341 
 107      1086 E79F 
 107      DD5C 1014 
 107      4BC1 08B1 
 108 00f6 0DD0 0BEC 		.ascii	"\r\320\013\354\357H\373oF$d\001\304!|\222\215\201\211R\027\374"
 108      EF48 FB6F 
 108      4624 6401 
 108      C421 7C92 
 108      8D81 8952 
 109 010c 27D6 AFEC 		.ascii	"'\326\257\354I[\300\004s|%\237\233\317x\205l:\343\345\363\336"
 109      495B C004 
 109      737C 259F 
 109      9BCF 7885 
 109      6C3A E3E5 
 110 0122 723A 975D 		.ascii	"r:\227]]\364\026\nK\323\031\372\006\201\206o\374"
 110      5DF4 160A 
 110      4BD3 19FA 
 110      0681 866F 
 110      FC
 111               		.text
 112               		.section	.gnu.lto_last_encoder_activity_trigger.8da76fa45cb9828a,"",@progbits
 113 0000 789C 6D90 		.ascii	"x\234m\220=K\003A\020\206\347\235=\357\202 X\nQ\3202\215\371"
 113      3D4B 0341 
 113      1086 E79D 
 113      3DEF 8220 
 113      580A 51D0 
 114 0017 1B36 36FE 		.ascii	"\03366\376\001\3213U8\017\202\215\325mr.jgc:\tV\361[,\323\205"
 114      01D1 3355 
 114      380F 828D 
 114      D56D 722E 
 114      6A67 633A 
 115 0032 6029 5A89 		.ascii	"`)Z\211E\n?\212 \301\"\202\332H<g\317h\023\007\226Yf\337\367"
 115      450A 3F8A 
 115      20C1 2282 
 115      DA48 3C67 
 115      CF68 1307 
 116 004b 9999 7508 		.ascii	"\231\231u\bdc^\322\224\344\254\034(\002\357\\\023\2253\f\330"
 116      6463 5ED2 
 116      94E4 AC1C 
 116      2802 EF5C 
 116      1395 330C 
 117 0060 8BCE 8022 		.ascii	"\213\316\200\"F\204w\3563Z\233\235\006\347\352Z\342\301|\316"
 117      4684 77EE 
 117      335A 9B9D 
 117      06E7 EA5A 
 117      E2C1 7CCE 
 118 0074 55B4 9930 		.ascii	"U\264\2310\212(\341\224D\250#G\"{\272\370\332\035s7\254l\372"
 118      8A28 E194 
 118      44A8 2347 
 118      227B BAF8 
 118      DA1D 7337 
 119 008b E711 0770 		.ascii	"\347\021\007pm\273\363\205\246N\222X\353\366\f\\EFI\261'\002"
 119      6DBB F385 
 119      A64E 9258 
 119      EBF6 0C5C 
 119      4546 49B1 
 120 00a1 DBEA 95D9 		.ascii	"\333\352\225\331f\365\214X\337{\326\021+%\264F\343\245\355E}"
 120      66F5 8C58 
 120      DF7B D611 
 120      2B25 B446 
 120      E3A5 ED45 
 121 00b6 BDA5 F5B8 		.ascii	"\275\245\365\270Q\234\260xp\210H\334\212:\250T\037?`\325\"\255"
 121      519C B078 
 121      7088 48DC 
 121      8A3A A854 
 121      1F3F 60D5 
 122 00cc 9AD6 8DF7 		.ascii	"\232\326\215\367\306F9\240!\247\263-\243\332r\367\352\366r\264"
 122      C646 39A0 
 122      21A7 B32D 
 122      A3DA 72F7 
 122      EAF6 72B4 
 123 00e0 86BD B24E 		.ascii	"\206\275\262N\353#8\226\375\2160)\330\023\324\020\017\260\373"
 123      EB23 3896 
 123      FD8E 3029 
 123      D813 D410 
 123      0FB0 FB
 124 00f3 77BF D821 		.ascii	"w\277\330!\016\376\347\234\376q\316\006\234.*ZYJ\372?=\031]6"
 124      0EFE E79C 
 124      FE71 CE06 
 124      9C2E 2A5A 
 124      594A FA3F 
 125 010b 947D B36B 		.ascii	"\224}\263kAq\321\017K\205\274\037\006A\270\232/\026\326\227\303"
 125      4171 D10F 
 125      4B85 BC1F 
 125      0641 B89A 
 125      2F16 D697 
 126 0120 A5D2 CAAC 		.ascii	"\245\322\312\254O\337I\272~K"
 126      4FDF 49BA 
 126      7E4B 
 127               		.text
 128               		.section	.gnu.lto_disable_jtag.8da76fa45cb9828a,"",@progbits
 129 0000 789C 8D50 		.ascii	"x\234\215P=K\003A\020\235\267k\316C\210\177 \021\354$\215\321"
 129      3D4B 0341 
 129      109D B76B 
 129      CE43 887F 
 129      2011 EC24 
 130 0016 46FC 1516 		.ascii	"F\374\025\026\376\001\3213U\210\007\301\306*\033\223C\020\004"
 130      FE01 D133 
 130      5588 07C1 
 130      C62A 1B93 
 130      4310 04
 131 0029 1B53 2812 		.ascii	"\033S(\022\020%\3613\210\250\244\362\270B\260\321\312^,\256\260"
 131      1025 F133 
 131      88A8 A4F2 
 131      B842 B0D1 
 131      CA5E 2CAE 
 132 003e 4A50 4104 		.ascii	"JPA\004\023g\356:\213\340\302\316\354\260o\336{\274!\002\311"
 132      1367 EE3A 
 132      8BE0 C2CE 
 132      ECB0 6FDE 
 132      7BBC 2102 
 133 0053 39E0 36C6 		.ascii	"9\3406\306=\305\027\232\240\266\037\211\312\266\002\344alPI\241"
 133      3DC5 179A 
 133      A0B6 1F89 
 133      CAB6 02E4 
 133      616C 5049 
 134 0068 844F F5A3 		.ascii	"\204O\365\243\020l\204m\225i\030>/\336\335\264i\372\3604Q_EL"
 134      106C 846D 
 134      9569 183E 
 134      2FDE DDB4 
 134      69FA F034 
 135 0080 8406 32C4 		.ascii	"\204\0062\304\260\327\313\336N\322\252\nl<\376D\023\226\310\265"
 135      B0D7 CBDE 
 135      4ED2 AA0A 
 135      6C3C FE44 
 135      1396 C8B5 
 136 0094 E67D D3EF 		.ascii	"\346}\323\357W\214y\237\332\232\260\025y\232%\271$\244XR\210"
 136      578C 799F 
 136      DA9A B015 
 136      799A 25B9 
 136      24A4 5852 
 137 00a9 3ABC 20D2 		.ascii	":\274 \322]\245\244\353\020\301\367f\2575#\034\025-6j^\3604\374"
 137      5DA5 A4EB 
 137      10C1 F766 
 137      AF35 231C 
 137      152D 366A 
 138 00c1 A13C AD20 		.ascii	"\241<\255 r\273\335\253\303d<>\313|\333\276>\032\255c\277\\e"
 138      72BB DDAB 
 138      C364 3C3E 
 138      CB7C DBBE 
 138      3E1A AD63 
 139 00d8 771A 2748 		.ascii	"w\032'H\343\030i6q\212:(D\345\313\212\271tLw\023>\334\217\310"
 139      E318 6936 
 139      718A 3A28 
 139      44E5 CB8A 
 139      B974 4C77 
 140 00f1 3E60 8033 		.ascii	">`\2003\206\262d\r\202\031\304v\316l\314A\221\277`6\246L\f\332"
 140      86B2 640D 
 140      8219 C476 
 140      CE6C CC41 
 140      91BF 6036 
 141 0109 B8F8 A32F 		.ascii	"\270\370\243/\370\377\353\265\"=\213\336\260\356\357\315\t:\n"
 141      F8FF EBB5 
 141      223D 8BDE 
 141      B0EE EFCD 
 141      093A 0A
 142 011c BDC3 2170 		.ascii	"\275\303!pL\034Zj\265\220_p\334b.\353\270\205\202\273\222\315"
 142      4C1C 5A6A 
 142      B590 5F70 
 142      DC62 2EEB 
 142      B885 82BB 
 143 0132 E7D6 96DC 		.ascii	"\347\326\226\334\305\342\362\244C\277X\263\217\254"
 143      C5E2 F2A4 
 143      43BF 58B3 
 143      8FAC 
 144               		.text
 145               		.section	.gnu.lto_matrix_setup.8da76fa45cb9828a,"",@progbits
 146 0000 789C 6361 		.string	"x\234ca`d"
 146      6064 00
 147 0007 812A 2096 		.string	"\201* \226\005bi fdf`d\232p\216\201\241\221\203\211\221\021\304h\340`d\250gb\254g\374\312
 147      0562 6920 
 147      6664 6660 
 147      649A 708E 
 147      81A1 9183 
 148 004f 2A7B B4F1 		.string	"*{\264\361\337T^\266\026\2202\005\210$\343\nF6\220u\353\203\0164\374\377\337\334\320\260_
 148      DF54 5EB6 
 148      1690 3205 
 148      8824 E30A 
 148      4636 9075 
 149 00a7 00        		.string	""
 150 00a8 2732 364D 		.ascii	"'26M"
 151               		.text
 152               		.section	.gnu.lto_keyboard_pre_init_user.8da76fa45cb9828a,"",@progbits
 153 0000 789C 6361 		.string	"x\234ca`d"
 153      6064 00
 154 0007 812A 2096 		.string	"\201* \226\005bi fdf`d\232p\216\201\241\221\203\211\221\021\304h\340`d\250gb\254g\374\312
 154      0562 6920 
 154      6664 6660 
 154      649A 708E 
 154      81A1 9183 
 155 004f 2A7B B4F1 		.string	"*{\264\361\337T^\266\026\2202\005\210$\343\nF6\220u\353\203\0164\374\377\337\334\320\360Y
 155      DF54 5EB6 
 155      1690 3205 
 155      8824 E30A 
 155      4636 9075 
 156 00a7 00        		.string	""
 157 00a8 1666 3645 		.ascii	"\026f6E"
 158               		.text
 159               		.section	.gnu.lto_keyboard_pre_init_kb.8da76fa45cb9828a,"",@progbits
 160 0000 789C 258D 		.string	"x\234%\215\261j\002a\020\204w\366\027\265\021R\n\"hi\243\357\222\027\020s\261\222\363@l\2
 160      B16A 0261 
 160      1084 77F6 
 160      17B5 1152 
 160      0A22 6869 
 161 00b6 C555 867E 		.ascii	"\305U\206~\257\355\005\203n\313\013|?\350\267z\335\321S\320\031"
 161      AFED 0583 
 161      6ECB 0B7C 
 161      3FE8 B77A 
 161      DDD1 53D0 
 162 00cb 3C37 3DBA 		.ascii	"<7=\272\001\025LFF"
 162      0115 4C46 
 162      46
 163               		.text
 164               		.section	.gnu.lto_keyboard_post_init_user.8da76fa45cb9828a,"",@progbits
 165 0000 789C 6361 		.string	"x\234ca`d"
 165      6064 00
 166 0007 812A 2096 		.string	"\201* \226\005bi fdf`d\232p\216\201\241\221\203\211\221\021\304h\340`d\250gb\254g\374\312
 166      0562 6920 
 166      6664 6660 
 166      649A 708E 
 166      81A1 9183 
 167 004f 2A7B B4F1 		.string	"*{\264\361\337T^\266\026\2202\005\210$\343\nF6\220u\353\203\0164\374\377\337\334\320pW\22
 167      DF54 5EB6 
 167      1690 3205 
 167      8824 E30A 
 167      4636 9075 
 168 00a7 00        		.string	""
 169 00a8 238F 3654 		.ascii	"#\2176T"
 170               		.text
 171               		.section	.gnu.lto_keyboard_post_init_kb.8da76fa45cb9828a,"",@progbits
 172 0000 789C 258D 		.string	"x\234%\215\261j\002a\020\204w\366\027\265\021,\005\thi\243\357\342\013\204\313i%\227\003I
 172      B16A 0261 
 172      1084 77F6 
 172      17B5 112C 
 172      0509 6869 
 173 00b6 C535 5F82 		.ascii	"\3055_\202\321\243\037\216\207=?\f\202\360\2717\032N\236Bo<\350"
 173      D1A3 1F8E 
 173      873D 3F0C 
 173      82F0 B937 
 173      1A4E 9E42 
 174 00cd FAF4 0FF6 		.ascii	"\372\364\017\366\375F\""
 174      FD46 22
 175               		.text
 176               		.section	.gnu.lto_keyboard_setup.8da76fa45cb9828a,"",@progbits
 177 0000 789C 758F 		.ascii	"x\234u\217\275J\003A\024\205\357\271\263Y\267\021\355\203`'i"
 177      BD4A 0341 
 177      1485 EFB9 
 177      B359 B711 
 177      ED83 6027 
 178 0015 8CBE 84AD 		.ascii	"\214\276\204\255\340\013\210\256\251\302\272\020l\254vt3hi\343"
 178      E00B 88AE 
 178      A9C2 BA10 
 178      6CAC 7674 
 178      3368 69E3 
 179 0029 3324 FE21 		.ascii	"3$\376!\226\213 \203\017\240\017\240\210\bJ\020\213\244\360\247"
 179      968B 2083 
 179      0FA0 0FA0 
 179      8808 4A10 
 179      8BA4 F0A7 
 180 003d 89E3 9D55 		.ascii	"\211\343\235U\304\302\\\030\316\300\371\346\234;\001\201\374"
 180      C4C2 5C18 
 180      CEC0 F9E6 
 180      9C3B 0181 
 180      FC
 181 004e 2C88 4C89 		.ascii	",\210L\211V\345@\021x\357\212h+b\300_t\004\312\030\031^y\310"
 181      56E5 4011 
 181      78EF 8A68 
 181      2B62 C05F 
 181      7404 CA18 
 182 0066 B8DC 792A 		.ascii	"\270\334y*\270\326\3212\367\217o\363\272ka\024\221\3432\211\320"
 182      B8D6 D132 
 182      F78F 6FF3 
 182      BA6B 6114 
 182      91E3 3289 
 183 007b 418D 047B 		.ascii	"A\215\004{8\373\334\037\017\333\036\233\3766\321E\350\353N\227"
 183      38FB DC1F 
 183      0FDB 1E9B 
 183      FE36 D145 
 183      E8EB 4E97 
 184 008f AC76 2ED7 		.ascii	"\254v.\327\372}\356c&$\352\213\351k\006\314^U\017\271=\277f\217"
 184      FA7D EE63 
 184      2624 EA8B 
 184      E96B 06CC 
 184      5E55 0FB9 
 185 00a7 FBA0 A278 		.ascii	"\373\240\242x\271\031\313\206zW\353I\243\340X2p\200\214\214b"
 185      B919 CB86 
 185      7A57 EB49 
 185      A3E0 5832 
 185      7080 8C8C 
 186 00bc EAA1 6D2F 		.ascii	"\352\241m/&\376G\225\223@\302\241\240\177\274\310\250\300\261"
 186      26FE 4795 
 186      9340 C2A1 
 186      A07F BCC8 
 186      A8C0 B1
 187 00cf 2A9F E008 		.ascii	"*\237\340\b\231Q\025\362\215\267#R\2440\220\224\343\337\302\334"
 187      9951 15F2 
 187      8DB7 2352 
 187      A430 9094 
 187      E3DF C2DC 
 188 00e3 DE8D 462B 		.ascii	"\336\215F+\202\236\374\240\317\330\266\203\305\022\365\323\227"
 188      829E FCA0 
 188      CFD8 B683 
 188      C512 F5D3 
 188      97
 189 00f4 C5E5 7BB2 		.ascii	"\305\345{\262Ru#i.\307i\253Q\217\323$I\327\353\315\306\346j\272"
 189      5275 2369 
 189      2EC7 69AB 
 189      518F D324 
 189      49D7 EBCD 
 190 010c D25A 9B8D 		.ascii	"\322Z\233\215\351\013\375\213\177\337"
 190      E90B FD8B 
 190      7FDF 
 191               		.text
 192               		.section	.gnu.lto_is_keyboard_master.8da76fa45cb9828a,"",@progbits
 193 0000 789C 154D 		.string	"x\234\025M\313\nA\001\020\2353W\222b\255P,mP\376\304\017\210\313J\327-\331X\335\361\312V\
 193      CB0A 4101 
 193      109D 3357 
 193      9262 AD50 
 193      2C6D 50FE 
 194 009e 6B58 811A 		.ascii	"kX\201\032`B\265\245{^\273\346\372\335V\311\365=\317\357\224"
 194      6042 B5A5 
 194      7B5E BBE6 
 194      FADD 56C9 
 194      F53D CFEF 
 195 00b3 DAAD 7EC3 		.ascii	"\332\255~\303\257w\233E\227\376\035K?\035"
 195      AF77 9B45 
 195      97FE 1D4B 
 195      3F1D 
 196               		.text
 197               		.section	.gnu.lto_is_keyboard_left.8da76fa45cb9828a,"",@progbits
 198 0000 789C 6361 		.string	"x\234ca`d"
 198      6064 00
 199 0007 81C9 402C 		.string	"\201\311@,\013\304\322@\314\310\314\300\3104\341\034\003C#\007\023##\210\321\300\301\310P
 199      0BC4 D240 
 199      CCC8 CCC0 
 199      C834 E11C 
 199      0343 2307 
 200 00a0 D4C0 0852 		.string	"\324\300\bR\b\324&]\222\233\035\237\234_\224\252\237\234\237\233\233\237\247\237\235Z\231
 200      08D4 265D 
 200      929B 1D9F 
 200      9C5F 94AA 
 200      9F9C 9F9B 
 201 00c3 00        		.string	""
 202 00c4 BAD1 3E7A 		.ascii	"\272\321>z"
 203               		.text
 204               		.section	.gnu.lto_should_process_keypress.8da76fa45cb9828a,"",@progbits
 205 0000 789C 6361 		.string	"x\234ca`d"
 205      6064 00
 206 0007 814D 402C 		.string	"\201M@,\013\304\322@\314\310\314\300\3104\341\034\003C#\007\023##\210\321\300\301\310P\31
 206      0BC4 D240 
 206      CCC8 CCC0 
 206      C834 E11C 
 206      0343 2307 
 207 0056 953E DAF8 		.string	"\225>\332\370o*/[K\003\020(\200\024"
 207      6F2A 2F5B 
 207      4B03 1028 
 207      8014 00
 208 0065 6556 30B2 		.string	"eV0\262\201\254\\\037t\240\341\377\377\346\206\206\257\212\214,\314\f \003\030>"
 208      81AC 5C1F 
 208      74A0 E1FF 
 208      FFE6 8686 
 208      AF8A 8C2C 
 209 0080 1580 ACFB 		.string	"\025\200\254\373\310\304\004\242\231_067Lg\003\351hff\006\232\266s\347\233\333\354\365\17
 209      C8C4 04A2 
 209      995F 3036 
 209      374C 6703 
 209      E968 6666 
 210 00dd ED08 4701 		.ascii	"\355\bG\001"
 211               		.text
 212               		.section	.gnu.lto_housekeeping_task_kb.8da76fa45cb9828a,"",@progbits
 213 0000 789C 6361 		.string	"x\234ca`d"
 213      6064 00
 214 0007 812A 2096 		.string	"\201* \226\005bi fdf`d\232p\216\201\241\221\203\211\221\021\304h\340`d\250gb\254g\374\312
 214      0562 6920 
 214      6664 6660 
 214      649A 708E 
 214      81A1 9183 
 215 004f 2A7B B4F1 		.string	"*{\264\361\337T^\266\026\2202\005\210$\343\nF6\220u\353\203\0164\374\377\337\334\320p_\22
 215      DF54 5EB6 
 215      1690 3205 
 215      8824 E30A 
 215      4636 9075 
 216 00a7 00        		.string	""
 217 00a8 00        		.string	""
 218 00a9 CA36 12   		.ascii	"\3126\022"
 219               		.text
 220               		.section	.gnu.lto_housekeeping_task_user.8da76fa45cb9828a,"",@progbits
 221 0000 789C 6361 		.string	"x\234ca`d"
 221      6064 00
 222 0007 812A 2096 		.string	"\201* \226\005bi fdf`d\232p\216\201\241\221\203\211\221\021\304h\340`d\250gb\254g\374\312
 222      0562 6920 
 222      6664 6660 
 222      649A 708E 
 222      81A1 9183 
 223 004f 2A7B B4F1 		.string	"*{\264\361\337T^\266\026\2202\005\210$\343\nF6\220u\353\203\0164\374\377\337\334\320\360Y
 223      DF54 5EB6 
 223      1690 3205 
 223      8824 E30A 
 223      4636 9075 
 224 00a7 00        		.string	""
 225 00a8 F7AF 360A 		.ascii	"\367\2576\n"
 226               		.text
 227               		.section	.gnu.lto_housekeeping_task.8da76fa45cb9828a,"",@progbits
 228 0000 789C 6361 		.string	"x\234ca`d"
 228      6064 00
 229 0007 81AB 402C 		.string	"\201\253@,\013\304\322@\314\310\314\300\3104\341\034\003C#\007\023##\210\321\300\301\310P
 229      0BC4 D240 
 229      CCC8 CCC0 
 229      C834 E11C 
 229      0343 2307 
 230 0037 C183 A7EB 		.string	"\301\203\247\353\215\032V\034`lef`\370\317\0046\211\201q9\243&\003P\331\243\215\377\246\3
 230      8D1A 561C 
 230      606C 6566 
 230      60F8 CF04 
 230      3689 8171 
 231 0076 2541 D67C 		.string	"%A\326|db\002\321\314/\030\233\017L\274\314\004R\0162h\347\3167\267\331\353\3776t44\b\264
 231      6462 02D1 
 231      CC2F 189B 
 231      0F4C BCCC 
 231      0452 0E32 
 232 00c0 CD01 DA06 		.string	"\315\001\332\006T!]\222\233\035\237\234_\224\252\237\234\237\233\233\237\247\237\235Z\231
 232      5421 5D92 
 232      9B1D 9F9C 
 232      5F94 AA9F 
 232      9C9F 9B9B 
 233 00e2 00        		.string	""
 234 00e3 B831 57DF 		.ascii	"\2701W\337"
 235               		.text
 236               		.section	.gnu.lto_keyboard_init.8da76fa45cb9828a,"",@progbits
 237 0000 789C 6361 		.string	"x\234ca`d"
 237      6064 00
 238 0007 8130 2025 		.string	"\2010 %\013\244\245\201\230\221\231\201\221i\3029\006\206F\016&FF\020\243\201\203\221\241
 238      0BA4 A581 
 238      9891 9981 
 238      9169 C239 
 238      0686 460E 
 239 0037 8207 ADDB 		.string	"\202\007\255\333\214\032V\034`lef`\370\317\0046\211\201q9\243&\003P\331\243\215\377\246\3
 239      8C1A 561C 
 239      606C 6566 
 239      60F8 CF04 
 239      3689 8171 
 240 0076 2541 D67C 		.string	"%A\326|db\002\321\314/\030\233\017l\276\314\004R\0162h\347\3167\267\331\353\3776t44\b\264
 240      6462 02D1 
 240      CC2F 189B 
 240      0F6C BECC 
 240      0452 0E32 
 241 00de 7A04 E85D 		.string	"z\004\350]\240\023\245Kr\263\343\223\363\213R\365\223\363ss\363\363\364\263S+\223\362\023
 241      A013 A54B 
 241      72B3 E393 
 241      F38B 52F5 
 241      93F3 7373 
 242 0101 CBBC 83F6 		.ascii	"\313\274\203\366"
 243               		.text
 244               		.section	.gnu.lto_switch_events.8da76fa45cb9828a,"",@progbits
 245 0000 789C 6361 		.string	"x\234ca`d"
 245      6064 00
 246 0007 0165 20A5 		.string	"\001e \245\013\244\245\201\230\221\231\201\221i\3029\006\206F\016&FF\020\243\201\203\221\
 246      0BA4 A581 
 246      9891 9981 
 246      9169 C239 
 246      0686 460E 
 247 0037 8207 4B3F 		.string	"\202\007K?\0315\2548\300\330\312\314\300\360\237\tl\022\003\343rFM\240\252\356\2677'\2622
 247      1935 AC38 
 247      C0D8 CACC 
 247      C0F0 9F09 
 247      6C12 03E3 
 248 005a D993 CECF 		.string	"\331\223\316\317;\301\244\276\264\241\241\251\241\341\247@\003s+3#\343\nFf\240\016Fc\031F
 248      3BC1 A4BE 
 248      B4A1 A1A9 
 248      A1E1 A740 
 248      0373 2B33 
 249 007e 03E3 4A46 		.string	"\003\343JFu\240\332\307\257\033\326\2633+\201\365\355\273=}2+T\337fA\210\276U\030\372V\20
 249      75A0 DAC7 
 249      AF1B D6B3 
 249      332B 81F5 
 249      EDBB 3D7D 
 250 0129 699F 6FBD 		.ascii	"i\237o\275"
 251               		.text
 252               		.section	.gnu.lto_keyboard_set_leds.8da76fa45cb9828a,"",@progbits
 253 0000 789C 258E 		.ascii	"x\234%\216\275J\003Q\020\205\347\314]\222-\024\264\023\022Dl"
 253      BD4A 0351 
 253      1085 E7CC 
 253      5D92 2D14 
 253      B413 1244 
 254 0015 621A A3F8 		.ascii	"b\032\243\370&\276\200\350f\253\270.D\033\253\035\223\254Z\232"
 254      26BE 80E8 
 254      66AB B82E 
 254      441B AB1D 
 254      93AC 5A9A 
 255 0029 C2D2 52E2 		.ascii	"\302\322R\342\037\221\224\351\202\265\370\002!\240\013\212\210"
 255      1F91 94E9 
 255      82B5 F802 
 255      21A0 0B8A 
 255      88
 256 003a 422C B410 		.ascii	"B,\264\020\342:w\0358\334\341r\3167\307!\220\235\017\325\242"
 256      E23A 771D 
 256      38DC E172 
 256      CE37 C721 
 256      909D 0FD5 
 257 004f AAA0 8221 		.ascii	"\252\240\202!\360\311\003\321\201\313\200]\304\005E\214\b_<a"
 257      F0C9 03D1 
 257      81CB 805D 
 257      C405 458C 
 257      085F 3C61 
 258 0063 DC1D BDF4 		.ascii	"\334\035\275\364\271\334\021\235\307\347\316\324\241\304s\261"
 258      B9DC 119D 
 258      C7E7 CED4 
 258      A1C4 73B1 
 259 0073 214A 3923 		.ascii	"!J9#\021:(\253\353\246\3754\202\231\007\351\336\377\271\377\316"
 259      113A 28AB 
 259      EBA6 FD34 
 259      8299 07E9 
 259      DEFF B9FF 
 260 0088 97CE 451A 		.ascii	"\227\316E\032\"\355Y1\261\001.`4\201\265\"V\212\244\037\204K"
 260      22ED 5931 
 260      B101 2E60 
 260      3481 B522 
 260      568A A41F 
 261 009e 94AC 39E9 		.ascii	"\224\2549\351\375\236N\347Z\026\277\360\017\305\025r\266\346"
 261      FD9E 4EE7 
 261      5A16 BFF0 
 261      0FC5 1572 
 261      B6E6 
 262 00b0 EDFA 40D2 		.ascii	"\355\372@\322\264)r\266\332\3559\216\226\263\021\032\253\307"
 262      B429 72B6 
 262      DAED 398E 
 262      96B3 111A 
 262      ABC7 
 263 00c2 B6FC 64B6 		.ascii	"\266\374d\266\257yEk0L\226l*;\336\177\037\346\243\211\034\213"
 263      AF79 456B 
 263      304C 966C 
 263      2A3B DE7F 
 263      1FE6 A389 
 264 00d8 CCC4 8653 		.ascii	"\314\304\206SV\024\256\021Q\323pl\f\275\2411\030%nf\2673V\203"
 264      5614 AE11 
 264      51D3 706C 
 264      0CBD A131 
 264      1825 6E66 
 265 00f0 6214 5AD8 		.ascii	"b\024Z\330\013j\033^X\367+^\030\004\341N\245\346\357o\205\233"
 265      0B6A 1B5E 
 265      58F7 2B5E 
 265      1804 E14E 
 265      A5E6 EF6F 
 266 0106 F5EA B247 		.ascii	"\365\352\262G\316\266_\335\375\003N0^\261"
 266      CEB6 5FDD 
 266      FD03 4E30 
 266      5EB1 
 267               		.text
 268               		.section	.gnu.lto_keyboard_task.8da76fa45cb9828a,"",@progbits
 269 0000 789C 9D57 		.ascii	"x\234\235W[L\224G\024\2363"
 269      5B4C 9447 
 269      149E 33
 270 000b B397 7F97 		.string	"\263\227\177\227\335e\271\212\270\n\211\022\365AVk\265&}\350[\323\327\372\330\027\243\324
 270      DD65 B98A 
 270      B80A 8912 
 270      F541 566B 
 270      B526 7DE8 
 271 010c 68F2 4149 		.string	"h\362AIq\311\265E&\350!\177\316\241v]O5\237\273[\307\237\233\365O\337\320\367\004\300/\03
 271      71C9 B545 
 271      26E8 217F 
 271      CEA1 765D 
 271      4F35 9FBB 
 272 013e BDFF D2D3 		.string	"\275\377\322\323\377\243=\343g]/\320\003\233\332]\205z ?\335/"
 272      FFA3 3DE3 
 272      675D 2FD0 
 272      039B DA5D 
 272      857A 203F 
 273 0155 F680 4018 		.string	"\366\200@\030,\364\300|\217\004\243\356\272\341\233\025 \346I\\\357\331\241\033`\340\036\
 273      2CF4 C07C 
 273      8F04 A3EE 
 273      BAE1 9B15 
 273      20E6 495C 
 274 01f6 E25D 1976 		.string	"\342]\031vIi\335\250\323\b{\353\226\244P\232\017\215\217\033*$\266\346\373\346\026\233xOb
 274      4969 DDA8 
 274      D308 7BEB 
 274      96A4 509A 
 274      0F8D 8F1B 
 275 023c 4722 A055 		.string	"G\"\240U\220Q\2664\240\007\203>=\3209\345N]\034\226\213\270piUH\005\223\2248\031\305\207\
 275      9051 B634 
 275      A007 833E 
 275      3DD0 39E5 
 275      4E5D 1C96 
 276 0299 96FA B485 		.ascii	"\226\372\264\205\rr\216\177D7\024\004\206\333<\262\364\373e\320"
 276      0D72 8E7F 
 276      4437 1404 
 276      86DB 3CB2 
 276      F4FB 65D0 
 277 02ad 25FE DA0B 		.ascii	"%\376\332\013V\2525G\336\325X\032R\031\231\"5\250$$\352\005\037"
 277      56AA 3547 
 277      DED5 581A 
 277      5219 9922 
 277      35A8 2424 
 278 02c4 F538 C97C 		.ascii	"\3658\311|\302\211\240\352\352{\035\326\274\347\372z]w\373\205"
 278      C289 A0EA 
 278      EA7B 1DD6 
 278      BCE7 FA7A 
 278      5D77 FB85 
 279 02d8 3DC8 6977 		.ascii	"=\310iw9\ny\3502\006\rp\211\306`Q\233uAa\207\257\254\"\345\005"
 279      390A 79E8 
 279      3206 0D70 
 279      89C6 6051 
 279      9B75 4161 
 280 02f2 BAEC 5EF5 		.ascii	"\272\354^\365\023'\271\264\242\313cF7\fr\301\206A\240+}\r\251"
 280      1327 B9B4 
 280      A2CB 6346 
 280      370C 72C1 
 280      8641 A02B 
 281 0309 B208 378E 		.ascii	"\262\b7\216 \306\300\340\270t\343\224\020\023\305\304\206\300"
 281      20C6 C0E0 
 281      B874 E394 
 281      1013 C5C4 
 281      86C0 
 282 031b 141E 08A0 		.ascii	"\024\036\b\240\325\023\340\021\235-\245@/\2344\315l\277\007\215"
 282      D513 E011 
 282      9D2D A540 
 282      2F9C 34CD 
 282      6CBF 078D 
 283 032f 1706 B6B5 		.ascii	"\027\006\266\265O\0317\"\224y9\fh\274\2068\272#\\\273\202\310"
 283      4F19 3722 
 283      9479 390C 
 283      68BC 8638 
 283      BA23 5CBB 
 284 0345 8EC1 4974 		.ascii	"\216\301It\355\023\2705\304\312 kT\022\021\300z\240`h\335h\357"
 284      ED13 B835 
 284      C4CA 206B 
 284      5412 11C0 
 284      7AA0 6068 
 285 035c 2550 16E2 		.ascii	"%P\026\342P\213d5\306:>\234\237\033\"cs\343 \310\331\355?\327"
 285      508B 6435 
 285      C63A 3E9C 
 285      9F1B 2263 
 285      73E3 20C8 
 286 0374 5A67 DF0E 		.ascii	"Zg\337\016\333\362u)\217\203S\220\207\233\225G}<q\242K,\360R"
 286      DBF2 7529 
 286      8F83 5390 
 286      879B 9547 
 286      7D3C 71A2 
 287 038c AD6A 613B 		.ascii	"\255ja;\240\037\331\202\277\303\002t\346\373\247\350\031W\356"
 287      A01F D982 
 287      BFC3 0274 
 287      E6FB A7E8 
 287      1957 EE
 288 039f 12        		.ascii	"\022"
 289 03a0 9012 3A0D 		.string	"\220\022:\r\221\334K$\023T%nUx\f\245\260\324[\330f\227@\276G\313/\224\230\307\247\247\222
 289      91DC 4B24 
 289      1354 256E 
 289      5578 0CA5 
 289      B0D4 5BD8 
 290 04a1 17A8 04D4 		.ascii	"\027\250\004\324\233p\021\274>\254+\331\202\3270\324B\206Ld\350"
 290      9B70 11BC 
 290      3EAC 2BD9 
 290      82D7 30D4 
 290      4286 4C64 
 291 04b6 1219 A2F1 		.ascii	"\022\031\242\361\300\244\364\364?\262(\322i2+4I\276J\253\022"
 291      C0A4 F4F4 
 291      3FB2 28D2 
 291      6932 2B34 
 291      49BE 4AAB 
 292 04cb A5A3 54A6 		.ascii	"\245\243T\246eR\376\232rk&\323\227\311t\272\334\257\256\265\217"
 292      6552 FE9A 
 292      726B 26D3 
 292      97C9 74BA 
 292      DCAF AEB5 
 293 04e0 18E9 9819 		.ascii	"\030\351\230\031\221\274\224 \247b]\221\311\233J.\037\027\215"
 293      91BC 9420 
 293      A762 5D91 
 293      C99B 4A2E 
 293      1F17 8D
 294 04f3 A429 ED59 		.ascii	"\244)\355Y\n\020*}*\226\276\365\2778\244*\016t\243\200\253\304"
 294      0A10 2A7D 
 294      2A96 BEF5 
 294      BF38 A42A 
 294      0E74 A380 
 295 0509 6116 7228 		.ascii	"a\026r(\304\215\354|\264\006\234\026\304\036e\320\206\356\t\347"
 295      C48D EC7C 
 295      B406 9C16 
 295      C41E 65D0 
 295      86EE 09E7 
 296 051d 17AA 571C 		.ascii	"\027\252W\034Tv\3324\312;\033l\212\314\354W\330(\376\210\330"
 296      5476 DA34 
 296      CA3B 1B6C 
 296      8ACC EC57 
 296      D828 FE88 
 297 0532 28CA 0C76 		.ascii	"(\312\fv\034\256\205\355\026\355\306na\344}\216\314\373\354\227"
 297      1CAE 85ED 
 297      16ED C66E 
 297      61E4 7D8E 
 297      CCFB EC97 
 298 0546 EAFA 7F5D 		.ascii	"\352\372\177]vL\342\2623\314\345uX\200\216d\220N\366\344\035"
 298      764C E2B2 
 298      33CC E575 
 298      5880 8E64 
 298      904E F6E4 
 299 055b 9A87 92A2 		.ascii	"\232\207\222\242\206\376\253F\201\246b_\205\247\0343\016\177"
 299      86FE AB46 
 299      81A6 625F 
 299      85A7 1C33 
 299      0E7F 
 300 056d CA69 E363 		.ascii	"\312i\343c\003\345Se\032(\252KQ\230T\244\215\230\212\272\323"
 300      03E5 5365 
 300      1A28 AA4B 
 300      5198 54A4 
 300      8D98 8ABA 
 301 0582 451A 616C 		.ascii	"E\032al\210\271\021\206\251$L\252t\351bx=\244\351v3eJ0\265\220"
 301      88B9 1186 
 301      A924 4CAA 
 301      74E9 6278 
 301      3DA4 E976 
 302 059c 3A9C 66E7 		.ascii	":\234f\347\202\3573e\226x\214\336\355\272\353T<\314pSM\322\020"
 302      82EF 3365 
 302      9678 8CDE 
 302      EDBA EB54 
 302      3CCC 7053 
 303 05b3 9AC5 0D40 		.ascii	"\232\305\r@{v\271\017\243Junh\335\341\030\002As\256\355\261\""
 303      7B76 B90F 
 303      A34A 756E 
 303      68DD E118 
 303      0241 73AE 
 304 05ca 3B67 9513 		.ascii	";g\225\023]\305\262}SUt\017z+\215\275?\t\233=\024\016\355\306"
 304      5DC5 B27D 
 304      5355 740F 
 304      7A2B 8DBD 
 304      3F09 9B3D 
 305 05e2 15E4 3649 		.ascii	"\025\3446IRs\263\3414Pd\244\024\024\231d\205\004\272\2315m\336"
 305      5273 B3E1 
 305      3450 64A4 
 305      1414 9964 
 305      8504 BA99 
 306 05f9 E350 64AC 		.ascii	"\343Pd\254\3205F\0069\230L\370H\212\255\212A3q\254Av\316\310"
 306      D035 4606 
 306      3998 4CF8 
 306      488A AD8A 
 306      4133 71AC 
 307 0611 C0FD AB66 		.ascii	"\300\375\253f:\311\242\314\346\301If\263;4\344\267\300K\007\264"
 307      3AC9 A2CC 
 307      E6C1 4966 
 307      B33B 34E4 
 307      B7C0 4B07 
 308 0626 FF76 A9A6 		.ascii	"\377v\251\246\016\350 \300m\325\375k_\303\360_\241\241\357\001"
 308      0EE8 20C0 
 308      6DD5 FD6B 
 308      5FC3 F05F 
 308      A1A1 EF01 
 309 063a EFE4 8634 		.ascii	"\357\344\2064eH\216\361\035Tn\222\367\016\241n\r\231\023\215"
 309      6548 8EF1 
 309      1D54 6E92 
 309      F70E A16E 
 309      0D99 138D 
 310 064e 706F D808 		.ascii	"po\330\b[\224.N_fhb!\252\257T\345K\216k\037\215\253W\216\353"
 310      5B94 2E4E 
 310      5F66 6862 
 310      21AA AF54 
 310      E54B 8E6B 
 311 0668 C2E8 F70E 		.ascii	"\302\350\367\016c\\\373i\\\017\276\030\327x\272{\334\206|7\241"
 311      635C FB69 
 311      5C0F BE18 
 311      D778 BA7B 
 311      DC86 7C37 
 312 067d E852 2D77 		.ascii	"\350R-w\235\016>\341\345\005\377\365\200\273\306\241C\272\217"
 312      9D0E 3EE1 
 312      E505 FFF5 
 312      80BB C6A1 
 312      43BA 8F
 313 0690 664C A86A 		.ascii	"fL\250jC\325{a\252[\273\037s\025\335\242h\267/;\252\3377n_\024"
 313      43D5 7B61 
 313      AA5B BB1F 
 313      7315 DDA2 
 313      68B7 2F3B 
 314 06aa F58E 64A5 		.ascii	"\365\216d\245\2748\374\220\234\036\345\244\236\216\227\357h\243"
 314      BC38 FC90 
 314      9C1E E5A4 
 314      9E8E 97EF 
 314      68A3 
 315 06bc 0DF0 378E 		.ascii	"\r\3607\216\366\003j7\030\300AV\347\313\n\203\002\0326N\227\004"
 315      F603 6A37 
 315      18C0 4156 
 315      E7CB 0A83 
 315      021A 364E 
 316 06d2 F695 3C6A 		.ascii	"\366\225<j\003\333\272\007\f\202K&\"8\030A\360\025\350\f\205"
 316      03DB BA07 
 316      0C82 4B26 
 316      2238 1841 
 316      F015 E80C 
 317 06e7 E80C CB7D 		.ascii	"\350\f\313}e\t\025,\260\275\273\021\242\347pF\020O>\006#\362"
 317      6509 152C 
 317      B0BD BB11 
 317      A2E7 7046 
 317      104F 3E06 
 318 06fd C2B6 C42F 		.ascii	"\302\266\304/\322$\335D*Y?\236\341\207\2725u\341ctA\006\024c"
 318      D224 DD44 
 318      2A59 3F9E 
 318      E187 BA35 
 318      75E1 6374 
 319 0715 034F 5B9B 		.ascii	"\003O[\233\275jYVN\356JoVNvv\316j\357\252\225_\256\310Y\236\373"
 319      BD6A 5956 
 319      4EEE 4A6F 
 319      564E 7676 
 319      CE6A EFAA 
 320 0730 6166 1673 		.ascii	"af\026se/_\233\373\311\027\313\262>^\276\372\243\225\037:_Z\332"
 320      652F 5F9B 
 320      FBC9 17CB 
 320      B23E 5EBE 
 320      FAA3 951F 
 321 0748 8D55 6ECE 		.ascii	"\215Un\316\347\220\253e\345|\272,{\371\232U\220\365/\315}\277"
 321      E790 AB65 
 321      E57C BA2C 
 321      7BF9 9A55 
 321      90F5 2FCD 
 322 075e 3D        		.ascii	"="
 323               		.text
 324               		.section	.gnu.lto_.symbol_nodes.8da76fa45cb9828a,"",@progbits
 325 0000 789C 55D0 		.string	"x\234U\320YOSQ\024\005\340\265\357\351-2\225\026,\364\332\253\264\f\005\304\341'\256\212u
 325      594F 5351 
 325      1405 E0B5 
 325      EFE9 2D32 
 325      9516 2CF4 
 326 0071 6675 FD00 		.string	"fu\375"
 327 0075 5EBA FE11 		.ascii	"^\272\376\021\354\323\341O\3401\225\317`\277\312!8\240\362\005"
 327      ECD3 E14F 
 327      E031 95CF 
 327      60BF CA21 
 327      38A0 F205 
 328 0089 1C54 F90A 		.ascii	"\034T\371\n\016\251|\003\207U\276\2039\225\037\340\210\210]\265"
 328      0EA9 7C03 
 328      8755 BE83 
 328      3995 1FE0 
 328      8888 5DB5 
 329 009d E818 4BF4 		.ascii	"\350\030K\364=\217*\321\310O0\257K\277\300\202\312opT\345\b\034"
 329      3D8F 2AD1 
 329      C84F 30AF 
 329      4BBF C082 
 329      CA6F 7054 
 330 00b4 53F9 031E 		.ascii	"S\371\003\036W\251\033\213*\027\214\343*K\306\t\225\206\261\244"
 330      57A9 1B8B 
 330      2A17 8CE3 
 330      2A4B C609 
 330      9586 B1A4 
 331 00c8 72D1 18E8 		.ascii	"r\321\030\350\177\3374\227\374\267\277j\231\350\r\360\357\231"
 331      7FDF 3497 
 331      FCB7 BF6A 
 331      99E8 0DF0 
 331      EF99 
 332 00da 9F80 5D32 		.ascii	"\237\200]2\236\370\367\274z\324\262\313\306\262\300\025c(p\335"
 332      9EF8 F7BC 
 332      7AD4 B2CB 
 332      C6B2 C015 
 332      6328 70DD 
 333 00ee 7852 A069 		.ascii	"xR\240i<%\260l\234\024\270f\254\b\3347V\005\356\032\247\004\326"
 333      3C25 B06C 
 333      9C14 B866 
 333      AC08 DC37 
 333      5605 EE1A 
 334 0105 8DD3 026B 		.ascii	"\215\323\002k\306\031\201;\306Y\201\333\306\232\300-\343\234"
 334      C619 813B 
 334      C659 81DB 
 334      C69A C02D 
 334      E39C 
 335 0117 C08A 715E 		.ascii	"\300\212q^\340\206q\341\177p^\005\233/\216\314\371\275\314V\321"
 335      E086 71E1 
 335      7F70 5E05 
 335      9B2F 8ECC 
 335      F9BD CC56 
 336 012c 8EB3 BF57 		.ascii	"\216\263\277W\017\364\352\3340Zq\346G\322,\f\366r*\235+\fa7\311"
 336      0FF4 EADC 
 336      305A 71E6 
 336      47D2 2C0C 
 336      F672 2A9D 
 337 0145 1C96 5E46 		.ascii	"\034\226^FY\034K\373\245\361^N\240\023gPK\357\013f\323\275`\006"
 337      591C 4BFB 
 337      A5F1 5E4E 
 337      A013 6750 
 337      4BEF 0B66 
 338 015d DD24 A7D1 		.ascii	"\335$\247\321\210\367\202<Zq\226\347\322\271\360|\332\017\263"
 338      88F7 823C 
 338      5A71 96E7 
 338      D2B9 F07C 
 338      DA0F B3
 339 0170 E83C AEB9 		.ascii	"\350<\256\271\360\034\032[\257\232\316\205g\321^>\f\\XD\247\271"
 339      F01C 1A5B 
 339      AF9A CE85 
 339      67D1 5E3E 
 339      0C5C 5844 
 340 0186 DDE7 C233 		.ascii	"\335\347\3023h?\335\362\\\270\210\306\2638\243\372\371N)\251"
 340      683F DDF2 
 340      5CB8 88C6 
 340      B338 A3FA 
 340      F94E 29A9 
 341 019a 77E2 3C8D 		.ascii	"w\342<\215\315\207{\223.\\@7\311y46\322\354n\354G\367\224\321"
 341      CD87 7B93 
 341      2E5C 4037 
 341      C979 3436 
 341      D2EC 6EEC 
 342 01b2 DA3D 78E0 		.ascii	"\332=x\340\360\027\265\202\026\211"
 342      F017 B582 
 342      1689 
 343               		.text
 344               		.section	.gnu.lto_.refs.8da76fa45cb9828a,"",@progbits
 345 0000 789C 15C8 		.ascii	"x\234\025\310A\022@0\020E\301\367'#\202\205b-R\3129\034\300\255"
 345      4112 4030 
 345      1045 C1F7 
 345      2723 8285 
 345      622D 52CA 
 346 0018 1DCD 64D3 		.ascii	"\035\315d\323\213v\304\013!\222\254\223pi\b,\307\310\223F\212"
 346      8B76 C40B 
 346      2192 AC93 
 346      7069 082C 
 346      C7C8 9346 
 347 002d 3405 36F7 		.ascii	"4\0056\367)I\233\355\226\017\352\302\271R/\325\233\366\250}\360"
 347      2949 9BED 
 347      960F EAC2 
 347      B952 2FD5 
 347      9BF6 A87D 
 348 0042 0342 5C03 		.ascii	"\003B\\\003\031"
 348      19
 349               		.text
 350               		.section	.gnu.lto_.decls.8da76fa45cb9828a,"",@progbits
 351 0000 789C 9559 		.string	"x\234\225YyTTW\232\257\373.KQ\024\340B\242\235&\036'm\216\364\374\241\2119\223\236\3743cz
 351      7954 5457 
 351      9AAF FB2E 
 351      4B51 14E0 
 351      42A2 9D26 
 352 0089 E205 52A6 		.string	"\342\005R\246a\317\337\202\\\002\271\006R\007R\017r\013\244\021\244\031\244\025\244\r\244
 352      61CF DF82 
 352      5C02 B906 
 352      5207 520F 
 352      720B A411 
 353 00af 6410 E419 		.string	"d\020\344\031\310\030\310\004\3104\310+\220\327 s \216\340\222\013\210+\210\007\310b\220\
 353      C818 C804 
 353      C834 C82B 
 353      90D7 2073 
 353      208E E092 
 354 00d3 5909 F21E 		.string	"Y\t\362\036\310\373 \253A~\016\362k\220\317@>\007\371\n\344\277@\234\200\357\277\341\367w
 354      C8FB 20AB 
 354      417E 0EF2 
 354      6B90 CF40 
 354      3E07 F90A 
 355 0100 B204 C413 		.string	"\262\004\304\023\244\026$\212c\020oG\234K\371\220\370\235\347\351\255\346\272{A\3349^\340
 355      A416 248A 
 355      6310 6F47 
 355      9C4B F990 
 355      F89D E7E9 
 356 0190 D4A0 F0BF 		.string	"\324\240\360\277\333\216N\237\r\356>\033\270\201\037\341\036\260\243C\346\255\323<\235\20
 356      DB8E 4E9F 
 356      0DEE 3E1B 
 356      B881 1FE1 
 356      1EB0 A343 
 357 01d4 34A2 8869 		.string	"4\242\210i\302\016\367\264fa\276\246m\340^\331\300\275\262\201{\255\261\235W\314\333\246\
 357      C20E F7B4 
 357      6661 BEA6 
 357      6DE0 5ED9 
 357      C0BD B281 
 358 0242 B21B 6427 		.string	"\262\033d'\222\373\355\357\3407\021\3447 \377"
 358      92FB EDEF 
 358      E037 11E4 
 358      3720 FF00 
 359 0252 9204 F22B 		.ascii	"\222\004\362+\220d$\373I\326\213?\301\357.\220\365 \353@>\004"
 359      9064 24FB 
 359      49D6 8B3F 
 359      C1EF 2E90 
 359      F520 EB40 
 360 0268 F914 E497 		.ascii	"\371\024\344\227 z\356+\331\007\310\272\365\025\337\033\310X"
 360      207A EE2B 
 360      D907 C8BA 
 360      F515 DF1B 
 360      C858 
 361 027a F88C EF17 		.ascii	"\370\214\357\027d\337 \373\007\331G\244|l\342\373C*\337+\224"
 361      64DF 20FB 
 361      07D9 47A4 
 361      7C6C E2FB 
 361      432A DF2B 
 362 028f CF6B 0135 		.ascii	"\317k\0015\364\277\356EkN\211\360\304\210\242 \310-\265sS\026"
 362      F4BF EE45 
 362      6B4E 89F0 
 362      C488 A220 
 362      C82D B573 
 363 02a5 8F17 025A 		.ascii	"\217\027\002Z\242C\002\024\233F\353\323]\241\350\251C\213\240"
 363      A243 0214 
 363      9B46 EBD3 
 363      5DA1 E8A9 
 363      438B A0
 364 02b8 5818 D193 		.ascii	"X\030\321\223\257\205\242\227\016\315!R\036*{\351\306\312D9?"
 364      AF85 A297 
 364      0ECD 2152 
 364      1E2A 7BE9 
 364      C6CA 4439 
 365 02cd F378 8D1B 		.ascii	"\363x\215\033v%\357\302\205'\203\r\002\322yG\211\342n\321\222"
 365      7625 EFC2 
 365      8527 830D 
 365      02D2 7947 
 365      89E2 6ED1 
 366 02e2 253A 2DD7 		.ascii	"%:-\327\240\217\274\320\007^\032t\032y\023\215<\264F\203N\"/"
 366      A08F BCD0 
 366      075E 1A74 
 366      1A79 138D 
 366      3CB4 4683 
 367 02f9 7402 7969 		.ascii	"t\002yi\216\021_\272\332\246=N\213\342\"T\200t\350\024\302\024"
 367      8E11 5FBA 
 367      DAA6 3D4E 
 367      8BE2 2254 
 367      8074 E814 
 368 030f 029D EFA5 		.ascii	"\002\235\357\245c\316M\0175\026\n\016\340-\005lt u'\216ve\270"
 368      63CE 4D0F 
 368      3516 0A0E 
 368      E02D 056C 
 368      7420 7527 
 369 0327 800B CBC0 		.ascii	"\200\013\313\300%R\256j\356:\242ce\361\377\240\334|\177\306\242"
 369      2552 AE6A 
 369      EE3A A263 
 369      65F1 FFA0 
 369      DC7C 7FC6 
 370 033c C5EB A84F 		.ascii	"\305\353\250O\347.%U\272 o\0355fy\025\371\266(jQ1P\235\225m-"
 370      E72E 2555 
 370      BA20 6F1D 
 370      3566 7915 
 370      F9B6 286A 
 371 0357 23B6 A228 		.ascii	"#\266\242(@\345\3649pz\031w\372\f8]\004N\023sMI\261n\313\223"
 371      40E5 F439 
 371      707A 1977 
 371      FA0C 385D 
 371      044E 1373 
 372 0371 285E 1457 		.ascii	"(^\024W\"J\307T4\350<Z\016\377\027\"\007\346~\375\365\314Rw}"
 372      224A C754 
 372      34E8 3C5A 
 372      0EFF 1722 
 372      07E6 7EFD 
 373 038a 3449 4883 		.ascii	"4IH\203(\352\226\223v\224\017\\\307\021A_@z\311\tx\005\374\315"
 373      28EA 9693 
 373      7694 0F5C 
 373      C711 415F 
 373      407A C909 
 374 03a2 DAE6 1467 		.ascii	"\332\346\024g\374\tq\335!\363\351\201*\035@\221\013\210w\032"
 374      FC09 71DD 
 374      21F3 E981 
 374      2A1D 4091 
 374      0B88 771A 
 375 03b6 F85D 865C 		.ascii	"\370]\206\\4\2214\271b\026L-\311\317r\360\2234iP)\300/\002s\232"
 375      3491 34B9 
 375      6216 4C2D 
 375      C9CF 72F0 
 375      9334 6950 
 376 03d0 1845 724A 		.ascii	"\030ErJ*\217I=\256!ET\202\2604(H\031L&\017\217t\353\360?\322"
 376      2A8F 493D 
 376      AE21 4554 
 376      82B0 3428 
 376      4819 4C26 
 377 03eb DE1C AABD 		.ascii	"\336\034\252\275uE\373^\226\330\005\035s\346\312\212\224h1\034"
 377      7545 FB5E 
 377      96D8 051D 
 377      73E6 CA8A 
 377      9468 311C 
 378 03ff 5397 2BE4 		.ascii	"S\227+\344lUp\006t\t\275\007*\007\332\016\357w\271\207:\220\200"
 378      6C55 7006 
 378      7409 BD07 
 378      2A07 DA0E 
 378      EF77 B987 
 379 0416 34D2 4E83 		.ascii	"4\322N\203\244\037D^i\021\221WR\0204|\017D\254\212\n\377\341"
 379      A41F 445E 
 379      6911 9157 
 379      5210 347C 
 379      0F44 AC8A 
 380 042d 10FE 2A93 		.ascii	"\020\376*\223\321\177\210\277\316I\017%a\2252\027\251\222\306"
 380      D17F 88BF 
 380      CE49 0F25 
 380      6195 3217 
 380      A992 C6
 381 0440 36D7 A2ED 		.ascii	"6\327\242\355\002\371\221U\021\343#\365\210{\242$f~+x\221:8$"
 381      02F9 9155 
 381      11E3 23F5 
 381      887B A224 
 381      667E 2B78 
 382 0458 CD9D C753 		.ascii	"\315\235\307SC\311n\330\217&\257\363Z\376I\f\303p\265\216\032"
 382      43C9 6ED8 
 382      8F26 AFF3 
 382      5AFE 490C 
 382      C370 B58E 
 383 046d F250 4C96 		.ascii	"\362PL\226\325|\262\344\304f;\341?\321\367\306\360\242#\230\315"
 383      D57C B2E4 
 383      C466 3BE1 
 383      3FD1 F7C6 
 383      F0A2 2398 
 384 0482 3A07 283E 		.ascii	":\007(>\277\231\326\355\316f\335J\030\266\225Q-\315Zi*\215\212"
 384      BF99 D6ED 
 384      CE66 DD4A 
 384      18B6 9551 
 384      2DCD 5A69 
 385 0499 E212 1895 		.ascii	"\342\022\030\2255\320\271?@\347\242+\320\337\253\371\270\274"
 385      35D0 B93F 
 385      40E7 A22B 
 385      D0DF ABF9 
 385      B8BC 
 386 04ab 0C95 1679 		.ascii	"\f\225\026y2\035\367\244\223\251\026Fd\265\334e\253\371d\272"
 386      321D F7A4 
 386      93A9 1646 
 386      64B5 DC65 
 386      ABF9 64BA 
 387 04bf 767E F2BA 		.ascii	"v~\362\272^9rk\025#\367*\035\271\033\371\300\275w\360"
 387      5E39 726B 
 387      1523 F72A 
 387      1DB9 1BF9 
 387      C0BD 77F0 
 388 04d3 629F 1B8C 		.string	"b\237\033\214\204\254\"\261+\275. 67T,\002\265\365\002\301\241*\231\273\212\016\007T\211\
 388      84AC 22B1 
 388      2BBD 2E20 
 388      3637 542C 
 388      02B5 F502 
 389 05d4 2379 DE7A 		.string	"#y\336z-\316\205'\345\345>\034!ZB\201F\2404\3552M\273\222\246\203\0054\336\226\343\201'\0
 389      2DCE 8527 
 389      E5E5 3E1C 
 389      215A 4281 
 389      46A0 34ED 
 390 0608 8C59 EAC3 		.ascii	"\214Y\352\303v\347\037 \343\245+K\264\224\034\\A\254\204JV\356"
 390      76E7 1F20 
 390      E3A5 2B4B 
 390      B494 1C5C 
 390      41AC 844A 
 391 061e 4A56 D07D 		.ascii	"JV\320}\344@J\262\241N\226\377\234\260M8\312\036\365x\336\225"
 391      E440 4AB2 
 391      A14E 96FF 
 391      9CB0 4D38 
 391      CA1E F578 
 392 0634 9D9C B9E9 		.ascii	"\235\234\271\351\026$!KJ\302\003+\357C\340}\240\344\355\242\274"
 392      1624 214B 
 392      4AC2 032B 
 392      EF43 E07D 
 392      A0E4 EDA2 
 393 0649 67C6 BB83 		.ascii	"g\306\273\203q\246=\336\261\352\201\313:N\374@E\374\310J\374"
 393      71A6 3DDE 
 393      B1EA 81CB 
 393      3A4E FC40 
 393      45FC C84A 
 394 065e 1888 1F29 		.ascii	"\030\210\037)\211\273)qs\361h\261\013.\266\353\361\251\304x)"
 394      89BB 2971 
 394      73F1 68B1 
 394      0B2E B6EB 
 394      F1A9 C478 
 395 0673 19B3 2AE6 		.ascii	"\031\263*\346\036+s/0\367(\231\373(\263\030^\032\343\200\353"
 395      1E2B 732F 
 395      30F7 2899 
 395      FB28 B318 
 395      5E1A E380 
 396 0688 ED31 D70D 		.ascii	"\3551\327\r\017'9s\346\264\333J\346~+\363\023`\356W2\017P\346"
 396      0F27 3973 
 396      E6B4 DB4A 
 396      E67E 2BF3 
 396      1360 EE57 
 397 06a0 4BDD 0DBB 		.ascii	"K\335\r\273=\360c\306\234{u\3171i\220\227\034R\017\212\247\362"
 397      3DF0 63C6 
 397      9C7B 75CF 
 397      3169 9097 
 397      1C52 0F8A 
 398 06b6 A078 AAA4 		.ascii	"\240x\252\244\031\2444\263a\255\356\370\271=\377\036%Y\016\253"
 398      19A4 34B3 
 398      61AD EEF8 
 398      B93D FF1E 
 398      2559 0EAB 
 399 06ca 766A B203 		.ascii	"vj\262\003J\223uD5Y\223\236\337\353v\343\241\274>$\217\030@\241"
 399      4A93 7544 
 399      3559 939E 
 399      DFEB 76E3 
 399      A1BC 3E24 
 400 06e2 216B 30C3 		.ascii	"!k0\303\020\314\220\322\213g\324\213\342\231\222\023\2168\334"
 400      10CC 90D2 
 400      8B67 D48B 
 400      E299 9213 
 400      8E38 DC
 401 06f5 C18E 1BA9 		.ascii	"\301\216\033\251\035\315?'\321\001uJ\223\224%B<j%~\016\304\243"
 401      1DCD 3F27 
 401      D101 754A 
 401      9394 2542 
 401      3C6A 257E 
 402 070c 4AE2 314A 		.ascii	"J\3421J|l\357\271)g\234h\217x\342AT\211\344\364\005\025\363\270"
 402      7C6C EFB9 
 402      2967 9C68 
 402      8F78 E241 
 402      5489 E4F4 
 403 0724 95F9 0530 		.ascii	"\225\371\0050\217+\231'(sLf\337\2043.\260\307|3/\247G\352\331"
 403      8F2B 9927 
 403      2873 4C66 
 403      DF84 332E 
 403      B0C7 7C33 
 404 073d 9626 65CF 		.ascii	"\226&e\317NZ\231\247\200yR\311<\315\226\334\361\3028=\256\266"
 404      4E5A 99A7 
 404      8079 52C9 
 404      3CCD 96DC 
 404      F1C2 383D 
 405 0753 C71C B5AF 		.ascii	"\307\034\265\257z@\032\215c*\346\227V\346\031`~\251d~E\231C\213"
 405      7A40 1A8D 
 405      632A E697 
 405      56E6 1960 
 405      7EA9 647E 
 406 076b 5266 DC71 		.ascii	"Rf\334q\007c\216l\331\337\353\312\307\314\\\234z\314\314\312"
 406      0763 8E6C 
 406      D9DF EBCA 
 406      C7CC 5C9C 
 406      7ACC CCCA 
 407 077f 6366 5649 		.ascii	"cfVI\363\232\322\f\334\027\337`<\310hzJ_\r;s\232\242f\345\242"
 407      F39A D20C 
 407      DC17 DF60 
 407      3CC8 687A 
 407      4A5F 0D3B 
 408 0799 F646 2679 		.ascii	"\366F&y\243$\231\243$/\343\272\317\353\360KFr~\356y\252+=\244"
 408      A324 99A3 
 408      242F E3BA 
 408      CFEB F04B 
 408      4672 7EEE 
 409 07b2 9201 C60E 		.ascii	"\222\001\306\016\251\223=\215W\035\255\007\327P\201V\326\224"
 409      A993 3D8D 
 409      571D AD07 
 409      D750 8156 
 409      D694 
 410 07c4 1C98 D15B 		.ascii	"\034\230\321[+w\263\312\241l\313\204"
 410      2B77 B3CA 
 410      A16C CB84 
 411 07d0 D6CE 8E12 		.ascii	"\326\316\216\022.\220A\032&\360Q\332/\036{A6\323Q\3606\256M\362"
 411      2E90 411A 
 411      26F0 51DA 
 411      2F1E 7B41 
 411      36D3 51F0 
 412 07e8 1640 4814 		.ascii	"\026@H\024\254\336\302\253\354m\204@\274MK\021\353"
 412      ACDE C2AB 
 412      EC6D 8440 
 412      BC4D 4B11 
 412      EB
 413 07f9 308E 7444 		.string	"0\216tD\366\216\324\365M5\t\256v|\210\242>DJ>\274\256,\353\327I\333\332Fk\336\001\205\366
 413      F68E D4F5 
 413      4D35 09AE 
 413      767C 88A2 
 413      3E44 4A3E 
 414 08fa 0C8A 933D 		.ascii	"\f\212\223=\212\223\342K\241\361\335\316*\t\023p\252\023\233"
 414      8A93 E24B 
 414      A1F1 DDCE 
 414      2A09 1370 
 414      AA13 9B
 415 090d 59A9 E102 		.ascii	"Y\251\341\002W\317\034\377\346~q\202\030\345D\217H(U&H\225\b"
 415      57CF 1CFF 
 415      E67E 7182 
 415      18E5 448F 
 415      4828 5526 
 416 0924 D228 C180 		.ascii	"\322(\301\200%e\306\001\2273\202\270\214\262i\235\3040\271\275"
 416      2565 C601 
 416      9733 82B8 
 416      8CB2 699D 
 416      C430 B9BD 
 417 0938 973A 40F4 		.ascii	"\227:@\364\017\313\372\207%\375#T?5\245\"\326\021w0\375\313/"
 417      0FCB FA87 
 417      25FD 2354 
 417      3F35 A522 
 417      D611 7730 
 418 094f 136B 1CB8 		.ascii	"\023k\034\270\376\271\251?\360\336%\004\3512A\272D\220A\t\302"
 418      FEB9 A93F 
 418      F0DE 2504 
 418      E932 41BA 
 418      4490 4109 
 419 0964 FABA 60C1 		.ascii	"\372\272`\301\215t\246\004\305g\037\345\272s\202\007\203_\264"
 419      8D74 A604 
 419      C567 1FE5 
 419      BA73 8207 
 419      835F B4
 420 0977 8859 CBA9 		.ascii	"\210Y\313\251z\246\254\236)\251gQ\365\344\263o\276\300qL;.\351"
 420      7AA6 AC9E 
 420      29A9 6751 
 420      F5E4 B36F 
 420      BEC0 714C 
 421 098e 4087 33D7 		.ascii	"@\2073\327\236\230Y\337G\335'"
 421      9E98 59DF 
 421      47DD 27
 422 0999 B3E4 7B59 		.string	"\263\344{Y\375{I=\233\252?=\333V\350\216\363\231~nfE\215\223\262\253\n\024\0039GPn^\226\3
 422      FD7B 493D 
 422      9BAA 3F3D 
 422      DB56 E88E 
 422      F399 7E6E 
 423 0a9a 8086 6781 		.string	"\200\206g\201\337\033\007\236\265\235\367\300\026\352\271pt<}/FKm\373\215.\200\273\366\\g
 423      DF1B 079E 
 423      B59D F7C0 
 423      16EA B970 
 423      743C 7D2F 
 424 0b3f 0416 48C5 		.string	"\004\026H\305e\220j\271'E\322\223\277\3559J{\222\344\244"
 424      6590 6AB9 
 424      2745 D293 
 424      BFED 394A 
 424      7B92 E4A4 
 425 0b54 BC21 3A56 		.string	"\274!:V\313k\347\365e\312b\322\227d\343>\305\241\274/\331\250Q \323\336\"H\022b\331|\322\
 425      CB6B E7F5 
 425      65CA 62D2 
 425      9764 E33E 
 425      C5A1 BC2F 
 426 0bb2 E165 5BC0 		.string	"\341e[\300\336\210\375\275\202\235-\340\032]V\256J[@gM\3303\353\262\220\367\333~:\253\001
 426      DE88 FDBD 
 426      829D 2DE0 
 426      1A5D 56AE 
 426      4A5B 4067 
 427 0c3a 6134 BE7D 		.ascii	"a4\276}\314\335\372!\361y\016\"\375\333\f\3614\312\006@U\032"
 427      CCDD FA21 
 427      F179 0E22 
 427      FDDB 0CF1 
 427      34CA 0640 
 428 0c50 EFEA 2F89 		.ascii	"\357\352/\211M\302\302\317\237`\240j\317\223Y\027e~\232\025\371"
 428      4DC2 C2CF 
 428      9F60 A06A 
 428      CF93 5917 
 428      657E 9A15 
 429 0c65 69A1 F969 		.ascii	"i\241\371i\220\372\342j\304\305F\314\217\032\235\273\"\304jD"
 429      90FA E26A 
 429      C4C5 46CC 
 429      8F1A 9DBB 
 429      22C4 6A44 
 430 0c79 10E8 B66C 		.ascii	"\020\350\266l\375\266\024^+\r/\273}\260\332\r\027\261\360\212"
 430      FDB6 145E 
 430      2B0D 2FBB 
 430      7DB0 DA0D 
 430      17B1 F08A 
 431 0c8d 12F3 BEE5 		.ascii	"\022\363\276\345\312\215F\252Lv\207;\262\362\035I\271\215*\247"
 431      CA8D 46AA 
 431      4C76 873B 
 431      B2F2 1D49 
 431      B98D 2AA7 
 432 0ca1 DF98 4845 		.ascii	"\337\230HE0\363\311\341\211~\206h\250\231\363\300\025\214\354"
 432      30F3 C9E1 
 432      897E 8668 
 432      A899 F3C0 
 432      158C EC
 433 0cb4 4ED7 78BD 		.ascii	"N\327x\275\323\373GE1[\354J\217\016\210\355\r\025?\240\310\016"
 433      D3FB 4745 
 433      315B EC4A 
 433      8F0E 88ED 
 433      0D15 3FA0 
 434 0cca C667 FD52 		.ascii	"\306g\375R\245\2415\355d\260\336\025\336'\027\306\323\245\251"
 434      A5A1 35ED 
 434      64B0 DE15 
 434      DE27 17C6 
 434      D3A5 A9
 435 0cdd 2EB8 83D1 		.ascii	".\270\203\321L\346g\305\"Fc)\275\2129\307\275\005\034\367$\216"
 435      4CE6 67C5 
 435      2246 6329 
 435      BD8A 39C7 
 435      BD05 1CF7 
 436 0cf3 FB94 233F 		.ascii	"\373\224#?\266\351\217x\212Q<\036\275\326\341\310)\232\254\024"
 436      B6E9 8F78 
 436      8A51 3C1E 
 436      BDD6 E1C8 
 436      299A AC14 
 437 0d07 9D0B 283A 		.ascii	"\235\013(:%\212\007\224\242\347l\177\241\016'\261\320\322\312"
 437      258A 0794 
 437      A2E7 6C7F 
 437      A10E 27B1 
 437      D0D2 CA
 438 0d1a 5FD4 39B2 		.ascii	"_\3249\262\005R\013\305\222\221\223%nl\201\264\320\t\333\335"
 438      0552 0BC5 
 438      9291 9325 
 438      6E6C 81B4 
 438      D009 DBDD 
 439 0d2e FA1D CE63 		.ascii	"\372\035\316c\320\027\321\021S\374\233\2353\371\226q\252\346"
 439      D017 D111 
 439      53FC 9B9D 
 439      33F9 9671 
 439      AAE6 
 440 0d40 B65E 17C5 		.ascii	"\266^\027\305Vmr\036\203zy\273\351\021`0\300j\203\272\351\322"
 440      566D 721E 
 440      837A 79BB 
 440      E911 6030 
 440      C06A 83BA 
 441 0d56 868A 1FB7 		.ascii	"\206\212\037\267X\264Kb\370\347\330\365\254\263\037\301d\356"
 441      58B4 4B62 
 441      F8E7 D8F5 
 441      ACB3 1FC1 
 441      64EE 
 442 0d68 A26B 47AF 		.ascii	"\242kG\257\260DR\"\350\262\374kq\002D\006\343\310\362\260\315"
 442      B044 5222 
 442      E8B2 FC6B 
 442      7102 4406 
 442      E3C8 F2B0 
 443 0d7d 2B14 8ED9 		.ascii	"+\024\216\331+\t\006=\206P\340(\254\320|H\272\016\365\321\310"
 443      2B09 063D 
 443      8650 E028 
 443      ACD0 7C48 
 443      BA0E F5D1 
 444 0d92 A2DF 74B4 		.ascii	"\242\337t\264:\341s:\325'FO\366\2111&m\317\367zl\241m\370T\322"
 444      3AE1 733A 
 444      D527 464F 
 444      F689 3126 
 444      6DCF F77A 
 445 0dac A329 27A4 		.ascii	"\243)'\244\363B\344\0033\033\261\242\3707\326o\312p\331\246\356"
 445      F342 E403 
 445      331B B1A2 
 445      F837 D66F 
 445      CA70 D9A6 
 446 0dc1 0F82 9521 		.string	"\017\202\225!\201|P\326\322\032\372ay\024\323w\305\266\355\311\266\355\275\255\271\371\35
 446      817C 50D6 
 446      D21A FA61 
 446      7914 D377 
 446      C5B6 EDC9 
 447 0ec2 946E C4D9 		.ascii	"\224n\304\331J\030!!\t{\003\t{\r\241\314\312;\334x\337\301\032"
 447      4A18 2121 
 447      097B 0309 
 447      7B0D A1CC 
 447      CA3B DC78 
 448 0ed9 3D0E 637F 		.ascii	"=\016c\177\200:<\222\326\342\201\274=\031\177&\331OwcO$b\353"
 448      803A 3C92 
 448      D6E2 81BC 
 448      3D19 7F26 
 448      D94F 7763 
 449 0ef1 3247 ACD9 		.ascii	"2G\254\3314\202B\261\367\217\331\331\235t,\306\031\346c\026("
 449      3482 42B1 
 449      F78F D9D9 
 449      9D74 2CC6 
 449      19E6 6316 
 450 0f06 9EBB 04F9 		.ascii	"\236\273\004\371\256\016u\240\344\375|\261\221|\355\247\2631"
 450      AE0E 75A0 
 450      E4FD 7CB1 
 450      917C EDA7 
 450      B331 
 451 0f18 0C93 D9D8 		.ascii	"\f\223\331\330\374\250\367\004\231\002\005|\025=\2277\233\215"
 451      FCA8 F704 
 451      9902 057C 
 451      153D 9737 
 451      9B8D 
 452 0f2a 701C 7516 		.ascii	"p\034u\026%\307G\336u\305\331\2540\327\333>\203\255K\352\037"
 452      25C7 47DE 
 452      75C5 D9AC 
 452      30D7 DB3E 
 452      83AD 4BEA 
 453 0f3f 1323 C9E7 		.ascii	"\023#\311\347v-U\334\203\331\204\227\fD@9\034\203\307\221\324"
 453      762D 55DC 
 453      83D9 8497 
 453      0C44 4039 
 453      1C83 C791 
 454 0f54 C6C1 D3F1 		.ascii	"\306\301\323\361=\216\312\2770\221\025P^\205\242\260\236.\353"
 454      3D8E CABF 
 454      3091 1550 
 454      5E85 A2B0 
 454      9E2E EB
 455 0f67 F04B 2E68 		.ascii	"\360K.h\375\345\247\034\224`r\327\225\301{9x/\005\307_\336}\334"
 455      FDE5 A71C 
 455      9460 72D7 
 455      95C1 7B39 
 455      782F 05C7 
 456 0f7f 4D09 BEAA 		.ascii	"M\t\276\252\372\333U4\007GS\360\215\272\321Bw\262\026\206\375"
 456      FADB 5534 
 456      0747 53F0 
 456      8DBA D142 
 456      77B2 1686 
 457 0f94 057F F923 		.ascii	"\005\177\371#\373uWn\273\213\222|"
 457      FB75 576E 
 457      BB8B 927C 
 458 0fa0 1F56 BABD 		.ascii	"\037V\272\275\237\223\357\247\344)\371\027\243\004%\270A\345"
 458      9F93 EFA7 
 458      E429 F917 
 458      A304 25B8 
 458      41E5 
 459 0fb2 C901 0E3E 		.ascii	"\311\001\016>@\301\341gwWz(\301\311\252\030\017r\360A\n\256\237"
 459      40C1 E167 
 459      7757 7A28 
 459      C1C9 AA18 
 459      0F72 F041 
 460 0fc9 DB3F A757 		.ascii	"\333?\247W\202GT\314\2078\370\020\005OO\017\336T\3751/J\305\034"
 460      8247 54CC 
 460      8738 F810 
 460      054F 4F0F 
 460      DE54 FD31 
 461 0fe1 C3C1 3114 		.ascii	"\303\3011\024<\323\227\274\007+\3019*p,\007\307Rp\332\323\344"
 461      3CD3 97BC 
 461      072B C139 
 461      2A70 2C07 
 461      C752 70DA 
 462 0ff7 1415 B845 		.ascii	"\024\025\270E\005\216\343\3408"
 462      058E E3E0 
 462      38
 463 1000 E6F3 BDB2 		.ascii	"\346\363\275\262aU\352\310\266 \203\34398\236\202k\363\317\224"
 463      6155 EAC8 
 463      B620 83E3 
 463      3938 9E82 
 463      6BF3 CF94 
 464 1014 A9C0 64CC 		.ascii	"\251\300d\314\312\340\004\016N\240\340\246\307Ss\252\324\335"
 464      CAE0 040E 
 464      4EA0 E0A6 
 464      C753 73AA 
 464      D4DD 
 465 1026 50B9 91C8 		.ascii	"P\271\221\310\301\211\024\374\303\355\2261'%\370\232\n\234\304"
 465      C189 14FC 
 465      C3ED 9631 
 465      2725 F89A 
 465      0A9C C4
 466 1039 C149 14DC 		.ascii	"\301I\024\334\332\362\254Z\025`\201j\224&sp2\005\217\f$\234\325"
 466      DAF2 AC5A 
 466      1560 816A 
 466      9426 7370 
 466      3205 8F0C 
 467 1050 E202 3633 		.ascii	"\342\00263&\033\243\306<~\366=\235\261\345\377CV\f8\257\246\260"
 467      261B A3C6 
 467      3C7E F63D 
 467      9DB1 E5FF 
 467      4356 0C38 
 468 1067 3941 54BE 		.ascii	"9AT\276\0244(\025\377L\243\375\267\317\277Z\371O\237|\242q\016"
 468      1434 2815 
 468      FF4C A3FD 
 468      B7CF BF5A 
 468      F94F 9F7C 
 469 107e F10F 34FF 		.ascii	"\361\0174\377\275\301\274bm\210)xm\200\377\306\265>;\202\327"
 469      BDC1 BC62 
 469      6D88 2978 
 469      6D80 FFC6 
 469      B53E 3B82 
 470 1093 FA07 FA06 		.ascii	"\372\007\372\006\204\370\031\327\232\314~\320\274f\213\306\211"
 470      84F8 19D7 
 470      9ACC 7ED0 
 470      BC66 8BC6 
 470      89
 471 10a4 A11C 0DBF 		.ascii	"\241\034\r\277\f\n\n\320\232\214\201~\276[|\202\177j\336\266"
 471      0C0A 0AD0 
 471      9A8C 817E 
 471      BE5B 7C82 
 471      7F6A DEB6 
 472 10b8 D5E0 1B14 		.ascii	"\325\340\033\024l\\\353\033\264m[P\340Z\251\0014\226\007\370"
 472      6C5C EB1B 
 472      B46D 5B50 
 472      E05A A901 
 472      3496 07F8 
 473 10cc 98CC 06FF 		.ascii	"\230\314\006\377\300\355!f\203\217\257\331\177\207\277y\227\301"
 473      C0ED 2166 
 473      838F AFD9 
 473      7F87 BF79 
 473      97C1 
 474 10de EC        		.ascii	"\354"
 475 10df BFCD A825 		.string	"\277\315\250%\026?Zg0/\320\336j\334\2651\310'\330o\215\257\346\247\266\264\215\001>\333MF
 475      163F 5A67 
 475      302F D0DE 
 475      6ADC B531 
 475      C827 D86F 
 476 11e0 A394 D270 		.string	"\243\224\322p\364\220^\f\233B\002}\r\346\005DT\005\210\334\2027o\f\360\337\274\205\345q\3
 476      F490 5E0C 
 476      9B42 027D 
 476      0DE6 0544 
 476      5405 88DC 
 477 1263 0707 EDB4 		.ascii	"\007\007\355\264?;\267h\264dl\004\231\ff\007\353\204\376\360"
 477      3F3B B768 
 477      B464 6C04 
 477      990C 6607 
 477      EB84 FEF0 
 478 1277 6383 5907 		.ascii	"c\203Y\007\325\264g\r\346\237\314\327f\326\344\240I_I\023\202"
 478      D5B4 670D 
 478      E69F CCD7 
 478      66D6 E4A0 
 478      495F 4913 
 479 128c 66DF 9D17 		.ascii	"f\337\235\0276C\277\201y\251\r^\rf)\351&_\237@/\305\312\260-"
 479      3643 BF81 
 479      79A9 0D5E 
 479      0D66 29E9 
 479      265F 9F40 
 480 12a5 C8CF 7F93 		.ascii	"\310\317\177\223\277\257\017\rD\236\253\034\275\240u\205j\256"
 480      BFAF 0F0D 
 480      449E AB1C 
 480      BDA0 7585 
 480      6AAE 
 481 12b7 2E68 5E64 		.ascii	".h^du\307\270c\315\307\353~\361\261\253\242B\357g\334\030\262"
 481      75C7 B863 
 481      CDC7 EB7E 
 481      F1B1 ABA2 
 481      42EF 67DC 
 482 12cd 1942 0ADC 		.ascii	"\031B\n\334\344\277Y\013\3512\006\3570\3729\322\364j\245\324"
 482      E4BF 590B 
 482      E932 06EF 
 482      30FA 39D2 
 482      F46A A5D4 
 483 12e1 3831 0527 		.ascii	"81\005'c \231\364\013F\031\245\200\024\340`\237\235\356J>\203"
 483      6320 99F4 
 483      0B46 19A5 
 483      8014 E060 
 483      9F9D EE4A 
 484 12f7 D983 F6BF 		.ascii	"\331\203\366\277\331\307\034b\"\246\177\241\223\313\036\377\376"
 484      D9C7 1C62 
 484      22A6 7FA1 
 484      93CB 1EFF 
 484      FE
 485 1308 E997 FFF1 		.ascii	"\351\227\377\361\353o\f\237m\330\360\205\341_>\377\347\377\007"
 485      EB6F 0C9F 
 485      6DD8 F085 
 485      E15F 3EFF 
 485      E7FF 07
 486 131b 9D4C E869 		.ascii	"\235L\350i"
 487               		.text
 488               		.section	.gnu.lto_.symtab.8da76fa45cb9828a,"",@progbits
 489 0000 6C61 7374 		.string	"last_input_activity_time"
 489      5F69 6E70 
 489      7574 5F61 
 489      6374 6976 
 489      6974 795F 
 490 0019 00        		.string	""
 491 001a 00        		.string	""
 492 001b 00        		.string	""
 493 001c 00        		.string	""
 494 001d 00        		.string	""
 495 001e 00        		.string	""
 496 001f 00        		.string	""
 497 0020 00        		.string	""
 498 0021 00        		.string	""
 499 0022 00        		.string	""
 500 0023 00        		.string	""
 501 0024 C800      		.string	"\310"
 502 0026 00        		.string	""
 503 0027 00        		.string	""
 504 0028 6C61 7374 		.string	"last_input_activity_elapsed"
 504      5F69 6E70 
 504      7574 5F61 
 504      6374 6976 
 504      6974 795F 
 505 0044 00        		.string	""
 506 0045 00        		.string	""
 507 0046 00        		.string	""
 508 0047 00        		.string	""
 509 0048 00        		.string	""
 510 0049 00        		.string	""
 511 004a 00        		.string	""
 512 004b 00        		.string	""
 513 004c 00        		.string	""
 514 004d 00        		.string	""
 515 004e 00        		.string	""
 516 004f CA00      		.string	"\312"
 517 0051 00        		.string	""
 518 0052 00        		.string	""
 519 0053 6C61 7374 		.string	"last_matrix_activity_time"
 519      5F6D 6174 
 519      7269 785F 
 519      6163 7469 
 519      7669 7479 
 520 006d 00        		.string	""
 521 006e 00        		.string	""
 522 006f 00        		.string	""
 523 0070 00        		.string	""
 524 0071 00        		.string	""
 525 0072 00        		.string	""
 526 0073 00        		.string	""
 527 0074 00        		.string	""
 528 0075 00        		.string	""
 529 0076 00        		.string	""
 530 0077 00        		.string	""
 531 0078 CC00      		.string	"\314"
 532 007a 00        		.string	""
 533 007b 00        		.string	""
 534 007c 6C61 7374 		.string	"last_matrix_activity_elapsed"
 534      5F6D 6174 
 534      7269 785F 
 534      6163 7469 
 534      7669 7479 
 535 0099 00        		.string	""
 536 009a 00        		.string	""
 537 009b 00        		.string	""
 538 009c 00        		.string	""
 539 009d 00        		.string	""
 540 009e 00        		.string	""
 541 009f 00        		.string	""
 542 00a0 00        		.string	""
 543 00a1 00        		.string	""
 544 00a2 00        		.string	""
 545 00a3 00        		.string	""
 546 00a4 CE00      		.string	"\316"
 547 00a6 00        		.string	""
 548 00a7 00        		.string	""
 549 00a8 6C61 7374 		.string	"last_matrix_activity_trigger"
 549      5F6D 6174 
 549      7269 785F 
 549      6163 7469 
 549      7669 7479 
 550 00c5 00        		.string	""
 551 00c6 00        		.string	""
 552 00c7 00        		.string	""
 553 00c8 00        		.string	""
 554 00c9 00        		.string	""
 555 00ca 00        		.string	""
 556 00cb 00        		.string	""
 557 00cc 00        		.string	""
 558 00cd 00        		.string	""
 559 00ce 00        		.string	""
 560 00cf 00        		.string	""
 561 00d0 D100      		.string	"\321"
 562 00d2 00        		.string	""
 563 00d3 00        		.string	""
 564 00d4 6C61 7374 		.string	"last_encoder_activity_time"
 564      5F65 6E63 
 564      6F64 6572 
 564      5F61 6374 
 564      6976 6974 
 565 00ef 00        		.string	""
 566 00f0 00        		.string	""
 567 00f1 00        		.string	""
 568 00f2 00        		.string	""
 569 00f3 00        		.string	""
 570 00f4 00        		.string	""
 571 00f5 00        		.string	""
 572 00f6 00        		.string	""
 573 00f7 00        		.string	""
 574 00f8 00        		.string	""
 575 00f9 00        		.string	""
 576 00fa D300      		.string	"\323"
 577 00fc 00        		.string	""
 578 00fd 00        		.string	""
 579 00fe 6C61 7374 		.string	"last_encoder_activity_elapsed"
 579      5F65 6E63 
 579      6F64 6572 
 579      5F61 6374 
 579      6976 6974 
 580 011c 00        		.string	""
 581 011d 00        		.string	""
 582 011e 00        		.string	""
 583 011f 00        		.string	""
 584 0120 00        		.string	""
 585 0121 00        		.string	""
 586 0122 00        		.string	""
 587 0123 00        		.string	""
 588 0124 00        		.string	""
 589 0125 00        		.string	""
 590 0126 00        		.string	""
 591 0127 D500      		.string	"\325"
 592 0129 00        		.string	""
 593 012a 00        		.string	""
 594 012b 6C61 7374 		.string	"last_encoder_activity_trigger"
 594      5F65 6E63 
 594      6F64 6572 
 594      5F61 6374 
 594      6976 6974 
 595 0149 00        		.string	""
 596 014a 00        		.string	""
 597 014b 00        		.string	""
 598 014c 00        		.string	""
 599 014d 00        		.string	""
 600 014e 00        		.string	""
 601 014f 00        		.string	""
 602 0150 00        		.string	""
 603 0151 00        		.string	""
 604 0152 00        		.string	""
 605 0153 00        		.string	""
 606 0154 D700      		.string	"\327"
 607 0156 00        		.string	""
 608 0157 00        		.string	""
 609 0158 6469 7361 		.string	"disable_jtag"
 609      626C 655F 
 609      6A74 6167 
 609      00
 610 0165 00        		.string	""
 611 0166 00        		.string	""
 612 0167 00        		.string	""
 613 0168 00        		.string	""
 614 0169 00        		.string	""
 615 016a 00        		.string	""
 616 016b 00        		.string	""
 617 016c 00        		.string	""
 618 016d 00        		.string	""
 619 016e 00        		.string	""
 620 016f 00        		.string	""
 621 0170 D900      		.string	"\331"
 622 0172 00        		.string	""
 623 0173 00        		.string	""
 624 0174 6D61 7472 		.string	"matrix_setup"
 624      6978 5F73 
 624      6574 7570 
 624      00
 625 0181 00        		.string	""
 626 0182 01        		.ascii	"\001"
 627 0183 00        		.string	""
 628 0184 00        		.string	""
 629 0185 00        		.string	""
 630 0186 00        		.string	""
 631 0187 00        		.string	""
 632 0188 00        		.string	""
 633 0189 00        		.string	""
 634 018a 00        		.string	""
 635 018b 00        		.string	""
 636 018c DD00      		.string	"\335"
 637 018e 00        		.string	""
 638 018f 00        		.string	""
 639 0190 6B65 7962 		.string	"keyboard_pre_init_user"
 639      6F61 7264 
 639      5F70 7265 
 639      5F69 6E69 
 639      745F 7573 
 640 01a7 00        		.string	""
 641 01a8 01        		.ascii	"\001"
 642 01a9 00        		.string	""
 643 01aa 00        		.string	""
 644 01ab 00        		.string	""
 645 01ac 00        		.string	""
 646 01ad 00        		.string	""
 647 01ae 00        		.string	""
 648 01af 00        		.string	""
 649 01b0 00        		.string	""
 650 01b1 00        		.string	""
 651 01b2 E000      		.string	"\340"
 652 01b4 00        		.string	""
 653 01b5 00        		.string	""
 654 01b6 6B65 7962 		.string	"keyboard_pre_init_kb"
 654      6F61 7264 
 654      5F70 7265 
 654      5F69 6E69 
 654      745F 6B62 
 655 01cb 00        		.string	""
 656 01cc 01        		.ascii	"\001"
 657 01cd 00        		.string	""
 658 01ce 00        		.string	""
 659 01cf 00        		.string	""
 660 01d0 00        		.string	""
 661 01d1 00        		.string	""
 662 01d2 00        		.string	""
 663 01d3 00        		.string	""
 664 01d4 00        		.string	""
 665 01d5 00        		.string	""
 666 01d6 E300      		.string	"\343"
 667 01d8 00        		.string	""
 668 01d9 00        		.string	""
 669 01da 6B65 7962 		.string	"keyboard_post_init_user"
 669      6F61 7264 
 669      5F70 6F73 
 669      745F 696E 
 669      6974 5F75 
 670 01f2 00        		.string	""
 671 01f3 01        		.ascii	"\001"
 672 01f4 00        		.string	""
 673 01f5 00        		.string	""
 674 01f6 00        		.string	""
 675 01f7 00        		.string	""
 676 01f8 00        		.string	""
 677 01f9 00        		.string	""
 678 01fa 00        		.string	""
 679 01fb 00        		.string	""
 680 01fc 00        		.string	""
 681 01fd E600      		.string	"\346"
 682 01ff 00        		.string	""
 683 0200 00        		.string	""
 684 0201 6B65 7962 		.string	"keyboard_post_init_kb"
 684      6F61 7264 
 684      5F70 6F73 
 684      745F 696E 
 684      6974 5F6B 
 685 0217 00        		.string	""
 686 0218 01        		.ascii	"\001"
 687 0219 00        		.string	""
 688 021a 00        		.string	""
 689 021b 00        		.string	""
 690 021c 00        		.string	""
 691 021d 00        		.string	""
 692 021e 00        		.string	""
 693 021f 00        		.string	""
 694 0220 00        		.string	""
 695 0221 00        		.string	""
 696 0222 E900      		.string	"\351"
 697 0224 00        		.string	""
 698 0225 00        		.string	""
 699 0226 6B65 7962 		.string	"keyboard_setup"
 699      6F61 7264 
 699      5F73 6574 
 699      7570 00
 700 0235 00        		.string	""
 701 0236 00        		.string	""
 702 0237 00        		.string	""
 703 0238 00        		.string	""
 704 0239 00        		.string	""
 705 023a 00        		.string	""
 706 023b 00        		.string	""
 707 023c 00        		.string	""
 708 023d 00        		.string	""
 709 023e 00        		.string	""
 710 023f 00        		.string	""
 711 0240 EB00      		.string	"\353"
 712 0242 00        		.string	""
 713 0243 00        		.string	""
 714 0244 6973 5F6B 		.string	"is_keyboard_master"
 714      6579 626F 
 714      6172 645F 
 714      6D61 7374 
 714      6572 00
 715 0257 00        		.string	""
 716 0258 01        		.ascii	"\001"
 717 0259 00        		.string	""
 718 025a 00        		.string	""
 719 025b 00        		.string	""
 720 025c 00        		.string	""
 721 025d 00        		.string	""
 722 025e 00        		.string	""
 723 025f 00        		.string	""
 724 0260 00        		.string	""
 725 0261 00        		.string	""
 726 0262 EF00      		.string	"\357"
 727 0264 00        		.string	""
 728 0265 00        		.string	""
 729 0266 6973 5F6B 		.string	"is_keyboard_left"
 729      6579 626F 
 729      6172 645F 
 729      6C65 6674 
 729      00
 730 0277 00        		.string	""
 731 0278 01        		.ascii	"\001"
 732 0279 00        		.string	""
 733 027a 00        		.string	""
 734 027b 00        		.string	""
 735 027c 00        		.string	""
 736 027d 00        		.string	""
 737 027e 00        		.string	""
 738 027f 00        		.string	""
 739 0280 00        		.string	""
 740 0281 00        		.string	""
 741 0282 F200      		.string	"\362"
 742 0284 00        		.string	""
 743 0285 00        		.string	""
 744 0286 7368 6F75 		.string	"should_process_keypress"
 744      6C64 5F70 
 744      726F 6365 
 744      7373 5F6B 
 744      6579 7072 
 745 029e 00        		.string	""
 746 029f 01        		.ascii	"\001"
 747 02a0 00        		.string	""
 748 02a1 00        		.string	""
 749 02a2 00        		.string	""
 750 02a3 00        		.string	""
 751 02a4 00        		.string	""
 752 02a5 00        		.string	""
 753 02a6 00        		.string	""
 754 02a7 00        		.string	""
 755 02a8 00        		.string	""
 756 02a9 F500      		.string	"\365"
 757 02ab 00        		.string	""
 758 02ac 00        		.string	""
 759 02ad 686F 7573 		.string	"housekeeping_task_kb"
 759      656B 6565 
 759      7069 6E67 
 759      5F74 6173 
 759      6B5F 6B62 
 760 02c2 00        		.string	""
 761 02c3 01        		.ascii	"\001"
 762 02c4 00        		.string	""
 763 02c5 00        		.string	""
 764 02c6 00        		.string	""
 765 02c7 00        		.string	""
 766 02c8 00        		.string	""
 767 02c9 00        		.string	""
 768 02ca 00        		.string	""
 769 02cb 00        		.string	""
 770 02cc 00        		.string	""
 771 02cd F800      		.string	"\370"
 772 02cf 00        		.string	""
 773 02d0 00        		.string	""
 774 02d1 686F 7573 		.string	"housekeeping_task_user"
 774      656B 6565 
 774      7069 6E67 
 774      5F74 6173 
 774      6B5F 7573 
 775 02e8 00        		.string	""
 776 02e9 01        		.ascii	"\001"
 777 02ea 00        		.string	""
 778 02eb 00        		.string	""
 779 02ec 00        		.string	""
 780 02ed 00        		.string	""
 781 02ee 00        		.string	""
 782 02ef 00        		.string	""
 783 02f0 00        		.string	""
 784 02f1 00        		.string	""
 785 02f2 00        		.string	""
 786 02f3 FB00      		.string	"\373"
 787 02f5 00        		.string	""
 788 02f6 00        		.string	""
 789 02f7 686F 7573 		.string	"housekeeping_task"
 789      656B 6565 
 789      7069 6E67 
 789      5F74 6173 
 789      6B00 
 790 0309 00        		.string	""
 791 030a 00        		.string	""
 792 030b 00        		.string	""
 793 030c 00        		.string	""
 794 030d 00        		.string	""
 795 030e 00        		.string	""
 796 030f 00        		.string	""
 797 0310 00        		.string	""
 798 0311 00        		.string	""
 799 0312 00        		.string	""
 800 0313 00        		.string	""
 801 0314 FD00      		.string	"\375"
 802 0316 00        		.string	""
 803 0317 00        		.string	""
 804 0318 6B65 7962 		.string	"keyboard_init"
 804      6F61 7264 
 804      5F69 6E69 
 804      7400 
 805 0326 00        		.string	""
 806 0327 00        		.string	""
 807 0328 00        		.string	""
 808 0329 00        		.string	""
 809 032a 00        		.string	""
 810 032b 00        		.string	""
 811 032c 00        		.string	""
 812 032d 00        		.string	""
 813 032e 00        		.string	""
 814 032f 00        		.string	""
 815 0330 00        		.string	""
 816 0331 FF00      		.string	"\377"
 817 0333 00        		.string	""
 818 0334 00        		.string	""
 819 0335 7377 6974 		.string	"switch_events"
 819      6368 5F65 
 819      7665 6E74 
 819      7300 
 820 0343 00        		.string	""
 821 0344 00        		.string	""
 822 0345 00        		.string	""
 823 0346 00        		.string	""
 824 0347 00        		.string	""
 825 0348 00        		.string	""
 826 0349 00        		.string	""
 827 034a 00        		.string	""
 828 034b 00        		.string	""
 829 034c 00        		.string	""
 830 034d 00        		.string	""
 831 034e 0501 00   		.string	"\005\001"
 832 0351 00        		.string	""
 833 0352 6B65 7962 		.string	"keyboard_set_leds"
 833      6F61 7264 
 833      5F73 6574 
 833      5F6C 6564 
 833      7300 
 834 0364 00        		.string	""
 835 0365 00        		.string	""
 836 0366 00        		.string	""
 837 0367 00        		.string	""
 838 0368 00        		.string	""
 839 0369 00        		.string	""
 840 036a 00        		.string	""
 841 036b 00        		.string	""
 842 036c 00        		.string	""
 843 036d 00        		.string	""
 844 036e 00        		.string	""
 845 036f 0901 00   		.string	"\t\001"
 846 0372 00        		.string	""
 847 0373 6B65 7962 		.string	"keyboard_task"
 847      6F61 7264 
 847      5F74 6173 
 847      6B00 
 848 0381 00        		.string	""
 849 0382 00        		.string	""
 850 0383 00        		.string	""
 851 0384 00        		.string	""
 852 0385 00        		.string	""
 853 0386 00        		.string	""
 854 0387 00        		.string	""
 855 0388 00        		.string	""
 856 0389 00        		.string	""
 857 038a 00        		.string	""
 858 038b 00        		.string	""
 859 038c 0B01 00   		.string	"\013\001"
 860 038f 00        		.string	""
 861 0390 7365 6E64 		.string	"sendchar"
 861      6368 6172 
 861      00
 862 0399 00        		.string	""
 863 039a 02        		.ascii	"\002"
 864 039b 00        		.string	""
 865 039c 00        		.string	""
 866 039d 00        		.string	""
 867 039e 00        		.string	""
 868 039f 00        		.string	""
 869 03a0 00        		.string	""
 870 03a1 00        		.string	""
 871 03a2 00        		.string	""
 872 03a3 00        		.string	""
 873 03a4 BD00      		.string	"\275"
 874 03a6 00        		.string	""
 875 03a7 00        		.string	""
 876 03a8 6465 6275 		.string	"debug_config"
 876      675F 636F 
 876      6E66 6967 
 876      00
 877 03b5 00        		.string	""
 878 03b6 02        		.ascii	"\002"
 879 03b7 00        		.string	""
 880 03b8 00        		.string	""
 881 03b9 00        		.string	""
 882 03ba 00        		.string	""
 883 03bb 00        		.string	""
 884 03bc 00        		.string	""
 885 03bd 00        		.string	""
 886 03be 00        		.string	""
 887 03bf 00        		.string	""
 888 03c0 8301 00   		.string	"\203\001"
 889 03c3 00        		.string	""
 890 03c4 7469 6D65 		.string	"timer_elapsed32"
 890      725F 656C 
 890      6170 7365 
 890      6433 3200 
 891 03d4 00        		.string	""
 892 03d5 02        		.ascii	"\002"
 893 03d6 00        		.string	""
 894 03d7 00        		.string	""
 895 03d8 00        		.string	""
 896 03d9 00        		.string	""
 897 03da 00        		.string	""
 898 03db 00        		.string	""
 899 03dc 00        		.string	""
 900 03dd 00        		.string	""
 901 03de 00        		.string	""
 902 03df 0F01 00   		.string	"\017\001"
 903 03e2 00        		.string	""
 904 03e3 7469 6D65 		.string	"timer_read32"
 904      725F 7265 
 904      6164 3332 
 904      00
 905 03f0 00        		.string	""
 906 03f1 02        		.ascii	"\002"
 907 03f2 00        		.string	""
 908 03f3 00        		.string	""
 909 03f4 00        		.string	""
 910 03f5 00        		.string	""
 911 03f6 00        		.string	""
 912 03f7 00        		.string	""
 913 03f8 00        		.string	""
 914 03f9 00        		.string	""
 915 03fa 00        		.string	""
 916 03fb 1101 00   		.string	"\021\001"
 917 03fe 00        		.string	""
 918 03ff 7072 696E 		.string	"print_set_sendchar"
 918      745F 7365 
 918      745F 7365 
 918      6E64 6368 
 918      6172 00
 919 0412 00        		.string	""
 920 0413 02        		.ascii	"\002"
 921 0414 00        		.string	""
 922 0415 00        		.string	""
 923 0416 00        		.string	""
 924 0417 00        		.string	""
 925 0418 00        		.string	""
 926 0419 00        		.string	""
 927 041a 00        		.string	""
 928 041b 00        		.string	""
 929 041c 00        		.string	""
 930 041d 1801 00   		.string	"\030\001"
 931 0420 00        		.string	""
 932 0421 7267 626C 		.string	"rgblight_init"
 932      6967 6874 
 932      5F69 6E69 
 932      7400 
 933 042f 00        		.string	""
 934 0430 02        		.ascii	"\002"
 935 0431 00        		.string	""
 936 0432 00        		.string	""
 937 0433 00        		.string	""
 938 0434 00        		.string	""
 939 0435 00        		.string	""
 940 0436 00        		.string	""
 941 0437 00        		.string	""
 942 0438 00        		.string	""
 943 0439 00        		.string	""
 944 043a 1A01 00   		.string	"\032\001"
 945 043d 00        		.string	""
 946 043e 6D61 7472 		.string	"matrix_init"
 946      6978 5F69 
 946      6E69 7400 
 947 044a 00        		.string	""
 948 044b 02        		.ascii	"\002"
 949 044c 00        		.string	""
 950 044d 00        		.string	""
 951 044e 00        		.string	""
 952 044f 00        		.string	""
 953 0450 00        		.string	""
 954 0451 00        		.string	""
 955 0452 00        		.string	""
 956 0453 00        		.string	""
 957 0454 00        		.string	""
 958 0455 1C01 00   		.string	"\034\001"
 959 0458 00        		.string	""
 960 0459 7379 6E63 		.string	"sync_timer_init"
 960      5F74 696D 
 960      6572 5F69 
 960      6E69 7400 
 961 0469 00        		.string	""
 962 046a 02        		.ascii	"\002"
 963 046b 00        		.string	""
 964 046c 00        		.string	""
 965 046d 00        		.string	""
 966 046e 00        		.string	""
 967 046f 00        		.string	""
 968 0470 00        		.string	""
 969 0471 00        		.string	""
 970 0472 00        		.string	""
 971 0473 00        		.string	""
 972 0474 1E01 00   		.string	"\036\001"
 973 0477 00        		.string	""
 974 0478 7469 6D65 		.string	"timer_init"
 974      725F 696E 
 974      6974 00
 975 0483 00        		.string	""
 976 0484 02        		.ascii	"\002"
 977 0485 00        		.string	""
 978 0486 00        		.string	""
 979 0487 00        		.string	""
 980 0488 00        		.string	""
 981 0489 00        		.string	""
 982 048a 00        		.string	""
 983 048b 00        		.string	""
 984 048c 00        		.string	""
 985 048d 00        		.string	""
 986 048e 2001 00   		.string	" \001"
 987 0491 00        		.string	""
 988 0492 6C65 645F 		.string	"led_set"
 988      7365 7400 
 989 049a 00        		.string	""
 990 049b 02        		.ascii	"\002"
 991 049c 00        		.string	""
 992 049d 00        		.string	""
 993 049e 00        		.string	""
 994 049f 00        		.string	""
 995 04a0 00        		.string	""
 996 04a1 00        		.string	""
 997 04a2 00        		.string	""
 998 04a3 00        		.string	""
 999 04a4 00        		.string	""
 1000 04a5 2201 00   		.string	"\"\001"
 1001 04a8 00        		.string	""
 1002 04a9 686F 7374 		.string	"host_keyboard_leds"
 1002      5F6B 6579 
 1002      626F 6172 
 1002      645F 6C65 
 1002      6473 00
 1003 04bc 00        		.string	""
 1004 04bd 02        		.ascii	"\002"
 1005 04be 00        		.string	""
 1006 04bf 00        		.string	""
 1007 04c0 00        		.string	""
 1008 04c1 00        		.string	""
 1009 04c2 00        		.string	""
 1010 04c3 00        		.string	""
 1011 04c4 00        		.string	""
 1012 04c5 00        		.string	""
 1013 04c6 00        		.string	""
 1014 04c7 2501 00   		.string	"%\001"
 1015 04ca 00        		.string	""
 1016 04cb 6D6F 7573 		.string	"mousekey_task"
 1016      656B 6579 
 1016      5F74 6173 
 1016      6B00 
 1017 04d9 00        		.string	""
 1018 04da 02        		.ascii	"\002"
 1019 04db 00        		.string	""
 1020 04dc 00        		.string	""
 1021 04dd 00        		.string	""
 1022 04de 00        		.string	""
 1023 04df 00        		.string	""
 1024 04e0 00        		.string	""
 1025 04e1 00        		.string	""
 1026 04e2 00        		.string	""
 1027 04e3 00        		.string	""
 1028 04e4 2701 00   		.string	"'\001"
 1029 04e7 00        		.string	""
 1030 04e8 7267 626C 		.string	"rgblight_task"
 1030      6967 6874 
 1030      5F74 6173 
 1030      6B00 
 1031 04f6 00        		.string	""
 1032 04f7 02        		.ascii	"\002"
 1033 04f8 00        		.string	""
 1034 04f9 00        		.string	""
 1035 04fa 00        		.string	""
 1036 04fb 00        		.string	""
 1037 04fc 00        		.string	""
 1038 04fd 00        		.string	""
 1039 04fe 00        		.string	""
 1040 04ff 00        		.string	""
 1041 0500 00        		.string	""
 1042 0501 2901 00   		.string	")\001"
 1043 0504 00        		.string	""
 1044 0505 6163 7469 		.string	"action_exec"
 1044      6F6E 5F65 
 1044      7865 6300 
 1045 0511 00        		.string	""
 1046 0512 02        		.ascii	"\002"
 1047 0513 00        		.string	""
 1048 0514 00        		.string	""
 1049 0515 00        		.string	""
 1050 0516 00        		.string	""
 1051 0517 00        		.string	""
 1052 0518 00        		.string	""
 1053 0519 00        		.string	""
 1054 051a 00        		.string	""
 1055 051b 00        		.string	""
 1056 051c 4901 00   		.string	"I\001"
 1057 051f 00        		.string	""
 1058 0520 7469 6D65 		.string	"timer_read"
 1058      725F 7265 
 1058      6164 00
 1059 052b 00        		.string	""
 1060 052c 02        		.ascii	"\002"
 1061 052d 00        		.string	""
 1062 052e 00        		.string	""
 1063 052f 00        		.string	""
 1064 0530 00        		.string	""
 1065 0531 00        		.string	""
 1066 0532 00        		.string	""
 1067 0533 00        		.string	""
 1068 0534 00        		.string	""
 1069 0535 00        		.string	""
 1070 0536 4C01 00   		.string	"L\001"
 1071 0539 00        		.string	""
 1072 053a 6D61 7472 		.string	"matrix_print"
 1072      6978 5F70 
 1072      7269 6E74 
 1072      00
 1073 0547 00        		.string	""
 1074 0548 02        		.ascii	"\002"
 1075 0549 00        		.string	""
 1076 054a 00        		.string	""
 1077 054b 00        		.string	""
 1078 054c 00        		.string	""
 1079 054d 00        		.string	""
 1080 054e 00        		.string	""
 1081 054f 00        		.string	""
 1082 0550 00        		.string	""
 1083 0551 00        		.string	""
 1084 0552 4E01 00   		.string	"N\001"
 1085 0555 00        		.string	""
 1086 0556 6D61 7472 		.string	"matrix_get_row"
 1086      6978 5F67 
 1086      6574 5F72 
 1086      6F77 00
 1087 0565 00        		.string	""
 1088 0566 02        		.ascii	"\002"
 1089 0567 00        		.string	""
 1090 0568 00        		.string	""
 1091 0569 00        		.string	""
 1092 056a 00        		.string	""
 1093 056b 00        		.string	""
 1094 056c 00        		.string	""
 1095 056d 00        		.string	""
 1096 056e 00        		.string	""
 1097 056f 00        		.string	""
 1098 0570 5501 00   		.string	"U\001"
 1099 0573 00        		.string	""
 1100 0574 6D61 7472 		.string	"matrix_scan"
 1100      6978 5F73 
 1100      6361 6E00 
 1101 0580 00        		.string	""
 1102 0581 02        		.ascii	"\002"
 1103 0582 00        		.string	""
 1104 0583 00        		.string	""
 1105 0584 00        		.string	""
 1106 0585 00        		.string	""
 1107 0586 00        		.string	""
 1108 0587 00        		.string	""
 1109 0588 00        		.string	""
 1110 0589 00        		.string	""
 1111 058a 00        		.string	""
 1112 058b 5701 00   		.string	"W\001"
 1113 058e 00        		.string	""
 1114               		.text
 1115               		.section	.gnu.lto_.opts,"",@progbits
 1116 0000 272D 666D 		.ascii	"'-fmath-errno' '-fsigned-zeros' '-ftrapping-math' '-fno-trap"
 1116      6174 682D 
 1116      6572 726E 
 1116      6F27 2027 
 1116      2D66 7369 
 1117 003c 7627 2027 		.ascii	"v' '-fno"
 1117      2D66 6E6F 
 1118 0044 2D6F 7065 		.string	"-openmp' '-fno-openacc' '-mn-flash=1' '-mno-skip-bug' '-mmcu=avr5' '-gdwarf-2' '-Os' '-We
 1118      6E6D 7027 
 1118      2027 2D66 
 1118      6E6F 2D6F 
 1118      7065 6E61 
 1119               		.text
 1120               		.comm	__gnu_lto_v1,1,1
 1121               		.comm	__gnu_lto_slim,1,1
 1122               		.ident	"GCC: (GNU) 5.4.0"
DEFINED SYMBOLS
                            *ABS*:0000000000000000 keyboard.c
     /tmp/ccqtsa0p.s:2      *ABS*:000000000000003e __SP_H__
     /tmp/ccqtsa0p.s:3      *ABS*:000000000000003d __SP_L__
     /tmp/ccqtsa0p.s:4      *ABS*:000000000000003f __SREG__
     /tmp/ccqtsa0p.s:5      *ABS*:0000000000000000 __tmp_reg__
     /tmp/ccqtsa0p.s:6      *ABS*:0000000000000001 __zero_reg__
                            *COM*:0000000000000001 __gnu_lto_v1
                            *COM*:0000000000000001 __gnu_lto_slim

NO UNDEFINED SYMBOLS
