   1               		.file	"sync_timer.c"
   2               	__SP_H__ = 0x3e
   3               	__SP_L__ = 0x3d
   4               	__SREG__ = 0x3f
   5               	__tmp_reg__ = 0
   6               	__zero_reg__ = 1
   7               		.text
   8               	.Ltext0:
   9               		.section	.gnu.lto_.profile.8426f0f93d80fd3d,"",@progbits
  10 0000 789C 6361 		.string	"x\234ca`d`e`"
  10      6064 6065 
  10      6000 
  11 000a 9287 19ED 		.ascii	"\222\207\031\355\001\003\b\001\017"
  11      0103 0801 
  11      0F
  12               		.text
  13               		.section	.gnu.lto_.icf.8426f0f93d80fd3d,"",@progbits
  14 0000 789C 6361 		.string	"x\234ca`d"
  14      6064 00
  15 0007 0155 0604 		.string	"\001U\006\004`cX\372\253\367\025;\323\331\003\217\225\231\367]?\366\202\215\345\314\234\2
  15      6063 58FA 
  15      ABF7 153B 
  15      D3D9 038F 
  15      9599 F75D 
  16 0034 5EE3 1225 		.ascii	"^\343\022%"
  17               		.text
  18               		.section	.gnu.lto_.jmpfuncs.8426f0f93d80fd3d,"",@progbits
  19 0000 789C 6361 		.string	"x\234ca`d"
  19      6064 00
  20 0007 0113 0604 		.string	"\001\023\006\004`\003b&F&\306z\006\006f\260"
  20      6003 6226 
  20      4626 C67A 
  20      0606 66B0 
  20      00
  21 0018 0B98 6465 		.string	"\013\230ded\004\n11UB\024\201\025\300x\f"
  21      6404 0A31 
  21      3155 4214 
  21      8115 C078 
  21      0C00 
  22 002a 48DD 02D6 		.ascii	"H\335\002\326"
  23               		.text
  24               		.section	.gnu.lto_.inline.8426f0f93d80fd3d,"",@progbits
  25 0000 789C 6361 		.string	"x\234ca`d"
  25      6064 00
  26 0007 817D 0C08 		.string	"\201}\f\b\300\306\300\300\312\302\310\300\304\262@\236\201m\201<\023H\214\211\201W\024(\3
  26      C0C6 C0C0 
  26      CAC2 C8C0 
  26      C4B2 409E 
  26      816D 813C 
  27 0064 00        		.string	""
  28 0065 D5AB 0EC7 		.ascii	"\325\253\016\307"
  29               		.text
  30               		.section	.gnu.lto_.pureconst.8426f0f93d80fd3d,"",@progbits
  31 0000 789C 6361 		.string	"x\234ca`d\340e```c\220b\222b\226b\221`\225`\223"
  31      6064 E065 
  31      6060 6063 
  31      9062 9262 
  31      9662 9160 
  32 0018 00        		.string	""
  33 0019 05A1 00   		.string	"\005\241"
  34 001c C3        		.ascii	"\303"
  35               		.text
  36               		.section	.gnu.lto_sync_timer_init.8426f0f93d80fd3d,"",@progbits
  37 0000 789C 4D4E 		.string	"x\234MN\275N\002a\020\334\331\317"
  37      BD4E 0261 
  37      10DC D9CF 
  37      00
  38 000d 0931 B157 		.ascii	"\t1\261W#-\r\274\213/@q\2410\346\270\004i\254nO\270\250\235!"
  38      232D 0DBC 
  38      8B2F 4071 
  38      A130 E6B8 
  38      0469 AC6E 
  39 0026 C1CE 6007 		.ascii	"\301\316`\007\376$\306\362:r\017\200\017`C\256\2400\024\230`"
  39      FE24 C6F2 
  39      3A72 0F80 
  39      0F60 43AE 
  39      A030 1498 
  40 003b 6101 C72E 		.ascii	"a\001\307.6n2\371\276\314\354\316\314\036\201l2\305\211\342P"
  40      366E 32F9 
  40      BECC ECCE 
  40      CC1E 816C 
  40      32C5 89E2 
  41 0050 0147 E0BB 		.ascii	"\001G\340\273)QTb\300>R\002\205\214\020?\274f\244\327\363\204"
  41      2951 5462 
  41      C03E 5202 
  41      858C 103F 
  41      BC66 A4D7 
  42 0066 AB23 D199 		.ascii	"\253#\321\231\305}'\343\tbG\224\363\316\2110B\225t-{\337\f\366"
  42      C57D 27E3 
  42      0962 4794 
  42      F3CE 8930 
  42      4295 742D 
  43 007e 0B3D 5BAB 		.ascii	"\013=[\253\374\211\030\243`qo\247\023\311\363\256\310oE\263h"
  43      FC89 18A3 
  43      6071 6FA7 
  43      13C9 F3AE 
  43      C86F 45B3 
  44 0093 A99A A57C 		.ascii	"\251\232\245|3\333\353\346HW\2175[V\227\3738\375(\2568v\200\231"
  44      33DB EBE6 
  44      4857 8F35 
  44      5B56 97FB 
  44      38FD 28AE 
  45 00ab 26C9 E2B3 		.ascii	"&\311\342\263\030\256\345F\344@\271[=7z\321\313\246\345!\036"
  45      18AE E546 
  45      E440 B95B 
  45      3D37 7AD1 
  45      CBA6 E521 
  46 00c0 2289 8C67 		.ascii	"\"\211\214g<k\331'\034i\346\013\206\370\357\303 \274\252\362"
  46      3C6B D927 
  46      1C69 E60B 
  46      86F8 EFC3 
  46      20BC AAF2 
  47 00d4 852B 7116 		.ascii	"\205+q\026\262+\275TZ\263\265\311q\307?oxA\273Y\367\002\337\017"
  47      B22B BD54 
  47      5AB3 B5C9 
  47      71C7 3F6F 
  47      7841 BB59 
  48 00ec 5AF5 8BCB 		.ascii	"Z\365\213\313\226\327\350\234\371\315v\315\243-dM[\221"
  48      96D7 E89C 
  48      F9CD 76CD 
  48      A32D 644D 
  48      5B91 
  49               		.text
  50               		.section	.gnu.lto_sync_timer_update.8426f0f93d80fd3d,"",@progbits
  51 0000 789C 6551 		.ascii	"x\234eQMkSQ\020\235s\347\366\275\227\244J\177@[\262\020J7\006"
  51      4D6B 5351 
  51      109D 73E7 
  51      F6BD 97A4 
  51      4A7F 405B 
  52 0019 C15F E21F 		.ascii	"\301_\342\037(\030\262\020I\003\265\033W\231\344\345Y\253\033"
  52      2818 B210 
  52      4903 B51B 
  52      5799 E4E5 
  52      59AB 1B
  53 002c 51AC 1F28 		.ascii	"Q\254\037(YIc\253\266u\227\256B\320e+\202\272\251\013\255PD\272"
  53      5949 63AB 
  53      B675 97AE 
  53      42D0 652B 
  53      82BA A90B 
  54 0044 6844 C54D 		.ascii	"hD\305M"
  55 0048 7DCE BCB7 		.string	"}\316\274\267Pq\340\336\2319\314\2349s\257'\220\331Ou\247\324\237\325\2031\202\273\261K\3
  55      5071 E0DE 
  55      9939 CC9C 
  55      3973 AF27 
  55      90D9 4F75 
  56 0149 C246 C65C 		.ascii	"\302F\306\\\244\003\304w\257\274\341\274:\2129\324\036\005\333"
  56      A403 C477 
  56      AFBC E1BC 
  56      3A8A 39D4 
  56      1E05 DB
  57 015c 5F97 DEBB 		.ascii	"_\227\336\273\034,(\256\310p%\243\374{x){\313\177\351K\313\372"
  57      1C2C 28AE 
  57      C870 25A3 
  57      FC7B 7829 
  57      7BCB 7FE9 
  58 0173 2F06 1F76 		.ascii	"/\006\037v\366wK]<lI\313\360ql\351gn\232T<G\027\312\233I\366"
  58      F677 4B5D 
  58      3C6C 49CB 
  58      F071 6CE9 
  58      676E 9A54 
  59 018e D963 7C41 		.ascii	"\331c|A{\"\377\312#\335[\021\2258\265X\2778Wm,\324*\325F\275"
  59      7B22 FFCA 
  59      23DD 5B11 
  59      9538 B558 
  59      BF38 576D 
  60 01a8 DE98 AF5C 		.ascii	"\336\230\257\\\272<_\235[\274P\257-\234\256\222\267\3407\247"
  60      BA3C 5F9D 
  60      5BBC 50AF 
  60      2D9C AE92 
  60      B7E0 37A7 
  61 01bc A0B4 F1   		.ascii	"\240\264\361"
  62               		.text
  63               		.section	.gnu.lto_sync_timer_read32.8426f0f93d80fd3d,"",@progbits
  64 0000 789C 7551 		.ascii	"x\234uQMK[A\024\275gf^^\362\222\024A\334\031\353\326\215\301"
  64      4D4B 5B41 
  64      14BD 6766 
  64      5E5E F292 
  64      1441 DC19 
  65 0018 3FD0 1FD1 		.ascii	"?\320\037\321? 4d!\022\003\232MW\231\344\345i\305\215\033S(\r"
  65      3F20 3464 
  65      2112 039A 
  65      4D57 99E4 
  65      E569 C58D 
  66 0030 E24A 5BBF 		.ascii	"\342J[\277\227\242B\b\270*M\021\334)\264U\021)Y4b\227\366\365"
  66      97A2 4208 
  66      B82A 4D11 
  66      DC29 B455 
  66      1129 5934 
  67 0048 DE97 480B 		.ascii	"\336\227H\013\322\201\231\271\367\3169\347\236\2311\004\2221"
  67      D281 99B9 
  67      F7CE 39E7 
  67      9E99 3104 
  67      9231 
  68 005a A488 9EF3 		.ascii	"\244\210\236\363\376\202'b\004\265\334&\252\304\225\322G#d=s"
  68      FE82 2762 
  68      04B5 DC26 
  68      AAC4 95D2 
  68      4723 643D 
  69 006f 9625 9BD2 		.ascii	"\226%\233\322pze\363\0308\200\0046\016*+m\034\224\361K=(\234"
  69      707A 65F3 
  69      1838 8004 
  69      360E 2A2B 
  69      6D1C 94F1 
  70 0087 D6        		.ascii	"\326"
  71 0088 F6DE EB7B 		.string	"\366\336\353{\025h\202\341\264\373\371\335\3253I\201QN\033'k\213fl\335\332\252\375\026\27
  71      1568 82E1 
  71      B4FB F9DD 
  71      D533 4981 
  71      514E 1B27 
  72 0189 F95A FEE3 		.ascii	"\371Z\376\343\016\340\313\352\213O\203\f4\235%\227\237\033\002"
  72      0EE0 CBEA 
  72      8B4F 830C 
  72      349D 2597 
  72      9F1B 02
  73 019c 62D3 9952 		.ascii	"b\323\231Raz2W\234\315gs\305B\2418\223\235{=\223\233,M\025\362"
  73      617A 3257 
  73      9CCD 6773 
  73      C542 A138 
  73      939D 7B3D 
  74 01b6 B3E3 39FA 		.ascii	"\263\3439\372\0033\330\273G"
  74      0333 D8BB 
  74      47
  75               		.text
  76               		.section	.gnu.lto_sync_timer_read.8426f0f93d80fd3d,"",@progbits
  77 0000 789C 6590 		.ascii	"x\234e\220\277J\003A\020\306\347\333\275\313\345\217b\3006F\333"
  77      BF4A 0341 
  77      10C6 E7DB 
  77      BDCB E58F 
  77      62C0 3646 
  78 0015 341E BE80 		.ascii	"4\036\276\200\017\341\013\004\f)Db0\246\261\2725\347\201\240"
  78      0FE1 0B04 
  78      0C29 4462 
  78      30A6 B1BA 
  78      35E7 81A0 
  79 0029 8522 5A29 		.ascii	"\205\"Z)\226\211\032\225\220*`\021\004+EA\264\321F\005E\304\""
  79      9689 1A95 
  79      902A 6011 
  79      042B 4541 
  79      B4D1 4605 
  80 0040 8A62 15CF 		.ascii	"\212b\025\317\331;\304\"\013\2733s\367\315o\276]\203@z\355p\030"
  80      D93B C422 
  80      0BBB 3373 
  80      F7CD 6FBE 
  80      5D83 407A 
  81 0057 E638 CE1B 		.ascii	"\3468\316\033\021\202X"
  81      1182 58
  82 005e BD20 5A88 		.string	"\275 Z\210\n!\217\323\244\342\306\265M\252O\302\f?\033\177\211\t\350DEA\216\220\206\t\007
  82      0A21 8FD3 
  82      A4E2 C6B5 
  82      4DAA 4FC2 
  82      0C3F 1B7F 
  83 015f 2DE2 F943 		.ascii	"-\342\371C\345\302t6W,\345\355\\\261P(\316\330s\3633\271ly\252"
  83      E5C2 7436 
  83      572C E5ED 
  83      5CB1 5028 
  83      CED8 73F3 
  84 0178 902F 8DE6 		.ascii	"\220/\215\346\350\027\031\f\227{"
  84      E817 190C 
  84      977B 
  85               		.text
  86               		.section	.gnu.lto_sync_timer_elapsed.8426f0f93d80fd3d,"",@progbits
  87 0000 789C 6590 		.string	"x\234e\220AK[A\020\307\347\277\263\357\3455Q\f\024o*\036\004\361\322\320/\320\017\341\027
  87      414B 5B41 
  87      10C7 E7BF 
  87      B3EF E535 
  87      510C 146F 
  88 007f 5435 6C3D 		.ascii	"T5l=T\361\313\334\031\354\305\267\335\241\237&b!I\372\345j\277"
  88      54F1 CBDC 
  88      19EC C5B7 
  88      DDA1 9F26 
  88      6221 49FA 
  89 0096 9ED1 14C8 		.ascii	"\236\321\024\310J\332\272\375xh\247\232\316\255\270o\215\325"
  89      4ADA BAFD 
  89      7868 A79A 
  89      CEAD B86F 
  89      8DD5 
  90 00a8 C168 BD8B 		.ascii	"\301h\275\213\210\r\305\206\260\216\02141\242Ul`J\264\313k_O"
  90      880D C586 
  90      B08E 1134 
  90      31A2 556C 
  90      604A B4CB 
  91 00bf 0C8F 8324 		.ascii	"\f\217\203$\256\03556\274\311\206\372\\}\330\261\230\360\016"
  91      AE1D 3536 
  91      BCC9 86FA 
  91      5C7D D8B1 
  91      98F0 0E
  92 00d2 FCBF 4F39 		.ascii	"\374\277O9\330\304\244\312\177|\370\375z\320\2579Y\343\n\027"
  92      D8C4 A4CA 
  92      7F7C F8FD 
  92      7AD0 AF39 
  92      59E3 0A17 
  93 00e6 660B BEF6 		.ascii	"f\013\276\366\273=\335uq\034:\327~|i\006\240.O\016\366\241\336"
  93      BB3D DD75 
  93      711C 3AD7 
  93      7E7C 6906 
  93      A02E 4F0E 
  94 00fd 40F3 B41C 		.ascii	"@\363\264\0346\223\360\350J\266\266ym\214\336|\216\260{XPX\310"
  94      3693 F0E8 
  94      4AB6 B679 
  94      6D8C DE7C 
  94      8EB0 7B58 
  95 0114 9E7C D46E 		.ascii	"\236|\324n_\036\247\252w\356\205s\331\210\275\330\310\037\330"
  95      5F1E A7AA 
  95      77EE 8573 
  95      D988 BDD8 
  95      C81F D8
  96 0127 4255 DC3E 		.ascii	"BU\334>}G\3558|\372O\374&\332=H\351,\030\204\367I\253Jf\352\214"
  96      7D47 ED38 
  96      7CFA 4FFC 
  96      26DA 3D48 
  96      E92C 1884 
  97 0142 09B8 E6EA 		.ascii	"\t\270\346\352\350k\203{\340T,\377\023\266\005\034\262\037q\220"
  97      E86B 837B 
  97      E054 2CFF 
  97      13B6 051C 
  97      B21F 7190 
  98 0156 182D F572 		.ascii	"\030-\365rIEG\317\372\306\364=\343\203X\360\204\235\244\2424"
  98      4945 47CF 
  98      FAC6 F43D 
  98      E383 58F0 
  98      849D A4A2 
  99 016b 9D21 7CEB 		.ascii	"\235!|\353\367\265\031\221\013+\001yIo\027X\311\n^\247t\003H"
  99      F7B5 1991 
  99      0B2B 0179 
  99      496F 1758 
  99      C90A 5EA7 
 100 0182 19DC FAF4 		.ascii	"\031\334\372\364P\204\266\3632%\203\200\212\244\212\321Jq~&_"
 100      5084 B6F3 
 100      3225 8380 
 100      8AA4 8AD1 
 100      4A71 7E26 
 101 0197 5E2C E4F2 		.ascii	"^,\344\362\345b\261\\\312-=/\345g*s\305\302\342\243<\331\205"
 101      E562 B15C 
 101      CA2D 3D2F 
 101      E567 2A73 
 101      C5C2 E2A3 
 102 01ae D9A5 CA1F 		.ascii	"\331\245\312\037lb\255\020"
 102      6C62 AD10 
 103               		.text
 104               		.section	.gnu.lto_sync_timer_elapsed32.8426f0f93d80fd3d,"",@progbits
 105 0000 789C 6590 		.ascii	"x\234e\220MK[Q\020\206\347=s\356\3155j\021\334\252dQ\0207\206"
 105      4D4B 5B51 
 105      1086 E73D 
 105      73EE CD35 
 105      6A11 DCAA 
 106 0019 FE81 FE88 		.ascii	"\376\201\376\210\376\001\251!\013\2611\250\331\270\312\321\233"
 106      FE01 A921 
 106      0BB1 31A8 
 106      D9B8 CAD1 
 106      9B
 107 002a 4B5B 28B4 		.ascii	"K[(\264.\024\321\270p!\211\037\365c)(\004\301\245\212\350\316"
 107      2E14 D1B8 
 107      7021 891F 
 107      F563 2928 
 107      04C1 A58A 
 108 0040 453F A4A5 		.ascii	"E?\244\245\224.Li\013\205\332\333\231\033\244\202\007\31693\207"
 108      942E 4C69 
 108      0B85 DADB 
 108      991B A482 
 108      07CE 3933 
 109 0055 F77D CECC 		.ascii	"\367}\316\314X\002\351\372$\327C\271\037\313\206O0oN\210\246"
 109      5802 E9FA 
 109      24D7 43B9 
 109      1FCB 864F 
 109      306F 4E88 
 110 006a 0363 78BF 		.ascii	"\003cx\277\217\\\332^d\311u0\274\326\263\275\r<@\003\027\200"
 110      8F5C DA5E 
 110      64C9 7530 
 110      BCD6 B3BD 
 110      0D3C 4003 
 111 0080 CA86 AD87 		.ascii	"\312\206\255\2072~\232\033\203\263\312N\225\177\230\210\tV\322"
 111      327E 9A1B 
 111      83B3 CA4E 
 111      957F 9888 
 111      0956 D2
 112 0093 E6F1 E2D5 		.ascii	"\346\361\342\325\003M\201\214\244\313G+/\355@\315\271\031\367"
 112      034D 818C 
 112      A4CB 472B 
 112      2FED 40CD 
 112      B919 F7
 113 00a6 FE68 A9F3 		.ascii	"\376h\251\363y\275\201\210\r\305\206PG\017j\350\321*\3260 \332"
 113      79BD 8188 
 113      0DC5 8650 
 113      470F 6AE8 
 113      D12A D630 
 114 00bc E9EA F995 		.ascii	"\351\352\371\225\341\fH\342_\263\353\363\350_U\237\333\355u,"
 114      E10C 48E2 
 114      5FB3 EBF3 
 114      E85F 559F 
 114      DBED 752C 
 115 00d0 26AC 83EF 		.ascii	"&\254\203\357\372\224\203\r\364\253\374\343\356\337\271N\277"
 115      FA94 830D 
 115      F4AB FCE3 
 115      EEDF B94E 
 115      BF
 116 00e1 E264 6514 		.ascii	"\342de\024.\314M\370\332\357\366\223\206\213\343\320\271\203"
 116      2ECC 4DF8 
 116      DAEF F693 
 116      868B E3D0 
 116      B983 
 117 00f3 47BF 4D07 		.ascii	"G\277M\007\324\345\311\301>\324\033h\236\226\303\266'<\272\226"
 117      D4E5 C9C1 
 117      3ED4 1B68 
 117      9E96 C3B6 
 117      273C BA96 
 118 0107 AD6D 368D 		.ascii	"\255m6\215\321\233\277 l\274\313+,dO>\332\333\373v\231*\337\270"
 118      D19B BF20 
 118      6CBC CB2B 
 118      2C64 4F3E 
 118      DADB FB76 
 119 011f 17CE 7545 		.ascii	"\027\316uE\354\305F\376\300[\224\305\355\323\007T.\303\341\377"
 119      ECC5 46FE 
 119      C05B 94C5 
 119      EDD3 0754 
 119      2EC3 E1FF 
 120 0133 E2F9 E8F0 		.ascii	"\342\371\350\3604\245\263`\020\266\222V\225\314\264\337'\340"
 120      34A5 B360 
 120      10B6 9256 
 120      95CC B4DF 
 120      27E0 
 121 0145 8A5B 464B 		.ascii	"\212[FK\033\334\003\247b\371\237\260-\340\220\375\210\203\304"
 121      1BDC 03A7 
 121      62F9 9FB0 
 121      2DE0 90FD 
 121      8883 C4
 122 0158 68E9 229B 		.ascii	"h\351\"\233T\324\034o\031\323\367\214m\261\340\t;IEi\372\214"
 122      54D4 1C6F 
 122      19D3 F78C 
 122      6DB1 E009 
 122      3B49 4569 
 123 016e 70C1 6F69 		.ascii	"p\301oi\333E.\254\004\344%\275}\305L\227\340uJ\337\001)\203\377"
 123      DB45 2EAC 
 123      04E4 25BD 
 123      7DC5 4C97 
 123      E075 4ADF 
 124 0186 1C77 8BD0 		.ascii	"\034w\213\320\276z\235\222A@EREo\2510:\224+N\344\263\271b\241"
 124      BE7A 9D92 
 124      4140 4552 
 124      456F A930 
 124      3A94 2B4E 
 125 019f 501C CB4E 		.ascii	"P\034\313NN\215\345\206J#\205\374\304`\216\354\263\247\223\245"
 125      4E8D E586 
 125      4A23 85FC 
 125      C460 8EEC 
 125      B3A7 93A5 
 126 01b3 7F8D 69AC 		.ascii	"\177\215i\254`"
 126      60
 127               		.text
 128               		.section	.gnu.lto_.symbol_nodes.8426f0f93d80fd3d,"",@progbits
 129 0000 789C 55CA 		.string	"x\234U\312\275\021\3020\f\206\341\317\226\374\227"
 129      BD11 C230 
 129      0C86 E1CF 
 129      96FC 9700 
 130 0010 0513 404D 		.string	"\005\023@M\233\375\344\343\240g\b\032z\n\216!2C\n\346\340\260\035\027\250\322\275\317'\20
 130      9BFD E4E3 
 130      A067 081A 
 130      7A0A 8E21 
 130      3243 0AE6 
 131 0031 B02C C06D 		.ascii	"\260,\300m\006\312y\347#\340\b\327}\035\234\0305\330 V\203\027"
 131      06CA 79E7 
 131      23E0 08D7 
 131      7D1D 9C18 
 131      35D8 2056 
 132 0047 D210 8535 		.ascii	"\322\020\2055$q\n\314(\276\001\220\363\241\364 A\365F\242\352"
 132      2471 0ACC 
 132      28BE 0190 
 132      F3A1 F420 
 132      41F5 46A2 
 133 005c AD24 D53B 		.ascii	"\255$\325;\031\376\233l\304}\371\032\262\001\237\347D\324\223"
 133      19FE 9B6C 
 133      C47D F91A 
 133      B201 9FE7 
 133      44D4 93
 134 006f 4ABE A67A 		.ascii	"J\276\246z.\217\331\020w\346\324\230\t\347\312\256\263\033\032"
 134      2E8F D910 
 134      77E6 D498 
 134      09E7 CAAE 
 134      B31B 1A
 135 0082 3B5E D977 		.ascii	";^\331w\366cc\277~\343\007v}E\005"
 135      F663 63BF 
 135      7EE3 0776 
 135      7D45 05
 136               		.text
 137               		.section	.gnu.lto_.refs.8426f0f93d80fd3d,"",@progbits
 138 0000 789C 6361 		.string	"x\234ca`d\020``"
 138      6064 1060 
 138      6000 
 139 000a 928C 40C0 		.string	"\222\214@\300\304\310\310\306\310\314\300\310\312"
 139      C4C8 C8C6 
 139      C8CC C0C8 
 139      CA00 
 140 0018 00        		.string	""
 141 0019 0281 00   		.string	"\002\201"
 142 001c 2F        		.ascii	"/"
 143               		.text
 144               		.section	.gnu.lto_.decls.8426f0f93d80fd3d,"",@progbits
 145 0000 789C A554 		.ascii	"x\234\245TkL\024W\024\2363\263\270\260.\254%\332@J\033b\242\220"
 145      6B4C 1457 
 145      149E 33B3 
 145      B8B0 2EAC 
 145      25DA 404A 
 146 0018 FE60 5B48 		.ascii	"\376`[H\232\370\257im\372"
 146      9AF8 AF69 
 146      6DFA 
 147 0022 A369 499B 		.string	"\243iI\233\324\277[\204M\334\310\303\260KS\377]\037\253\226\210\"mQQ\021\305*\024lA\021X\
 147      D4BF 5B84 
 147      4DDC C8C3 
 147      B04B 53FF 
 147      5D1F AB96 
 148 0123 D40B D02D 		.ascii	"\324\013\320-\273\005\272\24572\373\027\036\216\230\277\b\210"
 148      BB05 BAA5 
 148      3732 FB17 
 148      1E8E 98BF 
 148      0888 
 149 0135 D86A C1D8 		.ascii	"\330j\301\330\017\304vN"
 149      0FC4 764E 
 150 013d 5D2C 0877 		.string	"],\bwj\261\250K\236\327\307X\354\271L/\032\025x<\352\007\241D\037\230\353\326\305\205\340
 150      6AB1 A84B 
 150      9ED7 C758 
 150      ECB9 4C2F 
 150      1A15 783C 
 151 023e 1E1F 7D55 		.string	"\036\037}Uu\325g\rK\224\351\002+S\r\210:=\352\016\364\310j\235\312\264:!\f*\265l\225\372:
 151      75D5 670D 
 151      4B94 E902 
 151      2B53 0D88 
 151      3A3D EA0E 
 152 032d 9F84 E6F9 		.ascii	"\237\204\346\371IxXX|\034\226R\321\312T\264\250\243P1\264\275"
 152      4978 5858 
 152      7C1C 9652 
 152      D1CA 54B4 
 152      A8A3 5031 
 153 0343 2694 8F82 		.ascii	"&\224\217\202\267o\025\331\201\034\003\305\300\025M\303\025\275"
 153      B76F 15D9 
 153      811C 03C5 
 153      C015 4DC3 
 153      15BD 
 154 0355 8636 A6A1 		.ascii	"\2066\246\241!\340\257\261(\325\\\303b\323\330;\232\227\037\261"
 154      21E0 AFB1 
 154      28D5 5CC3 
 154      62D3 D83B 
 154      9A97 1FB1 
 155 0369 D470 7430 		.ascii	"\324pt0\rWU\rU\327\016{\302\204\206aU\003b\240]\323\320\256\327"
 155      0D57 550D 
 155      55D7 0E7B 
 155      C284 8661 
 155      5503 62A0 
 156 0382 D0C9 34E4 		.ascii	"\320\3114\344\026\324\354\227\225V\256\241\2668\337\303&\f\333"
 156      16D4 EC97 
 156      9556 AEA1 
 156      B638 DFC3 
 156      260C DB
 157 0395 79B3 67AD 		.ascii	"y\263g\255\233\370\200\215W\227\026\242\213\205\300M7\243\277"
 157      9BF8 808D 
 157      5797 16A2 
 157      8B85 C04D 
 157      37A3 BF
 158 03a8 DA31 10A1 		.ascii	"\3321\020\241<\344\354\356\226\033\207\214\312\034\2731\034\177"
 158      3CE4 ECEE 
 158      961B 878C 
 158      CA1C BB31 
 158      1C7F 
 159 03ba 90D7 64C2 		.ascii	"\220\327d\302\236B\030Z|\021\t\205^\b\223v\3231\360\222\222X"
 159      9E42 185A 
 159      7C11 0985 
 159      5E08 9376 
 159      D331 F092 
 160 03d0 CCCF CF01 		.ascii	"\314\317\317\0017p\b\350#\t\256#\274\017G\240\210\340\264\254"
 160      3770 08E8 
 160      2309 AE23 
 160      BC0F 47A0 
 160      88E0 B4AC 
 161 03e4 60CE D3EA 		.ascii	"`\316\323\352\227L\242\267pM$\347'\276[\350=\022\256\257\016"
 161      974C A2B7 
 161      704D 24E7 
 161      27BE 5BE8 
 161      3D12 AEAF 
 162 03f9 85A8 D5E9 		.ascii	"\205\250\325\351\017\232\223\307\375\373k\324\203\035)X\1777"
 162      0F9A 93C7 
 162      FDFB 6BD4 
 162      831D 2958 
 162      7F37 
 163 040b 97EC 5428 		.ascii	"\227\354T(\004z\264"
 163      047A B4
 164 0412 93F5 A827 		.string	"\223\365\250'\033`';5R\260+L9\301\277\253\007}\271\027\314\202?\270om\021\343\323!\273\25
 164      1B60 273B 
 164      3552 B02B 
 164      4C39 C1BF 
 164      AB07 7DB9 
 165 0513 0718 F887 		.ascii	"\007\030\370\207\346\355e\341zp}\020xB\200'\030\270olf\316\242"
 165      E6ED 65E1 
 165      7A70 7D10 
 165      7842 8027 
 165      18B8 6F6C 
 166 052a 07FB 82C0 		.ascii	"\007\373\202\300\223\002<\311\300\335\356;\276\b=\2705\b|_\200"
 166      9302 3CC9 
 166      C0DD EE3B 
 166      BE08 3DB8 
 166      3508 7C5F 
 167 053f EF33 F0B5 		.ascii	"\3573\360\265\311\213\225\006=\270#\b<%\300\364jqn\315L\265\271"
 167      C98B 9506 
 167      3DB8 2308 
 167      3C25 C0F4 
 167      6A71 6ECD 
 168 0556 1C19 F66C 		.ascii	"\034\031\366l\233#\323\341\n\375\364\213\257c?^\267Nz\333\225"
 168      9B23 D3E1 
 168      0AFD F48B 
 168      AF63 3F5E 
 168      B74E 7ADB 
 169 056b B1D9 969A 		.ascii	"\261\331\226\232\225m\267\246feddeZ5`B\252\364\206\216\226\263"
 169      956D B7A6 
 169      6665 6464 
 169      655A 3560 
 169      42AA F486 
 170 0582 252D C565 		.ascii	"%-\305e\017\315qd\272\222\022m\256w\2549\316lk\272c\2435\345"
 170      0FCD 7164 
 170      BA92 126D 
 170      AE77 AC39 
 170      CE6C 6BBA 
 171 059a DB6C AB23 		.ascii	"\333l\253#35='\315nu\272\322\360y\302\246 f\266=%-)\321\262\300"
 171      3335 3D27 
 171      CD6E 75BA 
 171      D2F0 79C2 
 171      A620 66B6 
 172 05b5 C322 BDFF 		.ascii	"\303\"\275\377\201\315\025\251{`OO\331\342\264\247\255|\335\225"
 172      81CD 15A9 
 172      7B60 4F4F 
 172      D9E2 B4A7 
 172      AD7C DD95 
 173 05c9 9468 D647 		.ascii	"\224h\326G\213Z\250\233K\336$E:\234\266\315\366\255\033\263R"
 173      8B5A A89B 
 173      4BDE 2445 
 173      3A9C B6CD 
 173      F6AD 1BB3 
 174 05de B2D3 6C19 		.ascii	"\262\323l\031)N\227=;\304\366QVV\372[\013\031*\nI&-txPV\313\002"
 174      294E 973D 
 174      3BC4 F651 
 174      5656 FA5B 
 174      0B19 2A0A 
 175 05fb 0DE1 3A61 		.ascii	"\r\341:a\031N\243\250\305??\333h+"
 175      194E A3A8 
 175      C53F 3FDB 
 175      682B 
 176               		.text
 177               		.section	.gnu.lto_.symtab.8426f0f93d80fd3d,"",@progbits
 178 0000 7379 6E63 		.string	"sync_timer_init"
 178      5F74 696D 
 178      6572 5F69 
 178      6E69 7400 
 179 0010 00        		.string	""
 180 0011 00        		.string	""
 181 0012 00        		.string	""
 182 0013 00        		.string	""
 183 0014 00        		.string	""
 184 0015 00        		.string	""
 185 0016 00        		.string	""
 186 0017 00        		.string	""
 187 0018 00        		.string	""
 188 0019 00        		.string	""
 189 001a 00        		.string	""
 190 001b AB00      		.string	"\253"
 191 001d 00        		.string	""
 192 001e 00        		.string	""
 193 001f 7379 6E63 		.string	"sync_timer_ms"
 193      5F74 696D 
 193      6572 5F6D 
 193      7300 
 194 002d 00        		.string	""
 195 002e 04        		.ascii	"\004"
 196 002f 00        		.string	""
 197 0030 0400      		.string	"\004"
 198 0032 00        		.string	""
 199 0033 00        		.string	""
 200 0034 00        		.string	""
 201 0035 00        		.string	""
 202 0036 00        		.string	""
 203 0037 00        		.string	""
 204 0038 E300      		.string	"\343"
 205 003a 00        		.string	""
 206 003b 00        		.string	""
 207 003c 7379 6E63 		.string	"sync_timer_update"
 207      5F74 696D 
 207      6572 5F75 
 207      7064 6174 
 207      6500 
 208 004e 00        		.string	""
 209 004f 00        		.string	""
 210 0050 00        		.string	""
 211 0051 00        		.string	""
 212 0052 00        		.string	""
 213 0053 00        		.string	""
 214 0054 00        		.string	""
 215 0055 00        		.string	""
 216 0056 00        		.string	""
 217 0057 00        		.string	""
 218 0058 00        		.string	""
 219 0059 B600      		.string	"\266"
 220 005b 00        		.string	""
 221 005c 00        		.string	""
 222 005d 7379 6E63 		.string	"sync_timer_read32"
 222      5F74 696D 
 222      6572 5F72 
 222      6561 6433 
 222      3200 
 223 006f 00        		.string	""
 224 0070 00        		.string	""
 225 0071 00        		.string	""
 226 0072 00        		.string	""
 227 0073 00        		.string	""
 228 0074 00        		.string	""
 229 0075 00        		.string	""
 230 0076 00        		.string	""
 231 0077 00        		.string	""
 232 0078 00        		.string	""
 233 0079 00        		.string	""
 234 007a B900      		.string	"\271"
 235 007c 00        		.string	""
 236 007d 00        		.string	""
 237 007e 7379 6E63 		.string	"sync_timer_read"
 237      5F74 696D 
 237      6572 5F72 
 237      6561 6400 
 238 008e 00        		.string	""
 239 008f 00        		.string	""
 240 0090 00        		.string	""
 241 0091 00        		.string	""
 242 0092 00        		.string	""
 243 0093 00        		.string	""
 244 0094 00        		.string	""
 245 0095 00        		.string	""
 246 0096 00        		.string	""
 247 0097 00        		.string	""
 248 0098 00        		.string	""
 249 0099 C300      		.string	"\303"
 250 009b 00        		.string	""
 251 009c 00        		.string	""
 252 009d 7379 6E63 		.string	"sync_timer_elapsed"
 252      5F74 696D 
 252      6572 5F65 
 252      6C61 7073 
 252      6564 00
 253 00b0 00        		.string	""
 254 00b1 00        		.string	""
 255 00b2 00        		.string	""
 256 00b3 00        		.string	""
 257 00b4 00        		.string	""
 258 00b5 00        		.string	""
 259 00b6 00        		.string	""
 260 00b7 00        		.string	""
 261 00b8 00        		.string	""
 262 00b9 00        		.string	""
 263 00ba 00        		.string	""
 264 00bb C700      		.string	"\307"
 265 00bd 00        		.string	""
 266 00be 00        		.string	""
 267 00bf 7379 6E63 		.string	"sync_timer_elapsed32"
 267      5F74 696D 
 267      6572 5F65 
 267      6C61 7073 
 267      6564 3332 
 268 00d4 00        		.string	""
 269 00d5 00        		.string	""
 270 00d6 00        		.string	""
 271 00d7 00        		.string	""
 272 00d8 00        		.string	""
 273 00d9 00        		.string	""
 274 00da 00        		.string	""
 275 00db 00        		.string	""
 276 00dc 00        		.string	""
 277 00dd 00        		.string	""
 278 00de 00        		.string	""
 279 00df CB00      		.string	"\313"
 280 00e1 00        		.string	""
 281 00e2 00        		.string	""
 282 00e3 7469 6D65 		.string	"timer_read32"
 282      725F 7265 
 282      6164 3332 
 282      00
 283 00f0 00        		.string	""
 284 00f1 02        		.ascii	"\002"
 285 00f2 00        		.string	""
 286 00f3 00        		.string	""
 287 00f4 00        		.string	""
 288 00f5 00        		.string	""
 289 00f6 00        		.string	""
 290 00f7 00        		.string	""
 291 00f8 00        		.string	""
 292 00f9 00        		.string	""
 293 00fa 00        		.string	""
 294 00fb CD00      		.string	"\315"
 295 00fd 00        		.string	""
 296 00fe 00        		.string	""
 297 00ff 6973 5F6B 		.string	"is_keyboard_master"
 297      6579 626F 
 297      6172 645F 
 297      6D61 7374 
 297      6572 00
 298 0112 00        		.string	""
 299 0113 02        		.ascii	"\002"
 300 0114 00        		.string	""
 301 0115 00        		.string	""
 302 0116 00        		.string	""
 303 0117 00        		.string	""
 304 0118 00        		.string	""
 305 0119 00        		.string	""
 306 011a 00        		.string	""
 307 011b 00        		.string	""
 308 011c 00        		.string	""
 309 011d D500      		.string	"\325"
 310 011f 00        		.string	""
 311 0120 00        		.string	""
 312 0121 7469 6D65 		.string	"timer_read"
 312      725F 7265 
 312      6164 00
 313 012c 00        		.string	""
 314 012d 02        		.ascii	"\002"
 315 012e 00        		.string	""
 316 012f 00        		.string	""
 317 0130 00        		.string	""
 318 0131 00        		.string	""
 319 0132 00        		.string	""
 320 0133 00        		.string	""
 321 0134 00        		.string	""
 322 0135 00        		.string	""
 323 0136 00        		.string	""
 324 0137 D700      		.string	"\327"
 325 0139 00        		.string	""
 326 013a 00        		.string	""
 327 013b 7469 6D65 		.string	"timer_elapsed"
 327      725F 656C 
 327      6170 7365 
 327      6400 
 328 0149 00        		.string	""
 329 014a 02        		.ascii	"\002"
 330 014b 00        		.string	""
 331 014c 00        		.string	""
 332 014d 00        		.string	""
 333 014e 00        		.string	""
 334 014f 00        		.string	""
 335 0150 00        		.string	""
 336 0151 00        		.string	""
 337 0152 00        		.string	""
 338 0153 00        		.string	""
 339 0154 D900      		.string	"\331"
 340 0156 00        		.string	""
 341 0157 00        		.string	""
 342 0158 7469 6D65 		.string	"timer_elapsed32"
 342      725F 656C 
 342      6170 7365 
 342      6433 3200 
 343 0168 00        		.string	""
 344 0169 02        		.ascii	"\002"
 345 016a 00        		.string	""
 346 016b 00        		.string	""
 347 016c 00        		.string	""
 348 016d 00        		.string	""
 349 016e 00        		.string	""
 350 016f 00        		.string	""
 351 0170 00        		.string	""
 352 0171 00        		.string	""
 353 0172 00        		.string	""
 354 0173 DB00      		.string	"\333"
 355 0175 00        		.string	""
 356 0176 00        		.string	""
 357               		.text
 358               		.section	.gnu.lto_.opts,"",@progbits
 359 0000 272D 666D 		.ascii	"'-fmath-errno' '-fsigned-zeros' '-ftrapping-math' '-fno-trap"
 359      6174 682D 
 359      6572 726E 
 359      6F27 2027 
 359      2D66 7369 
 360 003c 7627 2027 		.ascii	"v' '-fno"
 360      2D66 6E6F 
 361 0044 2D6F 7065 		.string	"-openmp' '-fno-openacc' '-mn-flash=1' '-mno-skip-bug' '-mmcu=avr5' '-gdwarf-2' '-Os' '-We
 361      6E6D 7027 
 361      2027 2D66 
 361      6E6F 2D6F 
 361      7065 6E61 
 362               		.text
 363               		.comm	__gnu_lto_v1,1,1
 364               		.comm	__gnu_lto_slim,1,1
 365               		.ident	"GCC: (GNU) 5.4.0"
DEFINED SYMBOLS
                            *ABS*:0000000000000000 sync_timer.c
     /tmp/ccn4Cs0k.s:2      *ABS*:000000000000003e __SP_H__
     /tmp/ccn4Cs0k.s:3      *ABS*:000000000000003d __SP_L__
     /tmp/ccn4Cs0k.s:4      *ABS*:000000000000003f __SREG__
     /tmp/ccn4Cs0k.s:5      *ABS*:0000000000000000 __tmp_reg__
     /tmp/ccn4Cs0k.s:6      *ABS*:0000000000000001 __zero_reg__
                            *COM*:0000000000000001 __gnu_lto_v1
                            *COM*:0000000000000001 __gnu_lto_slim

NO UNDEFINED SYMBOLS
