   1               		.file	"sym_defer_g.c"
   2               	__SP_H__ = 0x3e
   3               	__SP_L__ = 0x3d
   4               	__SREG__ = 0x3f
   5               	__tmp_reg__ = 0
   6               	__zero_reg__ = 1
   7               		.text
   8               	.Ltext0:
   9               		.section	.gnu.lto_.profile.b3d2fd784768b5e8,"",@progbits
  10 0000 789C 6361 		.string	"x\234ca`d`a`"
  10      6064 6061 
  10      6000 
  11 000a 9206 D200 		.string	"\222\006\322"
  12 000e 00        		.string	""
  13 000f E500      		.string	"\345"
  14 0011 56        		.ascii	"V"
  15               		.text
  16               		.section	.gnu.lto_.icf.b3d2fd784768b5e8,"",@progbits
  17 0000 789C 6361 		.string	"x\234ca`d"
  17      6064 00
  18 0007 0105 0604 		.string	"\001\005\006\004`e\370\274\260\355-\017\343\203\037\017\233\230\230\326\374\275q\235\215\
  18      6065 F8BC 
  18      B0ED 2D0F 
  18      E383 1F0F 
  18      9B98 98D6 
  19 002f 0FD0 1014 		.ascii	"\017\320\020\024"
  20               		.text
  21               		.section	.gnu.lto_.jmpfuncs.b3d2fd784768b5e8,"",@progbits
  22 0000 789C 6361 		.string	"x\234ca`d"
  22      6064 00
  23 0007 0129 0604 		.string	"\001)\006\004`f`\004\n2\2620\002\001\177=\0200\201DY\200\030"
  23      6066 6004 
  23      0A32 B230 
  23      0201 7F3D 
  23      1030 8144 
  24 001f 1DD3 023F 		.ascii	"\035\323\002?"
  25               		.text
  26               		.section	.gnu.lto_.inline.b3d2fd784768b5e8,"",@progbits
  27 0000 789C 6361 		.string	"x\234ca`d"
  27      6064 00
  28 0007 811A 0604 		.string	"\201\032\006\004`\006\"&F\006& \223m\201<\210\002*\222Rbda\346\310\376\313\3048\255\365\3
  28      6006 2226 
  28      4606 2620 
  28      936D 813C 
  28      8802 2A92 
  29 004a 034B 0727 		.string	"\003K\007'\013\203\002\310h\036\240Y\023\374\230\270\031X\200\252\030X\230\201\3260]\340\
  29      0B83 02C8 
  29      681E A059 
  29      13FC 98B8 
  29      1958 80AA 
  30 006a 00        		.string	""
  31 006b 4B97 0FE9 		.ascii	"K\227\017\351"
  32               		.text
  33               		.section	.gnu.lto_.pureconst.b3d2fd784768b5e8,"",@progbits
  34 0000 789C 6361 		.string	"x\234ca`d`g```f``\224ba\001"
  34      6064 6067 
  34      6060 6066 
  34      6060 9462 
  34      6101 00
  35 0013 0118 00   		.string	"\001\030"
  36 0016 33        		.ascii	"3"
  37               		.text
  38               		.section	.gnu.lto_debounce_init.b3d2fd784768b5e8,"",@progbits
  39 0000 789C 6361 		.string	"x\234ca`d"
  39      6064 00
  40 0007 814D 40AC 		.string	"\201M@\254\005\304\322@\314\310\314\300\3104\341\034\003C#\007\023##\210\321\300\301\310P
  40      05C4 D240 
  40      CCC8 CCC0 
  40      C834 E11C 
  40      0343 2307 
  41 0037 C183 A3E7 		.string	"\301\203\243\347\370\032V\034`lef`\370\317\0046\211\201q9\243&P\325\346[\357\267\2633+12"
  41      F81A 561C 
  41      606C 6566 
  41      60F8 CF04 
  41      3689 8171 
  42 005a D9BF 6E6F 		.string	"\331\277no\352aW_\332\320\320\324\3200]\260\201\271\225\231\221q\005#3P\007\243\261\f\243
  42      EA61 575F 
  42      DAD0 D0D4 
  42      D030 5DB0 
  42      81B9 9599 
  43 00a8 C420 D77D 		.string	"\304 \327}db\002\321\314\257\030\231@*\301\216\370\300\304\b\022\003\252\220/,M\314+)\315
  43      6462 02D1 
  43      CCAF 1899 
  43      402A C18E 
  43      F8C0 C408 
  44 00ea 344A 4C9E 		.ascii	"4JL\236"
  45               		.text
  46               		.section	.gnu.lto_debounce.b3d2fd784768b5e8,"",@progbits
  47 0000 789C 9554 		.ascii	"x\234\225T[O\\U\024\336\337\336s.sf\200i\271I\034\2651\251\244"
  47      5B4F 5C55 
  47      14DE DFDE 
  47      732E 7366 
  47      8069 B949 
  48 0019 DE68 A2A9 		.ascii	"\336h\242\251\361E\377\203\017\372H\020\246\325\030 RI\343\323"
  48      F145 FF83 
  48      0FFA 4810 
  48      A6D5 1820 
  48      5249 E3D3 
  49 002d 1C38 7380 		.ascii	"\0348s\200\232\232\370\302<\025\211\251\265-V+\264\025\247\305"
  49      9A9A F8C2 
  49      3C15 89A9 
  49      B52D 562B 
  49      B415 A7C5 
  50 0041 3A5C 5AA4 		.ascii	":\\Z\244\222^\264\032\">\b*\366B\025H\025mR\306\265\3669\"my"
  50      925E B41A 
  50      223E 082A 
  50      F642 1548 
  50      156D 52C6 
  51 005b B093 CC3E 		.ascii	"\260\223\314>{\177{}k}\353\333\373\234\210\200\340\337\224!\304"
  51      7B7F 7B7D 
  51      6B7D EBDB 
  51      FB9C 8880 
  51      E0DF 9421 
  52 0070 F3F4 7C9B 		.ascii	"\363\364|\233\376\210\t\310w\316\t\321fK\251.U\b\327\211\f=#"
  52      FE88 09C8 
  52      77CE 09D1 
  52      664B A92E 
  52      5508 D789 
  53 0087 DCB8 4224 		.ascii	"\334\270B$\200#\3228\361 \301\316w5\004\033\322\274T\303\253"
  53      8023 D238 
  53      F120 C1CE 
  53      7735 041B 
  53      D2BC 54C3 
  54 009c 21C2 E226 		.ascii	"!\302\342&l\016\202\025<\207m[Z{\306\005\355G3\026\355G\341\004"
  54      6C0E 8215 
  54      3C87 6D5B 
  54      5A7B C605 
  54      ED47 3316 
  55 00b4 491C 8027 		.ascii	"I\034\200'\256\r\221\226*b\230\226\035u\220\226\266@\036(\024"
  55      AE0D 9196 
  55      2A62 9896 
  55      1D75 9096 
  55      B640 1E28 
  56 00c9 0261 7FC8 		.ascii	"\002a\177\310[\022#\235s9\271\345\200K\277\037\1779_\346\036"
  56      5B12 239D 
  56      7339 B9E5 
  56      804B BF1F 
  56      7F39 5FE6 
  57 00de CCC3 5742 		.ascii	"\314\303WB\024\244\016\0218\200-\024u\272\260\234/\271!}\005"
  57      14A4 0E11 
  57      3880 2D14 
  57      75BA B09C 
  57      2FB9 217D 
  58 00f3 30E9 EB85 		.ascii	"0\351\353\205\311\236\030/%\022\264\364\207\347\373\244z\030"
  58      C99E 182F 
  58      2512 B4F4 
  58      87E7 FBA4 
  58      7A18 
  59 0105 82E6 EF4E 		.ascii	"\202\346\357N\275\267\255z\277\353\266\273no\271\253|\245\320"
  59      BDB7 AD7A 
  59      BFEB B6BB 
  59      6E6F B9AB 
  59      7CA5 D0
  60 0118 0745 E970 		.ascii	"\007E\351p\bI\034DR\020$\360!\252)\270\373\314\350\257P\217h"
  60      0849 1C44 
  60      5210 24F0 
  60      21AA 29B8 
  60      FBCC E8AF 
  61 012f E2F5 B7AE 		.ascii	"\342\365\267\256\\\214\204\314\345\220yx\035\346G\232y\364\373"
  61      5C8C 84CC 
  61      E590 7978 
  61      1DE6 479A 
  61      79F4 FB
  62 0142 DF07 2DF5 		.ascii	"\337\007-\365\204f\336\234\036\330c\205\314\223\035\322\335\352"
  62      8466 DE9C 
  62      1ED8 6385 
  62      CC93 1DD2 
  62      DDEA 
  63 0154 AB08 3E0E 		.ascii	"\253\b>\016\250O%\261\225\211\021\201#\232x%\373S[Tm\323\304"
  63      A84F 25B1 
  63      9589 1181 
  63      239A 7825 
  63      FB53 5B54 
  64 016b 61FF 42D6 		.ascii	"a\377B\326\f\211\177\007D\003\237\334N4\004\372Q\315\321\263"
  64      0C89 7F07 
  64      4403 9FDC 
  64      4E34 04FA 
  64      51CD D1B3 
  65 017f FD2B DD45 		.ascii	"\375+\335Ef\206\235\332\024\370\203\001\230d%hs\377W\243\247"
  65      6686 9DDA 
  65      14F8 8301 
  65      9864 2568 
  65      73FF 57A3 
  66 0194 8AD5 733A 		.ascii	"\212\325s:m_\356\233\337\234\315\37380\337s\b\276\233o\333\344"
  66      6D5F EE9B 
  66      DF9C CDFB 
  66      3830 DF73 
  66      08BE 9B6F 
  67 01aa 2B13 476F 		.ascii	"+\023Go\357F\333{\f\233\217\274\220w\013\005\317\315\027\236"
  67      EF46 DB7B 
  67      0C9B 8FBC 
  67      9077 0B05 
  67      CFCD 179E 
  68 01be DEFB D78B 		.ascii	"\336\373\327\213\367C\203\006\270l\224\004X1V\021\347Y1\017%"
  68      F743 8306 
  68      B86C 9404 
  68      5831 5611 
  68      E759 310F 
  69 01d3 E04E 1234 		.ascii	"\340N\022457\320\200\215`KJ\331\2342M-\007\273[\301@%\rv\225"
  69      3537 D080 
  69      8D60 4B4A 
  69      D99C 324D 
  69      2D07 BB5B 
  70 01ed 4685 5820 		.ascii	"F\205X \311\023\017\210E)\351\241f\220\231\366\366\215\200{\360"
  70      C913 0F88 
  70      4529 E9A1 
  70      6690 99F6 
  70      F68D 807B 
  71 0202 9441 B2B3 		.ascii	"\224A\262\263\376\310y\213\017\325 \t\307C\201\213R\211\263\266"
  71      FEC8 798B 
  71      0FD5 2009 
  71      C743 818B 
  71      5289 B3B6 
  72 0216 9A43 FB8D 		.ascii	"\232C\373\215\205\367\237\345\340\265\221Q\335o.7?m\245o\271"
  72      85F7 9FE5 
  72      E0B5 9151 
  72      DD6F 2E37 
  72      3F6D A56F 
  73 022b 5DAE 9B20 		.ascii	"]\256\233 l7]\037\206\257N~;\346\364\242\247\315\325\270\201"
  73      6C37 5D1F 
  73      86AF 4E7E 
  73      3BE6 F4A2 
  73      A7CD D5B8 
  74 0240 41A4 F129 		.ascii	"A\244\361)\347\305g\350e\323\216wN\366;AE G;\227\341\345\273"
  74      E7C5 67E8 
  74      65D3 8E77 
  74      4EF6 3B41 
  74      4520 473B 
  75 0258 AF87 9AA2 		.ascii	"\257\207\232\242w\245v\n\222\355>"
  75      77A5 760A 
  75      92ED 3E
  76 0263 8134 F515 		.string	"\2014\365\025\023$*;\223\274SS|\035M\361\335\n\353i*\302\020i:\2515}N\232\250\250\3569\30
  76      1324 2A3B 
  76      93BC 5353 
  76      7C1D 4DF1 
  76      DD0A EB69 
  77 0364 EB62 4B9D 		.string	"\353bK\235?\204\322)\267v\363\234\267="
  77      3F84 D229 
  77      B776 F39C 
  77      B73D 00
  78 0373 287D 82BD 		.ascii	"(}\202\275[\002\315\312L\032\252\254\256\030e\212\262\225\372"
  78      5B02 CDCA 
  78      4C1A AAAC 
  78      AE18 658A 
  78      B295 FA
  79 0386 1D3A FC78 		.ascii	"\035:\374xx_\377\357e\372r\3652M\220\376\360\376,J\207o\350U"
  79      785F FFEF 
  79      65FA 72F5 
  79      324D 90FE 
  79      F0FE 2C4A 
  80 039e B4E7 078D 		.ascii	"\264\347\007\215\300r\301/8\b\245\323~\350\365\326\272\2467Z"
  80      C072 C12F 
  80      3808 A5D3 
  80      7EE8 F5D6 
  80      BAA6 375A 
  81 03b2 1B6B 1A52 		.ascii	"\033k\032R/7\2676\325\247jv\276\331X\333\220\332\236j\251\335"
  81      2F37 B736 
  81      D5A7 6A76 
  81      BED9 58DB 
  81      90DA 9E6A 
  82 03c8 F164 BD50 		.ascii	"\361d\275P-u\273\314\372\346\346\327R\rvSkcmK\363\256\235V\375"
  82      2D75 BBCC 
  82      FAE6 E6D7 
  82      520D 7653 
  82      6B63 6D4B 
  83 03e1 2B75 4D3B 		.ascii	"+uM;R\rx\365\037\017,\001\372"
  83      520D 78F5 
  83      1F0F 2C01 
  83      FA
  84               		.text
  85               		.section	.gnu.lto_debounce_active.b3d2fd784768b5e8,"",@progbits
  86 0000 789C 2D4E 		.ascii	"x\234-N\275KBq\024\275\347\376D%H\332\023\262%pI\241\377\244"
  86      BD4B 4271 
  86      14BD E7FE 
  86      4425 48DA 
  86      13B2 2570 
  87 0018 7F40 4A5F 		.ascii	"\177@J_M\032}\274\241\351]?\036\324&\204.\021\216Z\r\341\350"
  87      4D1A 7DBC 
  87      A1E9 5D3F 
  87      1ED4 2684 
  87      2E11 8E5A 
  88 002f 26E1 2835 		.ascii	"&\341(559\36414HCB\r\r\366\272W\272p\270\227s\317=\347\306\b"
  88      3539 F431 
  88      3448 4342 
  88      0D0D F6BA 
  88      57BA 70B8 
  89 004a 6435 51AC 		.ascii	"d5Q\254+V\025p\004n>\020U\223\f\330 IP\300\b\360\315s\306E\253"
  89      2B56 1570 
  89      046E 3E10 
  89      5593 0CD8 
  89      2049 50C0 
  90 0065 F99C CA76 		.ascii	"\371\234\312vEj\362\022^\272Fo\210\320\021EL\330J#\2376\213."
  90      456A F212 
  90      5EBA 466F 
  90      88D0 1145 
  90      4CD8 4A23 
  91 007d B2A4 D2B7 		.ascii	"\262\244\322\267\376ok9\336\020\255\214\tt\323C\334\"\357\266"
  91      FE6F 6B39 
  91      DE10 AD8C 
  91      0974 D343 
  91      DC22 EFB6 
  92 0091 8712 4575 		.ascii	"\207\022Eu\221\237\f\034\223\031\320\247\n,n\306l\335\275\243"
  92      919F 0C1C 
  92      9319 D0A7 
  92      0A2C 6EC6 
  92      6CDD BDA3 
  93 00a5 D67E DDB0 		.ascii	"\326~\335\260\213\272\263\340vx\377\230\370\342\320\001f>\030"
  93      8BBA B3E0 
  93      7678 FF98 
  93      F8E2 D001 
  93      663E 18
  94 00b8 7C4C 12C1 		.ascii	"|L\022\301\\\316DV\224;7\013\245\247\343\247\321R\007WUY\360"
  94      5CCE 4456 
  94      943B 370B 
  94      A5A7 E3A7 
  94      D152 0757 
  95 00cf 841B 7DFC 		.ascii	"\204\033}\374\032\372\026n\321\001M\301\377\226\264\310\204e"
  95      1AFA 166E 
  95      D101 4DC1 
  95      FF96 B4C8 
  95      8465 
  96 00e1 E9BC 76E8 		.ascii	"\351\274v\350\357TN\374r\256\344\355\036\370\225\242\227;>-\027"
  96      EF54 4EFC 
  96      72AE E4ED 
  96      1EF8 95A2 
  96      973B 3E2D 
  97 00f6 4ADE 9E77 		.ascii	"J\336\236wT\330\337,\322\037}iW\016"
  97      54D8 DF2C 
  97      D21F 7D69 
  97      570E 
  98               		.text
  99               		.section	.gnu.lto_.symbol_nodes.b3d2fd784768b5e8,"",@progbits
 100 0000 789C 55CA 		.string	"x\234U\3129\025\2000\024D\321\367\263 "
 100      3915 8030 
 100      1444 D1F7 
 100      B320 00
 101 000f 05D0 6092 		.string	"\005\320`\222\342\247@"
 101      E2A7 4000 
 102 0017 32D0 8080 		.ascii	"2\320\200\200\224\250\300\002{CHE\246\2319\367\214C\350I1\033"
 102      94A8 C002 
 102      7B43 4845 
 102      A699 39F7 
 102      8C43 E849 
 103 002d 0AE3 C257 		.ascii	"\n\343\302Wsh\223\234\250\024\342w\b5X\177 y\230\0135\305G\036"
 103      7368 939C 
 103      A814 E277 
 103      0835 587F 
 103      2079 980B 
 104 0045 D466 49DF 		.ascii	"\324fI\337\320$\270Q\367\007+\025\353\324Y\361\f1V\274f\370\035"
 104      D024 B851 
 104      F707 2B15 
 104      EBD4 59F1 
 104      0C31 56BC 
 105 005c 8A        		.ascii	"\212"
 106               		.text
 107               		.section	.gnu.lto_.refs.b3d2fd784768b5e8,"",@progbits
 108 0000 789C 0DC6 		.string	"x\234\r\306\301\021"
 108      C111 00
 109 0007 2008 04B1 		.string	" \b\004\261\335\003\306\016\260\377N5\2574r\201\321\304j2\3241\353\257<\006/"
 109      DD03 C60E 
 109      B0FF 4E35 
 109      AF34 7281 
 109      D1C4 6A32 
 110 0023 62        		.ascii	"b"
 111               		.text
 112               		.section	.gnu.lto_.decls.b3d2fd784768b5e8,"",@progbits
 113 0000 789C 7554 		.string	"x\234uT]P[E\024\276\347\336\244\300%\220\226A'\017\2510\235\351\310\023\321q\306\261\257\
 113      5D50 5B45 
 113      14BE E7DE 
 113      A4C0 2590 
 113      9641 270F 
 114 0085 5A04 ED0A 		.string	"Z\004\355\nZ\024MF\233F\273.m\036]\342\214\3469/| \374\017\017\232s\207\300f\241e\243\365
 114      5A14 4D46 
 114      9B46 BB2E 
 114      6D1E 5DE2 
 114      8CE6 392F 
 115 012c 5941 9C80 		.ascii	"YA\234\2006\001]\262-\320%\335\310\354Wx8\"1\t\210X\352\311\330"
 115      3601 5DB2 
 115      2DD0 25DD 
 115      C8EC 5778 
 115      3822 3109 
 116 0145 1F88 655C 		.ascii	"\037\210e\\\033,\tw\352\271\250KNH\302\242\330\271L'=\024x>\352"
 116      1B2C 0977 
 116      EAB9 A84B 
 116      4E48 C2A2 
 116      D8B9 4C27 
 117 015e 0751 4972 		.ascii	"\007QIrb^wR^\330\374q\240\t^V\323\263bTR\251\3400\271\274\261"
 117      625E 7752 
 117      5ED8 FC71 
 117      A009 5E56 
 117      D3B3 6254 
 118 0179 04F9 AD9A 		.ascii	"\004\371\255\232`\371z[\332\313\026[R\377\222\301\252B\034\350"
 118      60F9 7A5B 
 118      DACB 165B 
 118      52FF 92C1 
 118      AA42 1CE8 
 119 018d FEEE 85F5 		.ascii	"\376\356\205\365\f\276\247\307-\r\315\203\031J\016]\313]\277"
 119      0CBE A7C7 
 119      2D0D CD83 
 119      194A 0E5D 
 119      CB5D BF
 120 01a0 DC99 9441 		.ascii	"\334\231\224A\315;\312\372\324H\266Y\022}\372\n\373\204\021\347"
 120      CD3B CAFA 
 120      D448 B659 
 120      127D FA0A 
 120      FB84 11E7 
 121 01b4 205F 820E 		.ascii	" _\202\016\354T;v\212\265g\276a\335|\2166\354<\250\360%(\f\202"
 121      EC54 3B76 
 121      8AB5 67BE 
 121      61DD 7C8E 
 121      36EC 3CA8 
 122 01cd 455A 554E 		.ascii	"EZUN\377\317\335\251v\331\200\2520@\241\201\372\306\242\203\037"
 122      FFCF DDA9 
 122      76D9 80AA 
 122      3040 A181 
 122      FAC6 A283 
 123 01e2 A65B 4234 		.ascii	"\246[B4<LH.\300\336\307\005\217\004\235`\301\337\257\301\300"
 123      3C4C 482E 
 123      C0DE C705 
 123      8F04 9D60 
 123      C1DF AFC1 
 124 01f7 C317 166E 		.ascii	"\303\027\026n\2375\356j$\035\035d\276\356\310\316\272JB\016c"
 124      9F35 EE6A 
 124      241D 1D64 
 124      BEEE C8CE 
 124      BA4A 420E 
 125 020c 9881 E2A0 		.ascii	"\230\201\342\240M\247kcw"
 125      4DA7 6B63 
 125      77
 126 0215 035A 610E 		.string	"\003Za\016\305\352\202]\030\272R\035j\313T\366\261\257\354\214\377\361q:\253\202^$^\305\3
 126      C5EA 825D 
 126      18BA 521D 
 126      6ACB 54F6 
 126      B1AF EC8C 
 127 0316 6F78 5C49 		.ascii	"ox\\I\272\342\005\374\212\367V\317\375\254*\255\f,\367\365D\316"
 127      BAE2 05FC 
 127      8AF7 56CF 
 127      FDAC 2AAD 
 127      0C2C F7F5 
 128 032c 2889 B635 		.ascii	"(\211\2665\234\312f\227w\fe\036\321\031\013\022]c]\220\022-\200"
 128      9CCA 6697 
 128      770C 651E 
 128      D119 0B12 
 128      5D63 5D90 
 129 0343 51EC 5B81 		.ascii	"Q\354[\201\350\333et~\317\373v\361p\323\022\227~,q\313\357\206"
 129      E8DB 6574 
 129      7ECF FB76 
 129      F170 D312 
 129      977E 2C71 
 130 035a EA1B 2059 		.ascii	"\352\033 Y\007z\244\3510\301t\030\327\244\357\350o\252HA!\346"
 130      077A A4E9 
 130      30C1 7418 
 130      D7A4 EFE8 
 130      6FAA 4841 
 131 0370 B1A6 B977 		.ascii	"\261\246\271w\237\254\255$\357(\024\003\303zQ\303\342\337\037"
 131      9FAC AD24 
 131      EF28 1403 
 131      C37A 51C3 
 131      E2DF 1F
 132 0383 5C61 129C 		.ascii	"\\a\022\234\376\251\346H\2322\301%\250i^\0321o\3055\265I\363"
 132      FEA9 E648 
 132      9A32 C125 
 132      A869 5E1A 
 132      316F C535 
 133 039a 8FFA 2B3B 		.ascii	"\217\372+;M\234*|\3421\244\301c\230\324i&5\232(\243i\b\205b\252"
 133      4D9C 2A7C 
 133      E231 A4C1 
 133      6398 D469 
 133      2635 9A28 
 134 03b4 12E3 34FF 		.ascii	"\022\3434\377\325\316\316\030w7\021\362)\276\306\310\316:\224"
 134      D5CE CE18 
 134      7737 11F2 
 134      29BE C6C8 
 134      CE3A 94
 135 03c7 4861 EDBD 		.ascii	"Ha\355\275\312\343\023\224t\337L\365\232\206\335\030wy~\376G"
 135      CAE3 1394 
 135      74DF 4CF5 
 135      9A86 DD18 
 135      7779 7EFE 
 136 03dc 93B2 C893 		.ascii	"\223\262\310\223,\037\273U\232\301\223\2047N\003^3^\3565\221"
 136      2C1F BB55 
 136      9AC1 9384 
 136      374E 035E 
 136      335E EE35 
 137 03f1 43BF EED7 		.ascii	"C\277\356\327h)p\235\245\250\356\037=dJ~\031\224V\207\316\360"
 137      6829 709D 
 137      A5A8 EE1F 
 137      3D64 4A7E 
 137      1994 5687 
 138 0407 9741 67FA 		.ascii	"\227Ag\372l\027\326\342\346d0\375F\035<+\300\263\f\274\370{\375"
 138      6C17 D6E2 
 138      E664 30FD 
 138      461D 3C2B 
 138      C0B3 0CBC 
 139 041e C826 F0D8 		.ascii	"\310&\360\330\2467\027\023\340\030\003\217\227\335\354\317L\006"
 139      A637 1713 
 139      E018 038F 
 139      97DD ECCF 
 139      4C06 
 140 0430 4F6C CA7C 		.ascii	"Ol\312|C\200\351l\264?\357\363\025g\024\271\n}A\257\323ew{\335"
 140      4380 E96C 
 140      B43F EFF3 
 140      1567 14B9 
 140      0A7D 41AF 
 141 0449 81D4 175F 		.ascii	"\201\324\027_z%\367\205={\244\224\240\333\033x\316\036x\302\026"
 141      7A25 F785 
 141      3D7B A494 
 141      A0DB 1B78 
 141      CE1E 78C2 
 142 045e 2CF1 DB8A 		.ascii	",\361\333\212\335\2056\307A\277\315\355u\026\007\213\\\266\222"
 142      DD85 36C7 
 142      41BF CDED 
 142      7516 078B 
 142      5CB6 92
 143 0471 4011 1EE7 		.ascii	"@\021\036\347\277*\345\274\036tx\003A\217M\313b+y\313c/r\355"
 143      BF2A E5BC 
 143      1E74 7803 
 143      418F 4DCB 
 143      622B 79CB 
 144 0489 73F9 EDFB 		.ascii	"s\371\355\373\363\235R\252\3467y\034\001\277\373M\273\337\367"
 144      F39D 52AA 
 144      E637 791C 
 144      01BF FB4D 
 144      BBDF F7
 145 049c 863D B043 		.ascii	"\206=\260C\213\342N\314cNT\341p\006\334\007]\031\001\267\007"
 145      8BE2 4ECC 
 145      634E 54E1 
 145      7006 DC07 
 145      5D19 01B7 
 146 04b1 53B8 8A1D 		.ascii	"S\270\212\035\007J\\E\251\264\230\247\237\265\007,\001\317kv"
 146      074A 5C45 
 146      A9B4 98A7 
 146      9FB5 072C 
 146      01CF 6B76 
 147 04c5 A7CF EFB2 		.ascii	"\247\317\357\2629}\036\217\317kc0\214W9\336\357r\024\251\"\225"
 147      397D 1E8F 
 147      CF6B 6330 
 147      8C57 39DE 
 147      EF72 14A9 
 148 04db DBBB DFAC 		.ascii	"\333\273\337\254/\355\024\360?\004\253f\357"
 148      2FED 14F0 
 148      3F04 AB66 
 148      EF
 149               		.text
 150               		.section	.gnu.lto_.symtab.b3d2fd784768b5e8,"",@progbits
 151 0000 6465 626F 		.string	"debounce_init"
 151      756E 6365 
 151      5F69 6E69 
 151      7400 
 152 000e 00        		.string	""
 153 000f 00        		.string	""
 154 0010 00        		.string	""
 155 0011 00        		.string	""
 156 0012 00        		.string	""
 157 0013 00        		.string	""
 158 0014 00        		.string	""
 159 0015 00        		.string	""
 160 0016 00        		.string	""
 161 0017 00        		.string	""
 162 0018 00        		.string	""
 163 0019 B600      		.string	"\266"
 164 001b 00        		.string	""
 165 001c 00        		.string	""
 166 001d 6465 626F 		.string	"debounce"
 166      756E 6365 
 166      00
 167 0026 00        		.string	""
 168 0027 00        		.string	""
 169 0028 00        		.string	""
 170 0029 00        		.string	""
 171 002a 00        		.string	""
 172 002b 00        		.string	""
 173 002c 00        		.string	""
 174 002d 00        		.string	""
 175 002e 00        		.string	""
 176 002f 00        		.string	""
 177 0030 00        		.string	""
 178 0031 C300      		.string	"\303"
 179 0033 00        		.string	""
 180 0034 00        		.string	""
 181 0035 6465 626F 		.string	"debounce_active"
 181      756E 6365 
 181      5F61 6374 
 181      6976 6500 
 182 0045 00        		.string	""
 183 0046 00        		.string	""
 184 0047 00        		.string	""
 185 0048 00        		.string	""
 186 0049 00        		.string	""
 187 004a 00        		.string	""
 188 004b 00        		.string	""
 189 004c 00        		.string	""
 190 004d 00        		.string	""
 191 004e 00        		.string	""
 192 004f 00        		.string	""
 193 0050 C600      		.string	"\306"
 194 0052 00        		.string	""
 195 0053 00        		.string	""
 196 0054 7469 6D65 		.string	"timer_elapsed"
 196      725F 656C 
 196      6170 7365 
 196      6400 
 197 0062 00        		.string	""
 198 0063 02        		.ascii	"\002"
 199 0064 00        		.string	""
 200 0065 00        		.string	""
 201 0066 00        		.string	""
 202 0067 00        		.string	""
 203 0068 00        		.string	""
 204 0069 00        		.string	""
 205 006a 00        		.string	""
 206 006b 00        		.string	""
 207 006c 00        		.string	""
 208 006d CF00      		.string	"\317"
 209 006f 00        		.string	""
 210 0070 00        		.string	""
 211 0071 7469 6D65 		.string	"timer_read"
 211      725F 7265 
 211      6164 00
 212 007c 00        		.string	""
 213 007d 02        		.ascii	"\002"
 214 007e 00        		.string	""
 215 007f 00        		.string	""
 216 0080 00        		.string	""
 217 0081 00        		.string	""
 218 0082 00        		.string	""
 219 0083 00        		.string	""
 220 0084 00        		.string	""
 221 0085 00        		.string	""
 222 0086 00        		.string	""
 223 0087 D200      		.string	"\322"
 224 0089 00        		.string	""
 225 008a 00        		.string	""
 226               		.text
 227               		.section	.gnu.lto_.opts,"",@progbits
 228 0000 272D 666D 		.ascii	"'-fmath-errno' '-fsigned-zeros' '-ftrapping-math' '-fno-trap"
 228      6174 682D 
 228      6572 726E 
 228      6F27 2027 
 228      2D66 7369 
 229 003c 7627 2027 		.ascii	"v' '-fno"
 229      2D66 6E6F 
 230 0044 2D6F 7065 		.string	"-openmp' '-fno-openacc' '-mn-flash=1' '-mno-skip-bug' '-mmcu=avr5' '-gdwarf-2' '-Os' '-We
 230      6E6D 7027 
 230      2027 2D66 
 230      6E6F 2D6F 
 230      7065 6E61 
 231               		.text
 232               		.comm	__gnu_lto_v1,1,1
 233               		.comm	__gnu_lto_slim,1,1
 234               		.ident	"GCC: (GNU) 5.4.0"
DEFINED SYMBOLS
                            *ABS*:0000000000000000 sym_defer_g.c
     /tmp/ccKCFB4j.s:2      *ABS*:000000000000003e __SP_H__
     /tmp/ccKCFB4j.s:3      *ABS*:000000000000003d __SP_L__
     /tmp/ccKCFB4j.s:4      *ABS*:000000000000003f __SREG__
     /tmp/ccKCFB4j.s:5      *ABS*:0000000000000000 __tmp_reg__
     /tmp/ccKCFB4j.s:6      *ABS*:0000000000000001 __zero_reg__
                            *COM*:0000000000000001 __gnu_lto_v1
                            *COM*:0000000000000001 __gnu_lto_slim

NO UNDEFINED SYMBOLS
