   1               		.file	"color.c"
   2               	__SP_H__ = 0x3e
   3               	__SP_L__ = 0x3d
   4               	__SREG__ = 0x3f
   5               	__tmp_reg__ = 0
   6               	__zero_reg__ = 1
   7               		.text
   8               	.Ltext0:
   9               		.section	.gnu.lto_.profile.c07b37459a00df1,"",@progbits
  10 0000 789C 6361 		.string	"x\234ca`d`a`"
  10      6064 6061 
  10      6000 
  11 000a 9201 AE00 		.string	"\222\001\256"
  12 000e 014F 00   		.string	"\001O"
  13 0011 A0        		.ascii	"\240"
  14               		.text
  15               		.section	.gnu.lto_.icf.c07b37459a00df1,"",@progbits
  16 0000 789C 6361 		.string	"x\234ca`d"
  16      6064 00
  17 0007 0111 0604 		.string	"\001\021\006\004`f\330\322\266\371(3\323\344\363\257.s1\357\277\270\245\221\225\001"
  17      6066 D8D2 
  17      B6F9 2833 
  17      D3E4 F3AF 
  17      2E73 31EF 
  18 0022 5DE0 08CA 		.ascii	"]\340\b\312"
  19               		.text
  20               		.section	.gnu.lto_.jmpfuncs.c07b37459a00df1,"",@progbits
  21 0000 789C 6361 		.string	"x\234ca`d"
  21      6064 00
  22 0007 015F 0604 		.string	"\001_\006\004`f`bbd\256\257gbdb\254ga\252\004\2111\376eb\334\332~f#\327\027\246Vf\006FF\3
  22      6066 6062 
  22      6264 AEAF 
  22      6762 6462 
  22      AC67 61AA 
  23 0045 4DE1 0F67 		.ascii	"M\341\017g"
  24               		.text
  25               		.section	.gnu.lto_.inline.c07b37459a00df1,"",@progbits
  26 0000 789C 758F 		.string	"x\234u\217!\016\302@\020E\377L'\3554\201\264`\bI\223^\200\340qUHn\300\005\332K\324\340Qh\
  26      210E C240 
  26      1045 FF4C 
  26      27ED 3481 
  26      B460 0849 
  27 0045 8CFA A4D0 		.ascii	"\214\372\244\320\362\305\264\271\356\236\355\007\317\002\"\320"
  27      F2C5 B4B9 
  27      EE9E ED07 
  27      CF02 22D0 
  28 0055 8A32 C7AB 		.ascii	"\2122\307\253\317\201\2642\303bv8E\316`7\321\2322\220\226\276"
  28      CF81 B432 
  28      C362 7638 
  28      45CE 6037 
  28      D19A 3290 
  29 006b 430D A8D7 		.ascii	"C\r\250\327\324\253M\026\226XB\270\314\031|N\n\25751d\231\027"
  29      D4AB 4D16 
  29      9658 42B8 
  29      CC19 7C4E 
  29      0AAF 3531 
  30 0082 E026 AA59 		.ascii	"\340&\252Ym0&\ni\242T1\270L\r\272]\241\350\256\307\212\326m\270"
  30      6D30 260A 
  30      69A2 5431 
  30      B84C 0DBA 
  30      5DA1 E8AE 
  31 009b 37E2 5D02 		.ascii	"7\342]\0029\306\251 \334\366\304\275\235\021w\310\364\233\341"
  31      39C6 A920 
  31      DCF6 C4BD 
  31      9D11 77C8 
  31      F49B E1
  32 00ae BA05 F27C 		.ascii	"\272\005\362|b\277\372\267\301\033\244\246&\364"
  32      62BF FAB7 
  32      C11B A4A6 
  32      26F4 
  33               		.text
  34               		.section	.gnu.lto_.pureconst.c07b37459a00df1,"",@progbits
  35 0000 789C 6361 		.string	"x\234ca`d\340````f\330\305\310$\301,\001"
  35      6064 E060 
  35      6060 6066 
  35      D8C5 C824 
  35      C12C 0100 
  36 0014 05A5 0101 		.ascii	"\005\245\001\001"
  37               		.text
  38               		.section	.gnu.lto_hsv_to_rgb_impl.c07b37459a00df1,"",@progbits
  39 0000 789C 8D58 		.ascii	"x\234\215Xip\025U\026\356\323\335o_\003(\b\030\210\022\303\""
  39      6970 1555 
  39      16EE D3DD 
  39      6F5F 0328 
  39      0818 8812 
  40 0016 8929 D917 		.ascii	"\211)\331\027\307r\026k\346\247?f\246\346\307X*\224:\203[\020"
  40      C772 166B 
  40      E6A7 3F66 
  40      A6E6 C758 
  40      2A94 3A83 
  41 002c 67B1 A6E8 		.ascii	"g\261\246\350\360\362BPP\302\022\002\242\001Ed\t\222\f\221H\330"
  41      F0F2 4250 
  41      50C2 1202 
  41      A201 4564 
  41      0992 0C91 
  42 0042 5E42 088B 		.ascii	"^B\b\213\221`X\004M\b\t\001T\030\207,\262d\235s\316\275\375\322"
  42      9160 5804 
  42      4D08 0901 
  42      5418 872C 
  42      B264 9D73 
  43 005a 2F09 4E52 		.ascii	"/\tNR\365N\372\336>\337w\316=\313\275\367=]\001\205\376\232\357"
  43      F54E FADE 
  43      3EDF 77CE 
  43      3DCB BDF7 
  43      3D5D 0185 
  44 0071 5594 10FE 		.ascii	"U\224\020\376\257\305\017\fR@]~BQ\322\235\252\252e%)\206\333"
  44      AFC5 0F0C 
  44      5240 5D7E 
  44      4251 D29D 
  44      AAAA 6525 
  45 0088 4ED2 ABA9 		.ascii	"N\322\253\251\372\351\024\034\331\366\305\343H\007\233P\262A"
  45      FAE9 141C 
  45      D9F6 C5E3 
  45      4807 9B50 
  45      B241 
  46 009a 9C78 B0AB 		.ascii	"\234x\260\253\016\326v\262\266\003\\b\332i>\270\354\201\220O"
  46      0ED6 76B2 
  46      B603 5C62 
  46      DA69 3EB8 
  46      EC81 904F 
  47 00ae 319C 6E96 		.ascii	"1\234n\226\036\226^\226>\226~\361\026\202B\335c>x\315\007\237"
  47      1E96 5E96 
  47      3E96 7EF1 
  47      1682 42DD 
  47      633E 78CD 
  48 00c4 F9E0 371F 		.ascii	"\371\3407\037\002\346C\320t\"\016\200\036\f'(\013UM\267\331\035"
  48      02E6 43D0 
  48      7422 0E80 
  48      1E0C 2728 
  48      0B55 4DB7 
  49 00da 4E97 DBE3 		.ascii	"N\227\333\343\365\371\003\3018X\b?\251\235*\2245\027|\342mU\303"
  49      F5F9 03C1 
  49      3858 083F 
  49      A99D 2A94 
  49      3517 7CE2 
  50 00f1 9A02 1A0E 		.ascii	"\232\002\032\016\177\314\270|\321CC\200a8\\Z\370eK`\334'\006"
  50      7FCC B87C 
  50      D143 4380 
  50      6138 5C5A 
  50      F865 4B60 
  51 0108 FE5D FCF8 		.ascii	"\376]\374\370\0135sK\004\302\232\252t\253\nl\201\221\360\t\214"
  51      0B35 734B 
  51      04C2 9AAA 
  51      74AB 0A6C 
  51      8191 F009 
  52 011d A420 6D85 		.ascii	"\244 m\205q\250\233w)T\013\332`P\360\371h\367\355\022[\322\307"
  52      71A8 9B77 
  52      2954 0BDA 
  52      6050 F0F9 
  52      68F7 ED12 
  53 0134 8433 5A86 		.ascii	"\2043Z\206\031ZX\323`\033hV\034N)\260\035\222\310h\307\231\245"
  53      195A 58D3 
  53      601B 6856 
  53      1C4E 29B0 
  53      1D92 C868 
  54 014b 0E6D 2823 		.ascii	"\016m(#\217U\037<\347#\344\"\303X\023GH\035\362\005\362\321\221"
  54      8F55 1F3C 
  54      E723 E422 
  54      C358 1347 
  54      481D F205 
  55 0162 F008 E174 		.ascii	"\360\b\341t\005v@\022)\037\356\276\025\t\b\347i-\3257*\337\227"
  55      0576 4012 
  55      291F EEBE 
  55      1509 08E7 
  55      692D D537 
  56 0179 CE07 7198 		.ascii	"\316\007q\230\371\321\241;>m\024\323\336(\316\312w$~D\264\221"
  56      F9D1 A13B 
  56      3E6D 14D3 
  56      DE28 CECA 
  56      7724 7E44 
  57 018f A602 081B 		.ascii	"\246\002\b\033\221\364\321a\315\006\005\202z':\365)/F!\355\262"
  57      91F4 D161 
  57      CD06 0582 
  57      7A27 3AF5 
  57      292F 4621 
  58 01a5 8AF7 763A 		.ascii	"\212\367v:\264\004Fn\334\265\270\323&\220\306\251!F\350q\202"
  58      B404 466E 
  58      DCB5 B8D3 
  58      2690 C6A9 
  58      2146 E871 
  59 01ba FD        		.ascii	"\375"
  60 01bb BB5F D889 		.string	"\273_\330\211\226%\253=\332\203\f\373|\333w\037\233\260\375&\254\250_X\373\236\303\206SKd
  60      9625 AB3D 
  60      DA83 0CFB 
  60      7CDB 771F 
  60      9BB0 FD26 
  61 02bc 0E33 FAEB 		.ascii	"\0163\372\353\312\023\205^\355\267\214~k\3052M\006-\3130@\024"
  61      CA13 855E 
  61      EDB7 8C7E 
  61      6BC5 324D 
  61      062D CB30 
  62 02d2 4245 EFA8 		.ascii	"BE\357\250\301\021\006ZM\035\\\360\263\226\2162`\200\354\307"
  62      C111 065A 
  62      4D1D 5CF0 
  62      B396 8E32 
  62      6080 ECC7 
  63 02e6 5839 2392 		.ascii	"X9#\222\231\351I\331A\001\016\222\036\366m\227*\203\177 \324"
  63      99E9 49D9 
  63      4101 0E92 
  63      1EF6 6D97 
  63      2A83 7F20 
  64 02fb 7A32 A03D 		.ascii	"z2\240=\305.G\352\257\035\325\245\027\3376B\306\206H6\362:\340"
  64      C52E 47EA 
  64      AF1D D5A5 
  64      17DF 3642 
  64      C686 4836 
  65 0312 0B2B 2F1C 		.ascii	"\013+/\034\207\024\242\256\274;5\b\352\274H\366&\267\366G\246"
  65      8714 A2AE 
  65      BC3B 3508 
  65      EABC 48F6 
  65      26B7 F647 
  66 0327 2E6B BFDD 		.ascii	".k\277\335\3556\035\216\030 \210O\304\020\177)\210\253\230\370"
  66      ED36 1D8E 
  66      1820 884F 
  66      C410 7F29 
  66      88AB 98F8 
  67 033b 8343 2B8E 		.ascii	"\203C+\216\332,\304X\027]\252*\210K\312ro\271\265?3\361\241\013"
  67      DA2C C458 
  67      175D AA2A 
  67      884B CA72 
  67      6FB9 B53F 
  68 0353 4DB5 DC05 		.ascii	"M\265\334\005o\031\221\332\277G]\376*\206\371\244`\256\276;\263"
  68      6F19 91DA 
  68      BF47 5DFE 
  68      2A86 F9A4 
  68      60AE BE3B 
  69 0368 2698 B764 		.ascii	"&\230\267d\027l\366is\230\271\266a"
  69      176C F669 
  69      7398 B9B6 
  69      61
  70 0375 65C4 2398 		.string	"e\304#\230-.\237\216!>%\210\317\334\235X\027\304W\2536_W\265\2770qa\311\266+\356>\304_\30
  70      2D2E 9F8E 
  70      213E 2588 
  70      CFDC 9D58 
  70      17C4 57AB 
  71 0476 50A3 15AF 		.ascii	"P\243\025\257\f\353\013;eR\275T\340\234\320e\365\033\026\353"
  71      0CEB 0B3B 
  71      6552 BD54 
  71      E09C D065 
  71      F51B 16EB 
  72 048a 79F0 7EBA 		.ascii	"y\360~\272\231\355o\360L>OM\n\337B\036(\r\260(\310n\"\253b\362"
  72      99ED 6FF0 
  72      4C3E 4F4D 
  72      0ADF 421E 
  72      280D B028 
  73 04a4 4F41 E0BE 		.ascii	"OA\340\276"
  74 04a8 BCA5 5B25 		.string	"\274\245[%\277\3723\374\005\245\233\333\301\312_\213\3745\314\177\241\207\277\212\370\247
  74      BFFA 33FC 
  74      05A5 9BDB 
  74      C1CA 5F8B 
  74      FC35 CC7F 
  75 05a9 C7F1 CE7F 		.ascii	"\307\361\316\177ak\261\316\340\037$\270\275\252\273\326C\340"
  75      616B B1CE 
  75      E01F 24B8 
  75      BDAA BBD6 
  75      43E0 
  76 05bb 6B04 76E0 		.ascii	"k\004v\340\233\353\240G\275:B^9)\243\306\032N\n\025\2519\363"
  76      9BEB A047 
  76      BD3A 425E 
  76      3929 A3C6 
  76      1A4E 0A15 
  77 05d2 379E A8EE 		.ascii	"7\236\250\356\231\370\003O\234\021\023\224%\033\345T\224\003"
  77      99F8 034F 
  77      9C11 1394 
  77      251B E554 
  77      9403 
  78 05e4 E366 CBDA 		.ascii	"\343f\313\3328c\035T\213\001\006&\2470\177,QXS3Hlx\273\267~\352"
  78      3863 1D54 
  78      8B01 0626 
  78      A730 7F2C 
  78      5158 5333 
  79 05ff 8D96 E260 		.ascii	"\215\226\342`:-\331\373\2157\2674{19@e\370#&\346?x\036Q\326\341"
  79      3A2D D9FB 
  79      8D37 B734 
  79      7B31 3940 
  79      65F8 2326 
  80 061a BF9C 0C41 		.ascii	"\277\234\fA\013\2224\332?\203\270\177\356Fzl{m\216n\2226!\351"
  80      0B92 34DA 
  80      3F83 B87F 
  80      EE46 7A6C 
  80      7B6D 8E6E 
  81 0632 0D93 B4B9 		.ascii	"\r\223\264\271\037\322h\323\f\342\246\271\033\351\345\226\242"
  81      1FD2 68D3 
  81      0CE2 A6B9 
  81      1BE9 E596 
  81      A2
  82 0643 AFA2 A4AD 		.ascii	"\257\242\244\255H\332b\222\376$I\225f\230\215\201\323k\256\372"
  82      48DA 6292 
  82      FE24 4995 
  82      6698 8D81 
  82      D36B AEFA 
  83 0657 B156 B5A5 		.ascii	"\261V\265\245\337\2731\202v\212 \232+i\3321R4\205+z\264M\214"
  83      DFBB 3182 
  83      768A 209A 
  83      2B69 DA31 
  83      5234 852B 
  84 066f 9E6A 5473 		.ascii	"\236jTsp\023\367e\356\210YB\321\215\272\234HJ\312g\024d\267x"
  84      7013 F765 
  84      EE88 5942 
  84      D18D BA9C 
  84      484A CA67 
  85 0687 DF60 130A 		.ascii	"\337`\023\n\036\352\177Sa\027)x\024n\300\3662\263\001-\035\347"
  85      1EEA 7F53 
  85      6117 2978 
  85      146E C0F6 
  85      32B3 012D 
  86 069d 50CA 078B 		.ascii	"P\312\007\213\216\353:\243\365\3568\334\272i\3436;\356\026\201"
  86      8EEB 3AA3 
  86      F5EE 38DC 
  86      BA69 E336 
  86      3BEE 1681 
  87 06b1 BD3D 1DC7 		.ascii	"\275=\035\307c\337\300[\354\366\335Z\354\016\307\312\333_\213"
  87      63DF C05B 
  87      ECF6 DD5A 
  87      EC0E C7CA 
  87      DB5F 8B
  88 06c4 B571 8BB5 		.ascii	"\265q\213\265G[\214mb$}\274D\034\221\2238#Z\354\326\300Z\254"
  88      475B 8C6D 
  88      6224 7DBC 
  88      441C 9193 
  88      3823 5AEC 
  89 06dc A377 8B75 		.ascii	"\243w\213uR\227\004\360M\327\377o\261\356\336-f\250:9\240@\272"
  89      5297 04F0 
  89      4DD7 FF6F 
  89      B1EE DE2D 
  89      66A8 3A39 
  90 06f3 AA47 BD3A 		.ascii	"\252G\275:F^\005Dfjd\334\2034cf\246\220\024\202\234\003g4\007"
  90      465E 0544 
  90      666A 64DC 
  90      8334 6366 
  90      A690 1482 
  91 070c C7ED 4233 		.ascii	"\307\355B3\216\202\034\243\031\307\232\256\236\316\343Y@\003"
  91      8E82 1CA3 
  91      19C7 9AAE 
  91      9ECE E359 
  91      4003 
  92 071e A175 995D 		.ascii	"\241u\231]\273e\356\007a5PUn9t\211\213\327\206\360E\352H\322"
  92      BB65 EE07 
  92      6135 5055 
  92      6E39 7489 
  92      8BD7 86F0 
  93 0736 2AC8 EC50 		.ascii	"*\310\354P\205\322`\324C\245S\241\362*M(u\003\204P\213\232\375"
  93      85D2 60D4 
  93      43A5 53A1 
  93      F22A 4D28 
  93      7503 8450 
  94 074d 176C F220 		.ascii	"\027l\362 _/\256^\333;\357\315\177`9\"F\024u\206\372\246\260"
  94      5F2F AE5E 
  94      DB3B EFCD 
  94      7F60 3922 
  94      4614 7586 
  95 0764 5871 445A 		.ascii	"XqDZ\034\",F\333\305\206N\207\205\305\216\337\340\001\364\030"
  95      1C22 2C46 
  95      DBC5 864E 
  95      8785 C58E 
  95      DFE0 01F4 
  96 0779 62E9 7408 		.ascii	"b\351t\b7nu\322{7\031\313d\005\\o\245.X\356AE&\226\353\277\027"
  96      376E 75D2 
  96      7B37 19CB 
  96      6405 5C6F 
  96      A52E 58EE 
  97 0794 A710 F576 		.ascii	"\247\020\365v\375\367\245:\241\234\260}!,6Q\345\232\320\032\212"
  97      FDF7 A53A 
  97      A19C B07D 
  97      212C 3651 
  97      E59A D01A 
  98 07a9 8A84 CA91 		.ascii	"\212\204\312\221\250a\354\316P\241\324!\203~\037\316[\251\207"
  98      A861 ECCE 
  98      50A1 D421 
  98      837E 1FCE 
  98      5BA9 87
  99 07bc E314 522F 		.ascii	"\343\024R/Y\277v;\357Dv\320 \213\027/\242\275\237\342"
  99      59BF 763B 
  99      EF44 76D0 
  99      208B 172F 
  99      A2BD 9FE2 
 100 07d0 3A9C 10B9 		.string	":\234\020\271\231g\213\345*GP|\250\221x\361\215\222\032g\260lG\320dsf\245t\352~\234G\376u
 100      9967 8BE5 
 100      2A47 507C 
 100      A891 78F1 
 100      8D92 1A67 
 101 084b 49E7 92AC 		.ascii	"I\347\222\254\tvR\202\337\"\017\036\2229\226\201\031\213\212"
 101      0976 5282 
 101      DF22 0F1E 
 101      9239 9681 
 101      198B 8A
 102 085e D625 8DE3 		.ascii	"\326%\215\343%\215\215\365h<\316\367]\322\004\261\244\361\261"
 102      258D 8DF5 
 102      683C CEF7 
 102      5DD2 04B1 
 102      A4F1 B1
 103 0871 4B7A 9897 		.ascii	"Kz\230\2274A\022H\326\2118\337gI\3118\037]R1-)Y\271\f\271\306"
 103      3441 1248 
 103      D689 38DF 
 103      6749 C938 
 103      1F5D 5231 
 104 088c B93A 69E0 		.ascii	"\271:i\3401\3320\316o\372\316\226\r\357\246\343\346\027i\251"
 104      31DA 30CE 
 104      6FFA CE96 
 104      0DEF A6E3 
 104      E617 69A9 
 105 08a0 F086 B521 		.ascii	"\360\206\265!\212bh\364\325\002\336V\263\301z\307q\363\361\325"
 105      8A62 68F4 
 105      D502 DE56 
 105      B3C1 7AC7 
 105      71F3 F1D5 
 106 08b4 59BD 3EEC 		.ascii	"Y\275>\3544\021\313\355\b\200\245h\331\320\370\333\3422\201)"
 106      3411 CBED 
 106      0880 A568 
 106      D9D0 F8DB 
 106      E232 8129 
 107 08c8 2A3F 9229 		.ascii	"*?\222)+\237\206m{\232\362\335&f\035c\336a\f\355\231\360\256"
 107      2B9F 866D 
 107      7B9A F2DD 
 107      2666 1D63 
 107      DE61 0CED 
 108 08df C044 7FA7 		.ascii	"\300D\177\247p\363\341\363a\335\027\335Q;E\214Y\316\030\272\352"
 108      70F3 E1F3 
 108      61DD 17DD 
 108      513B 458C 
 108      59CE 18BA 
 109 08f4 43B6 C044 		.ascii	"C\266\300D\177\230q\363\0173'\357l\332\246\232\230\003\214Y\301"
 109      7F98 71F3 
 109      0F33 27EF 
 109      6CDA A69A 
 109      9803 8C59 
 110 0909 183E 5456 		.ascii	"\030>TV\n\314W\031\005\3535\201\241m\257:\247\273\333kb\3161"
 110      0ACC 5719 
 110      05EB 3581 
 110      A16D AF3A 
 110      A7BB DB6B 
 111 0920 6615 63EC 		.ascii	"f\025c\354\204Y-0\215\355;J\374\002C\347\344\361\363\245\247"
 111      8459 2D30 
 111      8DED 3B4A 
 111      FC02 43E7 
 111      E4F1 F3A5 
 112 0935 7C26 A60B 		.ascii	"|&\246\013\b\223\323\023\2035\210\241\023\020\363\024tt\\\243"
 112      0893 D313 
 112      8335 88A1 
 112      1310 F314 
 112      7474 5CA3 
 113 0949 9DCD B9CA 		.ascii	"\235\315\271\312\207\033\231[)\265k\215\220\036\244\370\2232"
 113      871B 995B 
 113      29B5 6B8D 
 113      901E A4F8 
 113      9332 
 114 095b A7EB 44EE 		.ascii	"\247\353D\356\357E>Rhk3\023\306\327\212\024\332\235\"\253\354"
 114      EF45 3E52 
 114      686B 3313 
 114      C6D7 8A14 
 114      DA9D 22AB 
 115 0970 3D97 9364 		.ascii	"=\227\223d\236\021\275/\356!\361\274Gzb\2515V[o\357\241\222\345"
 115      9E11 BD2F 
 115      EE21 F1BC 
 115      477A 62A9 
 115      3556 5B6F 
 116 0988 DC36 4CD8 		.ascii	"\3346L\330J\265\332b\346T\206\024\364a\366\3062\353\254\266\333"
 116      4AB5 DA62 
 116      E654 8614 
 116      F461 F6C6 
 116      32EB ACB6 
 117 099d C22C BBB8 		.ascii	"\302,\273\270\341>\301<\251\017\363$\206\224X\230\223\231\331"
 117      E13E C13C 
 117      A90F F324 
 117      8694 5898 
 117      9399 D9
 118 09b0 17CB 6C63 		.ascii	"\027\313lc\265\2231\3144SmY\276\\E\365pak\262\325\0263Off\177"
 118      B593 31CC 
 118      3453 6D59 
 118      BE5C 45F5 
 118      7061 6BB2 
 119 09cb 2CB3 9D79 		.ascii	",\263\235y\276\2610\2130\326X\230\345*\332$\363\264>\314\323"
 119      BEB1 308B 
 119      30D6 5898 
 119      E52A DA24 
 119      F3B4 3ECC 
 120 09e0 9839 10CB 		.ascii	"\2309\020\313\f\322\237\021\0025\243O\006g\260\241\2331\206h"
 120      0CD2 9F11 
 120      0235 A34F 
 120      0667 B0A1 
 120      9B31 8668 
 121 09f4 E6B6 251A 		.ascii	"\346\266%\032\211\314\034\354u\277\234n\275_\316\264\336/g\211"
 121      89CC 1CEC 
 121      75BF 9C6E 
 121      BD5F CEB4 
 121      DE2F 6789 
 122 0a08 FB65 63A9 		.ascii	"\373ec\251&\257m\003\272Q\346\252\226\033\345Z\225\356\036\263"
 122      26AF 6D03 
 122      BA51 E6AA 
 122      961B E55A 
 122      95EE 1EB3 
 123 0a1c 622E 7F03 		.ascii	"b.\177\003\272B\256S-W\310\367\230e\346\200Xb\356\214\353U\313"
 123      BA42 AE53 
 123      2D57 C8F7 
 123      9865 E680 
 123      5862 EE8C 
 124 0a33 9DF1 7D66 		.ascii	"\235\361}f\231N\0353\0133\343\316/\314\307q\252\247\025kt\222"
 124      994E 1D33 
 124      0B33 E3CE 
 124      2FCC C771 
 124      AAA7 156B 
 125 0a49 B7FC 510C 		.ascii	"\267\374Q\f\220o\025f:\336\337H2P4\265\031fbo\270W\241B\242\247"
 125      906F 1566 
 125      3ADE DF48 
 125      3250 34B5 
 125      1966 626F 
 126 0a63 1165 BCB7 		.ascii	"\021e\274\267\b\325\342}\031\250\220\354?\215rF`\023\252M\307"
 126      08D5 E27D 
 126      19A8 90EC 
 126      3F8D 7246 
 126      6013 AA4D 
 127 0a78 4977 1129 		.ascii	"Iw\021)x2P!\331{\032\345d\337&T\230\346oE\231\030(\237\212\261"
 127      7832 5021 
 127      D97B 1AE5 
 127      64DF 2654 
 127      98E6 6F45 
 128 0a92 8F53 96E3 		.ascii	"\217S\226\343\327S\n\261\\E~\376\366%\352\370-\374\263Z\361\223"
 128      D753 0AB1 
 128      5C45 7EFE 
 128      F625 EAF8 
 128      2DFC B35A 
 129 0aa8 191B 9C61 		.ascii	"\031\033\234a\336\016\370\307\236\017\324\361\250\261\366bd\205"
 129      DE0E F8C7 
 129      9E0F D4F1 
 129      A8B1 F662 
 129      6485 
 130 0aba 6DDA 6E23 		.ascii	"m\332n#\213\026\244@\236:M1\361\224%\322R\372'4\262\"A\305\302"
 130      8B16 A440 
 130      9E3A 4D31 
 130      F194 25D2 
 130      52FA 2734 
 131 0ad3 B7A1 3FBE 		.ascii	"\267\241?\276\215V>,\001\322\032 \337\207\375\361}d\345\303\372"
 131      8D56 3E2C 
 131      01D2 1A20 
 131      DF87 FDF1 
 131      7D64 E5C3 
 132 0ae8 222D E507 		.ascii	"\"-\345\007\256)\316\020}Y\007\212\002\356`\301\327\026<\363"
 132      AE29 CE10 
 132      7D59 078A 
 132      02EE 60C1 
 132      D716 3CF3 
 133 0afc F2EB 0B5E 		.ascii	"\362\353\013^Jy\356\225y\257\244%?\247h/\314\177\303\261`\376"
 133      4A79 EE95 
 133      79AF A425 
 133      3FA7 682F 
 133      CC7F C3B1 
 134 0b12 DCA7 9F7B 		.ascii	"\334\247\237{q.\274\001\363\341\005x\035^\203W]is_z\346\305\227"
 134      712E BC01 
 134      F3E1 0578 
 134      1D5E 8357 
 134      5D69 735F 
 135 0b2a E7CC 4DB3 		.ascii	"\347\314M\263\247\315}\376\305W^\326\322\236\177\326\371\364"
 135      A7CD 7DFE 
 135      C557 5ED6 
 135      D29E 7FD6 
 135      F9F4 
 136 0b3c D3CF CC99 		.ascii	"\323\317\314\231\223\226:\005\037\322\346\316_0\357u\033\302"
 136      9396 3A05 
 136      1FD2 E6CE 
 136      5F30 EF75 
 136      1BC2 
 137 0b4e C7CC 67F9 		.ascii	"\307\314g\371\206\r5\306<\3172\215\345\263\336y\257\2764:\361"
 137      860D 35C6 
 137      3CCF 328D 
 137      E5B3 DE79 
 137      AFBE 343A 
 138 0b63 9187 47FF 		.ascii	"\221\207G\377\311\355R\264\331i\212\372O\345\177\364\3565\031"
 138      C9ED 52B4 
 138      D969 8AFA 
 138      4FE5 7FF4 
 138      EE35 19
 139               		.text
 140               		.section	.gnu.lto_hsv_to_rgb.c07b37459a00df1,"",@progbits
 141 0000 789C 6590 		.string	"x\234e\220;K\003A\020\307\347\277\233\307\3413 H\300\024iBL\243\337E?\201\244\261P\203\21
 141      3B4B 0341 
 141      10C7 E7BF 
 141      9BC7 E133 
 141      2048 C014 
 142 00e3 89CA 9867 		.ascii	"\211\312\230g|?o\274\365p\365\344\323\322D\r\246\311\253_\225"
 142      7C3F 6FBC 
 142      F570 F5E4 
 142      D3D2 440D 
 142      A6C9 AB5F 
 143 00f8 12AF 1FE1 		.ascii	"\022\257\037\341\b\245\303\347\006\346W\253\317\267a\273\305"
 143      08A5 C3E7 
 143      06E6 57AB 
 143      CFB7 61BB 
 143      C5
 144 0109 7813 7174 		.ascii	"x\023qt\300W2\367\020vg;\256\037\027/\334.\371\222 \200\nb\216"
 144      C057 32F7 
 144      1076 673B 
 144      AE1F 172F 
 144      DC2E F992 
 145 0122 0ED1 13D4 		.ascii	"\016\321\023\324/AF7\270\207\341<*2\233\235\230Y\310N\217\246"
 145      2F41 4637 
 145      B887 E13C 
 145      2A32 9B9D 
 145      9859 C84E 
 146 0138 3353 99B9 		.ascii	"3S\231\271\2214\351\311\371\305\037\036\326|\322"
 146      9134 E9C9 
 146      F9C5 1F1E 
 146      D67C D2
 147               		.text
 148               		.section	.gnu.lto_hsv_to_rgb_nocie.c07b37459a00df1,"",@progbits
 149 0000 789C 6590 		.ascii	"x\234e\220\273JCA\020\206\347\337\315\rT\f\b\0220E\232\020\323"
 149      BB4A 4341 
 149      1086 E7DF 
 149      CD0D 540C 
 149      0812 3045 
 150 0017 E82B F804 		.ascii	"\350+\370\004\026\276\201\244\261P\203\227\330\236\225\223\025"
 150      16BE 81A4 
 150      B150 8397 
 150      D89E 9593 
 150      15
 151 0028 0B0B 1B05 		.ascii	"\013\013\033\005+\005\221\023\215\032O\031\253\220\312F\355l"
 151      2B05 9113 
 151      8D1A 4F19 
 151      AB90 CA46 
 151      ED6C 
 152 003a 4408 4A40 		.ascii	"D\bJ@"
 153 003e 4424 5E22 		.string	"D$^\"\202$\307\231\200 8\260\314\314\356?\337\314l\210@b\223\354\206\331\217\360\201&\250
 153      8224 C799 
 153      8020 38B0 
 153      CCCC EE3F 
 153      DFCC 6C88 
 154 013f 8D02 7920 		.ascii	"\215\002y "
 155               		.text
 156               		.section	.gnu.lto_.symbol_nodes.c07b37459a00df1,"",@progbits
 157 0000 789C 6361 		.string	"x\234ca`d\360a"
 157      6064 F061 
 157      00
 158 0009 0226 C67A 		.string	"\002&\306z\006\206\t\347\030\030\200\324\256\006E\006\006V\026\006\005\2208S=#\2128\023s=
 158      0686 09E7 
 158      1818 80D4 
 158      AE06 4506 
 158      0656 1606 
 159 002b 3313 03C3 		.string	"3\023\003\303\242\007\377\030\231\231!4\003"
 159      A207 FF18 
 159      9999 2134 
 159      0300 
 160 0039 4556 10BC 		.ascii	"EV\020\274"
 161               		.text
 162               		.section	.gnu.lto_.refs.c07b37459a00df1,"",@progbits
 163 0000 789C 6361 		.string	"x\234ca`d\340d```b`b\344`b\224c"
 163      6064 E064 
 163      6060 6062 
 163      6062 E460 
 163      6294 6300 
 164 0014 00        		.string	""
 165 0015 016E 00   		.string	"\001n"
 166 0018 3D        		.ascii	"="
 167               		.text
 168               		.section	.gnu.lto_.decls.c07b37459a00df1,"",@progbits
 169 0000 789C 9556 		.string	"x\234\225VkL\024W\024\2363w\3451\260.\005\265\376 \215UL\366\227@L\032\375g4\306\266iKc#\
 169      6B4C 1457 
 169      149E 3377 
 169      E531 B02E 
 169      05B5 FE20 
 170 0101 6F84 7EAF 		.ascii	"o\204~\257\354\005'\300[\370S\2267\310\026\331<\007\004X\030"
 170      EC05 27C0 
 170      5BF8 5396 
 170      37C8 16D9 
 170      3C07 0458 
 171 0116 0821 8102 		.ascii	"\b!\201\002\234\002=\273%\300q\244\237\204@a\257\274I\226\375"
 171      9C02 3DBB 
 171      25C0 71A4 
 171      9F84 4061 
 171      AFBC 4996 
 172 012b 58E7 5119 		.ascii	"X\347Q\031\217\355\262,\n\264\t\307\2008\246\243m\234rK\335\276"
 172      8FED B22C 
 172      0AB4 09C7 
 172      8038 A6A3 
 172      6D9C 724B 
 173 0141 CDDE 8D50 		.ascii	"\315\336\215P\0178+\360;\3408\001\275dM\240\227\264!\262\177"
 173      0F38 2BF0 
 173      3BE0 3801 
 173      BD64 4DA0 
 173      97B4 21B2 
 174 0156 DEA3 309C 		.ascii	"\336\2430\234'N\341\227\252\030\373\001\277\264;\016&\242t\252"
 174      274E E197 
 174      AA18 FB01 
 174      BFB4 3B0E 
 174      26A2 74AA 
 175 016a 5AB4 4B74 		.ascii	"Z\264Kt\246\204\215b\367EzR\207\202\242G\373\201;q\025V|\273"
 175      A684 8D62 
 175      F745 7A52 
 175      8782 A247 
 175      FB81 3B71 
 176 0182 E882 7B70 		.ascii	"\350\202{p\340H\370\256\203Wkt\304\213&\034\252:\307\332a\301"
 176      E048 F8AE 
 176      8357 6B74 
 176      C48B 261C 
 176      AA3A C7DA 
 177 0198 6947 C216 		.ascii	"iG\302\026\251e9o\177\223\355\243\021\225\234A\244\206\366\225"
 177      A965 396F 
 177      7F93 EDA3 
 177      1195 9C41 
 177      A486 F695 
 178 01ac DB87 2CBA 		.ascii	"\333\207,\272~\021\374%\020\261y\303\272/\337\223|\316\204\362"
 178      7E11 FC25 
 178      10B1 79C3 
 178      BA2F DF93 
 178      7CCE 84F2 
 179 01c0 FF78 76C2 		.ascii	"\377xv\302\013o\005J`\007\332\356\276d\323*mz\373\304\301\343"
 179      0B6F 054A 
 179      6007 DAEE 
 179      BE64 D32A 
 179      6D7A FBC4 
 180 01d6 655A 328F 		.ascii	"eZ2\217^\213E\317\273\252D\220\364\233XY\315\262\307lgY\213\260"
 180      5E8B 45CF 
 180      BBAA 4490 
 180      F49B 5859 
 180      CDB2 C76C 
 181 01ee AC38 220F 		.ascii	"\2548\"\017\026\bp\016\013{\026\013\313\252\331r\301\246\313"
 181      1608 700E 
 181      0B7B 160B 
 181      CBAA D972 
 181      C1A6 CB
 182 0201 A3F5 3D0F 		.ascii	"\243\365=\017\022\024\002a\024\364\026()n\357\366\245g\372\220"
 182      1214 0261 
 182      14F4 1628 
 182      296E EFF6 
 182      A567 FA90 
 183 0215 AFD9 5CAF 		.ascii	"\257\331\\\257\0174o\326\221o\330\2659\343\346VO\214\002.\262"
 183      0F34 6FD6 
 183      916F D8B5 
 183      39E3 E656 
 183      4F8C 022E 
 184 022a 4540 4DBF 		.ascii	"E@M\277-8\346\253\304@\260\371jc{\213\0176gH0\033\233i\207Jm"
 184      2D38 E6AB 
 184      C440 B0F9 
 184      6A63 7B8B 
 184      0F36 6748 
 185 0245 5AF2 231D 		.ascii	"Z\362#\035;\355\322@y\255\016\002\202\202\364A;\230\007\\a4\247"
 185      3BED D240 
 185      79AD 0E02 
 185      8282 F441 
 185      3B98 075C 
 186 025c 57D0 D865 		.ascii	"W\320\330e\304%\320\bp\r\002\250\027\260\240\363\022\b\202\353"
 186      C425 D008 
 186      700D 02A8 
 186      17B0 A0F3 
 186      1208 82EB 
 187 0270 8862 0862 		.ascii	"\210b\bbY\314\245\001\266\364Y\303\357\247\256\227\013B\230\367"
 187      59CC A501 
 187      B6F4 59C3 
 187      EFA7 AE97 
 187      0B42 98F7 
 188 0284 ABE8 9D8E 		.ascii	"\253\350\235\216\341\001\027`"
 188      E101 1760 
 189 028c 8002 8406 		.string	"\200\002\204\006:\330\226\3324\321A\275\340N\rv2YF,5V_\031\037\020d\b<\033\3169-\365\326\
 189      3AD8 96DA 
 189      34D1 41BD 
 189      E04E 0D76 
 189      3259 462C 
 190 038d FD94 7A0F 		.ascii	"\375\224z\017?\242\247\030\035[G\263P\215\274\007\252\323\373"
 190      3FA2 A718 
 190      1D5B 47B3 
 190      508D BC07 
 190      AAD3 FB
 191 03a0 CC29 4EF8 		.ascii	"\314)N\370\360\302\372ogg1\242,\317\001\306S\022!@\r\314\306"
 191      F0C2 FA6F 
 191      6767 31A2 
 191      2CCF 01C6 
 191      5312 2140 
 192 03b7 FF72 D028 		.ascii	"\377r\320(\324\266\277r\357\210s\315rK\201\3342Z1\253F\226\367"
 192      D4B6 BF72 
 192      EF88 73CD 
 192      724B 81DC 
 192      325A 31AB 
 193 03ce C874 0CD2 		.ascii	"\310t\f\322\340\214*}\206-\0238\r\215h\267\026\346\342\310\206"
 193      E08C 2A7D 
 193      862D 1338 
 193      0D8D 68B7 
 193      16E6 E2C8 
 194 03e3 BAAA 1C42 		.ascii	"\272\252\034B\266\002[O9Y\005\006\347\332S\366\264\214\262\322"
 194      B602 5B4F 
 194      3959 0506 
 194      E7DA 53F6 
 194      B48C B2D2 
 195 03f7 C2E9 53B9 		.ascii	"\302\351S\271\250g.\0369\\\334\313\177\261\017\320\205\271@\266"
 195      A867 2E1E 
 195      395C DCCB 
 195      7FB1 0FD0 
 195      85B9 40B6 
 196 040b 6455 E083 		.ascii	"dU\340\203\212\203\226P\022\324\251\036\352\\=40\017\273o\327"
 196      8A83 9650 
 196      12D4 A91E 
 196      EA5C 3D34 
 196      300F BB6F 
 197 0420 DA24 92AD 		.ascii	"\332$\222\255x\310?\220U/r\221\"7\221FU\244\321U\244\211\211"
 197      78C8 3F90 
 197      552F 7291 
 197      2237 9146 
 197      55A4 D155 
 198 0437 640E 665D 		.ascii	"d\016f]#\344\244\"\362\340m\3110!\027\225FsSw\007\320\247\344"
 198      23E4 A422 
 198      F2E0 6DC9 
 198      3021 1795 
 198      4673 5377 
 199 044f 89E3 2979 		.ascii	"\211\343)y\275s\333\025\255\377v\276\255/ak\215\275\bZ\300_}"
 199      BD73 DB15 
 199      ADFF 76BE 
 199      AD2F 616B 
 199      8DBD 085A 
 200 0466 F196 9AEF 		.ascii	"\361\226\232\357L\223\370.\274\375#\2730\362[\345\222T7\321\326"
 200      4C93 F82E 
 200      BCFD 23BB 
 200      30F2 5BE5 
 200      9254 37D1 
 201 047b 4944 073B 		.ascii	"ID\007;;G\304\371\207\344^\\6\331[?\315\333 oL\365\202\247\340"
 201      3B47 C4F9 
 201      87E4 5E5C 
 201      36D9 5B3F 
 201      CDDB 206F 
 202 0494 0F8F 1DD1 		.ascii	"\017\217\035\321A3}\330\036S\257\320\006\363q\320\221\221\321"
 202      4133 7DD8 
 202      1E53 AFD0 
 202      06F3 71D0 
 202      9191 D1
 203 04a7 5E82 9B70 		.ascii	"^\202\233p\030\276<\354\304\345\355\021\246\274=\212w4vH\244"
 203      18BE 3CEC 
 203      C4E5 ED11 
 203      A6BC 3D8A 
 203      7734 7648 
 204 04bc 8187 DE7B 		.ascii	"\201\207\336{\373o\276c\373\341J-\271h=F@/)\257\211\242\234\031"
 204      FB6F BE63 
 204      FBE1 4A2D 
 204      B968 3D46 
 204      402F 29AF 
 205 04d4 74C5 BDC0 		.ascii	"t\305\275\300G\253C\315f\030\365\311\002\255\222e\t\003\355\304"
 205      47AB 43CD 
 205      6618 F5C9 
 205      02AD 9265 
 205      0903 EDC4 
 206 04e8 A8E8 230B 		.ascii	"\250\350#\013\3171\3240\036j;v>\243\2358\032\3479\336{s\324\333"
 206      CF31 D430 
 206      1E6A 3B76 
 206      3EA3 9D38 
 206      1AE7 39DE 
 207 0500 37C3 398A 		.ascii	"7\3039\212\206\353\034(\300K\360e\301\343\031\311\365\271G\357"
 207      86EB 1C28 
 207      C04B F065 
 207      C1E3 19C9 
 207      F5B9 47EF 
 208 0514 E95C C974 		.ascii	"\351\\\311t\027T\311]\234\334\305\310\245\346\206a\342J.s#ws"
 208      1754 C95D 
 208      9CDC C5C8 
 208      A5E6 8661 
 208      E24A 2E73 
 209 052b 7237 239F 		.ascii	"r7#\237\275|\354\224\2332\315\245J\356\341\344\036F\256z\\\234"
 209      BD7C EC94 
 209      9B32 CDA5 
 209      4AEE E1E4 
 209      1E46 AE7A 
 210 0541 EE4D 4B2A 		.ascii	"\356MK*s\262\277\253\345W\264^\270\023\262&\335u\207\257\215"
 210      73B2 BFAB 
 210      E557 B45E 
 210      B813 B226 
 210      DD75 87AF 
 211 0556 F892 3696 		.ascii	"\370\2226\226V\315\376\314\212l\037\320\343w\027\376$\227O\250"
 211      56CD FECC 
 211      8A6C 1FD0 
 211      E377 17FE 
 211      2497 4FA8 
 212 056a 3E0C FBB5 		.ascii	">\f\373\265\372\t\305\276\263z\177\247\335\002\375@\243\347I"
 212      FA09 C5BE 
 212      B37A 7FA7 
 212      DD02 FD40 
 212      A3E7 49
 213 057d DEE4 BD98 		.ascii	"\336\344\275\230\330>6\337[\024|\243L\270\253\274<\013\224\025"
 213      D83E 36DF 
 213      5B14 7CA3 
 213      4CB8 ABBC 
 213      3C0B 9415 
 214 0591 D4C2 5610 		.ascii	"\324\302V\020\325\346\273\n2\373\351:R\\\262\006\216\030+\252"
 214      D5E6 BB0A 
 214      32FB E93A 
 214      525C B206 
 214      8E18 2BAA 
 215 05a5 3B37 7540 		.ascii	";7u@\003\216\200B\230\374\300X\375\230\247\"_\345\224W\331\203"
 215      038E 8042 
 215      98FC C058 
 215      FD98 A722 
 215      5FE5 9457 
 216 05bb 4C7E 4091 		.ascii	"L~@\221\037d\362=\207/\025\272%\267\322\255\022C<\271C,\271\331"
 216      1F64 F23D 
 216      872F 15BA 
 216      25B7 D2AD 
 216      1243 3CB9 
 217 05d3 E9B6 DF5C 		.ascii	"\351\266\337\\\271\325n\334a\316\035f\334{\266\2264i^\016\213"
 217      B9D5 6EDC 
 217      61CE 1D66 
 217      DC7B B696 
 217      3469 5E0E 
 218 05e8 74B4 E2A7 		.ascii	"t\264\342\247\035\251r\206\b\341\263\330\246\244|\222\331`\036"
 218      1DA9 7286 
 218      08E1 B3D8 
 218      A6A4 7C92 
 218      D960 1E
 219 05fb F2EC 7DF6 		.ascii	"\362\354}\366V/\205gy\277\336\f~\356\244\021F*\331m\261\021N"
 219      562F 8567 
 219      79BF DE0C 
 219      7EEE A411 
 219      462A D96D 
 220 0612 DAEB 315E 		.ascii	"\332\3531^h\224q\006\353{\007\246sN\341\004\316;\306y\230~\272"
 220      6894 7106 
 220      EB7B 07A6 
 220      734E E104 
 220      CE3B C679 
 221 0629 1238 A778 		.ascii	"\0228\247x\002gL\321\031\275p\216\033\267<\232\300y\3178\207"
 221      0267 4CD1 
 221      19BD 708E 
 221      1BB7 3C9A 
 221      C079 CF38 
 222 063e 730B 4A7D 		.ascii	"s\013J}]3Awa5\023v\236\tz\236fX\232\230\030\247\213I^k0%\032"
 222      5D33 4177 
 222      6135 1376 
 222      9E09 7A9E 
 222      6658 9A98 
 223 065b 8C6B 220D 		.ascii	"\214k\"\r\261\361Iq^+\276[5g\331\342\305\002${\246\304&\230\026"
 223      B1F1 4971 
 223      5E2B BE5B 
 223      3567 D9E2 
 223      C502 247B 
 224 0674 194C 9F05 		.ascii	"\031L\237\005\247$\033\203\343b#\203#\326\032\203c\023\242\342"
 224      A724 1B83 
 224      E362 2383 
 224      23D6 1A83 
 224      6313 A2E2 
 225 0688 5256 4707 		.ascii	"RVG\007'\233V\343\355\0051\002\304H\006CRD\324/\321\253\r\006"
 225      279B 56E3 
 225      ED05 3102 
 225      C448 0643 
 225      5244 D42F 
 226 06a0 58EB F76B 		.ascii	"X\353\367kJD\202)%>8*1.\321\210\367\311\227?\204\203\021\326"
 226      4A44 8229 
 226      253E 382A 
 226      312E D188 
 226      F7C9 973F 
 227 06b8 E0A6 1EB5 		.ascii	"\340\246\036\265r\305R\202\030\307\211\022$\325\205\237\213\241"
 227      72C5 5282 
 227      18C7 8912 
 227      24D5 859F 
 227      8BA1 
 228 06ca 84C4 A8D8 		.ascii	"\204\304\250\330h\355\262\257\226\207.^\030jX\266je\370r\037"
 228      68ED B2AF 
 228      9687 2E5E 
 228      186A 58B6 
 228      6A65 F872 
 229 06df 9CCB 98B8 		.ascii	"\234\313\230\270&>:\336`\230\351\220\211\303\251M\021\221q\321"
 229      263E 3ADE 
 229      6098 E990 
 229      89C3 A94D 
 229      1191 71D1 
 230 06f3 C938 9F17 		.ascii	"\3118\237\027\265\035\372\205\301\244\211\212\2110\376\007\024"
 230      B51D FA85 
 230      C1A4 898A 
 230      8930 FE07 
 230      14
 231 0704 B2D3 1B   		.ascii	"\262\323\033"
 232               		.text
 233               		.section	.gnu.lto_.symtab.c07b37459a00df1,"",@progbits
 234 0000 6873 765F 		.string	"hsv_to_rgb_impl"
 234      746F 5F72 
 234      6762 5F69 
 234      6D70 6C00 
 235 0010 00        		.string	""
 236 0011 00        		.string	""
 237 0012 00        		.string	""
 238 0013 00        		.string	""
 239 0014 00        		.string	""
 240 0015 00        		.string	""
 241 0016 00        		.string	""
 242 0017 00        		.string	""
 243 0018 00        		.string	""
 244 0019 00        		.string	""
 245 001a 00        		.string	""
 246 001b D600      		.string	"\326"
 247 001d 00        		.string	""
 248 001e 00        		.string	""
 249 001f 6873 765F 		.string	"hsv_to_rgb"
 249      746F 5F72 
 249      6762 00
 250 002a 00        		.string	""
 251 002b 00        		.string	""
 252 002c 00        		.string	""
 253 002d 00        		.string	""
 254 002e 00        		.string	""
 255 002f 00        		.string	""
 256 0030 00        		.string	""
 257 0031 00        		.string	""
 258 0032 00        		.string	""
 259 0033 00        		.string	""
 260 0034 00        		.string	""
 261 0035 DA00      		.string	"\332"
 262 0037 00        		.string	""
 263 0038 00        		.string	""
 264 0039 6873 765F 		.string	"hsv_to_rgb_nocie"
 264      746F 5F72 
 264      6762 5F6E 
 264      6F63 6965 
 264      00
 265 004a 00        		.string	""
 266 004b 00        		.string	""
 267 004c 00        		.string	""
 268 004d 00        		.string	""
 269 004e 00        		.string	""
 270 004f 00        		.string	""
 271 0050 00        		.string	""
 272 0051 00        		.string	""
 273 0052 00        		.string	""
 274 0053 00        		.string	""
 275 0054 00        		.string	""
 276 0055 DC00      		.string	"\334"
 277 0057 00        		.string	""
 278 0058 00        		.string	""
 279 0059 4349 4531 		.string	"CIE1931_CURVE"
 279      3933 315F 
 279      4355 5256 
 279      4500 
 280 0067 00        		.string	""
 281 0068 02        		.ascii	"\002"
 282 0069 00        		.string	""
 283 006a 00        		.string	""
 284 006b 00        		.string	""
 285 006c 00        		.string	""
 286 006d 00        		.string	""
 287 006e 00        		.string	""
 288 006f 00        		.string	""
 289 0070 00        		.string	""
 290 0071 00        		.string	""
 291 0072 E300      		.string	"\343"
 292 0074 00        		.string	""
 293 0075 00        		.string	""
 294               		.text
 295               		.section	.gnu.lto_.opts,"",@progbits
 296 0000 272D 666D 		.ascii	"'-fmath-errno' '-fsigned-zeros' '-ftrapping-math' '-fno-trap"
 296      6174 682D 
 296      6572 726E 
 296      6F27 2027 
 296      2D66 7369 
 297 003c 7627 2027 		.ascii	"v' '-fno"
 297      2D66 6E6F 
 298 0044 2D6F 7065 		.string	"-openmp' '-fno-openacc' '-mn-flash=1' '-mno-skip-bug' '-mmcu=avr5' '-gdwarf-2' '-Os' '-We
 298      6E6D 7027 
 298      2027 2D66 
 298      6E6F 2D6F 
 298      7065 6E61 
 299               		.text
 300               		.comm	__gnu_lto_v1,1,1
 301               		.comm	__gnu_lto_slim,1,1
 302               		.ident	"GCC: (GNU) 5.4.0"
DEFINED SYMBOLS
                            *ABS*:0000000000000000 color.c
     /tmp/ccn33Fxb.s:2      *ABS*:000000000000003e __SP_H__
     /tmp/ccn33Fxb.s:3      *ABS*:000000000000003d __SP_L__
     /tmp/ccn33Fxb.s:4      *ABS*:000000000000003f __SREG__
     /tmp/ccn33Fxb.s:5      *ABS*:0000000000000000 __tmp_reg__
     /tmp/ccn33Fxb.s:6      *ABS*:0000000000000001 __zero_reg__
                            *COM*:0000000000000001 __gnu_lto_v1
                            *COM*:0000000000000001 __gnu_lto_slim

NO UNDEFINED SYMBOLS
