   1               		.file	"keymap_common.c"
   2               	__SP_H__ = 0x3e
   3               	__SP_L__ = 0x3d
   4               	__SREG__ = 0x3f
   5               	__tmp_reg__ = 0
   6               	__zero_reg__ = 1
   7               		.text
   8               	.Ltext0:
   9               		.section	.gnu.lto_.profile.998caf1786c42e1f,"",@progbits
  10 0000 789C 6361 		.string	"x\234ca`d`c`"
  10      6064 6063 
  10      6000 
  11 000a 923B 19FB 		.ascii	"\222;\031\373\031\001\004\232\001W"
  11      1901 049A 
  11      0157 
  12               		.text
  13               		.section	.gnu.lto_.icf.998caf1786c42e1f,"",@progbits
  14 0000 789C 6361 		.string	"x\234ca`d"
  14      6064 00
  15 0007 013B 0604 		.string	"\001;\006\004\340b\3306\343\363+f\306\323\357f\375`f\272<iY\013\027s\367\242\247\275\374,
  15      E062 D836 
  15      E3F3 2B66 
  15      C6D3 EF66 
  15      FD60 66BA 
  16 004e 00        		.string	""
  17 004f BB98 1DF2 		.ascii	"\273\230\035\362"
  18               		.text
  19               		.section	.gnu.lto_.jmpfuncs.998caf1786c42e1f,"",@progbits
  20 0000 789C 6361 		.string	"x\234ca`d"
  20      6064 00
  21 0007 8130 0604 		.string	"\2010\006\004`g`dd\254g\002\021,\314@\022$\306\nc\260\001\305\231\353\3539@\024P\021P\004
  21      6067 6064 
  21      64AC 6702 
  21      112C CC40 
  21      1224 C60A 
  22 0038 00        		.string	""
  23 0039 DB33 04AA 		.ascii	"\3333\004\252"
  24               		.text
  25               		.section	.gnu.lto_.inline.998caf1786c42e1f,"",@progbits
  26 0000 789C 8D4E 		.string	"x\234\215N\301\t\3030\020\323\235/\027\027R\232\r:@\240\243x6\017\220GwI\006\310(\245}\36
  26      C109 C330 
  26      10D3 9D2F 
  26      1717 529A 
  26      0D3A 40A0 
  27 0082 8FFF 1A56 		.ascii	"\217\377\032V"
  28               		.text
  29               		.section	.gnu.lto_.pureconst.998caf1786c42e1f,"",@progbits
  30 0000 789C 6361 		.string	"x\234ca`d\020d```g``b`\221`\225`\333\305\310!\305\271\213\021"
  30      6064 1064 
  30      6060 6067 
  30      6060 6260 
  30      9160 9560 
  31 001d 0C3A 0200 		.string	"\f:\002"
  32               		.text
  33               		.section	.gnu.lto_KEYCODE2SYSTEM.998caf1786c42e1f,"",@progbits
  34 0000 789C 4D51 		.string	"x\234MQ\277k\024A\024~\337\233\271\235U\243\256\235\302\022\005\213#\205\236\207m\032\033
  34      BF6B 1441 
  34      147E DF9B 
  34      B99D 55A3 
  34      AE9D C212 
  35 0086 75FC E13D 		.ascii	"u\374\341=\306\233\316\356\342\361\035N\215\324\021\270\274\371"
  35      C69B CEEE 
  35      E2F1 1D4E 
  35      8DD4 11B8 
  35      BCF9 
  36 0098 7EEC 8842 		.ascii	"~\354\210B \0228\263;\267f\373\246\274o\372\257?~]Z\361\351\311"
  36      2012 38B3 
  36      3BB7 66FB 
  36      A6BC 6FFA 
  36      AF3F 7E5D 
  37 00b0 D430 7598 		.ascii	"\3240u\230\360\b1\246\020\253\207\307\350\023\356\370\273\361"
  37      F008 31A6 
  37      10AB 87C7 
  37      E813 EEF8 
  37      BBF1 
  38 00c2 3B3D 2606 		.ascii	";=&\006\311\375\345\360\303\027&?\251:\277p\302\233\324\030L"
  38      C9FD E5F0 
  38      C317 263F 
  38      A93A BF70 
  38      C29B D418 
  39 00d7 C3A8 EE62 		.ascii	"\303\250\356b\214\0131I\202\320B^\311\337g\377\335;\032\fyYg"
  39      8C0B 3149 
  39      82D0 425E 
  39      C9DF 67FF 
  39      DD3B 1A0C 
  40 00ee B4B4 549C 		.ascii	"\264\264T\234\021\277\022\333\327\026}\247\223x\377\251\3709"
  40      11BF 12DB 
  40      D716 7DA7 
  40      9378 FFA9 
  40      F839 
  41 0100 7F08 A262 		.ascii	"\177\b\242b\206\312\214\\\255U\234\323[ G\316)$\332\224\255\235"
  41      86CA 8C5C 
  41      AD55 9CD3 
  41      5B20 47CE 
  41      2924 DA94 
  42 0116 6E31 6B34 		.ascii	"n1k4\033HF/SbLb\264\301\351\326\372\032\264A\213/\204'\322\300"
  42      1B48 462F 
  42      5362 4C62 
  42      B4C1 E9D6 
  42      FA1A B441 
  43 0130 370C 2D9D 		.ascii	"7\f-\235U\302\301iX0\236f\335i%G\363\275XG#\"o\2106\320\334\261"
  43      55C2 C169 
  43      5830 9E66 
  43      DD69 2547 
  43      F3BD 5847 
  44 014c 2270 2218 		.ascii	"\"p\"\030M_/9\0250\b\355L\260\305!\255\026\366\351P\372\253\234"
  44      4D5F 2F39 
  44      1530 08ED 
  44      4CB0 C521 
  44      AD16 F6E9 
  45 0164 D073 07E9 		.ascii	"\320s\007\351A6\246\344\357\302\357c\365=\177\337\373Hr\303\352"
  45      4136 A6E4 
  45      EFC2 EF63 
  45      F53D 7FDF 
  45      FB48 72C3 
  46 0179 5FD2 6F1F 		.ascii	"_\322o\037\264\312\023\030k\214di\207Y\371Y\317\264\266|\363"
  46      B4CA 1318 
  46      6B8C 6469 
  46      8759 F959 
  46      CFB4 B67C 
  47 018e 7757 3EF6 		.ascii	"wW>\366\024\333:\254Hm>\307\004\304\273\372\304\034\212\372\332"
  47      14DB 3AAC 
  47      486D 3EC7 
  47      04C4 BBFA 
  47      C41C 8AFA 
  48 01a3 F615 792D 		.ascii	"\366\025y-\220\007\025,_\025`\005g\316\202l$]k\206\272\027K?"
  48      9007 152C 
  48      5F15 6005 
  48      67CE 826C 
  48      245D 6B86 
  49 01bb D18C 84A7 		.ascii	"\321\214\204\2473\337\206\324\263\241\034\316A\246\t\225\210"
  49      33DF 86D4 
  49      B3A1 1CCE 
  49      41A6 0995 
  49      88
  50 01cc AF53 8395 		.ascii	"\257S\203\225\362\365\201j\255T\030\250V*\325\233\205Z\351V\265"
  50      F2F5 816A 
  50      AD54 18A8 
  50      562A D59B 
  50      855A E956 
  51 01e1 3678 FE06 		.ascii	"6x\376\006\231r\351\366\177\226\t\271\257"
  51      9972 E9F6 
  51      7F96 09B9 
  51      AF
  52               		.text
  53               		.section	.gnu.lto_CSWTCH.1.998caf1786c42e1f,"",@progbits
  54 0000 789C 6361 		.string	"x\234ca`d"
  54      6064 00
  55 0007 811E 2086 		.string	"\201\036 \206\260\030\030\376216\236m\237\301\373\205\251\225\231\201\261\231\021\310\337
  55      B018 18FE 
  55      3231 369E 
  55      6D9F C1FB 
  55      85A9 9599 
  56 006f E2E5 8C32 		.string	"\342\345\2142\f\214k\031-\030"
  56      0C8C 6B19 
  56      2D18 00
  57 007a 3481 2E42 		.ascii	"4\201.B"
  58               		.text
  59               		.section	.gnu.lto_KEYCODE2CONSUMER.998caf1786c42e1f,"",@progbits
  60 0000 789C 4D51 		.ascii	"x\234MQ\317KTQ\024>\337\271\367\215JY\257M\330\274\307\030\264"
  60      CF4B 5451 
  60      143E DFB9 
  60      F78D 4A59 
  60      AF4D D8BC 
  61 0017 90D9 340D 		.string	"\220\3314\rm\333\264\351\017\350\037p!\003\3010M\fn\\\315\235y\276\302h\341F\211@]\231\22
  61      6DDB B4E9 
  61      0FE8 1F70 
  61      2103 C130 
  61      4D0C 6E5C 
  62 0118 D1E4 0D8A 		.string	"\321\344\r\212\214\211\214\266\265\274?\261\326\243mY|$<\027\331\373\030\335\272\244"
  62      8C89 8CB6 
  62      B5BC 3FB1 
  62      D6A3 6D59 
  62      7C24 3C17 
  63 0133 793D FE75 		.ascii	"y=\376u\377{\347\365<^$=i\246\200V3\370\212\232O\316\020\035"
  63      FF7B E7F5 
  63      3C5E 243D 
  63      69A6 8056 
  63      33F8 8A9A 
  64 014b A07E 6485 		.ascii	"\240~d\205\340\ta2~\263\325\245\004\006\241\221\020\0169\244"
  64      E009 6132 
  64      7EB3 D5A5 
  64      0406 A191 
  64      100E 39A4 
  65 015f DDDC 3F38 		.ascii	"\335\334?8\024\376\332\023\270\375\037\356%\303\211~\257\375"
  65      14FE DA13 
  65      B8FD 1FEE 
  65      25C3 897E 
  65      AFFD 
  66 0171 3C53 3D71 		.ascii	"<S=q\017\235\363%6\246\372%\374\366\321|q\006S\265\361$\234\302"
  66      0F9D F325 
  66      36A6 FA25 
  66      FCF6 D17C 
  66      7106 53B5 
  67 0189 A27C D14B 		.ascii	"\242|\321K\315\255o+w\037\364\346\033:\"_\253\276\302\fD\273"
  67      CDAD 6F2B 
  67      771F F4E6 
  67      1B3A 225F 
  67      ABBE C20C 
  68 019f EAC4 12F2 		.ascii	"\352\304\022\362I\375t\322xG\200\241\316\305\3227\324}\021\242"
  68      49FD 74D2 
  68      7847 80A1 
  68      CEC5 D237 
  68      D47D 11A2 
  69 01b3 F3FC 0161 		.ascii	"\363\374\001ay\201\034V\376\251)\352\205\"\325/\f\227\212\203"
  69      7981 1C56 
  69      FEA9 29EA 
  69      8522 D52F 
  69      0C97 8A83 
  70 01c7 43E5 4A21 		.ascii	"C\345J!7T.\225\312\267s\225\302\235re\370\362-2\305\302\310_"
  70      3754 2E95 
  70      CAB7 7395 
  70      C29D 7265 
  70      F8F2 2D32 
  71 01df 5C0C B1CA 		.ascii	"\\\f\261\312"
  72               		.text
  73               		.section	.gnu.lto_CSWTCH.3.998caf1786c42e1f,"",@progbits
  74 0000 789C 2D92 		.ascii	"x\234-\222\373O\322Q\030\207\277\347\373\345\246\210t\377\311"
  74      FB4F D251 
  74      1887 BFE7 
  74      FBE5 A688 
  74      74FF C9
  75 0013 3FC4 7FAC 		.ascii	"?\304\177\254\337M\3064\265Z\255@[%N\356P\312]\220\213\202B "
  75      DF4D C634 
  75      B55A AD40 
  75      5B25 4EEE 
  75      50CA 5D90 
  76 002b 1701 2F35 		.ascii	"\027\001/5\327J\234%Z\023\315\231\032Y\237\267s\334\236\315g"
  76      D74A 9C25 
  76      5A13 CD99 
  76      1A59 9FB7 
  76      73DC 9ECD 
  77 0040 CFCE 7979 		.ascii	"\317\316yy\017\250$&\321\337\244\"\211\377$\351\217\314v\037"
  77      0FA8 2426 
  77      D1DF A422 
  77      89FF 24E9 
  77      8FCC 761F 
  78 0054 D40E F467 		.ascii	"\324\016\364g\262Y\221X\207|~\2536\334K\316\330=\350B\2601\256"
  78      B259 9158 
  78      877C 7EAB 
  78      36DC 4BCE 
  78      D83D E842 
  79 006b E2F9 98F2 		.ascii	"\342\371\230\362\313\372\244]\315\363]\350\354\347\326}^\303"
  79      CBFA A45D 
  79      CDF3 5DE8 
  79      ECE7 D67D 
  79      5EC3 
  80 007d 0C6A 775E 		.ascii	"\fjw^\036\313\274\336\201\236w\037}\323\361\034\242<\262\343"
  80      1ECB BCDE 
  80      819E 771F 
  80      7DD3 F11C 
  80      A23C B2E3 
  81 0091 B118 79BE 		.ascii	"\261\030y\276\r\215\375:m\365\360\354U\301_TR\037\024\236o\321"
  81      0D8D FD3A 
  81      6DF5 F0EC 
  81      55C1 5F54 
  81      521F 149E 
  82 00a7 276B AE97 		.ascii	"'k\256\227\304h\027\345D\246P2\360|\023\332~\343=\325\362\354"
  82      C468 17E5 
  82      44A6 5032 
  82      F07C 13DA 
  82      7EE3 3DD5 
  83 00bd A4BC F8B3 		.ascii	"\244\274\370\263\273&f\337\200\326\274\371i#\317\016\312~\347"
  83      BB26 66DF 
  83      80D6 BCF9 
  83      6923 CF0E 
  83      CA7E E7
  84 00d0 C992 986D 		.ascii	"\311\222\230m\2046\262\251C\003\317v\312?\266|~1\273\037\372"
  84      8436 B2A9 
  84      4303 CF76 
  84      CA3F B67C 
  84      7E31 BB1F 
  85 00e5 B713 DC13 		.ascii	"\267\023\334\023\2572K\271\023w\270\305\345\006\350\247\251\314"
  85      AF32 4BB9 
  85      1377 B8C5 
  85      E506 E8A7 
  85      A9CC 
  86 00f7 13B1 D80C 		.ascii	"\023\261\330\feS\356c@\307"
  86      6553 EE63 
  86      40C7 
  87 0101 731F 9D3E 		.string	"s\037\235>7]\212\313\237+\360\337\027\325\224\226g=e\263+\256\360\374\214re\306_\325\360\
  87      375D 8ACB 
  87      9F2B F0DF 
  87      17D5 9496 
  87      673D 65B3 
  88 0202 CC83 39F0 		.ascii	"\314\2039\360\016\274\005~\340\003^\340\001n\340b\003\022\333"
  88      0EBC 057E 
  88      E003 5EE0 
  88      016E E062 
  88      0312 DB
  89 0215 6483 D23F 		.ascii	"d\203\322?\3211C'"
  89      D131 4327 
  90               		.text
  91               		.section	.gnu.lto_action_get_macro.998caf1786c42e1f,"",@progbits
  92 0000 789C 6590 		.ascii	"x\234e\220\275KBQ\030\306\317s\316\345jD\324\030\350\020Q\230"
  92      BD4B 4251 
  92      18C6 CF73 
  92      CEE5 6A44 
  92      D418 E810 
  93 0016 4B09 FD27 		.ascii	"K\t\375'\375\003\"\352\020q\275*:4y\322\256MQ\rE\021\215q\373"
  93      FD03 22EA 
  93      1071 BD2A 
  93      3A34 79D2 
  93      AE4D 510D 
  94 002f B0CC 02A7 		.ascii	"\260\314\002\247\002\021lI*\"\207Z\212\266\\2(\234\352\366\236"
  94      0211 6C49 
  94      2A22 875A 
  94      8AB6 5C32 
  94      289C EAF6 
  95 0044 9B43 D00B 		.ascii	"\233C\320\013/\357\007\317\357\034\336Gc"
  95      2FEF 07CF 
  95      EF1C DE47 
  95      63
  96 0051 602A C254 		.string	"`*\302T&\250\372(!\030\370\3525c\013^\016\250Fz\301r\0349|\362/\216\206\323\255\r~pK\311h
  96      26A8 FA28 
  96      2118 F8EA 
  96      3563 0B5E 
  96      0EA8 467A 
  97 0152 0780 840F 		.ascii	"\007\200\204\017"
  98               		.text
  99               		.section	.gnu.lto_action_function.998caf1786c42e1f,"",@progbits
 100 0000 789C 6590 		.string	"x\234e\220=KBa\024\307\317\377<\227\213\021QK \350\020Q\230K\t}\204\276A_ D\035\"\256\327
 100      3D4B 4261 
 100      14C7 CFFF 
 100      3C97 8B11 
 100      514B 20E8 
 101 0067 2A30 0A68 		.ascii	"*0\nh\3637\243\276\362r\316QW\252x*\237\305\213\322\t:\202\310"
 101      F337 A3BE 
 101      F272 CE51 
 101      57AA 782A 
 101      9FC5 8BD2 
 102 007f 63FF 12C1 		.ascii	"c\377\022\301ET\251.\275\257Z\377';\002\320\320m\253\261\325"
 102      4554 A92E 
 102      BDAF 5AFF 
 102      273B 02D0 
 102      D06D ABB1 
 103 0094 AB47 C680 		.ascii	"\253G\306\200\032\235\233\306\210\b\201T{R\271_\013D\312R.I\371"
 103      1A9D 9BC6 
 103      8808 8154 
 103      7B52 B95F 
 103      0B44 CA52 
 104 00ab 3128 8523 		.ascii	"1(\205#\004v!\3249\354 \214m\204I\255\b{\210(u\325]m\n1\354\223"
 104      0476 21D4 
 104      39EC 208C 
 104      6D84 49AD 
 104      087B 8828 
 105 00c7 AFEE 66B5 		.ascii	"\257\356f\265\247K\236\226X\306\034a`\277\203N\206\021\323\240"
 105      A74B 9E96 
 105      58C6 1C61 
 105      60BF 834E 
 105      8611 D3A0 
 106 00db 4138 F0C1 		.ascii	"A8\360\301\307\253R\235\305\250\017\276]\334\025\215.\370\360"
 106      C7AB 529D 
 106      C5A8 0FBE 
 106      5DDC 158D 
 106      2EF8 F0
 107 00ee 071E FE03 		.ascii	"\007\036\376\003+\210h\365\363\361\317F\237\271\254\377\035\352"
 107      2B88 68F5 
 107      F3F1 CF46 
 107      9FB9 ACFF 
 107      1DEA 
 108 0100 7C89 2398 		.ascii	"|\211#\230\332\267\312tMz^Q\312\266i\252}K\245\266\353\235YW"
 108      DAB7 CA74 
 108      4D7A 5E51 
 108      CAB6 69AA 
 108      7D4B A5B6 
 109 0118 D104 6BA5 		.ascii	"\321\004k\245\357J\213\241wJ\021\234\317\307\323\271\27451\227"
 109      EF4A 8BA1 
 109      774A 119C 
 109      CFC7 D3B9 
 109      BC35 3197 
 110 012c 5AB0 E299 		.ascii	"Z\260\342\231\231\204mYvz<Af6\225\260\263I\236M\n;\223\373\005"
 110      9984 6D59 
 110      767A 3C41 
 110      6636 95B0 
 110      B349 9E4D 
 111 0145 A035 79D0 		.ascii	"\2405y\320"
 112               		.text
 113               		.section	.gnu.lto_keymap_key_to_keycode.998caf1786c42e1f,"",@progbits
 114 0000 789C 6D92 		.string	"x\234m\222\337K\024Q\024\307\357\231;;\273\263\273n\366&i\340>,\"\225\272\004\325K\017\36
 114      DF4B 1451 
 114      14C7 EF99 
 114      3B3B BBB3 
 114      BB6E F626 
 115 0076 C810 1660 		.string	"\310\020\026`\365\022\324\303O).\301tb;zdK\322\250\f\335\205\265\231N\033\271"
 115      F512 D4C3 
 115      4F29 2EC1 
 115      7462 3B7A 
 115      644B D2A8 
 116 0093 A9E8 F66F 		.string	"\251\350\366o\207\027\345\354\036!\032\305\262\026\311\177'\2644\215K,!1\350\205\f\350\20
 116      8717 E5EC 
 116      1E21 1AC5 
 116      B216 C97F 
 116      27B4 348D 
 117 00f4 FF2E 8821 		.string	"\377.\210!\006\017 \213\352W\007\367n\245(\327\250<\223\246\302a\006@\301] -s\327cA\007w\
 117      060F 208B 
 117      EA57 07F7 
 117      6EA5 28D7 
 117      A83C 93A6 
 118 01e7 3A1B DAF5 		.string	":\033\332\365\260\nO\361f>\241\355\304\334\312\356\370\250\305\035\242\204\025\236A"
 118      B00A 4FF1 
 118      663E A1ED 
 118      C4DC CAEE 
 118      F8A8 C51D 
 119 0201 5018 33B0 		.string	"P\0303\260\335\215\365\017V#e\203\347\340\306\321\223\231\271\225\331\217f#c\207\be\314\3
 119      DD8D F50F 
 119      5623 6583 
 119      E7E0 C6D1 
 119      9399 B995 
 120 0227 3366 1806 		.ascii	"3f\030\0067\312x\001\365\373e\25089[\005\211<\332W\214\260\257"
 120      37CA 7801 
 120      F5FB 65A8 
 120      3839 5B05 
 120      893C DA57 
 121 023e E033 7C5C 		.ascii	"\3403|\\\372,\311j\363\007dgA@t\340-H\241\276\361U\355\263*c"
 121      FA2C C96A 
 121      F307 6467 
 121      4140 74E0 
 121      2D48 A1BE 
 122 0258 1A46 C0A9 		.ascii	"\032F\300\251\257\024[\rG\024\214\300(\310>n\305\314\030\320"
 122      AF14 5B0D 
 122      4714 8CC0 
 122      28C8 3E6E 
 122      C5CC 18D0 
 123 026c 114C FE48 		.ascii	"\021L\376H\274\2648/\356c\227;#\335v\235\215&\331\266\251\260"
 123      BCB4 382F 
 123      EE63 973B 
 123      23DD 769D 
 123      8D26 D9B6 
 124 0282 9F22 304E 		.ascii	"\237\"0N\254\r3\023:{w\376\325'\207\263\320`\035T\371v`\313o"
 124      AC0D 3313 
 124      3A7B 77FE 
 124      D527 87B3 
 124      D060 1D54 
 125 029b B093 4976 		.ascii	"\260\223Iv)\030t\021:E\250\212\211i\220\017\352\261\375s\207"
 125      2918 7411 
 125      3A45 A88A 
 125      8969 900F 
 125      EAB1 FD73 
 126 02b0 C8B5 B2EF 		.ascii	"\310\265\262\357\350\016\220v+\355\322\032\236.\3365\354\231"
 126      E80E 9076 
 126      2BED D21A 
 126      9E2E DE35 
 126      EC99 
 127 02c2 76B9 B6B8 		.ascii	"v\271\266\270\262\246\326\223[^V\347)\256.*\251\362x\252*sJ\230"
 127      B2A6 D693 
 127      5B5E 56E7 
 127      29AE 2E2A 
 127      A9F2 78AA 
 128 02da A9A2 B8AE 		.ascii	"\251\242\270\256\314\3131l)**.-\365\272\317\240\341-\273R[Qs"
 128      CCCB 316C 
 128      292A 2A2E 
 128      2DF5 BACF 
 128      A0E1 2DBB 
 129 02f2 ACA2 DA93 		.ascii	"\254\242\332\223\351\312\317;\231Yx\302\252\352\316\005r\254"
 129      E9CA CF3B 
 129      9959 78C2 
 129      AAEA CE05 
 129      72AC 
 130 0304 2AE3 E7BD 		.ascii	"*\343\347\275\370^e\222\233\375\001SQX\027"
 130      F85E 6592 
 130      9BFD 0153 
 130      5158 17
 131               		.text
 132               		.section	.gnu.lto_action_for_key.998caf1786c42e1f,"",@progbits
 133 0000 789C 7D58 		.ascii	"x\234}X\tXU\325\026>\373\234;qg@\313\212\034J2\254\034*K\233"
 133      0958 55D5 
 133      163E FB9C 
 133      3B71 6740 
 133      CB8A 1C4A 
 134 001a 6CD2 CFB2 		.ascii	"l\322\317\262\254g\331d\2239|V\242o\250\327\363\353\373\362 "
 134      AC67 D964 
 134      9339 7C56 
 134      A26F A8D7 
 134      F3EB FBF2 
 135 002f 5C34 8797 		.ascii	"\\4\207\227\206\263 \242\224\f\026\223\206\210\331\205\b\025"
 135      86B3 20A2 
 135      940C 1693 
 135      8688 D985 
 135      0815 
 136 0041 5144 D422 		.ascii	"QD\324\"\315H\005IQ\201\250\024\225\373\326Z{\237\3539\367\332"
 136      CD48 0549 
 136      5181 A814 
 136      95FB D65A 
 136      7B9F EB39 
 137 0057 BBDF C7CF 		.ascii	"\273\337\307\317\336\353\254\365\257a\257\275\367\275\307$1\t"
 137      DEEB ACF5 
 137      AF61 AFBD 
 137      F7BD C724 
 137      3109 
 138 0069 3FC7 AF95 		.ascii	"?\307\257\225\244q\360\277/LY7\211\311\213\366JR\202M\216\214"
 138      A471 F0BF 
 138      2F4C 5937 
 138      89C9 8BF6 
 138      4A52 824D 
 139 007f AA36 49AA 		.ascii	"\2526I\252\315B\030M\250\020\232\b\315\204VB\033a\004\241\235"
 139      CD42 184D 
 139      A810 9A08 
 139      CD84 5642 
 139      1B61 04A1 
 140 0094 D041 E824 		.ascii	"\320A\350$t\021\272\t=\204^\302H\316\311\242\271C\22360k\003"
 140      7411 BA09 
 140      3D84 5EC2 
 140      48CE C9A2 
 140      B943 9336 
 141 00ab 8B36 B06A 		.ascii	"\2136\260j\003\233"
 141      039B 
 142 00b1 3688 D006 		.string	"6\210\320\006vm\340\320\006Nm\340\322\006nm\340\321\006^m\020\251\r\242\264A4c8PmL\232%+&
 142      766D E0D0 
 142      064E 6DE0 
 142      D206 6E6D 
 142      E0D1 065E 
 143 01b2 19FD 565C 		.ascii	"\031\375V\\\230\313\204\321\327\232Q\341U\214\346\225\244\354"
 143      98CB 84D1 
 143      D79A 51E1 
 143      558C E695 
 143      A4EC 
 144 01c4 62CA FD64 		.ascii	"b\312\375d\264k\336O6\264QU\377\366\356d#\263M\306\344\204Uq"
 144      B46B DE4F 
 144      36B4 5155 
 144      FFF6 EE64 
 144      23B3 4DC6 
 145 01dc 6D4A AE49 		.string	"mJ\256Iy\224\254\376\314h?\356\024ym\342ff\366\325U\315\216\025t-uY\222\320CoV\314b\331f\
 145      7994 ACFE 
 145      CC68 3FEE 
 145      1479 6DE2 
 145      6666 F6D5 
 146 02dd C240 8441 		.ascii	"\302@\204A\b\203\021\356D\270\013\341n\204!h|\017\031\337\213"
 146      0883 11EE 
 146      44B8 0BE1 
 146      6E84 2168 
 146      7C0F 19DF 
 147 02f2 C643 5138 		.ascii	"\306CQ8\f\341>\204\373\021\036@x\020\341!\204\341\b\017#<\202"
 147      0CE1 3E84 
 147      FB11 1E40 
 147      7810 E121 
 147      84E1 080F 
 148 0309 C68F E2E8 		.ascii	"\306\217\342\3501\204\307\021F\240l$R\215\222p\005\237@\341\223"
 148      3184 C711 
 148      46A0 6C24 
 148      528D 9270 
 148      059F 40E1 
 149 031e 08A3 119E 		.ascii	"\b\243\021\236\302\307O#\214Ax\006\025\237E\030K\332\317\241"
 149      C2C7 4F23 
 149      8C41 7806 
 149      159F 4518 
 149      4BDA CFA1 
 150 0332 F079 9C8F 		.ascii	"\360y\234\217\243\230^@\233\027\021^Bx\031\341\025\204\361\250"
 150      A398 5E40 
 150      9B17 115E 
 150      4278 19E1 
 150      1584 F1A8 
 151 0346 F82A C26B 		.ascii	"\370*\302k\250\375:\302\233D1\001\037\277\2050\021\037OB\230"
 151      A8FD 3AC2 
 151      9B44 3101 
 151      1FBF 8530 
 151      111F 4F42 
 152 035b 8C30 0561 		.ascii	"\2140\005a*-\375\333"
 152      2A2D FDDB 
 153 0363 B8A8 EF20 		.string	"\270\250\357 \274\2130\r\3273\036a:\303\307\222\324\n\035\206\347Z\233,\343\177\245\231\3
 153      BC8B 300D 
 153      D733 1E61 
 153      3AC3 C792 
 153      D40A 1D86 
 154 0464 4D25 D260 		.ascii	"M%\322`\nl'\247\311k\355l\026f\333q\336\030\b(|\232\205\323u"
 154      0A6C 27A7 
 154      C96B ED6C 
 154      1666 DB71 
 154      DE18 0828 
 155 047d 0D17 7778 		.ascii	"\r\027wx4\232.\242\251\002\232]HcB\232\335\234\246+m\345\034"
 155      349A 2EA2 
 155      A902 9A5D 
 155      4863 429A 
 155      DD9C A62B 
 156 0494 91D4 499C 		.ascii	"\221\324I\234\037:\360u\006\343\363\006\234\267g\234\317\226"
 156      1F3A F075 
 156      06E3 F306 
 156      9CB7 679C 
 156      CF96 
 157 04a6 359E 56E2 		.ascii	"5\236V\342\331\003<\325\301\254\366r\236\272\304\212\032\341"
 157      D903 3CD5 
 157      C1AC F672 
 157      9EBA C48A 
 157      1AE1 
 158 04b8 3F80 F3B9 		.ascii	"?\200\363\271-\371\365\"\27438_\235_\261;\030\317\n\252\360>"
 158      2DF9 F522 
 158      BC33 385F 
 158      9D5F B13B 
 158      18CF 0AAA 
 159 04ce E0A9 411E 		.ascii	"\340\251A\0363\362\324r\236\232\244\213}\004\315pt\337\230p^"
 159      33F2 D472 
 159      9E9A A48B 
 159      7D04 CD70 
 159      74DF 9870 
 160 04e3 E673 156F 		.ascii	"\346s\025o\320\254\272\355\215\021\032\315WDS\0074\373\221\306"
 160      D0AC BAED 
 160      8D11 1ACD 
 160      5744 5307 
 160      34FB 91C6 
 161 04f7 8234 0738 		.ascii	"\2024\0078\315w\233j>\0204\3518\367u.\375\331#xT\024Tm\374\274"
 161      CD77 9B6A 
 161      3E10 34E9 
 161      38F7 752E 
 161      FDD9 2378 
 162 0511 CDAE 112D 		.ascii	"\315\256\021-\263\"\321! :\210DV$\372\236\023e\2505{D}\002\031"
 162      B322 D121 
 162      203A 8844 
 162      5624 FA9E 
 162      1365 A835 
 163 052a 2858 50DB 		.ascii	"(XP\333\266J$\252\256E\201Z[_\030\f)\225\230\352\201\351\007"
 163      B64A 24AA 
 163      AE45 815A 
 163      5B5F 180C 
 163      2995 98EA 
 164 0541 64B2 21D3 		.ascii	"d\262!\323\217\234iWkI\262\250l`=\n\262\327\037+\326\230\326"
 164      8F9C 6957 
 164      6B49 B2A8 
 164      6C60 3D0A 
 164      B2D7 1F2B 
 165 0558 51D0 DBB6 		.ascii	"Q\320\333\266f(\032\323\026b:\002L\207\221)\002\231~\342L{v_"
 165      6628 1AD3 
 165      1662 3A02 
 165      4C87 9129 
 165      0299 7EE2 
 166 0570 1826 88A8 		.ascii	"\030&\210\250c\3626\236\336`\023D\324\231\2459\353R\255\032\321"
 166      63F2 369E 
 166      DE60 1344 
 166      D499 A539 
 166      EB52 AD1A 
 167 0585 7E22 FA19 		.ascii	"~\"\372\031\210\216\"\221\035\211\0328\321\372\205\207\367k\213"
 167      888E 2291 
 167      1D89 1A38 
 167      D1FA 8587 
 167      F76B 8B
 168 0598 46        		.ascii	"F"
 169 0599 BD18 E86C 		.string	"\275\030\350l)\023{K\375\034\005\305\247v\327\004\267\322\021b:\006L\277 \223\003\231\216
 169      2913 7B4B 
 169      FD1C 05C5 
 169      A776 D704 
 169      B7D2 1162 
 170 069a 3048 EC37 		.string	"0H\3547:xm>\b\263\211%\236\267pu\007X\340~\300\323W\375\227v\370&\322\222\267\311&\243g\0
 170      3A78 6D3E 
 170      08B3 8925 
 170      9EB7 7075 
 170      0758 E07E 
 171 0730 99AE 26D1 		.ascii	"\231\256&\321\240\006:?&\255=\251\235a~\370\352\032\3561\232"
 171      A006 3A3F 
 171      26AD 3DA9 
 171      9D61 7EF8 
 171      EA1A EE31 
 172 0745 3C46 183D 		.ascii	"<F\030=\332\220\252=\2712m\025\343t\335\270\313\332\244\374T"
 172      DA90 AA3D 
 172      B932 6D15 
 172      E374 DDB8 
 172      CBDA A4FC 
 173 075a DAFC 3658 		.ascii	"\332\3746X\252\363\344\021V\361\200\302\225\272\203\036\205*"
 173      AAF3 E411 
 173      56F1 80C2 
 173      95BA 831E 
 173      852A 
 174 076c 62B8 0644 		.ascii	"b\270\006D\330\236\251+s\351\200P\230\302.P\004\374\266.@\377"
 174      D89E A92B 
 174      73E9 8050 
 174      98C2 2E50 
 174      04FC B62E 
 175 0782 D770 8EAA 		.ascii	"\327p\216\252\033\271\315\265\211\"]\301\321\003D\300\001'/\377"
 175      1BB9 CDB5 
 175      8922 5DC1 
 175      D103 44C0 
 175      0127 2FFF 
 176 0796 51A4 300F 		.ascii	"Q\2440\017\353\324q\024!G\017\316q(\355?\334\350:N\233\330*H"
 176      EBD4 7114 
 176      2147 0FCE 
 176      7128 ED3F 
 176      DCE8 3A4E 
 177 07ae AE07 1190 		.ascii	"\256\007\021\220\254*\355\2502\363\350m\354\242\261^7\200\026"
 177      AC2A EDA8 
 177      32F3 E86D 
 177      ECA2 B15E 
 177      3780 16
 178 07c1 F650 DEB1 		.ascii	"\366P\336\261t\027WQ{\260K\\'_\350"
 178      7417 5751 
 178      7BB0 4B5C 
 178      275F E8
 179 07d0 C480 277D 		.string	"\304\200'}\021\254P\204\313\242\bb\007\335\bZz\317=A\204\347x\346\326KNNkf]F\317\275\310y
 179      11AC 5084 
 179      CBA2 0862 
 179      07DD 085A 
 179      7ACF 3D41 
 180 08b0 C45A 5B51 		.string	"\304Z[Q\t\336\326\227@\020\r\004\261~i\007\201\210\335n\350\253\301\324"
 180      09DE D697 
 180      4010 0D04 
 180      B17E 6907 
 180      8188 DD6E 
 181 08c9 83F4 5A77 		.string	"\203\364Zw\2424d\305\357\"\217w\352Ew\2034|\205\207\300\003c\235\206P\235\234\306:9\270Uy
 181      A234 64C5 
 181      EF22 8F77 
 181      EA45 7783 
 181      347C 8587 
 182 0978 4D63 E423 		.ascii	"Mc\344#(r\2671r\027\267j\312\022w\317H~Q'\361+$Q\031\025vU{\003"
 182      2872 B731 
 182      7217 B76A 
 182      CA12 77CF 
 182      487E 5127 
 183 0996 70C3 4A2C 		.ascii	"p\303J,Y\306\253z\244\017\2564\315K\036z\031\025\314q\032\267"
 183      59C6 AB7A 
 183      A40F AE34 
 183      CD4B 1E7A 
 183      1915 CC71 
 184 09ac DEE6 CFA8 		.ascii	"\336\346\317\2501\363\243\275\027\233\243\205yVs\370\004(\352"
 184      31F3 A3BD 
 184      179B A385 
 184      7956 73F8 
 184      0428 EA
 185 09bf 537E 1244 		.ascii	"S~\022D\241)\217\0061\276\332Ih\371V\353\026\277\304\346j\\\325"
 185      A129 8F06 
 185      31BE DA49 
 185      68F9 56EB 
 185      16BF C4E6 
 186 09d6 22E5 A740 		.ascii	"\"\345\247@\323\230\362S\224\262\307\230\262\233\334%\037\312"
 186      D398 F253 
 186      94B2 C798 
 186      B29B DC25 
 186      1FCA 
 187 09e8 1611 3C8D 		.ascii	"\026\021<\215k\021\342q\f\210\361\r\324\352U\225\342\273Yk\031"
 187      6B11 E271 
 187      0C88 F10D 
 187      D4EA 5595 
 187      E2BB 596B 
 188 09fd DC74 72D8 		.ascii	"\334tr\330\365:\206<x\215\036<\"\307l\261\254\317\204\\z\317"
 188      F53A 863C 
 188      788D 1E3C 
 188      22C7 6CB1 
 188      ACCF 845C 
 189 0a13 8288 6E39 		.ascii	"\202\210n9,\264\370\031<\366\257\n=\217\n\375lX\241\307\362;"
 189      2CB4 F819 
 189      3CF6 AF0A 
 189      3D8F 0AFD 
 189      6C58 A1C7 
 190 0a29 FC8F 6CED 		.ascii	"\374\217l\355\016\177\016\363\b\273\264\237\207\007z\337\343"
 190      0E7F 0EF3 
 190      08BB B49F 
 190      8707 7ADF 
 190      E3
 191 0a3a 4014 7EC3 		.ascii	"@\024~\303\216\023G\264\026\361\013\\\024\\\225\027A$j\024\334"
 191      8E13 47B4 
 191      16F1 0B5C 
 191      145C 9517 
 191      4124 6A14 
 192 0a4f 8E2F 8918 		.ascii	"\216/\211\030\264\232\275Lj/\351E\257\200\024\177\276\246\034"
 192      B49A BD4C 
 192      6A2F E945 
 192      AF80 147F 
 192      BEA6 1C
 193 0a62 DD6D 150B 		.ascii	"\335m\025\013\267\366#6?\264W\307\203\246q\341\306SY"
 193      B7F6 2336 
 193      3FB4 57C7 
 193      83A6 71E1 
 193      C653 59
 194 0a75 238D 65F5 		.string	"#\215e\365\362\214\233r\266\213\214_\275\262r\300vD\260\275\006\017\364\031\277\016\"j<][
 194      F28C 9B72 
 194      B68B 8C5F 
 194      BDB2 72C0 
 194      7644 B0BD 
 195 0b76 3F1E 3CA6 		.string	"?\036<\246\244\301\360\375\336|`0~}\267,\201[3\322z\0020\332V\001\227Sl\304\306\322f\210.
 195      A4C1 F0FD 
 195      DE7C 6030 
 195      7E7D B72C 
 195      815B 33D2 
 196 0c1c EC18 9848 		.ascii	"\354\030\230H"
 197               		.text
 198               		.section	.gnu.lto_keymap_function_id_to_action.998caf1786c42e1f,"",@progbits
 199 0000 789C 6D52 		.string	"x\234mR\337K\223Q\030>\3579\337~\371cy)\351\305v1D\212r7Q\027]\330\237\020]DDC\246\201\35
 199      DF4B 9351 
 199      183E EF39 
 199      DF7E F963 
 199      7929 E9C5 
 200 0076 1DA4 1558 		.string	"\035\244\025X\230C\030~\360\002\207)c=\273k\215G\250\f\341B~&VJ\020\240\002ar=\363N\253\3
 200      9843 187E 
 200      F002 8729 
 200      633D BB6B 
 200      8D47 A80C 
 201 00b3 B558 BBB9 		.string	"\265X\273\271\034\033-\021U\300\360\334\225\2761b\252\271E<\031\233\346\262\016Y\220"
 201      1C1B 2D11 
 201      55C0 F0DC 
 201      95BE 3162 
 201      AAB9 453C 
 202 00cf B19D 4842 		.ascii	"\261\235HB0\b5T\237K\377\276Zn\276 q9H\035E\223`\306n\310\323"
 202      3008 3554 
 202      9F4B FFBE 
 202      5A6E BE20 
 202      7139 481D 
 203 00ea DC95 E984 		.ascii	"\334\225\351\204]\324(\341\325\205\237\005\263\253\217\204\263"
 203      5DD4 28E1 
 203      D585 9F05 
 203      B3AB 8F84 
 203      B3
 204 00fb 9B97 ED11 		.ascii	"\233\227\355\021\231\355p\220\366\335\235\332\264`\b\\\310X\234"
 204      99ED 7090 
 204      F6DD 9DDA 
 204      B460 085C 
 204      C858 9C
 205 010e 994D 9789 		.ascii	"\231M\227\211:\305\236\327W\f[\221-\273\244\204\"7\365\037\356"
 205      3AC5 9ED7 
 205      570C 5B91 
 205      2DBB A484 
 205      2237 F51F 
 206 0123 30B8 5247 		.ascii	"0\270RG\263\3220t\231\375P:\250\033\327\300\002@v9\032\027B\251"
 206      B3D2 3074 
 206      99FD 503A 
 206      A81B D7C0 
 206      0240 7639 
 207 013b 6BAA CEA4 		.ascii	"k\252\316\244\316\214\345\3216\315w\205s\372\212O\320\271q\361"
 207      CE8C E5D1 
 207      36CD 7785 
 207      73FA 8A4F 
 207      D0B9 71F1 
 208 014f 5BEA E03F 		.ascii	"[\352\340?\355Q1\321T\207xS\032\314\272\2406\243\221gs\026\032"
 208      ED51 31D1 
 208      5487 7853 
 208      1ACC BAA0 
 208      36A3 9167 
 209 0166 BDA6 BCEA 		.ascii	"\275\246\274\352\033\223"
 209      1B93 
 210 016c ABF6 7041 		.string	"\253\366pA\366JY\201\261K\370\246\024~}}\260%\016\261\216\036\0256A\006\037\362\036\271\3
 210      F64A 5981 
 210      B14B F8A6 
 210      147E 7D7D 
 210      B025 0EB1 
 211 026d 1E02 4D67 		.ascii	"\036\002MgC\255\301\335\255\355>\207\253\276n\257\343\304\236"
 211      43AD C1DD 
 211      ADED 3E87 
 211      ABBE 6EAF 
 211      E3C4 9E
 212 0280 129B 0247 		.ascii	"\022\233\002G\b\224\330\2308\034\300}\236q7\373\003r)\023\016"
 212      0894 D898 
 212      381C C07D 
 212      9E71 37FB 
 212      0372 2913 
 213               		.text
 214               		.section	.gnu.lto_fn_actions.998caf1786c42e1f,"",@progbits
 215 0000 789C 6361 		.string	"x\234ca`d"
 215      6064 00
 216 0007 0151 2086 		.string	"\001Q \206\260\030\030\37621\236zp\366\032\243\305\266\206\016\205Vf\240\304rF\013\006"
 216      B018 18FE 
 216      3231 9E7A 
 216      70F6 1AA3 
 216      C5B6 860E 
 217 0025 74E7 07E9 		.ascii	"t\347\007\351"
 218               		.text
 219               		.section	.gnu.lto_.symbol_nodes.998caf1786c42e1f,"",@progbits
 220 0000 789C 5D8E 		.ascii	"x\234]\216;\016\3020\020\005\307q>\226\240\342\004p\020\316\266"
 220      3B0E C230 
 220      1005 C771 
 220      3E96 A0E2 
 220      0470 10CE 
 221 0015 A681 962B 		.ascii	"\246\201\226+\020\270\004\224(5\202\033P A\217\370\006\022\354"
 221      10B8 0494 
 221      2835 821B 
 221      5020 418F 
 221      F806 12EC 
 222 0029 4448 986D 		.ascii	"DH\230mFz\363V\2731\212\0327\321\021\201\351\006\217\245\235"
 222      467A F356 
 222      BB31 8A1A 
 222      37D1 1181 
 222      E906 8FA5 
 223 003e 590D 4905 		.ascii	"Y\rI\005\266\347\345\tQ\377\262F\265\362\206D_\271\262\003\227"
 223      B6E7 E509 
 223      51FF B246 
 223      B5F2 8644 
 223      5FB9 B203 
 224 0053 DC11 1D26 		.ascii	"\334\021\035&\017$\016\222\344M\324\367\333\027$\t\273O$\r\273"
 224      0F24 0E92 
 224      E44D D4F7 
 224      DB17 2409 
 224      BB4F 240D 
 225 0068 57F4 C89F 		.ascii	"W\364\310\237R/$k\224{\314\272uU\"\3467\320&%\337WJ\233.\207"
 225      522F 246B 
 225      947B CCBA 
 225      7555 22E6 
 225      37D0 2625 
 226 0082 8690 8F87 		.ascii	"\206\220\217\207\332D\254'\016\035\212\3636\363\\\224-\213\371"
 226      DA44 AC27 
 226      0E1D 8AF3 
 226      36F3 5C94 
 226      2D8B F9
 227 0095 2EE3 03D6 		.ascii	".\343\003\326\264A\252"
 227      B441 AA
 228               		.text
 229               		.section	.gnu.lto_.refs.998caf1786c42e1f,"",@progbits
 230 0000 789C 6361 		.string	"x\234ca`d\020e`"
 230      6064 1065 
 230      6000 
 231 000a 920C 8C6C 		.string	"\222\f\214l\214L\f\314l\214lL\354l\214\234L\\\214\f"
 231      8C4C 0CCC 
 231      6C8C 6C4C 
 231      EC6C 8C9C 
 231      4C5C 8C0C 
 232 001f 04F9 00   		.string	"\004\371"
 233 0022 5C        		.ascii	"\\"
 234               		.text
 235               		.section	.gnu.lto_.decls.998caf1786c42e1f,"",@progbits
 236 0000 789C 9D5A 		.string	"x\234\235ZyPTI\232\257|Y\305Q\024\340A\367:\273DO\357\214\023AGL\210mGl\354Dl\304\366lo\3
 236      7950 5449 
 236      9AAF 7C59 
 236      C551 14E0 
 236      41F7 3ABB 
 237 0092 DA06 1403 		.string	"\332\006\024\003t\004(\021(\031H\013\317S\341z\032\250\f\250\016iT\037\302\303\th\033\220
 237      7404 2811 
 237      2819 480B 
 237      CF53 E17A 
 237      1AA8 0CA8 
 238 0160 0D72 59E1 		.ascii	"\rrY\341\360\317\201\313\330\306\363M\312I\222\177[\341:\004"
 238      F0CF 81CB 
 238      D8C6 F34D 
 238      CA49 927F 
 238      5BE1 3A04 
 239 0174 D761 A011 		.ascii	"\327a\240\021\240Q\2401\240q\240\t\240I\240\033@S@\323@7\201"
 239      A051 A031 
 239      A071 A009 
 239      A049 A01B 
 239      4053 40D3 
 240 018b 6E01 9981 		.ascii	"n\001\231\201f\200f\201n[\331Cr\333\331\312w\304Ww\210\236V>"
 240      6680 6681 
 240      6E5B D943 
 240      72DB D9CA 
 240      77C4 5777 
 241 01a3 9262 70   		.ascii	"\222bp"
 242 01a6 84EB 6B93 		.string	"\204\353k\223\373\274\277\366\r\271\261.\240\204\261SG\234o\240\t$ \215\304\025I\027Dni\0
 242      FBBC BFF6 
 242      0DB9 B12E 
 242      A084 B153 
 242      479C 6FA0 
 243 02a7 CDC1 C5DE 		.ascii	"\315\301\305\336,\027hz\350\321\026\320\270\245\256\243\b#/="
 243      2C17 687A 
 243      E8D1 16D0 
 243      B8A5 AEA3 
 243      0823 2F3D 
 244 02bb 55C5 94A8 		.ascii	"U\305\224\250\027\005T\003b.\310z\354%zP\203\372EQ\017\006U\201"
 244      1705 5403 
 244      622E C87A 
 244      EC25 7A50 
 244      83FA 4551 
 245 02d3 F617 417B 		.ascii	"\366\027A{T\r&\355\345&UBg\005t\202\204\265\230\372\030\307\035"
 245      540D 26ED 
 245      E526 5542 
 245      6705 7482 
 245      84B5 98FA 
 246 02ea 2994 A128 		.ascii	")\224\241(\276\217(C\346\005\r\252E;\340\1779\3222\343\272^\214"
 246      BE8F 2843 
 246      E605 0DAA 
 246      453B E07F 
 246      39D2 32E3 
 247 0301 2DE3 5FE4 		.ascii	"-\343_\344\210\375\025\242\271\272\303'\242(\\\254\200q\277\243"
 247      88FD 15A2 
 247      B9BA C327 
 247      A228 5CAC 
 247      8071 BFA3 
 248 0315 4074 56D6 		.ascii	"@tV\326\002n\311\245\bAQ\241:\364\013\030\033s\376Q0\366\243"
 248      026E C9A5 
 248      0841 51A1 
 248      3AF4 0B18 
 248      1B73 FE51 
 249 032c 36F6 2614 		.ascii	"6\366&\024\245\t\214\215\251\241O`<(\213z\231E\275\222E\003"
 249      A509 8C8D 
 249      A9A1 4F60 
 249      3C28 8B7A 
 249      9945 BD92 
 250 0342 6591 9030 		.string	"e\221\2200^\352\200\303(\217kS\363%:\034\215h\243\"\363\325\200\0238\0355\321Av\302\2606\
 250      5EEA 80C3 
 250      288F 6B53 
 250      F325 3A1C 
 250      8D68 A322 
 251 0443 0D8F 35B7 		.string	"\r\2175\267\351\341\217c\325\356\270\223j.\344/e\305b\264}s\275\321\020\250kOu&d\303"
 251      E9E1 8F63 
 251      D5EE B893 
 251      6A2E E42F 
 251      65C5 62B4 
 252 0464 B531 0890 		.ascii	"\2651\b\220\0019\245\210H*)\326\024\327\256\307\375T\222n\272"
 252      0139 A588 
 252      482A 29D6 
 252      14D7 AEC7 
 252      FD54 926E 
 253 0479 AE23 DB91 		.ascii	"\256#\333\221\370\210;)\221\013k\005a&\352\244\021.i\002$\215"
 253      F888 3B29 
 253      910B 6B05 
 253      6126 EAA4 
 253      112E 6902 
 254 048f 82A4 31A0 		.ascii	"\202\2441\240q\331Q -\365\207(\321\324\212\250\300n\020HFX\224"
 254      71D9 5120 
 254      2DF5 8728 
 254      D1D4 8AA8 
 254      C06E 1048 
 255 04a6 F5B6 7254 		.ascii	"\365\266rT\332V\342(\022\323v\016\345\216b!Q 3\336!HR\220\303"
 255      DA56 E228 
 255      12D3 760E 
 255      E58E 6221 
 255      5120 33DE 
 256 04bf D64C 2F23 		.ascii	"\326L/#+\257\236\364'^\035\261\361\352\310\302\352\003=\036a"
 256      2BAF 9EF4 
 256      275E 1DB1 
 256      F1EA C8C2 
 256      EA03 3D1E 
 257 04d4 5EED 2E6A 		.ascii	"^\355.j\314qA^\333\331\220,W\360\321\024p\235\224}4B}\264\251"
 257      CC71 415E 
 257      DBD9 902C 
 257      57F0 D114 
 257      709D 947D 
 258 04ed 23A0 12BD 		.ascii	"#\240\022\275\336\350\013\220v\347ei\203\033\253\021\007h6\326"
 258      DEE8 0B90 
 258      76E7 6569 
 258      831B AB11 
 258      0768 36D6 
 259 0501 3675 E858 		.ascii	"6u\350X9\355\206f\367\271\256\t\0356\263D\035\210\254\310\304"
 259      39ED 8666 
 259      F7B9 AE09 
 259      1D36 B344 
 259      1D88 ACC8 
 260 0516 EC99 5651 		.ascii	"\354\231VQ]\036\254\272:r6J\\\361"
 260      5D1E ACBA 
 260      3A72 364A 
 260      5CF1 
 261 0524 1DA4 9A14 		.string	"\035\244\232\024=\330\2448\023\237\323\251\307\013\354Yb\327\245(\214\237\263F\375r\362\2
 261      3DD8 A438 
 261      139F D3A9 
 261      C70B EC59 
 261      62D7 A528 
 262 0625 5F92 AB60 		.ascii	"_\222\253`\236\317\024\332\234b\363\013\007y\002\225J\342&\250"
 262      9ECF 14DA 
 262      9C62 F30B 
 262      0779 0295 
 262      4AE2 26A8 
 263 0639 394D 2BF0 		.ascii	"9M+\360\031\227\263\006r\236\003\357U\325\2740\035\020I\347\005"
 263      1997 B306 
 263      729E 03EF 
 263      55D5 BC30 
 263      1D10 49E7 
 264 064e C2FE 16B0 		.ascii	"\302\376\026\260\177&\373\325\244*v\300N\344\242p\n&\025\331"
 264      7F26 FBD5 
 264      A42A 76C0 
 264      4EE4 A270 
 264      0A26 15D9 
 265 0662 C6C1 96DA 		.ascii	"\306\301\226\332\263\236D\307\250[\237\331\224{\332\275\343\245"
 265      B39E 44C7 
 265      A85B 9FD9 
 265      947B DABD 
 265      E3A5 
 266 0674 065C C59C 		.ascii	"\006\\\305\234\364\264g,\332]r\222\265\356\350\025\250lO}&\344"
 266      F4B4 672C 
 266      DA5D 7292 
 266      B5EE E815 
 266      A86C 4F7D 
 267 068a 0971 CD4B 		.ascii	"\tq\315K\200\274\220]\363L\232D[:\312\037\"C\234e\253A\201\362"
 267      80BC 905D 
 267      F34C 9A44 
 267      5B3A CA1F 
 267      2243 9C65 
 268 06a2 CAB2 8E0C 		.ascii	"\312\262\216\f\\\245\272\321\362\223\016t\335\205>\324\302\326"
 268      5CA5 BAD1 
 268      F293 0E74 
 268      DD85 3ED4 
 268      C2D6 
 269 06b4 DD82 ACB8 		.ascii	"\335\202\254\270\243n\330\304\364\2343\213\017\\7\337\210\205"
 269      A36E D8C4 
 269      F49C 338B 
 269      0F5C 37DF 
 269      8885 
 270 06c6 0BF6 3662 		.ascii	"\013\3666b\225\243\177WL\326JQ ;=\213~\245\210\357\304\312\316"
 270      95A3 7F57 
 270      4CD6 4A51 
 270      203B 3D8B 
 270      7EA5 88EF 
 271 06dd A5BF 74D6 		.ascii	"\245\277t\326s\226\211oa\t\370K%\325\351\006\245=\207\200\261"
 271      7396 896F 
 271      6109 F84B 
 271      25D5 E906 
 271      A53D 8780 
 272 06f2 6C4F 8420 		.ascii	"lO\204 \331S\333\223\337\354\244\3341\301#KuF\nd\307\364Z\332"
 272      D953 DB93 
 272      DFEC A4DC 
 272      31C1 234B 
 272      7546 0A64 
 273 070a 31FD B8B0 		.ascii	"1\375\270\260\226\347\006[\235\234\034P85`\266\030vL9\242\370"
 273      96E7 065B 
 273      9D9C 1C50 
 273      3835 60B6 
 273      1876 4C39 
 274 0720 3105 A246 		.ascii	"1\005\242FImt\tiIK\336\361D\tt\323\024\2336\355\214\303\361\337"
 274      496D 7409 
 274      6949 4BDE 
 274      F144 0974 
 274      D314 9B36 
 275 0739 BCCB 392C 		.ascii	"\274\3139,hmC\020\313:\253\312\213{\221\322\216/\337\265\230"
 275      686D 4310 
 275      CB3A ABCA 
 275      8B7B 91D2 
 275      8E2F DFB5 
 276 074e 114F CD88 		.ascii	"\021O\315\210\023\270\031i\223?\036\32123L\215\361\357\301b\027"
 276      13B8 1969 
 276      933F 1ED1 
 276      3233 4C8D 
 276      F1EF C162 
 277 0763 1E0E 3B13 		.ascii	"\036\016;\023\002C\321\202dD\214\240%-\331\210#\324\210\274\263"
 277      0243 D182 
 277      6444 8CA0 
 277      252D D988 
 277      23D4 88BC 
 278 0778 57CD 0E38 		.ascii	"W\315\0168\311\236\021\342`F\264\236\352FVOfD\305\323{\225n\026"
 278      C99E 11E2 
 278      6046 B49E 
 278      EA46 564F 
 278      6644 C5D3 
 279 0790 238E 317D 		.ascii	"#\2161}\007\023n\346\013\366v\252IT\341DI\341!so\t\331b\232A"
 279      0713 6EE6 
 279      0BF6 76AA 
 279      4954 E144 
 279      49E1 2173 
 280 07aa E181 F89D 		.ascii	"\341\201\370\235\026\205\001\206\022,\n\037\005\205\023\224\n"
 280      1685 0186 
 280      122C 0A1F 
 280      0585 1394 
 280      0A
 281 07bb 2753 854B 		.ascii	"'S\205K^>Js\303EL\341\267\253w\202\2517S\322\026"
 281      5E3E 4A73 
 281      C345 4CE1 
 281      B7AB 7782 
 281      A937 53D2 
 282 07d0 EB80 6BD8 		.ascii	"\353\200k\330\250\231\341\2154-nd\215[=\321m\0026\261FMQ\302"
 282      A899 E18D 
 282      342D 6E64 
 282      8D5B 3DD1 
 282      6D02 36B1 
 283 07e8 238C DB69 		.ascii	"#\214\333i\303!\262{2W\017\353\t,(^l5\311>\035\220\034\025n\232"
 283      C321 B27B 
 283      3257 0FEB 
 283      092C 285E 
 283      6C35 C93E 
 284 0802 A54B 0E4A 		.ascii	"\245K\016J\005U\263\004yZ\334\315\246\305LA\232\026\331Dz!^\220"
 284      0555 B304 
 284      795A DCCD 
 284      A6C5 4C41 
 284      9A16 D944 
 285 081a 46A4 D91F 		.ascii	"F\244\331\037\241\230k"
 285      A198 6B
 286 0821 6A7B 8428 		.string	"j{\204(\361\260+\371\266@\321\233\354U6\337xEs\366d\316\310\206::\r|O\001e\b\312\205\247\
 286      F1B0 2BF9 
 286      B640 D19B 
 286      EC55 36DF 
 286      7845 73F6 
 287 0922 6FA0 42CE 		.string	"o\240B\316\355\214`\321\230\026q\211\224\f\340\256\223I\315\343\2168B\213\224\337\316<\35
 287      ED8C 60D1 
 287      9816 7189 
 287      940C E0AE 
 287      9349 CDE3 
 288 09ab D580 B308 		.ascii	"\325\200\263\b\370\202\240\212X\243\344\253\315\003\326\300G"
 288      F882 A08A 
 288      58A3 E4AB 
 288      CD03 D6C0 
 288      47
 289 09bc 9180 B540 		.ascii	"\221\200\265@\300\232\001\336\004dR\025\350\2538\370\326\375"
 289      C09A 01DE 
 289      0464 5215 
 289      E8AB 38F8 
 289      D6FD 
 290 09ce 2F94 5F21 		.ascii	"/\224_!\037\240.\317Fuy\276\214\243\001\276\264Y\200"
 290      1FA0 2ECF 
 290      4675 79BE 
 290      8CA3 01BE 
 290      B459 80
 291 09e1 937A 98CE 		.string	"\223z\230\316\340]\232\301\204\331\f\262\321\031\314`\001\316\312>\372\332\200\363X\200\3
 291      E05D 9AC1 
 291      84D9 0CB2 
 291      D119 CC60 
 291      01CE CA3E 
 292 0ae2 6F40 00   		.string	"o@"
 293 0ae5 A781 EF14 		.string	"\247\201\357\024\320\004\320(\320$\320\210\252\242\306\272\345*\270\316GKU\340-+\307\252\
 293      D004 D028 
 293      D024 D088 
 293      AAA2 C6BA 
 293      E52A B8CE 
 294 0b18 8281 FA38 		.string	"\202\201\3728\273=6\362\225\356\034\224\0030d\025"
 294      BB3D 36F2 
 294      95EE 1C94 
 294      0330 6415 
 294      00
 295 0b29 6F2B 7792 		.ascii	"o+w\222\023\247\256\310\034\035~\315\352\261\260:{\331Q\271o"
 295      13A7 AEC8 
 295      1C1D 7ECD 
 295      EAB1 B03A 
 295      7BD9 51B9 
 296 0b3e 3135 A9A3 		.ascii	"15\251\2439k\033\315\031+\361\r\362\210\313\366G(\242\331\242"
 296      396B 1BCD 
 296      192B F10D 
 296      F288 CBF6 
 296      4728 A2D9 
 297 0b53 88E6 EC4F 		.ascii	"\210\346\354O\211\346M\316\236D\363\016D\3636\321"
 297      89E6 4DCE 
 297      9E44 F30E 
 297      44F3 36D1 
 298 0b63 04E8 962A 		.string	"\004\350\226*\202\365\312\262/\344C\324e?\243\236\025kY8fm6-/\037\234\230@l\3312\220\243\
 298      82F5 CAB2 
 298      2FE4 43D4 
 298      653F A39E 
 298      156B 5938 
 299 0c64 66A7 9764 		.string	"f\247\227d\227\236\002\022D\354a'\224\200~\336\r[\207\335tAj}\0336\263\207b\311\226/\347m
 299      979E 0212 
 299      44EC 6127 
 299      9480 7EDE 
 299      0D5B 87DD 
 300 0ccd 3D07 5A57 		.string	"=\007ZW\245CV\234;\013V\rO\007;\202Y*\234\3526\220T"
 300      A543 569C 
 300      3B0B 560D 
 300      4F07 3B82 
 300      592A 9CEA 
 301 0ce5 8C55 1165 		.ascii	"\214U\021e\347w\301Z]B\353F\270q\353a\267;\362\360\332TY\024"
 301      E777 C15A 
 301      5D42 EB46 
 301      B871 EB61 
 301      B73B F2F0 
 302 0cfd 053A FE2D 		.ascii	"\005:\376-\3722\r\206z\020\321 \022\030D`\313!\rQ\210\352\261"
 302      FA32 0D86 
 302      7A10 D120 
 302      1218 4460 
 302      CB21 0D51 
 303 0d14 D83D B6E2 		.ascii	"\330=\266\342\252\374NO\200\322f#\032\223\357\364'\245\357\364"
 303      AAFC 4E4F 
 303      80D2 6623 
 303      1A93 EFF4 
 303      27A5 EFF4 
 304 0d28 0517 E663 		.ascii	"\005\027\346c\335\311!D\0059K\371uF\234(F\3008-\301\241\343\202"
 304      DDC9 2144 
 304      0539 4BF9 
 304      7546 9C28 
 304      46C0 382D 
 305 0d40 85F9 71E5 		.ascii	"\205\371q\3457\372\030L\276\321_|\224\327\352\202\253uv\216 "
 305      37FA 184C 
 305      BED1 5F7C 
 305      94D7 EA82 
 305      AB75 768E 
 306 0d55 1A22 F2EF 		.ascii	"\032\"\362\357\262\357\3705\226s\224\307)\247\263\221\275\323"
 306      B2EF F835 
 306      9673 94C7 
 306      29A7 B391 
 306      BDD3 
 307 0d67 8678 AA59 		.ascii	"\206x\252Y\034\346\232UeF\244\361S\036\323\264\342\264\001`\350"
 307      1CE6 9A55 
 307      6546 A4F1 
 307      531E D3B4 
 307      E2B4 0160 
 308 0d7c B064 358A 		.ascii	"\260d5\212\305Z\322\222u;Bu\253\237\257\371-\036d\252mv\240\323"
 308      C55A D292 
 308      753B 4275 
 308      AB9F AFF9 
 308      2D1E 64AA 
 309 0d94 3E36 5AAA 		.ascii	">6Z\252U*R\252P\344\030U\344\250\244H\354\372J\254#9\366\020"
 309      552A 52AA 
 309      50E4 1855 
 309      E4A8 A448 
 309      ECFA 4AAC 
 310 0dac 45F3 CB85 		.ascii	"E\363\313\205\217\363\363\303M\273)\b%\310\316O\300\354M\022"
 310      8FF3 F3C3 
 310      4DBB 2908 
 310      25C8 CE4F 
 310      C0EC 4D12 
 311 0dc0 4AA4 F24F 		.ascii	"J\244\362O\264\027\0268\341U\246@}\335\322Wl\274\351\246G$\246"
 311      B417 1638 
 311      E155 A640 
 311      7DDD D257 
 311      6CBC E9A6 
 312 0dd7 1624 C943 		.ascii	"\026$\311C\223\244\241\311t\350\321\345WeN8\332\201\016]\210"
 312      93A4 A1C9 
 312      74E8 D1E5 
 312      5765 4E38 
 312      DA81 0E5D 
 313 0dec BC6B E6AF 		.ascii	"\274k\346\257*w\2207\264\323\315\261\364\370M\344\307i\333\224"
 313      2A77 9037 
 313      B4D3 CDB1 
 313      F4F8 4DE4 
 313      C769 DB94 
 314 0e00 A769 2731 		.ascii	"\247i'1Y\332\274Y\023\320\271\321\345W\264\333\022\351\301\236"
 314      59DA BC59 
 314      13D0 B9D1 
 314      E557 B4DB 
 314      12E9 C19E 
 315 0e14 287E 8CC8 		.ascii	"(~\214\310\001\335\t\354\311_s\244\340m\322\030\002\236Z\275"
 315      01DD 09EC 
 315      C95F 73A4 
 315      E06D D218 
 315      029E 5ABD 
 316 0e28 BEE7 57F9 		.ascii	"\276\347W\371b\032\350Y\035\3557t\304$b\002A\307A;\305(h\242"
 316      621A E859 
 316      1DED 3774 
 316      C424 6202 
 316      41C7 413B 
 317 0e40 2F20 CCA9 		.ascii	"/ \314\251\370W\344x\257\277\362\177\3611\246j\205y:\334\201"
 317      F857 E478 
 317      AFBF F27F 
 317      F131 A66A 
 317      8579 3ADC 
 318 0e55 BDA5 D805 		.ascii	"\275\245\330\005\315\324\336\212\001\376&b\221\274_XY\213[pf"
 318      CDD4 DE8A 
 318      01FE 2662 
 318      91BC 5F58 
 318      598B 5B70 
 319 0e6a 8FDF 8566 		.ascii	"\217\337\205f~\353\305\357\355\032\222)\031r\nSCV'\257grC\022"
 319      7EEB C5EF 
 319      ED1A 9229 
 319      1972 0A53 
 319      4356 27AF 
 320 0e82 A921 246D 		.ascii	"\251!$m2@\247tL\340Y\324\222L\311\222\356\351\342\nWf\212\251"
 320      3240 A774 
 320      4CE0 59D4 
 320      924C C992 
 320      EEE9 E20A 
 321 0e9a 69EF E1DD 		.ascii	"i\357\341\335\3449J#f\310C\322\270\031\247\251\031#\021\207J"
 321      E439 4A23 
 321      66C8 43D2 
 321      B819 A7A9 
 321      1923 1187 
 322 0eaf 7438 8DD9 		.ascii	"t8\215\331\261\034\027\265\212\231\242\216\320|R\322\336g\260"
 322      B11C 17B5 
 322      8A99 A28E 
 322      D07C 52D2 
 322      DE67 B0
 323 0ec2 AB69 AEA4 		.ascii	"\253i\256\244i\016\323\364P\343D\022\177\323l\246\257n\316\334"
 323      690E D3F4 
 323      50E3 4412 
 323      7FD3 6CA6 
 323      AF6E CEDC 
 324 0ed6 C9E1 AF3E 		.ascii	"\311\341\257>E\362\356\246#6\343\035\273\314\n$f&\026?i\307\263"
 324      45F2 EEA6 
 324      2336 E31D 
 324      BBCC 0A24 
 324      6626 163F 
 325 0eed 8DED 7824 		.ascii	"\215\355x$\336\036\234\367\300R\252\350l\355\225B0\361\f5\261"
 325      DE1E 9CF7 
 325      C052 AAE8 
 325      6CED 9542 
 325      30F1 0C35 
 326 0f02 887A A540 		.ascii	"\210z\245@\362\312H\362\213*G%\032\236\243|@\347Q\364Y\212\316"
 326      F2CA 48F2 
 326      8B2A 4725 
 326      1A9E A37C 
 326      40E7 51F4 
 327 0f19 95D0 A5CF 		.ascii	"\225\320\245\317:.\272*\321\36499\213aW\nzt2\374\204A\317\267"
 327      3A2E BA2A 
 327      D1F4 3939 
 327      8B61 570A 
 327      7A74 32FC 
 328 0f31 5989 7FCD 		.ascii	"Y\211\177\315{\361\313g\373\342TJ\234\303oP\371lF\321y\007%\372"
 328      7BF1 CB67 
 328      FBE2 544A 
 328      9CC3 6F50 
 328      F96C 46D1 
 329 0f49 FC9B 54AE 		.ascii	"\374\233T\256^>\325\341\242D\227l\242r\323\360B\236\003\344\306"
 329      5E3E D5E1 
 329      A244 976C 
 329      A272 D3F0 
 329      429E 03E4 
 330 0f5e 2294 44D2 		.ascii	"\"\224D\322\322\367\317\316\210\246\n\230\231K\201q\266\245\""
 330      D2F7 CFCE 
 330      88A6 0A98 
 330      994B 8171 
 330      B6A5 22
 331 0f71 35E4 1EFE 		.ascii	"5\344\036\376\227\321\344\bo\311np\306\027Xr\f>my\216\361%\326"
 331      97D1 E408 
 331      6FC9 6E70 
 331      C617 5872 
 331      0C3E 6D79 
 332 0f89 B835 F5F8 		.ascii	"\2705\365\370\036\"s^\005\346s\336\245\245\373\311\006i\026D"
 332      1E22 735E 
 332      05E6 73DE 
 332      A5A5 FBC9 
 332      0669 1644 
 333 0f9d 9598 CE   		.ascii	"\225\230\316"
 334 0fa0 35CB 734F 		.string	"5\313sO^\221\037&l\327\243\277\254\313\277S\330\316~\2470W\277\\\355\246L\211\355\312\224
 334      5E91 1F26 
 334      6CD7 A3BF 
 334      ACCB BF53 
 334      D8CE 7EA7 
 335 1000 46D1 2E52 		.ascii	"F\321.R>u\324C\005}\021\023\316\312C~2o\3106\324cz\310O\256\304"
 335      3E75 D443 
 335      057D 1113 
 335      CECA 437E 
 335      326F C836 
 336 101b 8033 6D5D 		.ascii	"\2003m]\016\277\314eJ\305\001\217/\337\245\277f`S`\003\376%`"
 336      0EBF CC65 
 336      4AC5 018F 
 336      2FDF A5BF 
 336      6660 5360 
 337 1033 8E1C CBAF 		.ascii	"\216\034\313\257\321\331\3054RLW\351\343\024\203]L\023\305\214"
 337      D1D9 C534 
 337      524C 57E9 
 337      E314 835D 
 337      4C13 C58C 
 338 1047 5F6D 8E74 		.ascii	"_m\216t\262\213\271D1\207n\237\377@\251{\226J\367f\256{3\325"
 338      B28B B944 
 338      3187 6E9F 
 338      FF40 A97B 
 338      964A F766 
 339 105f 3DFD 7177 		.ascii	"=\375qw\226\336\232_\203\304\257\205\362\353\313>W\355l\027c"
 339      96DE 9A5F 
 339      83C4 AF85 
 339      F2EB CB3E 
 339      57ED 6C17 
 340 1074 A298 A74D 		.ascii	"\242\230\247M\251\2356>\260`Z)\306\374\260\260\311>\2376\212"
 340      A99D 363E 
 340      B060 5A29 
 340      C6FC B0B0 
 340      C93E 9F36 
 341 1089 2934 3FBD 		.ascii	")4?\275\241z[D\002,+\177\231+\177\231*\237\324\023q\335Q\t.U"
 341      A17A 5B44 
 341      022C 2B7F 
 341      992B 7F99 
 341      2A9F D413 
 342 10a3 59DA CEC1 		.ascii	"Y\332\316\301\355\024<\362\374\322\013\003\356\242y\256\315<"
 342      ED14 3CF2 
 342      FCD2 0B03 
 342      EEA2 79AE 
 342      CD3C 
 343 10b5 D999 EE82 		.ascii	"\331\231\356\202\274\370y\236\342'\024] \356\n\266\374\204\202"
 343      BCF8 799E 
 343      E227 145D 
 343      20EE 0AB6 
 343      FC84 82
 344 10c8 7D99 FA0B 		.ascii	"}\231\372\013\351\246'}\344\272\311\333\247\016\330\357t\321"
 344      E9A6 277D 
 344      E4BA C9DB 
 344      A70E D8EF 
 344      74D1 
 345 10da BCBE 0A79 		.ascii	"\274\276\ny\335\311\362\372\370\225+)H\271V\021\336\362\262\323"
 345      DDC9 F2FA 
 345      F895 2B29 
 345      48B9 5611 
 345      DEF2 B2D3 
 346 10ee AD58 AC48 		.ascii	"\255X\254H\203\2342\327\214]\264\277\026\366Hs\351n\312~e}b\235"
 346      839C 32D7 
 346      8C5D B4BF 
 346      16F6 4873 
 346      E96E CA7E 
 347 1106 4F3C FD16 		.ascii	"O<\375\026\3662\272\227\262\357a\354{)\373\326\353)\307UIM\336"
 347      F632 BA97 
 347      B2EF 61EC 
 347      7B29 FBD6 
 347      EB29 C755 
 348 111d 7228 7EE3 		.ascii	"r(~\343\301\335u\215\272\353Z\324t\233\233\022L\226x\031|\235"
 348      C1DD 758D 
 348      BAEB 5AD4 
 348      749B 9B12 
 348      4C96 7819 
 349 1133 83AF 53F0 		.ascii	"\203\257S\360\260y$@\211%\277\321\221\261}\034\333G\2619\313"
 349      B079 2440 
 349      8925 BFD1 
 349      91B1 7D1C 
 349      DB47 B139 
 350 1148 31C5 3A25 		.ascii	"1\305:%\370\230\212q?\007\367Spmlu\273^\tVnc5h\200\203\007(x"
 350      F898 8A71 
 350      3F07 F753 
 350      706D 6C75 
 350      BB5E 0956 
 351 1165 76B0 6E5C 		.ascii	"v\260n\\\225\016\221*\360 \007\017Rp\374\313\312#\256,\031M\353"
 351      950E 912A 
 351      F020 070F 
 351      5270 FCCB 
 351      CA23 AE2C 
 352 117c B0FD 3DEB 		.ascii	"\260\375=\353D\323\021\366\201,\035\207h:\336-,\312\305\034U"
 352      44D3 11F6 
 352      812C 1D87 
 352      683A DE2D 
 352      2CCA C51C 
 353 1191 E110 27A8 		.ascii	"\341\020'\2501\303\024S\332j\276oS\332\026\314\b\305\2146\276"
 353      31C3 1453 
 353      DA6A BE6F 
 353      53DA 16CC 
 353      08C5 8C36 
 354 11a6 CFB9 3C0F 		.ascii	"\317\271<\017\317A[\324\220Q\n\211\272\325\334\315\253\303\364"
 354      CF41 5BD4 
 354      9051 0A89 
 354      BAD5 DCCD 
 354      ABC3 F4
 355 11b9 DA16 3446 		.ascii	"\332\0264FA\231m\267\242\3358(\315F\237q\212\311\030\217\211"
 355      4199 6DB7 
 355      A2DD 3828 
 355      CD46 9F71 
 355      8AC9 188F 
 356 11ce 9218 D5D8 		.ascii	"\222\030\325\330`&(F\254*+\220\254Oq\264\306LRL\311\350j\024"
 356      6026 2846 
 356      AC2A 2B90 
 356      AC4F 71B4 
 356      C64C 524C 
 357 11e6 9F8E 4C99 		.ascii	"\237\216L\2316\230\033\024c*XHu\347\230:\033\314\024\305\224"
 357      3698 1B14 
 357      632A 5848 
 357      75E7 983A 
 357      1BCC 14C5 
 358 11fb 27F6 9ED0 		.ascii	"'\366\236\320r\314\240\rf\232b.T\335]B\0343e\203\271I1-c\017"
 358      72CC A00D 
 358      669A 622E 
 358      54DD 5D42 
 358      1C33 6583 
 359 1215 8625 9D5F 		.ascii	"\206%\235_\330`nQ\314r\341\261l\036\013\323\t\2755\306L1\023"
 359      D860 6E51 
 359      CC72 E1B1 
 359      6C1E 0BD3 
 359      09BD 35C6 
 360 122c 0589 4D12 		.ascii	"\005\211M\022\237\0136\230\031\212\231,\316]q\222\354\262\301"
 360      9F0B 3698 
 360      198A 992C 
 360      CE5D 7192 
 360      ECB2 C1
 361 123f CC52 CC7A 		.ascii	"\314R\314z\356\304\242$k\324\006s\233bN\316u\226\273"
 361      EEC4 A224 
 361      6BD4 0673 
 361      9B62 4ECE 
 361      7596 BB
 362 1252 A82A 4335 		.string	"\250*C5C\335\341)I\256n\377\371\351\037?\331\373\357\237\356\371\374\217\237\177\361\351g
 362      43DD E129 
 362      49AE 6EFF 
 362      F9E9 1F3F 
 362      D9FB EF9F 
 363 1353 FC7C 8C8E 		.string	"\374|\214\216T\177\037\343\3177\037\303\314\203\221;\376\034\346\033h\f\013 J\007"
 363      547F 1FE3 
 363      CF37 1FC3 
 363      CC83 913B 
 363      FE1C E61B 
 364 136e 1386 DAB5 		.string	"\023\206\332\265O\343\316\201_\207\005\322\233w8"
 364      4FE3 CE81 
 364      5F87 05D2 
 364      9B77 3800 
 365 137e 2E3E C620 		.ascii	".>\306 r\331\027\344\347\357&\241\202BH\227\226\240\265\337\034"
 365      72D9 17E4 
 365      E7EF 26A1 
 365      8242 4897 
 365      96A0 B5DF 
 366 1393 08F4 C341 		.ascii	"\b\364\303A\301F\341\200\337{v\304\223\261D\357\260P\337\375"
 366      C146 E180 
 366      DF7B 76C4 
 366      93B1 44EF 
 366      B050 DFFD 
 367 13a7 FEDA 60F2 		.ascii	"\376\332`\362\217t\031\370c\332\355|\320\367\007\377\020\037"
 367      8F74 19F8 
 367      63DA ED7C 
 367      D0F7 07FF 
 367      101F 
 368 13b9 300D 7FEB 		.ascii	"0\r\177\353{P\212\215\245S\317\356\002\202\374Bu\364VKn\267\252"
 368      7B50 8A8D 
 368      A553 CFEE 
 368      0282 FC42 
 368      75F4 564B 
 369 13d0 60A4 C785 		.ascii	"`\244\307\205\335~u\300\030\024,\220\277@\220\027b\324~\017="
 369      DD7E 75C0 
 369      1814 2C90 
 369      BF40 9017 
 369      62D4 7E0F 
 370 13e5 5AA0 D06D 		.ascii	"Z\240\320m\252!\024\247\347]`\222\016\300\276\001.R\007\230\246"
 370      AA21 14A7 
 370      E75D 6092 
 370      0EC0 BE01 
 370      2E52 0798 
 371 13fa 0DFD CE37 		.ascii	"\r\375\3167X\352 \367N\374\336\350\311}$\371\314\347\200\037"
 371      58EA 20F7 
 371      4EFC DEE8 
 371      C97D 24F9 
 371      CCE7 801F 
 372 140e F115 7BAC 		.ascii	"\361\025{\254\007e\300\356\300\257\017\354\377\231\302\351\304"
 372      0765 C0EE 
 372      C0AF 0FEC 
 372      FF99 C2E9 
 372      C4
 373 141f 6CDE 0D0E 		.ascii	"l\336\r\016qS\3678}\362\371\377|\361\311\357v}(\335|\344\310"
 373      7153 F738 
 373      7DF2 F9FF 
 373      7CF1 C9EF 
 373      767D 28DD 
 374 1436 4484 6E55 		.ascii	"D\204nU\307\r\206\352\277\016\344\222B]||\202C\202\366\007\370"
 374      C70D 86EA 
 374      BF0E E492 
 374      425D 7C7C 
 374      8243 82F6 
 375 144c 07F8 F868 		.ascii	"\007\370\370h\367\375\3117\344\377\001v\t\024\027"
 375      F7FD C937 
 375      E4FF 0176 
 375      0914 17
 376               		.text
 377               		.section	.gnu.lto_.symtab.998caf1786c42e1f,"",@progbits
 378 0000 6163 7469 		.string	"action_get_macro"
 378      6F6E 5F67 
 378      6574 5F6D 
 378      6163 726F 
 378      00
 379 0011 00        		.string	""
 380 0012 01        		.ascii	"\001"
 381 0013 00        		.string	""
 382 0014 00        		.string	""
 383 0015 00        		.string	""
 384 0016 00        		.string	""
 385 0017 00        		.string	""
 386 0018 00        		.string	""
 387 0019 00        		.string	""
 388 001a 00        		.string	""
 389 001b 00        		.string	""
 390 001c 0501 00   		.string	"\005\001"
 391 001f 00        		.string	""
 392 0020 6163 7469 		.string	"action_function"
 392      6F6E 5F66 
 392      756E 6374 
 392      696F 6E00 
 393 0030 00        		.string	""
 394 0031 01        		.ascii	"\001"
 395 0032 00        		.string	""
 396 0033 00        		.string	""
 397 0034 00        		.string	""
 398 0035 00        		.string	""
 399 0036 00        		.string	""
 400 0037 00        		.string	""
 401 0038 00        		.string	""
 402 0039 00        		.string	""
 403 003a 00        		.string	""
 404 003b 0C01 00   		.string	"\f\001"
 405 003e 00        		.string	""
 406 003f 6B65 796D 		.string	"keymap_key_to_keycode"
 406      6170 5F6B 
 406      6579 5F74 
 406      6F5F 6B65 
 406      7963 6F64 
 407 0055 00        		.string	""
 408 0056 01        		.ascii	"\001"
 409 0057 00        		.string	""
 410 0058 00        		.string	""
 411 0059 00        		.string	""
 412 005a 00        		.string	""
 413 005b 00        		.string	""
 414 005c 00        		.string	""
 415 005d 00        		.string	""
 416 005e 00        		.string	""
 417 005f 00        		.string	""
 418 0060 1201 00   		.string	"\022\001"
 419 0063 00        		.string	""
 420 0064 6163 7469 		.string	"action_for_key"
 420      6F6E 5F66 
 420      6F72 5F6B 
 420      6579 00
 421 0073 00        		.string	""
 422 0074 00        		.string	""
 423 0075 00        		.string	""
 424 0076 00        		.string	""
 425 0077 00        		.string	""
 426 0078 00        		.string	""
 427 0079 00        		.string	""
 428 007a 00        		.string	""
 429 007b 00        		.string	""
 430 007c 00        		.string	""
 431 007d 00        		.string	""
 432 007e 8701 00   		.string	"\207\001"
 433 0081 00        		.string	""
 434 0082 6B65 796D 		.string	"keymap_function_id_to_action"
 434      6170 5F66 
 434      756E 6374 
 434      696F 6E5F 
 434      6964 5F74 
 435 009f 00        		.string	""
 436 00a0 01        		.ascii	"\001"
 437 00a1 00        		.string	""
 438 00a2 00        		.string	""
 439 00a3 00        		.string	""
 440 00a4 00        		.string	""
 441 00a5 00        		.string	""
 442 00a6 00        		.string	""
 443 00a7 00        		.string	""
 444 00a8 00        		.string	""
 445 00a9 00        		.string	""
 446 00aa 8C01 00   		.string	"\214\001"
 447 00ad 00        		.string	""
 448 00ae 666E 5F61 		.string	"fn_actions"
 448      6374 696F 
 448      6E73 00
 449 00b9 00        		.string	""
 450 00ba 01        		.ascii	"\001"
 451 00bb 00        		.string	""
 452 00bc 00        		.string	""
 453 00bd 00        		.string	""
 454 00be 00        		.string	""
 455 00bf 00        		.string	""
 456 00c0 00        		.string	""
 457 00c1 00        		.string	""
 458 00c2 00        		.string	""
 459 00c3 00        		.string	""
 460 00c4 B801 00   		.string	"\270\001"
 461 00c7 00        		.string	""
 462 00c8 6B65 796D 		.string	"keymaps"
 462      6170 7300 
 463 00d0 00        		.string	""
 464 00d1 02        		.ascii	"\002"
 465 00d2 00        		.string	""
 466 00d3 00        		.string	""
 467 00d4 00        		.string	""
 468 00d5 00        		.string	""
 469 00d6 00        		.string	""
 470 00d7 00        		.string	""
 471 00d8 00        		.string	""
 472 00d9 00        		.string	""
 473 00da 00        		.string	""
 474 00db AE01 00   		.string	"\256\001"
 475 00de 00        		.string	""
 476 00df 6D6F 645F 		.string	"mod_config"
 476      636F 6E66 
 476      6967 00
 477 00ea 00        		.string	""
 478 00eb 02        		.ascii	"\002"
 479 00ec 00        		.string	""
 480 00ed 00        		.string	""
 481 00ee 00        		.string	""
 482 00ef 00        		.string	""
 483 00f0 00        		.string	""
 484 00f1 00        		.string	""
 485 00f2 00        		.string	""
 486 00f3 00        		.string	""
 487 00f4 00        		.string	""
 488 00f5 9001 00   		.string	"\220\001"
 489 00f8 00        		.string	""
 490 00f9 6B65 7963 		.string	"keycode_config"
 490      6F64 655F 
 490      636F 6E66 
 490      6967 00
 491 0108 00        		.string	""
 492 0109 02        		.ascii	"\002"
 493 010a 00        		.string	""
 494 010b 00        		.string	""
 495 010c 00        		.string	""
 496 010d 00        		.string	""
 497 010e 00        		.string	""
 498 010f 00        		.string	""
 499 0110 00        		.string	""
 500 0111 00        		.string	""
 501 0112 00        		.string	""
 502 0113 9201 00   		.string	"\222\001"
 503 0116 00        		.string	""
 504               		.text
 505               		.section	.gnu.lto_.opts,"",@progbits
 506 0000 272D 666D 		.ascii	"'-fmath-errno' '-fsigned-zeros' '-ftrapping-math' '-fno-trap"
 506      6174 682D 
 506      6572 726E 
 506      6F27 2027 
 506      2D66 7369 
 507 003c 7627 2027 		.ascii	"v' '-fno"
 507      2D66 6E6F 
 508 0044 2D6F 7065 		.string	"-openmp' '-fno-openacc' '-mn-flash=1' '-mno-skip-bug' '-mmcu=avr5' '-gdwarf-2' '-Os' '-We
 508      6E6D 7027 
 508      2027 2D66 
 508      6E6F 2D6F 
 508      7065 6E61 
 509               		.text
 510               		.comm	__gnu_lto_v1,1,1
 511               		.comm	__gnu_lto_slim,1,1
 512               		.ident	"GCC: (GNU) 5.4.0"
DEFINED SYMBOLS
                            *ABS*:0000000000000000 keymap_common.c
     /tmp/cc82KKyB.s:2      *ABS*:000000000000003e __SP_H__
     /tmp/cc82KKyB.s:3      *ABS*:000000000000003d __SP_L__
     /tmp/cc82KKyB.s:4      *ABS*:000000000000003f __SREG__
     /tmp/cc82KKyB.s:5      *ABS*:0000000000000000 __tmp_reg__
     /tmp/cc82KKyB.s:6      *ABS*:0000000000000001 __zero_reg__
                            *COM*:0000000000000001 __gnu_lto_v1
                            *COM*:0000000000000001 __gnu_lto_slim

NO UNDEFINED SYMBOLS
