   1               		.file	"mousekey.c"
   2               	__SP_H__ = 0x3e
   3               	__SP_L__ = 0x3d
   4               	__SREG__ = 0x3f
   5               	__tmp_reg__ = 0
   6               	__zero_reg__ = 1
   7               		.text
   8               	.Ltext0:
   9               		.section	.gnu.lto_.profile.4cc9ea32ead74baa,"",@progbits
  10 0000 789C 6361 		.string	"x\234ca`d`c`"
  10      6064 6063 
  10      6000 
  11 000a 92BB 587A 		.ascii	"\222\273Xz\231\001\004\245\001["
  11      9901 04A5 
  11      015B 
  12               		.text
  13               		.section	.gnu.lto_.icf.4cc9ea32ead74baa,"",@progbits
  14 0000 789C 6361 		.string	"x\234ca`d"
  14      6064 00
  15 0007 8106 0604 		.string	"\201\006\006\004\020e\370\363v\325K>\3065\177o\\gcj\331\373\250\235\223\031\314f\331\260\
  15      1065 F8F3 
  15      76D5 4B3E 
  15      C635 7F6F 
  15      5C67 636A 
  16 0086 BC1E 4118 		.ascii	"\274\036A\030"
  17               		.text
  18               		.section	.gnu.lto_.jmpfuncs.4cc9ea32ead74baa,"",@progbits
  19 0000 789C 6361 		.string	"x\234ca`d"
  19      6064 00
  20 0007 8100      		.string	"\201"
  21 0009 0604 6007 		.string	"\006\004`\007bV\006\006NFF\306z\230\0307\210\303\303\300\300\304\370\227\211q\347\3167\26
  21      6256 0606 
  21      4E46 46C6 
  21      7A98 1837 
  21      88C3 C3C0 
  22 0044 00        		.string	""
  23 0045 D70B C0   		.ascii	"\327\013\300"
  24               		.text
  25               		.section	.gnu.lto_.inline.4cc9ea32ead74baa,"",@progbits
  26 0000 789C 6594 		.string	"x\234e\224\315k\023A\030\306\337g2\331\214IL\027\254\026\241\330E\361*\236=\355\301sO^\37
  26      CD6B 1341 
  26      18C6 DF67 
  26      32D9 8C49 
  26      4C17 AC16 
  27 00da 4B8E 2F79 		.string	"K\216/y\376\350\325\317w\005\313\373@\333\361\266\347\227\267\352O\312\226\357"
  27      FEE8 D5CF 
  27      7705 CBFB 
  27      40DB F1B6 
  27      E797 B7EA 
  28 00f3 1DC7 3BD9 		.ascii	"\035\307;\331\367}z\376\270d\371_\240\353x7[\177m\243\351\326"
  28      F77D 7AFE 
  28      B864 F95F 
  28      A0EB 7837 
  28      5B7F 6DA3 
  29 0109 F70F 5876 		.ascii	"\367\017Xv\334F\265G\007T\277M\337\371\314\204\224R\020\227\207"
  29      DC46 B547 
  29      0754 BF4D 
  29      DFF9 CC84 
  29      9452 1097 
  30 011e 7554 4975 		.ascii	"uTIuT'\211\316b\235I\350\374s\331\344\334V\363ES\305\273\365"
  30      5427 89CE 
  30      629D 49E8 
  30      FC73 D9E4 
  30      DC56 F345 
  31 0136 B430 759A 		.ascii	"\2640u\232)\275\310(\222\r\210'6\306\2064vF\252l\217\304\237"
  31      29BD C828 
  31      920D 8827 
  31      36C6 8634 
  31      7646 AA6C 
  32 014d 414A 0C0A 		.ascii	"AJ\f\nU&\223l\306,\374BX\017j\252\031\323\317\245Z\270\313b\275"
  32      5526 936C 
  32      C62C FC42 
  32      580F 6AAA 
  32      19D3 CFA5 
  33 0166 9EC8 1890 		.ascii	"\236\310\030\220\225h\350\351VD\250${K1X0\237\246.\3066\250\227"
  33      9568 E8E9 
  33      5644 A824 
  33      7B4B 3158 
  33      309F A62E 
  34 017e 94E8 251D 		.ascii	"\224\350%\0351\246\rM\032\23224ah\272\320d\241\251B\023\205\246"
  34      31A6 0D4D 
  34      1A9A 3234 
  34      6168 BAD0 
  34      64A1 A942 
  35 0195 094D 129A 		.ascii	"\tM\022\232b\330\004\361\321\326\254\373\375N\366n\303\370@\334"
  35      62D8 04F1 
  35      D1D6 ACFB 
  35      FD4E F66E 
  35      C3F8 40DC 
  36 01a9 AC70 12D5 		.ascii	"\254p\022\325\221\230\304\235bJ\242^\222\214\304\007\241\321"
  36      9198 C49D 
  36      624A A25E 
  36      928C C407 
  36      A1D1 
  37 01bb 5424 1312 		.ascii	"T$\023\022\353y\325>\022Rm0WN\310\331}N\210\267\230MUsU\031]"
  37      EB79 D53E 
  37      1252 6D30 
  37      574E C8D9 
  37      7D4E 88B7 
  38 01d6 90BA F1BB 		.ascii	"\220\272\361\273U[\205\324d\333*\213\365\356\224\351\3401u\006"
  38      555B 85D4 
  38      64DB 2A8B 
  38      F5EE 94E9 
  38      E031 7506 
  39 01ea 8C6F CF67 		.ascii	"\214o\317gg\200j\252:B\364\235F\242\353x\255\213KL\336(\370\021"
  39      6780 6AAA 
  39      3A42 F49D 
  39      46A2 EB78 
  39      AD8B 4B4C 
  40 0202 28BA 61F6 		.ascii	"(\272a\366\226++ijrH\030\245\242\372DVy{\326\317\244\377\354"
  40      962B 2B69 
  40      6A72 4818 
  40      A5A2 FA44 
  40      5679 7BD6 
  41 021a 3BF6 6E   		.ascii	";\366n"
  42               		.text
  43               		.section	.gnu.lto_.pureconst.4cc9ea32ead74baa,"",@progbits
  44 0000 789C 6361 		.string	"x\234ca`d\340g```g`ae\341\224\340\226\340\221\340\227\022\221"
  44      6064 E067 
  44      6060 6067 
  44      6061 65E1 
  44      94E0 96E0 
  45 001a 00        		.string	""
  46 001b 0666 00   		.string	"\006f"
  47 001e E6        		.ascii	"\346"
  48               		.text
  49               		.section	.gnu.lto_move_unit.4cc9ea32ead74baa,"",@progbits
  50 0000 789C 9555 		.string	"x\234\225U]o\024U\030>\3579\363\265\2633;\013-\245\037C?h\033\302\215\230`\357\275\362\00
  50      5D6F 1455 
  50      183E EF39 
  50      F3B5 B333 
  50      3B0B 2DA5 
  51 00c3 F427 B080 		.string	"\364'\260\200\rp\241\351\206i\245\354\264\343f<\030\200\277\370C\016\307\216\037\375%\263
  51      0D70 A1E9 
  51      8669 A5EC 
  51      B4E3 663C 
  51      1880 BFF8 
  52 0105 74E4 F7F7 		.string	"t\344\367\367gO\246i\311!\213\313\221?\202\347D\023\020\361\330w\377\376\351\365\236\246\
  52      674F A669 
  52      C921 8BCB 
  52      913F 82E7 
  52      4413 10F1 
  53 0206 3086 B43B 		.ascii	"0\206\264;0x\273\360\202\232\332\204\204\321\225\362?\256\"0"
  53      3078 BBF0 
  53      829A DA84 
  53      84D1 95F2 
  53      3FAE 2230 
  54 021a 2885 2766 		.ascii	"(\205'f\225\0136\274Gj\\\235\273\226Rl\243\236(\250/\352\263"
  54      950B 36BC 
  54      476A 5C9D 
  54      BB96 526C 
  54      A39E 28A8 
  55 0231 58D4 3925 		.ascii	"X\3249%*\277\026:5\261\021\211|\327Pk\013!\354p\365\375\013\033"
  55      2ABF 163A 
  55      35B1 1189 
  55      7CD7 506B 
  55      0B21 EC70 
  56 0249 0EC9 D041 		.ascii	"\016\311\320A\207q<\022)cC+!)\205<$]\033\034{O(\222\006\023\222"
  56      8771 3C12 
  56      2963 432B 
  56      2129 853C 
  56      245D 1B1C 
  57 0264 945F 3BB2 		.ascii	"\224_;\262\016\212d#\217-\002\227\027\017\006\217\210\264\242"
  57      0E8A 6423 
  57      8F2D 0297 
  57      170F 068F 
  57      88B4 A2
  58 0277 292B 2A16 		.ascii	")+*\026]\305\022_\315\032\362?\217by\360v\207j\245'\222\320\331"
  58      5DC5 125F 
  58      CD1A F23F 
  58      8F62 79F0 
  58      7687 6AA5 
  59 028f 5483 4A62 		.ascii	"T\203Jb>J\302\331B\022\347\343$\276\330\224\204\213\215\222I"
  59      3E4A C2D9 
  59      4212 E7E3 
  59      24BE D894 
  59      848B 8D92 
  60 02a4 6410 7ADC 		.ascii	"d\020z\334\272\207\033I\301"
  60      BA87 1B49 
  60      C1
  61 02ad 3A0A 2E6F 		.string	":\n.o\266\236E^\255\365\254\324n(\355\312zZY\217C\3240\304\013\221\365\323#\241\365t\302\
  61      B69E 455E 
  61      ADF5 ACD4 
  61      6E28 EDCA 
  61      7A5A 598F 
  62 03ae F860 113F 		.ascii	"\370`\021?\235{\035o2}}?^\224\346;}\310~t\357\316=W\261u\370"
  62      9D7B 1D6F 
  62      327D 7D3F 
  62      5E94 E63B 
  62      7DC8 7E74 
  63 03c9 167C 6BBC 		.ascii	"\026|k\274\017\343\264\027\260v\247\327\373p\250\313\226Z\204"
  63      0FE3 B417 
  63      B076 A7D7 
  63      FB70 A8CB 
  63      965A 84
  64 03dc BCDB 6AC6 		.ascii	"\274\333j\306\304\317}\024\001W\342\353/\303~\366D\"\272\036"
  64      C4CF 7D14 
  64      0157 E2EB 
  64      2FC3 7EF6 
  64      4422 BA1E 
  65 03f0 1249 1B9E 		.ascii	"\022I\033\236\324~W\231*\320U\216\242\350\235<qd\266dS#|q\302"
  65      D47E 5799 
  65      2AD0 558E 
  65      A2E8 9D3C 
  65      7164 B664 
  66 0409 0CF8 2E4B 		.ascii	"\f\370.K\232`d\342*\370\016>\nz2\364B\002j\204\2077\274\332\377"
  66      9A60 64E2 
  66      2AF8 0E3E 
  66      0A7A 32F4 
  66      4202 6A84 
  67 0422 FCA1 C3FD 		.ascii	"\374\241\303\375\007\367\035|\245\377\265\003/\037x\343\211\027"
  67      07F7 1D7C 
  67      A5FF B503 
  67      2F1F 78E3 
  67      8917 
  68 0434 99D6 7FE8 		.ascii	"\231\326\177\350\245\303\377\001\004\n\216\241"
  68      A5C3 FF01 
  68      040A 8EA1 
  69               		.text
  70               		.section	.gnu.lto_wheel_unit.4cc9ea32ead74baa,"",@progbits
  71 0000 789C 9555 		.ascii	"x\234\225UMlTU\024>\347\336\3677o\336\317\320\322\322\016\257"
  71      4D6C 5455 
  71      143E E7DE 
  71      F737 6FDE 
  71      CFD0 D2D2 
  72 0016 C886 1036 		.ascii	"\310\206\0206b\202\033\342\306\225k\302\232\215\032\026\306\200"
  72      6282 1BE2 
  72      C695 6BC2 
  72      9A8D 1A16 
  72      C680 
  73 0028 31D2 4437 		.ascii	"1\322D7\366\265\257S\352BB\302O\210\221\260`\201\362\327\216"
  73      F6B5 AF53 
  73      EA42 42C2 
  73      4F88 91B0 
  73      6081 F2D7 
  74 003d 1671 1465 		.ascii	"\026q\024e\254E0iD\r.\004Lm3\226\2044)\305\032\202\200\3439\367"
  74      AC45 3069 
  74      440D 2E04 
  74      4C6D 3396 
  74      8434 29C5 
  75 0057 CE7B 9999 		.ascii	"\316{\231\231\314\246\223\314\231{\277{\356\371\276\357\274{"
  75      CCA6 93CC 
  75      997B BF7B 
  75      EEF9 BEEF 
  75      BC7B 
  76 0069 DF18 80C0 		.ascii	"\337\030\200\300\237]6@\221~\253\364\305\002\2408\374\023\300"
  76      9F5D 3640 
  76      917E ABF4 
  76      C502 A038 
  76      FC13 C0
  77 007c B023 841C 		.ascii	"\260#\204\034\337\n\261kp\364$z\0326\204\251`K\301f\n[\302V\260"
  77      DF0A B16B 
  77      70F4 247A 
  77      1A36 84A9 
  77      604B C166 
  78 0095 A360 3B85 		.ascii	"\243`;\205\035\341)8"
  78      1DE1 2938 
  79 009d A7E0 9C70 		.string	"\247\340\234p\325,\257fn\232\224O\007\236\360k\375\264\036\236\177\221\326}\021\334\332\3
  79      D52C AF66 
  79      6E9A 944F 
  79      079E F06B 
  79      FDB4 1E9E 
  80 019e 1E90 686E 		.string	"\036\220hn\365\212\020\374+\027q\344xyn\330f\037\2114\310\347\361\322\364M\233\373e\251&U
  80      F58A 10FC 
  80      2B17 71E4 
  80      7879 6ED8 
  80      661F 8934 
  81 0209 961B 5D5F 		.ascii	"\226\033]_\021\022\306\267*\215+s\3639\235mu\022\205\235E}\226"
  81      1112 C6B7 
  81      2A8D 2B73 
  81      F339 9D6D 
  81      7512 859D 
  82 0220 89FA 5C8B 		.ascii	"\211\372\\\213\032y\330pjS!\02699Vk \016\201T\343\227\321\311"
  82      1A79 D870 
  82      6A53 2116 
  82      3939 566B 
  82      200E 8154 
  83 0238 8F25 0B31 		.ascii	"\217%\0131\321\300)\332\313\233\016\256\242N\312Q\036,\240P\217"
  83      D1C0 29DA 
  83      CB9B 0EAE 
  83      A24E CA51 
  83      1E2C A050 
  84 024d 9DBA 4A88 		.ascii	"\235\272J\210\322ih\235\332\263\251=g\347\320\240\374K\251\347"
  84      D269 689D 
  84      DAB3 A93D 
  84      67E7 D0A0 
  84      FC4B A9E7 
  85 0261 D387 9ED3 		.ascii	"\323\207\236\323\245\314&\233&\314tk\233\265\324f~\r6\277\310"
  85      A5CC 269B 
  85      26CC 746B 
  85      9BB5 D466 
  85      7E0D 36BF 
  86 0276 6C5E 6EB3 		.ascii	"l^n\263\351Q\241V\233>\201\315\342L\022\367e\273\315\200\362"
  86      E951 A156 
  86      9B3E 81CD 
  86      E24C 12F7 
  86      65BB CD80 
  87 028b 5A6D 064A 		.ascii	"Zm\006J\247\245uj\233\256\266\2315\314\240\206UR\233\347R\233"
  87      A7A5 756A 
  87      9BAE B699 
  87      35CC A086 
  87      5552 9BE7 
  88 02a1 6E93 4D   		.ascii	"n\223M"
  89 02a4 1B16 72DA 		.string	"\033\026r\332\346_\363R/\207k\260\371Uf\363\3536\233\005*\324\252\267\240\b\235\224\260\2
  89      E65F F352 
  89      2F87 6BB0 
  89      F955 66F3 
  89      EB36 9B05 
  90 03a5 FE08 6553 		.ascii	"\376\beS\233\006X$/\204J\373}m*\341\263J\242D\263\002\372\373"
  90      9B06 5824 
  90      2F84 4AFB 
  90      7D6D 2AE1 
  90      B34A A244 
  91 03bd C1EB 18F9 		.ascii	"\301\353\030\371\320l\002\330\304\r\214<\272\252\003\001\277"
  91      D06C 02D8 
  91      C40D 8C3C 
  91      BAAA 0301 
  91      BF
  92 03ce F991 0BD1 		.ascii	"\371\221\013\321\366\356\267\007_\335\177`p\337\366}o\r\276\263"
  92      F6EE B707 
  92      5FDD 7F60 
  92      70DF F67D 
  92      6F0D BEB3 
  93 03e2 F7CD BDEF 		.ascii	"\367\315\275\357=\377:\030\203\373\3378\360?\2623`Z"
  93      3DFF 3A18 
  93      83FB DF38 
  93      F03F B233 
  93      605A 
  94               		.text
  95               		.section	.gnu.lto_mousekey_on.4cc9ea32ead74baa,"",@progbits
  96 0000 789C 9D96 		.string	"x\234\235\226]pSE\024\307\367\354\275In\276\2324i\223&\375\230\362\331\002C?\340\325\341\
  96      5D70 5345 
  96      14C7 F7EC 
  96      BD49 6EBE 
  96      9A34 6993 
  97 00f3 0D74 0D58 		.string	"\rt\rX\003WT\207\323\245\271=^\237\277 \020,\f\205\213\212#\321\222X\034\032\340\021\237\
  97      0357 5487 
  97      D3A5 B93D 
  97      5E9F BF20 
  97      102C 0C85 
  98 014b DA41 C115 		.ascii	"\332A\301\025\260\264\f\352\312\030\n\fvA\0259_\357z\376\245"
  98      B0B4 0CEA 
  98      CA18 0A0C 
  98      7641 1539 
  98      5FEF 7AFE 
  99 0160 DFD9 44E1 		.ascii	"\337\331D\341+eP\370\026\234\324\322\2167z\365T*\241\353\033"
  99      2B65 50F8 
  99      169C D4D2 
  99      8E37 7AF5 
  99      542A A1EB 
 100 0175 EB07 172C 		.ascii	"\353\007\027,\345@+T\\\313\035h\024'\032U\243\251\233F^\032\371"
 100      E540 2B54 
 100      5CCB 1D68 
 100      1427 1A55 
 100      A3A9 9B46 
 101 018c E80B 3F4D 		.ascii	"\350\013?M\0034\r\322(D\2430\215\212i\024!\227(Mc4\215\323\264"
 101      0334 0DD2 
 101      2844 A330 
 101      8D8A 6914 
 101      2197 284D 
 102 01a5 94A6 E534 		.ascii	"\224\246\3454\255\240Q%\215f\221\231\215\3061\007\215s.\231y"
 102      ADA0 5125 
 102      8D66 9199 
 102      8DC6 3107 
 102      8D73 2E99 
 103 01ba 64E6 9356 		.ascii	"d\346\223VE\246\232\\\026\222YDf1\231\0322ud\352\31106\205\377"
 103      45A6 9A5C 
 103      1692 5944 
 103      6631 991A 
 103      3275 64EA 
 104 01d3 B4D7 D39C 		.ascii	"\264\327\323\234\323\247r\r\232.&n\354(!\310\204B\373{o\344Q"
 104      D3A7 720D 
 104      9A2E 266E 
 104      EC28 21C8 
 104      8442 FB7B 
 105 01ea BBFA 90A3 		.ascii	"\273\372\220\2437\374\r\360\035\224\211m\235\346\n\033\b(7!\321"
 105      37FC 0DF0 
 105      1D94 896D 
 105      9DE6 0A1B 
 105      0828 3721 
 106 01ff BB7F 53B9 		.ascii	"\273\177S\271\364V\321\273\273\373\356%W\303\214\276V\327\203"
 106      F456 D1BB 
 106      BBFB EE25 
 106      57C3 8CBE 
 106      56D7 83
 107 0212 49C5 95E2 		.ascii	"I\305\225\342t\332wC\003f\323\330$4\2166\367+\322\333\201"
 107      74DA 7743 
 107      0366 D3D8 
 107      2434 8E36 
 107      F72B D2DB 
 108 0227 0B48 79E0 		.string	"\013Hy\340\222s\222h\336\n4\307P\255\311\276\021\027%v\213\256\275\030\331\335\202=&\371\
 108      9273 9268 
 108      DE0A 34C7 
 108      50AD C9BE 
 108      1117 2576 
 109 0328 24DA 3F00 		.string	"$\332?"
 110 032c BD16 9A97 		.string	"\275\026\232\227\355u\n\264\363&Z(\023\032\036\0268\226\t-\214\013\362B\353\313\205\366\2
 110      ED75 0AB4 
 110      F326 5A28 
 110      131A 1E16 
 110      3896 092D 
 111 0363 C72D 343F 		.string	"\307-4?\333\340\020h\027L\264\342lh'2\035\320\b.\260\037\320(Jy\241\016\344B\375%\215:H\2
 111      DBE0 1068 
 111      174C B4E2 
 111      6C68 2732 
 111      1DD0 082E 
 112 039b 4316 6A80 		.string	"C\026j\200\255S\005\352e\0235\226\r\365d&\3248.\260\243\226\242\224\027\352\251\\\250\247
 112      AD53 05EA 
 112      6513 3596 
 112      0DF5 6426 
 112      D438 2EB0 
 113 03d3 462C D442 		.string	"F,\324B\326\246\b\324i\023\265<\033\352\257\231\016l\005.\310\013\355L.\264\263i\264\337\
 113      D6A6 08D4 
 113      6913 B53C 
 113      1BEA AF99 
 113      0E6C 052E 
 114 040f E730 2A6E 		.ascii	"\3470*n\300H\342c\303\007\035\006\207\276j\367I\007\027\234\267"
 114      C048 E263 
 114      C307 1D06 
 114      87BE 6AF7 
 114      4907 179C 
 115 0424 E8C3 EC0B 		.ascii	"\350\303\354\013\007Fl\354\351\272<a\364j\326+0\374\236\231!"
 115      0746 6CEC 
 115      E9BA 3C61 
 115      F46A D62B 
 115      30FC 9E99 
 116 0439 4869 FE10 		.ascii	"Hi\376\020\b*!\214B\255\3754\314\306$r\023'\034R\231\203\024"
 116      082A 218C 
 116      42AD FD34 
 116      CCC6 2472 
 116      1327 1C52 
 117 0450 8CC0 9C72 		.ascii	"\214\300\234r>\027%\f9se\355\230x~:\341\363O\341\002&B\237\251"
 117      3E17 250C 
 117      3973 65ED 
 117      9878 7E3A 
 117      E1F3 4FE1 
 118 0469 E631 557A 		.ascii	"\3461Uz\315\203Ee\350+C=4\3721\037ur{b\204\252\022\371\346\333"
 118      CD83 4565 
 118      E82B 433D 
 118      34FA 311F 
 118      7572 7B62 
 119 0483 F357 A39A 		.ascii	"\363W\243\232W\313.\346\300\275\224\306\035\243\216U\213\375"
 119      57CB 2EE6 
 119      C0BD 94C6 
 119      1DA3 8E55 
 119      8BFD 
 120 0495 2D62 2D9A 		.ascii	"-b-\232"
 121 0499 F17A B71F 		.string	"\361z\267\037\306u\017?;\355\223\207q\006\340\262\325\216b6\f\324\216\326\256+MF\261\013\
 121      C675 0F3F 
 121      3BED 9387 
 121      7106 E0B2 
 121      D58E 6236 
 122               		.text
 123               		.section	.gnu.lto_mouse_report.4cc9ea32ead74baa,"",@progbits
 124 0000 789C 6361 		.string	"x\234ca`d"
 124      6064 00
 125 0007 015D 2086 		.string	"\001] \206\260\030\030\37621\256\177\263\363'\357\027\246Vf\240 \220\273sn\373m>\213m\r\0
 125      B018 18FE 
 125      3231 AE7F 
 125      B3F3 27EF 
 125      17A6 5666 
 126 003c 00        		.string	""
 127 003d C3A0 1029 		.ascii	"\303\240\020)"
 128               		.text
 129               		.section	.gnu.lto_mousekey_off.4cc9ea32ead74baa,"",@progbits
 130 0000 789C 9D97 		.string	"x\234\235\227\331S\024W\024\306\357\271=K3\f\303"
 130      D953 1457 
 130      14C6 EFB9 
 130      3D4B 330C 
 130      C300 
 131 0012 C3B0 CDB0 		.ascii	"\303\260\315\260\017\203\022\030\263\230\212U\371+\362\220\227"
 131      0F83 1218 
 131      B398 8A55 
 131      F92B F290 
 131      97
 132 0023 3C25 C6A7 		.ascii	"<%\306\247\224\261R\211\251\312Kl\030@\020\327h\260*\245e"
 132      94B1 5289 
 132      A9CA 4B6C 
 132      1840 10D7 
 132      68B0 2AA5 
 133 0038 2C2B 805B 		.string	",+\200[@\215\013h\"\032\211;$\004\r\301\r\\P\331\034\024pc\311]\272{.\244\245\252\245\212
 133      408D 0B68 
 133      221A 893B 
 133      2404 0DC1 
 133      0D5C 50D9 
 134 0139 1705 7041 		.string	"\027\005pAW\210\244\013Od\222t\001\016\nGA(\344\242B"
 134      5788 A40B 
 134      4F64 9274 
 134      010E 0A47 
 134      4128 E4A2 
 135 014f FA8F 2203 		.string	"\372\217\"\003Z\205%\213\325f\227c\034\261\3168W\274;!1\311\223\354MIMK\317\360\3713\263\
 135      5A85 258B 
 135      D566 9763 
 135      1CB1 CE38 
 135      57BC 3B21 
 136 01b7 1A40 2267 		.ascii	"\032@\"g\300\333>X\344C$\201`7\004\251\370\366\201\351\357\343"
 136      C0DB 3E58 
 136      E443 2481 
 136      6037 04A9 
 136      F8F6 81E9 
 137 01cd 6CE5 B47C 		.ascii	"l\345\264|6/\n{\300F\227f\343\007\255\312\314LXQ6\277YS\264\310"
 137      362F 0A7B 
 137      C046 9766 
 137      E307 ADCA 
 137      CC4C 5851 
 138 01e7 02F4 0C1B 		.ascii	"\002\364\f\0339\027\31348hp\322\340\242\301MC\"\r\036\032\274"
 138      3917 CB34 
 138      3868 70D2 
 138      E0A2 C14D 
 138      4322 0D1E 
 139 01fd 2448 2934 		.ascii	"$H)4\244\222`I#\301\232NC\006\r\324\201\305OC&\rYT\227CC.\r\371"
 139      A492 6049 
 139      23C1 9A4E 
 139      4306 0DD4 
 139      81C5 4F43 
 140 021b 3404 6808 		.ascii	"4\004h\b\322PH\303BZ\264\210\206b\032Jh@(B~)\326Q\214\351_\251"
 140      D250 48C3 
 140      425A B488 
 140      8662 1A4A 
 140      6840 2842 
 141 0237 0FCA 7BC2 		.ascii	"\017\312{\302\207\352R\351\004a\311B\246\033\351\030o\260\214"
 141      87EA 52E9 
 141      0461 C942 
 141      A61B E918 
 141      6FB0 8C
 142 024a 6152 0186 		.ascii	"aR\001\206\001\366\202\2171\033\305\022\212$K\375P\326\322\367"
 142      01F6 828F 
 142      311B C512 
 142      8A24 4BFD 
 142      50D6 D2F7 
 143 025e 0617 DB88 		.ascii	"\006\027\333\210\270\266\342t\207\235\212m\fcs\363\3205\373\252"
 143      B8B6 E274 
 143      879D 8A6D 
 143      0C63 73F3 
 143      D035 FBAA 
 144 0272 29A5 4A51 		.ascii	")\245JQ\334$WM\240\323\364\300\245+g\034;`{\251\302\362v\330"
 144      DC24 574D 
 144      A0D3 F4C0 
 144      A52B 671C 
 144      3B60 7BA9 
 145 028a 4FAE D43E 		.ascii	"O\256\324>Z\231|\270\376XS\265\034*\256\220d\370\031v\3004\273"
 145      5A99 7CB8 
 145      FE58 53B5 
 145      1C2A AE90 
 145      64F8 1976 
 146 02a1 48D0 0821 		.ascii	"H\320\b!D\274\265\207\007 \332\255q\250\371y\034\355\206\311"
 146      44BC B587 
 146      0720 DAAD 
 146      71A8 F979 
 146      1CED 86C9 
 147 02b5 C568 D2   		.ascii	"\305h\322"
 148 02b8 9D59 D098 		.string	"\235Y\320\230\225:\033\213\364\227\333\251\332\204\223\003\377s\262\237^W\345#\352\347`\3
 148      953A 1B8B 
 148      F497 DBA9 
 148      DA84 9303 
 148      FF73 B29F 
 149 03b9 1774 7BF1 		.ascii	"\027t{\361"
 150 03bd 6820 7616 		.string	"h v\026\032\227\t\177\027\215\321\\b\316\330\336~y.\032\227\200\306\215:e\216f\3044\232\3
 150      1A97 097F 
 150      178D D15C 
 150      62CE D8DE 
 150      7E79 2E1A 
 151 04be F1D0 4FE4 		.ascii	"\361\320O\344\304sG\370kUC\004\347/lmpr\201\035\356\353\023d"
 151      C473 47F8 
 151      6B55 4304 
 151      E72F 6C6D 
 151      7072 811D 
 152 04d6 A0A3 7C3B 		.ascii	"\240\243|;\032\235\270k\347\352\024\023C<0\036\302M\333<d3X\350"
 152      1A9D B86B 
 152      E7EA 1413 
 152      433C 301E 
 152      C24D DB3C 
 153 04ee 0C03 0422 		.ascii	"\f\003\004\"i\362X\355\220J\232\260\343\325cV\236I#S :\230\215"
 153      69F2 58ED 
 153      904A 9AB0 
 153      E3D5 6356 
 153      9E49 2353 
 154 0506 1FA7 9314 		.ascii	"\037\247\223\024)9u\263\352:{\276Xa\303\2670H\032\021M\244r\310"
 154      2939 75B3 
 154      EA3A 7BBE 
 154      5861 C3B7 
 154      3048 1A11 
 155 051e C255 1950 		.ascii	"\302U\031P\344#Z\265\224\304\223$\223A3\323j)?I\321\323&\325"
 155      E423 5AB5 
 155      94C4 9324 
 155      9341 33D3 
 155      6A29 3F49 
 156 0536 E34C D6DF 		.ascii	"\343L\326\337/\372\311\"Yz\\\013&\257\341\320<\343\017G\307\037"
 156      2FFA C922 
 156      597A 5C0B 
 156      26AF E1D0 
 156      3CE3 0F47 
 157 054c 8110 69C2 		.ascii	"\201\020i\302x\373(o\376\372%.\356uck.;\371\342\236\002\362\232"
 157      78FB 286F 
 157      FEFA 252E 
 157      EE75 636B 
 157      2E3B F9E2 
 158 0564 A15D 1E3F 		.ascii	"\241]\036?\372A\242\227\247v\364i\271j6G|\265\2131x\223\215\251"
 158      FA41 A297 
 158      A776 F469 
 158      B96A 3647 
 158      7CB5 8B31 
 159 057c 26AF FF06 		.ascii	"&\257\377\006v\001F\211\335\b\255\r\217\2119\021J.\257{\255\346"
 159      7601 4689 
 159      DD08 AD0D 
 159      8F89 3911 
 159      4A2E AF7B 
 160 0592 EA96 38BE 		.ascii	"\352\2268\276H\246\001\2360\336\257\242\362\3526cz\233q\322\206"
 160      48A6 019E 
 160      30DE AFA2 
 160      F2EA 3663 
 160      7A9B 71D2 
 161 05a7 1467 A364 		.ascii	"\024g\243d\242\355\262\372v%N\336=\330y1\226ONZN\350\223g\241"
 161      A2ED B2FA 
 161      7625 4EDE 
 161      3DD8 7931 
 161      964F 4E5A 
 162 05c0 7ACC 279F 		.ascii	"z\314'\237\324&\3177\341\341\251\356\341\331\234Q\003\274P\351"
 162      D426 CF37 
 162      E1E1 A9EE 
 162      E1D9 9C51 
 162      03BC 50E9 
 163 05d4 7065 A7CC 		.ascii	"pe\247\314G%\304\237\277\346\250/\3646/\331\250\001\346=\033"
 163      4725 C49F 
 163      BFE6 A82F 
 163      F436 2FD9 
 163      A801 E63D 
 164 05e9 4D58 D5B7 		.ascii	"MX\325\267%q\324\306\212\273\273\325\347\336\f\220ML\0335\007"
 164      2571 D4C6 
 164      8ABB BBD5 
 164      E7DE 0C90 
 164      4D4C 1B35 
 165 05fe 7501 1F75 		.ascii	"u\001\037uJ\0335h\302\303\224\356az\316\250\205\274\320\325\355"
 165      4A1B 3568 
 165      C2C3 94EE 
 165      617A CEA8 
 165      85BC D0D5 
 166 0613 6DB5 B17C 		.ascii	"m\265\261|T\362P\231y\315Q\025\254\265)\305t\324B\346=\227}1"
 166      54F2 5099 
 166      79CD 5115 
 166      ACB5 29C5 
 166      74D4 42E6 
 167 062b A31B C881 		.ascii	"\243\033\310\201\351.\365f^h\342\016*\303\206\033p\030\353\357"
 167      E92E F566 
 167      5E68 E20E 
 167      2AC3 861B 
 167      7018 EBEF 
 168 063f 5AE5 986D 		.ascii	"Z\345\230m\300=\341O\324\352\302\376\233\207\252\202|\357/\341"
 168      C03D E14F 
 168      D4EA C2FE 
 168      9B87 AA82 
 168      7CEF 2FE1 
 169 0653 1F16 9968 		.ascii	"\037\026\231h]a\334\272\022\353_\016Vk\255'\324\357uEB\357|t"
 169      5D61 DCBA 
 169      12EB 5F0E 
 169      566B AD27 
 169      D4EF 7545 
 170 066b 2689 EFFD 		.ascii	"&\211\357\375\323[\214\367~\302\022\033\263\254\322YV\223n\342"
 170      D35B 8CF7 
 170      7EC2 121B 
 170      B3AC D259 
 170      5693 6EE2 
 171 067f 0D0D E4BB 		.ascii	"\r\r\344\273\332\032\314w\373@\224m\333\025\225m\261\211\001"
 171      DA1A CC77 
 171      FB40 946D 
 171      DB15 956D 
 171      B189 01
 172 0692 6B8C 075C 		.ascii	"k\214\007\\\213\3657\222us\330\026\013\363\025\240\256\320,\266"
 172      8BF5 3792 
 172      7573 D816 
 172      0BF3 15A0 
 172      AED0 2CB6 
 173 06a6 2526 5AAF 		.ascii	"%&Z\2577n\275\001\353\217\265\215s\331\226\b\275\203\250\332"
 173      376E BD01 
 173      EB8F B58D 
 173      73D9 9608 
 173      BD83 A8DA 
 174 06ba CFD8 F65E 		.ascii	"\317\330\366^~\3452\225\214\321n\322\321~G\232\351,\013\031\313"
 174      7EE5 3295 
 174      8CD1 6ED2 
 174      D17E 479A 
 174      E92C 0B19 
 175 06cf 0128 6BDD 		.ascii	"\001(k\335\372!\255\310\032E\310\n#i\202\"\351\213\225\037\177"
 175      FA21 ADC8 
 175      1A45 C80A 
 175      2369 8222 
 175      E98B 951F 
 176 06e4 FED5 CAE5 		.ascii	"\376\325\312\345\241\345+V~\271\354\263e\337\224,E\226\245+>"
 176      A1E5 2B56 
 176      7EB9 ECB3 
 176      65DF 942C 
 176      4596 A52B 
 177 06f9 5DF6 1F6E 		.ascii	"]\366\037n\323\032~"
 177      D31A 7E
 178               		.text
 179               		.section	.gnu.lto_mousekey_send.4cc9ea32ead74baa,"",@progbits
 180 0000 789C 9553 		.string	"x\234\225S\315KTQ\024?\277{\337\327<5\205\240E\210\270\021qQ\263h\027\321\037\321\037\020
 180      CD4B 5451 
 180      143F BF7B 
 180      DFD7 3C35 
 180      85A0 4588 
 181 0097 9456 DA71 		.string	"\224V\332q=?@\032\277\324\226\302\314\325\225\234j\0310|}\215V\216\231\301\030\221&\312+\
 181      3D3F 401A 
 181      BFD4 96C2 
 181      CCD5 959C 
 181      6A19 307C 
 182 00ef 9A87 E23E 		.string	"\232\207\342>\3521\210z;\234\253\227G\266o\325x\335\002\337\210\207h*"
 182      EA31 887A 
 182      3B9C AB97 
 182      47B6 6FD5 
 182      78DD 02DF 
 183 0108 E3        		.ascii	"\343"
 184 0109 113C B606 		.string	"\021<\266\006\222\031:\025\233|>c\342\221\206\211\317\337\252j\\\222\254G\221v|9\022r\204
 184      9219 3A15 
 184      9B7C 3E63 
 184      E291 8689 
 184      CFDF AA6A 
 185 020a 7AAA 3CF4 		.ascii	"z\252<\364\264\205\226&\274\334klX\202\355\323\217\223\273\215"
 185      B485 9626 
 185      BCDC 6B6C 
 185      5882 EDD3 
 185      8F93 BB8D 
 186 021e DDE7 A42A 		.ascii	"\335\347\244*\357\344\253\177N\306%N\006\305\355\357\216'\277"
 186      EFE4 AB7F 
 186      4EC6 254E 
 186      06C5 EDEF 
 186      8E27 BF
 187 0231 D89D DEFF 		.ascii	"\330\235\336\377r\252\362b\t^\363\356W\240s\246D\347\235?\233"
 187      72AA F262 
 187      095E F3EE 
 187      57A0 73A6 
 187      44E7 9D3F 
 188 0246 0BD5 DC13 		.ascii	"\013\325\334\023\310\367\360\206\321-\020f\221\216t5\255\242"
 188      C8F7 F086 
 188      D12D 1066 
 188      918E 7435 
 188      ADA2 
 189 0258 2B9E 3E6D 		.ascii	"+\236>mSr\255\363z1'\206<x)u\346BG\252=\331~1u\271\265\255\365"
 189      5372 ADF3 
 189      7A31 2786 
 189      3C78 2975 
 189      E642 47AA 
 190 0275 CAD1 73E4 		.ascii	"\312\321s\344t\234oo\375\013\207U\220\260"
 190      749C 6F6F 
 190      FD0B 8755 
 190      90B0 
 191               		.text
 192               		.section	.gnu.lto_mousekey_task.4cc9ea32ead74baa,"",@progbits
 193 0000 789C 9D59 		.string	"x\234\235YipTU\026~\347\276\356Ng\017\t\204\220t\310BV\310FB\025\216\005\270\026Vii\225\f
 193      6970 5455 
 193      167E E7BE 
 193      EE4E 670F 
 193      0984 9074 
 194 003a 030A 4161 		.ascii	"\003\nAa4\b\030\022d\311\242\204E\334\302\"\004YE\202\231\214"
 194      3408 1812 
 194      64C9 A284 
 194      45DC C222 
 194      0459 4582 
 195 0050 226A 1216 		.ascii	"\"j\022\026\307%d\3169\367\275\3277\235\327\031:\024u\373\335"
 195      C725 64CE 
 195      39F7 BDD7 
 195      379D D719 
 195      3A14 75FB 
 196 0065 7BCF FDBE 		.ascii	"{\317\375\276s\277s\227\363\362\034\032h\364oC\232\246M\304\337"
 196      73BF 7397 
 196      F3F2 1C1A 
 196      68F4 6F43 
 196      9AA6 4DC4 
 197 007a D784 A6C1 		.ascii	"\327\204\246\3018\r\304\342\203\2326\327-\204\2435Q\363F\350"
 197      380D C4E2 
 197      839A 36D7 
 197      2D84 A335 
 197      51F3 46E8 
 198 008e 4DE3 356F 		.ascii	"M\3435o\224.\034\013s\261\226De\224C8\271\346\342\232\023\302"
 198      942E 1C0B 
 198      73B1 9644 
 198      6594 4338 
 198      B9E6 E29A 
 199 00a4 E410 97F9 		.ascii	"\344\020\227\371\020&\334\212\265[\204\257\275\001k\021\235\303"
 199      1026 DC8A 
 199      B55B 84AF 
 199      BD01 6B11 
 199      9DC3 
 200 00b6 B016 0E11 		.ascii	"\260\026\016\021\322(BD\262Q\f\033E\212\350y\277\303Z\324\313"
 200      D228 4244 
 200      B251 0C1B 
 200      458A E879 
 200      BFC3 5AD4 
 201 00cb 6414 05D1 		.ascii	"d\024\005\321\322(\032b\344C\214\210e\353x\266\216\025C\330:"
 201      D228 1A62 
 201      E443 8C88 
 201      65EB 78B6 
 201      8E15 43D8 
 202 00e0 8EAD E360 		.ascii	"\216\255\343`\2104\032\002\361\362!^$(\016$\210\241Jm\250\030"
 202      8834 1A02 
 202      F1F2 215E 
 202      2428 0E24 
 202      88A1 4A6D 
 203 00f6 C6B5 44AE 		.ascii	"\306\265D\256\r\203D9$Q\fW\214"
 203      0D83 4439 
 203      2451 0C57 
 203      8C
 204 0103 8643 926C 		.string	"\206C\222lN\022\311,\303\b\226a\204Hf\243\"6J\026)\\\363p-\005R\345\020\217\371\220*F*\32
 204      4E12 C92C 
 204      C308 9661 
 204      8448 66A3 
 204      2236 4A16 
 205 0204 1756 1B77 		.string	"\027V\033w4\355wRU@\tV\337}\363\225n\207\236\bd\351k|\261\335\235\275\316\273\330\353m>\2
 205      34ED 7752 
 205      5540 0956 
 205      DF7D F395 
 205      6E87 9E08 
 206 0237 0F54 8387 		.ascii	"\017T\203\207\301\321\372|\355\265e\321\256yD\237\016\033![\022"
 206      C1D1 FA7C 
 206      EDB5 65D1 
 206      AE79 449F 
 206      0E1B 215B 
 207 024c C326 70E1 		.ascii	"\303&p\341VrR\013A\236-_\356.\336L\220q\025\272\203Z\257\t\003"
 207      5672 520B 
 207      419E 2D5F 
 207      EE2E DE4C 
 207      9071 15BA 
 208 0265 E060 4BF7 		.ascii	"\340`K\367\017\016\335\303\324\233w\234\354v \265w!\376o\366"
 208      0F0E DDC3 
 208      D49B 779C 
 208      EC76 20B5 
 208      7721 FE6F 
 209 027a C2AB 48EC 		.ascii	"\302\253H\354\204w%q\231\007J<\032l\206b\"\250\t\016\f\022\370"
 209      8477 2571 
 209      9907 4A3C 
 209      1A6C 8662 
 209      22A8 090E 
 210 0291 68F5 B255 		.ascii	"h\365\262U\341z\026\003\257\377\276\343\260\350\007\\\333\007"
 210      E17A 1603 
 210      AFFF BEE3 
 210      B0E8 075C 
 210      DB07 
 211 02a3 788B 04AE 		.ascii	"x\213\004\256\013\016,$\360\306\336\245\007\204^\300\300u\213"
 211      0B0E 2C24 
 211      F0C6 DEA5 
 211      0784 5EC0 
 211      C075 8B
 212 02b6 0F5E EAEF 		.ascii	"\017^\352\357\361{}\200\267J\340m\301\201u\t\\\271\177\303\265"
 212      F17B 7D80 
 212      B74A E06D 
 212      C181 7509 
 212      5CB9 7FC3 
 213 02cb 587D 1C03 		.ascii	"X}\034\003/zi}\033\364\003\336\321\007x\273\004\336\t\3315S\232"
 213      2F7A 697D 
 213      1BF4 03DE 
 213      D107 78BB 
 213      04DE 09D9 
 214 02e2 BDBD BD3E 		.ascii	"\275\275\275>osk\314\272\365\360\024h\025\272K`\021\246S\341"
 214      6F73 6BCC 
 214      BAF5 F014 
 214      6815 BA4B 
 214      6011 A653 
 215 02f7 A0AA 939E 		.ascii	"\240\252\223\236\\T$a\341N\246\"\005\213p\017\025\251d2\222\236"
 215      5C54 2461 
 215      E14E A622 
 215      058B 700F 
 215      15A9 6432 
 216 030d D2B0 8848 		.ascii	"\322\260\210H\247\"\203\3322\251-\013\213\310lz\312a\345sY\246"
 216      A722 83DA 
 216      32A9 2D0B 
 216      8BC8 6C7A 
 216      CA61 E573 
 217 0323 3C02 CBC7 		.ascii	"<\002\313\307\"j\f\231\027P\177!\317\263\210\235*\246\376\022"
 217      226A 0C99 
 217      1750 7F21 
 217      CFB3 889D 
 217      2AA6 FE12 
 218 0337 EA2F A5A2 		.ascii	"\352/\245\242\214\212qd9\236\212\033\311\201\tTL\244\201\223"
 218      8C8A 7164 
 218      399E 8A1B 
 218      C981 0954 
 218      4CA4 8193 
 219 034b A8B8 8918 		.ascii	"\250\270\211\030o\246\247[\310\344V*n\243\266\333\251m2yq\007"
 219      6FA6 A75B 
 219      C8E4 562A 
 219      6EA3 B6DB 
 219      A96D 3279 
 220 0361 3DDD 49C8 		.ascii	"=\335I\310w\021\336\335dr\017\265\335KmS\250m*\025\323\250\270"
 220      7711 DEDD 
 220      6472 0FB5 
 220      DD4B 6D53 
 220      A86D 2A15 
 221 0378 8F7A EFA7 		.ascii	"\217z\357\247\342\001\252>H\305CTL\247\342a\352x\204\212\031"
 221      E201 AA3E 
 221      48C5 4354 
 221      4CA7 E261 
 221      EA78 848A 
 222 038d 54CC 24F8 		.ascii	"T\314$\370G\351\3511*\036\247b\026\265="
 222      47E9 E931 
 222      2A1E A762 
 222      16B5 3D
 223 039c 0134 E73F 		.string	"\0014\347?\001\315y6\320\374\236\004\232\237\246u\342\212\240-\334\205K\003\177\365\016(_
 223      01CD 7936 
 223      D0FC 9E04 
 223      9A9F A675 
 223      E28A A02D 
 224 049d FDFB 3DAE 		.string	"\375\373=\2560\370\004y\344\211\b\237B\261\272l\"A\203\317p\030\261v\206\316\3322\020\353
 224      30F8 0479 
 224      E489 089F 
 224      42B1 BA6C 
 224      2241 83CF 
 225 0593 411A 0261 		.ascii	"A\032\002a\335\267\312%\353\351\330\204\b=\235\207{\242h\222"
 225      DDB7 CA25 
 225      EBE9 D884 
 225      083D 9D87 
 225      7BA2 6892 
 226 05a7 1110 01E7 		.ascii	"\021\020\001\347\345\232\354^p\321\030\224\201v\354U\030\305"
 226      E59A EC5E 
 226      70D1 1894 
 226      8176 EC55 
 226      18C5 
 227 05b9 1E15 3AE8 		.ascii	"\036\025:\350\373\305\360\n0X$H7\340S\252\363D,Z\273\310\324"
 227      FBC5 F00A 
 227      3058 2448 
 227      37E0 53AA 
 227      F344 2C5A 
 228 05d0 4D13 6031 		.ascii	"M\023`1/\255\366(jV\264opK5{\001\276\266\344\f\327\226\304\343"
 228      2FAD F628 
 228      6A56 B46F 
 228      704B 357B 
 228      01BE B6E4 
 229 05e9 7C7D CBE7 		.ascii	"|}\313\347\267\032\244\231r\300\266\005-\265|\272\017\005\200"
 229      B71A A499 
 229      72C0 B605 
 229      2DB5 7CBA 
 229      0F05 80
 230 05fc 76E9 99D4 		.ascii	"v\351\231\324<\204\030\377\333\322\243\003\365@l\346\214\260"
 230      3C84 18FF 
 230      DBD2 A303 
 230      F540 6CE6 
 230      8CB0 
 231 060e 5CFC C974 		.ascii	"\\\374\311t1GY\350\221ZK\224\376\r\370\274\365\306\\\263\373"
 231      3147 59E8 
 231      915A 4B94 
 231      FE0D F8BC 
 231      F5C6 5CB3 
 232 0623 310E EBA5 		.ascii	"1\016\353\245\235\f\377\301UY\241'\322\3329\341\273 \002\241"
 232      9D0C FFC1 
 232      5559 A127 
 232      D2DA 39E1 
 232      BB20 02A1 
 233 0637 3A45 94B6 		.ascii	":E\224\266U\327\273D4!*\342\347\371t\201\260j|\362\261u\200)"
 233      55D7 BB44 
 233      3421 2AE2 
 233      E7F9 7481 
 233      B06A 7CF2 
 234 064f 063F 0DBE 		.ascii	"\006?\r\276\tr\032T\001\035\007\337\372\217\324\013P\2144\024"
 234      0972 1A54 
 234      011D 07DF 
 234      FA8F D40B 
 234      508C 3414 
 235 0663 31A1 CA1B 		.ascii	"1\241\312\033\206\362~\007\236\310\352H\312\026}\373\016\351"
 235      86F2 7E07 
 235      9EC8 EA48 
 235      CA16 7DFB 
 235      0EE9 
 236 0675 B215 A374 		.ascii	"\262\025\243t\021<Q$H\214\245\327\257\246^\352\301\020\033\250"
 236      113C 5124 
 236      488C A5D7 
 236      AFA6 5EEA 
 236      C110 1BA8 
 237 0689 5741 30BD 		.ascii	"WA0\275\276\267\323+W\321+N\3525$@/t\\GXU\257\022l\035\224^?"
 237      BEB7 D32B 
 237      57D1 2B4E 
 237      EA35 2440 
 237      2F74 5C47 
 238 06a6 0CA8 D78F 		.ascii	"\f\250\327\217\376\313\240\223\364*!\275t\022(\266:\222\004\211"
 238      FECB A093 
 238      F42A 21BD 
 238      7412 28B6 
 238      3A92 0489 
 239 06ba A319 C71B 		.ascii	"\243\031\307\033\233\264\241\253}\251\341Oi\b.t\365s\241\220"
 239      9BB4 A1AB 
 239      7DA9 E14F 
 239      6908 2E74 
 239      F573 A190 
 240 06ce B8BB FDB1 		.ascii	"\270\273\375\261\272\2049-\013\376\264\201\256\310\235 \305)"
 240      BA84 392D 
 240      0BFE B481 
 240      AEC8 9D20 
 240      C529 
 241 06e0 6F68 2B94 		.ascii	"oh+\224\235e!P_\266\247\276\342\237\366U\223\272\333\210f\231"
 241      9D65 2150 
 241      5FB6 A7BE 
 241      E29F F655 
 241      93BA DB88 
 242 06f6 C23D 547B 		.ascii	"\302=T{\313\245\237\207\362\346e\257\244\031\272\257jXP\036\241"
 242      CBA5 9F87 
 242      F2E6 65AF 
 242      A419 BAAF 
 242      6A58 501E 
 243 070b 4FE0 A377 		.ascii	"O\340\243w\331\261\323\307\370\005\003_\232\216-\322\347\311"
 243      D9B1 D3C7 
 243      F805 035F 
 243      9A8E 2DD2 
 243      E7C9 
 244 071d 97A6 48F8 		.ascii	"\227\246H\370IM\330y\202\377\245,\242T\2366\327.\351}_\241\274"
 244      494D D879 
 244      82FF A52C 
 244      A254 9E36 
 244      D72E E97D 
 245 0734 1BD7 4C22 		.ascii	"\033\327L\"\013~\201\352\305k)\340\rK\203\2371-\321\340\027r"
 245      0B7E 81EA 
 245      C56B 29E0 
 245      0D4B 839F 
 245      312D D1E0 
 246 074a EF7E 89E3 		.ascii	"\357~\211\343[5\037qd\323}\330\212C\316\256\374\331\013\362l"
 246      5B35 1F71 
 246      64D3 7DD8 
 246      8A43 CEAE 
 246      FCD9 0BF2 
 247 075f DB06 F02B 		.ascii	"\333\006\360+\037!\276\356\371\227\205\264\272\033\r\311\377"
 247      1F21 BEEE 
 247      F997 85B4 
 247      BA1B 0DC9 
 247      FF
 248 0770 C6CB 9F3A 		.ascii	"\306\313\237:\245\225\033~3O\300v\220F\223\321NS&\314n\221\311"
 248      A595 1B7E 
 248      334F C076 
 248      9046 93D1 
 248      4E53 26CC 
 249 0787 9117 DBF5 		.ascii	"\221\027\333\365\020W^O\220\225\367\fIt\315\037\374^Zx\223)\b"
 249      1057 5E4F 
 249      9095 F70C 
 249      4974 CD1F 
 249      FC5E 5A78 
 250 079e A77C 356B 		.ascii	"\247|5k\362d\024&+Q\030\246-\325u\316Q:|\341!:\341\025\366N\374"
 250      F264 1426 
 250      2B51 18A6 
 250      2DD5 75CE 
 250      513A 7CE1 
 251 07b9 8D9C 982B 		.ascii	"\215\234\230+,'\312E\261zJD\342)\341\023\362\212J4\027\301j"
 251      2C27 CA45 
 251      B17A 4A44 
 251      E229 E113 
 251      F28A 4A34 
 252 07d0 6B11 5C7F 		.ascii	"k\021\\\177\340\347\t\f|Y\260\3007b\340\321\"x\340+\004\005~"
 252      E0E7 090C 
 252      7C59 B0C0 
 252      3762 E0D1 
 252      2278 E02B 
 253 07e7 BE40 45C6 		.ascii	"\276@E\306K\034#\360\3344\016[\373\004\232[\307`G\237\310rk\026"
 253      4B1C 23F0 
 253      DC34 0E5B 
 253      FB04 9A5B 
 253      C760 479F 
 254 07ff 7668 CA2C 		.ascii	"vh\312,\230w\220\221]\020DT\216\354Ba\355\255J\201\221\315\222"
 254      9877 9091 
 254      5D10 4454 
 254      8EEC 4261 
 254      EDAD 4A81 
 255 0816 91DD 6546 		.ascii	"\221\335eF6K\211\354p+\262\027C\216\354\213\003E\366%\277\023"
 255      364B 89EC 
 255      702B B217 
 255      438E EC8B 
 255      0345 F625 
 256 082c 2F8B 622B 		.ascii	"/\213b+\224I\374\302&o\3535F\202X\250\3703\242_FX\244\364&\007"
 256      9449 FCC2 
 256      266F EB35 
 256      4682 58A8 
 256      F833 A25F 
 257 0846 6684 37DA 		.ascii	"f\2047\332\245\200N"
 257      A580 4E
 258 084d FB14 F0EF 		.string	"\373\024\360\357\302L\001\027\t5\005\234\020,\005|EP\nx\243\225\002\0367<\232h\227\017\27
 258      C24C 0117 
 258      0935 059C 
 258      102C 057C 
 258      4550 0A78 
 259 094e 41EE F5E9 		.ascii	"A\356\365\351\004\253\n2\005[\007%\310\352\001\005Y#\254\327"
 259      04AB 0A32 
 259      055B 0725 
 259      C8EA 0105 
 259      5923 ACD7 
 260 0962 DA2A 1264 		.ascii	"\332*\022d\n\t\342\"A\262\245 94\343<3/\253\275b\346eSCpam?\027"
 260      0A09 E222 
 260      41B2 A520 
 260      3934 E33C 
 260      332F ABBD 
 261 0980 3839 7AC3 		.ascii	"89z\303\037\2147E\337\274l\252\"w~`^6-\004\352u\366\324\353\375"
 261      1F8C 3745 
 261      DFBC 6CAA 
 261      2277 7E60 
 261      5E36 2D04 
 262 099a D3FE 9708 		.ascii	"\323\376\227\b\310\313\246)\334\243\315+\371\370 \256\344\267"
 262      C8CB A629 
 262      DCA3 CD2B 
 262      F9F8 20AE 
 262      E4B7 
 263 09ac E84A 9E1A 		.ascii	"\350J\236\032\354J\256\251\232D\026\301\257\344\267\371J\256"
 263      EC4A AEA9 
 263      9A44 16C1 
 263      AFE4 B7F9 
 263      4AAE 
 264 09be A63B F561 		.ascii	"\246;\365a\211c\\\311\334\364\b\266\366\271\222\271u\006v\364"
 264      8963 5CC9 
 264      DCF4 08B6 
 264      F6B9 92B9 
 264      7506 76F4 
 265 09d2 B992 B975 		.ascii	"\271\222\271u&vh\312,\230w\220W\362\206\201\256\344w\374\021"
 265      2676 68CA 
 265      2C98 7790 
 265      57F2 8681 
 265      AEE4 77FC 
 266 09e7 DD48 AB69 		.ascii	"\335H\253i\246\274\222\267V\031W\362LE\3321\346\225\334y5\344"
 266      A6BC 92B7 
 266      5619 57F2 
 266      4C45 DA31 
 266      E695 DC79 
 267 09fd 2B79 D340 		.ascii	"+y\323@W\362f\277\023\357*Wr\201\031\312\257\006\021\312\032"
 267      57F2 66BF 
 267      13EF 2A57 
 267      7281 19CA 
 267      AF06 11CA 
 268 0a12 0AE5 B460 		.ascii	"\n\345\264`\241\334\205\241\254\031(\224[8\224\265\024\213G%"
 268      A1DC 85A1 
 268      AC19 2894 
 268      5B38 94B5 
 268      148B 4725 
 269 0a26 8E11 4A6E 		.ascii	"\216\021Jnz\f[\373\204\222[\037\307\216>\241\344\326Y\330\241"
 269      7A0C 5BFB 
 269      8492 5B1F 
 269      C78E 3EA1 
 269      E4D6 59D8 
 270 0a3b 29B3 60DE 		.ascii	")\263`\336A\206\262n\240Pn\365\357\220\367(\224\263d(\2776C9"
 270      4186 B26E 
 270      A050 6EF5 
 270      EF90 F728 
 270      94B3 6428 
 271 0a53 4B09 65A1 		.ascii	"K\te\241\025\312\337B\016\345\266\201B\271\335\357\304\016%\224"
 271      15CA DF42 
 271      0EE5 B681 
 271      42B9 DDEF 
 271      C40E 2594 
 272 0a67 45E6 9FC3 		.ascii	"E\346\237\303\033j{\217:\245?\017\204\300\271\323\376P\250\367"
 272      1B6A 7B8F 
 272      3AA5 3F0F 
 272      84C0 B9D3 
 272      FE50 A8F7 
 273 0a7b 67E9 0DE6 		.ascii	"g\351\r\346\241\360G\003]\231m1\345n|\036\345\312\316\007C\240"
 273      A1F0 4703 
 273      5D99 6D31 
 273      E56E 7C1E 
 273      E5CA CE07 
 274 0a91 6EB4 A76E 		.ascii	"n\264\247n\362\247\221\357\233\324\347\215\363\350A\205\273D"
 274      F2A7 91EF 
 274      9BD4 E78D 
 274      F3E8 4185 
 274      BB44 
 275 0aa3 3B9B 22B9 		.ascii	";\233\"\271'\310\316\207B\340\376\300\236{\227\177\2774\233\334"
 275      27C8 CE87 
 275      42E0 FEC0 
 275      9E7B 977F 
 275      BF34 9BDC 
 276 0ab7 E65D F590 		.ascii	"\346]\365\220\302=V\3731Zr\0370<\233\036\002\371n{\362=\376\b"
 276      C23D 56FB 
 276      315A 721F 
 276      303C 9B1E 
 276      02F9 6E7B 
 277 0acf EFB5 0E62 		.ascii	"\357\265\016b#q\234\256\220\227jg>\326\370\322\335\305wd\377"
 277      2371 9CAE 
 277      9097 6A67 
 277      3ED6 F8D2 
 277      DDC5 7764 
 278 0ae4 3F48 0EEF 		.ascii	"?H\016\357\025\230\021\303>\276r\223xP\231\365\331\244\253w\235"
 278      1598 11C3 
 278      3EBE 7293 
 278      7850 99F5 
 278      D9A4 AB77 
 279 0af9 F9D7 E045 		.ascii	"\371\327\340E\247Zv\270q\224\374D6\202\277*\022Z\323\212\266"
 279      A75A 76B8 
 279      7194 FC44 
 279      3682 BF2A 
 279      125A D38A 
 280 0b0e 3472 98BF 		.ascii	"4r\230\277\233}(\224\357\031\3739W\312\351s\373\006C\371v\305"
 280      9B7D 2894 
 280      EF19 FB39 
 280      57CA E973 
 280      FB06 43F9 
 281 0b24 B24B 1116 		.ascii	"\262K\021\026\314GB\371f\3611\303\344^\027L\307\356\235\247\204"
 281      CC47 42F9 
 281      66F1 31C3 
 281      E45E 174C 
 281      C7EE 9DA7 
 282 0b39 05F3 8950 		.ascii	"\005\363\211P\276K|\3120\205\327\005\363\345\212\236\317\242"
 282      BE4B 7CCA 
 282      3085 D705 
 282      F3E5 8A9E 
 282      CFA2 
 283 0b4b 2C98 CF84 		.ascii	",\230\317\204\362\355\241\205a\212\006\225R\0340c\t\007\021\205"
 283      F2ED A185 
 283      618A 0695 
 283      521C 3063 
 283      0907 1185 
 284 0b5f D93A 60CF 		.ascii	"\331:`\317\031\247\362aj\345\271\346%\316\033\266{\027b\226\241"
 284      19A7 F261 
 284      6AE5 B9E6 
 284      25CE 1BB6 
 284      7B17 6296 
 285 0b74 6B70 48DC 		.ascii	"kpH\334@\247V\234A\264i\323\306J1\272\232\017\336\332\351\363"
 285      40A7 569C 
 285      41B4 69D3 
 285      C64A 31BA 
 285      9A0F DEDA 
 286 0b8a D6BA 2BE8 		.ascii	"\326\272+\350\017\257\362\250=,F\007\214wh\360\2712\236>)\221"
 286      0FAF F2A8 
 286      3D2C 4607 
 286      8C77 68F0 
 286      B932 9E3E 
 287 0ba0 5510 40EF 		.ascii	"U\020@\357\302\3468M\301;b\207wT\305\253C\274#\327\215\327j\207"
 287      C2E6 384D 
 287      C13B 6287 
 287      7754 C5AB 
 287      43BC 23D7 
 288 0bb8 774C C5DB 		.ascii	"wL\305\333\206x\255\327\215\367\205\035\336q\025o'\342\241\225"
 288      8678 ADD7 
 288      8DF7 851D 
 288      DE71 156F 
 288      27E2 A195 
 289 0bcc 7601 8FFD 		.ascii	"v\001\217\375\305\361\034>\231=\002\255o\334\270\t\177y\356\017"
 289      C5F1 1C3E 
 289      993D 02AD 
 289      6FDC B809 
 289      7F79 EE0F 
 290 0be0 4F3E FBDC 		.ascii	"O>\373\334\354\342\331O=\367\314\214'f\274P\364\260\346|v\366"
 290      ECE2 D94F 
 290      3DF7 CC8C 
 290      2766 BC50 
 290      F4B0 E67C 
 291 0bf6 9F67 3F1D 		.ascii	"\237g?\035\306e\326\363\306\357\013\306\357_\215\337\307\340"
 291      C665 D6F3 
 291      C6EF 0BC6 
 291      EF5F 8DDF 
 291      C7E0 
 292 0c08 F9FF 011F 		.ascii	"\371\377\001\037\270\264\267"
 292      B8B4 B7
 293               		.text
 294               		.section	.gnu.lto_mousekey_clear.4cc9ea32ead74baa,"",@progbits
 295 0000 789C 7591 		.ascii	"x\234u\221\277KBQ\024\307\317\367\\Q\t\202 \232jpu\311\240\305"
 295      BF4B 4251 
 295      14C7 CFF7 
 295      5C51 0982 
 295      209A 6A70 
 296 0018 BFA3 3F20 		.ascii	"\277\243? \210p\n\213(\207&\257\326#\335\\j\013G\355\207\231"
 296      8870 0A8B 
 296      2887 26AF 
 296      D623 DD5C 
 296      6A0B 47ED 
 297 002e 15C5 DB44 		.ascii	"\025\305\333D\232\242_C\272\330`\r\016\322\240`4\231\235\373"
 297      9AA2 5F43 
 297      BAD8 600D 
 297      0ED2 A060 
 297      3499 9DFB 
 298 0042 A4B7 F83A 		.ascii	"\244\267\370:p9\227s\016\237\317\341^\037\201L\274K\232\221<"
 298      7039 9773 
 298      0E9F CFE1 
 298      5E1F 814C 
 298      BC4B 9A91 
 299 0057 2B07 8AC0 		.ascii	"+\007\212\300\271'\242T\220\001s\321AP\222\221\304\027\017\030"
 299      B927 A254 
 299      9001 73D1 
 299      4150 9291 
 299      C417 0F18 
 300 006b B5FD B6CD 		.ascii	"\265\375\266\315\341\202\226hY\235E]\254\302RDCvH\204\002\302"
 300      E182 9668 
 300      599D 455D 
 300      ACC2 5244 
 300      4376 4884 
 301 0081 2463 1F95 		.ascii	"$c\037\225\237\203I\377\236\031\013\215\232(\302ot\345\245\252"
 301      9F83 49FF 
 301      9E19 0B8D 
 301      9A28 C26F 
 301      74E5 A5AA 
 302 0095 1E0E 77B5 		.ascii	"\036\016w\265\376^(E\374D]i\032M\217\331d\325F\372\255\367z\033"
 302      FE5E 2845 
 302      FC44 5D69 
 302      1A4D 8FD9 
 302      64D5 46FA 
 303 00ad 30F3 023A 		.ascii	"0\363\002:\264j\317\201>[\n0\\\333\376l\006\222\003\235\321z"
 303      B46A CF81 
 303      3E5B 0A30 
 303      5CDB FE6C 
 303      0692 039D 
 304 00c3 4A6A 5951 		.ascii	"JjYQ\233r\347\241~7\221\307QJ;u\306\211\354{\2149\321\236\"\017"
 304      9B72 E7A1 
 304      7E37 91C7 
 304      514A 3B75 
 304      C689 EC7B 
 305 00dd 99B8 6F3D 		.ascii	"\231\270o=6\020\275\321\231\220\264\tg\210\222\230\372\271\372"
 305      3610 BDD1 
 305      9990 B409 
 305      6788 9298 
 305      FAB9 FA
 306 00f0 9848 7988 		.ascii	"\230Hy\210TV\252\036\"\037\316ETrD\345\221\310\345\370@\270\220"
 306      5456 AA1E 
 306      221F CE45 
 306      5472 44E5 
 306      91C8 E5F8 
 307 0107 8ED1 BCB8 		.ascii	"\216\321\274\270\2321.{s+.\367R\270.(\327\370\027\244\274AW."
 307      9A31 2E7B 
 307      732B 2EF7 
 307      52B8 2E28 
 307      D7F8 17A4 
 308 011f E8FA 0FD4 		.ascii	"\350\372\017\324A\272\332\\6\034\347\317\272\f\363\362\262\310"
 308      41BA DA5C 
 308      361C E7CF 
 308      BA0C F3F2 
 308      B2C8 
 309 0131 F466 6265 		.ascii	"\364fbe};\021\217\3047\022[\261\265\330\316\374*\375\002\016"
 309      7D3B 118F 
 309      C437 125B 
 309      B1B5 D8CE 
 309      FC2A FD02 
 310 0146 95B5 CD   		.ascii	"\225\265\315"
 311               		.text
 312               		.section	.gnu.lto_.symbol_nodes.4cc9ea32ead74baa,"",@progbits
 313 0000 789C 5D8E 		.string	"x\234]\216\313J\303@\024\206\277\231I\332F#\001\241\026DP\367\272\365\365&fSp\243\370\006
 313      CB4A C340 
 313      1486 BF99 
 313      49DA 4623 
 313      01A1 1644 
 314 0044 E42B 1AB6 		.string	"\344+\032\266:X\354\305;\261\002\277\217\210gA\371C\344\272\031\360oP.y\300\313\023\371\2
 314      3A58 ECC5 
 314      3BB1 02BF 
 314      8F88 6741 
 314      F943 E4BA 
 315 0107 EE4D 6D1A 		.ascii	"\356Mm\032"
 316               		.text
 317               		.section	.gnu.lto_.refs.4cc9ea32ead74baa,"",@progbits
 318 0000 789C 258E 		.ascii	"x\234%\216\313.\004Q\024E\327\256*UewW+\255\265\267\210G\030"
 318      CB2E 0451 
 318      1445 D7AE 
 318      2A55 6577 
 318      572B ADB5 
 319 0018 A0BD E908 		.ascii	"\240\275\351\b\337\345\007\374\227HD\304\320\314\214\030\212"
 319      DFE5 07FC 
 319      9748 44C4 
 319      D0CC 8C18 
 319      8A
 320 0029 9910 1171 		.ascii	"\231\020\021q\212\301\272\2719'w\255\233!.\004%H$\031I\233\244"
 320      8AC1 BAB9 
 320      3927 77AD 
 320      9B21 2E04 
 320      2548 2419 
 321 0040 473A 4336 		.ascii	"G:C6G\262@\262\\\2164\233<#o\221w)&)\247\310g\310\347\353QyD"
 321      47B2 40B2 
 321      5C8E 349B 
 321      3C23 6F91 
 321      7729 2629 
 322 005d 8EB3 2377 		.ascii	"\216\263#w\345\276<'/\311\253x]\036\240]i\037\035J\307h(\235"
 322      E5BE 3C27 
 322      2FC9 AB78 
 322      5D1E A05D 
 322      691F 1D4A 
 323 0075 2EB6 7022 		.ascii	".\266p\"g8\227Kl\271M\363\272\246\021\364h\034\323xV\236\307"
 323      6738 974B 
 323      6CB9 4DF3 
 323      BAA6 11F4 
 323      681C D378 
 324 008c 8B21 C32B 		.ascii	"\213!\303+\362&\332\226v\320\236t\200\216\244\023<\304\247J\317"
 324      F226 DA96 
 324      76D0 9E74 
 324      808E A413 
 324      3CC4 A74A 
 325 00a1 F039 BE42 		.ascii	"\3609\276B\3055E\270R\342KU\301\277\275\323N\\m\214aE\227\277"
 325      C535 45B8 
 325      52E2 4B55 
 325      C1BF BDD3 
 325      4E5C 6D8C 
 326 00b9 6E6C D474 		.ascii	"nl\324t[\221\226+\252\232\264K\335c\274\2574\212kM\316[x \037"
 326      5B91 962B 
 326      AA9A B44B 
 326      DD63 BCAF 
 326      348A 6B4D 
 327 00d2 CB43 3572 		.ascii	"\313C5r_C\347\006\212[\350\336\301\304}\004\037b\376\030<\201"
 327      5F43 E706 
 327      8A5B E8DE 
 327      C1C4 7D04 
 327      1F62 FE18 
 328 00e8 9F83 97B8 		.ascii	"\237\203\227\270\277\006o\301{\360\021\263\317\340+\370\016~"
 328      BF06 6FC1 
 328      7BF0 11B3 
 328      CFE0 2BF8 
 328      0E7E 
 329 00fa 6276 A9AC 		.ascii	"bv\251\254'Ki\242\"\2252~\001\2047 \234"
 329      274B 69A2 
 329      2295 327E 
 329      0184 3720 
 329      9C
 330               		.text
 331               		.section	.gnu.lto_.decls.4cc9ea32ead74baa,"",@progbits
 332 0000 789C 9557 		.string	"x\234\225WkP\024W\026\356\333w\200\231f\200((f\213\270\256\245YjkKLR\273\233\374J\252v\25
 332      6B50 1457 
 332      16EE DB77 
 332      8099 6680 
 332      2828 668B 
 333 00b9 3382 F981 		.string	"3\202\371\201-\005\013@\202\313E\342y\201\325\202-\005\013"
 333      2D05 0B40 
 333      82CB 45E2 
 333      7981 D582 
 333      2D05 0B00 
 334 00cd 1BE5 9AFE 		.string	"\033\345\232\376\006\266\214\343\021\307\352^\021S{\265\377\037|\355\032>\255n\355E\352\3
 334      06B6 8CE3 
 334      11C7 EA5E 
 334      1153 7BB5 
 334      FF1F 7CED 
 335 00f0 2610 EE6F 		.string	"&\020\356o\"\306\031\004\367\037y-\257\202\235\340q<\340~\021\314\001\326\004v\t\3542\030
 335      22C6 1904 
 335      F71F 792D 
 335      AF82 9DE0 
 335      713C E07E 
 336 0141 FBD0 2DE6 		.string	"\373\320-\346Jh\3735\330"
 336      4A68 FB35 
 336      D800 
 337 014b E776 F0F8 		.ascii	"\347v\360\370Jl\3149\311\372\032\344>\211\257\254!\355E\326\343"
 337      4A6C CC39 
 337      C9FA 1AE4 
 337      3E89 AFAC 
 337      21ED 45D6 
 338 0160 AFDC 62AF 		.ascii	"\257\334b\257\002\314o\300\326 \246\203\314\321\006A\235\367"
 338      02CC 6FC0 
 338      D620 A683 
 338      CCD1 0641 
 338      9DF7 
 339 0172 135C 9BA2 		.ascii	"\023\\\233\242i-b\232\336\006{\302kB\347\227\317\345o\341~\007"
 339      692D 629A 
 339      DE06 7BC2 
 339      6B42 E797 
 339      CFE5 6FE1 
 340 0188 EEC1 E8D5 		.ascii	"\356\301\350\325z=\271\016\362.\220y\374=bsIr0h\264\223\332)"
 340      7A3D B90E 
 340      F22E 9079 
 340      FC3D 6273 
 340      4972 3068 
 341 01a0 EB9F E481 		.ascii	"\353\237\344\201^\363\036\220\367\313\203\347\244hT4\t|^\372"
 341      5EF3 1E90 
 341      F7CB 83E7 
 341      A468 5434 
 341      097C 5EFA 
 342 01b4 34F3 A2CC 		.ascii	"4\363\242\314\211\373\232Y\020\321\345\305\031\273\337S\021-"
 342      89FB 9A59 
 342      10D1 E5C5 
 342      19BB DF53 
 342      112D 
 343 01c6 9590 086E 		.ascii	"\225\220\bn\373D\363Aop\003$\364\006\270?\034\256{id\275\036"
 343      FB44 F341 
 343      6F70 0324 
 343      F406 B83F 
 343      1CAE 7B69 
 344 01dd E0B6 EDAC 		.ascii	"\340\266\355\254\312\305\314\325\201\233Pti\316\007\213\210\360"
 344      CAC5 CCD5 
 344      819B 5074 
 344      69CE 078B 
 344      88F0 
 345 01ef 9417 F5E7 		.ascii	"\224\027\365\347\031\240+PB\213\304o\350\350\317\225\230/\177"
 345      19A0 2B50 
 345      428B C46F 
 345      E8E8 CF95 
 345      982F 7F
 346 0202 037E EBFD 		.ascii	"\003~\353\375\205a\264\256B\206k\237,\213:UAG\317\013\273\036"
 346      8561 B4AE 
 346      4286 6B9F 
 346      2C8B 3A55 
 346      4147 CF0B 
 347 0218 FB10 16F1 		.ascii	"\373\020\026\361\324\371\214\013\006\024,\035!\270\376\256\247"
 347      D4F9 8C0B 
 347      0614 2C1D 
 347      21B8 FEAE 
 347      A7
 348 0229 7E30 E00D 		.ascii	"~0\340\rt\002I\250\022at\034\255#\211\004\222\245\233D\020\366"
 348      7402 49A8 
 348      1261 741C 
 348      AD23 8904 
 348      92A5 9B44 
 349 023f 02D9 7385 		.ascii	"\002\331s\205\200\336\013B\353\203\004T\205\202I8\202B\307P\020"
 349      80DE 0B42 
 349      EB83 0454 
 349      8582 4938 
 349      8242 C750 
 350 0254 AA40 4184 		.ascii	"\252@A\204\3371"
 350      DF31 
 351 025a 5555 C273 		.string	"UU\302s\300\340\326'_{\251\307\357Q\321\331u\211\333%\374\007\372\274?\241\362\030\302\17
 351      C0E0 D627 
 351      5F7B A9C7 
 351      EF51 D1D9 
 351      7589 DB25 
 352 035b 44E0 B340 		.ascii	"D\340\263@\256\024\266J\223dxgP\003\314\334\005\260\363H'P.\300"
 352      AE14 B64A 
 352      9364 7867 
 352      5003 CCDC 
 352      05B0 F348 
 353 0373 A1EF 616A 		.ascii	"\241\357aj\033\321\032t\031\314\001v\021\254\t\354\022Z\243,"
 353      1BD1 1A74 
 353      19CC 0176 
 353      11AC 09EC 
 353      125A A32C 
 354 0387 EBD3 F733 		.ascii	"\353\323\3673\007\364\330F\027IyzE\271'\362\017~\0351\272\006"
 354      07F4 D846 
 354      1749 797A 
 354      45B9 27F2 
 354      0F7E 1D31 
 355 039d 7CBF 949B 		.ascii	"|\277\224\233)?\337\362\026Q~\025\006\375\240.!\222\b\215~d6"
 355      293F DFF2 
 355      1651 7E15 
 355      06FD A02E 
 355      2192 088D 
 356 03b4 23DF 684C 		.ascii	"#\337hL&\225k\225ei\005\005\226B46Y\315\310H\277\023p\007\360"
 356      2695 6B95 
 356      6569 0505 
 356      9642 3436 
 356      59CD C848 
 357 03cd 9E5B 39BB 		.ascii	"\236[9\273\r\335\250\013\301\253\254\354xH\271!\304?D\344\211"
 357      0DDD A80B 
 357      C1AB ACEC 
 357      7848 B921 
 357      C43F 44E4 
 358 03e2 F623 91FE 		.ascii	"\366#\221\376\347-\f\341\274q\b\177T\311\350\037\342\217\213"
 358      E72D 0CE1 
 358      BC71 087F 
 358      54C9 E81F 
 358      E28F 8B
 359 03f5 CA45 4958 		.ascii	"\312EIX\243\312E\232D\3477\212\216\242\375\"\271\251C\021\343"
 359      A3CA 459A 
 359      44E7 378A 
 359      8EA2 FD22 
 359      B9A9 4311 
 360 040a 23ED 882B 		.ascii	"#\355\210+\321\0223\335\032^\344\232\034R&j\177\327|\223\007"
 360      D112 33DD 
 360      1A5E E49A 
 360      1C52 266A 
 360      7FD7 7C93 
 361 041f DE81 E83B 		.ascii	"\336\201\350;V\234_\337\350\271\"\203\226X\226W!\272\336\330"
 361      569C 5FDF 
 361      E8B9 2283 
 361      9658 9657 
 361      21BA DED8 
 362 0433 EA11 D08F 		.ascii	"\352\021\320\217h\005\374\337\250c\343j\212\356\fJ\253\013d{"
 362      6805 FCDF 
 362      A863 E36A 
 362      8AEE 0C4A 
 362      AB0B 647B 
 363 0447 95DC 7F2E 		.ascii	"\225\334\177.\371\223\270bx\225`\330G\"\301\241\026uRZ\350\353"
 363      F993 B862 
 363      7895 60D8 
 363      4722 C1A1 
 363      1675 525A 
 364 045d 8AAE A36E 		.ascii	"\212\256\243nP\320\212V\303\330\213\267w\370\343C,d\372\324x"
 364      50D0 8A56 
 364      C3D8 8BB7 
 364      77F8 E343 
 364      2C64 FAD4 
 365 0472 3662 3CF6 		.ascii	"6b<\366\331&\221\222\330u\224\244M%i\323\222\264"
 365      D926 9192 
 365      D875 94A4 
 365      4D25 69D3 
 365      92B4 
 366 0484 5392 E38E 		.string	"S\222\343\216\226lO\\\301Xf\037\267U\212\360q\020\250b\320\bm\315\355\215\373\275\265\311
 366      966C 4F5C 
 366      C158 661F 
 366      B755 8AF0 
 366      7110 A862 
 367 0585 0F83 34FC 		.ascii	"\017\2034\374\341\276\324\004\003\316d[x\361\213\371\t\262\273"
 367      E1BE D404 
 367      03CE 645B 
 367      78F1 8BF9 
 367      09B2 BB
 368 0598 6F80 5D6F 		.ascii	"o\200]o\021k\266\275\rl\333\273"
 368      116B B6BD 
 368      0D6C DBBB 
 369 05a4 90D2 3D22 		.string	"\220\322=\"\341\"\n\026\033j\232J\260\272S\027\004\034';\365(\254\275\373j\264\r|\247\346
 369      E122 0A16 
 369      1B6A 9A4A 
 369      B0BA 5317 
 369      041C 273B 
 370 06a5 0867 2C3B 		.string	"\bg,;e;\373\032>w\243$\3763B9C)\313\236<\225\375\360KFQ\237\262P\240\343\232r\316#'\307\2
 370      653B FB1A 
 370      3E77 A324 
 370      FE33 4239 
 370      4329 CB9E 
 371 06db F07B 53E7 		.ascii	"\360{S\347?\305\2731\245\274rn:\307\310U\315\253\252\346\335"
 371      3FC5 BB31 
 371      A5BC 726E 
 371      3AC7 C855 
 371      CDAB AAE6 
 372 06f0 1889 FF82 		.ascii	"\030\211\377\2020\276\244\214c\245\345\263J\242z\360_N\355M\361"
 372      30BE A48C 
 372      63A5 E5B3 
 372      4AA2 7AF0 
 372      5F4E ED4D 
 373 0705 C439 8CF2 		.ascii	"\3049\214\362\301DW\211\007\247\314N\020ev\312\370\311\215\221"
 373      C144 5789 
 373      07A7 CC4E 
 373      1065 76CA 
 373      F8C9 8D91 
 374 0719 F80B 8471 		.ascii	"\370\013\204q\2212\356;\0267!\342\343\214!\265\276\302\314\323"
 374      9132 EE3B 
 374      1637 21E2 
 374      E38C 21B5 
 374      BEC2 CCD3 
 375 072d 3CA8 4953 		.ascii	"<\250IS\026])\210O\323\214\023\tE\333\342\265V\003\027\025L\216"
 375      165D 2988 
 375      4FD3 8C13 
 375      0945 DBE2 
 375      B556 0317 
 376 0744 A3F6 842B 		.ascii	"\243\366\204+F\334\310([\252\007\362}\270\250\203MF'\347\016"
 376      46DC C828 
 376      5BAA 07F2 
 376      7DB8 A883 
 376      4D46 27E7 
 377 0759 374E E26F 		.ascii	"7N\342o\027\201s'\345\314+\210K'g\300Q\276D\256W\r\344\032q\027"
 377      1781 7327 
 377      E5CC 2B88 
 377      4B27 67C0 
 377      51BE 44AE 
 378 0773 E3EC DB7D 		.ascii	"\343\354\333}\253S\231\216s\305(\236p\022`\002\347T\017\b\244"
 378      AB53 998E 
 378      73C5 289E 
 378      7012 6002 
 378      E754 0F08 
 379 0788 259E B026 		.ascii	"%\236\260&R\326\316SO\036x\341\021\3062\363}\322\274\304Y\352"
 379      52D6 CE53 
 379      4F1E 78E1 
 379      11C6 32F3 
 379      7DD2 BCC4 
 380 079e 97C1 4223 		.ascii	"\227\301B#\024I\377E\221\244P\354\242\024\361\367\246nz\362d"
 380      1449 FF45 
 380      91A4 50EC 
 380      A214 F1F7 
 380      A66E 7AF2 
 381 07b3 DF05 FF7E 		.ascii	"\337\005\377~\335u8\366O3\312\304\247m\247u<\331iuR\277u\313"
 381      DD75 38F6 
 381      4F33 CAC4 
 381      A76D A775 
 381      3CD9 6975 
 382 07cb 95F8 C984 		.ascii	"\225\370\311\204r"
 382      72
 383 07d0 37A5 3CEB 		.ascii	"7\245<\353\030\356U&u%\370\325U\371\337z\341EFYs6\377\232B\331"
 383      18EE 5526 
 383      7525 F8D5 
 383      55F9 DF7A 
 383      E145 4659 
 384 07ea ABBC 0EDF 		.ascii	"\253\274\016\337\271\021\022\177\017!\334K\tO\347\245?\320s\302"
 384      B911 127F 
 384      0F21 DC4B 
 384      094F E7A5 
 384      3FD0 73C2 
 385 07fe 2142 B270 		.ascii	"!B\262p/\253I\217\223t\224\261'\345a\263\304\0313\235\313$\305"
 385      2FAB 498F 
 385      9374 94B1 
 385      27E5 61B3 
 385      C419 339D 
 386 0815 8D92 F8FB 		.ascii	"\215\222\370\373\be*\245\2744V\366\005\316f\004wo\326\2362p\202"
 386      0865 2AA5 
 386      BC34 56F6 
 386      05CE 6604 
 386      776F D69E 
 387 082c FD4E 8234 		.ascii	"\375N\20247\2024E\323~Jp\243s\334\201\265'92F\255r\272\310Nr"
 387      3782 3445 
 387      D37E 4A70 
 387      A373 DC81 
 387      B527 3932 
 388 0847 705F 1071 		.ascii	"p_\020q\355\213\312,/\350#\177R6\0344\345\211oP\246(\t\331pV"
 388      ED8B CA2C 
 388      2FE8 237F 
 388      5236 1C34 
 388      E589 6F50 
 389 0861 2477 F633 		.ascii	"$w\3663E\326\374L\021h\273\200\016\210A(\203\204\005\027\230"
 389      45D6 FC4C 
 389      1168 BB80 
 389      0E88 4128 
 389      8384 0517 
 390 0876 3AA7 C7AA 		.ascii	":\247\307\252\200\203Q%\361/\242vT\026\035\225\r\243r`\024\215"
 390      8083 5125 
 390      F12F A276 
 390      5416 1D95 
 390      0DA3 7260 
 391 088c 25B7 21DA 		.ascii	"%\267!\332\314\002\177H\237\311?\310\342\305\310\201\004\227"
 391      CC02 7F48 
 391      9FC9 3FC8 
 391      E2C5 C881 
 391      0497 
 392 089e 2CC8 F146 		.ascii	",\310\361F\315\"\227g\221K\262@\355\0033\213~Z\360C\027\360A"
 392      CD22 9767 
 392      914B B240 
 392      ED03 338B 
 392      7E5A F043 
 393 08b5 0E3E 48C1 		.ascii	"\016>H\301C\343yW]\300\243.\365\311\343\340<\n\276\261\257\346"
 393      43E3 7957 
 393      5DC0 A32E 
 393      F5C9 E3E0 
 393      3C0A BEB1 
 394 08cb 900B 78C0 		.ascii	"\220\013x\300\2059\237\203\363)\270\365\247\236\337\371\363#"
 394      8539 9F83 
 394      F329 B8F5 
 394      A79E DFF9 
 394      F323 
 395 08dd FB95 9F3B 		.ascii	"\373\225\237;\262\013?{^G\005\242?\260\325\216\325\037\360\223"
 395      B20B 3F7B 
 395      5E47 05A2 
 395      3FB0 D58E 
 395      D51F F093 
 396 08f1 F8CF D67D 		.ascii	"\370\317\326}\377\343g+:D\253v\372I\311r\\\306\026OEa\373\244"
 396      FFE3 672B 
 396      3A44 AB76 
 396      FA49 C972 
 396      5CC6 164F 
 397 0909 21F8 88F2 		.ascii	"!\370\210\362\003\232\374\fF\205\"\326\374\224o\032\274p\321"
 397      039A FC0C 
 397      4685 22D6 
 397      FC94 6F1A 
 397      BC70 D1
 398 091c E355 118A 		.ascii	"\343U\021\212\304WD8L#\f\366\324f\271\024\344\212\313\357\204"
 398      C457 4438 
 398      4C23 0CF6 
 398      D466 B914 
 398      E48A CBEF 
 399 0931 625E 9062 		.ascii	"b^\220bZ\220\353\361w\035\276Z\360\023\227\352\035\341\340#\024"
 399      5A90 EBF1 
 399      771D BE5A 
 399      F013 97EA 
 399      1DE1 E023 
 400 0946 9C59 5697 		.ascii	"\234YV\227$j\301w\\\300%\034\\B\301\365\031\325\217=\264`\250"
 400      246A C177 
 400      5CC0 251C 
 400      5C42 C1F5 
 400      19D5 8F3D 
 401 095d 9906 5CCA 		.ascii	"\231\006\\\312\301\245\024|\253\272\362\230\001\237ae)\235lM"
 401      C1A5 147C 
 401      ABBA F298 
 401      019F 6165 
 401      299D 6C4D 
 402 0971 F5A6 DBF8 		.ascii	"\365\246\333\370\t\3476\236\\?\267\\\273\213\237\320\354\342"
 402      09E7 369E 
 402      5C3F B75C 
 402      BB8B 9FD0 
 402      ECE2 
 403 0983 4745 B28B 		.ascii	"GE\262\213\227\213|\027\357\036\253\233\305\260\213O\300\271"
 403      978B 7C17 
 403      EF1E AB9B 
 403      C5B0 8B4F 
 403      C0B9 
 404 0995 EDD9 BFE3 		.ascii	"\355\331\277\343e\007\034{\017I\004\205\312D\347^^&j\016n\025"
 404      6507 1C7B 
 404      0F49 0485 
 404      CA44 E75E 
 404      5E26 6A0E 
 405 09ab E26A 016D 		.ascii	"\342j\001m\325\177\374\327\177\254\372\363\007\037\b\236\341"
 405      D57F FCD7 
 405      7FAC FAF3 
 405      071F 089E 
 405      E1
 406 09bc 51B6 F74D 		.ascii	"Q\266\367M\266\225!\261\326\230\220\210\360\215!\346\2551!\341"
 406      B695 21B1 
 406      D698 9088 
 406      F08D 21E6 
 406      AD31 21E1 
 407 09d0 51A1 11B1 		.ascii	"Q\241\021\261a\226\020\253-\f\272\327m\022\3206\364\265\327\306"
 407      6196 10AB 
 407      2D0C BAD7 
 407      6D12 D036 
 407      F4B5 D7C6 
 408 09e4 589B 2D3A 		.ascii	"X\233-:\312\352\025\313\206\030b,[\242cl\246\3600\317-\346\320"
 408      CAEA 15CB 
 408      8618 622C 
 408      5BA2 636C 
 408      A6F0 30CF 
 409 09fb CD96 30B4 		.string	"\315\2260\264\351M[\344fSht\214%$4:22:*\204A\200\300\227\203#\243c\255\026\030\033\031\27
 409      E94D 5BE4 
 409      6653 6874 
 409      8C25 2434 
 409      3A32 323A 
 410 0afc 8C32 4014 		.ascii	"\2142@\024"
 411               		.text
 412               		.section	.gnu.lto_.symtab.4cc9ea32ead74baa,"",@progbits
 413 0000 6D6B 5F6D 		.string	"mk_max_speed"
 413      6178 5F73 
 413      7065 6564 
 413      00
 414 000d 00        		.string	""
 415 000e 00        		.string	""
 416 000f 00        		.string	""
 417 0010 00        		.string	""
 418 0011 00        		.string	""
 419 0012 00        		.string	""
 420 0013 00        		.string	""
 421 0014 00        		.string	""
 422 0015 00        		.string	""
 423 0016 00        		.string	""
 424 0017 00        		.string	""
 425 0018 F700      		.string	"\367"
 426 001a 00        		.string	""
 427 001b 00        		.string	""
 428 001c 6D6B 5F74 		.string	"mk_time_to_max"
 428      696D 655F 
 428      746F 5F6D 
 428      6178 00
 429 002b 00        		.string	""
 430 002c 00        		.string	""
 431 002d 00        		.string	""
 432 002e 00        		.string	""
 433 002f 00        		.string	""
 434 0030 00        		.string	""
 435 0031 00        		.string	""
 436 0032 00        		.string	""
 437 0033 00        		.string	""
 438 0034 00        		.string	""
 439 0035 00        		.string	""
 440 0036 FC00      		.string	"\374"
 441 0038 00        		.string	""
 442 0039 00        		.string	""
 443 003a 6D6B 5F77 		.string	"mk_wheel_max_speed"
 443      6865 656C 
 443      5F6D 6178 
 443      5F73 7065 
 443      6564 00
 444 004d 00        		.string	""
 445 004e 00        		.string	""
 446 004f 00        		.string	""
 447 0050 00        		.string	""
 448 0051 00        		.string	""
 449 0052 00        		.string	""
 450 0053 00        		.string	""
 451 0054 00        		.string	""
 452 0055 00        		.string	""
 453 0056 00        		.string	""
 454 0057 00        		.string	""
 455 0058 FF00      		.string	"\377"
 456 005a 00        		.string	""
 457 005b 00        		.string	""
 458 005c 6D6B 5F77 		.string	"mk_wheel_time_to_max"
 458      6865 656C 
 458      5F74 696D 
 458      655F 746F 
 458      5F6D 6178 
 459 0071 00        		.string	""
 460 0072 00        		.string	""
 461 0073 00        		.string	""
 462 0074 00        		.string	""
 463 0075 00        		.string	""
 464 0076 00        		.string	""
 465 0077 00        		.string	""
 466 0078 00        		.string	""
 467 0079 00        		.string	""
 468 007a 00        		.string	""
 469 007b 00        		.string	""
 470 007c 0401 00   		.string	"\004\001"
 471 007f 00        		.string	""
 472 0080 6D6F 7573 		.string	"mousekey_on"
 472      656B 6579 
 472      5F6F 6E00 
 473 008c 00        		.string	""
 474 008d 00        		.string	""
 475 008e 00        		.string	""
 476 008f 00        		.string	""
 477 0090 00        		.string	""
 478 0091 00        		.string	""
 479 0092 00        		.string	""
 480 0093 00        		.string	""
 481 0094 00        		.string	""
 482 0095 00        		.string	""
 483 0096 00        		.string	""
 484 0097 D600      		.string	"\326"
 485 0099 00        		.string	""
 486 009a 00        		.string	""
 487 009b 6D6F 7573 		.string	"mousekey_off"
 487      656B 6579 
 487      5F6F 6666 
 487      00
 488 00a8 00        		.string	""
 489 00a9 00        		.string	""
 490 00aa 00        		.string	""
 491 00ab 00        		.string	""
 492 00ac 00        		.string	""
 493 00ad 00        		.string	""
 494 00ae 00        		.string	""
 495 00af 00        		.string	""
 496 00b0 00        		.string	""
 497 00b1 00        		.string	""
 498 00b2 00        		.string	""
 499 00b3 D800      		.string	"\330"
 500 00b5 00        		.string	""
 501 00b6 00        		.string	""
 502 00b7 6D6F 7573 		.string	"mousekey_send"
 502      656B 6579 
 502      5F73 656E 
 502      6400 
 503 00c5 00        		.string	""
 504 00c6 00        		.string	""
 505 00c7 00        		.string	""
 506 00c8 00        		.string	""
 507 00c9 00        		.string	""
 508 00ca 00        		.string	""
 509 00cb 00        		.string	""
 510 00cc 00        		.string	""
 511 00cd 00        		.string	""
 512 00ce 00        		.string	""
 513 00cf 00        		.string	""
 514 00d0 DB00      		.string	"\333"
 515 00d2 00        		.string	""
 516 00d3 00        		.string	""
 517 00d4 6D6F 7573 		.string	"mousekey_task"
 517      656B 6579 
 517      5F74 6173 
 517      6B00 
 518 00e2 00        		.string	""
 519 00e3 00        		.string	""
 520 00e4 00        		.string	""
 521 00e5 00        		.string	""
 522 00e6 00        		.string	""
 523 00e7 00        		.string	""
 524 00e8 00        		.string	""
 525 00e9 00        		.string	""
 526 00ea 00        		.string	""
 527 00eb 00        		.string	""
 528 00ec 00        		.string	""
 529 00ed DD00      		.string	"\335"
 530 00ef 00        		.string	""
 531 00f0 00        		.string	""
 532 00f1 6D6B 5F69 		.string	"mk_interval"
 532      6E74 6572 
 532      7661 6C00 
 533 00fd 00        		.string	""
 534 00fe 00        		.string	""
 535 00ff 00        		.string	""
 536 0100 00        		.string	""
 537 0101 00        		.string	""
 538 0102 00        		.string	""
 539 0103 00        		.string	""
 540 0104 00        		.string	""
 541 0105 00        		.string	""
 542 0106 00        		.string	""
 543 0107 00        		.string	""
 544 0108 0C01 00   		.string	"\f\001"
 545 010b 00        		.string	""
 546 010c 6D6B 5F64 		.string	"mk_delay"
 546      656C 6179 
 546      00
 547 0115 00        		.string	""
 548 0116 00        		.string	""
 549 0117 00        		.string	""
 550 0118 00        		.string	""
 551 0119 00        		.string	""
 552 011a 00        		.string	""
 553 011b 00        		.string	""
 554 011c 00        		.string	""
 555 011d 00        		.string	""
 556 011e 00        		.string	""
 557 011f 00        		.string	""
 558 0120 0F01 00   		.string	"\017\001"
 559 0123 00        		.string	""
 560 0124 6D6B 5F77 		.string	"mk_wheel_interval"
 560      6865 656C 
 560      5F69 6E74 
 560      6572 7661 
 560      6C00 
 561 0136 00        		.string	""
 562 0137 00        		.string	""
 563 0138 00        		.string	""
 564 0139 00        		.string	""
 565 013a 00        		.string	""
 566 013b 00        		.string	""
 567 013c 00        		.string	""
 568 013d 00        		.string	""
 569 013e 00        		.string	""
 570 013f 00        		.string	""
 571 0140 00        		.string	""
 572 0141 1201 00   		.string	"\022\001"
 573 0144 00        		.string	""
 574 0145 6D6B 5F77 		.string	"mk_wheel_delay"
 574      6865 656C 
 574      5F64 656C 
 574      6179 00
 575 0154 00        		.string	""
 576 0155 00        		.string	""
 577 0156 00        		.string	""
 578 0157 00        		.string	""
 579 0158 00        		.string	""
 580 0159 00        		.string	""
 581 015a 00        		.string	""
 582 015b 00        		.string	""
 583 015c 00        		.string	""
 584 015d 00        		.string	""
 585 015e 00        		.string	""
 586 015f 1401 00   		.string	"\024\001"
 587 0162 00        		.string	""
 588 0163 6D6F 7573 		.string	"mousekey_clear"
 588      656B 6579 
 588      5F63 6C65 
 588      6172 00
 589 0172 00        		.string	""
 590 0173 00        		.string	""
 591 0174 00        		.string	""
 592 0175 00        		.string	""
 593 0176 00        		.string	""
 594 0177 00        		.string	""
 595 0178 00        		.string	""
 596 0179 00        		.string	""
 597 017a 00        		.string	""
 598 017b 00        		.string	""
 599 017c 00        		.string	""
 600 017d DF00      		.string	"\337"
 601 017f 00        		.string	""
 602 0180 00        		.string	""
 603 0181 686F 7374 		.string	"host_mouse_send"
 603      5F6D 6F75 
 603      7365 5F73 
 603      656E 6400 
 604 0191 00        		.string	""
 605 0192 02        		.ascii	"\002"
 606 0193 00        		.string	""
 607 0194 00        		.string	""
 608 0195 00        		.string	""
 609 0196 00        		.string	""
 610 0197 00        		.string	""
 611 0198 00        		.string	""
 612 0199 00        		.string	""
 613 019a 00        		.string	""
 614 019b 00        		.string	""
 615 019c E300      		.string	"\343"
 616 019e 00        		.string	""
 617 019f 00        		.string	""
 618 01a0 7469 6D65 		.string	"timer_read"
 618      725F 7265 
 618      6164 00
 619 01ab 00        		.string	""
 620 01ac 02        		.ascii	"\002"
 621 01ad 00        		.string	""
 622 01ae 00        		.string	""
 623 01af 00        		.string	""
 624 01b0 00        		.string	""
 625 01b1 00        		.string	""
 626 01b2 00        		.string	""
 627 01b3 00        		.string	""
 628 01b4 00        		.string	""
 629 01b5 00        		.string	""
 630 01b6 EB00      		.string	"\353"
 631 01b8 00        		.string	""
 632 01b9 00        		.string	""
 633 01ba 7469 6D65 		.string	"timer_elapsed"
 633      725F 656C 
 633      6170 7365 
 633      6400 
 634 01c8 00        		.string	""
 635 01c9 02        		.ascii	"\002"
 636 01ca 00        		.string	""
 637 01cb 00        		.string	""
 638 01cc 00        		.string	""
 639 01cd 00        		.string	""
 640 01ce 00        		.string	""
 641 01cf 00        		.string	""
 642 01d0 00        		.string	""
 643 01d1 00        		.string	""
 644 01d2 00        		.string	""
 645 01d3 EF00      		.string	"\357"
 646 01d5 00        		.string	""
 647 01d6 00        		.string	""
 648               		.text
 649               		.section	.gnu.lto_.opts,"",@progbits
 650 0000 272D 666D 		.ascii	"'-fmath-errno' '-fsigned-zeros' '-ftrapping-math' '-fno-trap"
 650      6174 682D 
 650      6572 726E 
 650      6F27 2027 
 650      2D66 7369 
 651 003c 7627 2027 		.ascii	"v' '-fno"
 651      2D66 6E6F 
 652 0044 2D6F 7065 		.string	"-openmp' '-fno-openacc' '-mn-flash=1' '-mno-skip-bug' '-mmcu=avr5' '-gdwarf-2' '-Os' '-We
 652      6E6D 7027 
 652      2027 2D66 
 652      6E6F 2D6F 
 652      7065 6E61 
 653               		.text
 654               		.comm	__gnu_lto_v1,1,1
 655               		.comm	__gnu_lto_slim,1,1
 656               		.ident	"GCC: (GNU) 5.4.0"
DEFINED SYMBOLS
                            *ABS*:0000000000000000 mousekey.c
     /tmp/cc6yXBw5.s:2      *ABS*:000000000000003e __SP_H__
     /tmp/cc6yXBw5.s:3      *ABS*:000000000000003d __SP_L__
     /tmp/cc6yXBw5.s:4      *ABS*:000000000000003f __SREG__
     /tmp/cc6yXBw5.s:5      *ABS*:0000000000000000 __tmp_reg__
     /tmp/cc6yXBw5.s:6      *ABS*:0000000000000001 __zero_reg__
                            *COM*:0000000000000001 __gnu_lto_v1
                            *COM*:0000000000000001 __gnu_lto_slim

NO UNDEFINED SYMBOLS
