   1               		.file	"send_string.c"
   2               	__SP_H__ = 0x3e
   3               	__SP_L__ = 0x3d
   4               	__SREG__ = 0x3f
   5               	__tmp_reg__ = 0
   6               	__zero_reg__ = 1
   7               		.text
   8               	.Ltext0:
   9               		.section	.gnu.lto_.profile.24c0c0b8ef0737d5,"",@progbits
  10 0000 789C 6361 		.string	"x\234ca`d`c`"
  10      6064 6063 
  10      6000 
  11 000a 920F 99AF 		.string	"\222\017\231\2573\002"
  11      3302 00
  12 0011 05D0 01C9 		.ascii	"\005\320\001\311"
  13               		.text
  14               		.section	.gnu.lto_.icf.24c0c0b8ef0737d5,"",@progbits
  15 0000 789C 6361 		.string	"x\234ca`d"
  15      6064 00
  16 0007 8130 0604 		.string	"\2010\006\004\340cx\267\343\376\004V\306\347\213\376_\340ez\377\355\332q.\346'\333\366\35
  16      E063 78B7 
  16      E3FE 0456 
  16      C6E7 8BFE 
  16      5FE0 657A 
  17 0061 00        		.string	""
  18 0062 D22A 2D20 		.ascii	"\322*- "
  19               		.text
  20               		.section	.gnu.lto_.jmpfuncs.24c0c0b8ef0737d5,"",@progbits
  21 0000 789C 6361 		.string	"x\234ca`d"
  21      6064 00
  22 0007 8123 100A 		.string	"\201#\020\n\f\270\030\030\031\031\353\231\030\37721>\233\322\370\237\361\013S+3\003\243\0
  22      0CB8 1818 
  22      1919 EB99 
  22      18FF 3231 
  22      3E9B D2F8 
  23 00ff 678B 574A 		.ascii	"g\213WJ"
  24               		.text
  25               		.section	.gnu.lto_.inline.24c0c0b8ef0737d5,"",@progbits
  26 0000 789C 6361 		.string	"x\234ca`d"
  26      6064 00
  27 0007 8147 100A 		.string	"\201G\020\n\f\270\030\0304-\030\031\0318\200b\314\006\r\337\231\030\330\026\31031\260,\22
  27      0CB8 1818 
  27      342D 1819 
  27      1938 8062 
  27      CC06 0DDF 
  28 002c 3561 9013 		.string	"5a\220\023\374\220\205X\031\364\367\260222\202\314`r\3519l\0075\003\250\237\221\221\t\254
  28      FC90 8558 
  28      19F4 F7B0 
  28      3232 3282 
  28      CC60 72E9 
  29 009c B24A A60B 		.string	"\262J\246\013\374XT\362@T*\020V\311\313\240!\001\364\201\321\224C\214p?\340\217\024\270V\
  29      FC58 54F2 
  29      4054 2A10 
  29      56C9 CBA0 
  29      2101 F481 
  30 00bd 1F68 2D38 		.ascii	"\037h-8"
  31               		.text
  32               		.section	.gnu.lto_.pureconst.24c0c0b8ef0737d5,"",@progbits
  33 0000 789C 6361 		.string	"x\234ca`d\020g``\340b\330\305\310j\311&\301\276\213\221C\202S\202K\202[\202G\202W\n"
  33      6064 1067 
  33      6060 E062 
  33      D8C5 C86A 
  33      C926 C1BE 
  34 0023 2942 02D1 		.ascii	")B\002\321"
  35               		.text
  36               		.section	.gnu.lto_send_char.24c0c0b8ef0737d5,"",@progbits
  37 0000 789C 9556 		.string	"x\234\225V[L\024g\024\2363\377\260;;;,\340\005E\0210)\241\266\246J\232\324\207\246I\323\2
  37      5B4C 1467 
  37      149E 33FF 
  37      B03B 3B3B 
  37      2CE0 0545 
  38 00be 7461 A820 		.ascii	"ta\250 \025\312B\211\262\331U\207\346\324\241\020\206\344Q\031"
  38      15CA 4289 
  38      B2D9 5587 
  38      E6D4 A110 
  38      86E4 5119 
  39 00d2 8E6F EC6B 		.ascii	"\216o\354k\224\227\3541\360s\243\367A\272\261\327\013\036!I~"
  39      9497 EC31 
  39      F073 A3F7 
  39      41BA B1D7 
  39      0B1E 2149 
  40 00e7 998F 21C1 		.ascii	"\231\217!\301\036X\202\273z\333.w;E\002Hx\275\253\351\376!=m"
  40      1E58 82BB 
  40      7ADB 2E77 
  40      3B45 0248 
  40      78BD ABE9 
  41 00ff B761 141B 		.ascii	"\267a\024\033FW\254!<\002`/\bd\300\313\211\260<QB@\202}\220F"
  41      4657 AC21 
  41      3C02 602F 
  41      0864 C0CB 
  41      89B0 3C51 
  42 0119 9B4F 1DF8 		.ascii	"\233O\035\370\256W\023\3171\261\363riQL\352\367D\364\036\364"
  42      AE57 13CF 
  42      31B1 F372 
  42      6951 4CEA 
  42      F744 F41E 
  43 012e B94A 0C6F 		.ascii	"\271J\foQ\212G\310\260\177<\231>\270\367\333\035\007\267\252"
  43      518A 47C8 
  43      B07F 3C99 
  43      3EB8 F7DB 
  43      1D07 B7AA 
  44 0142 6229 F36A 		.ascii	"b)\363j:\206\032\234\026\257\366K\331\2506T\242\375\030\201V"
  44      3A86 1A9C 
  44      16AF F64B 
  44      D9A8 3654 
  44      A2FD 1881 
  45 0157 597F 62D8 		.ascii	"Y\177b\330%V0m\333h\345\035\325\242U\217\321\016D\2405\234\377"
  45      2556 306D 
  45      DB68 E51D 
  45      D5A2 558F 
  45      D10E 44A0 
  46 016e AA42 116F 		.ascii	"\252B\021o0\355\334\323[\3334\213\2663@\023P\035\201\326S\363"
  46      30ED DCD3 
  46      5BDB 348B 
  46      B633 4013 
  46      501D 81D6 
  47 0184 EC9B 685B 		.ascii	"\354\233h[\t\325.\005j \025\252\360[\211\337\nH5+\b\265`\303"
  47      09D5 2E05 
  47      6A20 15AA 
  47      F05B 89DF 
  47      0A48 352B 
  48 019c 8650 6915 		.ascii	"\206Pi\025\t'\375\303\336\230G\262G(@\265\357xxv\207\223\246"
  48      0927 FDC3 
  48      DE98 47B2 
  48      4728 40B5 
  48      EF78 7876 
  49 01b3 5110 8B53 		.ascii	"Q\020\213S_i\353~\227x\213U\fv<\036\265\231*\214\2419\206\373"
  49      5F69 EB7E 
  49      9778 8B55 
  49      0C76 3C1E 
  49      B599 2A8C 
  50 01cb 758F B0C1 		.ascii	"u\217\260\301ASC=$B\035\230*\340\020\007\036\267\335[\355\263"
  50      4153 433D 
  50      2442 1D98 
  50      2AE0 1007 
  50      1EB7 DD5B 
  51 01e1 4447 2634 		.ascii	"DG&40\341\322\331\366\032]\274\313\271>+\375\\X\2516\031\006"
  51      30E1 D2D9 
  51      F61A 5DBC 
  51      CBB9 3E2B 
  51      FD5C 58A9 
  52 01f8 9029 027E 		.ascii	"\220)\002~\n=/4\206e\252\235:S\023\023f\030\2759,z\375\324\321"
  52      0A3D 2F34 
  52      8665 AA9D 
  52      3A53 1313 
  52      6618 BD39 
  53 0211 5BFE 4FF4 		.ascii	"[\376O\364\303\220Z\365\216\327\360\373\335\206\327\357j+\363"
  53      C390 5AF5 
  53      8ED7 F0FB 
  53      DD86 D7EF 
  53      6A2B F3
  54 0224 3B9E B701 		.ascii	";\236\267\001\365\250\035\273\325\256\342\240:\270\226\232DV"
  54      F5A8 1DBB 
  54      D5AE E2A0 
  54      3AB8 969A 
  54      4456 
  55 0236 3911 70E8 		.ascii	"9\021p\350\264\024MK.\256Z\f\227 \226\3208\032f\3210\233\206"
  55      B414 4D4B 
  55      2EAE 5A0C 
  55      9720 96D0 
  55      381A 66D1 
  56 024d 39B4 692E 		.ascii	"9\264i.\0378\236O2\217\320\3714$\320\260\200\326\027\262\344"
  56      1F38 9E4F 
  56      328F D0F9 
  56      3424 D0B0 
  56      80D6 17B2 
  57 0262 44D6 B288 		.ascii	"D\326\262\210\320$\032\222iH\343[Fz\210\035C\267j\277,\323\257"
  57      D024 1A92 
  57      6948 E35B 
  57      467A 881D 
  57      43B7 6ABF 
  58 0279 E883 E281 		.ascii	"\350\203\342\201\215\317Z\nf|\314\320\226\304\363\300\021lE\352"
  58      8DCF 5A0A 
  58      667C CCD0 
  58      96C4 F3C0 
  58      116C 45EA 
  59 028d 422C C251 		.ascii	"B,\302Q\260\271\205\335-l\022F\036\261\233s\025I[=\307}v\352"
  59      B0B9 85DD 
  59      2D6C 1246 
  59      1EB1 9B73 
  59      1549 5B3D 
  60 02a5 438D FBC1 		.ascii	"C\215\373\301=rt\320U8j\224\031F,b\233\205\031\272m{\305\352"
  60      3D72 74D0 
  60      5538 6A94 
  60      1946 2C62 
  60      9B85 19BA 
  61 02bd 72D8 51B4 		.ascii	"r\330Q\264\205a'\034\303G\210\227\334\300\265\233O\217\035Q\323"
  61      8561 271C 
  61      C347 8897 
  61      DCC0 B59B 
  61      4F8F 1D51 
  62 02d2 AB68 4187 		.ascii	"\253hA\207\343P\016\230\310R\3246\262\357\207h\214\206K*\374"
  62      E350 0E98 
  62      C852 D436 
  62      B2EF 8768 
  62      8C86 4B2A 
  63 02e7 0CE9 28E4 		.ascii	"\f\351(\344\004\024\222\204\001K\202\003UH= \323\2144#\"\335"
  63      0414 9284 
  63      014B 8203 
  63      5548 3D20 
  63      D38C 3423 
  64 02fd 8662 738E 		.ascii	"\206bs\216uy\237$~\261\265\\Y\234Sn\224\341\321\243)\356h\217"
  64      7579 9F24 
  64      7EB1 B55C 
  64      599C 536E 
  64      94E1 D1A3 
  65 0315 E796 43C1 		.ascii	"\347\226C\301\222\301IX\314\231Z{\352\232l\210@+(n\241\341\312"
  65      92C1 4958 
  65      CC99 5A7B 
  65      EA9A 6C88 
  65      402B 286E 
  66 032c 2950 10AF 		.ascii	")P\020\257\273\367d\324\2718\327\344\272\270\343\257\355kP\230"
  66      BBF7 64D4 
  66      B938 D7E4 
  66      BAB8 E3AF 
  66      ED6B 5098 
  67 0340 FB8B C5FD 		.ascii	"\373\213\305\375\327\347\357v\022\267\215\270\016\\9\rJP\324"
  67      D7E7 EF76 
  67      12B7 8DB8 
  67      0E5C 390D 
  67      4A50 D4
  68 0353 1112 A5E1 		.ascii	"\021\022\245\341\264\330x\225o\351\032\023\350\003w\365\206\326"
  68      B4D8 7895 
  68      6FE9 1A13 
  68      E803 77F5 
  68      86D6 
  69 0365 C305 A185 		.ascii	"\303\005\241\205\307n\241^\t\024\376\f\235\322\211\205\307}\333"
  69      C76E A15E 
  69      0914 FE0C 
  69      9DD2 8985 
  69      C77D DB
  70 0378 9B1F 9D8E 		.ascii	"\233\037\235\216\242Z;@\205\263X>\263\020\274E\307]\2267<\217"
  70      A25A 3B40 
  70      85B3 583E 
  70      B310 BC45 
  70      C75D 9637 
  71 038e 1EEF 4D4C 		.ascii	"\036\357ML\004ob6S\337\204y\023\013\355\350\315\271H\336\370"
  71      046F 6236 
  71      53DF 8479 
  71      130B EDE8 
  71      CDB9 48DE 
  72 03a3 D81B 3D92 		.ascii	"\330\033=\2227\277\2627\347\203\336\260\004\027\252\3402\340"
  72      37BF B237 
  72      E783 DEB0 
  72      0417 AAE0 
  72      32E0 
  73 03b5 8C8E 8588 		.ascii	"\214\216\205\210\351\315\231\231y\323\021\352\315oT\337\030\\"
  73      E9CD 9999 
  73      79D3 11EA 
  73      CD6F 54DF 
  73      185C 
  74 03c7 E99C D69B 		.ascii	"\351\234\326\233\013\241\336\\$\256\013W.Y\336\220\210F\022\025"
  74      0BA1 DE5C 
  74      24AE 0B57 
  74      2E59 DE90 
  74      8846 1215 
  75 03db 6369 AE25 		.ascii	"ci\256%\315\261\346\334\375\364M\311-\322\314\262\267\235\336"
  75      CDB1 E6DC 
  75      FDF4 4DC9 
  75      2DD2 CCB2 
  75      B79D DE
  76 03ee B657 A732 		.ascii	"\266W\2472\002\330\341r\260\354\274?\016w\321\376\001\2339\237"
  76      02D8 E172 
  76      B0EC BC3F 
  76      0E77 D1FE 
  76      019B 399F 
  77 0402 C521 E238 		.ascii	"\305!\3428\204\005\315F\024^L\034\327\001U\374\370\031.\255\331"
  77      8405 CD46 
  77      145E 4C1C 
  77      D701 55FC 
  77      F819 2EAD 
  78 0417 A0E4 AEC6 		.ascii	"\240\344\256\306\367\n\356\201\027\022\331p\270\002\271l\343"
  78      F70A EE81 
  78      1712 D970 
  78      B802 B96C 
  78      E3
  79 0428 C6F6 F0D6 		.ascii	"\306\366\360\326\300g\004=!\002\255q\225\242\317\211d\254\034"
  79      C067 043D 
  79      2102 AD71 
  79      95A2 CF89 
  79      64AC 1C
  80 043b D1D8 AEC9 		.ascii	"\321\330\256\311\214\375}rc\273\331\330kAc9\347\\L\3135\304\031"
  80      8CFD 7D72 
  80      63BB D9D8 
  80      6B41 6339 
  80      E75C 4CCB 
  81 0452 8942 C434 		.ascii	"\211B\3044\366\352\314\214\275\036j\354\r2'\036WnNklO\250\261"
  81      F6EA CC8C 
  81      BD1E 6AEC 
  81      0D32 271E 
  81      576E 4E6B 
  82 046a B788 3B17 		.ascii	"\267\210;\027W\376\260\214%\021\315$*~\274Q\363\314y\320\250"
  82      57FE B08C 
  82      2511 CD24 
  82      2A7E BC51 
  82      F3CC 79D0 
  83 047f F90C 4D30 		.ascii	"\371\fM0*\001\321\211FU\206\031\225\0204\2527`\324\305p\243\360"
  83      2A01 D189 
  83      4655 8619 
  83      9510 34AA 
  83      3760 D4C5 
  84 0496 614D 8FEA 		.ascii	"aM\217\352\200Q}\024}A$\243DD\243nOf\324\235\311\215\372\223"
  84      8051 7D14 
  84      7D41 24A3 
  84      4444 A36E 
  84      4F66 D49D 
  85 04ae 8DBA 1B34 		.ascii	"\215\272\0334\212s.\304\264\\\023\234\221(DL\243\372ff\324_\241"
  85      8A73 2EC4 
  85      B45C 139C 
  85      9128 444C 
  85      A3FA 6666 
  86 04c5 46DD A362 		.ascii	"F\335\243b\2430\270?\255Q\177\207\032\365\200\270\013q\345\241"
  86      A330 B83F 
  86      AD51 7F87 
  86      1AF5 80B8 
  86      0B71 E5A1 
  87 04d9 6514 8938 		.ascii	"e\024\2118L\242&\334Q\213\314y\320\250$\206&\030\225\214\350"
  87      4CA2 26DC 
  87      518B CC79 
  87      D0A8 2486 
  87      2618 958C 
  88 04ee 44A3 2AC2 		.ascii	"D\243*\302\214J\016\032\325\217F\335\204\222.\367\340\316\371"
  88      8C4A 0E1A 
  88      D58F 46DD 
  88      8492 2EF7 
  88      E0CE F9
  89 0501 D61D 896B 		.ascii	"\326\035\211k\374\322\353\227\205\324\031/\356@\211\267\331\247"
  89      FCD2 EB97 
  89      85D4 192F 
  89      EE40 89B7 
  89      D9A7 
  90 0513 F376 0CD3 		.ascii	"\363v\f\323\330x\257\313\216u\335\304v\304\371e\254\024\f`e\351"
  90      D878 AFCB 
  90      8E75 DDC4 
  90      76C4 F965 
  90      AC14 0C60 
  91 0529 7F68 FFEE 		.ascii	"\177h\377\356\026\240g\201\300^\205AH\364\210Y\034H\341\327."
  91      16A0 6781 
  91      C05E 8541 
  91      48F4 8859 
  91      1C48 E1D7 
  92 053e E7F1 07F2 		.ascii	"\347\361\007\362$\214\345\211\n\3449?M\236Gf\236\372\315\336"
  92      248C E589 
  92      0AE4 393F 
  92      4D9E 4766 
  92      9EFA CDDE 
  93 0552 5DB2 99A7 		.ascii	"]\262\231\247\017`h,\217\215\363P\244\013>y\322Hd\300?\030\t"
  93      0F60 682C 
  93      8F8D F350 
  93      A40B 3E79 
  93      D248 64C0 
  94 0569 5F34 4464 		.ascii	"_4DdYU\345\341\262\354\001YW\246\220\205M\n\303\030l\274\fu\354"
  94      5955 E5E1 
  94      B2EC 0159 
  94      57A6 9085 
  94      4D0A C318 
  95 0582 B8CD E5E1 		.ascii	"\270\315\345\341eu\004\342^\237&\356c\212;\256\214\332X\334\333"
  95      6575 04E2 
  95      5E9F 26EE 
  95      638A 3BAE 
  95      8CDA 58DC 
  96 0597 81B8 C963 		.ascii	"\201\270\311cq\235RS\022\307\035\232\".\035\376\211Y\306\276"
  96      719D 5253 
  96      12C7 1D9A 
  96      222E 1DFE 
  96      8959 C6BE 
  97 05ab AF8B FC96 		.ascii	"\257\213\374\226]Kad,\215\316i\356B\261\367\311\333\346M*\321"
  97      5D4B 6164 
  97      2C8D CE69 
  97      EE42 B1F7 
  97      C9DB E64D 
  98 05c1 7F28 2018 		.ascii	"\177( \030\351\361\037\257\317\\[\260>wY~\366\332\254\214\374"
  98      E9F1 1FAF 
  98      CF5C 5BB0 
  98      3E77 597E 
  98      F6DA AC8C 
  99 05d6 82BC 9CB5 		.ascii	"\202\274\234\265\253^Z)i\231\371+sr2V\256\313\312\266\347\344"
  99      AB5E 5A29 
  99      6999 F92B 
  99      7372 3256 
  99      AECB CAB6 
 100 05ec 6764 6567 		.ascii	"gdegfi\370\233\271\246`U^6_\346\177\230\363AAv\226}u\366'\264"
 100      6669 F89B 
 100      B9A6 6055 
 100      5E36 5FE6 
 100      7F98 F341 
 101 0608 4BCD C8C8 		.ascii	"K\315\310\310\314\312\312K\177\005/\362\262\363\327\257)\320"
 101      CCCA CA4B 
 101      7F05 2FF2 
 101      B2F3 D7AF 
 101      29D0 
 102 061a D77C 949B 		.ascii	"\327|\224\233\222\272|i\312{\232C\022\257\345I\362\247\322\177"
 102      92BA 7C69 
 102      CA7B 9A43 
 102      12AF E549 
 102      F2A7 D27F 
 103 062e B007 2B4E 		.ascii	"\260\007+N"
 104               		.text
 105               		.section	.gnu.lto_ascii_to_keycode_lut.24c0c0b8ef0737d5,"",@progbits
 106 0000 789C 5556 		.string	"x\234UVgWUI\026}\347al\025'\364d&\347<mOp\362\327\231/\263V\377\233\3764\003\022\004m\021
 106      6757 5549 
 106      167D E761 
 106      6C15 27F4 
 106      6426 E73C 
 107 003c 09B3 4FD5 		.string	"\t\263O\325\246\026\315Z{\035\366\332\257n\325>U\367\356:\346\021\217\3765\007{\370\237\3
 107      A616 CD5A 
 107      7B1D F6DA 
 107      AF6E D53E 
 107      55F7 EE3A 
 108 009c EC46 D85A 		.ascii	"\354F\330Z\026\237\275\253j\313\360\265\352\023V\3765\350\375"
 108      169F BDAB 
 108      6ACB F0B5 
 108      EA13 56FE 
 108      35E8 FD
 109 00af D777 A783 		.ascii	"\327w\247\203\255\374\316\f\236\353l\345\263\277\t\332\024\275"
 109      ADFC CE0C 
 109      9EEB 6CE5 
 109      B3BF 09DA 
 109      14BD 
 110 00c1 1C7A CECA 		.ascii	"\034z\316\312;*?\251Z\276`\325\020\260\230\226G\223'\254\272"
 110      3B2A 3FA9 
 110      5ABE 60D5 
 110      10B0 9896 
 110      4793 27AC 
 111 00d6 AD6A 5663 		.ascii	"\255jVc\235O\254\374\r\320\350\311\313\375\357YyK\345\331\331"
 111      9D4F ACFC 
 111      0DD0 E8C9 
 111      CBFD EF59 
 111      794B E5D9 
 112 00eb 7B09 67AD 		.ascii	"{\tg\255\374u\320\341\344W\005b\345\200\312\353I\035\376\363"
 112      FC75 D0E1 
 112      E457 0562 
 112      E580 CAEB 
 112      491D FEF3 
 113 00ff 56FE 1AE8 		.ascii	"V\376\032\350P\322X/\027\276\251\362J\304\253\2113V\376*he\334"
 113      50D2 582F 
 113      17BE A9F2 
 113      4AC4 AB89 
 113      3356 FE2A 
 114 0116 9D4E 2E7C 		.ascii	"\235N.|C\345\265\244\310\230SV\376\nh_\352\2459\257\225\327U"
 114      43E5 B5A4 
 114      C898 5356 
 114      FE0A 685F 
 114      EAA5 39AF 
 115 012d DED8 BEB2 		.ascii	"\336\330\276\262r\332\312_\006\r\357Y[g\317\326T\236z\260\237"
 115      72DA CA5F 
 115      060D EF59 
 115      5B67 CFD6 
 115      549E 7AB0 
 116 0142 C4AE 7C09 		.ascii	"\304\256|\t\364V\240\244\225s\257\252\374v7\315\307\321\357\203"
 116      F456 A0A4 
 116      9573 AFAA 
 116      FC76 37CD 
 116      C7D1 EF83 
 117 0156 1E2C B4A7 		.ascii	"\036,\264\247\360\341o\315\312\313\242v\202\255\374E\225\347"
 117      F0E1 6FCD 
 117      CACB A276 
 117      82AD FC45 
 117      95E7 
 118 0168 FD19 1CFD 		.ascii	"\375\031\034\375F\345\242\211\335\312cV\376\002h`=j\234\276_"
 118      46E5 A289 
 118      DDCA 6356 
 118      FE02 6860 
 118      3D6A 9CBE 
 119 017d AB1C DD3C 		.ascii	"\253\034\335<6\310\256}\036\264\264%2\372\274\225WT\356{\323"
 119      36C8 AE7D 
 119      1EB4 B425 
 119      32FA BC95 
 119      5754 EE7B 
 120 0192 9146 DF9F 		.ascii	"\221F\337\237\003m\213IH\347\216,\253\234\277\272\236\317\225"
 120      036D 8B49 
 120      48E7 8E2C 
 120      AB9C BFBA 
 120      9ECF 95
 121 01a5 9FD7 ED8E 		.ascii	"\237\327\355\216\210z\337\252K\252\356\215\204\355{\255\032\254"
 121      887A DFAA 
 121      4BAA EE8D 
 121      84ED 7BAD 
 121      1AAC 
 122 01b7 9B5F B432 		.ascii	"\233_\2642s\322\312\213*g,\224\325s\267\317\201N\267\347\025"
 122      73D2 CA8B 
 122      2A67 2C94 
 122      D573 B7CF 
 122      814E B7E7 
 123 01cc 1DB7 F282 		.ascii	"\035\267\362\202\312\357\346\022\374\\\331Y\320\260\244\216N"
 123      CAEF E612 
 123      FC5C D959 
 123      D0B0 A48E 
 123      4E
 124 01dd 2E7C 5EE5 		.ascii	".|^\345\347\376\2102\312g\364\230\246'd\036\263\362\234\231\373"
 124      E7FE 8832 
 124      CA67 F498 
 124      A627 641E 
 124      B3F2 9C99 
 125 01f2 4DCF 1EB7 		.ascii	"M\317\036\267\373=\320\256'\013#\354\312\254\3129\245\231\345"
 125      FB3D D0AE 
 125      270B 23EC 
 125      CAAC CA39 
 125      A599 E5
 126 0205 1C7D 1AD4 		.ascii	"\034}\032\324Wt}\205\243gT\276]\261\336\306\245\235\002M\250"
 126      5774 7D85 
 126      A367 54BE 
 126      5DB1 DEC6 
 126      A59D 024D 
 127 021a 881D E7E8 		.ascii	"\210\035\347\350W\246\345W\"\003|ENjW26\353\270\362i\225\247"
 127      57A6 E557 
 127      2203 7C45 
 127      4E6A 5732 
 127      36EB B8F2 
 128 0231 DFE5 9573 		.ascii	"\337\345\225sGN\200&&m\035\256|J\345\326\373\345\273\\\332q\320"
 128      474E 8026 
 128      266D 1DAE 
 128      7C4A E5D6 
 128      FBE5 BB5C 
 129 0248 6A7F D434 		.ascii	"j\177\3244\317\361K\225{#\n\017\337\277c\240u\013#7\370\360I"
 129      CFF1 4B95 
 129      7B23 0A0F 
 129      DFBF 63A0 
 129      750B 2337 
 130 025f 952F 55F8 		.ascii	"\225/U\370op\207&\314\321\233\365-\363\347\277\004\035\273\335"
 130      6F70 8726 
 130      CCD1 9BF5 
 130      2DF3 E7BF 
 130      041D BBDD 
 131 0273 BFCC A58E 		.ascii	"\277\314\245\216\253\374\262ps\204\362\367\365\215k\364\345\361"
 131      ABFC B270 
 131      7384 F2F7 
 131      F58D 6BF4 
 131      E5F1 
 132 0285 F08C 1927 		.ascii	"\360\214\031'\033\217\223\317X>j\372\022\345O\343\333>b>\016"
 132      1B8F 93CF 
 132      583E 6AFA 
 132      12E5 4FE3 
 132      DB3E 623E 
 133 029a 39D3 835C 		.ascii	"9\323\203\\\373\260\362O\207\266\013\371\370\027\312\003\311"
 133      FBB0 F24F 
 133      87B6 0BF9 
 133      F817 CA03 
 133      C9
 134 02ab 3BD9 5C9D 		.ascii	";\331\\\235_\271o2\361)\365!\345\241\261q)4\367\\y\375D\361>"
 134      5FB9 6F32 
 134      F129 F521 
 134      E5A1 B171 
 134      2934 F75C 
 135 02c4 E77F A67C 		.ascii	"\347\177\246|2\363f\002\177?h>\020\005\361cg-\037P\356/\017\255"
 135      32F3 6602 
 135      7F3F 683E 
 135      1005 F163 
 135      672D 1F50 
 136 02dc E2FC FDCA 		.ascii	"\342\374\375\312\263\357\266U\363\f\365)o\230,\310\245\336\253"
 136      B3EF B655 
 136      F30C F529 
 136      6F98 2CC8 
 136      A5DE AB
 137 02ef BC7F E65E 		.ascii	"\274\177\346^\004\307\367(/\277u\371_\226v+\035\032o\372\330"
 137      04C7 F728 
 137      2FBF 75F9 
 137      5F96 762B 
 137      1D1A 6FFA 
 138 0304 D22E A58B 		.ascii	"\322.\245\213\325Y\265\034\335\371\231O\243\330Ocm\240r\211\275"
 138      D559 B51C 
 138      DDF9 994F 
 138      A3D8 4F63 
 138      6DA0 7289 
 139 0319 6E57 9E7B 		.ascii	"nW\236{%\266\227\274M\371\362x`\217\274U\371\325\306\222&\216"
 139      25B6 97BC 
 139      4DF9 F278 
 139      608F BC55 
 139      F9D5 C692 
 140 032f 6F51 BEF0 		.ascii	"oQ\276\360I\\\027\3356+\237\230-\236\342\352\233\224ov\024\f"
 140      495C 17DD 
 140      362B 9F98 
 140      2D9E E2EA 
 140      9B94 6F76 
 141 0345 70B5 8DCA 		.ascii	"p\265\215\312S\307\353\306\330\215\006\345\253\003\013\217\370"
 141      53C7 EBC6 
 141      D88D 06E5 
 141      AB03 0B8F 
 141      F8
 142 0356 FC7A E5CF 		.ascii	"\374z\345\317*W\313\371\274:\345e\241\271\243\034_\253\374\346"
 142      2A57 CBF9 
 142      BC3A E565 
 142      A1B9 A31C 
 142      5FAB FCE6 
 143 036a FDFC B273 		.ascii	"\375\374\262sv\263\277\255\233\261\222\343\343\333Zc\276\220"
 143      76B3 BFAD 
 143      9BB1 92E3 
 143      E3DB 5A63 
 143      BE90 
 144 037c 33A9 B13C 		.ascii	"3\251\261<x\027\365h\204\307\207r\364\337\365\240\rWE\363\314"
 144      7817 F568 
 144      84C7 8772 
 144      F4DF F5A0 
 144      0D57 45F3 
 145 0391 FF41 9F1D 		.ascii	"\377A\237\035W\275\301\271\377"
 145      57BD C1B9 
 145      FF
 146 039a 065A 3831 		.string	"\006Z81\032\3067\375W\240Q\331#-t\362W=u\211;}\034\373{\320\353\341c\377\266\342_\300\342
 146      1AC6 37FD 
 146      57A0 51D9 
 146      232D 74F2 
 146      573D 7589 
 147 049b F7ED 11F3 		.string	"\367\355\021\363\355q\035\027\323q\327b1-v\006<\306\200\353\261\230\036\027,\225m\263\213
 147      ED71 1D17 
 147      D371 D762 
 147      312D 7606 
 147      3CC6 80EB 
 148 0591 DD40 17E5 		.string	"\335@\027\345N\326\016\326v\3266\326V\326\026\326f\326&\326F\326\006\326z\326:\326Z\326\0
 148      4ED6 0ED6 
 148      76D6 36D6 
 148      56D6 16D6 
 148      66D6 26D6 
 149 05e3 FF05 1E02 		.string	"\377\005\036\002\327\200l\340:\220\005\314H\210<@\275\n\374\017\210\00129.\203\363\337\00
 149      D780 6CE0 
 149      3A90 05CC 
 149      4888 3C40 
 149      BD0A FC0F 
 150 0678 DE02 65C0 		.string	"\336\002e\300\033\300\007\274\006J\200\025\240\030X\006\212\200%\240"
 150      1BC0 07BC 
 150      064A 8015 
 150      A018 5806 
 150      8A80 25A0 
 151 068d 5804 F280 		.string	"X\004\362\200\005 \007\230\027\333\277Y\261\373\361\n\310\006\246\305\372\177)\326\377\20
 151      0520 0798 
 151      17DB BF59 
 151      B1FB F10A 
 151      C806 A6C5 
 152 06ba FDF7 D17F 		.ascii	"\375\367\321\177\017\375w\321\177\007\375\267\321\177\013\375"
 152      0FFD 77D1 
 152      7F07 FDB7 
 152      D17F 0BFD 
 153 06ca 37D1 7F03 		.ascii	"7\321\177\003\375\327\321\177\r\375W\323\177%\375\227\323\377"
 153      FDD7 D17F 
 153      0DFD 57D3 
 153      7F25 FD97 
 153      D3FF 
 154 06dc 13FA 2FA5 		.ascii	"\023\372/\245\377\307\364\377\210\376\013\351?\237\376s\351\377"
 154      FFC7 F4FF 
 154      88FE 0BE9 
 154      3F9F FE73 
 154      E9FF 
 155 06ee 21FD 66E9 		.ascii	"!\375f\351Y\224\020\217\274\360^\364\374\037\324\360\b\211"
 155      5994 108F 
 155      BCF0 5EF4 
 155      FC1F D4F0 
 155      0889 
 156               		.text
 157               		.section	.gnu.lto_ascii_to_shift_lut.24c0c0b8ef0737d5,"",@progbits
 158 0000 789C 4D8F 		.string	"x\234M\217KK\303P\020\205\357$mmk\037\177 \177B\335\364\347Eh\260\270\023\334\351B|Pkm\23
 158      4B4B C350 
 158      1085 EF24 
 158      6D6D 6B1F 
 158      7F20 7F42 
 159 0071 B75E 83CB 		.string	"\267^\203\313$c\0368~Y\355\021c\016\330\371X\t2\374\266C\340\307^9\220xV\217v\006\2654\30
 159      2463 1E38 
 159      7E59 ED11 
 159      630E D8F9 
 159      5809 32FC 
 160 00a4 5BF6 A64F 		.string	"[\366\246O\334\356\352v\264\354\214L\216g\200\203q#,0\246\376o\241\376\266\270\331\016\17
 160      DCEE EA76 
 160      B4EC 8C4C 
 160      8E67 8083 
 160      7123 2C30 
 161 0108 2D58 D484 		.ascii	"-X\324\204\265\210\335\023w\241\006\264/\365\272\370\236\370"
 161      B588 DD13 
 161      77A1 06B4 
 161      2FF5 BAF8 
 161      9EF8 
 162 011a 2E54 254B 		.ascii	".T%K\321\031\225\324/\241\307\227\265"
 162      D119 95D4 
 162      2FA1 C797 
 162      B5
 163               		.text
 164               		.section	.gnu.lto_ascii_to_altgr_lut.24c0c0b8ef0737d5,"",@progbits
 165 0000 789C 2DCB 		.ascii	"x\234-\313\313j\302P\020\200\3413'\227\342-y\001_\242\272\361"
 165      CB6A C250 
 165      1080 E133 
 165      2797 E22D 
 165      7901 5FA2 
 166 0016 8D7C 8D08 		.ascii	"\215|\215\bF\304u\227\245\024\264x\315Em\205d!\242t\321]\273"
 166      46C4 7597 
 166      A514 B478 
 166      CD45 6D85 
 166      6421 A274 
 167 002d 2A01 972E 		.ascii	"*\001\227.\244\270\020\t\204\242Q'\314\234\315\177\2763gT\001"
 167      A4B8 1009 
 167      84A2 5127 
 167      CC9C CD7F 
 167      BE33 6754 
 168 0042 223B 750C 		.ascii	"\";u\f\335\204H%x\207\340\277\024K[\301G\244{\212]=#\200\211"
 168      DD84 4825 
 168      7887 E0BF 
 168      144B 5BC1 
 168      47A4 7B8A 
 169 005b 4CB7 8DAB 		.ascii	"L\267\215\253$\032\310\356_\260\321\210%\344y\377\024\001\261"
 169      241A C8EE 
 169      5FB0 D188 
 169      25E4 79FF 
 169      1401 B1
 170 006e 88FC 8D9A 		.ascii	"\210\374\215\232\001\263\220\355\036\277\323\"1\217\034/\336"
 170      01B3 90ED 
 170      1EBF D322 
 170      318F 1C2F 
 170      DE
 171 007f 429E E690 		.ascii	"B\236\346\220q\307N\024\342\003rwvB\203\250#\277z\341\205w5\344"
 171      71C7 4E14 
 171      E203 7277 
 171      7642 83A8 
 171      23BF 7AE1 
 172 0097 4FD3 7FE6 		.ascii	"O\323\177\346\317*r}\362\373<U\220\237\267de\022%\362\245\025"
 172      CF2A 727D 
 172      F2FB 3C55 
 172      909F B764 
 172      6512 25F2 
 173 00ad 2D8D DAC2 		.ascii	"-\215\332\302j\277Z\226f+\022\036\313\320\2072T(\357@\235sg\334"
 173      6ABF 5A96 
 173      662B 121E 
 173      CBD0 8732 
 173      5428 EF40 
 174 00c5 29D7 E77A 		.ascii	")\327\347z\334*\305e:\334\tw\314\035q\207\334\001U\300\007\324"
 174      DC2A C565 
 174      3ADC 0977 
 174      CC1D 7187 
 174      DC01 55C0 
 175 00db C41D 119C 		.ascii	"\304\035\021\234p\350"
 175      70E8 
 176               		.text
 177               		.section	.gnu.lto_ascii_to_dead_lut.24c0c0b8ef0737d5,"",@progbits
 178 0000 789C 2DCB 		.ascii	"x\234-\313\313j\302P\020\200\3413'\227\342-y\001_\242\272\361"
 178      CB6A C250 
 178      1080 E133 
 178      2797 E22D 
 178      7901 5FA2 
 179 0016 8D7C 8D08 		.ascii	"\215|\215\bF\304u\227\245\024\264x\315Em\205d!\242t\321]\273"
 179      46C4 7597 
 179      A514 B478 
 179      CD45 6D85 
 179      6421 A274 
 180 002d 2A01 972E 		.ascii	"*\001\227.\244\270\020\t\204\242Q'\314\234\315\177\2763gT\001"
 180      A4B8 1009 
 180      84A2 5127 
 180      CC9C CD7F 
 180      BE33 6754 
 181 0042 223B 750C 		.ascii	"\";u\f\335\204H%x\207\340\277\024K[\301G\244{\212]=#\200\211"
 181      DD84 4825 
 181      7887 E0BF 
 181      144B 5BC1 
 181      47A4 7B8A 
 182 005b 4CB7 8DAB 		.ascii	"L\267\215\253$\032\310\356_\260\321\210%\344y\377\024\001\261"
 182      241A C8EE 
 182      5FB0 D188 
 182      25E4 79FF 
 182      1401 B1
 183 006e 88FC 8D9A 		.ascii	"\210\374\215\232\001\263\220\355\036\277\323\"1\217\034/\336"
 183      01B3 90ED 
 183      1EBF D322 
 183      318F 1C2F 
 183      DE
 184 007f 429E E690 		.ascii	"B\236\346\220q\307N\024\342\003rwvB\203\250#\277z\341\205w5\344"
 184      71C7 4E14 
 184      E203 7277 
 184      7642 83A8 
 184      23BF 7AE1 
 185 0097 4FD3 7FE6 		.ascii	"O\323\177\346\317*r}\362\373<U\220\237\267de\022%\362\245\025"
 185      CF2A 727D 
 185      F2FB 3C55 
 185      909F B764 
 185      6512 25F2 
 186 00ad 2D8D DAC2 		.ascii	"-\215\332\302j\277Z\226f+\022\036\313\320\2072T(\357@\235sg\334"
 186      6ABF 5A96 
 186      662B 121E 
 186      CBD0 8732 
 186      5428 EF40 
 187 00c5 29D7 E77A 		.ascii	")\327\347z\334*\305e:\334\tw\314\035q\207\334\001U\300\007\324"
 187      DC2A C565 
 187      3ADC 0977 
 187      CC1D 7187 
 187      DC01 55C0 
 188 00db C41D 119C 		.ascii	"\304\035\021\234p\350"
 188      70E8 
 189               		.text
 190               		.section	.gnu.lto_send_string_with_delay.24c0c0b8ef0737d5,"",@progbits
 191 0000 789C A557 		.string	"x\234\245W[P\225\327\025\336\353\337\347\306\341\\8\\\275\034\024\243\006ajH\332>\2643\36
 191      5B50 95D7 
 191      15DE EBDF 
 191      E7C6 E15C 
 191      385C BD1C 
 192 0029 6D98 2031 		.ascii	"m\230 1\\\322I_\374\361p1b\247\231Z\260c1v\342XP\210\310]4\352"
 192      5CD2 495F 
 192      FCF1 7031 
 192      62A7 995A 
 192      B063 3176 
 193 0045 41B1 345C 		.ascii	"A\2614\\\304K\214\022 \022\210\030\025\025\b\306j"
 193      C44B 8C12 
 193      2012 8818 
 193      1515 08C6 
 193      6A
 194 0056 8BA7 6BAD 		.string	"\213\247k\255\375\0378p\202-\323\363p\376\275\327\277n\337\267\327\332{\377&\001\202~\037
 194      FD1F 3870 
 194      822D D3F3 
 194      70FE BDD7 
 194      BF6E DFB7 
 195 0157 6474 75AA 		.ascii	"dtu\252\357`$M5\210\302\351\365'7\032\034r5\b\034\337\271pv\267"
 195      EF60 244D 
 195      3588 C2E9 
 195      F527 371A 
 195      1C72 3508 
 196 0171 3BF9 88AE 		.ascii	";\371\210\256\357\322\365\3468]\226J\t\307@\242?8\n^\250\005"
 196      EFD2 F5E6 
 196      385D 964A 
 196      09C7 40A2 
 196      3F38 0A5E 
 197 0187 AF40 9180 		.ascii	"\257@\221\200:HF\355\221\322S]6\231\310\226\373\357\371\037\271"
 197      3A48 46ED 
 197      91D2 535D 
 197      3699 C896 
 197      FBEF F91F 
 198 019c 0CCB 110F 		.ascii	"\f\313\021\017Y\232\240^Y\376\300\013\257\222\235I\300G\220L"
 198      599A A05E 
 198      59FE C00B 
 198      AF92 9D49 
 198      C047 904C 
 199 01b0 CA63 8DCF 		.ascii	"\312c\215\317+\235\226\022J;I%\013\307\301\202\270,\370\362\366"
 199      2B9D 9612 
 199      4A3B 4925 
 199      0BC7 C182 
 199      B82C F8F2 
 200 01c5 2737 4722 		.ascii	"'7G\"\345\313\354\365\2033\rU\266\315\207\311\253\377\334\036"
 200      E5CB ECF5 
 200      8333 0D55 
 200      B6CD 87C9 
 200      ABFF DC1E 
 201 01d9 7789 EE2F 		.ascii	"w\211\356/N*\225fh\b\365\314HO\300f\324o\277\262\257\316$_c\333"
 201      4E2A 9566 
 201      6808 F5CC 
 201      484F C066 
 201      D46F BFB2 
 202 01f3 FE7F 8FEF 		.ascii	"\376\177\217\357\267\033\266C=^\303\326\004\215a\266Ml\033\252"
 202      B71B B643 
 202      3D5E C3D6 
 202      048D 61B6 
 202      4D6C 1BAA 
 203 0207 3FB3 47D3 		.ascii	"?\263G\323O\350\266\357Vo\016S\177\366\"\365\026Vo\351\253\250"
 203      4FE8 B6EF 
 203      566F 0E53 
 203      7FF6 22F5 
 203      1656 6FE9 
 204 021d 74C8      		.ascii	"t\310"
 205 021f 1F73 66FF 		.string	"\037sf\377\254=x\b\310T\327\375\177\3545L-\320\272\230h6n\013\213\365\247\212\027\304j\20
 205      AC3D 7808 
 205      C854 D7FD 
 205      7FEC 354C 
 205      2DD0 BA98 
 206 0320 3EB9 4EC3 		.ascii	">\271N\303\277\344\204\341\241,L\333$J\254\222\215kB\215[\272"
 206      BFE4 84E1 
 206      A12C 4CDB 
 206      244A AC92 
 206      8D6B 428D 
 207 0336 BACB 6CCA 		.ascii	"\272\313l\312\030\340c\243\b\2465\263h\227r\002|\325e\237\035"
 207      18E0 63A3 
 207      08A6 35B3 
 207      6897 7202 
 207      7CD5 659F 
 208 034b DBA1 B4DD 		.ascii	"\333\241\264\335\224\031.\373\030h\234\017\203w3x\273\322\240"
 208      9419 2EFB 
 208      1868 9C0F 
 208      8377 3378 
 208      BBD2 A0
 209 035e DE6E 2DEF 		.ascii	"\336n-\357k\264+|\200\323\271\273\276VS\020_Q\020\337\031\306"
 209      6BB4 2B7C 
 209      80D3 B9BB 
 209      BE56 5310 
 209      5F51 10DF 
 210 0374 7736 88EF 		.ascii	"w6\210\357\355\005|Q\n_C\345\026\303eHN\026\261MR\264\362\207"
 210      ED05 7C51 
 210      0A5F 43E5 
 210      16C3 6548 
 210      4E16 B14D 
 211 038c C7F2 9752 		.ascii	"\307\362\227R\335DT\237d\252\317\221\335\306\320M\310\316\233"
 211      DD44 549F 
 211      64AA CF91 
 211      DDC6 D04D 
 211      C8CE 9B
 212 039f D0EC 7B97 		.ascii	"\320\354{\227\002`\244\022e$\342'\347\370n\372z\343}\313\316"
 212      0260 A412 
 212      6524 E227 
 212      E7F8 6EFA 
 212      7AE3 7DCB 
 213 03b4 395D BD92 		.ascii	"9]\275\222\320I\251\t8\017;\031\356\271 \334\215\006\\\216\261"
 213      D049 A909 
 213      380F 3B19 
 213      EEB9 20DC 
 213      8D06 5C8E 
 214 03c9 090D 3F3E 		.ascii	"\t\r?>\264\367\250\001\227b\214=~\336\345\304\030`\370\277\300"
 214      B4F7 A801 
 214      9762 8C3D 
 214      7EDE E5C4 
 214      1860 F8BF 
 215 03de 40BB 1450 		.ascii	"@\273\024P\345\247\211`n\022_C\211\177\244'\226D\224@G\307\344"
 215      E5A7 8960 
 215      6E12 5F43 
 215      897F A427 
 215      9644 9440 
 216 03f5 9015 13D8 		.ascii	"\220\025\023\330\315\tD\0064\n\177\021\303\243n)\026\036\341"
 216      CD09 4406 
 216      340A 7F11 
 216      C3A3 6E29 
 216      161E E1
 217 0408 B78A 7F69 		.ascii	"\267\212\177ij\005\317U\246-0>\0173\002#\374}\236-\233\370\241"
 217      6A05 CF55 
 217      A62D 303E 
 217      0F33 0223 
 217      FC7D 9E2D 
 218 041f 62EB 525D 		.ascii	"b\353R]\030[\315\013lu\223\033\317\n\351\371\207\242\347\023"
 218      185B CD0B 
 218      6C75 931B 
 218      CF0A E9F9 
 218      87A2 E713 
 219 0433 839E EE20 		.ascii	"\203\236\356 =\036\203\036v\032\275,\037=A>\310\260\231\370\210"
 219      3D1E 831E 
 219      761A BD2C 
 219      1F3D 413E 
 219      C8B0 99F8 
 220 0448 663E 1E23 		.ascii	"f>\036#\037\335\313\360\201\355\b\275\314Gt\220\217\b\321m\360"
 220      1FDD CBF0 
 220      81ED 08BD 
 220      CC47 7490 
 220      8F08 D16D 
 221 045d F128 948F 		.ascii	"\361(\224\217\3633'j\034\212\017\t}\363|\330\305V\243z\302\371"
 221      F333 276A 
 221      1C8A 0F09 
 221      7DF3 7CD8 
 221      C556 A37A 
 222 0473 6859 E0A3 		.ascii	"hY\340\243\237\334$\255\220\217K\212\217\001\203\217\376 \037"
 222      9FDC 24AD 
 222      908F 4B8A 
 222      8F01 838F 
 222      FE20 1F
 223 0486 4906 1FEC 		.ascii	"I\006\037\354t\303\262|\\\016\362A\206-\304\307\006\346c\016"
 223      74C3 B27C 
 223      5C0E F241 
 223      862D C4C7 
 223      06E6 630E 
 224 049a F9E8 5F86 		.ascii	"\371\350_\206\017<s\341\n\363\261!\310G\2448`\360\021\b\345\343"
 224      0F3C 73E1 
 224      0AF3 B121 
 224      C847 A438 
 224      60F0 1108 
 225 04b0 4AC9 896A 		.ascii	"J\311\211j\251\3700\301\325y>\034b@H\354>\377\276^\357R>p\037"
 225      A9F8 30C1 
 225      D579 3E1C 
 225      6240 48EC 
 225      3EFF BE5E 
 226 04c9 A41D 34C8 		.ascii	"\244\0354\310\3115L\213D\251^\306S~\365{$\362\311\330\025\322"
 226      C935 4C8B 
 226      44A9 5EC6 
 226      537E F57B 
 226      24F2 C9D8 
 227 04df F4A9 A2E9 		.ascii	"\364\251\242\351\272A\323\265 M\261\006M\3544nY\232>\013\322"
 227      BA41 D3B5 
 227      204D B106 
 227      4DEC 346E 
 227      599A 3E0B 
 228 04f4 4486 ED44 		.ascii	"D\206\355DS\034#q\212\017,\264W\035(\233\250\337\241\234\254"
 228      531C 2371 
 228      8A0F 2CB4 
 228      571D 289B 
 228      A8DF A19C 
 229 0509 F249 13ED 		.ascii	"\362I\023\355>S\227\347\270\024,`\207\033\340\235\267n#\353U"
 229      3E53 97E7 
 229      B814 2C60 
 229      871B E09D 
 229      B76E 23EB 
 230 051e 1476 A6FC 		.ascii	"\024v\246\374a}\025(\253\325>iA\231\257\312\242\346kP\204^\352"
 230      617D 1528 
 230      ABD5 3E69 
 230      4199 AFCA 
 230      A2E6 6B50 
 231 0535 BE7D 7FC4 		.ascii	"\276}\177\304\245\274\374\002n\202\227U\312\272\244RZ\313\321"
 231      A5BC FC02 
 231      6E82 9755 
 231      CABA A452 
 231      5ACB D1
 232 0548 D62C 76BD 		.ascii	"\326,v\275V\360\336\371m\375\357\224\222\327\207W\237W\275\213"
 232      56F0 DEF9 
 232      6DFD EF94 
 232      92D7 8757 
 232      9F57 BD8B 
 233 055c 617B 4361 		.ascii	"a{Ca'\206\034\006\n\266\3278\006\006\303`'2l\227x`\221\352\034"
 233      2786 1C06 
 233      0AB6 D738 
 233      0606 C360 
 233      2732 6C97 
 234 0575 62A9 45A8 		.ascii	"b\251E\250\t'`\022!'\224\246\200~\021d'~\t\316\004\024a\370\301"
 234      0927 6012 
 234      2127 94A6 
 234      807E 1164 
 234      277E 09CE 
 235 058e E755 6D7C 		.ascii	"\347Um|K\263\302\345\200\204\3171:V\323\200\357\254AO\002q\321"
 235      4BB3 C2E5 
 235      8084 CF31 
 235      3A56 D380 
 235      EFAC 414F 
 236 05a5 76E4 1428 		.ascii	"v\344\024(\235\b\030\n\2365\032\256\241\243~\360+<"
 236      9D08 180A 
 236      9E35 1AAE 
 236      A1A3 7EF0 
 236      2B3C 
 237 05b7 6EBC CEC9 		.string	"n\274\316\311\301Y\230\301RK\365:\252Y\264\3269<8\212\"Z\\C+\221\265\020\204\233\252\020=
 237      C159 98C1 
 237      524B F53A 
 237      AA59 B4D6 
 237      393C 388A 
 238 06b8 520A DF91 		.ascii	"R\n\337\221\334\001\315\314\201\341.v7\351\227\342YNe\352\301"
 238      DC01 CDCC 
 238      81E1 2E76 
 238      37E9 97E2 
 238      594E 65EA 
 239 06cd 3285 90CA 		.ascii	"2\205\220\3124\253\366\331\177\363\242K\225\325z\224\301\326"
 239      34AB F6D9 
 239      7FF3 A24B 
 239      95D5 7A94 
 239      C1D6 
 240 06df 25BD B99E 		.ascii	"%\275\271\236Joh\276\364\314\264\367p\251\231}2\305\215\025\264"
 240      4A6F 68BE 
 240      F4CC B4F7 
 240      70A9 997D 
 240      32C5 8D15 
 241 06f4 3EAA D68A 		.ascii	">\252\326\212\336\243E\277\224\224Y{\257\213w\253\260\314<\001"
 241      DEA3 45BF 
 241      9494 597B 
 241      AF8B 77AB 
 241      B0CC 3C01 
 242 0708 8DE8 B8C7 		.ascii	"\215\350\270\307{\245\253\024\217\032\312*\206nC!-\"U\303>\374"
 242      7BA5 AB14 
 242      8F1A CA2A 
 242      866E 4321 
 242      2D22 55C3 
 243 071e E8FB 6AE3 		.ascii	"\350\373j\343$Q\330e'\231\211\272\322K\315\362\267\266?\007\214"
 243      2451 D865 
 243      2799 89BA 
 243      D24B CDF2 
 243      B7B6 3F07 
 244 0733 0B32 0502 		.ascii	"\0132\005\002u\323o]z?^\272H\367\027v\325It{\237\260n!\\\022"
 244      75D3 6F5D 
 244      7A3F 5EBA 
 244      48F7 1776 
 244      D549 747B 
 245 074d 4F4F 5BF5 		.ascii	"OO[\365\rj\016\210\306\277\215\226O\177\205\235\353\301\241;"
 245      0D6A 0E88 
 245      C6BF 8D96 
 245      4F7F 859D 
 245      EBC1 A13B 
 246 0761 B2FE FA28 		.ascii	"\262\376\372(>\223\354\303\370\036\223\217\025\370\2717\337$"
 246      3E93 ECC3 
 246      F81E 938F 
 246      15F8 B937 
 246      DF24 
 247 0773 2BA9 FD07 		.ascii	"+\251\375\007\377C\355?|A\355\367\316~\210\265\377\200@L\316"
 247      FF43 ED3F 
 247      7C41 EDF7 
 247      CE7E 88B5 
 247      FF80 404C 
 248 0788 D7FE 4AEB 		.ascii	"\327\376J\353\375\377\250\361i\254\361)\212\376\210)\304=\205"
 248      FDFF A8F1 
 248      69AC F129 
 248      8AFE 8829 
 248      C43D 85
 249 079b 44FF B5C6 		.ascii	"D\377\265\306\277\t\251q\262A\027\213Jzf\331\222\24680\273\244"
 249      BF09 A971 
 249      B241 178B 
 249      4A7A 66D9 
 249      92A6 3830 
 250 07b1 A4E3 047E 		.ascii	"\244\343\004~W\033\325\303+h5j\372\356\305H\342\305'SQ\206\016"
 250      571B D5C3 
 250      2B68 356A 
 250      FAEE C548 
 250      E2C5 2753 
 251 07c8 AFF9 BA06 		.ascii	"\257\371\272\006x\3772\341"
 251      78FF 32E1 
 252 07d0 3734 3C36 		.string	"74<6\016\240\371\205OUE~\034\224\221u\341\362n\305\252\210\331;\322\202\253\236\032[=r\02
 252      0EA0 F985 
 252      4F55 457E 
 252      1C94 9175 
 252      E1F2 6EC5 
 253 0808 4AF1 8A14 		.string	"J\361\212\024\377vQF^a\321\366\264\202\354\274\254\364\202\302\374\234\274\337\274\222)$\
 253      FF76 5146 
 253      5E61 D1F6 
 253      B482 ECBC 
 253      ACF4 82C2 
 254 087d 328A 48C3 		.ascii	"2\212H\303"
 255               		.text
 256               		.section	.gnu.lto_send_string.24c0c0b8ef0737d5,"",@progbits
 257 0000 789C 254F 		.string	"x\234%O=KCA\020\334\271\215I@%)D\020_\241UH\243\370W\374\003\"*ba@\223\324oM<Li\243\026b\
 257      3D4B 4341 
 257      10DC B98D 
 257      4940 2529 
 257      4410 5FA1 
 258 00fb C239 02CF 		.ascii	"\3029\002\317q\372@I\270\257\267\352\250Bmu\311\350Zq>W(\256"
 258      71FA 4049 
 258      B8AF B7EA 
 258      A842 6D75 
 258      C9E8 5A71 
 259 0113 4EE7 9772 		.ascii	"N\347\227r\213s\371\302\372Jnyj\201X\331\037\323\020j%"
 259      8B73 F9C2 
 259      FA4A 6E79 
 259      6A81 58D9 
 259      1FD3 106A 
 260               		.text
 261               		.section	.gnu.lto_send_string_with_delay_P.24c0c0b8ef0737d5,"",@progbits
 262 0000 789C A598 		.ascii	"x\234\245\230kP\324\327\025\300\357\271w_\354.\273,\317\252\020"
 262      6B50 D4D7 
 262      15C0 EFB9 
 262      775F EC2E 
 262      BB2C CFAA 
 263 0015 4145 8D9A 		.ascii	"AE\215\232 m\246\323\35143mg\372\241_2\235~l?0Fh\313\004\255"
 263      206D A6D3 
 263      E934 336D 
 263      67FA A15F 
 263      329D 7E6C 
 264 0030 0174 26ED 		.ascii	"\001t&\355L\375\313\262\276PcM\005K $1FT*\276"
 264      4CFD CBB2 
 264      BE50 634D 
 264      054B 2024 
 264      3146 542A 
 265 0045 157C AD4F 		.string	"\025|\255O\232\250\370\212\032cP\003F\255\222\b\242\342\013\267\347\234\373_\\\027#\240\3
 265      9AA8 F88A 
 265      1A63 5003 
 265      46AD 9208 
 265      A2E2 0BB7 
 266 0146 7543 529B 		.string	"uCR\233\303Jx\031\265\016\204\272\203\336[2\240"
 266      C34A 7819 
 266      B50E 84BA 
 266      83DE 5B32 
 266      A000 
 267 0158 C8E8 44C7 		.ascii	"\310\350D\307\341j\0275%\304a\363T\367\231z\267\032\002\002\237"
 267      E16A 1735 
 267      25C4 61F3 
 267      54F7 997A 
 267      B71A 0202 
 268 016d AFEC DB35 		.ascii	"\257\354\3335\327;f\205a\224\030\306\326$C\005\224\202\325\240"
 268      D73B 6685 
 268      6194 18C6 
 268      D624 4305 
 268      9482 D5A0 
 269 0181 D01F AC82 		.ascii	"\320\037\254\202T\250\205T\201\"\001k`\fj\267\004\032\367;T\032"
 269      54A8 8554 
 269      8122 016B 
 269      600C 6AB7 
 269      041A F73B 
 270 0197 5B56 5C0B 		.ascii	"[V\\\013\336\360\230\226\235>\262\264@\235\266\374I*L$;\213\200"
 270      DEF0 9896 
 270      9D3E B2B4 
 270      409D B6FC 
 270      492A 4C24 
 271 01ae FFC0 1852 		.ascii	"\377\300\030Rn]\377hi\254\255\224\302N\327\301\302Z\260\341\274"
 271      6E5D FF68 
 271      69AC AD94 
 271      C24E D7C1 
 271      C25A B0E1 
 272 01c3 62B1 F3DB 		.ascii	"b\261\363\333\317\276lq\251\321\354\365\203\235\365\345\216\314"
 272      CFBE 6C71 
 272      A9D1 ECF5 
 272      839D F5E5 
 272      8ECC 
 273 01d5 E5E4 35D8 		.ascii	"\345\3445\330Y\346-5\202\263\322\003\312\n\365\221\236y\246\353"
 273      59E6 2D35 
 273      82B3 D203 
 273      CA0A F591 
 273      9E79 A6EB 
 274 01e9 2013 F58F 		.ascii	" \023\365\217.9\270\332\243\262\331\266\353\304\335\036\233\266"
 274      2E39 B8DA 
 274      A3B2 D9B6 
 274      EBC4 DD1E 
 274      9BB6 
 275 01fb 35BA 130D 		.ascii	"5\272\023\r\377/\003\312\006\353\237\234\f\233n`\323\b\365`w"
 275      FF2F 03CA 
 275      06EB 9F9C 
 275      0C9B 6E60 
 275      D308 F560 
 276 0210 595A 400F 		.ascii	"YZ@\017\365t\213\215l\261\365\370{k,\352\347<\330\221\207m\025"
 276      F574 8B8D 
 276      6CB1 F5F8 
 276      7B6B 2CEA 
 276      E73C D891 
 277 0227 4ED3 BAE7 		.ascii	"N\323\272\347P\252\031\250\0056\365\tts\364hFE\3223\202\333\302"
 277      50AA 19A8 
 277      0536 F509 
 277      7473 F468 
 277      4645 D233 
 278 023e EA91 EE97 		.ascii	"\352\221\356\2276?\313\375\326\301\271\337\326"
 278      363F CBFD 
 278      D6C1 B9DF 
 278      D6
 279 024b C77D F533 		.string	"\307}\3653\3357\f\316}#\253o:\\\266\324\255~\315\211\272[[]\003dj\030\301\315\315\251f\23
 279      DD37 0CCE 
 279      7D23 AB6F 
 279      3A5C B6D4 
 279      AD7E CD89 
 280 034c 5D82 7BA2 		.string	"]\202{\2421G\273\303l\302^r\031$\227\260\017l~\345\241\361[AR\213\024P\"\256@\211n\3436\3
 280      3147 BBC3 
 280      6CC2 5E72 
 280      1924 97B0 
 280      0F6C 7EE5 
 281 0396 2C7E E5C5 		.string	",~\345\305\236\203`A\371\306\366{=\256\214\034m\353\344\330\317\257\332ja\333&\323\366\30
 281      9E83 6041 
 281      F9C6 F67B 
 281      3DAE 8C1C 
 281      6DEB E4D8 
 282 03ed BF8A 93F8 		.string	"\277\212\223\370\225\225\322~;\027\323o\021\245v\305\306\327#\2157\355o\232\355\320\306"
 282      9595 D27E 
 282      3B17 D36F 
 282      11A5 76C5 
 282      C6D7 238D 
 283 0409 87CC 3AEE 		.ascii	"\207\314:\356\224V\261U\251\313\340\257\232}\276\276\370\271"
 283      9456 B155 
 283      A9CB E0AF 
 283      9A7D BEBE 
 283      F8B9 
 284 041b 338F F50A 		.ascii	"3\217\365\n\207\037g\376\b\r\352\303\314\223>\315\023\005\272"
 284      871F 67FE 
 284      080D EAC3 
 284      CC93 3ECD 
 284      1305 BA
 285 042e 167C 5C0B 		.ascii	"\026|\\\013v\255\021O\355p\367F\232u\274fsd`l\232\243\331\034"
 285      76AD 114F 
 285      ED70 F746 
 285      9A75 BC66 
 285      7364 606C 
 286 0446 A5FC 2660 		.ascii	"\245\374&`\317\261~\331\034\217fs\202l\343\261\347\244\311\206"
 286      CFB1 7ED9 
 286      1C8F 6673 
 286      826C E3B1 
 286      E7A4 C986 
 287 045a 8238 4C41 		.ascii	"\2028LA%0\233\267\037\263I\320l\272*\306\352\364&D\344\323&~"
 287      2530 9BB7 
 287      1FB3 49D0 
 287      6CBA 2AC6 
 287      EAF4 2644 
 288 0472 81E9 2CB9 		.ascii	"\201\351,\271?\347N}9D\247iso\212\236;\323\270&\341\024\271\371"
 288      3FE7 4E7D 
 288      3944 A769 
 288      736F 8A9E 
 288      3BD3 B826 
 289 048a 8233 7D9A 		.ascii	"\2023}\232\306\037\027y\260\273\371`\2775\2579\0045P=\013\215"
 289      C61F 1779 
 289      B0BB F960 
 289      BF35 AF39 
 289      0435 503D 
 290 04a0 E202 2A96 		.ascii	"\342\002*\226X\234\241 \261\257\363\324\372\353\266\231=\206"
 290      589C A120 
 290      B1AF F3D4 
 290      FAEB B699 
 290      3D86 
 291 04b2 EE52 F025 		.ascii	"\356R\360%*\242\253\2630\223\347}:\314j\234\311\212\307\030O"
 291      2AA2 ABB3 
 291      3093 E77D 
 291      3ACC 6A9C 
 291      C98A C718 
 292 04c7 ED70 F716 		.ascii	"\355p\367\026\312\302x\315\352\364\300X}\025\315\352\034\345"
 292      CAC2 78CD 
 292      EAF4 C058 
 292      7D15 CDEA 
 292      1CE5 
 293 04d9 7B02 F67C 		.ascii	"{\002\366|\335/\253\226hV\347\311v<\366\\0YQ\020\247(\250\t\314"
 293      DD2F AB96 
 293      6856 E7C9 
 293      763C F65C 
 293      3059 5110 
 294 04f2 AA88 B243 		.ascii	"\252\210\262C\331&\301U(\r\206\016%r\302\320ICC\3739;\316~.\317"
 294      D926 C155 
 294      280D 860E 
 294      2572 C2D0 
 294      4943 43FB 
 295 050c DE13 9234 		.ascii	"\336\023\2224\367\2138w\324\r\320\302F\210v\361@\352%\264\274"
 295      F78B 3877 
 295      D40D D0C2 
 295      4688 76F1 
 295      40EA 25B4 
 296 0521 2ACB 641C 		.ascii	"*\313d\034\231c\027\016\371M/r\207xM#?\275\255/\362\255/\216"
 296      9963 170E 
 296      F94D 2F72 
 296      8778 4D23 
 296      3FBD AD2F 
 297 0539 1CB7 7E68 		.ascii	"\034\267~h#7\255\214\374\022\205\2238H\306\337j\306\227M\306"
 297      2337 AD8C 
 297      FC12 8593 
 297      3848 C6DF 
 297      6AC6 974D 
 298 054e 97C2 8C13 		.ascii	"\227\302\214\023M\306\3544\211\332\341\356m\224\275$\315\370"
 298      4DC6 EC34 
 298      89DA E1EE 
 298      6D94 BD24 
 298      CDF8 
 299 0560 D2C0 185F 		.ascii	"\322\300\030_\211f|\2258\341\215\037\376\327/\343k\321\214\257"
 299      8966 7C95 
 299      38E1 8D1F 
 299      FED7 2FE3 
 299      6BD1 8CAF 
 300 0574 936D 12F6 		.ascii	"\223m\022\366\264\233\214)\2106\n*\331d\214\351\240\364\222\200"
 300      B49B 8C29 
 300      8836 0A2A 
 300      D964 8CE9 
 300      A0F4 9280 
 301 0588 1857 3427 		.ascii	"\030W4'r\206\236\306\230F\370\216\031'\207\031\307\210&\223\361"
 301      7286 9EC6 
 301      9846 F88E 
 301      1927 8719 
 301      C788 2693 
 302 059d C648 C67B 		.ascii	"\306H\306{o\256[\351\326\214\025|\337\313\330)^1\227\365S\030"
 302      6FAE 5BE9 
 302      D68C 157C 
 302      DFCB D829 
 302      5E31 97F5 
 303 05b3 37BC 3863 		.ascii	"7\2748c<|\241\203\334\334`\306\235\024\316\350A2\276\251\031"
 303      3C7C A183 
 303      DCDC 60C6 
 303      9D14 CEE8 
 303      4132 BEA9 
 304 05c8 7799 8C3B 		.ascii	"w\231\214;\303\214G\233\214\331)\267\303\335\215\224\2751\232"
 304      C38C 479B 
 304      8CD9 29B7 
 304      C3DD 8D94 
 304      BD31 9A
 305 05db 71E7 C018 		.ascii	"q\347\300\030\337\212f|\2338\215\305\236;\3752\356\216f|\227"
 305      DF8A 667C 
 305      9B38 8DC5 
 305      9E3B FD32 
 305      EE8E 667C 
 306 05f0 6CF1 2E01 		.ascii	"l\361.\001\367L\306\024D\007\0055\326d\214\351\240\364\222\200"
 306      F74C C614 
 306      4407 0535 
 306      D664 8CE9 
 306      A0F4 9280 
 307 0604 18D7 20E3 		.ascii	"\030\327 \343\033?\300\030_v\340>3\036\033f\354\022\225&\343"
 307      1B3F C018 
 307      5F76 E03E 
 307      331E 1B66 
 307      EC12 9526 
 308 0619 B648 C6C7 		.ascii	"\266H\306\307K\327U)\315\330\002\017z\031\273\305Q\241pX\272"
 308      4BD7 5529 
 308      CDD8 020F 
 308      7A19 BBC5 
 308      51A1 7058 
 309 062e 8C46 F3C1 		.ascii	"\214F\363\301\213\022]\231\302\007\334C\f\213D\343R\005W\305"
 309      8B12 5D99 
 309      C207 DC43 
 309      0C8B 44E3 
 309      5205 57C5 
 310 0642 F906 AE8A 		.ascii	"\371\006\256\212\347c\217W8\350!\337\017\331\367#\ns\310 \331"
 310      E763 8F57 
 310      38E8 21DF 
 310      0FD9 F723 
 310      0A73 C820 
 311 0657 8734 7B43 		.ascii	"\2074{Cj\366\217\302\354\207\230\354\331\351Pj\207\273wQV\207"
 311      6AF6 8FC2 
 311      EC87 98EC 
 311      D9E9 506A 
 311      87BB 7751 
 312 066d 6AF6 8F06 		.ascii	"j\366\217\006\306~\226\214b_\"\221\3370\354\361\313\376\330\227"
 312      C67E 968C 
 312      625F 2291 
 312      DF30 ECF1 
 312      CBFE D897 
 313 0681 CA28 F601 		.ascii	"\312(\366\001\262\035\212=\263\245\2457\250\036\nj\230\311\236"
 313      B21D 8A3D 
 313      B3A5 A537 
 313      A81E 0A6A 
 313      98C9 9E
 314 0694 92BC 530B 		.ascii	"\222\274S\013\bO\254\370\300F7\225\312\331\3377L\243N\277z\311"
 314      084F ACF8 
 314      C046 3795 
 314      CAD9 DF37 
 314      4CA3 4EBF 
 315 06aa AF68 DC9E 		.ascii	"\257h\334\236\216c=\274f\355\340\2049R_9LD\250\244\257\237w\020"
 315      8E63 3DBC 
 315      66ED E084 
 315      3952 5F39 
 315      4C44 A8A4 
 316 06c2 91B6 1AEE 		.ascii	"\221\266\032\356W6\224\371\313m\272\235\216\"\364\262\346\316"
 316      5736 94F9 
 316      CB6D BA9D 
 316      8E22 F4B2 
 316      E6CE 
 317 06d4 E216 8FF6 		.ascii	"\342\026\217\366\362;\230+SYe\366~\245\2252x\264\364']g\b\276"
 317      F23B 982B 
 317      5359 65F6 
 317      7EA5 9532 
 317      78B4 F427 
 318 06ec 393D 6AF8 		.ascii	"9=j\370\307s\303\307\3338\314\223\275\360\347K\034k\204\037\337"
 318      C773 C3C7 
 318      DB38 CC93 
 318      BDF0 E74B 
 318      1C6B 841F 
 319 0701 C7CD 9B13 		.ascii	"\307\315\233\023\n4\311\021&I\326\030I\355p\367n\ne\244&I\355"
 319      0A34 C911 
 319      2649 D618 
 319      49ED 70F7 
 319      6E0A 65A4 
 320 0718 0190 2C8B 		.ascii	"\001\220,\213&\271\200h\214\302\236\205\375\222\\\024M\362]\262"
 320      26B9 8068 
 320      8CC2 9E85 
 320      FD92 5C14 
 320      4DF2 5DB2 
 321 072c 1D89 3D8B 		.ascii	"\035\211=\213M\222\024\004\316\211\034\022\311\277?&9\212Iz\304"
 321      4D92 1404 
 321      CE89 1C12 
 321      C9BF 3F26 
 321      398A 497A 
 322 0741 7736 A55F 		.ascii	"w6\245_\020Xj\023\272\3019\265\210\210W\007\251\331]\016\003"
 322      1058 6A13 
 322      BAC1 39B5 
 322      8888 5707 
 322      A9D9 5D0E 
 323 0756 4F8D 4297 		.ascii	"O\215B\227\206\"\f\345\354\243\362-\3747\206\003\216\205\024"
 323      8622 0CE5 
 323      ECA3 F22D 
 323      FC37 8603 
 323      8E85 14
 324 0769 FC13 E1E1 		.ascii	"\374\023\341\341\252?\352\337e\022O#\274[V4\202\326\211\201%"
 324      AA3F EADF 
 324      6512 4F23 
 324      BC5B 5634 
 324      82D6 8981 
 325 077e D2BC 3C4B 		.ascii	"\322\274<K\\\022\356\035]u\370;\"\366a\327C\334D-\270\252\335"
 325      5C12 EE1D 
 325      5D75 F83B 
 325      22F6 61D7 
 325      43DC 442D 
 326 0795 755D 97F0 		.ascii	"u]\227\360J\235\021\333\336u\021E\350b\030j\221h\024j\335\242"
 326      4A9D 11DB 
 326      DE75 1145 
 326      E862 186A 
 326      9168 146A 
 327 07ab B71C 2FED 		.ascii	"\267\034/\355\026\350!\005C\366\220 \216\352\223c\217\334b\200"
 327      16E8 2105 
 327      43F6 9020 
 327      8EEA 9363 
 327      8FDC 6280 
 328 07bf 77C5 CE23 		.ascii	"w\305\316#\225m\036\375?K:6+[\227\377I"
 328      956D 1EFD 
 328      3F4B 3A36 
 328      2B5B 97FF 
 328      49
 329 07d0 BDC9 6F3A 		.ascii	"\275\311o:\335\207k\367(\363%\270\245LU\351\227\3168X*\271p\376"
 329      DD87 6BF7 
 329      28F3 25B8 
 329      A54C 55E9 
 329      97CE 3858 
 330 07e8 2553 E13D 		.ascii	"%S\341=i\276t\226KzM\335\271\371\346~K\332\373\274\361!j#\374"
 330      69BE 7496 
 330      4B7A 4DDD 
 330      B9F9 E67E 
 330      4BDA FBBC 
 331 0801 0134 1350 		.ascii	"\0014\023P!\323(\201\027k\346\334(QO\026[\360\320\027mx\250\225"
 331      21D3 2881 
 331      176B E6DC 
 331      2851 4F16 
 331      5BF0 D017 
 332 0819 9BD5 1642 		.ascii	"\233\325\026BZ\250p\250\256\254\314\256\346\003G3\357l\360\363"
 332      5AA8 70A8 
 332      AEAC CCAE 
 332      E603 4733 
 332      EF6C F0F3 
 333 082d 185D C4E8 		.ascii	"\030]\304\350a\352\206\266Y\372\035\333\007\377\356\033\017\352"
 333      61EA 86B6 
 333      59FA 1DDB 
 333      07FF EE1B 
 333      0FEA 
 334 083f 5FD8 53BD 		.ascii	"_\330S\275\306\252\226j\343\r_\007\356y\315\251\254?\344\356"
 334      C6AA 966A 
 334      E30D 5F07 
 334      EE79 CDA9 
 334      AC3F E4EE 
 335 0853 9DCA FB4F 		.ascii	"\235\312\373O"
 336 0857 357D 6215 		.string	"5}b\025T\311L\250\244\270\226IZ\005\325X@U<\331\256\366\265\263\274\346d=\217'{_O\366\003
 336      54C9 4CA8 
 336      A4B8 9649 
 336      5A05 D558 
 336      4055 3CD9 
 337 0958 D5BF E219 		.ascii	"\325\277\342\031\325_\326\262\034\253\377\023\232\004\206oV\377"
 337      D55F D6B2 
 337      1CAB FF13 
 337      9A04 866F 
 337      56FF 
 338 096a 600B FE05 		.ascii	"`\013\376\005j\274\026k|%\215\376)C]\205)\254\035@\215\257\216"
 338      6ABC 166B 
 338      7C25 8DFE 
 338      2943 5D85 
 338      29AC 1D40 
 339 0981 A871 B241 		.ascii	"\250q\262A\027O\224\364\252\037,i\032\007\326D\225t\222X\334"
 339      174F 94F4 
 339      AA1F 2C69 
 339      1A07 D644 
 339      9574 9258 
 340 0996 6CE6 5F13 		.ascii	"l\346_\023\264\2335\335\330\344\242\274\370U6\312\320\341I\377"
 340      B49B 35DD 
 340      D8E4 A2BC 
 340      F855 36CA 
 340      D0E1 49FF 
 341 09aa FEA3 BC83 		.ascii	"\376\243\274\203Y\360r\001u\346\251\332\013>[\027\371Z\320F\366"
 341      59F0 7201 
 341      75E6 A9DA 
 341      0B3E 5B17 
 341      F95A D046 
 342 09bf C7FF 47D8 		.ascii	"\307\377G\330\261*\022\252\2727!\365\354\304\272\356m :d\n\226"
 342      B12A 12AA 
 342      BA37 21F5 
 342      ECC4 BAEE 
 342      6D20 3A64 
 343 09d5 2C74 CA64 		.ascii	",t\312d\372\253\350\032N\346\301\033\372o\037A\377#\001J\361"
 343      FAAB E81A 
 343      4EE6 C11B 
 343      FA6F 1F41 
 343      FF23 014A 
 344 09ea 6049 7E7B 		.ascii	"`I~{\372\244\251\305\323\247d\025\345M\315\315)*.\314\237\372"
 344      FAA4 A9C5 
 344      D3A7 6415 
 344      E54D CDCD 
 344      292A 2ECC 
 345 0a00 E757 270B 		.ascii	"\347W'\013\205O\216\374\251\305y\2053&\0258'\025M\316\317\317"
 345      854F 8EFC 
 345      A9C5 7985 
 345      3326 1538 
 345      2715 4DCE 
 346 0a16 99FC D7DC 		.ascii	"\231\374\327\334<GN\316\244\334\334\302\354\237\332\337\312{"
 346      3C47 4ECE 
 346      A4DC DCC2 
 346      EC9F DADF 
 346      CA7B 
 347 0a28 8704 724A 		.ascii	"\207\004rJ\021\312\n\363\212\246\027\024\273\013\246MI\317\234"
 347      11CA 0AF3 
 347      8AA6 1714 
 347      BB0B A64D 
 347      49CF 9C
 348 0a3b 3821 FD0F 		.ascii	"8!\375\017\316\030\241^/\024\362o\302\222\2233\245hD\326\364"
 348      CE18 A15E 
 348      2F14 F26F 
 348      C292 9333 
 348      A568 44D6 
 349 0a50 A2C2 AC82 		.ascii	"\242\302\254\202\3747\263&\315(\314\312\237:\271`zn^\326\364"
 349      FC37 B326 
 349      CD28 CCCA 
 349      9F3A B960 
 349      7A6E 5ED6 
 350 0a65 E2FC 82AC 		.ascii	"\342\374\202\254\334\274\202I\357\274\372\027\341\314\311)\316"
 350      DCBC 8249 
 350      EFBC FA17 
 350      E1CC C929 
 350      CE
 351 0a76 9FFC 5651 		.ascii	"\237\374VQN\356d+>N\231\366\177xlX~"
 351      4EEE 642B 
 351      3E4E 99F6 
 351      7F78 6C58 
 351      7E
 352               		.text
 353               		.section	.gnu.lto_send_string_P.24c0c0b8ef0737d5,"",@progbits
 354 0000 789C 254F 		.ascii	"x\234%O\273JCQ\020\3349\033\223\200J\322(\210\267\320*\244Q\374"
 354      BB4A 4351 
 354      10DC 391B 
 354      9380 4AD2 
 354      2888 B7D0 
 355 0018 157F 4044 		.ascii	"\025\177@DE,\fh\222\372\256\211\007Sj\241\215\210\225&>\203e"
 355      452C 0C68 
 355      92FA AE89 
 355      0753 6AA1 
 355      8D88 9526 
 356 002f 1A09 113B 		.ascii	"\032\t\021;Q\020\304\302F\004\037\210E\004%U\274\356\352\302"
 356      5110 C4C2 
 356      4604 1F88 
 356      4504 2555 
 356      BCEE EAC2 
 357 0043 6166 0F3B 		.ascii	"af\017;\263\2631\002Y\r+\004\206\372\300\004\267~M\264\222t\200"
 357      B3B3 3102 
 357      590D 2B04 
 357      86FA C004 
 357      B77E 4DB4 
 358 005a 1149 8242 		.ascii	"\021I\202B\207\020\337\256\353\320Z{i\270lU\264\036\237\367'"
 358      8710 DFAE 
 358      EBD0 5A7B 
 358      69B8 6C55 
 358      B41E 9FF7 
 359 006f A4D6 8467 		.ascii	"\244\326\204g\242\310\3759\021\252\310\352\324e\324i\246\276"
 359      A2C8 FD39 
 359      11AA C8EA 
 359      D465 D469 
 359      A6BE 
 360 0081 9C67 C044 		.ascii	"\234g\300D\267\355\253\235^k\035\322\332\336u\356\353}<\004R"
 360      B7ED AB9D 
 360      5E6B 1DD2 
 360      DADE 75EE 
 360      EB7D 3C04 
 361 0096 FE7A 715E 		.ascii	"\376zq^Ie\366DJ\"\033\003\302\236\031\207`\365\303\001\002\324"
 361      4965 F644 
 361      4A22 1B03 
 361      C29E 1987 
 361      60F5 C301 
 362 00ac 1090 7E11 		.ascii	"\020\220~\021\216\220\261\361\247\263\237\315\376\370\252\255"
 362      8E90 B1F1 
 362      A7B3 9FCD 
 362      FEF8 AAAD 
 363 00bc 1FF9 5F8A 		.ascii	"\037\371_\212c\304\355\214\372dS\242\250,\262=\212\230F7\001"
 363      63C4 ED8C 
 363      FA64 53A2 
 363      A82C B23D 
 363      8A98 4637 
 364 00d1 B575 C26E 		.ascii	"\265u\302n\370t\316\220\337\340e\027&1\263F\343\343!\021v\245"
 364      F874 CE90 
 364      DFE0 6517 
 364      2631 B346 
 364      E3E3 2111 
 365 00e7 2292 F61C 		.ascii	"\"\222\366\034\213\234\372\340\004!\225\331Ro\371\326M\302R\367"
 365      8B9C FAE0 
 365      0421 95D9 
 365      526F F9D6 
 365      4DC2 52F7 
 366 00fb 8070 8AC0 		.ascii	"\200p\212\300s\234\336Q\022\376\323[\265U\241\266\272dp\2518"
 366      739C DE51 
 366      12FE D35B 
 366      B555 A1B6 
 366      BA64 70A9 
 367 0110 9D2B 1417 		.ascii	"\235+\024\027\307\363s\271\331\251|ay!7?6C\254\354\027\307\035"
 367      C7F3 73B9 
 367      D9A9 7C61 
 367      7921 373F 
 367      3643 ACEC 
 368 0127 6A02      		.ascii	"j\002"
 369               		.text
 370               		.section	.gnu.lto_send_nibble.24c0c0b8ef0737d5,"",@progbits
 371 0000 789C 8D51 		.string	"x\234\215Q\313k\023A\030\377~3\263\333\255\017\022<\b\226\005\275\225\\\264\352\315\263\3
 371      CB6B 1341 
 371      18FF 7E33 
 371      B3DB AD0F 
 371      123C 0896 
 372 00ac 715D 18FB 		.string	"q]\030\373\271\274\273{\322\332\021k\267\322VG\032\250C3\002\307C\364\204\304?\b\367\321-
 372      B9BC BB7B 
 372      D2DA 116B 
 372      B7D2 5647 
 372      1AA8 4333 
 373 00d9 BEE4 99E9 		.ascii	"\276\344\231\351\213m\253U\264v\374\350t\246SA\020\206\261\312"
 373      8B6D AB55 
 373      B476 FCE8 
 373      74A6 5341 
 373      1086 B1CA 
 374 00ed 9729 4858 		.ascii	"\227)HXh\203\021b{S)Y\365*\212\277z\251\250\203\242\026\363\215"
 374      6883 1162 
 374      7B53 2959 
 374      F52A 8ABF 
 374      7AA9 A883 
 375 0105 7B9B 71EA 		.ascii	"{\233q\352\207\022\007)L!\244\257(\305\317\227\224hp\023wL\274"
 375      8712 0729 
 375      4C21 A4AF 
 375      28C5 CF97 
 375      9468 7013 
 376 011c BBBB E655 		.ascii	"\273\273\346UQ)\260\205\264\004#\253\223\\\rT!\347\013\325g\276"
 376      5129 B085 
 376      B404 23AB 
 376      935C 0D54 
 376      21E7 0BD5 
 377 0132 63E8 946D 		.ascii	"c\350\224m4\377\246\303m\305}\371\363\265\233j\007\035\277X\332"
 377      34FF A6C3 
 377      6DC5 7DF9 
 377      F3B5 9B6A 
 377      071D BF58 
 378 0147 C304 9846 		.ascii	"\303\004\230F\210\207\b\255\330#\3148\232\205\333\215\305\035"
 378      8887 08AD 
 378      D823 CC38 
 378      9A85 DB8D 
 378      C51D 
 379 0159 9A5D BC5D 		.ascii	"\232]\274]/\325\257\246\332\270\267\373\0046\313\260)\201%w0"
 379      2FD5 AFA6 
 379      DAB8 B7FB 
 379      0436 CBB0 
 379      2981 2577 
 380 016e C730 9258 		.ascii	"\3070\222X\232\242.\375\005\205\264X\026NN8Q~\371\352\204\213"
 380      9AA2 2EFD 
 380      0585 B458 
 380      164E 4E38 
 380      517E F9EA 
 381 0184 605C CE3B 		.ascii	"`\\\316;\263\365\262\026z\205\036<\342\234k0\322 \036\233\315"
 381      B3F5 B216 
 381      7A85 1E3C 
 381      E29C 6B30 
 381      D220 1E9B 
 382 0199 F50F 1DF9 		.ascii	"\365\017\035\371m{%\t\310\317\300\304x\214<\337\222\211\264I"
 382      6D7B 2509 
 382      C8CF C0C4 
 382      788C 3CDF 
 382      9289 B449 
 383 01ad 54CC BF2A 		.ascii	"T\314\277*\312\251\274?\345D|'\362z\245RVNd\231\360\344?T\236"
 383      CAA9 BC3F 
 383      E544 7C27 
 383      F27A A552 
 383      564E 6499 
 384 01c6 262A 7E5B 		.ascii	"&*~[\305\243\n?\321_\031\242\357\030\211?\366%\03426\030\305"
 384      C5A3 0A3F 
 384      D15F 19A2 
 384      EF18 893F 
 384      F625 1C32 
 385 01dd 2D7C 03FB 		.ascii	"-|\003\373/\345\316d\207s\003G\206\372\263\347O\017\r\017^\314"
 385      2FE5 CE64 
 385      8773 0347 
 385      86FA B3E7 
 385      4F0F 0D0F 
 386 01f3 5E38 7C8E 		.ascii	"^8|\216\374ln\340l\377\340\037\006&\327V"
 386      FC6C 6EE0 
 386      6CFF E01F 
 386      0626 D756 
 387               		.text
 388               		.section	.gnu.lto_send_byte.24c0c0b8ef0737d5,"",@progbits
 389 0000 789C 8D8F 		.string	"x\234\215\217\273NBA\020\206\347\337\341"
 389      BB4E 4241 
 389      1086 E7DF 
 389      E100 
 390 000e D118 A84C 		.string	"\321\030\250L\214$\332\021\032\257Oa\353\013\030/\204X@\"\227\372,\034\016X\031M\264RK\00
 390      8C24 DA11 
 390      1AAF 4F61 
 390      EB0B 182F 
 390      8458 4022 
 391 00c3 C6A1 C4AB 		.ascii	"\306\241\304\253,s\020\265%\315\272\035\245L\345\026\234\217"
 391      2C73 10B5 
 391      25CD BA1D 
 391      A54C E516 
 391      9C8F 
 392 00d5 52F3 76C8 		.ascii	"R\363v\310\370\035V\016C\360w\305\313\003\376T.3|8E\204^\245"
 392      F81D 560E 
 392      43F0 77C5 
 392      CB03 FE54 
 392      2E33 7C38 
 393 00ed 8AC0 8C6E 		.ascii	"\212\300\214n4\336\037\003vWoj\035v\331\327S2\025u\330$n\227"
 393      34DE 1F03 
 393      7657 6F6A 
 393      1D76 D9D7 
 393      5332 1575 
 394 0105 2D12 E04F 		.ascii	"-\022\340O\351~a\300\263\006\274z\245\343\205\f\017\b\341\354"
 394      E97E 61C0 
 394      B306 BC7A 
 394      A5E3 850C 
 394      0F08 E1EC 
 395 0119 1FBC F33E 		.ascii	"\037\274\363>\3172\2747\024\274\353\305\276\332D[\336eo\371\305"
 395      CF32 BC37 
 395      14BC EBC5 
 395      BEDA 445B 
 395      DE65 6FF9 
 396 012e E846 6E39 		.ascii	"\350Fn9\225\315%\2473\361\324\332R&\233^O%\246V\311\237\312%"
 396      95CD 25A7 
 396      33F1 D4DA 
 396      5226 9B5E 
 396      4F25 A656 
 397 0146 57E2 E93F 		.ascii	"W\342\351?X\221\177\026"
 397      5891 7F16 
 398               		.text
 399               		.section	.gnu.lto_send_word.24c0c0b8ef0737d5,"",@progbits
 400 0000 789C 858F 		.ascii	"x\234\205\217MKBQ\020\206\347=G\257\027\"l\021A$\324N\204(\352"
 400      4D4B 4251 
 400      1086 E73D 
 400      47AF 1722 
 400      6C11 4124 
 401 0019 57B4 761D 		.ascii	"W\264v\035D\037\022-\024\362c\355I\273\031-$\210\026\005n\202"
 401      441F 122D 
 401      14F2 63ED 
 401      49BB 192D 
 401      2488 1605 
 402 002f D03E A5A5 		.ascii	"\320>\245\245\264\221 \020\211\026m#\210 \013iaf\264\262\333"
 402      B491 2010 
 402      8916 6D23 
 402      8820 0B69 
 402      6166 B4B2 
 403 0044 8CFE 8086 		.ascii	"\214\376\200\206{\317\234\271\367}f\336\361\020Hb\207\3238\347"
 403      7BCF 9CB9 
 403      F77D 66DE 
 403      F110 4862 
 403      87D3 38E7 
 404 0058 317E A109 		.ascii	"1~\241\tj\367\236h\303V\200\\\214\rJ+\244\361\255\272\n7\271"
 404      6AF7 9E68 
 404      C356 805C 
 404      8C0D 4A2B 
 404      A4F1 ADBA 
 405 006f 4645 858A 		.ascii	"FE\205\212\206\343\371\365h\326\224\252p4\221\253z\235\bE\204"
 405      86E3 F9F5 
 405      68D6 94AA 
 405      7034 91AB 
 405      7A9D 0845 
 406 0084 5875 EBFE 		.ascii	"Xu\353\376T\375\035\345h@\240\207\326]a@J\205!.\013o\271\274"
 406      54FD 1DE5 
 406      6840 A087 
 406      D65D 6140 
 406      4A85 212E 
 407 009c D6A3 20BE 		.ascii	"\326\243 \276\327\352\007O\376\340\2611\031c\276\206\215v\264"
 407      D7EA 074F 
 407      FEE0 B131 
 407      1963 BE86 
 407      8D76 B4
 408 00af C629 34F7 		.ascii	"\306)4\367\303\t\002(!@\374\211p\206\240\310_\256~\367\007\255"
 408      C309 0228 
 408      2140 FC89 
 408      7086 A0C8 
 408      5FAE 7EF7 
 409 00c5 4D19 3FD1 		.ascii	"M\031?\321\037\212sX\262F9\\5\256\2335fo&\037\262\001!\024\263"
 409      1F8A 7358 
 409      B246 395C 
 409      35AE 9B35 
 409      666F 261F 
 410 00de 1ECD 87D7 		.ascii	"\036\315\207\327\222\203\250\305\204\354\364\251\224d\335@\266"
 410      9283 A8C5 
 410      84EC F4A9 
 410      9464 DD40 
 410      B6
 411 00ef BDD5 A8CD 		.ascii	"\275\325\250\315K\223\254VY\r\236qx\335\251{\305\255\005\033"
 411      4B93 AC56 
 411      590D 9E71 
 411      78DD A97B 
 411      C5AD 051B 
 412 0103 176C A081 		.ascii	"\027l\240\201L;7\331\327h\226\321;<R\211\241J\345\343\321\227"
 412      4C3B 37D9 
 412      D768 96D1 
 412      3B3C 5289 
 412      A14A E5E3 
 413 0119 EE9A 6D63 		.ascii	"\356\232mc\206\034\355s\025{\301%\322\304RG\333}\2669\327\207"
 413      861C ED73 
 413      157B C125 
 413      D2C4 5247 
 413      DB7D B639 
 414 012f F9C1 BF70 		.ascii	"\371\301\277p\271\007[\0027\221\251\026\302=\265D\213\377\263"
 414      B907 5B02 
 414      3791 A916 
 414      C23D B544 
 414      8BFF B3
 415 0142 6BDE 6164 		.ascii	"k\336ad=\265\030K\246\242\323\211Hle!\221\214\257\305V\247\226"
 415      3DB5 184B 
 415      A6A2 D389 
 415      486C 6521 
 415      918C AFC5 
 416 0159 C98A A5A2 		.ascii	"\311\212\245\242K\221\370\037)\027\214{"
 416      4B91 F81F 
 416      2917 8C7B 
 417               		.text
 418               		.section	.gnu.lto_send_dword.24c0c0b8ef0737d5,"",@progbits
 419 0000 789C 854F 		.ascii	"x\234\205OKK\202Q\020\235s\307>\205(\\\005\221\220;\021\242\360"
 419      4B4B 8251 
 419      109D 73C7 
 419      3E85 285C 
 419      0591 903B 
 420 0017 5FB4 761D 		.ascii	"_\264v\035D\017\211\026\n\371X{S\277\254\240\b\302M\3442\264"
 420      440F 8916 
 420      0AF9 587B 
 420      53BF ACA0 
 420      08C2 4DE4 
 421 002d A7B5 7495 		.ascii	"\247\265t\225\b\355*\250m\233\250\260\007-Tr\321B\277\346\352"
 421      08ED 2AA8 
 421      6D9B A8B0 
 421      072D 5472 
 421      D142 BFE6 
 422 0042 0F68 B877 		.ascii	"\017h\270w\036\367\2363s\306E c\333\022&%N\310\005\023\324\336"
 422      1EF7 9E33 
 422      73C6 4520 
 422      63DB 1226 
 422      254E C805 
 423 0059 3DD1 BA47 		.ascii	"=\321\272G\001&\321\036PZ!\215\216\352*\324\363\215\252\n\226"
 423      0126 D11E 
 423      505A 218D 
 423      8EEA 2AD4 
 423      F38D AA0A 
 424 006e B4D8 F38D 		.ascii	"\264\330\363\215\023\322\345\032l&rT\277\023\241\204\240\240"
 424      13D2 E51A 
 424      6C26 7254 
 424      BF13 A184 
 424      A0A0 
 425 0080 1E72 9787 		.ascii	"\036r\227\207\374\243l\006\\R\266\356\016^GM\251\340\227\262"
 425      FCA3 6C06 
 425      5C52 B6EE 
 425      0E5E 474D 
 425      A9E0 97B2 
 426 0094 F89E DF65 		.ascii	"\370\236\337e\036\007I\376\373\266\363\251\002GZg\264\356\370"
 426      1E07 49FE 
 426      FBB6 F3A9 
 426      0247 5A67 
 426      B4EE F8
 427 00a7 34DB CC38 		.ascii	"4\333\3148\001K?\034\303\2072|$O\204S\004\f\374\345\252W\030"
 427      014B 3F1C 
 427      C387 327C 
 427      244F 8453 
 427      040C FCE5 
 428 00be B172 66BC 		.ascii	"\261rf\274\1770\024g\260\314\032\225pM;NV\353Bh+\350\001\fC\t"
 428      7F30 1467 
 428      B0CC 1A95 
 428      704D 3B4E 
 428      56EB 4268 
 429 00d8 D7C5 E286 		.ascii	"\327\305\342\206,\343\210\232\3020;\265\2242\221\033\310\266"
 429      2CE3 889A 
 429      C230 3BB5 
 429      9432 911B 
 429      C8B6 
 430 00ea 377A D773 		.ascii	"7z\327s\246I\226U\226!3\036\233\267\305a\243\326\202\027\347"
 430      A649 9655 
 430      9621 331E 
 430      9BB7 C561 
 430      A3D6 8217 
 431 00ff 22A0 814C 		.ascii	"\"\240\201L;?5\300\260\300\350\003.S\031A\325\352\367\223;\335"
 431      3B3F 35C0 
 431      B0C0 E803 
 431      2E53 1941 
 431      D5EA F793 
 432 0115 D59B 5A7B 		.ascii	"\325\233Z{mv;J\264\340\002i\022\250\315\236\001\267>; \313\301"
 432      6D76 3B4A 
 432      B4E0 0269 
 432      12A8 CD9E 
 432      01B7 3E3B 
 433 012c BFE4 4A9F 		.ascii	"\277\344J\237l\031\362\0272\265\375p\037m\254)\377\242Zv\030"
 433      6C19 F217 
 433      32B5 FD70 
 433      1F6D AC29 
 433      FFA2 5A76 
 434 0141 5B4B 2DC4 		.ascii	"[K-\304\222\251\350L\"\022[\236O$\343\253\261\225\351%\262b\251"
 434      92A9 E84C 
 434      2212 5B9E 
 434      4F24 E3AB 
 434      B195 E925 
 435 0158 E862 24FE 		.ascii	"\350b$\376\007\330\306\214>"
 435      07D8 C68C 
 435      3E
 436               		.text
 437               		.section	.gnu.lto_tap_random_base64.24c0c0b8ef0737d5,"",@progbits
 438 0000 789C 8D95 		.string	"x\234\215\225\333o\324U\020\307\317\374\316\357\266W7n\"\301\354\003/\304 \t%\242/&\350?\
 438      DB6F D455 
 438      10C7 CFFC 
 438      CEEF B657 
 438      376E 22C1 
 439 006e 41CF 5E5B 		.string	"A\317^[\210\004~\247\361\003A\001\306\336Q!\222\256\341\004r!\241\\\251\255\251\255\245\2
 439      8804 7EA7 
 439      F103 4101 
 439      C6DE 5121 
 439      92AE E104 
 440 00a2 E428 1744 		.string	"\344(\027D\203!M\313vp\251\001\346\214\005\003\212\331\311\202\261\252C\341s7\223\177Muz\
 440      8321 4DCB 
 440      7670 A901 
 440      E68C 0503 
 440      8AD9 C982 
 441 0128 9920 8521 		.string	"\231 \205!\362\302d\"\2028Qt\315\030\2318\031!\246Qi\027n{\3060\350[NB\361q\363/\303\037\
 441      F2C2 6422 
 441      8238 5174 
 441      CD18 9938 
 441      1921 A651 
 442 01a2 9866 2110 		.string	"\230f!\020WR-6\307\324.\256V$M^t\220\331\376D\215DYc?i\224\376\311\0362\0265N>\3258\365\2
 442      5752 2D36 
 442      C7D4 2EAE 
 442      5624 4D5E 
 442      7490 D9FE 
 443 0205 781B CE22 		.string	"x\033\316\"n\002\f}Gp\256\230$~\207V5\336\375j\245\206\316\372\346\267S\326>\330\223\304\
 443      6E02 0C7D 
 443      4770 AE98 
 443      247E 8756 
 443      35DE FD6A 
 444 024b 2EE0 46CE 		.ascii	".\340F\316CBIzW\241\300\230?:\216\235\251\324\255\303p\366N\372"
 444      4342 497A 
 444      57A1 C098 
 444      3F3A 8E9D 
 444      A9D4 ADC3 
 445 0263 CB28 872F 		.ascii	"\313(\207/c\330|\263u\231O\331\037'\310w\b\351%\210\276\344}"
 445      63D8 7CB3 
 445      7599 4FD9 
 445      1F27 C877 
 445      08E9 2588 
 446 027a 0CF9 B374 		.ascii	"\f\371\263t<_\331\334\353t\253\232&\216J\277\354\240.\273\210"
 446      3C5F D9DC 
 446      EB74 AB9A 
 446      268E 4ABF 
 446      ECA0 2EBB 
 447 028f 3B56 9236 		.ascii	";V\2226\200G\254kr\177\245\016\003\327\254\307P\235\237x\227"
 447      8047 AC6B 
 447      727F A50E 
 447      03D7 ACC7 
 447      509D 9F78 
 448 02a4 A337 30BA 		.ascii	"\24370\272\3262T\262}B\217&x(\374=\t\233\004\031`H\321\373\352"
 448      D632 54B2 
 448      7D42 8F26 
 448      7828 FC3D 
 448      099B 0419 
 449 02bd 15AE 7A0B 		.ascii	"\025\256z\013\243\207sw\016E\374\252s\272\252\250u-*\271\304"
 449      A387 7377 
 449      0E45 FCAA 
 449      73BA AAA8 
 449      752D 2AB9 
 450 02d2 25F3 A385 		.ascii	"%\363\243\205=\216\237\324\247\223\316\352$\233\222.c\222\240"
 450      3D8E 9FD4 
 450      A793 CEEA 
 450      249B 922E 
 450      6392 A0
 451 02e5 174A 8A5C 		.ascii	"\027J\212\\H\226 \031\243\211\320\221\321\224\233\006G\336\344"
 451      4896 2019 
 451      A389 D091 
 451      D194 9B06 
 451      47DE E4
 452 02f8 0945 7948 		.ascii	"\tEyH\273s\273\006\364&L\030\020p\0059S\240//\315\240Pxp\333"
 452      BB73 BB06 
 452      F426 4C18 
 452      1070 0539 
 452      53A0 2F2F 
 453 0312 6958 505F 		.ascii	"iXP_\350\001\006\312\006\375?\030\204\006\201\345\031\2747$c"
 453      E801 06CA 
 453      06FD 3F18 
 453      8406 81E5 
 453      19BC 3724 
 454 0327 D6CA 182C 		.ascii	"\326\312\030,sk\003\253\304X%\331\374\267rXeH\300\320s\250\374"
 454      736B 03AB 
 454      C458 25D9 
 454      FCB7 7258 
 454      6548 C0D0 
 455 033e A055 62BE 		.ascii	"\240Ub\276\212U\253\"\261>\355}\035_\022\361#\"\360oGz:\233$"
 455      8A55 AB22 
 455      B13E ED7D 
 455      1D5F 12F1 
 455      2322 F06F 
 456 0357 6BAF 85AB 		.ascii	"k\257\205\253\220\360\221v-\222_\346\246\253\357p\343qn|\266"
 456      90F0 9176 
 456      2D92 5FE6 
 456      A6AB EF70 
 456      E371 6E7C 
 457 036c AB27 1BE0 		.ascii	"\253'\033\340\342y\200\341\347h|D7\036\367U\234Z\025K7~a\351"
 457      E279 80E1 
 457      E768 7C44 
 457      371E F755 
 457      9C5A 154B 
 458 0384 C6AF 71E3 		.ascii	"\306\257q\343]\245G\377\006Y{5\214.6\356\326\"m\215\354_\032"
 458      5DA5 47FF 
 458      0659 7B35 
 458      8C2E 36EE 
 458      D622 6D8D 
 459 039b 799D 9107 		.ascii	"y\235\221\007n\377<n3\262\016~ZD\006\004\376\366T1\205\270\007"
 459      6EFF 3C6E 
 459      33B2 0E7E 
 459      5A44 0604 
 459      FEF6 5431 
 460 03b2 8DDE 8DF7 		.ascii	"\215\336\215\3675\223\236i\244`\n\2762/m\331\361q\375\366\035"
 460      3593 9E69 
 460      A460 0ABE 
 460      322F 6DD9 
 460      F171 FDF6 
 461 03c7 9FD7 6DDB 		.ascii	"\237\327m\333X\377\351G\333\266o\335\\\277i\315'B~\266q\347\377"
 461      58FF E947 
 461      DBB6 6FDD 
 461      5CBF 69CD 
 461      2742 7EB6 
 462 03de 7BAA 2BB5 		.ascii	"{\252+\265"
 463               		.text
 464               		.section	.gnu.lto_.symbol_nodes.24c0c0b8ef0737d5,"",@progbits
 465 0000 789C 558C 		.string	"x\234U\214\273N\002A\024\206\377\231a\030\356\027;m\324\336\226'\361\201\316\262\2561\201
 465      BB4E 0241 
 465      1486 FF99 
 465      6118 EE17 
 465      3B6D D4DE 
 466 0045 F207 041C 		.ascii	"\362\007\004\034\216aq\026l\003\372\003\250\257\361'=\207p\307"
 466      8E61 7116 
 466      6C03 FA03 
 466      A8AF F127 
 466      3D87 70C7 
 467 0059 1BA4 3BDE 		.ascii	"\033\244;\336\241\222C~\203\204W\311O\220\364\315\002\244|\363"
 467      A192 437E 
 467      8384 57C9 
 467      4F90 F4CD 
 467      02A4 7CF3 
 468 006d 054A F9A6 		.ascii	"\005J\371\246.H\373&\020\224\366\315/\310\370f\t\312\370&\024"
 468      2E48 FB26 
 468      1094 F6CD 
 468      2FC8 F866 
 468      09CA F826 
 469 0082 94F5 8CD8 		.ascii	"\224\365\214\330\023\224K\f\020\004[,\366\005\345=\021\t*x\342"
 469      1394 4B0C 
 469      1004 5B2C 
 469      F605 E53D 
 469      1109 2A78 
 470 0097 4050 F1BF 		.ascii	"@P\361\277P\250 \352\314R\226\303\204%\304\235\347M\2052\372"
 470      50A8 20EA 
 470      CC52 96C3 
 470      8425 C49D 
 470      E74D 8532 
 471 00ac 5DBB CB88 		.ascii	"]\273\313\210\273\316\367oGi\245\231\215\331\206\322\025\304"
 471      BBCE F76F 
 471      4769 A599 
 471      8DD9 86D2 
 471      15C4 
 472 00be CDAB 75A5 		.ascii	"\315\253u\245\371\277\311\302(]E|rq\254\225\006z\323\233v\315"
 472      F9BF C9C2 
 472      285D 457C 
 472      7271 AC95 
 472      067A D39B 
 473 00d4 9AE1 C3F9 		.ascii	"\232\341\303\371i\267\244\322\032\275\273\245P\246\204a\213["
 473      69B7 A4D2 
 473      1ABD BBA5 
 473      50A6 8461 
 473      8B5B 
 474 00e6 C3ED 11B7 		.ascii	"\303\355\021\267\246\214\350\232[SE\364\370z\271\253\f0x\262"
 474      A68C E89A 
 474      5B53 45F4 
 474      F87A B9AB 
 474      0C30 78B2 
 475 00fa 2D9B F825 		.ascii	"-\233\370%i3\306\265Y~v\276c\021\216\306Z\345\262\030X\315\f"
 475      6933 C6B5 
 475      597E 76BE 
 475      6311 8EC6 
 475      5AE5 B218 
 476 0111 EF99 F91C 		.ascii	"\357\231\371\034\246w\216=\273\013y\267\231\311.r\327\230H\313"
 476      A677 8E3D 
 476      BB0B 79B7 
 476      99C9 2E72 
 476      D798 48CB 
 477 0125 E98A BDA6 		.ascii	"\351\212\275\246c\330r\034\254\030\266'\022\177\235\025\231\227"
 477      63D8 721C 
 477      AC18 B627 
 477      127F 9D15 
 477      9997 
 478               		.text
 479               		.section	.gnu.lto_.refs.24c0c0b8ef0737d5,"",@progbits
 480 0000 789C 6361 		.string	"x\234ca`d\340g```a`bdbb\342bb\026eb\221c"
 480      6064 E067 
 480      6060 6061 
 480      6062 6462 
 480      62E2 6262 
 481 001a 00        		.string	""
 482 001b 036C 00   		.string	"\003l"
 483 001e 6A        		.ascii	"j"
 484               		.text
 485               		.section	.gnu.lto_.decls.24c0c0b8ef0737d5,"",@progbits
 486 0000 789C 9558 		.string	"x\234\225X[PTG\032>}\316\3416\334\f\241,6\313\246\254\270Y\330\233\030M\2456\265/\251\335
 486      5B50 5447 
 486      1A3E 7DCE 
 486      E136 DC0C 
 486      A12C 36CB 
 487 00b1 C817 0211 		.string	"\310\027\002\021N\004\257\207\362\276\312\363\323\234\013\b\323"
 487      4E04 AF87 
 487      F2BE CAF3 
 487      D39C 0B08 
 487      D300 
 488 00c3 1285 6888 		.ascii	"\022\205h\210\233\\\307\253P"
 488      9B5C C7AB 
 488      50
 489 00cc 1F4B EBE0 		.string	"\037K\353\340\367)\374NA\304\300\373k\020\277\204\220i;D\033\347\2259\367\260A\323\377\32
 489      F729 FC4E 
 489      41C4 C0FB 
 489      6B10 BF84 
 489      9069 3B44 
 490 01cd B114 E22D 		.string	"\261\024\342-\210e\020\313!\336\366\361qF$\207\326\367\225\006O\210$\326D\346\b-\217\036\
 490      8865 10CB 
 490      21DE F6F1 
 490      7146 2487 
 490      D6F7 9506 
 491 0244 4CFF 4225 		.ascii	"L\377B%\344\270u\261\264L\0021q \216n\315\006}qL_\351\336\255"
 491      E4B8 75B1 
 491      B44C 0231 
 491      7120 8E6E 
 491      CD06 7D71 
 492 025d 7B02 A565 		.ascii	"{\002\245e\370\336\266\256j\007EG\231\210\f\305\207\315\005\367"
 492      F8DE B6AE 
 492      6A07 4547 
 492      9988 0CC5 
 492      87CD 05F7 
 493 0271 23A0 186D 		.ascii	"#\240\030m\"\213@c\375\206\216\366`M\243[U\243@\343\367 \250"
 493      228B 4063 
 493      FD86 8EF6 
 493      604D A35B 
 493      55A3 40E3 
 494 0288 0A04 911A 		.ascii	"\n\004\221\032P\031\307UVBe\205\246\322\231gRER\r\022\017\351"
 494      5019 C755 
 494      5642 6585 
 494      A6D2 9967 
 494      5245 520D 
 495 029f 12E3 5062 		.ascii	"\022\343Pb5J\2746y\352i\230\364g*@\336\361\315\205\357BI|,\001"
 495      354A BC36 
 495      79EA 6998 
 495      F467 2A40 
 495      DEF1 CD85 
 496 02b9 0662 DAAF 		.ascii	"\006b\332\257\231&\220c\320\3770\2214\333\013T\020\341\376/\255"
 496      9926 9063 
 496      D0FF 3091 
 496      34DB 0B54 
 496      10E1 FE2F 
 497 02ce 86F7 60FC 		.ascii	"\206\367`\374\235\307\272# \2126\t\344(\020\326R\235\3070\347"
 497      9DC7 BA23 
 497      208A 3609 
 497      E428 10D6 
 497      529D C730 
 498 02e3 E6CE C22F 		.ascii	"\346\316\302/C\272I\027\021\t?\304\004B\264\037B_\261H\350+-"
 498      43BA 4917 
 498      1109 3FC4 
 498      0442 B41F 
 498      425F B148 
 499 02fa 88F8 97D7 		.ascii	"\210\370\227\3270\204\347\207C\370\253N\206\377\b\177\235\323"
 499      3084 E787 
 499      43F8 AB4E 
 499      86FF 087F 
 499      9DD3 
 500 030c 1E24 6195 		.ascii	"\036$a\225:\027\255\322\026\006\357\205\355\"\375\321\273\022"
 500      3A17 ADD2 
 500      1606 EF85 
 500      ED22 FDD1 
 500      BB12 
 501 031e C647 EB09 		.ascii	"\306G\353\tWb$f\272\r\274\304{pD[x\235'\317U\007I\357\341\224"
 501      5762 2466 
 501      BA0D BCC4 
 501      7B70 445B 
 501      789D 27CF 
 502 0338 8F15 CF66 		.ascii	"\217\025\317f\312\220\033\035N\222iU\373\350\370N1&\037'OU\027"
 502      CA90 1B1D 
 502      4E92 6955 
 502      FBE8 F84E 
 502      3126 1F27 
 503 034f 11F2 C942 		.ascii	"\021\362\311Bn\250@\352H\f\374=Id\306\364uS\305`\344\033\016"
 503      6EA8 40EA 
 503      480C FC3D 
 503      4964 C6F4 
 503      7553 C560 
 504 0366 B5B7 4AED 		.ascii	"\265\267J\355=r^\271\277IU\263\241\233Lq\344\204>\337'p\352\310"
 504      3D72 5EB9 
 504      BF49 55B3 
 504      A19B 4C71 
 504      E484 3EDF 
 505 037e 71D2 0D92 		.ascii	"q\322\r\222N\2217\240\353=Weg\220dF\021\223\243m\207DT"
 505      4E91 37A0 
 505      EB3D 5765 
 505      6790 6446 
 505      1193 A36D 
 506 0395 51E6 51D1 		.string	"Q\346Q\3218\367\304\031\311\326\242\bE\227\373JQ([\213\013\2408\322x\264#\310\304\247|\31
 506      38F7 C419 
 506      C9D6 A208 
 506      4597 FB4A 
 506      5128 5B8B 
 507 0496 2072 55D7 		.string	" rU\327p\325\250\301\205\032\234EW\243\245\243LB]s}e0\347\250\362\342h\3279\332\215\034\0
 507      70D5 A8C1 
 507      851A 9C45 
 507      57A3 A5A3 
 507      4C42 5D73 
 508 0561 22B7 750D 		.ascii	"\"\267u\r\267\215\032\356\242\206\311\362\343\307#\244;L\303"
 508      B78D 1AEE 
 508      A286 C9F2 
 508      E3C7 23A4 
 508      3B4C C3
 509 0574 70D7 B93D 		.ascii	"p\327\271=\376\276\247\373\230/\211\247k\355\336_\022\300\323"
 509      FEBE A7FB 
 509      982F 89A7 
 509      6BED DE5F 
 509      12C0 D3
 510 0587 B93D 930F 		.ascii	"\271=\223\017\030rOOw\317\230\256\017\323ew\355\233\n\223\036"
 510      1872 4F4F 
 510      77CF 98AE 
 510      0FD3 6577 
 510      ED9B 0A93 
 511 059c B274 CD83 		.ascii	"\262t\315\2035c2\265\016fs\342\353\025m\252#\006\327O\277N\321"
 511      3563 32B5 
 511      0E66 73E2 
 511      EB15 6DAA 
 511      2306 D74F 
 512 05b3 CF0F 3732 		.ascii	"\317\01772\200\335\257nt\303\332\311\023\261{n~\363X\004\353"
 512      80DD AF6E 
 512      74C3 DAC9 
 512      13B1 7B6E 
 512      7EF3 5804 
 513 05c8 EE2C B820 		.ascii	"\356,\270 :\227b\347A\275\363\240\326y\b;\267\315\325\235\026"
 513      3A97 62E7 
 513      41BD F3A0 
 513      D679 083B 
 513      B7CD D59D 
 514 05dd A5BD AC73 		.ascii	"\245\275\254s\333\343\0137#y\347\355\236\316?\350\235\177\320"
 514      DBE3 0B37 
 514      2379 E7ED 
 514      9ECE 3FE8 
 514      9D7F D0
 515 05f0 3A0F 6367 		.ascii	":\017cguj\264\320$U\263\316\225\345\323Ul\256\342\264\251\312"
 515      756A B4D0 
 515      2455 B3CE 
 515      95E5 D355 
 515      6CAE E2B4 
 516 0606 BFD6 7AD0 		.ascii	"\277\326z\320\344\307\2721\264nT\233\252\013\245\267\017\007"
 516      E4C7 BA31 
 516      B46E 549B 
 516      AA0B A5B7 
 516      0F07 
 517 0618 F061 9FCC 		.ascii	"\360a\237\314\377\240\257x\215\023\354\023\377NqdDW0\242)x\200"
 517      FFA0 AF78 
 517      8D13 EC13 
 517      FF4E 7164 
 517      4457 30A2 
 518 062f 0A5C 6B73 		.ascii	"\n\\ks\246M\222\233)p\215\237\236\224\244\365\022\026\356\364"
 518      A64D 929B 
 518      2970 8D9F 
 518      9E94 A4F5 
 518      1216 EEF4 
 519 0643 8C0E D0ED 		.ascii	"\214\016\320\355\231\270\261\007u\266g\254<@\332\312\232O\375"
 519      99B8 B107 
 519      75B6 67AC 
 519      3C40 DACA 
 519      9A4F FD
 520 0656 3498 1B46 		.ascii	"4\230\033F\233\307\241\231<d\273w\355\300\245\363&v\216\250\364"
 520      9BC7 A199 
 520      3C64 BB77 
 520      EDC0 A5F3 
 520      2676 8EA8 
 521 066b 7A36 737D 		.ascii	"z6s}\344\034a\007\211\032\f\345\203"
 521      E41C 6107 
 521      891A 0CE5 
 521      83
 522 0678 C5BD 3B43 		.string	"\305\275;CX\373\034n8\323\0037\003\351\311\242\362\263\"\312xT<\301\243%!\226<f\337T\357\
 522      58FB 1C6E 
 522      38D3 0337 
 522      03E9 C9A2 
 522      F2B3 22CA 
 523 0779 182B 69B2 		.ascii	"\030+i\262\215\230\314\325\274\331\021!\325\275X\262/X2w\353"
 523      8D98 CCD5 
 523      BCD9 1121 
 523      D5BD 58B2 
 523      2F58 3277 
 524 078e D043 9927 		.ascii	"\320C\231';\3747\234\177\232m\223O\266/i\266M<\333f\314\326\334"
 524      3BFC 379C 
 524      7F9A 6D93 
 524      4FB6 2F69 
 524      B64D 3CDB 
 525 07a6 D8BE 3D48 		.ascii	"\330\276=Hj\301l\362\256\341\315\247M\364\016\036\002\021Oo\330"
 525      6AC1 6CF2 
 525      AEE1 CDA7 
 525      4DF4 0E1E 
 525      0211 4F6F 
 526 07bb 5BC4 1021 		.ascii	"[\304\020!\007\027\256\352XD<\0137W\214\307&\201|\r\324"
 526      0717 AEEA 
 526      5844 3C0B 
 526      3757 8CC7 
 526      2681 7C0D 
 527 07d0 5B61 EAF0 		.string	"[a\352\360j\276"
 527      6ABE 00
 528 07d7 2B0D F777 		.string	"+\r\367w(\222\257D\317\375\235\226\2515\356K\323!\306{\331\224\327\275l\233\210\3672\372\
 528      2892 AF44 
 528      CFFD 9D96 
 528      A935 EE4B 
 528      D321 C67B 
 529 0860 E91B 0AF7 		.ascii	"\351\033\n\367\226x]g\351\024\353=\n\271\023\205\350\304\344"
 529      9678 5D67 
 529      E914 EB3D 
 529      0AB9 1385 
 529      E8C4 E4
 530 0873 E448 7384 		.ascii	"\344Hs\204\021L\267\177\035\274\203\203w x\313\376\332\242p#"
 530      114C B77F 
 530      1DBC 8383 
 530      7720 78CB 
 530      FEDA A270 
 531 0888 78CC 0B5C 		.ascii	"x\314\013\\\304\301E\b\3368\231\333)\033\301u^\340\235\034\274"
 531      C4C1 4508 
 531      DE38 99DB 
 531      291B C175 
 531      5EE0 9D1C 
 532 089d 13C1 27EE 		.ascii	"\023\301'\356\017\345EJ\035l1\037\231<pG\226n\263B\305\245G\025"
 532      0FE5 454A 
 532      1D6C 311F 
 532      993C 7047 
 532      966E B342 
 533 08b5 B88E 1D22 		.ascii	"\270\216\035\"_\331\372\251\363~\350\013\234:\305\"=u\366\210"
 533      5FD9 FAA9 
 533      F37E E80B 
 533      9C3A C522 
 533      3D75 F688 
 534 08c9 FCD4 D9E6 		.ascii	"\374\324\331\346\036\037\247\247%\2345p\352\254\310e\367\224"
 534      1E1F A7A7 
 534      259C 3570 
 534      EAAC C865 
 534      F794 
 535 08db 8668 8A23 		.ascii	"\206h\212#\273D~\352\220\335\242LK\372\271\275W\244\207\317#"
 535      BB44 7EEA 
 535      90DD A24C 
 535      4BFA B9BD 
 535      57A4 87CF 
 536 08f0 C7C3 5CD1 		.ascii	"\307\303\\\3218\250F\257A\355\343\203\332\207\203*\030:\362m"
 536      38A8 46AF 
 536      41ED E383 
 536      DA87 832A 
 536      183A F26D 
 537 0904 C8E2 DD6C 		.ascii	"\310\342\335l\231o\202!|\262\020/\220l\215\357\027\027\003\246"
 537      996F 8221 
 537      7CB2 102F 
 537      906C 8DEF 
 537      1717 03A6 
 538 0918 BAD0 752B 		.ascii	"\272\320u+\214a\340\332\224\230\227\r@o\\\t\342\246f\2565\311"
 538      8C61 E0DA 
 538      9498 970D 
 538      406F 5C09 
 538      E2A6 66AE 
 539 092e 0CE7 EC88 		.ascii	"\f\347\354\210\362\305\034@\314\236\331c3\221Fq=^\342J\271\270"
 539      F2C5 1C40 
 539      CC9E D963 
 539      3391 4671 
 539      3D5E E24A 
 540 0944 5214 D774 		.ascii	"R\024\327t\331}(\202.\302\354\027\370\017\005\300\237\354\335"
 540      D97D 2882 
 540      2EC2 EC17 
 540      F80F 05C0 
 540      9FEC DD
 541 0957 77C3 EBFB 		.ascii	"w\303\353\373:(\032\327a\031'/C\362\221\341\234\3652#\177\301"
 541      3A28 1AD7 
 541      6119 272F 
 541      43F2 91E1 
 541      9CF5 3223 
 542 096d DB67 F6B0 		.ascii	"\333g\366\260\363I\240\221\276\334\213\276\202\323W \375\354"
 542      F349 A091 
 542      BEDC 8BBE 
 542      82D3 5720 
 542      FDEC 
 543 097f E3EE 4DB2 		.ascii	"\343\356M\262\257\261}\232\031\225h\306\\\323\366\333\241\334"
 543      AFB1 7D9A 
 543      1995 68C6 
 543      5CD3 F6DB 
 543      A1DC 
 544 0991 B059 CD30 		.ascii	"\260Y\3150\017\346\020b\266\2559\332\024\3141y\257\372b\252\020"
 544      0FE6 1062 
 544      B6AD 39DA 
 544      14CC 3179 
 544      AFFA 62AA 
 545 09a6 7365 30A7 		.ascii	"se0\247\213O\242\263\340\031\314\367\210\031\254\351\317\016"
 545      8B4F A2B3 
 545      E019 CCF7 
 545      8819 ACE9 
 545      CF0E 
 546 09b8 E798 AA67 		.ascii	"\347\230\252g0\325\210)\330=t(\210cj\237\301\324 f\344~w\255"
 546      30D5 8829 
 546      D83D 7428 
 546      8863 6A9F 
 546      C1D4 2066 
 547 09d0 C431 75CF 		.ascii	"\3041u\317`\016\213\213\205\340\017\376\361\361\242\277\276\373"
 547      600E 8B8B 
 547      85E0 0FFE 
 547      F1F1 A2BF 
 547      BEFB 
 548 09e2 AE10 9465 		.ascii	"\256\020\224e\265\331\377\244\330_O\310\312\314HH\265&%\230\377"
 548      B5D9 FFA4 
 548      D85F 4FC8 
 548      CACC 4848 
 548      B526 2598 
 549 09f7 9D91 60B5 		.ascii	"\235\221`\265%\247"
 549      25A7 
 550 09fd 66A5 5812 		.string	"f\245X\0222\355)\320\274d\245\020La\313\227)v9y\2459#$\323bKQ\350\333\302\177e\231m\366\2
 550      32ED 29D0 
 550      BC64 A510 
 550      4C61 CB97 
 550      2976 3979 
 551 0afe E52F E9E9 		.ascii	"\345/\351\351\251!\\TZ\346+\n\240W\231Wg*V[\252\325fQ\224\377"
 551      A921 5C54 
 551      5AE6 2B0A 
 551      A057 9957 
 551      672A 565B 
 552 0b18 0141 E280 		.ascii	"\001A\342\200\312"
 552      CA
 553               		.text
 554               		.section	.gnu.lto_.symtab.24c0c0b8ef0737d5,"",@progbits
 555 0000 7365 6E64 		.string	"send_char"
 555      5F63 6861 
 555      7200 
 556 000a 00        		.string	""
 557 000b 00        		.string	""
 558 000c 00        		.string	""
 559 000d 00        		.string	""
 560 000e 00        		.string	""
 561 000f 00        		.string	""
 562 0010 00        		.string	""
 563 0011 00        		.string	""
 564 0012 00        		.string	""
 565 0013 00        		.string	""
 566 0014 00        		.string	""
 567 0015 BD00      		.string	"\275"
 568 0017 00        		.string	""
 569 0018 00        		.string	""
 570 0019 6173 6369 		.string	"ascii_to_keycode_lut"
 570      695F 746F 
 570      5F6B 6579 
 570      636F 6465 
 570      5F6C 7574 
 571 002e 00        		.string	""
 572 002f 01        		.ascii	"\001"
 573 0030 00        		.string	""
 574 0031 00        		.string	""
 575 0032 00        		.string	""
 576 0033 00        		.string	""
 577 0034 00        		.string	""
 578 0035 00        		.string	""
 579 0036 00        		.string	""
 580 0037 00        		.string	""
 581 0038 00        		.string	""
 582 0039 FB00      		.string	"\373"
 583 003b 00        		.string	""
 584 003c 00        		.string	""
 585 003d 6173 6369 		.string	"ascii_to_shift_lut"
 585      695F 746F 
 585      5F73 6869 
 585      6674 5F6C 
 585      7574 00
 586 0050 00        		.string	""
 587 0051 01        		.ascii	"\001"
 588 0052 00        		.string	""
 589 0053 00        		.string	""
 590 0054 00        		.string	""
 591 0055 00        		.string	""
 592 0056 00        		.string	""
 593 0057 00        		.string	""
 594 0058 00        		.string	""
 595 0059 00        		.string	""
 596 005a 00        		.string	""
 597 005b 0501 00   		.string	"\005\001"
 598 005e 00        		.string	""
 599 005f 6173 6369 		.string	"ascii_to_altgr_lut"
 599      695F 746F 
 599      5F61 6C74 
 599      6772 5F6C 
 599      7574 00
 600 0072 00        		.string	""
 601 0073 01        		.ascii	"\001"
 602 0074 00        		.string	""
 603 0075 00        		.string	""
 604 0076 00        		.string	""
 605 0077 00        		.string	""
 606 0078 00        		.string	""
 607 0079 00        		.string	""
 608 007a 00        		.string	""
 609 007b 00        		.string	""
 610 007c 00        		.string	""
 611 007d 0901 00   		.string	"\t\001"
 612 0080 00        		.string	""
 613 0081 6173 6369 		.string	"ascii_to_dead_lut"
 613      695F 746F 
 613      5F64 6561 
 613      645F 6C75 
 613      7400 
 614 0093 00        		.string	""
 615 0094 01        		.ascii	"\001"
 616 0095 00        		.string	""
 617 0096 00        		.string	""
 618 0097 00        		.string	""
 619 0098 00        		.string	""
 620 0099 00        		.string	""
 621 009a 00        		.string	""
 622 009b 00        		.string	""
 623 009c 00        		.string	""
 624 009d 00        		.string	""
 625 009e 0D01 00   		.string	"\r\001"
 626 00a1 00        		.string	""
 627 00a2 7365 6E64 		.string	"send_string_with_delay"
 627      5F73 7472 
 627      696E 675F 
 627      7769 7468 
 627      5F64 656C 
 628 00b9 00        		.string	""
 629 00ba 00        		.string	""
 630 00bb 00        		.string	""
 631 00bc 00        		.string	""
 632 00bd 00        		.string	""
 633 00be 00        		.string	""
 634 00bf 00        		.string	""
 635 00c0 00        		.string	""
 636 00c1 00        		.string	""
 637 00c2 00        		.string	""
 638 00c3 00        		.string	""
 639 00c4 C600      		.string	"\306"
 640 00c6 00        		.string	""
 641 00c7 00        		.string	""
 642 00c8 7365 6E64 		.string	"send_string"
 642      5F73 7472 
 642      696E 6700 
 643 00d4 00        		.string	""
 644 00d5 00        		.string	""
 645 00d6 00        		.string	""
 646 00d7 00        		.string	""
 647 00d8 00        		.string	""
 648 00d9 00        		.string	""
 649 00da 00        		.string	""
 650 00db 00        		.string	""
 651 00dc 00        		.string	""
 652 00dd 00        		.string	""
 653 00de 00        		.string	""
 654 00df CA00      		.string	"\312"
 655 00e1 00        		.string	""
 656 00e2 00        		.string	""
 657 00e3 7365 6E64 		.string	"send_string_with_delay_P"
 657      5F73 7472 
 657      696E 675F 
 657      7769 7468 
 657      5F64 656C 
 658 00fc 00        		.string	""
 659 00fd 00        		.string	""
 660 00fe 00        		.string	""
 661 00ff 00        		.string	""
 662 0100 00        		.string	""
 663 0101 00        		.string	""
 664 0102 00        		.string	""
 665 0103 00        		.string	""
 666 0104 00        		.string	""
 667 0105 00        		.string	""
 668 0106 00        		.string	""
 669 0107 CC00      		.string	"\314"
 670 0109 00        		.string	""
 671 010a 00        		.string	""
 672 010b 7365 6E64 		.string	"send_string_P"
 672      5F73 7472 
 672      696E 675F 
 672      5000 
 673 0119 00        		.string	""
 674 011a 00        		.string	""
 675 011b 00        		.string	""
 676 011c 00        		.string	""
 677 011d 00        		.string	""
 678 011e 00        		.string	""
 679 011f 00        		.string	""
 680 0120 00        		.string	""
 681 0121 00        		.string	""
 682 0122 00        		.string	""
 683 0123 00        		.string	""
 684 0124 CE00      		.string	"\316"
 685 0126 00        		.string	""
 686 0127 00        		.string	""
 687 0128 7365 6E64 		.string	"send_nibble"
 687      5F6E 6962 
 687      626C 6500 
 688 0134 00        		.string	""
 689 0135 00        		.string	""
 690 0136 00        		.string	""
 691 0137 00        		.string	""
 692 0138 00        		.string	""
 693 0139 00        		.string	""
 694 013a 00        		.string	""
 695 013b 00        		.string	""
 696 013c 00        		.string	""
 697 013d 00        		.string	""
 698 013e 00        		.string	""
 699 013f D200      		.string	"\322"
 700 0141 00        		.string	""
 701 0142 00        		.string	""
 702 0143 7365 6E64 		.string	"send_byte"
 702      5F62 7974 
 702      6500 
 703 014d 00        		.string	""
 704 014e 00        		.string	""
 705 014f 00        		.string	""
 706 0150 00        		.string	""
 707 0151 00        		.string	""
 708 0152 00        		.string	""
 709 0153 00        		.string	""
 710 0154 00        		.string	""
 711 0155 00        		.string	""
 712 0156 00        		.string	""
 713 0157 00        		.string	""
 714 0158 D400      		.string	"\324"
 715 015a 00        		.string	""
 716 015b 00        		.string	""
 717 015c 7365 6E64 		.string	"send_word"
 717      5F77 6F72 
 717      6400 
 718 0166 00        		.string	""
 719 0167 00        		.string	""
 720 0168 00        		.string	""
 721 0169 00        		.string	""
 722 016a 00        		.string	""
 723 016b 00        		.string	""
 724 016c 00        		.string	""
 725 016d 00        		.string	""
 726 016e 00        		.string	""
 727 016f 00        		.string	""
 728 0170 00        		.string	""
 729 0171 DD00      		.string	"\335"
 730 0173 00        		.string	""
 731 0174 00        		.string	""
 732 0175 7365 6E64 		.string	"send_dword"
 732      5F64 776F 
 732      7264 00
 733 0180 00        		.string	""
 734 0181 00        		.string	""
 735 0182 00        		.string	""
 736 0183 00        		.string	""
 737 0184 00        		.string	""
 738 0185 00        		.string	""
 739 0186 00        		.string	""
 740 0187 00        		.string	""
 741 0188 00        		.string	""
 742 0189 00        		.string	""
 743 018a 00        		.string	""
 744 018b E100      		.string	"\341"
 745 018d 00        		.string	""
 746 018e 00        		.string	""
 747 018f 7461 705F 		.string	"tap_random_base64"
 747      7261 6E64 
 747      6F6D 5F62 
 747      6173 6536 
 747      3400 
 748 01a1 00        		.string	""
 749 01a2 00        		.string	""
 750 01a3 00        		.string	""
 751 01a4 00        		.string	""
 752 01a5 00        		.string	""
 753 01a6 00        		.string	""
 754 01a7 00        		.string	""
 755 01a8 00        		.string	""
 756 01a9 00        		.string	""
 757 01aa 00        		.string	""
 758 01ab 00        		.string	""
 759 01ac E400      		.string	"\344"
 760 01ae 00        		.string	""
 761 01af 00        		.string	""
 762 01b0 7461 705F 		.string	"tap_code"
 762      636F 6465 
 762      00
 763 01b9 00        		.string	""
 764 01ba 02        		.ascii	"\002"
 765 01bb 00        		.string	""
 766 01bc 00        		.string	""
 767 01bd 00        		.string	""
 768 01be 00        		.string	""
 769 01bf 00        		.string	""
 770 01c0 00        		.string	""
 771 01c1 00        		.string	""
 772 01c2 00        		.string	""
 773 01c3 00        		.string	""
 774 01c4 E600      		.string	"\346"
 775 01c6 00        		.string	""
 776 01c7 00        		.string	""
 777 01c8 756E 7265 		.string	"unregister_code"
 777      6769 7374 
 777      6572 5F63 
 777      6F64 6500 
 778 01d8 00        		.string	""
 779 01d9 02        		.ascii	"\002"
 780 01da 00        		.string	""
 781 01db 00        		.string	""
 782 01dc 00        		.string	""
 783 01dd 00        		.string	""
 784 01de 00        		.string	""
 785 01df 00        		.string	""
 786 01e0 00        		.string	""
 787 01e1 00        		.string	""
 788 01e2 00        		.string	""
 789 01e3 E800      		.string	"\350"
 790 01e5 00        		.string	""
 791 01e6 00        		.string	""
 792 01e7 7265 6769 		.string	"register_code"
 792      7374 6572 
 792      5F63 6F64 
 792      6500 
 793 01f5 00        		.string	""
 794 01f6 02        		.ascii	"\002"
 795 01f7 00        		.string	""
 796 01f8 00        		.string	""
 797 01f9 00        		.string	""
 798 01fa 00        		.string	""
 799 01fb 00        		.string	""
 800 01fc 00        		.string	""
 801 01fd 00        		.string	""
 802 01fe 00        		.string	""
 803 01ff 00        		.string	""
 804 0200 EA00      		.string	"\352"
 805 0202 00        		.string	""
 806 0203 00        		.string	""
 807               		.text
 808               		.section	.gnu.lto_.opts,"",@progbits
 809 0000 272D 666D 		.ascii	"'-fmath-errno' '-fsigned-zeros' '-ftrapping-math' '-fno-trap"
 809      6174 682D 
 809      6572 726E 
 809      6F27 2027 
 809      2D66 7369 
 810 003c 7627 2027 		.ascii	"v' '-fno"
 810      2D66 6E6F 
 811 0044 2D6F 7065 		.string	"-openmp' '-fno-openacc' '-mn-flash=1' '-mno-skip-bug' '-mmcu=avr5' '-gdwarf-2' '-Os' '-We
 811      6E6D 7027 
 811      2027 2D66 
 811      6E6F 2D6F 
 811      7065 6E61 
 812               		.text
 813               		.comm	__gnu_lto_v1,1,1
 814               		.comm	__gnu_lto_slim,1,1
 815               		.ident	"GCC: (GNU) 5.4.0"
DEFINED SYMBOLS
                            *ABS*:0000000000000000 send_string.c
     /tmp/ccUBCHqm.s:2      *ABS*:000000000000003e __SP_H__
     /tmp/ccUBCHqm.s:3      *ABS*:000000000000003d __SP_L__
     /tmp/ccUBCHqm.s:4      *ABS*:000000000000003f __SREG__
     /tmp/ccUBCHqm.s:5      *ABS*:0000000000000000 __tmp_reg__
     /tmp/ccUBCHqm.s:6      *ABS*:0000000000000001 __zero_reg__
                            *COM*:0000000000000001 __gnu_lto_v1
                            *COM*:0000000000000001 __gnu_lto_slim

NO UNDEFINED SYMBOLS
