   1               		.file	"bootloader.c"
   2               	__SP_H__ = 0x3e
   3               	__SP_L__ = 0x3d
   4               	__SREG__ = 0x3f
   5               	__tmp_reg__ = 0
   6               	__zero_reg__ = 1
   7               		.text
   8               	.Ltext0:
   9               		.section	.gnu.lto_.profile.7e3c2b37c9766441,"",@progbits
  10 0000 789C 6361 		.string	"x\234ca`d`a`"
  10      6064 6061 
  10      6000 
  11 000a 9206 CA00 		.string	"\222\006\312"
  12 000e 00        		.string	""
  13 000f ED00      		.string	"\355"
  14 0011 5E        		.ascii	"^"
  15               		.text
  16               		.section	.gnu.lto_.icf.7e3c2b37c9766441,"",@progbits
  17 0000 789C 6361 		.string	"x\234ca`d"
  17      6064 00
  18 0007 0111 0604 		.string	"\001\021\006\004`f8\336zv:\007\343\206e\273\257p0\355}\370\256\235\225\001"
  18      6066 38DE 
  18      7A76 3A07 
  18      E386 65BB 
  18      AF70 30ED 
  19 0022 5D3F 08DD 		.ascii	"]?\b\335"
  20               		.text
  21               		.section	.gnu.lto_.jmpfuncs.7e3c2b37c9766441,"",@progbits
  22 0000 789C 6361 		.string	"x\234ca`d"
  22      6064 00
  23 0007 016E 0604 		.string	"\001n\006\004`\002b\220h\275"
  23      6002 6290 
  23      68BD 00
  24 0012 0300      		.string	"\003"
  25 0014 036F 00   		.string	"\003o"
  26 0017 A3        		.ascii	"\243"
  27               		.text
  28               		.section	.gnu.lto_.inline.7e3c2b37c9766441,"",@progbits
  29 0000 789C 6361 		.string	"x\234ca`d"
  29      6064 00
  30 0007 015D 0604 		.string	"\001]\006\004`b`\340\342`d`\022h\250e`\001\361\030\200\212dy\200\022z\377\032\030\031\330
  30      6062 60E0 
  30      E260 6460 
  30      1268 A865 
  30      6001 F118 
  31 0030 61AB 040F 		.ascii	"a\253\004\017"
  32               		.text
  33               		.section	.gnu.lto_.pureconst.7e3c2b37c9766441,"",@progbits
  34 0000 789C 6361 		.string	"x\234ca`d`g```b\330\305\310\270\213\021"
  34      6064 6067 
  34      6060 6062 
  34      D8C5 C8B8 
  34      8B11 00
  35 0013 05D1 0186 		.ascii	"\005\321\001\206"
  36               		.text
  37               		.section	.gnu.lto_bootloader_jump.7e3c2b37c9766441,"",@progbits
  38 0000 789C 8593 		.string	"x\234\205\223_HSQ\034\307\317\357\236\273\273\355j\351S\370 \265A{\020\304YA=\367\020=\36
  38      5F48 5351 
  38      1CC7 CFEF 
  38      9EBB BBED 
  38      6AE9 53F8 
  39 0078 AA0F 2888 		.string	"\252\017(\210\372@\324W\016\0029/P\021\360E\364\366M\330\020`<\2744,\024\265j\330\026B\25
  39      FA40 D457 
  39      0E02 392F 
  39      5011 F045 
  39      F4F6 4DD8 
  40 0154 7A50 B404 		.ascii	"zP\264\004\201\346\325W\327\rL\205\212\346\320\370s\243NaaN\366"
  40      81E6 D557 
  40      D70D 4C85 
  40      8AE6 D0F8 
  40      73A3 4E61 
  41 016b 25D6 7223 		.ascii	"%\326r#\320\342g\201\3460\037\202\241\227\345\001}\020\321\021"
  41      D0E2 6781 
  41      E630 1F82 
  41      A197 E501 
  41      7D10 D111 
  42 017f 788E 569E 		.ascii	"x\216V\236\365/\307\302/\201\036\340\346\331\376\216A)[\221\231"
  42      F52F C7C2 
  42      2F81 1EE0 
  42      E6D9 FE8E 
  42      4129 5B91 
  43 0194 0B3B 837A 		.ascii	"\013;\203zE$x\240Wd_!\224\352\365\200~\036],r\271]fgK\200\241"
  43      4524 78A0 
  43      5764 5F21 
  43      94EA F580 
  43      7E1E 5D2C 
  44 01b0 2278 1982 		.ascii	"\"x\031\202\311\237\213#\364\317z\305/\315\2253\007\257TF\200"
  44      C99F 8B23 
  44      F4CF 7AC5 
  44      2FCD 9533 
  44      07AF 5446 
  45 01c5 BFCB 4960 		.ascii	"\277\313I`\020$\204>\004\211b\275N\340v \372\346*\277\177#,0"
  45      1024 843E 
  45      0489 62BD 
  45      4EE0 7620 
  45      FAE6 2ABF 
  46 01dd 79FB 35FF 		.ascii	"y\3735\377\234l\035\200\210v\023#2\261\245\266\267\215+\333E"
  46      9C6C 1D80 
  46      8876 1323 
  46      32B1 A5B6 
  46      B78D 2BDB 
  47 01f2 56E1 61B0 		.ascii	"V\341a\260\362+\372\021\233\235\220p\005\036\201\bC<\345(\210"
  47      F22B FA11 
  47      9B9D 9070 
  47      051E 8108 
  47      433C E528 
  48 0207 B8B1 125C 		.ascii	"\270\261\022\\\\\340\237\217\031\n\330\305G\372\276\313\326\241"
  48      5CE0 9F8F 
  48      190A D8C5 
  48      47FA BECB 
  48      D6A1 
  49 0219 ADB0 AEF7 		.ascii	"\255\260\256\367Q\315\304a#Y\330t*\331)3\330(\302b\0346\306a"
  49      51CD C461 
  49      2359 D874 
  49      2AD9 2933 
  49      D828 C262 
  50 0231 1BE9 E98D 		.ascii	"\033\351\351\215\\\035&\377\017\3668\013K\215~\372\310a\343\b"
  50      5C1D 26FF 
  50      0FF6 380B 
  50      4B8D 7EFA 
  50      C861 E308 
  51 0245 8B73 D813 		.ascii	"\213s\330\023\016\273\273\024\177\235g\215f\3352\323nNL\206\215"
  51      0EBB BB14 
  51      7F9D 678D 
  51      66DD 32D3 
  51      6E4E 4C86 
  52 025a DCFD 94B9 		.ascii	"\334\375\224\271a\002D\302>%J\360\267\242iAd=\244\005\375\267"
  52      6102 44C2 
  52      3E25 4AF0 
  52      B7A2 6941 
  52      643D A405 
  53 0270 B47A ABCF 		.ascii	"\264z\253\317(\016\217\352\262;<\325\325\236\032{E\235j\257\364"
  53      280E 8FEA 
  53      B23B 3CD5 
  53      D59E 1A7B 
  53      459D 6AAF 
  54 0285 78BC 6E4F 		.ascii	"x\274nO\205\323\245\2268\210\221\315\216\270\316\311\331\376"
  54      85D3 A596 
  54      3888 91CD 
  54      8EB8 CEC9 
  54      D9FE 
  55 0297 A857 35D4 		.ascii	"\250W5\324U\270}\256]v_\255jwWUrOU\215\303\355s\272\370\270\336"
  55      55B8 7DAE 
  55      5D76 5FAD 
  55      6A77 5755 
  55      724F 558D 
  56 02b2 E92D 394D 		.ascii	"\351-9M\216W\325X\024\305[}VQ]\247\024\245XQ\312\313\016\035"
  56      8E57 D558 
  56      14C5 5B7D 
  56      5651 5DA7 
  56      14A5 5851 
  57 02ca 5614 D9EC 		.ascii	"V\024\331\354pW\311\346z\247*\233k\275\265\026[i\261\305\266"
  57      7057 C9E6 
  57      7AA7 2A9B 
  57      6BBD B516 
  57      5B69 B1C5 
  58 02df 4736 7B7C 		.ascii	"G6{|^\313oM\361\026\343\026\325^\331b&B\r\021TB\325R\362\013"
  58      5ECB 6F4D 
  58      F116 E316 
  58      D55E D962 
  58      2642 0D11 
  59 02f9 5E82 5FA0 		.ascii	"^\202_\240"
  60               		.text
  61               		.section	.gnu.lto_bootloader_jump_after_watchdog_reset.7e3c2b37c9766441,"",@progbits
  62 0000 789C 9594 		.string	"x\234\225\224_L[U\034\307\317\357\334{\333\336K\001\343\223\017D\333\304>\314\020\n\233\2
  62      5F4C 5B55 
  62      1CC7 CFEF 
  62      DC7B DBDE 
  62      4B01 E393 
  63 00d6 072F F60C 		.string	"\007/\366\f\236\262I\017\003\t{\373\363/\331]\357\031F\324\310\247\272k\337i\213\030\003i
  63      9EB2 490F 
  63      0309 7BFB 
  63      F32F D95D 
  63      EF19 46D4 
  64 0113 4A39 4BE0 		.ascii	"J9K\340\n\350\245\340K\262QK\245\227]\350\031[\301\344\264\222"
  64      0AE8 A5E0 
  64      4BB2 514B 
  64      A597 5DE8 
  64      195B C1E4 
  65 0129 5B9C D357 		.ascii	"[\234\323W*@f\355\330\257\271G\311OL\222\321B{\"\363\235u\225"
  65      2A40 66ED 
  65      D8AF B947 
  65      C94F 4C92 
  65      D142 7B22 
  66 0141 2724 5938 		.ascii	"'$Y8Z;\333"
  66      5A3B DB
  67 0148 77DD 6E76 		.string	"w\335nv'\251\237\376\376v\276\254\023\336\216\304q\245\n|\004\025\360!\240#\350\205N`\005
  67      27A9 9FFE 
  67      FE76 BEAC 
  67      13DE 8EC4 
  67      71A5 0A7C 
  68 0249 1087 7C83 		.ascii	"\020\207|\203\303\316\033 N\"\234\307;\310\340\002X8*\367\241"
  68      C3CE 1B20 
  68      4E22 9CC7 
  68      3BC8 E002 
  68      5838 2AF7 
  69 025e 64E1 E6C9 		.ascii	"d\341\346\311\031\356\314@\247\361\206#\201G\027C\313\331\267"
  69      19EE CC40 
  69      A7F1 8623 
  69      8147 1743 
  69      CBD9 B7
  70 0271 C635 6716 		.ascii	"\3065g\026C6Q\345k\363\343\203\026\031\257\301\027\340\204!p"
  70      4336 51E5 
  70      6BF3 E383 
  70      1619 AFC1 
  70      17E0 8421 
  71 0286 8AE0 85C5 		.ascii	"\212\340\205\305\311Q\240`\032\344\230dG\350\227@\207/\232\372"
  71      C951 A060 
  71      1AE4 9864 
  71      47E8 9740 
  71      872F 9AFA 
  72 029a E9B5 725A 		.ascii	"\351\265rZ\231\ny\322u\037\217\374\2549'6\371\032\205\246\256"
  72      990A 79D2 
  72      751F 8FFC 
  72      AC39 2736 
  72      F91A 85A6 
  73 02af FC36 C59D 		.ascii	"\3746\305\235?\024\371\013\355s\213*\241\206\221\377\325&\177"
  73      3F14 F90B 
  73      ED73 8B2A 
  73      A186 91FF 
  73      D526 7F
  74 02c2 7964 FABA 		.ascii	"yd\372\272B\301\021\220!#V\237\025\t\226\343W\363%\346\341}\340"
  74      42C1 1190 
  74      2123 569F 
  74      1509 96E3 
  74      57F3 25E6 
  75 02d9 DFF9 89D1 		.ascii	"\337\371\211\321\356\3712\347\245\"?=\324\025\027\374Q\344\177"
  75      EEF9 32E7 
  75      A522 3F3D 
  75      D415 17FC 
  75      51E4 7F
  76 02ec B3C9 BF7C 		.ascii	"\263\311\277|\361\371\210\225\2029\344\177-\370c\202\177\252"
  76      F1F9 8895 
  76      8239 E47F 
  76      2DF8 6382 
  76      7FAA 
  77 02fe 90BE 54EE 		.ascii	"\220\276T\356\234\335^\220\365\221l\033i\031\214\323l\370\026"
  77      9CDD 5E90 
  77      F591 6C1B 
  77      6919 8CD3 
  77      6CF8 16
  78 0311 6436 07D1 		.ascii	"d6\007\321<m\001\325\222JK5\240\330\325\276\234\330F\363\342"
  78      3C6D 01D5 
  78      924A 4B35 
  78      A0D8 D5BE 
  78      9CD8 46F3 
  79 0326 5F83 587A 		.ascii	"_\203Xz\375~\352\023gt\251cQ&\353%`\2540\230\300\254\t*\035\036"
  79      FD7E EA13 
  79      6774 A963 
  79      5126 EB25 
  79      60AC 3098 
  80 0340 7A45 FC2F 		.ascii	"zE\374/,A4\335qP\310\351Y\301]\3040&v\206\033\237\321=\301\220"
  80      2C41 34DD 
  80      7150 C8E9 
  80      59C1 5DC4 
  80      3026 7686 
  81 035a CFED 0936 		.ascii	"\317\355\t66\006\233\334\207\237\r\271\033\202\301p x\330\353"
  81      3606 9BDC 
  81      879F 0DB9 
  81      1B82 C170 
  81      2078 D8EB 
  82 036e 0B55 7998 		.ascii	"\013Uy\230-\354k<\242\207|O=\344ni\016\271\003\376\006\241\361"
  82      2DEC 6B3C 
  82      A287 7C4F 
  82      3DE4 6E69 
  82      0EB9 03FE 
  83 0385 3779 022D 		.ascii	"7y\002-^\237h\037\365\206\253\236fa\177\223C\327\303\246X\327"
  83      5E9F 681F 
  83      F586 AB9E 
  83      6661 7F93 
  83      43D7 C3A6 
  84 039b 2B75 FDE0 		.ascii	"+u\375\340\201\272'u]S=\001\277\246\036\365\20645\340mv\270\252"
  84      81BA 2775 
  84      5D53 3D01 
  84      BFA6 1EF5 
  84      8634 35E0 
  85 03b3 2B5D 359A 		.ascii	"+]5\232\032\f\371Es\267\2466\2071ZS\351\252.6u\3759_(h\202P\332"
  85      1A0C F945 
  85      73B7 A636 
  85      8731 5A53 
  85      E9AA 2E36 
  86 03d0 1276 6CD1 		.ascii	"\022vl\321*\267\245\320T&=\346e\326Cu\373\366\343 ob\226\372"
  86      2AB7 A5D0 
  86      5426 3DE6 
  86      65D6 4375 
  86      FBF6 E320 
  87 03e8 DA43 D8B2 		.ascii	"\332C\330\262\325\327\356\255\323\353k\353\244P5\373\033\270"
  87      D5D7 EEAD 
  87      D3EB 6BEB 
  87      A450 35FB 
  87      1BB8 
  88 03fa 8FF6 77   		.ascii	"\217\366w"
  89               		.text
  90               		.section	.gnu.lto_.symbol_nodes.7e3c2b37c9766441,"",@progbits
  91 0000 789C 6361 		.string	"x\234ca`d\bb"
  91      6064 0862 
  91      00
  92 0009 02A6 E70C 		.string	"\002\246\347\f\365\f\f\023\3161\200\250]\r\212@\221\027\f\365\2140\221\256FE\275\314\274\
  92      F50C 0C13 
  92      CE31 80A8 
  92      5D0D 8A40 
  92      9117 0CF5 
  93 0051 00        		.string	""
  94 0052 A8A9 16D7 		.ascii	"\250\251\026\327"
  95               		.text
  96               		.section	.gnu.lto_.refs.7e3c2b37c9766441,"",@progbits
  97 0000 789C 6361 		.string	"x\234ca`d\340d```bd`badbc"
  97      6064 E064 
  97      6060 6062 
  97      6460 6261 
  97      6462 6300 
  98 0014 00        		.string	""
  99 0015 0129 00   		.string	"\001)"
 100 0018 21        		.ascii	"!"
 101               		.text
 102               		.section	.gnu.lto_.decls.7e3c2b37c9766441,"",@progbits
 103 0000 789C 8D55 		.string	"x\234\215UkP\023W\024\336\263\033\b\204"
 103      6B50 1357 
 103      14DE B31B 
 103      0884 00
 104 000f 2D63 1D7E 		.string	"-c\035~dZ`\352\310\017\207\330:\323\321\366\217\323\326\366_\371\323\3727\023 \325\024HZ\
 104      645A 60EA 
 104      C80F 87D8 
 104      3AD3 D1F6 
 104      8FD3 D6F6 
 105 0039 BE15 6BC4 		.string	"\276\025k\304*`y\244U\021\024!\"( ((\026\221W\224\360\222\207\021A@Ez\356\275\273I\2602\3
 105      2A60 79A4 
 105      5511 1421 
 105      2228 2028 
 105      2816 9157 
 106 00d4 F905 6449 		.string	"\371\005dIY K\302\360\364_\2220\204\347%A\244\245\327\030\375\201\264\\\222\037j\204\t\27
 106      5920 4BC2 
 106      F0F4 5F92 
 106      3084 E725 
 106      41A4 A5D7 
 107 014a 5B57 C306 		.string	"[W\303\006\r\254\307bA)\204\343\177\234\202!3\305\3361U\224M\264\331Dg\336\261\340\232lQ\
 107      0DAC C762 
 107      4129 84E3 
 107      7F9C 8221 
 107      33C5 DE31 
 108 022d DA02 D549 		.ascii	"\332\002\325I9\363\034\324\201\n.\320X\351sH\304\263\335?\020"
 108      39F3 1CD4 
 108      810A 2ED0 
 108      58E9 7348 
 108      C4B3 DD3F 
 109 0242 31AE 03E8 		.ascii	"1\256\003\350\033%\351\242\303&\372\207sR-\240\006\242\351\026"
 109      1B25 E9A2 
 109      C326 FA87 
 109      7352 2DA0 
 109      06A2 E916 
 110 0256 07B5 68F0 		.ascii	"\007\265h\360\"\363\246\346D\247\013\302r%\333\233\201\332>\217"
 110      22F3 A6E6 
 110      44A7 0BC2 
 110      7225 DB9B 
 110      81DA 3E8F 
 111 026a FBD5 D479 		.ascii	"\373\325\324y\007\204\311!\020t]\326\213\211\320\310t8*\036\210"
 111      0784 C921 
 111      1074 5DD6 
 111      8B89 D0C8 
 111      7438 2A1E 
 112 027f A07B 283B 		.ascii	"\240{(;\327\236\343\0220\177\034\\\202H\212\032\332ye\177\260"
 112      D79E E312 
 112      307F 1C5C 
 112      8248 8A1A 
 112      DA79 657F 
 113 0294 900D 34BB 		.ascii	"\220\r4\273\266\343\343\345d\033.cy\353\261\260gX\206\227\nJ"
 113      B6E3 E3E5 
 113      641B 2E63 
 113      79EB B1B0 
 113      6758 8697 
 114 02aa DC2A 219F 		.ascii	"\334*!\237\2012\373\363sC\t\250Q\256\340\356s\223G\204W\365\024"
 114      8132 FBF3 
 114      7343 09A8 
 114      51AE E0EE 
 114      7393 4784 
 115 02c1 5C41 7DB8 		.ascii	"\\A}\270\272\254\255\016\247;\262y\322Vv\321q+_\310\022/\355"
 115      BAAC AD0E 
 115      A73B B279 
 115      D256 76D1 
 115      712B 5FC8 
 116 02d8 442D 9EA0 		.ascii	"D-\236\240\240\334\323U\rxx\271oW5\321\256*\035\271\373\271p"
 116      A0DC D355 
 116      0D78 78B9 
 116      6F57 35D1 
 116      AE2A 1DB9 
 117 02ef 80F9 3158 		.ascii	"\200\3711X\364b\277?\253\315\033\310\246W^Z\263b]\257\311uma"
 117      F462 BF3F 
 117      ABCD 1BC8 
 117      A657 5E5A 
 117      B362 5DAF 
 118 0307 999C 5DC8 		.ascii	"\231\234]\310\236\nd\272\253\221\355<\266\337)\365\210\035H\013"
 118      9E0A 64BA 
 118      AB91 ED3C 
 118      B6DF 29F5 
 118      881D 480B 
 119 031b 35D5 2F86 		.ascii	"5\325/\206\274\234\3506\264\326J\255]\247\211\276&'\272\272\354"
 119      BC9C E836 
 119      B4D6 4AAD 
 119      5DA7 89BE 
 119      2627 BABA 
 120 0330 E72D 9185 		.ascii	"\347-\221\205,\317\327Y\236{\322\253z\203i\236oHy\256i\313\233"
 120      2CCF D759 
 120      9E7B D2AB 
 120      7A83 699E 
 120      6F48 79AE 
 121 0347 F297 53DB 		.ascii	"\362\227S\333\216i!\302\216L{\201\324^\nd\037\265\035\032\fa"
 121      8E69 21C2 
 121      8E4C 7B81 
 121      D45E 0A64 
 121      1FB5 1D1A 
 122 035d 6E44 905E 		.ascii	"nD\220^o*\371\203\354\256U\321Y\022\212\242\212\211\352\205`"
 122      6F2A F983 
 122      ECAE 55D1 
 122      5912 8AA2 
 122      8A89 EA85 
 123 0372 2622 FA25 		.ascii	"&\"\372%\277\347\025\372\013\3254\037|\355\256\316[\001\240\212"
 123      BFE7 15FA 
 123      0BD5 341F 
 123      7CED AECE 
 123      5B01 A08A 
 124 0386 A6DD E416 		.ascii	"\246\335\344\026\3050\354\246[\350\363M\364\031\356`?\241\022"
 124      C530 ECA6 
 124      5BE8 F34D 
 124      F419 EE60 
 124      3FA1 12
 125 0399 492E DC46 		.ascii	"I.\334Fa'"
 125      6127 
 126 039f 0A69 933A 		.string	"\ni\223:\367\346l\271\237\205\235\n]\030\343\337r\0018D\263\350\316\270\236\325\361k\216\
 126      F7E6 6CB9 
 126      9F85 9D0A 
 126      5D18 E3DF 
 126      7201 3844 
 127 04a0 D5A1 0CF9 		.ascii	"\325\241\f\371\344\364\325\376\264\262\3711\331|%\273\200\365"
 127      E4F4 D5FE 
 127      B4B2 F931 
 127      D97C 25BB 
 127      80F5 
 128 04b2 D3F6 2235 		.ascii	"\323\366\"5\353|\322\031S\231C\362\005\f'\003\245\261q\2374\350"
 128      EB7C D219 
 128      5399 43F2 
 128      050C 2703 
 128      A5B1 719F 
 129 04c8 9C9E D3C7 		.ascii	"\234\236\323\307\321\330\003jl\202\236>\306N\237\240\247\357"
 129      D1D8 036A 
 129      6C82 9E3E 
 129      C64E 9FA0 
 129      A7EF 
 130 04da 2DB8 7156 		.ascii	"-\270qV)L\263\311pv\276x@!,2\246\254y\266LM.\336\224<\256\346"
 130      294C B3C9 
 130      7076 BE78 
 130      4021 2C32 
 130      A6AC 79B6 
 131 04f6 273A 2A78 		.ascii	"':*xz9Iv\343\350\204k\275\331\260'h\205\317\342#:\277\334 \r"
 131      7A39 4976 
 131      E3E8 846B 
 131      BDD9 B027 
 131      6885 CFE2 
 132 0510 B08C BE1F 		.ascii	"\260\214\276\037\323\003q\2009\354\242\263.\377\223\021\362]"
 132      D303 7180 
 132      39EC A2B3 
 132      2EFF 9311 
 132      F25D 
 133 0522 14C5 FA55 		.ascii	"\024\305\372U\004\007\223\236\t\366\020'\330\244\357\004\233"
 133      0407 939E 
 133      09F6 1027 
 133      D8A4 EF04 
 133      9B
 134 0533 A613 EC5A 		.ascii	"\246\023\354Z\213\273\"\204\244)\343\1774\002\342/8O\334\t\364"
 134      8BBB 2284 
 134      A429 E37F 
 134      3402 E22F 
 134      384F DC09 
 135 0548 6DDE C7CB 		.ascii	"m\336\307\313\n1#\365\344\f\355\311\234\362\335.?_p\3272\360"
 135      0A31 23F5 
 135      E40C EDC9 
 135      9CF2 DD2E 
 135      3F5F 70D7 
 136 055e AC04 9EA5 		.ascii	"\254\004\236\245\340\003%\347w\361\276`\362]\367\202\237H\340"
 136      E003 25E7 
 136      77F1 BE60 
 136      F25D F782 
 136      9F48 E0
 137 0571 270C BCF4 		.ascii	"'\f\274\364\250\237\027*\370\025RZv\271e@\301r\342\250\032\340"
 137      A89F 172A 
 137      F815 525A 
 137      76B9 6540 
 137      C172 E2A8 
 138 0587 45BB 28DA 		.ascii	"E\273(\332\232xjq\316\223\221y\314\310\234oF\026 \212\013\215"
 138      9A78 6A71 
 138      CE93 9179 
 138      CCC8 9C6F 
 138      4616 208A 
 139 059d 339B AD49 		.ascii	"3\233\255If}\202!E\367Uj\362\327\2124\203>1\340\323\317\276\210"
 139      667D 8221 
 139      45F7 556A 
 139      F2D7 8A34 
 139      833E 31E0 
 140 05b5 F868 D326 		.ascii	"\370h\323&.\322\232\234\250\2137\247\030\264\361\346\344d\263"
 140      2ED2 9A9C 
 140      A88B 37A7 
 140      18B4 F1E6 
 140      E464 B3
 141 05c8 49AB FF36 		.ascii	"I\253\3776E\353\325\210\211\347\336~I_\247\377\322\212\3134\275"
 141      45EB D588 
 141      89E7 DE7E 
 141      495F A7FF 
 141      D28A CB34 
 142 05dd 357E 7B82 		.ascii	"5~{\202y\233.\305`1X\225&s|\222\331d\b0\231\215\246$\243\311"
 142      799B 2EC5 
 142      6031 5895 
 142      2673 7C92 
 142      D964 0830 
 143 05f7 A048 B518 		.ascii	"\240H\265\030\022\024\361\333\365)\312\030\243\311h\335\300)"
 143      1214 F1DB 
 143      F529 CA18 
 143      A3C9 68DD 
 143      C029 
 144 0609 2D86 78AB 		.ascii	"-\206x\253\321l\3623\351\023\r\t\201TM\227h\330\261:\206\350"
 144      D16C F233 
 144      E913 0D09 
 144      8154 4D97 
 144      68D8 B13A 
 145 061f 18AD EBA2 		.ascii	"\030\255\353\242\364iQ\3536\233\314qF\253\345\003. \325h\262"
 145      F469 51EB 
 145      369B CC71 
 145      46AB E503 
 145      2E20 D568 
 146 0634 6E78 5767 		.ascii	"nxWg}S\233jI\321&\031\343\250kFS|Rj\202Ak\261&\340~\314v\206"
 146      7D53 9B6A 
 146      49D1 2619 
 146      E3A8 6B46 
 146      537C 526A 
 147 0652 7BE7 3D9D 		.ascii	"{\347=\235UI\026\033uVUZ\202Ug0\351\343\222\f\257\353t\372\244"
 147      5549 161B 
 147      7556 555A 
 147      8255 6730 
 147      E9E3 920C 
 148 066b 34FD 0E8B 		.ascii	"4\375\016\213\2169\245\323\275\365Jcd\215Zh-\210('\030-D\373"
 148      8E39 A5D3 
 148      BDF5 4A63 
 148      648D 5A68 
 148      2D88 2827 
 149 0683 1FD5 025F 		.ascii	"\037\325\002_-"
 149      2D
 150               		.text
 151               		.section	.gnu.lto_.symtab.7e3c2b37c9766441,"",@progbits
 152 0000 626F 6F74 		.string	"bootloader_jump"
 152      6C6F 6164 
 152      6572 5F6A 
 152      756D 7000 
 153 0010 00        		.string	""
 154 0011 01        		.ascii	"\001"
 155 0012 00        		.string	""
 156 0013 00        		.string	""
 157 0014 00        		.string	""
 158 0015 00        		.string	""
 159 0016 00        		.string	""
 160 0017 00        		.string	""
 161 0018 00        		.string	""
 162 0019 00        		.string	""
 163 001a 00        		.string	""
 164 001b AD00      		.string	"\255"
 165 001d 00        		.string	""
 166 001e 00        		.string	""
 167 001f 626F 6F74 		.string	"bootloader_jump_after_watchdog_reset"
 167      6C6F 6164 
 167      6572 5F6A 
 167      756D 705F 
 167      6166 7465 
 168 0044 00        		.string	""
 169 0045 00        		.string	""
 170 0046 00        		.string	""
 171 0047 00        		.string	""
 172 0048 00        		.string	""
 173 0049 00        		.string	""
 174 004a 00        		.string	""
 175 004b 00        		.string	""
 176 004c 00        		.string	""
 177 004d 00        		.string	""
 178 004e 00        		.string	""
 179 004f C800      		.string	"\310"
 180 0051 00        		.string	""
 181 0052 00        		.string	""
 182 0053 7265 7365 		.string	"reset_key"
 182      745F 6B65 
 182      7900 
 183 005d 00        		.string	""
 184 005e 00        		.string	""
 185 005f 00        		.string	""
 186 0060 00        		.string	""
 187 0061 00        		.string	""
 188 0062 00        		.string	""
 189 0063 00        		.string	""
 190 0064 00        		.string	""
 191 0065 00        		.string	""
 192 0066 00        		.string	""
 193 0067 00        		.string	""
 194 0068 D900      		.string	"\331"
 195 006a 00        		.string	""
 196 006b 00        		.string	""
 197               		.text
 198               		.section	.gnu.lto_.opts,"",@progbits
 199 0000 272D 666D 		.ascii	"'-fmath-errno' '-fsigned-zeros' '-ftrapping-math' '-fno-trap"
 199      6174 682D 
 199      6572 726E 
 199      6F27 2027 
 199      2D66 7369 
 200 003c 7627 2027 		.ascii	"v' '-fno"
 200      2D66 6E6F 
 201 0044 2D6F 7065 		.string	"-openmp' '-fno-openacc' '-mn-flash=1' '-mno-skip-bug' '-mmcu=avr5' '-gdwarf-2' '-Os' '-We
 201      6E6D 7027 
 201      2027 2D66 
 201      6E6F 2D6F 
 201      7065 6E61 
 202               		.text
 203               		.comm	__gnu_lto_v1,1,1
 204               		.comm	__gnu_lto_slim,1,1
 205               		.ident	"GCC: (GNU) 5.4.0"
DEFINED SYMBOLS
                            *ABS*:0000000000000000 bootloader.c
     /tmp/ccHlnzyU.s:2      *ABS*:000000000000003e __SP_H__
     /tmp/ccHlnzyU.s:3      *ABS*:000000000000003d __SP_L__
     /tmp/ccHlnzyU.s:4      *ABS*:000000000000003f __SREG__
     /tmp/ccHlnzyU.s:5      *ABS*:0000000000000000 __tmp_reg__
     /tmp/ccHlnzyU.s:6      *ABS*:0000000000000001 __zero_reg__
                            *COM*:0000000000000001 __gnu_lto_v1
                            *COM*:0000000000000001 __gnu_lto_slim

NO UNDEFINED SYMBOLS
