   1               		.file	"suspend.c"
   2               	__SP_H__ = 0x3e
   3               	__SP_L__ = 0x3d
   4               	__SREG__ = 0x3f
   5               	__tmp_reg__ = 0
   6               	__zero_reg__ = 1
   7               		.text
   8               	.Ltext0:
   9               		.section	.gnu.lto_.profile.4bf405475cd8987b,"",@progbits
  10 0000 789C 6361 		.string	"x\234ca`d`e`"
  10      6064 6065 
  10      6000 
  11 000a 920F 1813 		.ascii	"\222\017\030\023\001\003\201\001N"
  11      0103 8101 
  11      4E
  12               		.text
  13               		.section	.gnu.lto_.icf.4bf405475cd8987b,"",@progbits
  14 0000 789C 6361 		.string	"x\234ca`d"
  14      6064 00
  15 0007 8100      		.string	"\201"
  16 0009 0604 E065 		.string	"\006\004\340e8\277\350\331<\036\3065\177o\\gc\372\275\241u\007\007\363\372\231\017Z\230X\
  16      38BF E8D9 
  16      3C1E C635 
  16      7F6F 5C67 
  16      63FA BDA1 
  17 0054 51B6 280B 		.ascii	"Q\266(\013"
  18               		.text
  19               		.section	.gnu.lto_.jmpfuncs.4bf405475cd8987b,"",@progbits
  20 0000 789C 6361 		.string	"x\234ca`d"
  20      6064 00
  21 0007 8128 0604 		.string	"\201(\006\004\340a`dd\254gb\004\312030\260"
  21      E061 6064 
  21      64AC 6762 
  21      04CA 3033 
  21      30B0 00
  22 001a 4558 1918 		.string	"EX\031\030\230\030\37721Nk=t\236\375\013S+3P\027\343rF\031\2200\204f`g`\340``\340\004\212
  22      9818 FF32 
  22      314E 6B3D 
  22      749E FD0B 
  22      532B 3350 
  23 004e EC33 080A 		.ascii	"\3543\b\n"
  24               		.text
  25               		.section	.gnu.lto_.inline.4bf405475cd8987b,"",@progbits
  26 0000 789C 6361 		.string	"x\234ca`d"
  26      6064 00
  27 0007 0113 0805 		.string	"\001\023\b\005\006<\f\fj\252\214\214\f\034@1f\233\007W\230\031\330\026\31031pM\360c\001I3
  27      063C 0C0C 
  27      6AAA 8C8C 
  27      0C1C 4031 
  27      669B 0757 
  28 0036 0266 0666 		.string	"\002f\006f&\240\030\220\005\023aa`\341A\025a\344\002\022\254\f\334\222@a\266\017zpq&n\240
  28      26A0 1890 
  28      0513 6161 
  28      60E1 4115 
  28      61E4 0212 
  29 0071 DAC8 38C1 		.string	"\332\3108\301\017l\b\202\340\302\320\314\215\335m<\f\234:X\204\301.\233\340\007\242 \002\
  29      0F6C 0882 
  29      E0C2 D0CC 
  29      8DDD 6D3C 
  29      0C9C 3A58 
  30 009b E7AB 1667 		.ascii	"\347\253\026g"
  31               		.text
  32               		.section	.gnu.lto_.pureconst.4bf405475cd8987b,"",@progbits
  33 0000 789C 6361 		.string	"x\234ca`d\220f``\340a\330\305\310\264\213\221Y\202E\202U\212]\202C\202S\202K\202[\202G\20
  33      6064 9066 
  33      6060 E061 
  33      D8C5 C8B4 
  33      8B91 5982 
  34 0027 3426 02EB 		.ascii	"4&\002\353"
  35               		.text
  36               		.section	.gnu.lto_power_down.4bf405475cd8987b,"",@progbits
  37 0000 789C 8D55 		.ascii	"x\234\215UmPTe\024~\317{/{\357^>\224\031\035\371\301\020\373"
  37      6D50 5465 
  37      147E CF7B 
  37      2F7B EF5E 
  37      3E94 191D 
  38 0018 83CC 19C6 		.ascii	"\203\314\031\306\205\354_\323\257 \1779\225:\303\317;\005;\311"
  38      85EC 5FD3 
  38      AF20 7F39 
  38      953A C3CF 
  38      3B05 3BC9 
  39 002c 04AC ED2E 		.ascii	"\004\254\355.9\365\307\273,+)e\332\030\226cQf#\037\362)V\210"
  39      39F5 C7BB 
  39      2C2B 2965 
  39      DA18 9663 
  39      5166 231F 
  40 0044 C2CA 97A2 		.ascii	"\302\312\227\242\344'\370\001\224+\b\024c(\330\207\343\004t\316"
  40      E427 F801 
  40      942B 0814 
  40      6328 D887 
  40      E304 74CE 
  41 0058 7BEF E2DA 		.ascii	"{\357\342\332\244\271?\016\357{\356s\236s\316\363\236\367Ef\300"
  41      A4B9 3F0E 
  41      EF7B EE73 
  41      9E73 CEF3 
  41      9EF7 4566 
  42 006d E8B7 4161 		.ascii	"\350\267Aa,\007\227/\340\032b\030\360]\347\030\363\253\234\313"
  42      2C07 972F 
  42      E01A 6218 
  42      F05D E718 
  42      F3AB 9CCB 
  43 0081 C753 98A1 		.ascii	"\307S\230\241I\003Nf\304I \233n\031\200\026\206\nl+\227d\330"
  43      4903 4E66 
  43      C449 209B 
  43      6E19 8016 
  43      860A 6C2B 
  44 0098 0A7F F039 		.ascii	"\n\177\3609\016\235e\023\255|\325!\003\177\341\361{\233\374F"
  44      0E9D 6513 
  44      AD7C D521 
  44      037F E1F1 
  44      7B9B FC46 
  45 00ac 3029 2831 		.ascii	"0)(1\266\300E\n\006\207`\025\242.\3562\276\342\222\003\030\256"
  45      B6C0 450A 
  45      0687 6015 
  45      A22E EE32 
  45      BEE2 9203 
  46 00c2 F7CE 5E9C 		.ascii	"\367\316^\234\261\255\374\3260J\fcw\242!\005%\200*\2200\002\326"
  46      B1AD FCD6 
  46      304A 0C63 
  46      77A2 2105 
  46      2580 2A90 
  47 00d9 2443 4632 		.ascii	"$CF2C\007\203jXI\340\321\246\371O\343m\245D\237j\222B\r\330\260"
  47      4307 836A 
  47      5849 E0D1 
  47      A6F9 4FE3 
  47      6DA5 449F 
  48 00f3 68C0 8F97 		.ascii	"h\300\217\227jZ\016\252\322\263\202\265\256!\374a\\\3327\304"
  48      6A5A 0EAA 
  48      D2B3 82B5 
  48      AE21 FC61 
  48      5CDA 37C4 
  49 0107 1AEE A8CE 		.ascii	"\032\356\250\316\372\272\314o4\206T\342\256\215\346\0265\035"
  49      FABA CC6F 
  49      3486 54E2 
  49      AE8D E616 
  49      351D 
  50 0119 86B4 86F5 		.ascii	"\206\264\206\365!ca!\2005\257\271\271\375\316\307\220\004\230"
  50      2163 6121 
  50      8035 AFB9 
  50      B9FD CEC7 
  50      9004 98
  51 012c 9623 1AF3 		.ascii	"\226#\032\363\306P\0056\332+dT2v4\222F&\226\266qd\342\311$\220"
  51      C650 0536 
  51      DA2B 6454 
  51      3276 3492 
  51      4626 96B6 
  52 0146 6F29 9944 		.ascii	"o)\231D2\313\310,'\263B\344a\354.\026M\302\315pN\177\245\t(\331"
  52      32CB C82C 
  52      27B3 42E4 
  52      61EC 2E16 
  52      4DC2 CD70 
  53 0160 D774 7B77 		.ascii	"\327t{w\f\365\201uW\004;\317+\277\363 *Jm\264\266\336\036V\266"
  53      0CF5 8175 
  53      5704 3BCF 
  53      2BBF F320 
  53      2A4A 6DB4 
  54 0179 CE19 1F18 		.ascii	"\316\031\037\030\306R\364mG)\311=\325?\330\255U"
  54      C652 F46D 
  54      4729 C93D 
  54      D53F D8AD 
  54      55
  55 018a C217 7E43 		.string	"\302\027~C\370\001\352Q\377:\300~\240\001*! Il\002\002\177\277\302\002R\fn0b\307\203\253;
  55      F801 EA51 
  55      FF3A C07E 
  55      A001 2A21 
  55      2049 6C02 
  56 028b 19E5 E97C 		.string	"\031\345\351|\260c(\305\024H\213>\031\273\030\212\351\263\263/\232\273\313\264\035\232i\3
  56      B063 28C5 
  56      1448 8B3E 
  56      19BB 188A 
  56      E9B3 B32F 
  57 02e3 6B84 1F5B 		.ascii	"k\204\037[O\217\030\315\004\263\277Q\253\277\245O\212\3505;X"
  57      4F8F 18CD 
  57      04B3 BF51 
  57      ABBF A54F 
  57      8AE8 353B 
  58 02f8 2C27 D1C4 		.ascii	",'\321\304\267t\237\332&\206\031G\025N\211r\236\"\375i\221>\021"
  58      B774 9FDA 
  58      2686 1947 
  58      154E 8972 
  58      9E22 FD69 
  59 030f A7CD DF39 		.ascii	"\247\315\3379$\212G'\253\247\227\243\252\275k<\316q\304:\230"
  59      248A 4727 
  59      ABA7 97A3 
  59      AABD 6B3C 
  59      CE71 C43A 
  60 0324 5852 75B6 		.ascii	"XRu\266\276y0V\034L\2378\2303x0\223`t\216X\221\214\265\201\331"
  60      BE79 3056 
  60      1C4C 9F38 
  60      9833 7830 
  60      9360 748E 
  61 033e C903 AB93 		.ascii	"\311\003\253\223eOJ~\326\352$\242\375r\023?\\~eO<u\242\301<@"
  61      654F 4A7E 
  61      D6EA 24A2 
  61      FD72 133F 
  61      5C7E 654F 
  62 0358 FFD3 B6F2 		.ascii	"\377\323\266\362\243he9]\234\321\216\272\356\314G_\306P\371\334"
  62      A368 6539 
  62      5D9C D18E 
  62      BAEE CC47 
  62      5FC6 50F9 
  63 036d EBE2 5D5C 		.ascii	"\353\342]\\\340\360\357GS<BpN\364~\036l\034\357z7)p\353\267/"
  63      E0F0 EF47 
  63      533C 4270 
  63      4EF4 7E1E 
  63      6C1C EF7A 
  64 0387 87B9 A395 		.ascii	"\207\271\243\225G\215\346t\357\376~\315q\002]\252\230\352_\306"
  64      478D E674 
  64      EFFE 7ECD 
  64      7102 5DAA 
  64      98EA 5FC6 
  65 039b FA5B 6C34 		.ascii	"\372[l4\325\027\301\001\027\254Q?19\320\007\344\274D\243\276"
  65      D517 C101 
  65      17AC 513F 
  65      3139 D007 
  65      E4BC 44A3 
  66 03b0 0259 2F8B 		.ascii	"\002Y/\213Q\257\376\304?\2429zx\324=\031\274qo\220;N/\362\335"
  66      51AF FEC4 
  66      3FA2 397A 
  66      78D4 3D19 
  66      BC71 6F90 
  67 03c9 AA18 9DB4 		.ascii	"\252\030\235\264S\350 \362\rX|\323=W~\215!\347\225\305[|\365"
  67      53E8 20F2 
  67      0D58 7CD3 
  67      3D57 7E8D 
  67      21E7 95C5 
  68 03e0 D15B 2C89 		.ascii	"\321[,\211[\374\037\374\301\276\352\261\004\307\371E\376P{U\251"
  68      5BFC 1FFC 
  68      C1BE EAB1 
  68      04C7 F945 
  68      FE50 7B55 
  69 03f5 E01F 42FE 		.ascii	"\340\037B\376\353\026\377\320\245m~\361J\f#\3775\301?\362\377"
  69      EB16 FFD0 
  69      A56D 7EF1 
  69      4A0C 23FF 
  69      35C1 3FF2 
  70 040a 77F3 2731 		.ascii	"w\363'1\002?\343\b\214BI\230\024'\361HK\352\231|=\363\317\211"
  70      023F E308 
  70      8C42 4998 
  70      1427 F148 
  70      4BEA 997C 
  71 0422 FF44 E28D 		.ascii	"\377D\342\215\237\202\222\320_k#s2\013$p\375\370\3475\262y\205"
  71      9F82 92D0 
  71      5F6B 2373 
  71      320B 2470 
  71      FDF8 E735 
  72 0439 C20C 6E40 		.ascii	"\302\fn@2?\336F\023p\340\317\300G\326\325\n1\bC\262D\217.\320"
  72      323F DE46 
  72      1370 E0CF 
  72      C047 D6D5 
  72      0A31 0843 
  73 0452 6B8B 9953 		.ascii	"k\213\231S|\205o\353\271n\217\313\231\353.,t\0279\337x\327\343"
  73      7C85 6FEB 
  73      B96E 8FCB 
  73      99EB 2E2C 
  73      7417 39DF 
  74 0469 F416 7B37 		.ascii	"\364\026{7\273\212\362V\3472yK\236\317\255\372\\\205\233u\217"
  74      BB8A F256 
  74      E732 794B 
  74      9ECF ADFA 
  74      5C85 9B75 
  75 047e EBAD 679C 		.ascii	"\353\255g\234\305^\217\263 \377M\201\312/\312-(\316s\2115\302"
  75      C55E 8FB3 
  75      20FF 4D81 
  75      CA2F CA2D 
  75      28CE 7389 
  76 0494 566F 621B 		.ascii	"Vob\033\363\213Ru\335g\202u=]\3277\254\317^\253\353\232=\267"
  76      F38B 5275 
  76      DD67 8275 
  76      3D5D D737 
  76      ACCF 5EAB 
  77 04ac 205F B36F 		.ascii	" _\263o\311\363hv\257\317\233\232\226\221\236\226\251\331\335"
  77      C9F3 6876 
  77      AFCF 9B9A 
  77      9691 9E96 
  77      A9D9 DD
  78 04bf C5BE D408 		.ascii	"\305\276\324\b$=*\356!\350y\315\316\370:\306=L\362d0\331\353"
  78      243D 2AEE 
  78      21E8 79CD 
  78      CEF8 3AC6 
  78      3D4C F264 
  79 04d6 CA67 4AA1 		.ascii	"\312gJ\241\253\320\355y\217\251\336\002\227k3~\367=E\322\202"
  79      ABD0 ED79 
  79      8FA9 DE02 
  79      976B 337E 
  79      F73D 45D2 
  80 04eb BC87 493D 		.ascii	"\274\207I=\371\021j\221%3=-cq\251\353\357\273<\356H\025\217\257"
  80      F911 6A91 
  80      2533 3D2D 
  80      6371 A9EB 
  80      EFBB 3CEE 
  81 0503 8F49 2FE5 		.ascii	"\217I/\3451ec\366\272\327\360#/b\266\234\254\215\270Rs\262^\316"
  81      3165 63F6 
  81      BAD7 F023 
  81      2F62 B69C 
  81      AC8D B852 
  82 051b D673 B2B2 		.ascii	"\326s\262\262\377\001\203L\265\272"
  82      FF01 834C 
  82      B5BA 
  83               		.text
  84               		.section	.gnu.lto_suspend_idle.4bf405475cd8987b,"",@progbits
  85 0000 789C 8D52 		.string	"x\234\215RMk\023Q\024\275\347\275I&&\006\273qe\220fc)\202Q\272\021\334\370\033\374\003\"q
  85      4D6B 1351 
  85      14BD E7BD 
  85      4926 2606 
  85      BB71 6590 
  86 0073 3998 1868 		.ascii	"9\230\030hLa\f?\324\037\005\377\372\372\222\032\2341\274>\277"
  86      4C61 0C3F 
  86      D41F 05FF 
  86      FAFA 921A 
  86      9C31 BC3E 
  87 0088 AA6A 536F 		.ascii	"\252jSo\301\323D\035\325e\"\314`\220\253n\264&W\342:\r\342sc"
  87      C1D3 441D 
  87      D565 22CC 
  87      6090 AB6E 
  87      B426 57E2 
  88 00a1 B959 3B34 		.ascii	"\271Y;4p\317\230qc~\366\031\355i\240\016\315\b\f\245p2E\234 "
  88      70CF 9871 
  88      637E F619 
  88      ED69 A00E 
  88      CD08 0CA5 
  89 00ba DCC7 8014 		.ascii	"\334\307\200\024\257\315\357\336NF'\204\276? \305\003D\245\315"
  89      AFCD EFDE 
  89      4E46 2784 
  89      BE3F 20C5 
  89      0344 A5CD 
  90 00ce B973 2DD3 		.ascii	"\271s-\323\351T\214\271u\352\253JjF)KBT\202-!.!!!\030I\232o+"
  90      E954 8CB9 
  90      75EA AB4A 
  90      6A46 294B 
  90      4254 822D 
  91 00ec 25BB DE40 		.ascii	"%\273\336@\331_<,\\\314H\307X\251\336|\371\345`\372x\315\334"
  91      D95F 3C2C 
  91      5CCC 48C7 
  91      58A9 DE7C 
  91      F9E5 60FA 
  92 0103 E9F7 B416 		.ascii	"\351\367\264\026\355\255\331\205\367\t\213\201x\2104\307G\260"
  92      EDAD D985 
  92      F709 8B81 
  92      7888 34C7 
  92      47B0 
  93 0115 681D FECE 		.ascii	"h\035\376\316\344ZD\200\025\255\271\250\352\371\357\354m\345"
  93      E45A 4480 
  93      15AD B9A8 
  93      EAF9 EFEC 
  93      6DE5 
  94 0127 69AB 3BDC 		.ascii	"i\253;\334\2677[g\202\333\252\\?\266\033e\324p\267<\301\256D"
  94      B737 5B67 
  94      82DB AA5C 
  94      3FB6 1B65 
  94      D470 B73C 
  95 013e 308B 141E 		.ascii	"0\213\024\036#\305\\s\234e\262\312\357h@e\005l\235\355\235\222"
  95      23C5 5C73 
  95      9C65 B2CA 
  95      EF68 4065 
  95      056C 9DED 
  96 0154 C023 6803 		.ascii	"\300#h\003O\270\222\365\252\220\222^d\363\234e\212\240\271\315"
  96      4FB8 92F5 
  96      AA90 925E 
  96      64F3 9C65 
  96      8AA0 B9CD 
  97 0168 B0B9 9E88 		.ascii	"\260\271\236\210\205P\376W(o\007\365\215\225\327\327b\242\317"
  97      8550 FE57 
  97      286F 07F5 
  97      8D95 D7D7 
  97      62A2 CF
  98 017b BF1A 4FF7 		.ascii	"\277\032O\367+\337\350\312\333$\236.c\317\323\241\377x\372\254"
  98      2BDF E8CA 
  98      DB24 9E2E 
  98      63CF D3A1 
  98      FF78 FAAC 
  99 018f EBE9 73F6 		.ascii	"\353\351s\366t\003\306o\2068\242\323\301\030~\330Y\274\227\362"
  99      7403 C66F 
  99      8638 A2D3 
  99      C118 7ED8 
  99      59BC 97F2 
 100 01a3 E23F 2E26 		.ascii	"\342?.&\202\372OS\037\246\223\201\215\273\300\213\375\316\261"
 100      82FA 4F53 
 100      1FA6 9381 
 100      8DBB C08B 
 100      FDCE B1
 101 01b6 D49D 2341 		.ascii	"\324\235#A\233\030o\255F\366\372\341\247\003y2\334\363\321\222"
 101      9B18 6FAD 
 101      46F6 FAE1 
 101      A703 7932 
 101      DCF3 D192 
 102 01ca 7BE9 7C36 		.ascii	"{\351|6_p2\331\274\353\346G2\027\256\0242\305\313\305Qg\344\342"
 102      5F70 32D9 
 102      BCEB E647 
 102      3217 AE14 
 102      32C5 CBC5 
 103 01e2 892C 59A5 		.ascii	"\211,Y\245\234\353X\331\341\034\331\256\343\346\013W\311*:9\212"
 103      9CEB 58D9 
 103      E11C D9AE 
 103      E3E6 0B57 
 103      C92A 3A39 
 104 01f7 1587 1D67 		.ascii	"\025\207\035g4~\200\376\002n5\375\377"
 104      347E 80FE 
 104      026E 35FD 
 104      FF
 105               		.text
 106               		.section	.gnu.lto_suspend_power_down_user.4bf405475cd8987b,"",@progbits
 107 0000 789C 6361 		.string	"x\234ca`d"
 107      6064 00
 108 0007 812A 2056 		.string	"\201* V"
 108      00
 109 000c 6269 2066 		.string	"bi fdf`d\232p\216\201\241\221\203\211\221\021\304h\340`d\250gb\254g\374\312\364\227\211\3
 109      6466 6064 
 109      9A70 8E81 
 109      A191 8389 
 109      9111 C468 
 110 00aa 00        		.string	""
 111 00ab 99EC 3730 		.ascii	"\231\35470"
 112               		.text
 113               		.section	.gnu.lto_suspend_power_down_kb.4bf405475cd8987b,"",@progbits
 114 0000 789C 258D 		.ascii	"x\234%\215\261j\002a\020\204w\366\017z\215`\037\020S\332x\357"
 114      B16A 0261 
 114      1084 77F6 
 114      0F7A 8D60 
 114      1F10 53DA 
 115 0016 E20B 4838 		.ascii	"\342\013H8\255\302y\242\321\3666\321#\2266\326\226\247\225\244"
 115      ADC2 79A2 
 115      D1F6 36D1 
 115      2396 36D6 
 115      96A7 95A4 
 116 002a BC4E 0269 		.ascii	"\274N\002i\363\0026b\021DRhai\316]\035\030va\206o\036\bdJ\325"
 116      F302 3662 
 116      1144 5268 
 116      6169 CE5D 
 116      1D18 7661 
 117 0045 55F5 A31A 		.ascii	"U\365\243\032\216\300\323\037\2427\217\001{\304\003\305\214\030"
 117      8EC0 D31F 
 117      A237 8F01 
 117      7BC4 03C5 
 117      8C18 
 118 0057 67BE 30BE 		.ascii	"g\2760\276>~3\256\245\242\332~\317+\262X#qD9\337H\204\0245\322"
 118      3E7E 33AE 
 118      A5A2 DA7E 
 118      CF2B B258 
 118      2371 4439 
 119 0071 DAEE F37F 		.ascii	"\332\356\363\177V*\214\255V\275\207X\240`s\253\306Z\362|$rz\322"
 119      562A 8CAD 
 119      56BD 8758 
 119      A060 73AB 
 119      C65A F27C 
 120 0089 2D3A 6A66 		.ascii	"-:jf+'f\273n\217\221\234ae\303d\331\337\246\030_d\"RN\034rV\002"
 120      2B27 66BB 
 120      6E8F 919C 
 120      6165 C364 
 120      D9DF A618 
 121 00a6 9688 2971 		.ascii	"\226\210)qL\007\274\213\2735MG\315\024\240\270\312k\370\322\f"
 121      4C07 BC8B 
 121      BB35 4D47 
 121      CD14 A0B8 
 121      CA6B F8D2 
 122 00bb A25E DB0F 		.ascii	"\242^\333\017\2420\214:\376\363\260\347\367\007\375n\273\323"
 122      A230 8C3A 
 122      FEF3 B0E7 
 122      F707 FD6E 
 122      BBD3 
 123 00cd AA07 7405 		.ascii	"\252\007t\005\256\344G#"
 123      AEE4 4723 
 124               		.text
 125               		.section	.gnu.lto_suspend_power_down.4bf405475cd8987b,"",@progbits
 126 0000 789C 7551 		.ascii	"x\234uQMK\033Q\024\275\347\33513U+\371\001\266\330\205\213lL"
 126      4D4B 1B51 
 126      14BD E7DD 
 126      3133 552B 
 126      F901 B6D8 
 127 0018 C4FE 12FF 		.ascii	"\304\376\022\377\200\330$n\332\230b\332n\363\222\314P\005\027"
 127      80D8 246E 
 127      DA98 62DA 
 127      6EF3 92CC 
 127      5005 17
 128 002b 22E8 422C 		.string	"\"\350B,\226\2720\332\017M\241\213ta\207@Kpa\333UE7\032PD\\(Tp\241\216\367\315,\024\304\0
 128      96BA 30DA 
 128      0F4D A18B 
 128      7461 8740 
 128      4B70 61DB 
 129 012c DA83 BB5D 		.ascii	"\332\203\273]yv\303\372\327]\233g\303\252`\341\013\"\023\247"
 129      7976 C3FA 
 129      D75D 9B67 
 129      C3AA 60E1 
 129      0B22 13A7 
 130 0140 8AA9 99E2 		.ascii	"\212\251\231\342CT\374o\033\312\200\357Nl\013\224\330\301*\212"
 130      4354 FC6F 
 130      1BCA 80EF 
 130      4E6C 0B94 
 130      D8C1 2A8A 
 131 0154 6220 462D 		.ascii	"b F-\224\315bB\227\342\371\266^\200\260&\314\207p\375\263\373"
 131      94CD 6242 
 131      97E2 F9B6 
 131      5E80 B026 
 131      CC87 70FD 
 132 016a E8EC 408C 		.ascii	"\350\354@\214\023jBg\300\036;!~\275\343^\270\030\306\327[p#\333"
 132      136A 4267 
 132      C01E 3B21 
 132      7EBD E35E 
 132      B818 C6D7 
 133 0182 0A77 7784 		.ascii	"\nww\204r<\372\312\023\321(\025a~\374*\367|(\235\037\313&\323"
 133      723C FACA 
 133      13D1 2815 
 133      617E FC2A 
 133      F77C 289D 
 134 019a F95C 2E3F 		.ascii	"\371\\.?\232\034~3\226,\274.\274\314\216f\372\322\344\274\310"
 134      9A1C 7E33 
 134      962C BC2E 
 134      BCCC 8E66 
 134      FAD2 E4BC 
 135 01af 660A 43F9 		.ascii	"f\nC\371\221\221k\363\265\276\316"
 135      9191 6BF3 
 135      B5BE CE
 136               		.text
 137               		.section	.gnu.lto_matrix_power_up.4bf405475cd8987b,"",@progbits
 138 0000 789C 6361 		.string	"x\234ca`d"
 138      6064 00
 139 0007 812A 2056 		.string	"\201* V"
 139      00
 140 000c 6269 2066 		.string	"bi fdf`d\232p\216\201\241\221\203\211\221\021\304h\340`d\250gb\254g\374\312\364\227\211\3
 140      6466 6064 
 140      9A70 8E81 
 140      A191 8389 
 140      9111 C468 
 141 004f 953D DAF8 		.string	"\225=\332\370o*/[\013H\231\002D\222q\005#\033\310\272\365A\007\032\376\377onh\270\252\310
 141      6F2A 2F5B 
 141      0B48 9902 
 141      4492 7105 
 141      231B C8BA 
 142 0073 C420 5B3E 		.string	"\304 [>21\201h\346W\214L \225`\303>01\202\304\200*\344Jr\263\343\223\363\213R\365\223\363
 142      3231 8168 
 142      E657 8C4C 
 142      2095 60C3 
 142      3E30 3182 
 143 00aa 8C4C 3707 		.ascii	"\214L7\007"
 144               		.text
 145               		.section	.gnu.lto_matrix_power_down.4bf405475cd8987b,"",@progbits
 146 0000 789C 6361 		.string	"x\234ca`d"
 146      6064 00
 147 0007 812A 2056 		.string	"\201* V"
 147      00
 148 000c 6269 2066 		.string	"bi fdf`d\232p\216\201\241\221\203\211\221\021\304h\340`d\250gb\254g\374\312\364\227\211\3
 148      6466 6064 
 148      9A70 8E81 
 148      A191 8389 
 148      9111 C468 
 149 004f 2A7B B4F1 		.string	"*{\264\361\337T^\266\026\2202\005\210$\343\nF6\220u\353\203\0164\374\377\337\334\320pS\22
 149      DF54 5EB6 
 149      1690 3205 
 149      8824 E30A 
 149      4636 9075 
 150 00aa 00        		.string	""
 151 00ab 9E98 372B 		.ascii	"\236\2307+"
 152               		.text
 153               		.section	.gnu.lto_suspend_wakeup_condition.4bf405475cd8987b,"",@progbits
 154 0000 789C 7593 		.ascii	"x\234u\223\313k\023Q\024\306\317w\356\274\314\243t\243\270\b"
 154      CB6B 1351 
 154      14C6 CF77 
 154      EEBC CCA3 
 154      74A3 B808 
 155 0014 5285 2EBA 		.ascii	"R\205.\2721\202\377\211[\027RbW\222\246\244\3526\267\235\214"
 155      3182 FF89 
 155      5B17 5262 
 155      5792 A6A4 
 155      EA36 B79D 
 156 0029 0A6E 0AD2 		.ascii	"\nn\n\322\372\007\270h\342+\246\266b\260\340\030\255`*\355\312"
 156      FA07 B868 
 156      E22B A6B6 
 156      62B0 E018 
 156      AD60 2AED 
 157 003e 0754 8966 		.ascii	"\007T\211f\241\"]4\305\"\"m<wF1\370\030\230\327\271\337\371\235"
 157      A122 5D34 
 157      C522 226D 
 157      3C77 4631 
 157      F818 98D7 
 158 0056 EF9C 3B63 		.ascii	"\357\234;c\021\310\034\013LtD\356'\345\204K\340\2315\242)\217"
 158      11C8 1C0B 
 158      4C74 44EE 
 158      27E5 844B 
 158      E099 35A2 
 159 006c 61C7 0F8A 		.ascii	"a\307\017\212\235\246\"\235\260\326ZD:e\305\361G\236\315\252"
 159      9DA6 229D 
 159      B0D6 5A44 
 159      3A65 C5F1 
 159      479E CDAA 
 160 0080 B122 9184 		.ascii	"\261\"\221\204\363\312\223\270\003\230\270\366@%V\226\355\240"
 160      F3CA 93B8 
 160      0398 B8F6 
 160      4025 5696 
 160      EDA0 
 161 0092 C436 2104 		.ascii	"\3046!\004\274\250\314\016\3572\256\314\316\264\007F\346\265"
 161      BCA8 CC0E 
 161      EF32 AECC 
 161      CEB4 0746 
 161      E6B5 
 162 00a4 9ED6 EF56 		.ascii	"\236\326\357V\036\214>\326\301\301@\021\365\230p<\203c\031ca"
 162      1E8C 3ED6 
 162      C1C1 4011 
 162      F598 703C 
 162      8363 1963 
 163 00b9 1E23 24D2 		.ascii	"\036#$\322N}o6\355\224\265\034CF +\0258b\031\262\370b\261\365"
 163      4E7D 6F36 
 163      ED94 B51C 
 163      4346 202B 
 163      1538 6219 
 164 00d2 14EA 308C 		.ascii	"\024\3520\214p\256\372d/=|\3150\303\235\313\373\313:\234\032"
 164      70AE FA64 
 164      2F3D 7CCD 
 164      30C3 9DCB 
 164      FBCB 3A9C 
 165 00e7 0A14 5085 		.ascii	"\n\024P\205\352\347J\342u\f\327N\204\272\327\363u\3706\371\375"
 165      EAE7 4AE2 
 165      750C D74E 
 165      84BA D7F3 
 165      75F8 36F9 
 166 00fc F5C3 7D29 		.ascii	"\365\303})DQ&q\221\220\013'\243w\242-)\3701I]f\271\251O\360\303"
 166      4451 2671 
 166      9190 0B27 
 166      A377 A22D 
 166      29F8 3149 
 167 0117 F62A 1B03 		.ascii	"\366*\033\003\246b\243\261\271\341\226v\365%\255\007\003%U\214"
 167      A662 A3B1 
 167      B9E1 9676 
 167      F525 AD07 
 167      0325 558C 
 168 012b AB1B 2809 		.ascii	"\253\033(\t\300\"\243\335J\376[j\367\204G\270\031I\235H\272\375"
 168      C022 A3DD 
 168      4AFE 5B6A 
 168      F784 47B8 
 168      1949 9D48 
 169 0141 1FA9 5065 		.ascii	"\037\251Pe0\270\365\223\332\301\264i\356\217\271D^\243|\302m"
 169      30B8 F593 
 169      DAC1 B469 
 169      EE8F B944 
 169      5EA3 7CC2 
 170 0156 198E BC9A 		.ascii	"\031\216\274\232\201\004\315u\367\013\233\031\020j0\315w\005"
 170      8104 CD75 
 170      F70B 9B19 
 170      106A 30CD 
 170      7705 
 171 0168 269B 258D 		.ascii	"&\233%\215\224\303\257\253\003F\354\253\304_E\335\036[\202\272"
 171      94C3 AFAB 
 171      0346 ECAB 
 171      C45F 45DD 
 171      1E5B 82BA 
 172 017c 2345 7D85 		.ascii	"#E}\205@y\364\036\345\r\277\370[_\333l|K\033\266\364\214:\342"
 172      4079 F41E 
 172      E50D BFF8 
 172      5B5F DB6C 
 172      7C4B 1BB6 
 173 0194 C176 25AB 		.ascii	"\301v%\253\332$\365\001\376\334\205\227\265{\210\365IaH\312\322"
 173      DA24 F501 
 173      FEDC 8597 
 173      B57B 88F5 
 173      4961 48CA 
 174 01a9 C5E7 F544 		.ascii	"\305\347\365Dl\007X\220\224\016\370\227[\021E\3716\311\267\243"
 174      6C07 5890 
 174      940E F897 
 174      5B11 45F9 
 174      36C9 B7A3 
 175 01bd A4C9 418A 		.ascii	"\244\311A\212\3030\225\327\375\0031\311`\236\265\256VR1\306\305"
 175      C330 95D7 
 175      FD03 31C9 
 175      609E B5AE 
 175      5652 31C6 
 176 01d2 DDB8 F2B6 		.ascii	"\335\270\362\266\020\245A\256\330\002\262\356\233\375r\314~}"
 176      10A5 41AE 
 176      D802 B2EE 
 176      9BFD 72CC 
 176      7E7D 
 177 01e4 3620 5F71 		.ascii	"6 _q$\341~\017$\031\213\310\250\345\3662\367\217J\376\005,!c"
 177      24E1 7E0F 
 177      2419 8BC8 
 177      A8E5 F632 
 177      F78F 4AFE 
 178 01fc BF69 4FC8 		.ascii	"\277iO\310\336C \222|\350l\376\314\251\\\2418\226\315\025\362"
 178      DE43 2092 
 178      7CE8 6CFE 
 178      CCA9 5CA1 
 178      3896 CD15 
 179 0211 F9C2 7876 		.ascii	"\371\302xv\364|1;ynrbl\374\364\321\034\241\370\003{Y\365\230"
 179      F47C 313B 
 179      796E 7262 
 179      6CFC F4D1 
 179      1CA1 F803 
 180               		.text
 181               		.section	.gnu.lto_suspend_wakeup_init_user.4bf405475cd8987b,"",@progbits
 182 0000 789C 6361 		.string	"x\234ca`d"
 182      6064 00
 183 0007 812A 2056 		.string	"\201* V"
 183      00
 184 000c 6269 2066 		.string	"bi fdf`d\232p\216\201\241\221\203\211\221\021\304h\340`d\250gb\254g\374\312\364\227\211\3
 184      6466 6064 
 184      9A70 8E81 
 184      A191 8389 
 184      9111 C468 
 185 004f 953D DAF8 		.string	"\225=\332\370o*/[\013H\231\002D\222q\005#\033\310\272\365A\007\032\376\377onh\370\256\310
 185      6F2A 2F5B 
 185      0B48 9902 
 185      4492 7105 
 185      231B C8BA 
 186 0073 C420 5B3E 		.string	"\304 [>21\201h\346W\214L \225`\303>01\202\304\200*\344Jr\263\343\223\363\213R\365\223\363
 186      3231 8168 
 186      E657 8C4C 
 186      2095 60C3 
 186      3E30 3182 
 187 00aa AB82 3751 		.ascii	"\253\2027Q"
 188               		.text
 189               		.section	.gnu.lto_suspend_wakeup_init_kb.4bf405475cd8987b,"",@progbits
 190 0000 789C 6361 		.string	"x\234ca`d"
 190      6064 00
 191 0007 81E5 40AC 		.string	"\201\345@\254"
 191      00
 192 000c C4D2 40CC 		.string	"\304\322@\314\310\314\300\3104\341\034\003C#\007\023##\210\321\300\301\310P\317\304X\317\
 192      C8CC C0C8 
 192      34E1 1C03 
 192      4323 0713 
 192      2323 88D1 
 193 0037 C183 A3CF 		.string	"\301\203\243\317\022\233\033Z%Z\231\031\030\3763\201Mb`\\\316\250\311"
 193      129B 1B5A 
 193      255A 9919 
 193      18FE 3381 
 193      4D62 605C 
 194 004f 54F6 68E3 		.string	"T\366h\343\277\251\274l- e\n\020I\306\025\214l \353\326\007\035h\370\377\277\271\241\341\
 194      BFA9 BC6C 
 194      2D20 650A 
 194      1049 C615 
 194      8C6C 20EB 
 195 00b2 A071 7225 		.string	"\240qr%\271\331\361\311\371E\251\372\311\371\271\271\371y\372\211eE\372\305\245\305\005\2
 195      B9D9 F1C9 
 195      F945 A9FA 
 195      C9F9 B9B9 
 195      F979 FA89 
 196 00d4 DF2D 4768 		.ascii	"\337-Gh"
 197               		.text
 198               		.section	.gnu.lto_suspend_wakeup_init.4bf405475cd8987b,"",@progbits
 199 0000 789C 758F 		.string	"x\234u\217\277J\003A\020\306gf\327\2734\376\351\005I'i<\342\213\b\276\200\310\231J.'\211\
 199      BF4A 0341 
 199      10C6 6766 
 199      D7BB 34FE 
 199      E905 4927 
 200 0032 E92C C446 		.string	"\351,\304F,D\202E\004-\343:s\332\251\037,\263\354\376\276of, \250\226\245\324\245\316\313
 200      2C44 8245 
 200      042D E33A 
 200      73DA A91F 
 200      2CB3 ECFE 
 201 0075 4F55 1260 		.ascii	"OU\022`\017\033 \330\323\315\347\351tp\240X\375\373\023\373\030"
 201      0F1B 20D8 
 201      D3CD E7E9 
 201      7470 A058 
 201      FDFB 13FB 
 202 008a 68BB ABD5 		.ascii	"h\273\253\325\222\275\317\231O\232\367\213\241\005g\344u,\204"
 202      92BD CF99 
 202      4F9A F78B 
 202      A105 67E4 
 202      752C 84
 203 009d F67A 23D2 		.ascii	"\366z#\322j^0/\357\206\244\036M+\212\327\2070\233\360\021\363"
 203      6A5E 302F 
 203      EF86 A41E 
 203      4D2B 8AD7 
 203      8730 9BF0 
 204 00b3 9C33 E449 		.ascii	"\2343\344I,x\206\231\230\r(\373>\243hn\354/\330z\211\004<\257"
 204      2C78 8699 
 204      980D 28FB 
 204      3EA3 686E 
 204      EC2F D87A 
 205 00cb E029 81ED 		.ascii	"\340)\201\355\337\241\201'Y\003/\204\223\030g\302*\367z\366\337"
 205      DFA1 8127 
 205      5903 2F84 
 205      9318 67C2 
 205      2AF7 7AF6 
 206 00e0 11AC D097 		.ascii	"\021\254\320\227?#\214p\277\274]\251P\325X\346\223-\244\357\302"
 206      3F23 8C70 
 206      BFBC 5DA9 
 206      50D5 58E6 
 206      932D A4EF 
 207 00f5 76B2 B916 		.ascii	"v\262\271\026\247\235V\024\247I\222\266\243\365\335N\324\335"
 207      A79D 5614 
 207      A749 92B6 
 207      A3F5 DD4E 
 207      D4DD 
 208 0107 E96E B5DA 		.ascii	"\351n\265\332\033K1|\001\033\267u\276"
 208      1B4B 317C 
 208      011B B775 
 208      BE
 209               		.text
 210               		.section	.gnu.lto___vector_12.4bf405475cd8987b,"",@progbits
 211 0000 789C 9592 		.ascii	"x\234\225\222\301K\033A\024\306\3377\263\233D\255T\357%\344&"
 211      C14B 1B41 
 211      14C6 DF37 
 211      B39B 44AD 
 211      54EF 25E4 
 212 0015 5E5C 91FE 		.ascii	"^\\\221\376\037\202\375\003\212\244\236$F\324\366\232Y\343\242"
 212      1F82 FD03 
 212      8AA4 9E24 
 212      46D4 F69A 
 212      59E3 A2
 213 0028 9EAA 4873 		.ascii	"\236\252Hsj\361R\321\266\332\324\352% 4\204\202\227\222\024Q"
 213      6AF1 52D1 
 213      B6DA D4EA 
 213      2520 3484 
 213      8297 9214 
 214 003d A408 4544 		.ascii	"\244\bED\203HD\003\212\364\020\343{\263\264\365\320K\007ff\367"
 214      8348 4403 
 214      8AF4 10E3 
 214      7BB3 B4F5 
 214      D04B 0766 
 215 0053 CD7B DFF7 		.ascii	"\315{\337\367~;\353\020HF\237\"J\360\376\230'\\\202\232+\023"
 215      7E3B EB10 
 215      4846 9F22 
 215      4AF0 FE98 
 215      275C 829A 
 216 0069 F931 A59C 		.ascii	"\3711\245\234\2558\231\230\336\365d\205\023\206\035@\036L\f\224"
 216      AD38 9998 
 216      DEF5 6485 
 216      1386 1D40 
 216      1E4C 0C94 
 217 007d 51DA 4106 		.ascii	"Q\332A\006\327\252\241P\232\256\026T\367\262\341q\270t\323bV"
 217      D7AA A150 
 217      9AAE 1654 
 217      F7B2 E171 
 217      B874 D362 
 218 0092 8A08 3451 		.ascii	"\212\b4QSY\013\3022\272\211\323\216\326o_\265G\246$-\021\036"
 218      5359 0BC2 
 218      32BA 89D3 
 218      8ED6 6F5F 
 218      B547 A624 
 219 00a9 6205 11E9 		.ascii	"b\005\021\351#?P4\315f\326\230/\275\347]QM\001;\362\242\\Y\210"
 219      233F 5034 
 219      CD66 D698 
 219      2FBD E75D 
 219      514D 013B 
 220 00c2 2E79 8A6F 		.ascii	".y\212o])\331u\025\223\271\372\305\023\251\316j\315\312\271\240"
 220      5D29 D975 
 220      1593 B9FA 
 220      C513 A9CE 
 220      6ACD CAB9 
 221 00d7 5489 5EA9 		.ascii	"T\211^\251@k\210Q\241P;\210f\032f\306\230\016\216\315r/\022>"
 221      406B 8851 
 221      A150 3B88 
 221      661A 66C6 
 221      980E 8ECD 
 222 00ef FBB6 F7B5 		.ascii	"\373\266\367\265u\021o|c\343\016\3363\300;<\342>>`\021t\002}"
 222      7511 6F7C 
 222      63E3 0EDE 
 222      33C0 3B3C 
 222      E23E 3E60 
 223 0107 4FF2 C7DB 		.ascii	"O\362\307\333Sw\036/}\356\267\270_y @d\264t\213U\314\203S\362"
 223      5377 1E2F 
 223      7DEE B7B8 
 223      5F79 2040 
 223      64B4 748B 
 224 0120 B5C2 AF76 		.ascii	"\265\302\257vq\205um\354\274\016b\277+\276?\344\002\254\261\270"
 224      7185 756D 
 224      ECBC 0E62 
 224      BF2B BE3F 
 224      E402 ACB1 
 225 0135 D196 F423 		.ascii	"\321\226\364#\327\220 h\332\365\3641\374\016\361\222\303*J\271"
 225      D790 2068 
 225      DAF5 F431 
 225      FC0E F192 
 225      C32A 4AB9 
 226 0149 FAD5 4234 		.ascii	"\372\325B4\364v\356\343\270\377\300qg\265\2668\265\251\243r\233"
 226      F476 EEE3 
 226      B8FF C071 
 226      67B5 B638 
 226      B5A9 A372 
 227 015e C5F1 251E 		.ascii	"\305\361%\036\301'\306\311[\234u\301\251\"\233\213\204\242n\250"
 227      C127 C6C9 
 227      5B9C 75C1 
 227      A922 9B8B 
 227      84A2 6EA8 
 228 0172 3BB3 FD73 		.ascii	";\263\375s\017\242\253\320\211\317\234)\326\220\224\377p\331"
 228      0FA2 ABD0 
 228      89CF 9C29 
 228      D690 94FF 
 228      70D9 
 229 0184 F8E3 B2C9 		.ascii	"\370\343\262\311.\254m\251\034{1\177\261@g\230,\036\364\313\233"
 229      2EAC 6DA9 
 229      1C7B 317F 
 229      B140 6798 
 229      2C1E F4CB 
 230 0199 FD09 2E15 		.ascii	"\375\t.\025$\205\277E|\"5\3744\231\036\033\362\222\351T*=\342"
 230      2485 BF45 
 230      7C22 35FC 
 230      3499 1E1B 
 230      F292 E954 
 231 01b0 0DBE 18F3 		.ascii	"\r\276\030\363\306\237\217\217\016\215<\353I\322\035\177,\313"
 231      C69F 8F8F 
 231      0E8D 3CEB 
 231      49D2 1D7F 
 231      2CCB 
 232 01c2 0C        		.ascii	"\f"
 233               		.text
 234               		.section	.gnu.lto_.symbol_nodes.4bf405475cd8987b,"",@progbits
 235 0000 789C 55CF 		.string	"x\234U\317=N\303@\020@\3417^\233\304\261\301!\2244\344\244\263\341\004\\\001\344\023\244\
 235      3D4E C340 
 235      1040 E137 
 235      5E9B C4B1 
 235      C121 9434 
 236 0024 110D 4D42 		.ascii	"\021\rMB \341\037\203w-\020S=\351\233\221v6E\230\n\220<\242p"
 236      20E1 1F83 
 236      772D 1053 
 236      3DE9 9B91 
 236      7636 4598 
 237 003d B620 E4D2 		.ascii	"\266 \344\322\237{\007\331\006\374\b\\\262B\345wx\345\307\355"
 237      9F7B 07D9 
 237      06FC 085C 
 237      B242 E577 
 237      78E5 C7ED 
 238 0051 FA1A 4DAC 		.ascii	"\372\032M\254<\240\316\312\023\232\032\311>\220\223\360\330\026"
 238      3CA0 CECA 
 238      139A 1AC9 
 238      3E90 93F0 
 238      D816 
 239 0063 CDEC EE0E 		.ascii	"\315\354\356\016\335\263\362\214\366\254\274\240}+\257hn\345"
 239      DDB3 F28C 
 239      F6AC BCA0 
 239      7D2B AF68 
 239      6EE5 
 240 0075 0D1D 5879 		.ascii	"\r\035XyG\213?\231\204+&\222\204+\344\023-\343\244\375\246oE"
 240      478B 3F99 
 240      842B 2692 
 240      842B E413 
 240      2DE3 A4FD 
 241 008c 1A74 DFC0 		.ascii	"\032t\337\300\027z`\300\213V\006\276\321\341\177p\251\343\342"
 241      177A 60C0 
 241      8B56 06BE 
 241      D1E1 7F70 
 241      A9E3 E2
 242 009f A611 97A5 		.ascii	"\246\021\227\245,\267\213\266\025\365.\024f\241y\257\233\347"
 242      2CB7 8BB6 
 242      15F5 2E14 
 242      66A1 79AF 
 242      9BE7 
 243 00b1 87CC 63FB 		.ascii	"\207\314c\373,c\207\324\367\327\307\256\030t\363\362\210:v\324"
 243      2C63 87D4 
 243      F7D7 C7AE 
 243      1874 F3F2 
 243      883A 76D4 
 244 00c5 ED95 1577 		.ascii	"\355\225\025w\261\005\247\267\215\360\003g\265s\231"
 244      B105 A7B7 
 244      8DF0 0367 
 244      B573 99
 245               		.text
 246               		.section	.gnu.lto_.refs.4bf405475cd8987b,"",@progbits
 247 0000 789C 6361 		.string	"x\234ca`d\020c`"
 247      6064 1063 
 247      6000 
 248 000a 928C 40C0 		.string	"\222\214@\300\312\300\306\310\314\013d2\360\2610\362\2611"
 248      CAC0 C6C8 
 248      CC0B 6432 
 248      F0B1 30F2 
 248      B131 00
 249 001d 00        		.string	""
 250 001e 0565 00   		.string	"\005e"
 251 0021 66        		.ascii	"f"
 252               		.text
 253               		.section	.gnu.lto_.decls.4bf405475cd8987b,"",@progbits
 254 0000 789C 8D57 		.string	"x\234\215WkTT\327\025\276\347\336\3415\303Ci\242\244\245\211+\256,\355\037\2475\375\221\3
 254      6B54 54D7 
 254      15BE E7DE 
 254      E135 C343 
 254      69A2 A4A5 
 255 003b 5FF8 0244 		.ascii	"_\370\002D\215\304\370\002D\307g\020D\007\204b\020\021\024ET"
 255      8DC4 F802 
 255      44C7 6710 
 255      4407 8462 
 255      1011 1445 
 256 0050 04CB 4BC1 		.ascii	"\004\313K\301\007\212\017D\220\356}\316\271s\357\340\314j\357"
 256      078A 0F44 
 256      90EE 7DCE 
 256      B973 EFE0 
 256      CC6A EF
 257 0063 E2CC B9FB 		.ascii	"\342\314\271\373\234\275\277\375\355}\366=\347\240\023\210\200"
 257      9CBD BFFD 
 257      ED7D F63D 
 257      E7A0 1388 
 257      80
 258 0074 CF93 5841 		.ascii	"\317\223XA\250\026\005\301&\t\3024<10\266\f\032\316V\b\354\231"
 258      A816 05C1 
 258      2609 C234 
 258      3C31 30B6 
 258      0C1A CE56 
 259 008b 0DED 08B4 		.ascii	"\r\355\b\264c\320\252\240\325@\253\205\346\203v\016\332\005h"
 259      63D0 AAA0 
 259      D540 AB85 
 259      E683 760E 
 259      DA05 68
 260 009e ADD0 DAA1 		.ascii	"\255\320\332\241]\201v\023Z7\264~hC\320\356A\033\201\006.\204"
 260      5D81 7613 
 260      5A37 B47E 
 260      6843 D0EE 
 260      411B 8106 
 261 00b4 87D0 1E43 		.ascii	"\207\320\036C{%\004>\210\037\315}\243\337Ih\211\310\003\210|"
 261      7B25 043E 
 261      881F CD7D 
 261      A3DF 4968 
 261      89C8 0388 
 262 00c9 0E7D 24F4 		.ascii	"\016}$\364_\240\016\3641\320F\341=\236\205 \210\334~\016a\274"
 262      5FA0 0EF4 
 262      31D0 46E1 
 262      3D9E 8520 
 262      88DC 7E0E 
 263 00df 1FCE C046 		.ascii	"\037\316\300F\336\341\032\354Dn\253\340\b<\336c\302\233O"
 263      DEE1 1AEC 
 263      446E ABE0 
 263      083C DE63 
 263      C29B 4F
 264 00f2 159F 5BA6 		.string	"\025\237[\246\321\253\n\242W\303\343C\275\271\240\364\243\240r\253\ta\2039\214\232\301K\3
 264      D1AB 0AA2 
 264      57C3 E343 
 264      BDB9 A0F4 
 264      A3A0 72AB 
 265 01f3 F544 3DFE 		.ascii	"\365D=\376\302 \370X\327\271}m\324M\322ED\302w\013\032.\353\b"
 265      C220 F858 
 265      D7B9 7D6D 
 265      D44D D245 
 265      44C2 770B 
 266 020b BE52 91E0 		.ascii	"\276R\221\340+\n\242\300?@\302\206h\343\035W\341\257*\030\375"
 266      2B0A A2C0 
 266      3F40 C286 
 266      68E3 1D57 
 266      E1AF 2A18 
 267 0220 23FC 755A 		.ascii	"#\374uZy(\b\033T\261pH\364'\217Z\321y\021;\325\2240<\034'\234"
 267      7928 081B 
 267      54B1 7048 
 267      F427 8F5A 
 267      D179 113B 
 268 023b 8916 98F1 		.ascii	"\211\026\230\361\326\340\222\300\340\210\222\341\241\211\272"
 268      D6E0 92C0 
 268      E088 92E1 
 268      A189 BA
 269 024a 4C51 5A4C 		.ascii	"LQZL\327a\374~\373aQ'\262\314\220$\035\216\265\\n\330bH(\304"
 269      D761 FC7E 
 269      FB61 5127 
 269      B2CC 9024 
 269      1D8E B55C 
 270 0264 64FA 6479 		.ascii	"d\372dy\036!\313\346\360\254\013\304K\022\340\3670\3211\250\342"
 270      1E21 CBE6 
 270      F0AC 0BC4 
 270      4B12 E0F7 
 270      30D1 31A8 
 271 0279 F3F9 8351 		.ascii	"\363\371\203Q\357\227\312>\257\334\373\2526vg\276,g\202\231\016"
 271      EF97 CA3E 
 271      AFDC FBAA 
 271      3676 67BE 
 271      2C67 8299 
 272 028e F5C8 2135 		.ascii	"\365\310!5\371\360\212]%\271\t\234\216\220\367\301\264v_\216"
 272      F9F0 8A5D 
 272      25B9 099C 
 272      8E90 F7C1 
 272      B476 5F8E 
 273 02a2 47FA 3B25 		.ascii	"G\372;%1U=vO\004\224R\257\354;\321%\312^\200XB!\216\252\020G"
 273      3155 3D76 
 273      4F04 9452 
 273      AFEC 3BD1 
 273      25CA 5E80 
 274 02bd B510 C728 		.ascii	"\265\020\307(\304T\356\321\030\311J!.\336zp0L\312 T\360\356\230"
 274      C454 EED1 
 274      18C9 4A21 
 274      2EDE 7A70 
 274      304C CA20 
 275 02d5 6C8F 84A0 		.ascii	"l\217\204\240\310\tj\003#\303]\r\273cC\204\364#\r)\211G\324T"
 275      C809 6A03 
 275      23C3 5D0D 
 275      BB63 4384 
 275      F423 0D29 
 276 02ed 76B2 221A 		.ascii	"v\262\"\032\270\364BPc\217I\266\354\313\310\200\002E-r\\aCN\022"
 276      B8F4 4250 
 276      638F 49B6 
 276      ECCB C880 
 276      0245 2D72 
 277 0306 1D4A 2AA1 		.ascii	"\035J*\241*J\350\332\265-\205:)'\024\213\346G\305mQ\034{\362"
 277      2A4A E8DA 
 277      B52D 853A 
 277      2927 148B 
 277      E647 C56D 
 278 031e 6D39 7335 		.ascii	"m9s5f\n\201O\371\201\253\001\370\224\026\270\206\002\277\314"
 278      660A 814F 
 278      F981 AB01 
 278      F894 16B8 
 278      8602 BFCC 
 279 0332 C869 3148 		.ascii	"\310i1H;\030\260\374\362\272\213gkk\276\204\fe\205\341i5_\247"
 279      3B18 B0FC 
 279      F2BA 8B67 
 279      6B6B BE84 
 279      0C65 85E1 
 280 034a B528 B514 		.ascii	"\265(\265\024%\257\265{u\230t8\024=_Is\231B\257k\315\273\001"
 280      25AF B57B 
 280      7598 7438 
 280      143D 5F49 
 280      7399 42AF 
 281 0362 A19F F133 		.ascii	"\241\237\3613<\013\f\317h\261}\024\373\325\255\342,I:\033\n\373"
 281      3C0B 0CCF 
 281      68B1 7D14 
 281      FBD5 ADE2 
 281      2C49 3A1B 
 282 0378 E2A3 8D9B 		.ascii	"\342\243\215\233\3438\366\215\013\260\304\245\270\304\210\\\347"
 282      E338 F68D 
 282      0BB0 C4A5 
 282      B8C4 885C 
 282      E7
 283 0389 47AE 07E4 		.ascii	"G\256\007\344:-\3629\212\274a\240\274\310 \2653\344\213\215W"
 283      3A2D F239 
 283      8ABC 61A0 
 283      BCC8 20B5 
 283      33E4 8B8D 
 284 039e 8A23 A461 		.ascii	"\212#\244a*\350v\r\257;\253\207o\237DA[X\"G\222&\022%|K7\013"
 284      2AE8 760D 
 284      AF3B AB87 
 284      6F9F 4441 
 284      5B58 2247 
 285 03ba B974 1EF1 		.ascii	"\271t\036\361o\026?\301f\201S\002\3717\250\237\207\255\242D\316"
 285      6F16 3FC1 
 285      6681 5302 
 285      F937 A89F 
 285      87AD A244 
 286 03cf C53D 0207 		.ascii	"\305=\002\007\367)\233\220\200\"i\244\f\224o\345N\241o{\214\266"
 286      F729 9B90 
 286      8022 69A4 
 286      0C94 6FE5 
 286      4EA1 6F7B 
 287 03e5 7050 45A9 		.ascii	"pPE\251\234\346\200\312\331\347-/\221\370\272\334\272\240T1\350"
 287      9CE6 80CA 
 287      D9E7 2D2F 
 287      91F8 BADC 
 287      BAA0 5431 
 288 03fa 9006 7555 		.ascii	"\220\006uU\032\264\361]\240\361m\356h\332\035#\215\206\312\334"
 288      1AB4 F15D 
 288      A0F1 6DEE 
 288      68DA 1D23 
 288      8D86 CADC 
 289 040e DDEA 179B 		.ascii	"\335\352\027\233\365<s\305\255\332\314\265\3703w\0212\327\242"
 289      F53C 73C5 
 289      ADDA CCB5 
 289      F833 7711 
 289      32D7 A2
 290 0421 456E A5C8 		.ascii	"En\245\310C\337\2176\352\244<1\004ry\335\3532\221#\037\017@\276"
 290      43DF 8F36 
 290      EAA4 3C31 
 290      0472 79DD 
 290      EB32 9123 
 291 0439 E447 6E03 		.ascii	"\344Gn\003\344KZ\344v\212\234\3317u\\\222J\031\362\206\374\321"
 291      E44B 5AE4 
 291      768A 9CD9 
 291      3775 5C92 
 291      4A19 F286 
 292 044f EBE1 3CF0 		.ascii	"\353\341<\360\366\365\201\005yY\r\375\262\026\346\n\205\271t"
 292      F6F5 8105 
 292      7959 0DFD 
 292      B216 E60A 
 292      85B9 74
 293 0462 F2AC 2F52 		.ascii	"\362\254/R:\316`\n\017\325x\r\222\217\t\033\373Z\036\204!\333"
 293      3ACE 600A 
 293      0FD5 780D 
 293      928F 091B 
 293      FB5A 1E84 
 294 0478 AB0A DB83 		.ascii	"\253\n\333\203\365\333\232\rR\023\233\356\031}\3607\234\355\204"
 294      F5DB 9A0D 
 294      5213 9BEE 
 294      197D F037 
 294      9CED 84
 295 048b 5972 8DD0 		.ascii	"Yr\215\320mk\315\221\212ZQja\n\035\305\205U\0045\272P\343:\323"
 295      6D6B CD91 
 295      8A5A 516A 
 295      610A 1DC5 
 295      8555 0435 
 296 04a4 28C8 6C9A 		.ascii	"(\310l\232\324q\2425\237g\313u\031\260\250\214g\207?\342\033"
 296      D471 A235 
 296      9F67 CB75 
 296      19B0 A88C 
 296      6787 3FE2 
 297 04b9 1071 8796 		.ascii	"\020q\207\226\352MJ\265\350\350\353/\244\036\006\276\251p]W\004"
 297      EA4D 4AB5 
 297      E8E8 EB2F 
 297      A41E 06BE 
 297      A970 5D57 
 298 04ce 260E 4E9B 		.ascii	"&\016N\233]"
 298      5D
 299 04d3 45BF BD26 		.string	"E\277\275&\227&\320\335\352\226\032\354-^E\244\233Z?\232|Ve\220\236\213!\367\334\306\313\
 299      9726 D0DD 
 299      EA96 1AEC 
 299      2D5E 45A4 
 299      9B5A 3F9A 
 300 05d4 9646 A29A 		.ascii	"\226F\242\232\017\030\236?\005(\337\207E!\017\311\007`\227Qq"
 300      0F18 9E3F 
 300      0528 DF87 
 300      4521 0FC9 
 300      0760 9751 
 301 05e9 AC53 2715 		.ascii	"\254S'\0250\220\013\315\243\207c\365\271x\214\376\357\373\016"
 301      3090 0BCD 
 301      A387 63F5 
 301      B978 8CFE 
 301      EFFB 0E
 302 05fc 7EE2 1963 		.ascii	"~\342\031c't\340tO\246\334\273\261oI\371d\201\234\2333\213\214"
 302      2774 E074 
 302      4FA6 DCBB 
 302      B16F 49F9 
 302      6481 9C9B 
 303 0613 82DB 4733 		.ascii	"\202\333G3\334>\302X\310c\352\363\311\251\334^\203\324\314|\266"
 303      DC3E C258 
 303      C863 EAF3 
 303      C9A9 DC5E 
 303      83D4 CC7C 
 304 0628 6779 7748 		.ascii	"gywH\020U\274\236\350@||\261\244/\026\304\267\364d\036\210\335"
 304      1055 BC9E 
 304      E840 7C7C 
 304      B1A4 2F16 
 304      C4B7 F464 
 305 063f E7CB 2A70 		.ascii	"\347\313*pv\201\236^E\3424w\271\005,\013e{6\356\016\227\256Q"
 305      7681 9E5E 
 305      45E2 3477 
 305      B905 2C0B 
 305      657B 36EE 
 306 0657 30F1 4C6E 		.ascii	"0\361Ln\307\225H\345\3126*\313\361\020\302S\340;\206\001\277"
 306      C795 48E5 
 306      CA36 2ACB 
 306      F110 C253 
 306      E03B 8601 
 307 066c 8420 16F0 		.ascii	"\204 \026\360 \236\303\3403\365\322v\340-zi\033\007\342/\324"
 307      209E C3E0 
 307      33F5 D276 
 307      E02D 7A69 
 307      1B07 E22F 
 308 0681 FC2F D0B3 		.ascii	"\374/\320\263:\231\270]\265Fdi\371\1770\321bO\227/\214'fzp\311"
 308      3A99 B85D 
 308      B546 6469 
 308      F97F 30D1 
 308      624F 972F 
 309 069b 9EA1 0CB8 		.ascii	"\236\241\f\270\243\0202\001\370Oxb\024\b\001G\340\367\025\246"
 309      A310 3201 
 309      F84F 7862 
 309      1408 0147 
 309      E0F7 15A6 
 310 06af 46EA 187B 		.ascii	"F\352\030{\340%D\017'\n\374\345\362\"V\027B \223\370\341\221"
 310      E025 440F 
 310      270A FCE5 
 310      F222 5617 
 310      4220 93F8 
 311 06c5 2998 7EAD 		.ascii	")\230~\255\034$2\234N8L\205\321\337\321w\374\301\017{\372\205"
 311      1C24 329C 
 311      4E38 4C85 
 311      D1DF D177 
 311      FCC1 0F7B 
 312 06db 2F8E 2557 		.ascii	"/\216%W\004\361\362h\313N\003K\356,\020\257v<\252\227\242\363"
 312      04F1 F268 
 312      CB4E 034B 
 312      EE2C 10AF 
 312      763C AA97 
 313 06f1 3157 6DB2 		.ascii	"1Wm\262\254O\240\365\"\213\211pgFW\031b4\255>\350\261\300Nv\036"
 313      AC4F A0F5 
 313      228B 8970 
 313      6746 5719 
 313      6234 AD3E 
 314 070b 8BD2 534A 		.ascii	"\213\322SJL9^\253\273ZDZFJ\022\221\307k'\242\245q\272(\272\035"
 314      4C39 5EAB 
 314      BB5A 445A 
 314      464A 1291 
 314      C76B 27A2 
 315 0725 5B9B B619 		.ascii	"[\233\266\031\310B\026\223^s\340}+\352\t\334\005\225\003\217"
 315      C842 1693 
 315      5E73 E07D 
 315      2BEA 09DC 
 315      0595 038F 
 316 0739 F1FF 170E 		.ascii	"\361\377\027\016\013x\234b\037d\207\311\022\027\322)\201\344"
 316      0B78 9C62 
 316      1F64 87C9 
 316      1217 D229 
 316      81E4 
 317 074b 80FB 6C91 		.ascii	"\200\373l\221:|6\3255\025\021_\300\331-!\024[\245\227+\306+$"
 317      3A7C 36D5 
 317      3515 115F 
 317      C0D9 2D21 
 317      145B A597 
 318 0763 A980 5F4F 		.ascii	"\251\200_O\367\231\274\320\361\344)\361L\263\005\255\177\342"
 318      F799 BCD0 
 318      F1E4 29F1 
 318      4CB3 05AD 
 318      7FE2 
 319 0775 DD1F CD12 		.ascii	"\335\037\315\022)\201\3700k\240\227'2\001\017\321\306\306B\302"
 319      2981 F830 
 319      6BA0 9727 
 319      3201 0FD1 
 319      C6C6 42C2 
 320 0789 BCF7 FABD 		.ascii	"\274\367\372\275\257\001\260|\021\301\326R\357y\314\373Z\352"
 320      AF01 B07C 
 320      11C1 D652 
 320      EF79 CCFB 
 320      5AEA 
 321 079b BDA6 77EF 		.ascii	"\275\246w\357\365(m\352G\003R\277\216\247~\035M}\377\253\312"
 321      F528 6DEA 
 321      4703 52BF 
 321      8EA7 7E1D 
 321      4D7D FFAB 
 322 07b0 EA58 E63C 		.ascii	"\352X\346<\034\357\256\231\375\257\303B2\337\2400_\3172\3634"
 322      1CEF AE99 
 322      FDAF C342 
 322      32DF A030 
 322      5FCF 32F3 
 323 07c5 3FFB 05FF 		.ascii	"?\373\005\377\276\"@<0\270c"
 323      BE22 403C 
 323      30B8 63
 324 07d0 7D34 63FE 		.ascii	"}4c\376\021\210\247\367v\364s\346\005~\346\033\001\254\2002\337"
 324      1188 A7F7 
 324      76F4 73E6 
 324      057E E61B 
 324      01AC 8032 
 325 07e5 4499 6F60 		.ascii	"D\231o`\3147Q\346\305\323\217o\213\322\024\373xO\214\037\350"
 325      CC37 51E6 
 325      C5D3 8F6F 
 325      8BD2 14FB 
 325      784F 8C1F 
 326 07fa 8133 3E8C 		.ascii	"\2013>\214\n\225?=\253\214\306So\213\310O\315\312s\315=:~A\177"
 326      0A95 3F3D 
 326      AB8C C653 
 326      6F8B C84F 
 326      CDCA 73CD 
 327 0813 31FC 8FA9 		.ascii	"1\374\217\251\203\031x/)\375\023\241;\335fQ9\365\266\212:\224"
 327      8319 782F 
 327      29FD 13A1 
 327      3BDD 6651 
 327      39F5 B68A 
 328 0829 D453 AF50 		.ascii	"\324S\257P\304\r\257\270"
 328      C40D AFB8 
 329 0831 AC3A 57D4 		.string	"\254:W\324&\t\255\324H\213x\222\212h\222\306\307G.\306j\225\275\001\312\305\\\271\230*O\f
 329      2609 ADD4 
 329      488B 7892 
 329      8A68 92C6 
 329      C747 2EC6 
 330 0932 7AF6 14AB 		.string	"z\366\024\253\333\352\260\207\231>q8l3\247\255v\253\233\362\230\023l\"5\351gA\206\r&\323J
 330      DBEA B087 
 330      993E 7138 
 330      6C33 A7AD 
 330      76AB 9BF2 
 331 09b1 CE35 77E6 		.ascii	"\3165w\346*\240\n:I\266Y\314N\277\356;o,V2\246\005\361\323S\334"
 331      2AA0 0A3A 
 331      49B6 59CC 
 331      4EBF EE3B 
 331      6F2C 5632 
 332 09cb 26B7 35CD 		.ascii	"&\2675\315\342\360\270\343\226~\371\211\3513\313Jk\262\345K\267"
 332      E2F0 B8E3 
 332      967E F989 
 332      E933 CB4A 
 332      6BB2 E54B 
 333 09e0 D96D F915 		.ascii	"\331m\371\025\326\201\315\363O\263\361\317K\377\360{\343gN\353"
 333      D681 CDF3 
 333      4FB3 F1CF 
 333      4BFF F07B 
 333      E367 4EEB 
 334 09f4 4A8B D365 		.ascii	"J\213\323e\004-\343\247\210\005/\1775\273R\021\005\021\234\340"
 334      042D E3A7 
 334      8805 2F7F 
 334      35BB 5211 
 334      0511 9CE0 
 335 0a08 C163 7747 		.ascii	"\301cwGb)}\270\330\344N\230\351\224*\201\266.y\271\331I\035\247"
 335      6229 7DB8 
 335      D8E4 4E98 
 335      E994 2A81 
 335      B62E 79B9 
 336 0a20 585D 66C8 		.ascii	"X]f\310\324l\223\311lK7\257rA\212mV\273\305dz/h\035\342;\230"
 336      D46C 93C9 
 336      6C4B 37AF 
 336      7241 8A6D 
 336      56BB C564 
 337 0a3b 01C4 7F01 		.ascii	"\001\304\177\001\345\342\275\304"
 337      E5E2 BDC4 
 338               		.text
 339               		.section	.gnu.lto_.symtab.4bf405475cd8987b,"",@progbits
 340 0000 7375 7370 		.string	"suspend_idle"
 340      656E 645F 
 340      6964 6C65 
 340      00
 341 000d 00        		.string	""
 342 000e 00        		.string	""
 343 000f 00        		.string	""
 344 0010 00        		.string	""
 345 0011 00        		.string	""
 346 0012 00        		.string	""
 347 0013 00        		.string	""
 348 0014 00        		.string	""
 349 0015 00        		.string	""
 350 0016 00        		.string	""
 351 0017 00        		.string	""
 352 0018 B300      		.string	"\263"
 353 001a 00        		.string	""
 354 001b 00        		.string	""
 355 001c 7375 7370 		.string	"suspend_power_down_user"
 355      656E 645F 
 355      706F 7765 
 355      725F 646F 
 355      776E 5F75 
 356 0034 00        		.string	""
 357 0035 01        		.ascii	"\001"
 358 0036 00        		.string	""
 359 0037 00        		.string	""
 360 0038 00        		.string	""
 361 0039 00        		.string	""
 362 003a 00        		.string	""
 363 003b 00        		.string	""
 364 003c 00        		.string	""
 365 003d 00        		.string	""
 366 003e 00        		.string	""
 367 003f B800      		.string	"\270"
 368 0041 00        		.string	""
 369 0042 00        		.string	""
 370 0043 7375 7370 		.string	"suspend_power_down_kb"
 370      656E 645F 
 370      706F 7765 
 370      725F 646F 
 370      776E 5F6B 
 371 0059 00        		.string	""
 372 005a 01        		.ascii	"\001"
 373 005b 00        		.string	""
 374 005c 00        		.string	""
 375 005d 00        		.string	""
 376 005e 00        		.string	""
 377 005f 00        		.string	""
 378 0060 00        		.string	""
 379 0061 00        		.string	""
 380 0062 00        		.string	""
 381 0063 00        		.string	""
 382 0064 BB00      		.string	"\273"
 383 0066 00        		.string	""
 384 0067 00        		.string	""
 385 0068 7375 7370 		.string	"suspend_power_down"
 385      656E 645F 
 385      706F 7765 
 385      725F 646F 
 385      776E 00
 386 007b 00        		.string	""
 387 007c 00        		.string	""
 388 007d 00        		.string	""
 389 007e 00        		.string	""
 390 007f 00        		.string	""
 391 0080 00        		.string	""
 392 0081 00        		.string	""
 393 0082 00        		.string	""
 394 0083 00        		.string	""
 395 0084 00        		.string	""
 396 0085 00        		.string	""
 397 0086 BD00      		.string	"\275"
 398 0088 00        		.string	""
 399 0089 00        		.string	""
 400 008a 6D61 7472 		.string	"matrix_power_up"
 400      6978 5F70 
 400      6F77 6572 
 400      5F75 7000 
 401 009a 00        		.string	""
 402 009b 01        		.ascii	"\001"
 403 009c 00        		.string	""
 404 009d 00        		.string	""
 405 009e 00        		.string	""
 406 009f 00        		.string	""
 407 00a0 00        		.string	""
 408 00a1 00        		.string	""
 409 00a2 00        		.string	""
 410 00a3 00        		.string	""
 411 00a4 00        		.string	""
 412 00a5 C000      		.string	"\300"
 413 00a7 00        		.string	""
 414 00a8 00        		.string	""
 415 00a9 6D61 7472 		.string	"matrix_power_down"
 415      6978 5F70 
 415      6F77 6572 
 415      5F64 6F77 
 415      6E00 
 416 00bb 00        		.string	""
 417 00bc 01        		.ascii	"\001"
 418 00bd 00        		.string	""
 419 00be 00        		.string	""
 420 00bf 00        		.string	""
 421 00c0 00        		.string	""
 422 00c1 00        		.string	""
 423 00c2 00        		.string	""
 424 00c3 00        		.string	""
 425 00c4 00        		.string	""
 426 00c5 00        		.string	""
 427 00c6 C300      		.string	"\303"
 428 00c8 00        		.string	""
 429 00c9 00        		.string	""
 430 00ca 7375 7370 		.string	"suspend_wakeup_condition"
 430      656E 645F 
 430      7761 6B65 
 430      7570 5F63 
 430      6F6E 6469 
 431 00e3 00        		.string	""
 432 00e4 00        		.string	""
 433 00e5 00        		.string	""
 434 00e6 00        		.string	""
 435 00e7 00        		.string	""
 436 00e8 00        		.string	""
 437 00e9 00        		.string	""
 438 00ea 00        		.string	""
 439 00eb 00        		.string	""
 440 00ec 00        		.string	""
 441 00ed 00        		.string	""
 442 00ee CB00      		.string	"\313"
 443 00f0 00        		.string	""
 444 00f1 00        		.string	""
 445 00f2 7375 7370 		.string	"suspend_wakeup_init_user"
 445      656E 645F 
 445      7761 6B65 
 445      7570 5F69 
 445      6E69 745F 
 446 010b 00        		.string	""
 447 010c 01        		.ascii	"\001"
 448 010d 00        		.string	""
 449 010e 00        		.string	""
 450 010f 00        		.string	""
 451 0110 00        		.string	""
 452 0111 00        		.string	""
 453 0112 00        		.string	""
 454 0113 00        		.string	""
 455 0114 00        		.string	""
 456 0115 00        		.string	""
 457 0116 CE00      		.string	"\316"
 458 0118 00        		.string	""
 459 0119 00        		.string	""
 460 011a 7375 7370 		.string	"suspend_wakeup_init_kb"
 460      656E 645F 
 460      7761 6B65 
 460      7570 5F69 
 460      6E69 745F 
 461 0131 00        		.string	""
 462 0132 01        		.ascii	"\001"
 463 0133 00        		.string	""
 464 0134 00        		.string	""
 465 0135 00        		.string	""
 466 0136 00        		.string	""
 467 0137 00        		.string	""
 468 0138 00        		.string	""
 469 0139 00        		.string	""
 470 013a 00        		.string	""
 471 013b 00        		.string	""
 472 013c D100      		.string	"\321"
 473 013e 00        		.string	""
 474 013f 00        		.string	""
 475 0140 7375 7370 		.string	"suspend_wakeup_init"
 475      656E 645F 
 475      7761 6B65 
 475      7570 5F69 
 475      6E69 7400 
 476 0154 00        		.string	""
 477 0155 00        		.string	""
 478 0156 00        		.string	""
 479 0157 00        		.string	""
 480 0158 00        		.string	""
 481 0159 00        		.string	""
 482 015a 00        		.string	""
 483 015b 00        		.string	""
 484 015c 00        		.string	""
 485 015d 00        		.string	""
 486 015e 00        		.string	""
 487 015f D300      		.string	"\323"
 488 0161 00        		.string	""
 489 0162 00        		.string	""
 490 0163 5F5F 7665 		.string	"__vector_12"
 490      6374 6F72 
 490      5F31 3200 
 491 016f 00        		.string	""
 492 0170 00        		.string	""
 493 0171 00        		.string	""
 494 0172 00        		.string	""
 495 0173 00        		.string	""
 496 0174 00        		.string	""
 497 0175 00        		.string	""
 498 0176 00        		.string	""
 499 0177 00        		.string	""
 500 0178 00        		.string	""
 501 0179 00        		.string	""
 502 017a DB00      		.string	"\333"
 503 017c 00        		.string	""
 504 017d 00        		.string	""
 505 017e 5553 425F 		.string	"USB_DeviceState"
 505      4465 7669 
 505      6365 5374 
 505      6174 6500 
 506 018e 00        		.string	""
 507 018f 02        		.ascii	"\002"
 508 0190 00        		.string	""
 509 0191 00        		.string	""
 510 0192 00        		.string	""
 511 0193 00        		.string	""
 512 0194 00        		.string	""
 513 0195 00        		.string	""
 514 0196 00        		.string	""
 515 0197 00        		.string	""
 516 0198 00        		.string	""
 517 0199 F100      		.string	"\361"
 518 019b 00        		.string	""
 519 019c 00        		.string	""
 520 019d 7469 6D65 		.string	"timer_count"
 520      725F 636F 
 520      756E 7400 
 521 01a9 00        		.string	""
 522 01aa 02        		.ascii	"\002"
 523 01ab 00        		.string	""
 524 01ac 00        		.string	""
 525 01ad 00        		.string	""
 526 01ae 00        		.string	""
 527 01af 00        		.string	""
 528 01b0 00        		.string	""
 529 01b1 00        		.string	""
 530 01b2 00        		.string	""
 531 01b3 00        		.string	""
 532 01b4 FB00      		.string	"\373"
 533 01b6 00        		.string	""
 534 01b7 00        		.string	""
 535 01b8 6C65 645F 		.string	"led_set"
 535      7365 7400 
 536 01c0 00        		.string	""
 537 01c1 02        		.ascii	"\002"
 538 01c2 00        		.string	""
 539 01c3 00        		.string	""
 540 01c4 00        		.string	""
 541 01c5 00        		.string	""
 542 01c6 00        		.string	""
 543 01c7 00        		.string	""
 544 01c8 00        		.string	""
 545 01c9 00        		.string	""
 546 01ca 00        		.string	""
 547 01cb DD00      		.string	"\335"
 548 01cd 00        		.string	""
 549 01ce 00        		.string	""
 550 01cf 6D61 7472 		.string	"matrix_get_row"
 550      6978 5F67 
 550      6574 5F72 
 550      6F77 00
 551 01de 00        		.string	""
 552 01df 02        		.ascii	"\002"
 553 01e0 00        		.string	""
 554 01e1 00        		.string	""
 555 01e2 00        		.string	""
 556 01e3 00        		.string	""
 557 01e4 00        		.string	""
 558 01e5 00        		.string	""
 559 01e6 00        		.string	""
 560 01e7 00        		.string	""
 561 01e8 00        		.string	""
 562 01e9 E400      		.string	"\344"
 563 01eb 00        		.string	""
 564 01ec 00        		.string	""
 565 01ed 6D61 7472 		.string	"matrix_scan"
 565      6978 5F73 
 565      6361 6E00 
 566 01f9 00        		.string	""
 567 01fa 02        		.ascii	"\002"
 568 01fb 00        		.string	""
 569 01fc 00        		.string	""
 570 01fd 00        		.string	""
 571 01fe 00        		.string	""
 572 01ff 00        		.string	""
 573 0200 00        		.string	""
 574 0201 00        		.string	""
 575 0202 00        		.string	""
 576 0203 00        		.string	""
 577 0204 E700      		.string	"\347"
 578 0206 00        		.string	""
 579 0207 00        		.string	""
 580 0208 686F 7374 		.string	"host_keyboard_leds"
 580      5F6B 6579 
 580      626F 6172 
 580      645F 6C65 
 580      6473 00
 581 021b 00        		.string	""
 582 021c 02        		.ascii	"\002"
 583 021d 00        		.string	""
 584 021e 00        		.string	""
 585 021f 00        		.string	""
 586 0220 00        		.string	""
 587 0221 00        		.string	""
 588 0222 00        		.string	""
 589 0223 00        		.string	""
 590 0224 00        		.string	""
 591 0225 00        		.string	""
 592 0226 E900      		.string	"\351"
 593 0228 00        		.string	""
 594 0229 00        		.string	""
 595 022a 636C 6561 		.string	"clear_keyboard"
 595      725F 6B65 
 595      7962 6F61 
 595      7264 00
 596 0239 00        		.string	""
 597 023a 02        		.ascii	"\002"
 598 023b 00        		.string	""
 599 023c 00        		.string	""
 600 023d 00        		.string	""
 601 023e 00        		.string	""
 602 023f 00        		.string	""
 603 0240 00        		.string	""
 604 0241 00        		.string	""
 605 0242 00        		.string	""
 606 0243 00        		.string	""
 607 0244 EB00      		.string	"\353"
 608 0246 00        		.string	""
 609 0247 00        		.string	""
 610               		.text
 611               		.section	.gnu.lto_.opts,"",@progbits
 612 0000 272D 666D 		.ascii	"'-fmath-errno' '-fsigned-zeros' '-ftrapping-math' '-fno-trap"
 612      6174 682D 
 612      6572 726E 
 612      6F27 2027 
 612      2D66 7369 
 613 003c 7627 2027 		.ascii	"v' '-fno"
 613      2D66 6E6F 
 614 0044 2D6F 7065 		.string	"-openmp' '-fno-openacc' '-mn-flash=1' '-mno-skip-bug' '-mmcu=avr5' '-gdwarf-2' '-Os' '-We
 614      6E6D 7027 
 614      2027 2D66 
 614      6E6F 2D6F 
 614      7065 6E61 
 615               		.text
 616               		.comm	__gnu_lto_v1,1,1
 617               		.comm	__gnu_lto_slim,1,1
 618               		.ident	"GCC: (GNU) 5.4.0"
DEFINED SYMBOLS
                            *ABS*:0000000000000000 suspend.c
     /tmp/ccwLGecO.s:2      *ABS*:000000000000003e __SP_H__
     /tmp/ccwLGecO.s:3      *ABS*:000000000000003d __SP_L__
     /tmp/ccwLGecO.s:4      *ABS*:000000000000003f __SREG__
     /tmp/ccwLGecO.s:5      *ABS*:0000000000000000 __tmp_reg__
     /tmp/ccwLGecO.s:6      *ABS*:0000000000000001 __zero_reg__
                            *COM*:0000000000000001 __gnu_lto_v1
                            *COM*:0000000000000001 __gnu_lto_slim

NO UNDEFINED SYMBOLS
