   1               		.file	"timer.c"
   2               	__SP_H__ = 0x3e
   3               	__SP_L__ = 0x3d
   4               	__SREG__ = 0x3f
   5               	__tmp_reg__ = 0
   6               	__zero_reg__ = 1
   7               		.text
   8               	.Ltext0:
   9               		.section	.gnu.lto_.profile.5fe407b21d6c1f06,"",@progbits
  10 0000 789C 6361 		.string	"x\234ca`d`a`"
  10      6064 6061 
  10      6000 
  11 000a 9236 A600 		.string	"\2226\246"
  12 000e 0117 00   		.string	"\001\027"
  13 0011 7C        		.ascii	"|"
  14               		.text
  15               		.section	.gnu.lto_.icf.5fe407b21d6c1f06,"",@progbits
  16 0000 789C 6361 		.string	"x\234ca`d"
  16      6064 00
  17 0007 016D 0604 		.string	"\001m\006\004`g\270<mR\0233\343\331\275\313\277p3/}\270\240\213\215\345\365\312_\235<\254
  17      6067 B83C 
  17      6D52 1333 
  17      E3D9 BDCB 
  17      BF70 332F 
  18 003a 00        		.string	""
  19 003b C434 152A 		.ascii	"\3044\025*"
  20               		.text
  21               		.section	.gnu.lto_.jmpfuncs.5fe407b21d6c1f06,"",@progbits
  22 0000 789C 6361 		.string	"x\234ca`d"
  22      6064 00
  23 0007 0169 0604 		.string	"\001i\006\004`\007b\240(3\003\003\013\003\003+##c=\033#\023c=H\030"
  23      6007 62A0 
  23      2833 0303 
  23      0B03 032B 
  23      2323 633D 
  24 0023 0ED2 0147 		.ascii	"\016\322\001G"
  25               		.text
  26               		.section	.gnu.lto_.inline.5fe407b21d6c1f06,"",@progbits
  27 0000 789C 6361 		.string	"x\234ca`d"
  27      6064 00
  28 0007 811E 0604 		.string	"\201\036\006\004`\007\"6F\006&\216\003v\fl\013\344\231@b\214\f\\\372@!\276\216c\254p1f,b,
  28      6007 2236 
  28      4606 268E 
  28      0376 0C6C 
  28      0BE4 9940 
  29 0040 AD66 E29A 		.string	"\255f\342\232\340\007\027b"
  29      E007 1762 
  29      00
  30 0049 00        		.string	""
  31 004a CE85 110A 		.ascii	"\316\205\021\n"
  32               		.text
  33               		.section	.gnu.lto_.pureconst.5fe407b21d6c1f06,"",@progbits
  34 0000 789C 6361 		.string	"x\234ca`d\020a```g\220b\334\305\310\274\213\221e\027#\353.F\266]\214\354R"
  34      6064 1061 
  34      6060 6067 
  34      9062 DCC5 
  34      C8BC 8B91 
  35 0020 2A3C 0416 		.ascii	"*<\004\026"
  36               		.text
  37               		.section	.gnu.lto_timer_init.5fe407b21d6c1f06,"",@progbits
  38 0000 789C 5591 		.ascii	"x\234U\221\317KTQ\024\307\317\367\336\032g\232\372\003\242\007"
  38      CF4B 5451 
  38      14C7 CFF7 
  38      DE1A 679A 
  38      FA03 A207 
  39 0014 B911 72E3 		.ascii	"\271\021r\343\004\255\333\372\007\364\017\210\f\263\220\232&"
  39      04AD DBFA 
  39      07F4 0F88 
  39      0CB3 909A 
  39      26
  40 0025 5ED6 D6FB 		.ascii	"^\326\326\373t\206H\372\241\206Fh\315\302\322q\246\322i*\021"
  40      7486 48FA 
  40      A186 4668 
  40      CDC2 D271 
  40      A6D2 692A 
  41 003a 845E C30C 		.ascii	"\204^\303\f\266\210\202\2126R\f.\\H\344\210Z"
  41      B688 828A 
  41      3652 0C2E 
  41      5C48 E488 
  41      5A
  42 004b 20EA 74CE 		.string	" \352t\316{\323\223\271p\271\347r\316\371|\277\367\334c\004\222uZ\021\235\343\363\foh\202
  42      7BD3 93B9 
  42      70B9 E772 
  42      CEF9 7CBF 
  42      F7DC 6304 
  43 014c 5964 6460 		.ascii	"Ydd`r\241\0320\234\341M\323d\254\bc\346\351\337\017\307[\030"
  43      72A1 1A30 
  43      9CE1 4DD3 
  43      64AC 0863 
  43      E6E9 DF0F 
  44 0163 AF02 46C9 		.ascii	"\257\002F\311\267\365cuo4\342\333\332\003^\377\177\370\021\363"
  44      B7F5 6375 
  44      6F34 E2DB 
  44      DA03 5EFF 
  44      7FF8 11F3 
  45 0177 DBE2 AF9C 		.ascii	"\333\342\257\234\366\231\277\205y\360\345\336\317\223-\3147\001"
  45      F699 BF85 
  45      79F0 E5DE 
  45      CF93 2DCC 
  45      3701 
  46 0189 F3AD F892 		.ascii	"\363\255\370\222\267m\360x'\273\205\340\375W\235\247\306S\347"
  46      B76D F078 
  46      27BB 85E0 
  46      FD57 9DA7 
  46      C653 E7
  47 019c 3FB0 FA93 		.ascii	"?\260\372\223\227{\342);\021\213\247\222\311\324\325X\357M;\326"
  47      977B E229 
  47      3B11 8BA7 
  47      92C9 D4D5 
  47      58EF 4D3B 
  48 01b1 DF97 4CD8 		.ascii	"\337\227L\330]q\212\\\263\023\327\343\275W\022\366?-g\313!"
  48      5D71 8A5C 
  48      B313 D7E3 
  48      BD57 12F6 
  48      3F2D 67CB 
  49               		.text
  50               		.section	.gnu.lto_timer_clear.5fe407b21d6c1f06,"",@progbits
  51 0000 789C 8553 		.string	"x\234\205S]l\223U\030>\3179_\277v\355&\273\364\242\211\020\263\013\026CM\324\205K/\214&\3
  51      5D6C 9355 
  51      183E CF39 
  51      5FBF 76ED 
  51      26BB F4A2 
  52 00f8 95E1 238B 		.string	"\225\341#\213^\325e"
  52      5ED5 6500 
  53 0100 8BA3 C3A3 		.ascii	"\213\243\303\243-\035cZ\347t\2714'\363\272\234\335ZP\300\347"
  53      2D1D 635A 
  53      E774 B934 
  53      27F3 BA9C 
  53      DD5A 50C0 
  54 0115 5094 154F 		.ascii	"P\224\025O\005\361d\020S0-\340(:\310\345"
  54      05F1 6410 
  54      5330 2DE0 
  54      283A C8E5 
  55 0125 DEF2 607F 		.string	"\336\362`\177\233z\326\270\277\223\373\361\354\026\327]\017h\r\327y\272\311\331\355\352\0
  55      9B7A D6B8 
  55      BF93 FBF1 
  55      EC16 D75D 
  55      0F68 0DD7 
  56 0226 10E0 6B76 		.string	"\020\340kv\245\202,A\202V\004m7\023\353S\020?!\177U\271\304s\334\351\265\322\337m\354\346
  56      A582 2C41 
  56      8256 046D 
  56      3713 EB53 
  56      103F 217F 
  57 0282 526A 41B5 		.string	"RjA\265\030!\314\360\345\274\200\2140\005\022l\266\376Wy\013\247\364\203\357\312\362\315\
  57      1821 CCF0 
  57      E5BC 808C 
  57      3005 126C 
  57      B6FE 5779 
  58 0327 6CC2 0276 		.ascii	"l\302\002v\336\017`\370%\224\370\025\271\362\031\333\275n\202"
  58      DE0F 60F8 
  58      2594 F815 
  58      B9F2 19DB 
  58      BD6E 82
  59 033a 6F29 6876 		.ascii	"o)hv\2244\230\216\357q\302\211d$\024N\304\343\211\236P\367\276"
  59      9434 988E 
  59      EF71 C289 
  59      6424 144E 
  59      C4E3 899E 
  60 0351 6428 1D8D 		.ascii	"d(\035\215G\222;\302\302\3578\321]\221T\232\314\001\307\t\307"
  60      4792 3BC2 
  60      C2EF 38D1 
  60      5D91 549A 
  60      CC01 C709 
  61 0366 22DD 3DBD 		.ascii	"\"\335=\275{\035\247%\225\214\274\346\244\272\367El\307y9\361"
  61      7B1D A725 
  61      958C BCE6 
  61      A4BA F745 
  61      6CC7 7939 
  62 037b 5CE2 F150 		.ascii	"\\\342\361Po*\031\212E_1\336\321\236p\254\367\325H\2507\035\215"
  62      6F2A 198A 
  62      455F 31DE 
  62      D19E 70AC 
  62      F7D5 48A8 
  63 0392 85BA D389 		.ascii	"\205\272\323\211x4\274c\267\260\302\261\250\360\306#\361D\362"
  63      7834 BC63 
  63      B7B0 C2B1 
  63      A8F0 C623 
  63      F144 F2
  64 03a5 0DA1 1C27 		.ascii	"\r\241\034'\005\361\017\233\372\276["
  64      05F1 0F9B 
  64      FABE 5B
  65               		.text
  66               		.section	.gnu.lto_timer_read.5fe407b21d6c1f06,"",@progbits
  67 0000 789C 8554 		.ascii	"x\234\205T[L\\E\030\236\177\346\354"
  67      5B4C 5C45 
  67      189E 7FE6 
  67      EC
  68 000d 397B 81C2 		.string	"9{\201\302\243\017\233\b1<\264\251]\023\255\341\331\0305\276\331\370\340\333\t\256\033\33
  68      A30F 9B08 
  68      313C B4A9 
  68      5D13 ADE1 
  68      D918 35BE 
  69 010e 227F A390 		.string	"\"\177\243\220\0319/\217<\374\274\322\314H\0345p\f\352(:\006=\016&vF\320\n:\345:\357\254\
  69      1939 2F8F 
  69      3CFC BCD2 
  69      CC48 1C35 
  69      700C EA28 
  70 01a7 A36A B8DA 		.ascii	"\243j\270\3323\0246\262\207\263\t\264n\251]\027#\002\330*>\310"
  70      3314 36B2 
  70      87B3 09B4 
  70      6EA9 5D17 
  70      2302 D82A 
  71 01bd EF1A E7F8 		.ascii	"\357\032\347\370\022\277\301\304\375\366\273\335\356\355\335"
  71      12BF C1C4 
  71      FDF6 BBDD 
  71      EEED DD
  72 01cc C2B3 84A5 		.ascii	"\302\263\204\245\232\205!O\201\231\026DMGv\342\212E\3248T\312"
  72      9A85 214F 
  72      8199 1644 
  72      4D47 76E2 
  72      8A45 D438 
  73 01e2 5DF9 43BB 		.ascii	"]\371C\273\265u\235\314\237{r\013F\016\216$3\220\025&\344\221"
  73      B575 9DCC 
  73      9F7B 720B 
  73      460E 8E24 
  73      3390 1526 
  74 01f8 8E71 A203 		.ascii	"\216q\242\003\276\203\034\260e\340\004D\330\b\306~\207\344\362"
  74      BE83 1CB0 
  74      65E0 0444 
  74      D808 C67E 
  74      87E4 F2
  75 020b 68F3 DE7F 		.ascii	"h\363\336\177G.\264-\202\nW\342\260\235B\006\247U2\337\253\231"
  75      472E B42D 
  75      820A 57E2 
  75      B09D 4206 
  75      A755 32DF 
  76 0221 8571 BBFF 		.ascii	"\205q\273\377\314\371[\025\265\321\234\354\302^Yt\240x|t\301"
  76      CCF9 5B15 
  76      B5D1 9CEC 
  76      C25E 5974 
  76      A078 7C74 
  77 0236 A328 FC01 		.ascii	"\243(\374\001jq>\203\355\336\nL\005\341X\343\202\241\320\251"
  77      6A71 3E83 
  77      EDDE 0A4C 
  77      05E1 58E3 
  77      82A1 D0A9 
  78 024a F68E 1B4F 		.ascii	"\366\216\033O\353\332\254\362\332\234*t>\277r\325J< *\252q\255"
  78      EBDA ACF2 
  78      DA9C 2A74 
  78      3EBF 72D5 
  78      4A3C 202A 
  79 0261 4D68 51AD 		.ascii	"MhQ\255d\226\347<T\243L\322\272\013\n\220\200\263\252\312s\345"
  79      6496 E73C 
  79      54A3 4CD2 
  79      BA0B 0A90 
  79      80B3 AACA 
  80 0277 551E A32A 		.ascii	"U\036\243*-4S\322\263\025\275<\210\201uN(\255\256\341\275\302"
  80      2D34 53D2 
  80      B315 BD3C 
  80      8881 754E 
  80      28AD AEE1 
  81 028d 9B26 D0B5 		.ascii	"\233&\320\265Z1\230F\236\264\241@\200\335\200\314U\241\023\245"
  81      5A31 9846 
  81      9EB4 A140 
  81      80DD 80CC 
  81      55A1 13A5 
  82 02a1 AB36 B492 		.ascii	"\2536\264\222\377\273\2220\334\210q^\353\275\b\220\026&\307\311"
  82      FFBB 9230 
  82      DC88 715E 
  82      EBBD 0890 
  82      1626 C7C9 
  83 02b5 12E3 9EA2 		.ascii	"\022\343\236\242\272\222'ZfF\334:\026\300\217\340\345oPDA\021"
  83      BA92 275A 
  83      6646 DC3A 
  83      16C0 8FE0 
  83      E56F 5044 
  84 02cb 1D44 FE66 		.ascii	"\035D\376f\252\3509\260~a\301\275\253_1p\370\325\354QgVx6\357"
  84      AAE8 39B0 
  84      7E61 C1BD 
  84      AB5F 3170 
  84      F8D5 EC51 
  85 02e4 3A4C C22E 		.ascii	":L\302.\364\370l\343\217\347\261\031\344\200\322\316\212\n%\221"
  85      F4F8 6CE3 
  85      8FE7 B119 
  85      E480 D2CE 
  85      8A0A 2591 
  86 02f8 53F4 4399 		.ascii	"S\364C\231\202\204N\027\335\376\234\3348\310\305\007\252\201"
  86      8284 4E17 
  86      DDFE 9CDC 
  86      38C8 C507 
  86      AA81 
  87 030a D7DB      		.ascii	"\327\333"
  88 030c 7BA7 4DAD 		.string	"{\247M\255\347\245\261\346\227\222}I9,\t\031\246\265\246\037\377\b0\314\005\204\303P\fY\2
  88      E7A5 B1E6 
  88      9792 7D49 
  88      392C 0919 
  88      A6B5 A61F 
  89 040d 13B6 1D03 		.ascii	"\023\266\035\003\366\017\3069\355'"
  89      F60F C639 
  89      ED27 
  90               		.text
  91               		.section	.gnu.lto_timer_read32.5fe407b21d6c1f06,"",@progbits
  92 0000 789C 8554 		.string	"x\234\205T_L\233U\024\277\347\336\257\337WZ\376=\372\320D\210\341a\313\\Mt\206gc\324\354\
  92      5F4C 9B55 
  92      14BF E7DE 
  92      AFDF 575A 
  92      FE3D FAD0 
  93 0092 BA97 4E60 		.string	"\272\227N`q.\f\007\304\271\301\364\272\315\357r\370&5yRl\362\264``\240\270\261p\342f=\211
  93      712E 0C07 
  93      C4B9 C1F4 
  93      BACD EF72 
  93      F826 3579 
  94 00b5 4D28 0E16 		.ascii	"M(\016\026\2062\306\256\021)\223re\355\367\347J2\375PZpV\346"
  94      8632 C6AE 
  94      1129 9372 
  94      65ED F7E7 
  94      4A32 FD50 
  95 00cd 0C46 C103 		.ascii	"\fF\301\003#\340\241t>\200]\f\225\267r\005\351\024\017\003\235"
  95      23E0 A174 
  95      3E80 5D0C 
  95      95B7 7205 
  95      E914 0F03 
  96 00e2 BF9F 7867 		.ascii	"\277\237xg_\3130\331\345\217v7t\313|\242\t\r\341C\020\017\332"
  96      5FCB 30D9 
  96      E58F 7637 
  96      74CB 7CA2 
  96      090D E143 
  97 00f9 3252 5E9D 		.ascii	"2R^\235\272w\254\316LI\\M0\006-\344\037\335\216\203\211\265\013"
  97      BA77 ACCE 
  97      4C49 5C4D 
  97      3006 2DE4 
  97      1FDD 8E83 
  98 0110 BA41 A56C 		.ascii	"\272A\245l\377o\233\206hV\336\257\224z\312\365\006*\301G \224"
  98      FF6F 9B86 
  98      6856 DEAF 
  98      947A CAF5 
  98      062A C147 
  99 0126 8BBE 9B77 		.ascii	"\213\276\233w\222\246\330\243^\323'\022\013\265\370\n\023 \340"
  99      92A6 D8A3 
  99      5ED3 2712 
  99      0BB5 F80A 
  99      1320 E0
 100 0139 3418 4A61 		.ascii	"4\030Ja\256\377\324\202%Z\225\302\302P\377PM%\273cE\236\322\331"
 100      AEFF D482 
 100      255A 95C2 
 100      C250 FF50 
 100      4D25 BB63 
 101 0151 0998 D2D9 		.ascii	"\t\230\322\331=\356\201\307<0\t\252O0\255\242\337[\312t\325\211"
 101      3DEE 81C7 
 101      3C30 09AA 
 101      4F30 ADA2 
 101      DF5B CA74 
 102 0167 A794 F9D1 		.ascii	"\247\224\371\321\344\017\347\032\264\271\354\221\022\264\361"
 102      E40F E71A 
 102      B4B9 EC91 
 102      12B4 F1
 103 0176 992A 6355 		.ascii	"\231*cU\030|\f-\023\007\362\262\\\356\224\371\2629?\373\207\323"
 103      187C 0C2D 
 103      1307 F2B2 
 103      5CEE 94F9 
 103      B239 3FFB 
 104 018c 0D8C AAE1 		.ascii	"\r\214\252\341\352\315P\276\021\037\334M\240{K\2752v\013+C\360"
 104      EACD 50BE 
 104      111F DC4D 
 104      A07B 4BBD 
 104      3276 0B2B 
 105 01a2 3638 C78F 		.ascii	"68\307\217\370\021\346\356\364~w\322\265\263QhFnT\2370\332\f"
 105      F811 E6EE 
 105      F47E 77D2 
 105      B5B3 5168 
 105      466E 549F 
 106 01b9 989D 8220 		.ascii	"\230\235\202 \354K\317]\265\bBCe;\220;\262GK\327I\374v(\273l"
 106      EC4B CF5D 
 106      B508 4243 
 106      653B 903B 
 106      B247 4BD7 
 107 01d3 6461 3091 		.ascii	"da0\221\202\264p\300'\210\304YB\002f!\013l\02589\"\337\350\214"
 107      82B4 70C0 
 107      2788 C459 
 107      4202 6621 
 107      0B6C 1538 
 108 01ec FD04 89D5 		.ascii	"\375\004\211\325\351\256}\017F\316g\326@\205+s\330\211\036\203"
 108      E9AE 7D0F 
 108      46CE 67D6 
 108      4085 2B73 
 108      D889 1E83 
 109 0200 9C4A E653 		.ascii	"\234J\346S\265\263\020>\217\236\277\270V\333\034\311\312\001"
 109      B5B3 103E 
 109      8F9E BFB8 
 109      56DB 1CC9 
 109      CA01 
 110 0212 6C93 4906 		.ascii	"l\223I\006\245\323\323\313n\205\3369h\306\3753\354\364v`*\b\327"
 110      A5D3 D3CB 
 110      6E85 DE39 
 110      68C6 FD33 
 110      ECF4 7660 
 111 0229 0617 0C59 		.ascii	"\006\027\fYL\265\367\335xT\327fU\327f\251\320\271\334\3725+~"
 111      4CB5 F7DD 
 111      7854 D766 
 111      55D7 66A9 
 111      D0B9 DCFA 
 112 0240 9750 68C4 		.ascii	"\227Ph\304\273\214\320|ZO\255.\272\251F\231\240{'\234\2078|\256"
 112      BB8C D07C 
 112      5A4F AD2E 
 112      BAA9 4699 
 112      A07B 279C 
 113 0258 AAFC A2BA 		.ascii	"\252\374\242\272\3121\252\322B1)\335\333\321\253\203\b\2543\257"
 113      CA31 AAD2 
 113      4231 29DD 
 113      DBD1 AB83 
 113      08AC 33AF 
 114 026c 68BA 8143 		.ascii	"h\272\201C\203c$P\265Q\201\327\211S\240\005\345\004\330\rH]\023"
 114      8363 2450 
 114      B551 81D7 
 114      8953 A005 
 114      E504 D80D 
 115 0283 3A51 1AAB 		.ascii	":Q\032\253\211\365\334\337u\344\243\006}\\\320T/\001t\n\223\343"
 115      89F5 DCDF 
 115      75E4 A306 
 115      7D5C D054 
 115      2F01 740A 
 116 0299 6689 5977 		.ascii	"f\211Yw\tHo\246{~\312\245c\001\314\201\207\277H\021\005Et\020"
 116      0948 6FA6 
 116      7B7E CAA5 
 116      6301 CC81 
 116      87BF 4811 
 117 02b1 F895 5451 		.ascii	"\370\225TQsl\363\362\262k\367\250B\340\275\375\351S\316\264p"
 117      736C F3F2 
 117      B26B F7A8 
 117      42E0 BDFD 
 117      E953 CEB4 
 118 02c6 5506 192E 		.ascii	"U\006\031.\302n\324xw\353\347'\261\031\244\200\254N\013\267\242"
 118      C26E D478 
 118      77EB E727 
 118      B119 A480 
 118      AC4E 0BB7 
 119 02db C80C FD5B 		.ascii	"\310\f\375[|\tq\235.\252\025\312\177\345\033\364\304S\006K\267"
 119      7C09 719D 
 119      2EAA 15CA 
 119      7FE5 1BF4 
 119      C453 064B 
 120 02f0 E607 DD7A 		.ascii	"\346\007\335z\342\033Q\374\265\260u\230\2137T{\257\367\016\027"
 120      E21B 51FC 
 120      B5B0 7598 
 120      8B37 547B 
 120      AFF7 0E17 
 121 0304 4D4D F495 		.ascii	"MM\364\2253]\317$F\022rRR\\(j\262_B\366\024*s\f\2271\030&\302"
 121      335D CF24 
 121      4612 7252 
 121      525C 286A 
 121      B25F 42F6 
 122 0321 10B3 A5DE 		.ascii	"\020\263\245\336?\007\236\330\301\232\303k\317\223J\2059\374"
 122      3F07 9ED8 
 122      C19A C36B 
 122      CF93 4A85 
 122      39FC 
 123 0333 BFCC F94A 		.ascii	"\277\314\371Jq\346kU\354\277,U\bV\363\364\n\"x\237\233\227\212"
 123      71E6 6B55 
 123      ECBF 2C55 
 123      0856 F3F4 
 123      0A22 789F 
 124 034a 4016 C4B5 		.ascii	"@\026\304\2657\377\207k\363\212k\013\212k\311\306JS\307\307\307"
 124      37FF 876B 
 124      F38A 6B0B 
 124      8A6B C9C6 
 124      4A53 C7C7 
 125 035f 325C 3775 		.ascii	"2\\7u\345\375\341\232\024uUlwuQu\365\370J\376mG\353Y\331\003"
 125      E5FD E19A 
 125      1475 556C 
 125      7775 5175 
 125      F5F8 4AFE 
 126 0379 F404 57A1 		.ascii	"\364\004W\241\365\276\003\325_\324b\277@2\177\274\273\236&\221"
 126      F5BE 03D5 
 126      5FD4 62BF 
 126      4032 7FBC 
 126      BB9E 2691 
 127 038d B8C0 6884 		.ascii	"\270\300h\204\001\341\303\270\236X\350U\333\027\216\370\275\276"
 127      01E1 C3B8 
 127      9E58 E855 
 127      DB17 8EF8 
 127      BDBE 
 128 039f 7028 146E 		.ascii	"p(\024n\367\266\035\212xc\201\220?\262\327\307 \346\262\355\300"
 128      F7B6 1D8A 
 128      7863 8190 
 128      3FB2 D7C7 
 128      20E6 B2ED 
 129 03b4 017F 3486 		.ascii	"\001\1774\206\nn\333\366\005\375m\355\035\257\331vM4\342\177"
 129      0A6E DBF6 
 129      05FD 6DED 
 129      1DAF D976 
 129      4D34 E27F 
 130 03c8 D98E B61D 		.ascii	"\331\216\266\035\362\233\266\375B\370\351\360#\336\216h\304\033"
 130      F29B B6FD 
 130      42F8 E9F0 
 130      23DE 8E68 
 130      C41B 
 131 03da 0CBC A4EC 		.ascii	"\f\274\244\354\003\355\276`\307A\277\267#\026\bz\333b\341P\300"
 131      03ED BE60 
 131      C741 BFB7 
 131      2316 087A 
 131      DB62 E150 
 132 03ef B7F7 1566 		.ascii	"\267\367\025f\370\202\001f\205\374\241p\344u&l;\n\354\0371m\347"
 132      F882 0166 
 132      85FC A170 
 132      E475 266C 
 132      3B0A EC1F 
 133 0406 22        		.ascii	"\""
 134               		.text
 135               		.section	.gnu.lto_timer_elapsed.5fe407b21d6c1f06,"",@progbits
 136 0000 789C 8554 		.string	"x\234\205TML\\U\024\276\347\3367\357\315\017\177\033\023\027\223H\243\330\264\261\235\032
 136      4D4C 5C55 
 136      14BE E7DE 
 136      37EF CD0F 
 136      7F1B 1317 
 137 0094 685D 3A81 		.string	"h]:\201%\270\320\034\220\340\032\263\257\277\370}\016#\371{\271\322\025\236\021\b\211\346
 137      25B8 D01C 
 137      90E0 1AB3 
 137      AFBF F87D 
 137      0E23 F97B 
 138 00e3 86DF D68F 		.string	"\206\337\326\217\235\307\034\333;)N\016<&\005\006\301W \n\343\b\007z`;\271OY\375G\204]\20
 138      9DC7 1CDB 
 138      3B29 4E0E 
 138      3C26 0506 
 138      C157 200A 
 139 015f 0805 D134 		.string	"\b\005\3214\277\226\322\305\263j7s89Q\204\273p\022\004\234"
 139      BF96 D2C5 
 139      B36A 3773 
 139      3839 5184 
 139      BB70 1204 
 140 0175 4D39 0C37 		.ascii	"M9\f7\037\2350\304\213\312a\242\275\271\335\265Q\335\320\030"
 140      1F9D 30C4 
 140      8BCA 61A2 
 140      BDB9 DDB5 
 140      51DD D018 
 141 0189 B7EC EA34 		.ascii	"\267\354\35248eW\367\234\027\366x\341\033P\363\207\323*\373\203"
 141      3865 57F7 
 141      9C17 F678 
 141      E11B 50F3 
 141      87D3 2AFB 
 142 019e E986 DA62 		.ascii	"\351\206\332b\261O\205\177\224\372\371l\251\035.\353\245\004"
 142      B14F 857F 
 142      94FA F96C 
 142      A91D 2EEB 
 142      A504 
 143 01b0 3BF8 4C41 		.ascii	";\370LA\260j\f\006\241\242o\177N\346\363i\231;c\3742\270\346"
 143      B06A 0C06 
 143      A1A2 6F7F 
 143      4EE6 F369 
 143      993B 63FC 
 144 01c7 2C01 46DD 		.ascii	",\001F\335p\265\247)l\344\035\237:\320\272\241v]8r\207\033h\346"
 144      70B5 A729 
 144      6CE4 1D9F 
 144      3AD0 BAA1 
 144      765D 3872 
 145 01df 1E35 7DB6 		.ascii	"\0365}\266\2107\212d\211s|\211;0\274\326\270\332\352\336:8\204"
 145      8837 8A64 
 145      8973 7C89 
 145      3B30 BCD6 
 145      B8DA EADE 
 146 01f6 2158 3537 		.ascii	"!X57\314\236\005=-\210\245\246\314\360U\203X\322U\365-\331C\317"
 146      CC9E 053D 
 146      2D88 A5A6 
 146      CCF0 5583 
 146      58D2 55F5 
 147 020e D8D6 4D32 		.ascii	"\330\326M2\257\267\267\315hm\320\232\264 #\f8\213\314|K\314\300"
 147      AFB7 B7CD 
 147      686D D09A 
 147      B420 230C 
 147      388B CC7C 
 148 0225 3968 0336 		.ascii	"9h\0036\007\234\200\b\033\301\330\257\220\234;W\273\367\321\314"
 148      079C 8008 
 148      1BC1 D8AF 
 148      909C 3B57 
 148      BBF7 D1CC 
 149 0239 B986 BBA0 		.ascii	"\271\206\273\240\322\3459le\223\301\220*\346\274z\262(nw\237"
 149      D2E5 396C 
 149      6593 C190 
 149      2AE6 BC7A 
 149      B228 6E77 
 150 024e BF78 BB68 		.ascii	"\277x\273h\333\373m\262\005\307\346\244\200\345\343'f<\212\315"
 150      DBFB 6DB2 
 150      05C7 E6A4 
 150      80E5 E327 
 150      663C 8ACD 
 151 0262 EF60 1B3E 		.ascii	"\357`\033>s8\371\315\304\324\020^K\\0<-\324{\323\255]voFao.\225"
 151      7338 F9CD 
 151      C4D4 105E 
 151      4B5C 303C 
 151      2DD4 7BD3 
 152 027f 3A9B 5DB8 		.ascii	":\233]\270a$\356\023+e\270\326 l}-Xs\223\036\352Q&i\335\r\303"
 152      6124 EE13 
 152      2B65 B8D6 
 152      206C 7D2D 
 152      5873 931E 
 153 029a 9080 0BAA 		.ascii	"\220\200\013\252\313\213\205]\366Q\227\006\232)\351\331\314^"
 153      CB8B 855D 
 153      F651 9706 
 153      9A29 E9D9 
 153      CC5E 
 154 02ac 9844 C33E 		.ascii	"\230D\303>\277W\262]\302\303\211\307U\240k\231\"3\215<\331\206"
 154      BF57 B25D 
 154      C2C3 89C7 
 154      55A0 6B99 
 154      2233 8D3C 
 155 02c2 0201 760B 		.ascii	"\002\001v\013\254\033\302.\224\316k\337B\366\357b\302\360 \306"
 155      AC1B C22E 
 155      94CE 6BDF 
 155      42F6 EF62 
 155      C2F0 20C6 
 156 02d6 882D FD65 		.ascii	"\210-\375e\200\264\3209>\f1\350YV\347\372T\335\370\200\333\316"
 156      80B4 D039 
 156      3E0C 31E8 
 156      5956 E7FA 
 156      54DD F880 
 157 02ec 0530 0A5E 		.ascii	"\0050\n^\376\006e\024\224\321A\344o\224\212\236=+\227f\334;\273"
 157      FE06 6514 
 157      94D1 41E4 
 157      6F94 8A9E 
 157      3D2B 9766 
 158 0303 1503 5FBC 		.ascii	"\025\003_\274\2329\352\314\210\242\215\037\006\214\301N\364\370"
 158      9A39 EACC 
 158      88A2 8D1F 
 158      068C C14E 
 158      F4F8 
 159 0315 74FD B717 		.ascii	"t\375\267\027p\030\344\200*\317\210b%\221,\375\225.A\302.\027"
 159      7018 E480 
 159      2ACF 8862 
 159      2591 2CFD 
 159      952E 41C2 
 160 032b DDFE 1859 		.ascii	"\335\376\030Y?\310EB\r\360fc\307\230nK{v\250\366\345dWR\366K"
 160      3FC8 4542 
 160      0DF0 6663 
 160      C798 6E4B 
 160      7B76 A8F6 
 161 0345 4286 1F1E 		.ascii	"B\206\037\036\375+\2504\227\021\016S1de\272q\265\345\371-\272"
 161      FD2B A834 
 161      9711 0E53 
 161      3164 65BA 
 161      71B5 E5F9 
 162 035b 3878 F735 		.ascii	"8x\3675r\331\320\006\377\2576\256(U\214\253v\376\325\241\342"
 162      72D9 D006 
 162      FFAF 36AE 
 162      2855 8CAB 
 162      76FE D5A1 
 163 0370 A850 8913 		.ascii	"\250P\211\023\310\321C\365\215\216\001E\220\232\322\360?r\232"
 163      C8D1 43F5 
 163      8D8E 0145 
 163      909A D2F0 
 163      3F72 9A
 164 0383 5472 BAAA 		.ascii	"Tr\272\252\344\224*\333\230[ooO\003\267\3476\333\331\341\262"
 164      E494 2ADB 
 164      985B 6F6F 
 164      4F03 B7E7 
 164      36DB D9E1 
 165 0398 6870 9B7F 		.ascii	"hp\233\177Z\270\246\006\367\371l\356cG\345iY\017\264\005SP\371"
 165      5AB8 A606 
 165      F7F9 6CEE 
 165      6347 E569 
 165      590F B405 
 166 03af 1040 8DF0 		.ascii	"\020@\215\360\232\3529\265\\7\372e%\235\266\264p\021\345w \335"
 166      9AEA 39B5 
 166      5C37 FA65 
 166      259D B6B4 
 166      7011 E577 
 167 03c5 A2DB B647 		.ascii	"\242\333\266G-\271\331\357H\227\275@\360\213x@,\003+\363\306"
 167      2DB9 D9EF 
 167      4897 BD40 
 167      F08B 7840 
 167      2C03 2BF3 
 168 03da C3EF 9AFE 		.ascii	"\303\357\232\376H4\340\363G\302\341H\265\257\352@\324\027\017"
 168      4834 E0F3 
 168      47C2 E148 
 168      B5AF EA40 
 168      D417 0F
 169 03ed 8603 D1DD 		.ascii	"\206\003\321\335~\246\205\252bq\210\273M3\270?\020\213\243\227"
 169      7EA6 85AA 
 169      6271 88BB 
 169      4D33 B83F 
 169      108B A397 
 170 0401 C734 FDA1 		.ascii	"\3074\375\241@Uu\315{\246\351\212E\003o\233\261\252\003\001\335"
 170      4055 75CD 
 170      7BA6 E98A 
 170      4503 6F9B 
 170      B1AA 0301 
 171 0416 345F 8FBC 		.ascii	"4_\217\274\024y\322W\023\213\372B\3017\025H\260\332\037\252y"
 171      1479 D257 
 171      138B FA42 
 171      C137 1548 
 171      B0DA 1FAA 
 172 042b 2BE0 AB89 		.ascii	"+\340\253\211\007C\276\252x$\034\364\357~\207i\376P\220\031\341"
 172      0743 BEAA 
 172      7824 1CF4 
 172      EF7E 8769 
 172      FE50 9019 
 173 0440 4038 12FD 		.ascii	"@8\022\375\200\t\323\214\001\373\007\220\273\007u"
 173      8009 D38C 
 173      01FB 0790 
 173      BB07 75
 174               		.text
 175               		.section	.gnu.lto_timer_elapsed32.5fe407b21d6c1f06,"",@progbits
 176 0000 789C 8554 		.string	"x\234\205T]l\223U\030>\3579_\373\365gc\273\364\242\306\021\235\004\242\024\243\230\335xg\
 176      5D6C 9355 
 176      183E EF39 
 176      5FFB F567 
 176      63BB F4A2 
 177 0093 B42F 1DC0 		.string	"\264/\035\300\342\\\0306\210s\203\351q\217\257s\270\221\032<,VyZ00P\\\316\037Z\330B\"@\02
 177      E25C 1836 
 177      8873 83E9 
 177      718F AF73 
 177      B891 1A3C 
 178 0147 A15C B42D 		.ascii	"\241\\\264-<h\260\213\027\324i\372P\"_\206\2470\004\002\006\301"
 178      3C68 B08B 
 178      17D4 69FA 
 178      5022 5F86 
 178      A730 0402 
 179 015d 500A 63ED 		.ascii	"P\nc\355G\362\246xE)\344\273\332\273\234\305\354\356M\360\224"
 179      47F2 A678 
 179      4529 E4BB 
 179      DABB 9CC5 
 179      ECEE 4DF0 
 180 0172 CE4E C037 		.ascii	"\316N\3007:\273\027=\260\313\003'A!\f\337\252\350\017\247[\032"
 180      3ABB 173D 
 180      B0CB 0327 
 180      4121 0CDF 
 180      AAE8 0FA7 
 181 0188 CBC5 1E65 		.ascii	"\313\305\036e~\260\341\3473\025\332\\6K\t\332x\270\304X\025\006"
 181      7EB0 E1E7 
 181      3315 DA5C 
 181      364B 09DA 
 181      78B8 C458 
 182 019e A7A0 7A60 		.ascii	"\247\240z`oN\026\nI\231\2335\177\035)8\312\201Q5\\\235\031\312"
 182      6F4E 160A 
 182      4999 9B35 
 182      7F1D 2938 
 182      CA81 5135 
 183 01b6 3776 1667 		.ascii	"7v\026g;\320\276"
 183      3BD0 BE
 184 01bd A94E 9D40 		.string	"\251N\235@\200\272\024\264l\t?d\3002\347\370\023wa\354A\353\217\031\327f\314\320\003yT\22
 184      80BA 14B4 
 184      6C09 3F64 
 184      C032 E7F8 
 184      1377 61EC 
 185 02be 2485 9DE3 		.string	"$\205\235\343d\212\021\367\n\220\336p\323\344\220K\307\002\370\036<\374m\212((\242\215\23
 185      648A 11F7 
 185      0A90 DE70 
 185      D3E4 904B 
 185      C702 F81E 
 186 02f3 C661 076A 		.ascii	"\306a\007j|\276\366\333\313\b\006) \301\323\302\255(r\232\236"
 186      7CBE F6DB 
 186      CB08 0629 
 186      20C1 D3C2 
 186      AD28 729A 
 187 0308 9C4B 10D7 		.ascii	"\234K\020\327\351\242\332x\341\257\\\205~6(\203\351\245\311N"
 187      E9A2 DA78 
 187      E1AF 5C85 
 187      7E36 2883 
 187      E9A5 C94E 
 188 031c B77E 362A 		.ascii	"\267~6*Q\374c|m?\027q\005\357lk\367\204]s~\356l\343k\211\236"
 188      51FC 637C 
 188      6D3F 1771 
 188      05EF 6C6B 
 188      F784 5D73 
 189 0337 841C 9414 		.ascii	"\204\034\224\024\027~\320\274\277\214\354\231(^i\270\202\301"
 189      177E D0BC 
 189      BF8C EC99 
 189      285E 69B8 
 189      82C1 
 190 0349 3011 863D 		.ascii	"0\021\206=\233n\275\337\361\322&\326\354_\177\223T\212\314\341"
 190      9B6E BDDF 
 190      F1D2 26D6 
 190      EC5F 7F93 
 190      548A CCE1 
 191 035d FF65 CE55 		.ascii	"\377e\316U\305\231IU\354\277,U\035,\345i\036;\370\210\233\227"
 191      C599 4955 
 191      ECBF 2C55 
 191      1D2C E569 
 191      1E3B F888 
 192 0373 2680 2C88 		.ascii	"&\200,\210kI\370\037\262M)\262]Sdk\250,\242\332\337\337\327\302"
 192      6B49 F81F 
 192      B24D 29B2 
 192      5D53 646B 
 192      A82C A2DA 
 193 038b 35AA 7347 		.ascii	"5\252sG\273\235)\202Ul\300z]\301\372\345\\\356S[\315)\331\ft"
 193      BB9D 2982 
 193      556C C07A 
 193      5DC1 FAE5 
 193      5CEE 535B 
 194 03a4 0437 A0E6 		.ascii	"\0047\240\346\221\003\005\360uUs\262\243\361n\246\206\356bR\270"
 194      9103 05F0 
 194      7555 73B2 
 194      A3F1 6EA6 
 194      86EE 6252 
 195 03b9 9010 49E1 		.ascii	"\220\020I\341d\277c\363\364\006\271[\302\353\22221\023O,\364"
 195      64BF 63F3 
 195      F406 B95B 
 195      C2EB 9232 
 195      3113 4F2C 
 196 03ce 81E5 0B47 		.ascii	"\201\345\013G\374^_8\024\n\327yk\367E\274\261@\310\037\331\351"
 196      FC5E 5F38 
 196      140A D779 
 196      6BF7 45BC 
 196      B140 C81F 
 197 03e4 6346 B036 		.ascii	"cF\2606\032\203\230\313\262\002{\375\321\030j\271-\313\027\364"
 197      1A83 98CB 
 197      B202 7BFD 
 197      D118 6AB9 
 197      2DCB 17F4 
 198 03f8 D7D6 D57F 		.ascii	"\327\326\325\177hY\316h\304\377\236\025\255\335\347\267[\326"
 198      6859 CE68 
 198      C4FF 9E15 
 198      ADDD E7B7 
 198      5BD6 
 199 040a 5BE1 57C3 		.ascii	"[\341W\303O{\353\243\021o0\360\216r\022\250\363\005\353\337\365"
 199      4F7B EBA3 
 199      116F 30F0 
 199      8E72 12A8 
 199      F305 EBDF 
 200 041f 7BEB 6381 		.ascii	"{\353c\201\240\2676\026\016\005|;\337g\206/\030`f\310\037\nG"
 200      A0B7 3616 
 200      0E05 7C3B 
 200      DF67 862F 
 200      1860 66C8 
 201 0436 3E66 C2B2 		.ascii	">f\302\262\242\300\376\001N\r\002\315"
 201      A2C0 FE01 
 201      4E0D 02CD 
 202               		.text
 203               		.section	.gnu.lto___vector_21.5fe407b21d6c1f06,"",@progbits
 204 0000 789C 9590 		.string	"x\234\225\220\277J\003A\020\306\347\333\325$*\202\275A\264L\343\225>\201/\340\013\210\034
 204      BF4A 0341 
 204      10C6 E7DB 
 204      D524 2A82 
 204      BD41 B44C 
 205 0038 1B4D 7185 		.ascii	"\033Mq\205\244\210\240e<gr`\357\300\356,\263\337~\277\231] \220"
 205      A488 A065 
 205      3C67 7260 
 205      EFC0 EE2C 
 205      B3DF 7EBF 
 206 0050 C42E A70D 		.ascii	"\304.\247\r\316\353\274\240\t\352|D\024T\024 \007S\001\371\n"
 206      CEEB BCA0 
 206      09EA 7C44 
 206      1454 1420 
 206      0753 01F9 
 207 0065 3EBE D54C 		.ascii	">\276\325L!mg\211\252u\r\307\333\365\325\222\351\r\021i\242\\"
 207      216D 6789 
 207      AA75 0DC7 
 207      DBF5 D592 
 207      E90D 1169 
 208 007b CD9D 085D 		.ascii	"\315\235\b]\324\210e\343\376\317\305j\251%\262\315\342\022=\224"
 208      D488 65E3 
 208      FECF C56A 
 208      A925 B2CD 
 208      E212 3D94 
 209 008f 04F7 B437 		.ascii	"\004\367\26474y\036\0323\330\302\242\242H3\2217\242)\253\204"
 209      3479 1E1A 
 209      33D8 C2A2 
 209      A248 3391 
 209      37A2 29AB 
 210 00a4 F7A9 9464 		.ascii	"\367\251\224d\235!\215\337w\344Y\250\205\034G\351K\371KEZA\b"
 210      9D21 8DDF 
 210      77E4 59A8 
 210      851C 47E9 
 210      4BF9 4B45 
 211 00bb 4932 792D 		.ascii	"I2y-\3733sj\314\032\327\316\270\t)OZ\343\321J\007\227\201\t\244"
 211      FB33 736A 
 211      CC1A D7CE 
 211      B809 294F 
 211      5AE3 D14A 
 212 00d4 AE71 CB9D 		.ascii	"\256q\313\235\337\240\312\r\334\241\003\312\020\306\245\302T"
 212      DFA0 CA0D 
 212      DCA1 03CA 
 212      10C6 A5C2 
 212      54
 213 00e5 17BE 83F6 		.ascii	"\027\276\203\366s\177Y|5\200{V\n\030\"\371\007\345\341\217\362"
 213      737F 597C 
 213      3580 7B56 
 213      0A18 22F9 
 213      07E5 E18F 
 214 00fa C814 F6A6 		.ascii	"\310\024\366\246\017\234\030-.\363\177\231r\323<\024\217Xm:G"
 214      0F9C 182D 
 214      2EF3 7F99 
 214      72D3 3C14 
 214      8F58 6D3A 
 215 010f FBB6 EBD5 		.ascii	"\373\266\353\325-\333u\034\267a\035\034{V\363\320\251{\3336\375"
 215      2DDB 751C 
 215      B761 1D1C 
 215      7B56 F3D0 
 215      A97B DB36 
 216 0124 0279 D977 		.ascii	"\002y\331wY"
 216      59
 217               		.text
 218               		.section	.gnu.lto_.symbol_nodes.5fe407b21d6c1f06,"",@progbits
 219 0000 789C 6361 		.string	"x\234ca`dhd"
 219      6064 6864 
 219      00
 220 0009 0226 B67A 		.string	"\002&\266z\006\206\t\347\030\030\200\324\256\006E\240"
 220      0686 09E7 
 220      1818 80D4 
 220      AE06 45A0 
 220      00
 221 001a 7B3D 238A 		.string	"{=#\212"
 221      00
 222 001f 2B2B 43AB 		.string	"++C\253\020H%G=\023\252J\316zfT\001\256z\026T\001\356zVT\001\236z6\270@#P\200\001"
 222      1048 2547 
 222      3D13 AA4A 
 222      CE7A 6654 
 222      01AE 7A16 
 223 0044 0189 1B8C 		.ascii	"\001\211\033\214"
 224               		.text
 225               		.section	.gnu.lto_.refs.5fe407b21d6c1f06,"",@progbits
 226 0000 789C 15C9 		.string	"x\234\025\311\301\001"
 226      C101 00
 227 0007 2008 03B1 		.string	" \b\003\261k\001\335\303\375\207\264|\362I#\036 \311\243\"\3642\313\t\2768W|\013H"
 227      6B01 DDC3 
 227      FD87 B47C 
 227      F249 231E 
 227      20C9 A322 
 228 0026 76        		.ascii	"v"
 229               		.text
 230               		.section	.gnu.lto_.decls.5fe407b21d6c1f06,"",@progbits
 231 0000 789C A556 		.ascii	"x\234\245VkL\024W\024\2363\263\262\354\302.\r1\215?\266\215\261"
 231      6B4C 1457 
 231      149E 33B3 
 231      B2EC C22E 
 231      0D31 8D3F 
 232 0017 31F0 CBAD 		.ascii	"1\360\313\255\3204\372\253Ml\323\306\03751\251\375\271Y\227M"
 232      D034 FAAB 
 232      4D6C D3C6 
 232      1F35 31A9 
 232      FDB9 5997 
 233 002c DD74 01B3 		.ascii	"\335t\001\263,\246\375\345X\nRTD\232\322\242(\250 P@QA@^\013"
 233      2CA6 FDE5 
 233      580A 5254 
 233      449A D2A2 
 233      28A8 2050 
 234 0046 F210 84CA 		.ascii	"\362\020\204\312S\344\245\253<\345!\253!\305\372(=\367\336\031"
 234      53E4 A5AB 
 234      3CE5 21AB 
 234      21C5 FA28 
 234      3DF7 DE19 
 235 005a 66B6 91A0 		.ascii	"f\266\221\240\351\2043s\357\271\347|\367;\337}\260\032\0168\362"
 235      E984 3373 
 235      EFB9 E77C 
 235      F73B DF7D 
 235      B01A 0E38 
 236 006f F4EA 38CE 		.ascii	"\364\3528\316\214\315,\236\343\226\361\tD\337\036Ny\264hEh%h"
 236      8CCD 2C9E 
 236      E396 F109 
 236      44DF 1E4E 
 236      79B4 6845 
 237 0086 1568 0D68 		.ascii	"\025h\rh\315hm$\027\215\240\334\341\374\037\022\257"
 237      CD68 6D24 
 237      178D A0DC 
 237      E1FC 1F12 
 237      AF
 238 0097 9170 86D0 		.string	"\221p\206\320F\321F\2441\220\306\377\373\020\374\340\327\344L\241M\243\365\243\231\320f\3
 238      46D1 46A4 
 238      3190 C6FF 
 238      FB10 FCE0 
 238      D7E4 4CA1 
 239 0198 010A 610B 		.ascii	"\001\na\013\231\036\233\344\223\017\303\310\253\b6af\362\361"
 239      991E 9BE4 
 239      930F C3C8 
 239      AB08 3661 
 239      66F2 F1
 240 01ab FC59 8310 		.ascii	"\374Y\203\020I\231t\244\366$i\030\212\247\242\305\310Pr\030J"
 240      4999 74A4 
 240      F624 6918 
 240      8AA7 A2C5 
 240      C850 7218 
 241 01c0 B182 52AC 		.ascii	"\261\202R\254F)\241(\271\367\323\223t\302'\024%\357\371\013\237"
 241      4629 A128 
 241      B9F7 D393 
 241      74C2 2714 
 241      25EF F90B 
 242 01d5 B0C8 C32E 		.ascii	"\260\310\303.=\n'\240\343\322\\\325\337\006\346 \343u'\206'\365"
 242      3D0A 27A0 
 242      E3D2 5CD5 
 242      DF06 E620 
 242      E375 2786 
 243 01eb C24E DA6E 		.ascii	"\302N\332n^^\362\204\340P\250\036x\354\366\370:N\007aw\275\036"
 243      5E5E F284 
 243      E050 A81E 
 243      78EC F6F8 
 243      3A4E 0761 
 244 0202 DE79 C5F3 		.ascii	"\336y\305\363\365\225-\371\002\204\353/\020\005\274\003I\237"
 244      F595 2DF9 
 244      0284 EB2F 
 244      1005 BC03 
 244      499F 
 245 0214 3D4C 2445 		.ascii	"=L$E\225\203\036.+tv\351\361\235,\212?\212]\242\250\337\300\301"
 245      9583 1E2E 
 245      2B74 76E9 
 245      F19D 2C8A 
 245      3F8A 5DA2 
 246 022c 5530 C115 		.ascii	"U0\301\0250qP\006\341dR\022\007\245\350\274\204N\234%\275`\242"
 246      3071 5006 
 246      E164 5212 
 246      07A5 E8BC 
 246      844E 9C25 
 247 0243 3D44 2D2B 		.ascii	"=D-+\001\224u\275\346\247kIBo\306:Y\327bCa\212(&`\226\206\204"
 247      0194 75BD 
 247      E6A7 6B49 
 247      426F C63A 
 247      59D7 6243 
 248 025f C145 85C3 		.ascii	"\301E\205\303E\265$\025T\222\224\364\262\343\274\340\242e\216"
 248      45B5 2415 
 248      5492 94F4 
 248      B2E3 BCE0 
 248      A265 8E
 249 0272 DE2C 2C22 		.ascii	"\336,,\"\222\204\351\351^\nQ\211\022\306D)\314=q.@8H\333\335"
 249      9284 E9E9 
 249      5E0A 5189 
 249      12C6 4429 
 249      CC3D 712E 
 250 028b 3F95 6609 		.ascii	"?\225f\tL\024\rv\237t\236\03432Q6\242(u\311}\275\201\240\017"
 250      4C14 0D76 
 250      9F74 9E1C 
 250      3332 5136 
 250      A228 75C9 
 251 02a4 A715 FB44 		.ascii	"\247\025\373D1\024+\256\305\342jH\305\365Xq\230T\361utV\241S"
 251      3114 2BAE 
 251      C5E2 6A48 
 251      C5F5 5871 
 251      9854 F175 
 252 02bc 56EF 73A6 		.ascii	"V\357s\246^\035\026[\2550\017\323\263Jo\226\377\325\026\254\026"
 252      5E1D 165B 
 252      AD30 0FD3 
 252      B34A 6F96 
 252      FFD5 16AC 
 253 02d1 A54E 258A 		.ascii	"\245N%\212\307O\024_Ev\241Q\026\345\245J\024\f\203J\005\272R"
 253      C74F 145F 
 253      4576 A151 
 253      16E5 A54A 
 253      140C 834A 
 254 02e8 2D4A 0315 		.ascii	"-J\003\025\245\342p\375|\200\220\f\264\316\353\t\347'\364\032"
 254      A5E2 70FD 
 254      7C80 900C 
 254      B4CE EB09 
 254      E727 F41A 
 255 02fc 3C75 7401 		.ascii	"<ut\001\020\035}s\031g\262a\265\265i\2424n\200\304#;o\260L/m"
 255      101D 7D73 
 255      1967 B261 
 255      B5B5 69A2 
 255      346E 80C4 
 256 0317 D76B ADBC 		.ascii	"\327k\255\274X\212I_\222 hTH4\252I4S\022\031\217j.\353"
 256      588A 495F 
 256      9220 6854 
 256      4834 AA49 
 256      3453 1219 
 257 032f 840C 4662 		.string	"\204\fFb\344pU*#Q\267B\242\333{,\315\270\232\0267)\211V\231Drj\376\210N\"qo\205\004\006A\
 257      E470 552A 
 257      2351 B742 
 257      A2DB 7B2C 
 257      CDB8 9A16 
 258 0430 69B1 15C5 		.string	"i\261\025\3052\302I\n%u\027'\032P\235\231\203\017\350\231\031B.\203\312r\232\310\231!N\23
 258      32C2 490A 
 258      2575 1727 
 258      1A50 9D99 
 258      830F E899 
 259 04b8 C180 5DB7 		.ascii	"\301\200]\267\344_\021\007\223H\356!]o\372\234\024qr\337A\342"
 259      E45F 1107 
 259      9348 EE21 
 259      5D6F FA9C 
 259      1471 72DF 
 260 04ce C676 20FD 		.ascii	"\306v \375\276F\3211,}\222\262\231@\300qF\247&\257o\034B\323"
 260      BE46 D131 
 260      2C7D 92B2 
 260      9940 C071 
 260      46A7 26AF 
 261 04e6 24EC 4F81 		.ascii	"$\354O\201b?\300q/e?\005\241r\r\264\203\031\225?7\2341\250\245"
 261      623F C071 
 261      2F65 3F05 
 261      A172 0DB4 
 261      8319 953F 
 262 04ff EAF7 936A 		.ascii	"\352\367\223jZ\222j\232J\325y#\247\223jC\310\244\255\275\016"
 262      5A92 6A9A 
 262      4AD5 7923 
 262      A793 6A43 
 262      C8A4 ADBD 
 263 0514 05BE B617 		.ascii	"\005\276\266\027~\353\360\310\017|F\002\237\241\340\375}\013"
 263      7EEB F0C8 
 263      0F7C 4602 
 263      9FA1 E0FD 
 263      7D0B 
 264 0526 8D82 3A78 		.ascii	"\215\202:x\310/xV\n\236\245\301%\325\235x6\027\331a\310\313\256"
 264      C82F 7856 
 264      0A9E A5C1 
 264      25D5 9D78 
 264      3617 D961 
 265 053d 690A 505F 		.ascii	"i\nP_%C\252\253d\336\357Z\365\346\227\2366\340\001\364\340\265"
 265      2543 AAAB 
 265      64DE EF5A 
 265      F5E6 979E 
 265      36E0 01F4 
 266 0553 FA4B FA47 		.ascii	"\372K\372G\325\354Zm\324\2200\230Sv\337\234\372\374=\246\347"
 266      D5EC 5A6D 
 266      D490 3098 
 266      5376 DF9C 
 266      FAFC 3DA6 
 267 0568 2FFB B7C7 		.ascii	"/\373\267\307\213\032!\217\375\2368\331Z\266\254\2437\032\222"
 267      8B1A 218F 
 267      FD9E 38D9 
 267      5AB6 ACA3 
 267      371A 92
 268 057b 976E B4F2 		.ascii	"\227n\264\362\263\375\231\332U~I<\241,|\362\205\326wtiL\313h"
 268      B3FD 99DA 
 268      557E 493C 
 268      A12C 7CF2 
 268      85D6 7774 
 269 0593 7832 934C 		.ascii	"x2\223L\354G\300Y\236\204\301\202\302bA\315\342)l\342\364nG\264"
 269      EC47 C059 
 269      9E84 C182 
 269      C262 41CD 
 269      E229 6CE2 
 270 05ab DD65 71C4 		.ascii	"\335eq\3048\334\201_|\365\365\306\035\333\267s&w\364w\026[\254"
 270      38DC 815F 
 270      7CF5 F5C6 
 270      1DDB B773 
 270      2677 F477 
 271 05c2 CB6E B6C5 		.ascii	"\313n\266\305FG\307\306\230\255\007\\f\032\267\305\306\005\261"
 271      4647 C7C6 
 271      98AD 075C 
 271      661A B7C5 
 271      C605 B1
 272 05d5 049B D36E 		.ascii	"\004\233\323nuI\311.\2735*0\336\021\343\336\372\261\305\375\276"
 272      7549 C92E 
 272      BB35 2A30 
 272      DE11 E3DE 
 272      FAB1 C5FD 
 273 05ea 393E CE65 		.ascii	"9>\316ev:\366\322,G\214\315\031\037e7\307\271\243p|\313>.XI\211"
 273      763A F6D2 
 273      2C47 8CCD 
 273      191F 6537 
 273      C7B9 A370 
 274 0605 8CA0 4991 		.ascii	"\214\240I\221\021\026\267\201y\355N\353\3768{T\210_/2\"\310b"
 274      1116 B781 
 274      79ED 4EEB 
 274      FE38 7B54 
 274      885F 2F32 
 275 061c 3960 B7B9 		.ascii	"9`\267\271c]\226\210\255\001q\216oc\254NM<\216\204\332\277w\333"
 275      635D 9688 
 275      AD01 718E 
 275      6F63 AC4E 
 275      4D3C 8E84 
 276 0634 5DD8 73FE 		.ascii	"]\330s\376`9\340\210s\354u\332u\bhw\271\342\367\273e\236\261"
 276      6039 E088 
 276      73EC 75DA 
 276      7508 6877 
 276      B9E2 F7BB 
 277 064b F131 6E2D 		.ascii	"\3611n-\231g\233\305\255\261\355\263\272\202-\026\307\016\247"
 277      9967 9BC5 
 277      ADB1 EDB3 
 277      BA82 2D16 
 277      C70E A7
 278 065e 63B7 DDBD 		.ascii	"c\267\335\275\307\352\374\340\265l\343\335\016\247\331\352\216"
 278      C7EA FCE0 
 278      B56C E3DD 
 278      0EA7 D9EA 
 278      8E
 279 066f 8D76 D890 		.ascii	"\215v\330\220\262\036\023v\333\343p~\373\277\210E\226\320"
 279      B21E 1376 
 279      DBE3 707E 
 279      FBBF 8845 
 279      96D0 
 280               		.text
 281               		.section	.gnu.lto_.symtab.5fe407b21d6c1f06,"",@progbits
 282 0000 7469 6D65 		.string	"timer_init"
 282      725F 696E 
 282      6974 00
 283 000b 00        		.string	""
 284 000c 00        		.string	""
 285 000d 00        		.string	""
 286 000e 00        		.string	""
 287 000f 00        		.string	""
 288 0010 00        		.string	""
 289 0011 00        		.string	""
 290 0012 00        		.string	""
 291 0013 00        		.string	""
 292 0014 00        		.string	""
 293 0015 00        		.string	""
 294 0016 AB00      		.string	"\253"
 295 0018 00        		.string	""
 296 0019 00        		.string	""
 297 001a 7469 6D65 		.string	"timer_clear"
 297      725F 636C 
 297      6561 7200 
 298 0026 00        		.string	""
 299 0027 00        		.string	""
 300 0028 00        		.string	""
 301 0029 00        		.string	""
 302 002a 00        		.string	""
 303 002b 00        		.string	""
 304 002c 00        		.string	""
 305 002d 00        		.string	""
 306 002e 00        		.string	""
 307 002f 00        		.string	""
 308 0030 00        		.string	""
 309 0031 AD00      		.string	"\255"
 310 0033 00        		.string	""
 311 0034 00        		.string	""
 312 0035 7469 6D65 		.string	"timer_count"
 312      725F 636F 
 312      756E 7400 
 313 0041 00        		.string	""
 314 0042 04        		.ascii	"\004"
 315 0043 00        		.string	""
 316 0044 0400      		.string	"\004"
 317 0046 00        		.string	""
 318 0047 00        		.string	""
 319 0048 00        		.string	""
 320 0049 00        		.string	""
 321 004a 00        		.string	""
 322 004b 00        		.string	""
 323 004c D600      		.string	"\326"
 324 004e 00        		.string	""
 325 004f 00        		.string	""
 326 0050 7469 6D65 		.string	"timer_read"
 326      725F 7265 
 326      6164 00
 327 005b 00        		.string	""
 328 005c 00        		.string	""
 329 005d 00        		.string	""
 330 005e 00        		.string	""
 331 005f 00        		.string	""
 332 0060 00        		.string	""
 333 0061 00        		.string	""
 334 0062 00        		.string	""
 335 0063 00        		.string	""
 336 0064 00        		.string	""
 337 0065 00        		.string	""
 338 0066 B700      		.string	"\267"
 339 0068 00        		.string	""
 340 0069 00        		.string	""
 341 006a 7469 6D65 		.string	"timer_read32"
 341      725F 7265 
 341      6164 3332 
 341      00
 342 0077 00        		.string	""
 343 0078 00        		.string	""
 344 0079 00        		.string	""
 345 007a 00        		.string	""
 346 007b 00        		.string	""
 347 007c 00        		.string	""
 348 007d 00        		.string	""
 349 007e 00        		.string	""
 350 007f 00        		.string	""
 351 0080 00        		.string	""
 352 0081 00        		.string	""
 353 0082 C100      		.string	"\301"
 354 0084 00        		.string	""
 355 0085 00        		.string	""
 356 0086 7469 6D65 		.string	"timer_elapsed"
 356      725F 656C 
 356      6170 7365 
 356      6400 
 357 0094 00        		.string	""
 358 0095 00        		.string	""
 359 0096 00        		.string	""
 360 0097 00        		.string	""
 361 0098 00        		.string	""
 362 0099 00        		.string	""
 363 009a 00        		.string	""
 364 009b 00        		.string	""
 365 009c 00        		.string	""
 366 009d 00        		.string	""
 367 009e 00        		.string	""
 368 009f C500      		.string	"\305"
 369 00a1 00        		.string	""
 370 00a2 00        		.string	""
 371 00a3 7469 6D65 		.string	"timer_elapsed32"
 371      725F 656C 
 371      6170 7365 
 371      6433 3200 
 372 00b3 00        		.string	""
 373 00b4 00        		.string	""
 374 00b5 00        		.string	""
 375 00b6 00        		.string	""
 376 00b7 00        		.string	""
 377 00b8 00        		.string	""
 378 00b9 00        		.string	""
 379 00ba 00        		.string	""
 380 00bb 00        		.string	""
 381 00bc 00        		.string	""
 382 00bd 00        		.string	""
 383 00be C900      		.string	"\311"
 384 00c0 00        		.string	""
 385 00c1 00        		.string	""
 386 00c2 5F5F 7665 		.string	"__vector_21"
 386      6374 6F72 
 386      5F32 3100 
 387 00ce 00        		.string	""
 388 00cf 00        		.string	""
 389 00d0 00        		.string	""
 390 00d1 00        		.string	""
 391 00d2 00        		.string	""
 392 00d3 00        		.string	""
 393 00d4 00        		.string	""
 394 00d5 00        		.string	""
 395 00d6 00        		.string	""
 396 00d7 00        		.string	""
 397 00d8 00        		.string	""
 398 00d9 D300      		.string	"\323"
 399 00db 00        		.string	""
 400 00dc 00        		.string	""
 401               		.text
 402               		.section	.gnu.lto_.opts,"",@progbits
 403 0000 272D 666D 		.ascii	"'-fmath-errno' '-fsigned-zeros' '-ftrapping-math' '-fno-trap"
 403      6174 682D 
 403      6572 726E 
 403      6F27 2027 
 403      2D66 7369 
 404 003c 7627 2027 		.ascii	"v' '-fno"
 404      2D66 6E6F 
 405 0044 2D6F 7065 		.string	"-openmp' '-fno-openacc' '-mn-flash=1' '-mno-skip-bug' '-mmcu=avr5' '-gdwarf-2' '-Os' '-We
 405      6E6D 7027 
 405      2027 2D66 
 405      6E6F 2D6F 
 405      7065 6E61 
 406               		.text
 407               		.comm	__gnu_lto_v1,1,1
 408               		.comm	__gnu_lto_slim,1,1
 409               		.ident	"GCC: (GNU) 5.4.0"
DEFINED SYMBOLS
                            *ABS*:0000000000000000 timer.c
     /tmp/ccLo1ctV.s:2      *ABS*:000000000000003e __SP_H__
     /tmp/ccLo1ctV.s:3      *ABS*:000000000000003d __SP_L__
     /tmp/ccLo1ctV.s:4      *ABS*:000000000000003f __SREG__
     /tmp/ccLo1ctV.s:5      *ABS*:0000000000000000 __tmp_reg__
     /tmp/ccLo1ctV.s:6      *ABS*:0000000000000001 __zero_reg__
                            *COM*:0000000000000001 __gnu_lto_v1
                            *COM*:0000000000000001 __gnu_lto_slim

NO UNDEFINED SYMBOLS
