   1               		.file	"action_tapping.c"
   2               	__SP_H__ = 0x3e
   3               	__SP_L__ = 0x3d
   4               	__SREG__ = 0x3f
   5               	__tmp_reg__ = 0
   6               	__zero_reg__ = 1
   7               		.text
   8               	.Ltext0:
   9               		.section	.gnu.lto_.profile.b1d97d5b2f7e0710,"",@progbits
  10 0000 789C 6361 		.string	"x\234ca`d`c`"
  10      6064 6063 
  10      6000 
  11 000a 9247 D8FF 		.string	"\222G\330\3771\003"
  11      3103 00
  12 0011 05B8 01D9 		.ascii	"\005\270\001\331"
  13               		.text
  14               		.section	.gnu.lto_.icf.b1d97d5b2f7e0710,"",@progbits
  15 0000 789C 6361 		.string	"x\234ca`d"
  15      6064 00
  16 0007 8118 0604 		.string	"\201\030\006\004\340g\330\335\261\375%;\343\232\2777\256\2631\201I\346[/\267t\261\260\314
  16      E067 D8DD 
  16      B1FD 253B 
  16      E39A BF37 
  16      AEB3 3181 
  17 006b 00        		.string	""
  18 006c 8F05 2E25 		.ascii	"\217\005.%"
  19               		.text
  20               		.section	.gnu.lto_.jmpfuncs.b1d97d5b2f7e0710,"",@progbits
  21 0000 789C 7D90 		.string	"x\234}\220\321\r\3020\fD}\016\020\240\200X\227/\347\007\321N\322\302\006\235\205\025X\241
  21      D10D C230 
  21      0C44 7D0E 
  21      10A0 8058 
  21      972F E707 
  22 003b BC88 ECE1 		.ascii	"\274\210\354\341 \273\234<\330H\363|\324f\f\214\276\377\274\275"
  22      20BB 9C3C 
  22      D848 F37C 
  22      D466 0C8C 
  22      BEFF BCBD 
  23 004f 0CA1 0EE1 		.ascii	"\f\241\016\341zw\324(\216\320j\266\bW\tzR\025\346[\264\327\367"
  23      7A77 D428 
  23      8ED0 6AB6 
  23      0857 097A 
  23      5215 E65B 
  24 0066 3BDB E729 		.ascii	";\333\347)c\255\013\210B\311K\323\302\344\302X\207?\023\374g"
  24      63AD 0B88 
  24      42C9 4BD3 
  24      C2E4 C258 
  24      873F 13FC 
  25 007b F70B 6AD6 		.ascii	"\367\013j\326\374\t\376\013}\031\264H\237\031v\347\213\235-\343"
  25      FC09 FE0B 
  25      7D19 B448 
  25      9F19 76E7 
  25      8B9D 2DE3 
  26 008f F343 4B2A 		.ascii	"\363CK*\215F\3473\031"
  26      8D46 E733 
  26      19
  27               		.text
  28               		.section	.gnu.lto_.inline.b1d97d5b2f7e0710,"",@progbits
  29 0000 789C 8D52 		.string	"x\234\215R\273J\003A\024=wfvw\222l\262\253\202Z\304\304\336\306J,\363\005\001\013\177\300
  29      BB4A 0341 
  29      143D 7766 
  29      7677 926C 
  29      B2AB 825A 
  30 0075 F5DB 1E4A 		.ascii	"\365\333\036J.\225D\330\371\022t\332\273}\364>EO2\013\215"
  30      2E95 44D8 
  30      F912 74DA 
  30      BB7D F43E 
  30      454F 320B 
  31 008a A80E 1176 		.string	"\250\016\021v\355J\332\244\317{o\023m\322\202\276\211\3066\336\265+t'^\347\337\"d\305\244
  31      ED4A DAA4 
  31      CF7B 6F13 
  31      6DD2 82BE 
  31      89C6 36DE 
  32 018b 6062 6C8E 		.ascii	"`bl\216"
  33               		.text
  34               		.section	.gnu.lto_.pureconst.b1d97d5b2f7e0710,"",@progbits
  35 0000 789C 6361 		.string	"x\234ca`d\020g``\340f\220`\266`\225`g\340`\345\224\344\262\3446\341\221\342\225\340\263\0
  35      6064 1067 
  35      6060 E066 
  35      9060 B660 
  35      9560 67E0 
  36 0023 14D4 01E2 		.ascii	"\024\324\001\342"
  37               		.text
  38               		.section	.gnu.lto_waiting_buffer_clear.b1d97d5b2f7e0710,"",@progbits
  39 0000 789C 6361 		.string	"x\234ca`d"
  39      6064 00
  40 0007 017D 20A5 		.string	"\001} \245\f\244\245\201\230\221\231\201\221i\3029\006\206F\016&FF\020\243\201\203\221\24
  40      0CA4 A581 
  40      9891 9981 
  40      9169 C239 
  40      0686 460E 
  41 0037 8207 47DF 		.string	"\202\007G\337\0315\2548\300\330\312\314\300\360\237\tl\022\003\343rFM\006\240\262G\033\37
  41      1935 AC38 
  41      C0D8 CACC 
  41      C0F0 9F09 
  41      6C12 03E3 
  42 0076 4A82 ACF9 		.string	"J\202\254\371\310\304\004\242\231\23716}\371pw*;H=\320\240i\255\207\316\263\177ajefd\004\
  42      C8C4 04A2 
  42      999F 3136 
  42      7DF9 7077 
  42      2A3B 483D 
  43 00f4 B400      		.string	"\264"
  44 00f6 E80F A0AF 		.string	"\350\017\240\257\024Kr\263\343\223\363\213R\365\223\363ss\363\363\364\023\223K2\363\363\3
  44      144B 72B3 
  44      E393 F38B 
  44      52F5 93F3 
  44      7373 F3F3 
  45 011d 9B56 7A98 		.ascii	"\233Vz\230"
  46               		.text
  47               		.section	.gnu.lto_debug_waiting_buffer.b1d97d5b2f7e0710,"",@progbits
  48 0000 789C 6D52 		.ascii	"x\234mRKkSA\024>\337\314\235\233\333T\245\033\245\224,*\230E"
  48      4B6B 5341 
  48      143E DFCC 
  48      9D9B DB54 
  48      A51B A594 
  49 0018 111A A33F 		.ascii	"\021\032\243?\302\275[\027\245\004\221P\222\024\311>\223\307"
  49      C2BD 5B17 
  49      A504 9150 
  49      9214 C93E 
  49      93C7 
  50 002a 6D2D 8AE8 		.ascii	"m-\212\350\302 \212t!\332\372\214\361Q\032\244r\255/\320\242"
  50      C220 8A74 
  50      21DA FA8C 
  50      F151 1AA4 
  50      72AD 2FD0 
  51 003f 2BA1 D08D 		.ascii	"+\241\320\215\t\022\244\004\261\245\202\013c<s\007\304G\206{"
  51      0912 A404 
  51      B1A5 820B 
  51      633C 7307 
  51      C447 867B 
  52 0053 CFCC FDE6 		.ascii	"\317\314\375\346\233s\276\363\335q\bd\306\027A\024\347\371(\277"
  52      9B73 BEF3 
  52      DD71 0864 
  52      C617 4114 
  52      E7F9 28BF 
  53 0067 7009 E2FC 		.ascii	"p\t\342\374;\242\242'\340\330\205\264\213g\236#\344\331\327D"
  53      3BA2 A227 
  53      E0D8 85B4 
  53      8B67 9E23 
  53      E4D9 D744 
  54 007b 3AAA 2A11 		.ascii	":\252*\021\322\273\024`p\355\201\nB:\n\005\341\220\035\337DW"
  54      D2BB 1460 
  54      70ED 810A 
  54      423A 0A05 
  54      E190 1DDF 
  55 0091 6075 B6DD 		.ascii	"`u\266\335\020c\013\232\307\307\227\265\251\242\366\207}I\324"
  55      1063 0B9A 
  55      C7C7 97B5 
  55      A9A2 F687 
  55      7D49 D4
  56 00a4 1396 8305 		.ascii	"\023\226\203\005\214\021\323Z\365\237\027w\273\025C\033\265\233"
  56      8C11 D35A 
  56      F59F 1777 
  56      BB15 431B 
  56      B59B 
  57 00b6 5884 CBD2 		.ascii	"X\204\313\322\300\233\327\337>\177\272G\036\200!\256\2379\247"
  57      C09B D7DF 
  57      3E7F BA47 
  57      1E80 21AE 
  57      9F39 A7
  58 00c9 55FC 9AD6 		.ascii	"U\374\232\326%\035\\\270\262\267\242\203\342\250/\201\233\220"
  58      251D 5CB8 
  58      B2B7 A283 
  58      E2A8 2F81 
  58      9B90 
  59 00db 7C0C 4762 		.ascii	"|\fGb8\024\263\231o!^;\026\350^\257\254\203\356\310\372\245\245"
  59      3814 B399 
  59      6F21 5E3B 
  59      16E8 5EAF 
  59      AC83 EEC8 
  60 00f2 C141 84A8 		.ascii	"\301A\204\250\023FE\276\024.\007\351\2310`B4\334!\372\312\002"
  60      1346 45BE 
  60      142E 07E9 
  60      9930 6042 
  60      34DC 21FA 
  61 0108 B8BB 2D21 		.ascii	"\270\273-!x\222m\224\252\365O7\324?2C\252Q\311\265n\303-K\207"
  61      7892 6D94 
  61      AAF5 4F37 
  61      D43F 3243 
  61      AA51 C9B5 
  62 0121 0955 7FF5 		.ascii	"\tU\177\365}dG\370\322\t\3256\032\235\215H\241\253Ok=\304\330"
  62      7D64 47F8 
  62      D209 D536 
  62      1A9D 8D48 
  62      A1AB 4F6B 
  63 0138 1C77 6EE0 		.ascii	"\034wn\340\315\265\017/\242\363\270Z\324!\016\334E\001w\300\302"
  63      CDB5 0F2F 
  63      A2F3 B85A 
  63      D421 0EDC 
  63      4501 77C0 
  64 014d 710F F3A0 		.ascii	"q\017\363\240\026\204Ii*pZ>\263%$\261\353F\312\366l\273s\330"
  64      1684 4969 
  64      2A70 5A3E 
  64      B325 24B1 
  64      EB46 CAF6 
  65 0165 16E4 07F4 		.ascii	"\026\344\007\364\031\216\371\372\277\232\352\t\343_\r\005\372"
  65      198E F9FA 
  65      BF9A EA09 
  65      E35F 0D05 
  65      FA
  66 0176 5398 DB47 		.ascii	"S\230\333G\230;\307\211\372\b\213\240\316\302\356\033afse\245"
  66      983B C789 
  66      FA08 8BA0 
  66      CEC2 EE1B 
  66      6166 7365 
  67 018b 2993 095F 		.ascii	")\223\t_zx\300*\271\276\355\234\360\020I\237\035l\243\\\235y"
  67      7A78 C02A 
  67      B9BE ED9C 
  67      F010 499F 
  67      1D6C A35C 
  68 01a1 D559 76AD 		.ascii	"\325Yv\255<\217\0318\0303\360\362\314\332\210\005\007\030\347"
  68      3C8F 1938 
  68      1833 F0F2 
  68      CCDA 8805 
  68      0718 E7
  69 01b4 5C97 9FEC 		.ascii	"\\\227\237\354\274QF\216\204\207G0$\356\354\307\260%E\231\367"
  69      BC51 468E 
  69      8487 4730 
  69      24EE ECC7 
  69      B025 4599 
  70 01c9 B709 D1D0 		.ascii	"\267\t\321\320\004\207\370\256\311\026JCda\230s\325\346\270="
  70      0487 F8AE 
  70      C916 4A43 
  70      6461 9873 
  70      D5E6 B83D 
  71 01dd A6FA 392E 		.ascii	"\246\3729.\372;\376\370\267\343K\306\361&*\033\345}6\rw\246\314"
  71      FA3B FEF8 
  71      B7E3 4BC6 
  71      F126 2A1B 
  71      E57D 360D 
  72 01f4 0DDA 06AF 		.ascii	"\r\332\006\257\034\261\250\270\274\374\236\344\372\312\\\207"
  72      1CB1 A8B8 
  72      BCFC 9EE4 
  72      FACA 5C87 
  73 0204 4D94 82FA 		.ascii	"M\224\202\372q\373\343\311\334\0250\312U\366\3473S\023\251\334"
  73      71FB E3C9 
  73      DC15 30CA 
  73      55F6 E733 
  73      5313 A9DC 
  74 0218 A913 8954 		.ascii	"\251\023\211T.\223\311e\023\223\251|:\227\235\310ONO\247\263"
  74      2E93 C965 
  74      1393 A97C 
  74      3A97 9DC8 
  74      4F4E 4FA7 
  75 022d 27C7 5384 		.ascii	"'\307S\204\364/4U\377Q"
  75      F42F 3455 
  75      FF51 
  76               		.text
  77               		.section	.gnu.lto_waiting_buffer.b1d97d5b2f7e0710,"",@progbits
  78 0000 789C 6361 		.string	"x\234ca`d"
  78      6064 00
  79 0007 0151 2086 		.string	"\001Q \206\260\030\030\37621\236zp\366\032\243\305\266\206\016\205Vf\240\304rF\013\006"
  79      B018 18FE 
  79      3231 9E7A 
  79      70F6 1AA3 
  79      C5B6 860E 
  80 0025 74E7 07E9 		.ascii	"t\347\007\351"
  81               		.text
  82               		.section	.gnu.lto_debug_tapping_key.b1d97d5b2f7e0710,"",@progbits
  83 0000 789C 654F 		.ascii	"x\234eO\261J\003A\024|\3636$A\020,\005-\024\253\024\032\374\025"
  83      B14A 0341 
  83      147C F336 
  83      2441 102C 
  83      052D 14AB 
  84 0018 4B9B 100E 		.ascii	"K\233\020\016\221\020\356.\310\365\267\247Y\324\316F\033\221"
  84      9110 EE2E 
  84      C8F5 B7A7 
  84      59D4 CE46 
  84      1B91 
  85 002a 9451 2388 		.ascii	"\224Q#\210\235\351\216`)Z\331(\202X\210\004\213D\264\214\347"
  85      9DE9 8E60 
  85      295A D928 
  85      8258 8804 
  85      8B44 B48C 
  86 003f 7B67 E9C0 		.ascii	"{g\351\300\260\313\274\331\231\267\005\002)>\205K\3029!\f\201"
  86      B0CB BCD9 
  86      99B7 0502 
  86      293E 854B 
  86      C239 210C 
  87 0054 0FEE 8892 		.ascii	"\017\356\210\2222\003z\261eP\314\210\361\315\023\306`\367\255"
  87      3203 7AB1 
  87      6550 CC88 
  87      F1CD 13C6 
  87      60F7 AD
  88 0067 CF95 AE15 		.ascii	"\317\225\256\025\274\270^3\261n\326\031\242\214\363$B\027\025"
  88      BCB8 5E33 
  88      B16E D619 
  88      A28C F324 
  88      4217 15
  89 007a 12DB EBD5 		.ascii	"\022\333\353\325\317\341t\261\255\266\205\277!NQ\324\272\313"
  89      CFE1 74B1 
  89      ADB6 85BF 
  89      214E 51D4 
  89      BACB 
  90 008c B5D4 66D9 		.ascii	"\265\324f\331\216\265\307\253\327\313\362r$C\255\0313\353i\336"
  90      8EB5 C7AB 
  90      D7CB F272 
  90      2443 AD19 
  90      33EB 69DE 
  91 00a0 D14E 9F1F 		.ascii	"\321N\237\037Y\355\032\324\357\177<\225\342\211\335\263v\306"
  91      59ED 1AD4 
  91      EF7F 3C95 
  91      E289 DDB3 
  91      76C6 
  92 00b2 1964 2C19 		.ascii	"\031d,\0318C\254\263#7\270/}\2613\"\376\263\362\276\204\253<"
  92      3843 ACB3 
  92      2337 B82F 
  92      7DB1 3322 
  92      FEB3 F2BE 
  93 00c9 BC7D B899 		.ascii	"\274}\270\231\352\340$\261\271n\320\223\277\234c^r.\320\2013"
  93      EAE0 24B1 
  93      B96E D093 
  93      BF9C 635E 
  93      722E D081 
  94 00de 051A 623B 		.ascii	"\005\032b;\035\257\347\225\212\221\344\311*\262\330b\3447k^\270"
  94      1DAF E795 
  94      8A91 E4C9 
  94      2AB2 D862 
  94      E437 6B5E 
  95 00f3 B551 F542 		.ascii	"\265Q\365B\337\017\203j\335\213\032aP\213\352\255V#\330\\\361"
  95      DF0F 836A 
  95      DD8B 1A61 
  95      508B EAAD 
  95      5623 D85C 
  96 0108 E817 5049 		.ascii	"\350\027PIeV"
  96      6556 
  97               		.text
  98               		.section	.gnu.lto_tapping_key.b1d97d5b2f7e0710,"",@progbits
  99 0000 789C 6361 		.string	"x\234ca`d"
  99      6064 00
 100 0007 0151 2086 		.string	"\001Q \206\260\030\030\37621\236zp\366\032\243\305\266\206\016\205Vf\240\304rF\013\006"
 100      B018 18FE 
 100      3231 9E7A 
 100      70F6 1AA3 
 100      C5B6 860E 
 101 0025 74E7 07E9 		.ascii	"t\347\007\351"
 102               		.text
 103               		.section	.gnu.lto_IS_NOEVENT.isra.0.b1d97d5b2f7e0710,"",@progbits
 104 0000 789C 6591 		.ascii	"x\234e\221?h\024Q\020\306\347{\357\355\333\315\3774\332\270\004"
 104      3F68 1451 
 104      10C6 E77B 
 104      EFED DBCD 
 104      FF34 DAB8 
 105 0015 2B8F 28DE 		.ascii	"+\217(\336\251\247`\245X\332F;\013\321\030\020\302y\020l\254"
 105      A9A7 60A5 
 105      58DA 463B 
 105      0BD1 1810 
 105      C279 106C 
 106 002a B2B9 BD23 		.ascii	"\262\271\275#\220\352P\242\225(\210\344\2421\227h')B@\242 \212"
 106      90EA 50A2 
 106      9528 88E4 
 106      A231 9768 
 106      2729 4240 
 107 0041 72A0 D898 		.ascii	"r\240\330\230\363O\212X\344r*\251\222u\346v\215\250\017v\346"
 107      F34F 8A58 
 107      E472 2AA9 
 107      9275 E676 
 107      8DA8 0F76 
 108 0056 CDE3 FB7D 		.ascii	"\315\343\373}\314\314\032\002\3119\253\210\216q>\307\037<\202"
 108      CCCC 1A02 
 108      C939 AB88 
 108      8E71 3EC7 
 108      1F3C 82
 109 0069 5B7E 4534 		.ascii	"[~E4\346\271Pr\201Rv\241\217\202v]\313P\320\251\225i\354\342"
 109      E6B9 5072 
 109      8152 76A1 
 109      8F82 765D 
 109      CB50 D0A9 
 110 0081 CAB9 7B9C 		.ascii	"\312\271{\234+\243\354r\217T/Np\345\300\306\250\005\344\022x"
 110      2BA3 EC72 
 110      8F54 2F4E 
 110      70E5 C0C6 
 110      A805 E412 
 111 0096 A051 5769 		.ascii	"\240QWi\343X\214\342\247\332R\2701Y\376\330\335?\025\004\205"
 111      E358 8CE2 
 111      A7DA 52B8 
 111      3159 FED8 
 111      DD3F 1504 
 112 00ab 60E5 EBAD 		.ascii	"`\345\353\255\335\305\312\"J\232(R\204\254\217C\276\2640\205"
 112      DDC5 CA22 
 112      4A9A 2852 
 112      84AC 8F43 
 112      BEB4 3085 
 113 00bf 7E56 AEAF 		.ascii	"~V\256\257\256,(\335\007\342{a\"\272nR\367\205*\217M\3642\002"
 113      AE2C 28DD 
 113      07E2 7B61 
 113      22BA 6E52 
 113      F785 2A8F 
 114 00d7 54A0 FF50 		.ascii	"T\240\377P\374@\230F\212\265\237\357\334\373\356\351}-\256\276"
 114      FC40 9846 
 114      8AB5 9FEF 
 114      DCFB EEE9 
 114      7D2D AEBE 
 115 00eb BDBC D4FD 		.ascii	"\275\274\324\375\017\367\340?\356a\213{\026m.\366\374P%\255 "
 115      0FF7 E03F 
 115      EE61 8B7B 
 115      166D 2EF6 
 115      FC50 25AD 
 116 0100 8DBE 6DBC 		.ascii	"\215\276m\274\274\335!\245F/\227o\336?\031\367t\272\345\332\374"
 116      BCDD 21A5 
 116      462F 976F 
 116      DE3F 19F7 
 116      74BA E5DA 
 117 0115 F67C AB23 		.ascii	"\366|\253#v\235\213]\rfc\327G\3601\003\3615\204*R\"\3774\277"
 117      769D 8B5D 
 117      0D66 63D7 
 117      47F0 3103 
 117      F135 842A 
 118 012e 3DD9 658B 		.ascii	"=\331e\213\001\237\2752(O8\007+\253\257\016\004A\024\205A\331"
 118      019F BD32 
 118      284F 3807 
 118      2BAB AF0E 
 118      0441 1485 
 119 0144 B683 1147 		.ascii	"\266\203\021Gq\260Z\202\341\340:\034\310\205\370x\220.\333 3"
 119      71B0 5A82 
 119      E1E0 3A1C 
 119      C885 F878 
 119      902E DB20 
 120 0159 1235 D844 		.ascii	"\0225\330D\366\333P\256d\275\241T+\257\242\360\264~R\334C\215"
 120      F6DB 50AE 
 120      64BD A154 
 120      2BAF A2F0 
 120      B47E 52DC 
 121 016f 50BB 5447 		.ascii	"P\273TG\361C\270\326\231\274p/7KK\257]\231\312\360\334\363\360"
 121      F143 B8D6 
 121      99BC 702F 
 121      374B 4BAF 
 121      5D99 CAF0 
 122 0186 5BFF 7F43 		.ascii	"[\377\177Ci\252eb\372\035b\261\n\265\3677.K\251\226\276L{\202"
 122      69AA 6562 
 122      FA1D 62B1 
 122      0AB5 F737 
 122      2E4B A996 
 123 019e 5B44 C0E3 		.ascii	"[D\300\343\035\336\320LW\314\257'\274\016u[\314\317v'/;\372\206"
 123      1DDE D04C 
 123      57CC AF27 
 123      BC0E 755B 
 123      CCCF 7627 
 124 01b6 7228 38C8 		.ascii	"r(8\310]\333\337]7\307kn\254rB\336\334\032TR\261\272\t\203\003"
 124      5DDB DF5D 
 124      37C7 6B6E 
 124      AC72 42DE 
 124      DC1A 5452 
 125 01cf BEAA 6439 		.ascii	"\276\252d9\362R\367\373\2168@P^\303\236\253\271\341\363\203\371"
 125      F252 F7FB 
 125      8E38 4050 
 125      5EC3 9EAB 
 125      B9E1 F383 
 126 01e4 91A1 CC60 		.ascii	"\221\241\314`>\227\313_\311\f\017]\273\230\2770r)}\231\334\323"
 126      3E97 CB5F 
 126      C90C 0F5D 
 126      BB98 BF30 
 126      7229 7D99 
 127 01fa 6706 4EA5 		.ascii	"g\006N\245\017\037Ir6\311G\177\001\341.\315\232"
 127      0F1F 4972 
 127      36C9 477F 
 127      01E1 2ECD 
 127      9A
 128               		.text
 129               		.section	.gnu.lto_IS_RELEASED.b1d97d5b2f7e0710,"",@progbits
 130 0000 789C 7D52 		.ascii	"x\234}R\317KTQ\024>\337\275\357\307\3140I\2536\r\242\233&\r\235"
 130      CF4B 5451 
 130      143E DFBD 
 130      EFC7 CC30 
 130      49AB 360D 
 131 0019 4068 D926 		.ascii	"@h\331&\332\264\354\037\020\233\206\022qFd\bZ\315sf\036N\265"
 131      DAB4 EC1F 
 131      109B 8612 
 131      7146 6408 
 131      5ACD 7366 
 132 0030 31C2 C84A 		.ascii	"1\302\310J\206 q\312\312\264\314\224\026\322\256\350\307&!\322"
 132      8620 71CA 
 132      CAB4 CC94 
 132      16D2 AEE8 
 132      C726 21D2 
 133 0044 6834 A814 		.ascii	"h4\250\024\027j\006Q9\3239o\324\260\310\013\357\334{\036\337"
 133      176A 0651 
 133      39D3 396F 
 133      D4B0 C80B 
 133      EFDC 7B1E 
 134 0059 F9BE EF9C 		.ascii	"\371\276\357\234{\r\002\311\332\247\211\216\362~\204?X\004\325"
 134      7B0D 02C9 
 134      DAA7 898E 
 134      F27E 843F 
 134      5804 D5
 135 006c F38A A8CB 		.ascii	"\363\212\250\313\247\224\316\205\311\t\032\022\003Z\231O\252"
 135      A794 CE85 
 135      C909 1A12 
 135      035A 994F 
 135      AA
 136 007d 257B 13E1 		.ascii	"%{\023\341\314\200Y\001\231\200\034\034\037(\245\264a\"\205o"
 136      CC80 5901 
 136      9980 1C1C 
 136      1F28 A5B4 
 136      6122 856F 
 137 0091 6A5D E152 		.ascii	"j]\341Ro\317\207\252\272A\307I;\305\201\253{\262\205)\270,SV"
 137      6FCF 87AA 
 137      BA41 C749 
 137      3BC5 81AB 
 137      7BB2 8529 
 138 00a9 84A6 100E 		.ascii	"\204\246\020\016\206Dj\020u\214|vs\362WpM\271\03209\275\366\365"
 138      8644 6A10 
 138      758C 7C76 
 138      73F2 5770 
 138      4DB9 1A30 
 139 00c1 FD82 5F52 		.ascii	"\375\202_R\205\375\234^\351Z\317W\351j\020\237\363\317\317\317"
 139      85FD 9C5E 
 139      E95A CF57 
 139      E96A 109F 
 139      F3CF CFCF 
 140 00d5 07C3 038E 		.ascii	"\007\303\003\216\254q\323\321\256\326\270\r-\234\267\020B\001"
 140      AC71 D3D1 
 140      AED6 B80D 
 140      2D9C B710 
 140      4201 
 141 00e7 21E2 5F84 		.ascii	"!\342_\204!\204\005>?R\352\335ee\005]#\302\254x\007\226\264<"
 141      2184 053E 
 141      3F52 EADD 
 141      6565 055D 
 141      23C2 AC78 
 142 00ff 7C7C CA29 		.ascii	"||\312)\2273\2163]\013?\270\310\320\034\310\220`J\2608\230\266"
 142      9733 8E33 
 142      5D0B 3FB8 
 142      C8D0 1CC8 
 142      9060 4AB0 
 143 0116 041F 078B 		.ascii	"\004\037\007\213h\231\313\245\317\025\245d\327\237\220\376"
 143      6899 CBA5 
 143      CF15 A564 
 143      D79F 90FE 
 144 0126 718C 32DA 		.string	"q\2142\332b\235\313\356\323\327\2668\266=\227\271\361\364\260?\265.\262\273]\355\363\334\
 144      629D CBEE 
 144      D3D7 B638 
 144      B63D 97B9 
 144      F1F4 B03F 
 145 0227 0742 FA7B 		.ascii	"\007B\372{\023\352C\206\024C\252Xdo\262\275\2559\232\350\214"
 145      13EA 4386 
 145      1443 AA58 
 145      646F B2BD 
 145      AD39 9AE8 
 146 023c 45A2 89F6 		.ascii	"E\242\211\366\366D<\322\026;{\"\321\322y\262\3614\231\2613\261"
 146      F644 3CD2 
 146      163B 7B22 
 146      D1D2 79B2 
 146      F134 99B1 
 147 0252 78B2 F66F 		.ascii	"x\262\366oDK4\331\232\2107'[::Z\343\247\032\243\364\033\031\351"
 147      444B 34D9 
 147      9A88 3727 
 147      5B3A 3A5A 
 147      E3A7 1AA3 
 148 026a 1D4F      		.ascii	"\035O"
 149               		.text
 150               		.section	.gnu.lto_waiting_buffer_enq.b1d97d5b2f7e0710,"",@progbits
 151 0000 789C 8D54 		.string	"x\234\215TML\023A\024\2367\263\273-K)\305s1\232\220\020 Z\320\2537o\036\275h\342\201 \022
 151      4D4C 1341 
 151      149E 37B3 
 151      BB2D 4B29 
 151      C573 319A 
 152 00c2 05CD 9181 		.string	"\005\315\221\201\300\270L&\207\\4\365\327\221\f\221\001\f\247\301p\3237\310\274\257\321\3
 152      C0B8 4C26 
 152      875C 34F5 
 152      D791 0C91 
 152      010C A7C1 
 153 0111 7017 9368 		.string	"p\027\223h\220q\220\024\034d\013\rV\032\222\310\247\322\314F\263T\034\024\007\ri8X\030[\3
 153      9071 9014 
 153      1C64 0B0D 
 153      561A 92C8 
 153      A7D2 CC46 
 154 01e2 B11F 6D61 		.ascii	"\261\037ma\017\356\037{\b\261\277c\024\032^!a\340\320\320\362"
 154      0FEE 1F7B 
 154      08B1 BF63 
 154      141A 5E21 
 154      61E0 D0D0 
 155 01f7 9C05 D1AE 		.ascii	"\234\005\321\256\032h\311Q\216\375\001\303\340\241\023D"
 155      1A68 C951 
 155      8EFD 01C3 
 155      E0A1 1344 
 156 0207 6990 A12E 		.string	"i\220\241.ll\001\252\347\274\347\377\355\212\037,^ \030\001\247!\375*\027l\312E\rP\277\03
 156      6C6C 01AA 
 156      E7BC E7FF 
 156      ED8A 1F2C 
 156      5E20 1801 
 157 0308 BC04 275F 		.ascii	"\274\004'_\366\337\003\352'\321\327k8\244@\377e|a\200\266c\316"
 157      F6DF 03EA 
 157      27D1 D76B 
 157      38A4 40FF 
 157      657C 6180 
 158 031f C315 2597 		.ascii	"\303\025%\227\362\013\335\345E\256BwI\211\273\324UPXQ\354.\315"
 158      F20B DDE5 
 158      45AE 4277 
 158      4989 BBD4 
 158      5550 5851 
 159 0336 AF28 282B 		.ascii	"\257((++.\275x\264\220)\345E\270~\341/$\210\312V"
 159      2B2E BD78 
 159      B490 29E5 
 159      45B8 7EE1 
 159      2F24 88CA 
 160               		.text
 161               		.section	.gnu.lto_waiting_buffer_scan_tap.b1d97d5b2f7e0710,"",@progbits
 162 0000 789C 9D96 		.string	"x\234\235\226\373O\034U\024\307\357\271w\347\261\263\017\226W\265\224\230\232HL1vE\177\36
 162      FB4F 1C55 
 162      14C7 EFB9 
 162      77E7 B1B3 
 162      0F96 57B5 
 163 00cd 8DF3 0700 		.string	"\215\363\007"
 164 00d1 C86E EAC0 		.string	"\310n\352\300\312\270\360(\252\246{\r\037\232\313\270\237\311\353\016_\347\320S5\333\301\
 164      CAB8 F028 
 164      AAA6 7B0D 
 164      1F9A CBB8 
 164      9FC9 EB0E 
 165 0134 3E01 81AF 		.ascii	">\001\201\257\301S\271\360D\256\234\371S\310kz.f\306\343\021"
 165      C153 B9F0 
 165      44AE 9CF9 
 165      53C8 6B7A 
 165      2E66 C6E3 
 166 0149 33F6 F703 		.ascii	"3\366\367\003C\343\365\276\\\260\254\n\213\n\256b"
 166      43E3 F5BE 
 166      5CB0 AC0A 
 166      8B0A AE62 
 167 0159 2334 6C3C 		.string	"#4l<\272e\364\342_\305\240g\037\365\370\251\tP\023\264\272\323\350o\210\306\244S\223A\003
 167      BA65 F4E2 
 167      5FC5 A067 
 167      1FF5 F8A9 
 167      0950 13B4 
 168 025a 375D 00   		.string	"7]"
 169 025d 6DA8 EB4B 		.string	"m\250\353K\362\n\355(\202\315"
 169      F20A ED28 
 169      82CD 00
 170 0268 A729 C903 		.ascii	"\247)\311\003Nk\221(\f\253\205P\326\236e\021\261\323\351*p\277"
 170      4E6B 9128 
 170      0CAB 8550 
 170      D69E 6511 
 170      B1D3 E92A 
 171 027e 318F D54C 		.ascii	"1\217\325L\004)\251\340<\272\353\200\\\362\301\240\323\341\021"
 171      0429 A9E0 
 171      3CBA EB80 
 171      5CF2 C1A0 
 171      D3E1 11
 172 0291 5F98 AA69 		.ascii	"_\230\252il0\362\033Hb\254e_y\235\216Kk\027 tA~\n\301\352v\017"
 172      6C30 F21B 
 172      4862 AC65 
 172      5F79 9D8E 
 172      4B6B 1720 
 173 02ad 1651 50B8 		.ascii	"\026QP\270.\330\341\222\024\027e\026Y\352r\360\205\326\252\241"
 173      2ED8 E192 
 173      1417 6516 
 173      59EA 72F0 
 173      85D6 AAA1 
 174 02c1 1643 AA83 		.ascii	"\026C\252\203\344>\2433]\317\240K Q\227\320]lST\217s\031S\303"
 174      E43E A333 
 174      5DCF A04B 
 174      2051 97D0 
 174      5D6C 5354 
 175 02da EE4D C07E 		.ascii	"\356M\300~\234p\373\266\341\366;pw\341\300\352S\3574\332\301"
 175      9C70 FBB6 
 175      E1F6 3B70 
 175      77E1 C0EA 
 175      53EF 34DA 
 176 02ef 10C9 7D75 		.ascii	"\020\311}u\366VL\251\222"
 176      F656 4CA9 
 176      92
 177 02f8 5783 AFD0 		.string	"W\203\257\320\317\300&\357\345\377\317\373\265;\357\3406\336+\310;\207S[\211j$\314\036\21
 177      CFC0 26EF 
 177      E5FF CFFB 
 177      B53B EFE0 
 177      36DE 2BC8 
 178 03f9 D36E 01D0 		.ascii	"\323n\001\320`\206X5b\375\305\252\365\310\333v\365d!\016\226"
 178      6086 5835 
 178      62FD C5AA 
 178      F5C8 DB76 
 178      F564 210E 
 179 040e 07E1 8F44 		.ascii	"\007\341\217DV\003\266\021_>Vy\373MN\351N\265\r7\267\344\030"
 179      5603 B611 
 179      5F3E 5679 
 179      FB4D 4EE9 
 179      4EB5 0D37 
 180 0425 4C27 352B 		.ascii	"L'5+\213\375\265>{\223\275\337\332\276\225\344{w\230>\320\263"
 180      8BFD B53E 
 180      7B93 BDDF 
 180      DABE 95E4 
 180      7B77 983E 
 181 043b C93E D0AF 		.ascii	"\311>\320\257\320\007\372\327\255\017\364\034\204\235\033*\007"
 181      D007 FAD7 
 181      AD0F F41C 
 181      849D 1B2A 
 181      07
 182 044c 80DF 704E 		.ascii	"\200\337pNBj\036H\202\224|y\347\223\344\307Q\342\375=iz\274J"
 182      426A 1E48 
 182      8294 7C79 
 182      E793 E4C7 
 182      51E2 FD3D 
 183 0464 C40B B4D4 		.ascii	"\304\013\264\324,1;j\200\260no\021\377\001a\013q\016*c\357N\004"
 183      2C31 3B6A 
 183      80B0 6E6F 
 183      11FF 0161 
 183      0B71 0E2A 
 184 047c AD2D 2C01 		.ascii	"\255-,\00113NQ\203?q\317JaE\027\035+Z\267vo\314\217\357\350t"
 184      3133 4E51 
 184      833F 71CF 
 184      4A61 4517 
 184      1D2B 5AB7 
 185 0497 6E5A 4274 		.ascii	"nZBt\271W.CYTd\241\363H\354\\\216\273\357\3548\2451\374\205\276"
 185      B957 2E43 
 185      5954 64A1 
 185      F348 EC5C 
 185      8EBB EFEC 
 186 04b1 A362 8715 		.ascii	"\243b\207\025e\037\033\220\037\350\345\252\341\271v;W|rW\214"
 186      651F 1B90 
 186      1FE8 E5AA 
 186      E1B9 763B 
 186      577C 7257 
 187 04c6 D4DA CF7E 		.ascii	"\324\332\317~4\301c\264\366\221\366cC9\322\030@;-H\347\312\240"
 187      34C1 63B4 
 187      F691 F663 
 187      4339 D218 
 187      403B 2D48 
 188 04dd 4201 12A0 		.ascii	"B\001\022\240\303\212\f\020\036\252\036\224\203\2028n\373\271"
 188      C38A 0C10 
 188      1EAA 1E94 
 188      8382 386E 
 188      FBB9 
 189 04ef 2068 B9F5 		.ascii	" h\271\3653<6\213\031\250\b1i\266v\341\332\351\275\3625\257\333"
 189      333C 368B 
 189      19A8 0831 
 189      69B6 76E1 
 189      DAE9 BDF2 
 190 0506 2144 B81F 		.ascii	"!D\270\037B\356l\035BV\351kd\225\347\0169\r\006\325Kq[\006\374"
 190      42EE 6C1D 
 190      4256 E96B 
 190      6495 E70E 
 190      390D 06D5 
 191 051f A77B 1A14 		.ascii	"\247{\032\024t\357\273[\200\376\003t \235'\367\326\265\210\001"
 191      74EF BB5B 
 191      80FE 0374 
 191      209D 27F7 
 191      D6B5 8801 
 192 0533 8C84 302E 		.ascii	"\214\2040.\017\227\026\277\274\277\260\344\310\213\341\302\222"
 192      0F97 16BF 
 192      BCBF B0E4 
 192      C88B E1C2 
 192      92
 193 0544 E2E2 9283 		.ascii	"\342\342\222\203\341\003\205\245E%\007\367\227\0368t\250\350"
 193      E103 85A5 
 193      4525 07F7 
 193      971E 3874 
 193      A8E8 
 194 0556 E04B 7B0B 		.ascii	"\340K{\013\031\024\375\013\231\033\367\020"
 194      1914 FD0B 
 194      991B F710 
 195               		.text
 196               		.section	.gnu.lto_waiting_buffer_typed.isra.1.b1d97d5b2f7e0710,"",@progbits
 197 0000 789C 9595 		.string	"x\234\225\225\337oTE\024\307\347;s\347\336\273\333\355\272\240\020c\366\001\022IC\204.\00
 197      DF6F 5445 
 197      14C7 E73B 
 197      73E7 DEBB 
 197      DBED BAA0 
 198 003a 9598 86AA 		.string	"\225\230\206\252`]\005\351\017\213\245\024\304\322\320\007CB\304"
 198      605D 05E9 
 198      0F8B A514 
 198      C4D2 D007 
 198      4342 C400 
 199 004e 6DB0 2605 		.string	"m\260&\005L\273A@\261\255\347\314ljK\327\007nv\357\314|\317\234\037\237\273g\356z\002\202
 199      4CBB 4140 
 199      B1AD E7CC 
 199      6C6A 4BD7 
 199      076E 76EF 
 200 00f8 DD50 FF79 		.ascii	"\335P\377y\221 \3609*h\357\314xnA\252M\326\257\375I{[\331S~_"
 200      9120 F039 
 200      2A68 EFCC 
 200      786E 41AA 
 200      4DD6 AFFD 
 201 0113 ACF0 FBD2 		.ascii	"\254\360\373\322\372\215Lw^\322\352U\353\327|\250\365x\270\314"
 201      FA8D 4C77 
 201      5ED2 EA55 
 201      EBD7 7CA8 
 201      F578 B8CC 
 202 0127 4FE0 E472 		.ascii	"O\340\344r?\252\363\024*x\363d~\376p\271\337b\350Z\307 d\371"
 202      3FAA F314 
 202      2A78 F364 
 202      7EFE 70B9 
 202      DF62 E85A 
 203 013f 0A3E 3D7D 		.ascii	"\n>=}\220\261\353\312\205sI\265\303F\275\336\376\276\321\033"
 203      90B1 EBCA 
 203      8573 49B5 
 203      C346 BDDE 
 203      FEBE D11B 
 204 0153 3EE3 A843 		.ascii	">\343\250C\037\177\264\246\305\f5\255\343\212z\226F\346\013_"
 204      1F7F B4A6 
 204      C50C 35AD 
 204      E38A 7A96 
 204      46E6 0B5F 
 205 0167 6343 CF2E 		.ascii	"cC\317.c\026\026\"\223\273[\211\347a%Ii\245\262S\217\246J\363"
 205      6316 1622 
 205      93BB 5B89 
 205      E761 2549 
 205      69A5 B253 
 206 017f DAE7 5BC0 		.ascii	"\332\347[\300\267\220\253\212\361-\316\3262\276%\354\356r6'\331"
 206      B790 AB8A 
 206      F12D CED6 
 206      32BE 25EC 
 206      EE72 3627 
 207 0194 9202 D3AE 		.ascii	"\222\002\323\256\002?\253\325\260\004b\206J\276\243h\210\321"
 207      023F ABD5 
 207      B004 6286 
 207      4ABE A368 
 207      88D1 
 208 01a6 A066 A5E4 		.ascii	"\240f\245\344a\n\315\035\371\251.\375\024\037G\263xTd\036~\244"
 208      610A CD1D 
 208      F9A9 2EFD 
 208      141F 47B3 
 208      7854 641E 
 209 01bc 98B1 233B 		.ascii	"\230\261#;<\036<\220Y\345Y\314\276\276{7\202\3069s\320\230\024"
 209      3C1E 3C90 
 209      59E5 59CC 
 209      BEBE 7B37 
 209      82C6 3973 
 210 01d3 696D F4A8 		.ascii	"im\364\250X\236\036\2736\022\357\304\321&cu\340[4\342\033\020"
 210      589E 1EBB 
 210      3612 EFC4 
 210      D126 6375 
 210      E05B 34E2 
 211 01e9 314E A313 		.ascii	"1N\243\023b\222z\221Br\006\nK>\263\304J\355\305\245\364\317N"
 211      6292 7A91 
 211      4272 060A 
 211      4B3E B3C4 
 211      4AED C5A5 
 212 0200 5D53 2EA1 		.ascii	"]S.\241\214TJ\220T\b\334\332\213\224\342u?\334Z/-H\227(H\267"
 212      8C54 4A90 
 212      5408 DCDA 
 212      8B94 E275 
 212      3FDC 5A2F 
 213 021a 71F4 9505 		.ascii	"q\364\225\005\371\370\216\n:\303\005\261qppBUe\262*\300Y\252"
 213      F9F8 8E0A 
 213      3AC3 05B1 
 213      7170 7042 
 213      5565 B22A 
 214 0231 8EF2 0887 		.ascii	"\216\362\b\207\361\370\310_\177\253\314\346\254\n\321\213\252"
 214      F1F8 C85F 
 214      7FAB CCE6 
 214      AC0A D18B 
 214      AA
 215 0242 7959 943F 		.ascii	"yY\224?\231\373\271\340\261\034C\0372\363\022N~x\366\362\334"
 215      99FB B9E0 
 215      B11C 431F 
 215      32F3 124E 
 215      7E78 F6F2 
 216 0257 732C 03FD 		.ascii	"s,\003\375,\333\356\030"
 216      2CDB EE18 
 217 025f 4046 4CA0 		.string	"@FL\240\345\227h\377\"\222\266\277\373\254\364D\341\005\013<\221t6\372\254Z\212\027<\003\
 217      E597 68FF 
 217      2292 B6BF 
 217      FBAC F444 
 217      E105 0B3C 
 218 0360 FDE7 E00A 		.ascii	"\375\347\340\n\322\301\221\201w\350}\002\nBE\255o\250\335\273"
 218      D2C1 9181 
 218      77E8 7D02 
 218      0A42 45AD 
 218      6FA8 DDBB 
 219 0374 BBBA 7EFF 		.ascii	"\273\272~\377[\231\352\372\332\332\372\272\314\236\352\206\232"
 219      5B99 EAFA 
 219      DADA FABA 
 219      CC9E EA86 
 219      9A
 220 0385 FABA DD0D 		.ascii	"\372\272\335\r{\366\355\253\251{\273\262Z\004o\274\271kge\325"
 220      7BF6 EDAB 
 220      A97B BBB2 
 220      5A04 6FBC 
 220      B96B 6765 
 221 039a F6E2 F89A 		.ascii	"\366\342\370\232\033\267nA\315\277z\377\372\222"
 221      1BB7 6E41 
 221      CDBF 7AFF 
 221      FA92 
 222               		.text
 223               		.section	.gnu.lto_process_tapping.b1d97d5b2f7e0710,"",@progbits
 224 0000 789C 9D5B 		.string	"x\234\235[iTT\307\266\256\241\233n\232fPp\306\001\005\007\214B\242F\234bro\246u\377d\255\
 224      6954 54C7 
 224      B6AE A19B 
 224      6E9A 6650 
 224      70C6 0105 
 225 0056 AFF6 AE73 		.ascii	"\257\366\256s\016u\240\273\265\233\037\347\234:U\365\355\275"
 225      0E75 A0BB 
 225      B59B 1FE7 
 225      9C3A 55F5 
 225      EDBD 
 226 0068 AB76 EDFD 		.ascii	"\253v\355\375U\365\301B(\201\277I\243\b\231*\356\2739!\364-B"
 226      55F5 C142 
 226      2881 BF49 
 226      A308 992A 
 226      EEBB 3921 
 227 007f 59D6 3142 		.ascii	"Y\3261B\222\355\214\361\214~\304\345L\204\253\2033\013\336\261"
 227      92ED 8CF1 
 227      8C7E C4E5 
 227      4C84 AB83 
 227      330B DEB1 
 228 0093 E4B4 302B 		.ascii	"\344\2640+\226\372`\311\312\202\260\324\031KA\314\206\367\020"
 228      96FA 60C9 
 228      CA82 B0D4 
 228      194B 41CC 
 228      86F7 10
 229 00a6 7C67 63F6 		.ascii	"|gc\366\332\016\342\036\262<I\274\263\263`\245\024\314\034\271"
 229      DA0E E21E 
 229      B23C 49BC 
 229      B3B3 60A5 
 229      14CC 1CB9 
 230 00ba 11D0 F2D1 		.ascii	"\021\320\362\321\030\361\316A\337\224\202C\230\363TG\361\242"
 230      18F1 CE41 
 230      DF94 8243 
 230      98F3 5447 
 230      F1A2 
 231 00cc 63C9 7051 		.ascii	"c\311pQ\351d\241Prb\311\021\312\243\322\273\022\227=\f\257\355"
 231      E964 A150 
 231      7262 C911 
 231      CAA3 D2BB 
 231      1297 3D0C 
 232 00e2 E433 0B47 		.ascii	"\3443\013GQ\021(6\234u(\351\001\245S\t\242\024\241\225\242\260"
 232      5111 2836 
 232      9C75 28E9 
 232      01A5 5309 
 232      A214 A195 
 233 00f8 D48E B5C7 		.ascii	"\324\216\265\307\226\221\330\262\275V\027\211u\221\246\226Q\264"
 233      9691 D8B2 
 233      BD56 1789 
 233      7591 A696 
 233      51B4 
 234 010a 8354 A683 		.ascii	"\203T\246\203\256UG\326\t\373\276\211};\351\257;\263.\250fwT"
 234      AE55 47D6 
 234      09FB BE89 
 234      7D3B E9AF 
 234      3BB3 2EA8 
 235 0121 B90B EB8A 		.ascii	"\271\013\353\212\366uG\373\272\262nJ\251\033\213Fk\273\243\265"
 235      F675 47FB 
 235      BAB2 6E4A 
 235      A91B 8B46 
 235      6BBB A3B5 
 236 0135 D13A 4077 		.ascii	"\321:@w\326\003_\364\306\312\036\254'\310w\364\006]\234=Y\257"
 236      D603 5FF4 
 236      C6CA 1EAC 
 236      27C8 77F4 
 236      065D 9C3D 
 237 014b 3D2F 8A52 		.ascii	"=/\212RLe\264(\365\2421\262K\214\336\267\267\376\320\207\305"
 237      4C65 B428 
 237      F5A2 31B2 
 237      4B8C DEB7 
 237      B7FE D087 
 238 0160 4277 471C 		.ascii	"BwG\034@9c\365\327q\254/*\027\217\312\365e\375P\235xT\247\037"
 238      4039 63F5 
 238      D771 AC2F 
 238      2A17 8FCA 
 238      F565 FD50 
 239 0179 EBAF 94FA 		.ascii	"\353\257\224\372\263\001(?\036u\031\240\003\304\263\201\370\""
 239      B301 283F 
 239      1E75 19A0 
 239      03C4 B381 
 239      F822 
 240 018b 012B 07B2 		.ascii	"\001+\007\262\027P\271\004T\356\0056\b\225\033\214\312\r\242"
 240      1750 B904 
 240      54EE 0536 
 240      0895 1B8C 
 240      CA0D A2
 241 019e 8365 97C1 		.ascii	"\203e\227\301z\337\004\375!\221\275\210c\366\027\034\277\027"
 241      7ADF 04FD 
 241      2191 BD88 
 241      63F6 171C 
 241      BF17 
 242 01b0 D94B 4AE9 		.ascii	"\331KJ\351%6\004\005\274\206\002\206\260\241Xz\025KC\3310\324"
 242      2536 0405 
 242      BC86 0286 
 242      B0A1 587A 
 242      154B 43D9 
 243 01c6 7E0C 6A3F 		.ascii	"~\fj?\214\275\214\372\216A}_f\303\225\322p\226\204\2636\032g"
 243      8CBD 8CFA 
 243      8E41 7D5F 
 243      66C3 95D2 
 243      7096 84B3 
 244 01dd 3089 8D58 		.ascii	"0\211\215X8V\334G\377\031&\336\215`#Q\351Q\250\364H:J*5J\327"
 244      3856 DC47 
 244      FF19 26DE 
 244      8D60 2351 
 244      E951 A8F4 
 245 01f8 6EB4 FE30 		.ascii	"n\264\3760\206\275\202*\215E\365^\321_\217\325\037\334D\177\332"
 245      86BD 822A 
 245      8D45 F55E 
 245      D15F 8FD5 
 245      1FDC 447F 
 246 020d 673C ED27 		.ascii	"g<\355'\354\257\330\351\r\354t\200\260\327q\036\336\300y(5\332"
 246      ECAF D8E9 
 246      0DEC 7480 
 246      B0D7 711E 
 246      DEC0 7928 
 247 0223 1D34 9ECA 		.ascii	"\0354\236\312\b\245\360\344\262S2\215q\2135\310f\017v\2048C\303"
 247      08A5 F0E4 
 247      B253 328D 
 247      718B 35C8 
 247      660F 7684 
 248 023a C223 DAB5 		.ascii	"\302#\332\265\217\214\352\320\261S\347.]\273Ew\357\321\263WL"
 248      8F8C EAD0 
 248      B153 E72E 
 248      5DBB 4577 
 248      EFD1 B357 
 249 024f EF3E B171 		.ascii	"\357>\261q}\373\365\037\020?\360\205A\203\023\022_|i\310\320"
 249      7DFB F51F 
 249      103F F085 
 249      4183 1312 
 249      5F7C 69C8 
 250 0264 612F 0F4F 		.ascii	"a/\017O\0321r\324\3501\257\214u\223}d?9@J\311A\"`\247\321\373"
 250      1A31 72D4 
 250      E831 AF8C 
 250      7593 7D64 
 250      3F39 404A 
 251 027f AC91 D19C 		.ascii	"\254\221\321\234\371Y\227\303\006|\357r\245\270\256\\\253OL["
 251      F959 97C3 
 251      067C EF72 
 251      A5B8 AE5C 
 251      AB4F 4C5B 
 252 0293 EBA6 E962 		.ascii	"\353\246\351ba73B\207D\323\304h\261\320\351\367t\200"
 252      6137 3342 
 252      8744 D3C4 
 252      68B1 D0E9 
 252      F774 80
 253 02a6 6879 B0F9 		.string	"hy\260\371\241;\274\201\245sJ\241cem\305\262\020(2\032!\212YGW\034\013\341\261\224\210\34
 253      A13B BC81 
 253      A573 4AA1 
 253      6365 6DC5 
 253      B210 2832 
 254 03a7 D9C4 34BB 		.ascii	"\331\3044\273]G\363\3377\252\354t;MhbTV\335=;\343w;\177\031e"
 254      5D47 F3DF 
 254      37AA EC74 
 254      3B4D 6862 
 254      5456 DD3D 
 255 03c2 5E58 599C 		.ascii	"^XY\234\026\016B3q0\323\226\273\263\205\320`\272S\n\225\223O"
 255      160E 4233 
 255      7130 D396 
 255      BBB3 85D0 
 255      60BA 530A 
 256 03d9 77D0 0490 		.ascii	"w\320\004\220Z\354\257\324] \225\311\252\006w\356\252P\376:J"
 256      5AEC AFD4 
 256      5D20 95C9 
 256      AA06 77EE 
 256      AA50 FE3A 
 257 03ee 6DDC 3777 		.ascii	"m\3347w\005\225R]\031n\027\2252w\233d\226H\231{PfI\336\254\037"
 257      0595 525D 
 257      196E 1795 
 257      3277 9B64 
 257      9648 997B 
 258 0408 1C30 2B0E 		.ascii	"\0340+\016\364\272\344\223\353.\262i\215\232\234\020\234W\300"
 258      F4BA E493 
 258      EB2E B269 
 258      8D9A 9C10 
 258      9C57 C0
 259 041b ADD8 5272 		.ascii	"\255\330Rr\305\236G\227%\313\n'u\013\007\337\013\203\006n\223"
 259      C59E 4797 
 259      25CB 0A27 
 259      750B 07DF 
 259      0B83 066E 
 260 0430 9D9F 62E5 		.ascii	"\235\237b\345\177G\005\016|3\177\246\255\225\002N\272\337\244"
 260      7F47 050E 
 260      7C33 7FA6 
 260      AD95 024E 
 260      BADF A4
 261 0443 C03E 9A07 		.ascii	"\300>\232\007\003F\017x\260:TZ\315\245iO\312\327,w\362\377B\344"
 261      0346 0F78 
 261      B03A 545A 
 261      CDA5 694F 
 261      CAD7 2C77 
 262 045b 870D 8B7E 		.ascii	"\207\r\213~\264h\310\231\032r\030=h\236CZ*\215+C\350\354\322"
 262      B468 C899 
 262      1A72 183D 
 262      689E 435A 
 262      2A8D 2B43 
 263 0472 C5E7 ED06 		.ascii	"\305\347\355\006t8Ln\023\263H\350?\226l\336\355TF\264\034F\324"
 263      7438 4C6E 
 263      13B3 48E8 
 263      3F96 6CDE 
 263      ED54 46B4 
 264 0489 2AEB CE6E 		.ascii	"*\353\316n|\220\317\3708\024;}Ee9\032\224\202\316c\314\343!\223"
 264      7C90 CFF8 
 264      3814 3B7D 
 264      4565 391A 
 264      9482 CE63 
 265 04a1 493F 49B1 		.ascii	"I?I\261\207i\334\306\277\273]\315\315\251"
 265      8769 DCC6 
 265      BFBB 5DCD 
 265      CDA9 
 266 04af 2E77 AEED 		.string	".w\256\355\374\271\275\216\371\224\212\305H\030\\\034\024\226\244\023\036\303\340\022..a\
 266      FCB9 BD8E 
 266      F994 8AC5 
 266      4818 5C1C 
 266      1496 A413 
 267 05b0 4EE5 5954 		.string	"N\345YTA\022\001\333\256a@-\241\307\300\177\253)\266\005\365\241=\366w\310\336\023D\347\2
 267      4112 01DB 
 267      AE61 402D 
 267      A1C7 C07F 
 267      AB29 B605 
 268 05e5 D604 15EA 		.ascii	"\326\004\025\3523u\211r\\\242\325\367\233JC%\224\023\240N\350"
 268      3375 8972 
 268      5CA2 D5F7 
 268      9B4A 4325 
 268      9413 A04E 
 269 05fa 5095 2AD4 		.ascii	"P\225*\324\001\200\372L\205\372D\364\235\271tQ\2016V\034V\365"
 269      0180 FA4C 
 269      85FA 44F4 
 269      9DB9 7451 
 269      8136 561C 
 270 0610 9DA7 0541 		.ascii	"\235\247\005A\022*"
 270      122A 
 271 0616 14A0 4EEA 		.string	"\024\240N\352P\247T\2502\200\372\004\241\376FRy6U\007\335!3\322\316\333\027l\"ld\340b\342
 271      50A7 54A8 
 271      3280 FA04 
 271      A1FE 4652 
 271      7936 5507 
 272 0717 3B9B 7522 		.string	";\233u\"\037\337\023z\0332\205\r\\\362\2160\013\024\344\232LE!\013)\215\024\n\245.\234^\2
 272      1FDF 137A 
 272      1B32 850D 
 272      5CF2 8E30 
 272      0B14 E49A 
 273 07bf EFBA EF79 		.ascii	"\357\272\357yj\036\230\274\353\241\230\206\300\234\367O\317"
 273      6A1E 98BC 
 273      EBA1 9886 
 273      C09C F74F 
 273      CF
 274 07d0 F08F 4CF0 		.ascii	"\360\217L\360\217\003\206\177\342\031\376\251\t\276Qs\242\324"
 274      8F03 867F 
 274      E219 FEA9 
 274      09BE 5173 
 274      A2D4 
 275 07e2 CD        		.ascii	"\315"
 276 07e3 DA68 3A15 		.string	"\332h:\0257\262\221\235\214\343Xo\323j'\300\352\320j\355\344\034\301Z\256\247-X>Ze0\351\0
 276      37B2 919D 
 276      8CE3 586F 
 276      D36A 27C0 
 276      EAD0 6AED 
 277 08e4 EB34 6801 		.string	"\3534h\001}\006L\305\336\274b\253\016\223\305\224\304\231\2150\023\236\017E\333\222"
 277      7D06 4CC5 
 277      DEBC 62AB 
 277      0E93 C594 
 277      C499 8D30 
 278 08ff 0FA2 7319 		.string	"\017\242s\031nG$J\016\242|\366\\(\356\337Wm\266\3509q\036Sr\342|D\371D\270\217E.\214\256m
 278      6E47 244A 
 278      0EA2 7CF6 
 278      5C28 EEDF 
 278      576D B6E8 
 279 092f 98CE BBCA 		.string	"\230\316\273\312\245t][\253]\225\245\344$E\024\002\241\353\244\256\222/\262\223\313\342QE
 279      A574 5D5B 
 279      AB5D 95A5 
 279      E424 4514 
 279      02A1 EBA4 
 280 0980 9ECE A3A5 		.string	"\236\316\243\2455\017\264\300\320M\261&\224\f\345\260\256\304\216\250\365Q\200\330d\311\3
 280      350F B4C0 
 280      D04D B126 
 280      940C E5B0 
 280      AEC4 8EA8 
 281 0a77 8D41 0290 		.string	"\215A\002\220\217\302Ks\203\245\005=\300\337n\225\177k\225\314A\214\003\022\207!\300\033\
 281      8FC2 4B73 
 281      83A5 053D 
 281      C0DF 6E95 
 281      7F6B 95CC 
 282 0b56 A283 8814 		.ascii	"\242\203\210\024\327\351\376*\253\022\r\026]q\317\265&mse\210"
 282      D7E9 FE2A 
 282      AB12 0D16 
 282      5D71 CFB5 
 282      266D 7365 
 283 0b6b 1503 3488 		.ascii	"\025\0034\210%A\240C)\242v\335\272\202\231\314\210\213i\020\027"
 283      2541 A043 
 283      29A2 76DD 
 283      BA82 99CC 
 283      888B 6910 
 284 0b80 ED7A 5C2C 		.ascii	"\355z\\,d\361\255\372\333\t\335\254\364\207\205\f\255\b\251\027"
 284      64F1 ADFA 
 284      DB09 DDAC 
 284      F487 850C 
 284      AD08 A917 
 285 0b94 5441 04AC 		.ascii	"TA\004\254\360\212\263\r\310\250\"\252\316\346\343C\373\245\347"
 285      F08A B30D 
 285      C8A8 22AA 
 285      CEE6 E343 
 285      FBA5 E7
 286 0ba7 F343 E121 		.ascii	"\363C\341!r\335\371|\247\312.\210\350\262\205EG\315\272PK\205"
 286      72DD F97C 
 286      A7CA 2E88 
 286      E8B2 8545 
 286      47CD BA50 
 287 0bbd EA1D C90E 		.ascii	"\352\035\311\016L\215g\352\356T\333d\f\034\344\231D\0251\215"
 287      4C8D 67EA 
 287      EE54 DB64 
 287      0C1C E499 
 287      4415 318D 
 288 0bd1 4455 6B91 		.ascii	"DUk\221\177\220\022+;\221\245\fY\324\246\273\225\241~\262\250"
 288      7F90 122B 
 288      3B91 A50C 
 288      59D4 A6BB 
 288      95A1 7EB2 
 289 0be6 AD5E D2F9 		.ascii	"\255^\322\371\"L\347\333\274\261(\bE\204n\207P\344\204a\333\301"
 289      224C E7DB 
 289      BCB1 2808 
 289      4584 6E87 
 289      50E4 8461 
 290 0bfc 12C0 3054 		.ascii	"\022\3000T\247\263\316\310\317\037\t\204\221\357l\243\021r\332"
 290      A7B3 CEC8 
 290      CF1F 0984 
 290      91EF 6CA3 
 290      1172 DA
 291 0c0f 62A6 72DA 		.ascii	"b\246r\332],P\312\\\342\031~\267\t~O\300\360{=\303\273M\360\373"
 291      5D2C 50CA 
 291      5CE2 197E 
 291      B709 7E4F 
 291      C0F0 7B3D 
 292 0c28 980F 46DE 		.ascii	"\230\017F\336\205\224p\357\214\274+y\352\235\221w#}L\214<\321"
 292      8594 70EF 
 292      8CBC 2B79 
 292      EA9D 9177 
 292      237D 4C8C 
 293 0c3e B333 ED67 		.ascii	"\2633\355g\255\030y\242\">\232\330\344!\330\323z\277I\345\201"
 293      AD18 79A2 
 293      223E 9AD8 
 293      E421 D8D3 
 293      7ABF 49E5 
 294 0c53 16F6 57EA 		.ascii	"\026\366W\352\027\251<\350\223T\226\265\300\226\263\004\214\021"
 294      17A9 3CE8 
 294      9354 96B5 
 294      C096 B304 
 294      8C11 
 295 0c65 F78E 78A1 		.ascii	"\367\216x\241\346Z\214\370\251%F`^?\263q.\365se\034\322u\242"
 295      E65A 8CF8 
 295      A925 4660 
 295      5E3F B371 
 295      2EF5 7365 
 296 0c7d 8785 FCD6 		.ascii	"\207\205\374\326\303\220k\216\250\364\b\344z\3304<\364\246\231"
 296      C390 6B8E 
 296      A8F4 08E4 
 296      7AD8 343C 
 296      F4A6 99
 297 0c90 B669 A8D0 		.ascii	"\266i\250\3206\r0\326\335\311-I\215\353\232\366\373E\215\217"
 297      360D 30D6 
 297      DDC9 2D49 
 297      8DEB 9AF6 
 297      FB45 8D8F 
 298 0ca4 AAD4 F858 		.ascii	"\252\324\370X\300\324\370\270J\215\177\326\250\261AG\223\332"
 298      C0D4 F8B8 
 298      4A8D 7FD6 
 298      A8B1 4147 
 298      93DA 
 299 0cb6 98D0 A719 		.ascii	"\230\320\247\031\216%\350\t\225V\rR\371\224<&\004>\025+=\354"
 299      8E25 E809 
 299      9556 0D52 
 299      F994 3C26 
 299      043E 152B 
 300 0ccc AEE6 C249 		.ascii	"\256\346\302I\212\207\365 \267\270t\3231\262r\204g7=\251\273"
 300      8A87 F520 
 300      B7B8 74D3 
 300      31B2 7284 
 300      6737 3DA9 
 301 0ce1 E98F 9AAF 		.ascii	"\351\217\232\257\217P@z\222\002&\375\2649%DV\217\364crO\371\f"
 301      8F50 407A 
 301      9202 26FD 
 301      B439 2544 
 301      568F F463 
 302 0cf9 7BA7 7D85 		.ascii	"{\247}\205\275\bz\306\330<\236exNV?\343\251U\3520J\250\001J\237"
 302      BD08 7AC6 
 302      D83C 9E65 
 302      784E 563F 
 302      E3A9 55EA 
 303 0d13 3302 F528 		.ascii	"3\002\365(:P\327\271\027\331MQ\347\272\322_\3658\275}\377\232"
 303      3A50 D7B9 
 303      17D9 4D51 
 303      E7BA D25F 
 303      F538 BD7D 
 304 0d29 A260 E357 		.ascii	"\242`\343W\002\013\374\030e\034\tU\326\257~`W~\2569\007r1K\235"
 304      020B FC18 
 304      651C 0955 
 304      D6AF 7E60 
 304      577E AE39 
 305 0d42 F76B 75FD 		.ascii	"\367ku\375\342\305\330<\033H\274\300\332\234B\311\352]6\020Z"
 305      E2C5 D83C 
 305      1B48 BCC0 
 305      DA9C 42C9 
 305      EA5D 3610 
 306 0d57 6508 BD28 		.ascii	"e\b\275(\215mX>\334o\335\t\275\304\3643\255\313\"U\300<\252\336"
 306      8D6D 583E 
 306      DC6F DD09 
 306      BDC4 F433 
 306      ADCB 2255 
 307 0d6f FAFC 48A1 		.ascii	"\372\374H\241\364\n !\253\274\312\022\264s\343b\317@Q\022\b#"
 307      F40A 2021 
 307      ABBC CA12 
 307      B473 E362 
 307      CF40 5112 
 308 0d85 47B5 5F43 		.ascii	"G\265_C\366\253\227!\333\022\004\2505-\001\351\232\fH\256/}\206"
 308      F6AB 9721 
 308      DB12 04A8 
 308      352D 01E9 
 308      9A0C 48AE 
 309 0d9c A3EB 72C5 		.ascii	"\243\353r\305\314l*_\032<\355?\260\221\027\212i'\227r\037\017"
 309      CC6C 2A5F 
 309      1A3C ED3F 
 309      B091 178A 
 309      6927 9772 
 310 0db2 FE11 A3F9 		.ascii	"\376\021\243\371\364\343\314\273;\374\016W7\214pu\3639\302\325"
 310      F4E3 CCBB 
 310      3BFC 0E57 
 310      378C 7075 
 310      F339 C2D5 
 311 0dc6 2D3D 5C2D 		.ascii	"-=\\-;\346=\\\t\003\351\357\306\031G\252\373\2730\237\221\355"
 311      3BE6 3D5C 
 311      0903 E9EF 
 311      C619 47AA 
 311      FBBB 309F 
 312 0ddc B612 D97A 		.ascii	"\266\022\331z\223\275L\236\312\315\356\256gQm\277\311|\226!\270"
 312      93BD 4C9E 
 312      CACD EEAE 
 312      6751 6DBF 
 312      C97C 9621 
 313 0df1 EFF2 A693 		.ascii	"\357\362\246\2236\232w\314\004\260\217~\212Yx\346\236v\212\371"
 313      369A 77CC 
 313      04B0 8F7E 
 313      8A59 78E6 
 313      9E76 8AF9 
 314 0e05 961F 0377 		.ascii	"\226\037\003w\227y<\266\374\303L\207k\231\351\330\362m!\243\355"
 314      9779 3CB6 
 314      FCC3 4C87 
 314      6B99 E9D8 
 314      F26D 21A3 
 315 0e1a 31E5 DB0A 		.ascii	"1\345\333\n\035\216%\251L;\366\310\261\372\023\333\353\324\330"
 315      1D8E 25A9 
 315      4C3B F6C8 
 315      B1FA 13DB 
 315      EBD4 D8
 316 0e2d 5E1F 706C 		.ascii	"^\037pl\277\247\306\366\206@\217=\356\253\307\036\017\002=\366"
 316      BFA7 C6F6 
 316      8640 8F3D 
 316      EEAB C71E 
 316      0F02 3DF6 
 317 0e41 78A8 1E7B 		.ascii	"x\250\036{\374i>\366h;\313q\315\020\\\351#\343\320\243/zE\255"
 317      FC69 3EF6 
 317      683B CB71 
 317      CD10 5CE9 
 317      23E3 D0A3 
 318 0e59 17EF D39C 		.ascii	"\027\357\323\234\342\261\177'lO\274\235\260=5N\330\032\215\023"
 318      E2B1 7F27 
 318      6C4F BC9D 
 318      B03D 354E 
 318      D81A 8D13 
 319 0e6d B6AA BAAA 		.ascii	"\266\252\272\252\2236?\327c\223\261\036\233\345z<|\345\350\031"
 319      9336 3FD7 
 319      6393 B11E 
 319      9BE5 7A3C 
 319      7CE5 E819 
 320 0e81 0A7B 0AFC 		.ascii	"\n{\n\374\n\201\272x\022.\252\373\307\242|\256\252d\336\262\252"
 320      0A81 BA78 
 320      122E AAFB 
 320      C7A2 7CAE 
 320      AA64 DEB2 
 321 0e96 E2C8 651B 		.ascii	"\342\310e\033\256\252'\307\002a\326)\334#7M\345*7M\343\201R\337"
 321      AEAA 27C7 
 321      0261 D629 
 321      DC23 374D 
 321      E52A 374D 
 322 0eae 74CF F0D3 		.ascii	"t\317\360\323M\3603\002\206\317\360\f?\323\004\237\311}0\353"
 322      4DF0 3302 
 322      86CF F00C 
 322      3FD3 049F 
 322      C97D 30EB 
 323 0ec2 BEC4 6DF5 		.ascii	"\276\304m\365\316\254\373\221\203\324+\263\356O\206\233\230\365"
 323      CEAC FB91 
 323      83D4 2BB3 
 323      EE4F 869B 
 323      98F5 
 324 0ed4 3B9E 29CB 		.ascii	";\236)\3137\274\025\263~G\021?\200\204\310\354\177\371\236\337"
 324      37BC 15B3 
 324      7E47 113F 
 324      8084 C8EC 
 324      7FF9 9EDF 
 325 0ee8 CC7A 166F 		.ascii	"\314z\026o9W\345\376$\262\331mFMe\326sZ`\263\270d\326\331\307"
 325      3957 E5FE 
 325      24B2 D96D 
 325      464D 65D6 
 325      735A 60B3 
 326 0f01 7D07 DF6C 		.ascii	"}\007\337l\2562\353\252\272\232\234`?W\306\\]%\232\303=\255\214"
 326      AE32 EBAA 
 326      BA9A 9C60 
 326      3F57 C65C 
 326      5D25 9AC3 
 327 0f18 7962 65C0 		.ascii	"ybe\300x\305\223S6\311\216\257\035\360\213\035\317\347J\004]"
 327      78C5 9353 
 327      36C9 8EAF 
 327      1DF0 8B1D 
 327      CFE7 4A04 
 328 0f2d C003 8DA0 		.ascii	"\300\003\215\240\271\\\211\240\013y+v\374\2567v\274\210\373d"
 328      B95C 89A0 
 328      0B79 2B76 
 328      FCAE 3776 
 328      BC88 FB64 
 329 0f41 C78B 795B 		.ascii	"\307\213y[v\374\256\342%\003\311\314 \023;~\317\263\253-\341"
 329      76FC AEE2 
 329      2503 C9CC 
 329      2013 3B7E 
 329      CFB3 AB2D 
 330 0f56 ADD8 F17B 		.ascii	"\255\330\361{\n\310\013\344\027\256}\312\220\252\261\343\177"
 330      0AC8 0BE4 
 330      17AE 7DCA 
 330      90AA B1E3 
 330      7F
 331 0f67 F831 434B 		.ascii	"\3701CK\2758\215d\307\313\270Ov\374\035\327\331q\036o\305\216"
 331      BD38 8D64 
 331      C7CB B84F 
 331      76FC 1DD7 
 331      D971 1E6F 
 332 0f7d DF17 6A98 		.ascii	"\337\027j\230\331\361\373-\354x\020Y'\031}\335o^\331q\221\017"
 332      D9F1 FB2D 
 332      EC78 1059 
 332      2719 7DDD 
 332      6F5E D971 
 333 0f93 76BC 9CEB 		.ascii	"v\274\234\353Du\205_+d\245\027c"
 333      4475 855F 
 333      2B64 A517 
 333      63
 334 0fa0 253B 5EC5 		.ascii	"%;^\305}\262\343|C\350j\376\fv\354]wB\327p\235\035\177\317\237"
 334      7DB2 E37C 
 334      43E8 6AFE 
 334      0C76 EC5D 
 334      7742 D770 
 335 0fb9 CD8E BD23 		.ascii	"\315\216\275#\205\322\265\\g\307?\360g\262\343\"\203\035\377"
 335      85D2 B55C 
 335      67C7 3FF0 
 335      67B2 E322 
 335      831D FF
 336 0fcc E8D7 9015 		.ascii	"\350\327\220\025x\0312\311\216\327\265\004\225\365\374y\330\361"
 336      7819 32C9 
 336      8ED7 B504 
 336      95F5 FC79 
 336      D8F1 
 337 0fde 06DE 9A1D 		.ascii	"\006\336\232\035\027\351\354x#7\330\361`\315\247\037g^\332\355"
 337      17E9 EC78 
 337      2337 D8F1 
 337      60CD A71F 
 337      675E DAED 
 338 0ff2 373B DE64 		.ascii	"7;\336d\304\234B\376lv\274\231k\354"
 338      C49C 42FE 
 338      6C76 BC99 
 338      6BEC 
 339 1000 78A7 B760 		.string	"x\247\267`\250\261\343-\274\205\035\027\207\373\314\343EJ\036O \2179\346\361\023s\374g\30
 339      A8B1 E32D 
 339      BC85 1D17 
 339      87FB CCE3 
 339      454A 1E4F 
 340 1030 B2EE 36CF 		.ascii	"\262\3566\317Yw\273)\353\356\b8\251\357\364\f_l\202\337\0250"
 340      5977 BB29 
 340      EBEE 0838 
 340      A9EF F40C 
 340      5F6C 82DF 
 341 1046 7C89 67F8 		.ascii	"|\211g\370\335&\370=:g\370\277\266\224\341E\262\246;\006\245"
 341      DD26 F83D 
 341      3A67 F8BF 
 341      B694 E145 
 341      B2A6 3B06 
 342 105b 1551 B2F2 		.ascii	"\025Q\262\362c\177\316\002=Kw\267\r)\370\331\307>#\b\354\347"
 342      637F CE02 
 342      3D4B 77B7 
 342      0D29 F8D9 
 342      C73E 2308 
 343 1071 A6CF 3E3E 		.ascii	"\246\317>>V\024z\211\234\f\223\237"
 343      5614 7A89 
 343      9C0C 939F 
 344 107d 7D1C DBAB 		.string	"}\034\333\253}\366\361\251\247\317>>U>\363\030B\216#\3638S\330\370\253\026\211\307{N*\007
 344      7DF6 F1A9 
 344      A7CF 3E3E 
 344      553E F318 
 344      428E 23F3 
 345 117e C3E1 E738 		.ascii	"\303\341\3478\355\300\342_\342\225\350^TZ>\335.\177/\245\364"
 345      EDC0 E25F 
 345      E295 E85E 
 345      545A 3EDD 
 345      2E7F 2FA5 
 346 1193 0247 9E51 		.ascii	"\002G\236Q\257\375\3644E\2642\361\016\345\373T\017\303\320B#"
 346      AFFD F434 
 346      45B4 32F1 
 346      0EE5 FB54 
 346      0FC3 D042 
 347 11a8 AAD4 E939 		.ascii	"\252\324\3519\231\345ZH\215\312\bz\321\230\234K@H\246\240\272"
 347      99E5 5A48 
 347      8DCA 087A 
 347      D198 9C4B 
 347      4048 A6A0 
 348 11bd A3C4 C843 		.ascii	"\243\304\310C.\333R\031\3553\227]\346\255\216\361\017-\3667\363"
 348      2EDB 5219 
 348      ED33 975D 
 348      E6AD 8EF1 
 348      0F2D F637 
 349 11d2 5F31 32FF 		.ascii	"_12\377U\017\231?\257U\346\257\3263\377vo\232i\351\374W%\235"
 349      550F 993F 
 349      AF55 E6AF 
 349      D633 FF76 
 349      6F9A 69E9 
 350 11ea 8F26 3192 		.ascii	"\217&1\222\230\224\035\366\233\230\324\030\352]{\016br\235\347"
 350      9894 1DF6 
 350      9B98 D418 
 350      EA5D 7B0E 
 350      6272 9DE7 
 351 11fe C9DF D1C7 		.ascii	"\311\337\321\307\220\363vy\272t\272\324\257\275\321o\352\336"
 351      90F3 7679 
 351      BA74 BAD4 
 351      AFBD D16F 
 351      EADE 
 352 1210 E846 C07B 		.ascii	"\350F\300{\243\233\352\336\350V\353\275\321\327\336\366F\277"
 352      A39B EADE 
 352      E856 EBBD 
 352      D1D7 DEF6 
 352      46BF 
 353 1222 FBDE 1BDD 		.ascii	"\373\336\033\335\366\2607\372Z\2111\257\220\365\026\355\200\324"
 353      F6B0 37FA 
 353      5A89 31AF 
 353      90F5 16ED 
 353      80D4 
 354 1234 FF91 BE63 		.ascii	"\377\221\276c\214\364\335\347\030\351?tG\270X\351\233\002\326"
 354      8CF4 DDE7 
 354      18E9 3F74 
 354      47B8 58E9 
 354      9B02 D6
 355 1247 2A14 F052 		.ascii	"*\024\360R{\237>S\247\370\314X\315\224\206M\227\346\371\373\233"
 355      7B9F 3E53 
 355      A7F8 CC58 
 355      CD94 864D 
 355      97E6 F9FB 
 356 125c 6DBD 9710 		.ascii	"m\275\227\020\"\277|\273\347-"
 356      22BF 7CBB 
 356      E72D 
 357 1266 582E C278 		.string	"X.\302x\336`\304\363\373\\\376f\013\013\361\2117+\265\205\370\300L*_%E\362x7'\247\223\337
 357      DE60 C4F3 
 357      FB5C FE66 
 357      0B0B F189 
 357      372B B585 
 358 1367 3FD7 829B 		.ascii	"?\327\202\233\177p\254\252H\237A8\307\242\004a\357Max\347).\370"
 358      7F70 ACAA 
 358      489F 4138 
 358      C7A2 0461 
 358      EF4D 6178 
 359 137f 06D9 D20F 		.ascii	"\006\331\322\017yH\203\227>ZD\232o1E\2447\361?\205\360\203 9"
 359      7948 8397 
 359      3E5A 449A 
 359      6F31 45A4 
 359      37F1 3F85 
 360 1397 F0BE 3E28 		.ascii	"\360\276>(Z`\361\360AQ\256E\373\240h\223\374\007\037hE<\003\272"
 360      5A60 F1F0 
 360      4151 AE45 
 360      FBA0 6893 
 360      FC07 1F68 
 361 13af 32DC F01F 		.ascii	"2\334\360\037\\\006\336BOx\213T\274=\002o\341\263\360\234:\336"
 361      5C06 DE42 
 361      4F78 8B54 
 361      BC3D 026F 
 361      E1B3 F09C 
 362 13c5 E236 784E 		.ascii	"\3426xNB\227\250x\007\004\336b3^A\303O\247\265/K]\231\210\027"
 362      4297 A878 
 362      0704 DE62 
 362      335E 41C3 
 362      4FA7 B52F 
 363 13de AAE3 2D6D 		.ascii	"\252\343-m\203\027J\3502\025\257L\340\211Vb\303\223\022!\206"
 363      8317 4AE8 
 363      3215 AF4C 
 363      E089 5662 
 363      C393 1221 
 364 13f3 158E CFEA 		.ascii	"\025\216\317\352E\232\020\276\355\250\330]+\026\020\355\200\236"
 364      459A 10BE 
 364      EDA8 D85D 
 364      2B16 10ED 
 364      809E 
 365 1405 DEA9 E103 		.ascii	"\336\251\341\003\310O\321\245\037\302-&\355K\270\365\256\371"
 365      C84F D1A5 
 365      1FC2 2D26 
 365      ED4B B8F5 
 365      AEF9 
 366 1417 12EA 624B 		.ascii	"\022\352bK\036^\301O\251\006\254{T\213\017\203k\276\206[B\351"
 366      1E5E C14F 
 366      A906 AC7B 
 366      548B 0F83 
 366      6BBE 865B 
 367 142d 7FE0 36AA 		.ascii	"\177\3406\252\"g\005\203\207\321K\347\327a\375+i\271x\037[#\357"
 367      2267 0583 
 367      87D1 4BE7 
 367      D761 FD2B 
 367      69B9 781F 
 368 1444 AF96 2CBA 		.ascii	"\257\226,\272\212b^\253ZR\210o^O\313\303\373\033EyX\321\361)"
 368      8A62 5EAB 
 368      5A52 886F 
 368      5E4F CBC3 
 368      FB1B 4579 
 369 145c 7CA5 55CB 		.ascii	"|\245U\313(L\267\3202f\352\304\317?\374h\362\224q\t\037M\236"
 369      284C B7D0 
 369      3266 EAC4 
 369      CF3F FC68 
 369      F294 7109 
 370 1473 3871 F2A4 		.ascii	"8q\362\244\204\177~4u\374\344I\037N\375\347\027_\214\237\364"
 370      847F 7E34 
 370      75FC E449 
 370      1F4E FDE7 
 370      175F 8C9F 
 371 1488 C9E0 8F88 		.ascii	"\311\340\217\210\345\363q_}a\035\367\277\343&M\r\222\225\241"
 371      E5F3 715F 
 371      7D61 1DF7 
 371      BFE3 264D 
 371      0D92 95A1 
 372 149c 5888 15EF 		.ascii	"X\210\025\357c?\232<A)M\231\374o\233,\275\344\220\367\251\343"
 372      633F 9A3C 
 372      4129 4D99 
 372      FC6F 9B2C 
 372      BDE4 90F7 
 373 14b2 278E 0B97 		.ascii	"'\216\013\227\275\264\366\3773\356\377\001z\f2\n"
 373      BDB4 F6FF 
 373      33EE FF01 
 373      7A0C 320A 
 374               		.text
 375               		.section	.gnu.lto_get_tapping_term.b1d97d5b2f7e0710,"",@progbits
 376 0000 789C 5D90 		.ascii	"x\234]\2201K\003A\020\205\367\355\036"
 376      314B 0341 
 376      1085 F7ED 
 376      1E
 377 000d 9703 09DA 		.string	"\227\003\t\332X\031D!p\004\304\210?\305?\020\302\345\220\020\222\013\341\032\253\2541\007
 377      5819 4421 
 377      7004 C488 
 377      3FC5 3F10 
 377      C2E5 9010 
 378 010e 0B09 5BF6 		.ascii	"\013\t[\366\213\205\214\343U\334\264\343\025\213^)\235u\374\274"
 378      8B85 8CE3 
 378      55DC B4E3 
 378      158B 5E29 
 378      9D75 FCBC 
 379 0122 57CA F8D9 		.ascii	"W\312\370\331r9_\332\\uD\254\340n9^\3165+.\351r?\374\fv\353"
 379      7239 5FDA 
 379      5C75 44AC 
 379      E06E 395E 
 379      CE35 2B2E 
 380               		.text
 381               		.section	.gnu.lto_action_tapping_process.b1d97d5b2f7e0710,"",@progbits
 382 0000 789C 9556 		.string	"x\234\225V]L\\E\024\2363s\367\336\273waY\344\277@\213\221\244)F\221'k|\367\301G_5i*\022\3
 382      5D4C 5C45 
 382      149E 3373 
 382      F7DE BB77 
 382      6159 E4BF 
 383 00b1 64B7 4D60 		.ascii	"d\267M`A.4"
 383      412E 34
 384 00b8 8F6E 985E 		.string	"\217n\230^\313\007An1\365\334\341\033\034&:o\f\363]'m|\226\235w\205\335\033\001G0\026\347
 384      CB07 416E 
 384      31F5 DCE1 
 384      1B1C 263A 
 384      6F0C F35D 
 385 01b9 6681 9E18 		.ascii	"f\201\236\030\027,\246\211\033p\340\237gYHT\246\342r\340\256"
 385      172C A689 
 385      1B70 E09F 
 385      6759 4854 
 385      A6E2 72E0 
 386 01ce 870D CA4F 		.ascii	"\207\r\312O\300u\303\310\276\376\353\251e\3558\274\323\206\013"
 386      C075 C3C8 
 386      BEFE EBA9 
 386      65ED 38BC 
 386      D386 0B
 387 01e1 913B AF51 		.ascii	"\221;\257Q4\020\206 |\2149\2262>\201\343\300V\201\323\f\361\313"
 387      3410 8620 
 387      7C8C 3996 
 387      323E 81E3 
 387      C056 81D3 
 388 01f8 87FB 7AAD 		.ascii	"\207\373z\255\232^\342\211\204\237o;a:\"\327\355\0028\r5\210"
 388      9A5E E289 
 388      849F 6F3B 
 388      613A 22D7 
 388      ED02 380D 
 389 020e B8F6 F3C4 		.ascii	"\270\366\363\304E_m\277\255\bq\231|mrU\020\006\237B-K\350\334"
 389      455F 6DBF 
 389      AD08 7199 
 389      7C6D 7255 
 389      1006 9F42 
 390 0226 8EF0 C1CE 		.ascii	"\216\360\301\316\351\260\245t\302}t\216\277\335\266$P'\220\300"
 390      E9B0 A574 
 390      C27D 748E 
 390      BFDD B624 
 390      5027 90C0 
 391 023a 3328 7030 		.ascii	"3(p0!\360l\212\300{$<\226\346{(\305\367\016\304u\035;\332\347"
 391      21F0 6C8A 
 391      C07B 243C 
 391      96E6 7B28 
 391      C5F7 0EC4 
 392 0253 E648 DCC7 		.ascii	"\346H\334\307\367\354\221\237\026,\345"
 392      F7EC 919F 
 392      162C E5
 393 025e DB0B 23E8 		.string	"\333\013#\350{8\341{4{\337c\350{\rQ\262\220FZ?\370\343\234\240\343\330\017X?L\r*tD\236*\1
 393      7B38 E17B 
 393      347B DF63 
 393      E87B 0D51 
 393      B290 465A 
 394 035f 75BD 3D0C 		.ascii	"u\275=\f\224\262\2570Q\350\220\251\214\366\264\317\276\311\325"
 394      94B2 AF30 
 394      51E8 90A9 
 394      8CF6 B4CF 
 394      BEC9 D5
 395 0372 A9B0 9FA6 		.ascii	"\251\260\237\246\354OC\035*\276\204UZ\003MI)\330\352~\233\221"
 395      EC4F 431D 
 395      2ABE 8455 
 395      5A03 4D49 
 395      29D8 EA7E 
 396 0388 FD9C 9FBC 		.ascii	"\375\234\237\274\310\334\026*Hi!/;qAF\333\035\236\277,\324za"
 396      C8DC 162A 
 396      4869 212F 
 396      3B71 4146 
 396      DB1D 9EBF 
 397 03a0 6A68 A519 		.ascii	"jh\245\031B+\355\022<Sh&\314ah\263\262\336\227\351pR\026\rEZ"
 397      422B ED12 
 397      3C53 6826 
 397      CC61 68B3 
 397      B2DE 97E9 
 398 03ba 84BC 09C9 		.ascii	"\204\274\t\311[\236\227\257\325\205\234m\"\257\244%\262\2262"
 398      5B9E 97AF 
 398      D585 9C6D 
 398      22AF A425 
 398      B296 32
 399 03cd 7855 66B0 		.ascii	"xUf\260(Q\330y\250\243\363G1\306f\302O)9%\017\020\324B2\250o"
 399      2851 D879 
 399      A8A3 F347 
 399      31C6 66C2 
 399      4F29 3925 
 400 03e8 FE17 5429 		.ascii	"\376\027T)\022\341<\324\355\336,eh\202G+\3104\3241Y\251\214\333"
 400      12E1 3CD4 
 400      EDDE 2C65 
 400      6882 472B 
 400      C834 D431 
 401 0400 D08E B46F 		.ascii	"\320\216\264o\215\336\216\312\037[\035L\370\026*$O\347\3652\005"
 401      8DDE 8ECA 
 401      1F5B 1D4C 
 401      F816 2A24 
 401      4FE7 F532 
 402 0415 2A47 9C94 		.ascii	"*G\234\224\b\356\201\313V\334wIq\337\313\260\313eY-\206\3773"
 402      08EE 81CB 
 402      56DC 7749 
 402      71DF CBB0 
 402      CB65 592D 
 403 042c C8B2 BE57 		.ascii	"\310\262\276W\255\034\370\037\200s1\311\271\344\006\334\355v"
 403      AD1C F81F 
 403      8073 31C9 
 403      B9E4 06DC 
 403      ED76 
 404 043e 7D5E 2616 		.ascii	"}^&\026\221\231\345Z\222\345\007b\221\035X\354\212A&\267\001"
 404      9199 E55A 
 404      92E5 0762 
 404      911D 58EC 
 404      8A41 26B7 
 405 0453 7D89 931F 		.ascii	"}\211\223\037\313\352\344\377\230\365y^\316\032\271\202\310\233"
 405      CBEA E4FF 
 405      98F5 795E 
 405      CE1A B982 
 405      C89B 
 406 0465 A8E0 AF67 		.ascii	"\250\340\257g\344\234\236u<?\353:\"\036nm|eO}sKCm}sccsS\355\336"
 406      E49C 9E75 
 406      3C3F EB3A 
 406      221E 6E6D 
 406      7C65 4F7D 
 407 0485 FAD6 7DCD 		.ascii	"\372\326}\315M{Z\367\356\337\277\257\351\345\307\353\231\336"
 407      4D7B 5AF7 
 407      EEDF BFAF 
 407      E9E5 C7EB 
 407      99DE 
 408 0497 D280 EB2F 		.ascii	"\322\200\353/\375\007\222\372$\222"
 408      FD07 92FA 
 408      2492 
 409               		.text
 410               		.section	.gnu.lto_.symbol_nodes.b1d97d5b2f7e0710,"",@progbits
 411 0000 789C 5D90 		.string	"x\234]\220\313n\323@\024\206\177\373x\342\330\031l\307m\240\341\"\312\232\207\350\003\360
 411      CB6E D340 
 411      1486 7FFB 
 411      78E2 D819 
 411      6CC7 6DA0 
 412 0053 5CCD C0ED 		.ascii	"\\\315\300\355\021`\3604\273\237\021\240|'K\001RMW\350\266\331"
 412      1160 F034 
 412      BB9F 11A0 
 412      7C27 4B01 
 412      524D 57E8 
 413 0069 A957 1AB4 		.ascii	"\251W\032\264\214\022v\353\221\3022\3522\375\213\256\230\227"
 413      8C12 76EB 
 413      91C2 32EA 
 413      32FD 8BAE 
 413      9897 
 414 007b 5CF6 6A5D 		.ascii	"\\\366j]\267\305\252n\305\334\250[\347\331\257N\n\271Y\357x\034"
 414      B7C5 AA6E 
 414      C5DC A85B 
 414      E7D9 AF4E 
 414      0AB9 59EF 
 415 0091 ACAC 67D2 		.ascii	"\254\254g\322\t8\254\030N\312-1\200,\3334z\235uEo\360\231\212"
 415      0938 AC18 
 415      4ECA 2D31 
 415      802C DB34 
 415      7A9D 7545 
 416 00a9 3ECB 5145 		.ascii	">\313QE\237\343\270\242;\234T\364\032\267\377\327D1\362\371\311"
 416      9FE3 B8A2 
 416      3B9C 54F4 
 416      1AB7 FFD7 
 416      4431 F2F9 
 417 00be 5552 31FA 		.ascii	"UR1\372\037\026\0165}\224\037\r\203\025\t\345\353\271\242\320"
 417      1F16 0E35 
 417      7D94 1F0D 
 417      8315 09E5 
 417      EBB9 A2D0 
 418 00d2 C760 FBFB 		.ascii	"\307`\373\373=\2420A~\340PH(\f\264\217\336\315\257\227I+\fR\322"
 418      3DA2 3041 
 418      7EE0 5048 
 418      280C B48F 
 418      DECD AF97 
 419 00eb 0926 E66C 		.ascii	"\t&\346l\242\270\263E\272\205\362n\207\364:\372\357]\211\016"
 419      A2B8 B345 
 419      BA85 F26E 
 419      87F4 3AFA 
 419      EF5D 890E 
 420 00ff 372C F2EB 		.ascii	"7,\362\353\3226g\212\376\311\261/\336\351\033S\t18=&\233\226"
 420      D236 678A 
 420      FEC9 B12F 
 420      DEE9 1B53 
 420      0931 383D 
 421 0116 4273 E5E7 		.ascii	"Bs\345\347/\3035L~\357\211\316\027{\222\017\026\177\365\203\300"
 421      2FC3 354C 
 421      7EEF 89CE 
 421      177B 920F 
 421      167F F583 
 422 012b 8EC9 1F8E 		.ascii	"\216\311\037\216/J\375\321\224\354\230\342\361LIM\230`\370d\334"
 422      2F4A FDD1 
 422      94EC 98E2 
 422      F14C 494D 
 422      9860 F864 
 423 0140 103E EF5A 		.ascii	"\020>\357Z\273\367\242+\267vf\227l\273\334\2315\304.g\313\326"
 423      BBF7 A22B 
 423      B776 6697 
 423      6CBB DC99 
 423      35C4 2E67 
 424 0156 8A87 D3E5 		.ascii	"\212\207\323\345\343GS\317\346\305'\313\024\303\317\373\327H"
 424      E347 53CF 
 424      E6C5 27CB 
 424      14C3 CFFB 
 424      D748 
 425 0168 B7D1 FF32 		.ascii	"\267\321\3772\366ei\241YZh\226\372\366\222)\322(\354\177F>\212"
 425      F665 69A1 
 425      595A 6896 
 425      FAF6 9229 
 425      D228 EC7F 
 426 017f 1BBB 1728 		.ascii	"\033\273\027(\2121y5\"\212\002\364v'\036E\035\f\267\337\232\034"
 426      8A31 7935 
 426      228A 02F4 
 426      7627 1E45 
 426      1D0C B7DF 
 427 0195 2885 1A83 		.ascii	"(\205\032\203[G\357\224-\016G\363}\205?\224u\3065"
 427      5B47 EF94 
 427      2D0E 47F3 
 427      7D85 3F94 
 427      75C6 35
 428               		.text
 429               		.section	.gnu.lto_.refs.b1d97d5b2f7e0710,"",@progbits
 430 0000 789C 2DCE 		.string	"x\234-\316OKBQ\020\005\360s\306y\207\247O\037\246\364\007u\241Y\2374\332\005\202\270\367\
 430      4F4B 4251 
 430      1005 F073 
 430      C679 87A7 
 430      4F1F A6F4 
 431 0081 6D41 ED9C 		.ascii	"mA\355\234{;\330\321\375\311y\366o\337\256\177\\?\220z\364\006"
 431      7B3B D8D1 
 431      FDC9 79F6 
 431      6FDF AE7F 
 431      5C3F 907A 
 432 0097 4F36 B3B9 		.ascii	"O6\263\271\373\205si\317\266\262\265g/\366j\033{\263w\373d\350"
 432      FB85 7369 
 432      CFB6 B2B5 
 432      672F F66A 
 432      1B7B B377 
 433 00ae 8B65 4D75 		.ascii	"\213eMu\303\333\306\rr\200\0302\306\210\tx\213_-\031\031L"
 433      C3DB C60D 
 433      7280 1832 
 433      C688 0978 
 433      8B5F 2D19 
 434               		.text
 435               		.section	.gnu.lto_.decls.b1d97d5b2f7e0710,"",@progbits
 436 0000 789C 9D5A 		.ascii	"x\234\235Z{PTW\232\357sO?\240A\360A\022'\303f2\023\223\260[\265"
 436      7B50 5457 
 436      9AEF 734F 
 436      3FA0 41F0 
 436      4112 27C3 
 437 001b 6A92 AAAD 		.ascii	"j\222\252\255\235\252\251}g\247\266v+\246vfR5\177LQ\b\235\204"
 437      9DAA A97D 
 437      67A7 B676 
 437      2BA6 7666 
 437      5235 7F4C 
 438 0033 8A82 8B6D 		.ascii	"\212\202\213m\334T\355\356\\\025\024Q\261AE\020\021\024\025Q"
 438      DC54 EDEE 
 438      5C15 1451 
 438      B141 4510 
 438      1114 1551 
 439 0047 0444 90A7 		.ascii	"\004D\220\247\320 \362h|\360\f\202\022!AQP\001E\021\024\330\357"
 439      D020 F268 
 439      7CF0 0C82 
 439      1221 4151 
 439      5001 4511 
 440 005e 3BE7 DCBE 		.ascii	";\347\334\276\3676t\334\331.>\373\236s\177\347\373~\347{\234"
 440      F736 74DC 
 440      D92E 3EFB 
 440      9E73 7FE7 
 440      FB7E E77B 
 441 0073 7BCE 6D8D 		.ascii	"{\316m\215\006b\300\317\357\3373\030:\250\301`4\033\fs\360\t"
 441      0662 C0CF 
 441      EFDF 3318 
 441      3AA8 C160 
 441      341B 0C73 
 442 0089 80BE CF40 		.ascii	"\200\276\317@\214 \343 M \301 \205\006\376Y\n\362\024d\022d\n"
 442      8C20 E320 
 442      4D20 C120 
 442      8506 FE59 
 442      0AF2 1464 
 443 00a0 640E 8482 		.ascii	"d\016\204\202*\013\210/H \3102\2207A\336\002y\033d\005\310{ "
 443      2A0B 882F 
 443      4820 C832 
 443      9037 41DE 
 443      0279 1B64 
 444 00b8 7F01 B212 		.ascii	"\177\001\262\022$\033\344\004\3416r\340\3734H\036\310yb\320}"
 444      241B E404 
 444      E136 72E0 
 444      FB34 481E 
 444      C879 62D0 
 445 00cd D00E 157C 		.ascii	"\320\016\025|\212\341^\271\350'\342\236dP\307j?\310\315*\306"
 445      8AE1 5EB9 
 445      E827 E29E 
 445      6450 C76A 
 445      3FC8 CD2A 
 446 00e2 950B FE9F 		.ascii	"\225\013\376\237\n\035% \027@\212@F\241\357\317\304XI\214C\276"
 446      0A1D 2520 
 446      1740 8A40 
 446      46A1 EFCF 
 446      C458 498C 
 447 00f8 6853 E173 		.ascii	"hS\341s\332C7\366aW\221G\277\366\203~1\t\373h\017\375\350ikJ"
 447      DA43 37F6 
 447      6157 9147 
 447      BFF6 837E 
 447      3109 FB68 
 448 0112 D822 C207 		.ascii	"\330\"\302\007\332O\216\350\037\365n\202\371\335\307\300\343"
 448      DA4F 8EE8 
 448      1FF5 6E82 
 448      F9DD C7C0 
 448      E3
 449 0123 8273 C4B8 		.ascii	"\202s\304\270\004\031x\274\326h\346\214\037\"\360\236\037\214"
 449      0419 78BC 
 449      D668 E68C 
 449      1F22 F09E 
 449      1F8C 
 450 0135 9B9F D0A1 		.ascii	"\233\237\320\241\214o\025\343\312\205\256R\300\224\241\357Af"
 450      8C6F 15E3 
 450      CA85 AE52 
 450      C094 A1EF 
 450      4166 
 451 0147 85AE 1631 		.ascii	"\205\256\0261\007\034\277\220^\314\205\245\036zG5\234\264\272"
 451      071C BF90 
 451      5ECC 85A5 
 451      1E7A 4735 
 451      9CB4 BA
 452 015a C785 4D45 		.ascii	"\307\205ME\177\261&>\025 \023\302\346\003\003\217\213E\330\234"
 452      7FB1 263E 
 452      1520 13C2 
 452      E603 038F 
 452      8B45 D89C 
 453 016e 146D 6FB9 		.ascii	"\024mo\271\203\271\370\206A\315\201[\302v\241\340\261FpPbsO\360"
 453      83B9 F886 
 453      41CD 815B 
 453      C276 A1E0 
 453      B146 7050 
 454 0186 40FB A59A 		.ascii	"@\373\245\232\371*\\j\341\272\022\276\337\321\360B\377\217\200"
 454      F92A 5C6A 
 454      E1BA 12BE 
 454      DFD1 F042 
 454      FF8F 80
 455 0199 DC15 FCD0 		.ascii	"\334\025\374\320/.\220\213 \325 W\f<\307}\005g\254\203I\203\232"
 455      2F2E 908B 
 455      20D5 2057 
 455      0C3C C77D 
 455      0567 AC83 
 456 01b0 F7DE 720C 		.ascii	"\367\336r\fk\310jPc\253\315_m\356\"_\344e\022\366\265\266[\204"
 456      6BC8 6A50 
 456      63AB CD5F 
 456      6DEE 225F 
 456      E465 12F6 
 457 01c8 DF02 5F91 		.ascii	"\337\002_\221\317X\253\357{\304J\211\t\332\310\022sWx(\371PM"
 457      CF58 ABEF 
 457      7BC4 4A89 
 457      09DA C812 
 457      7357 7828 
 458 01df D45C FB1F 		.ascii	"\324\\\373\037\242\372W\361\033\372S\361\223\342\267\032\020"
 458      A2FA 57F1 
 458      1BFA 53F1 
 458      93E2 B71A 
 458      10
 459 01f0 09C4 0912 		.ascii	"\t\304\t\022\200zA\216\201\324\201\\\002\331Ax"
 459      807A 418E 
 459      81D4 815C 
 459      02D9 4178 
 460 0200 BCEA E1FB 		.string	"\274\352\341\373\317A.\203\374%\310\"1\267j1?\364\353A\350\377#Q\375\256\304\341\020\364\
 460      CF41 2E83 
 460      FC25 C822 
 460      31B7 6A31 
 460      3FF4 EB41 
 461 0301 FC1C 0936 		.string	"\374\034\t6\034\222\343ey1\353<)\303\307!\313\222\001\233$\237P\315\214\216\264\034\331\3
 461      1C92 E365 
 461      7931 EB3C 
 461      29C3 C721 
 461      CB92 019B 
 462 0366 C6A0 AB94 		.string	"\306\240\253\224\2544\220\013\300\271\00483\242\3755S\201\371H\275\234XI\031\241\f\002\02
 462      AC34 900B 
 462      C0B9 0438 
 462      33A2 FD35 
 462      5381 F948 
 463 03e5 83A0 2E1C 		.string	"\203\240.\034s\177\264\273$\220F1\307d?\311\330I\311\262\205i\223:`\353\2159\2671\347/K\2
 463      737F B4BB 
 463      2490 4631 
 463      C764 3FC9 
 463      D849 C9B2 
 464 04dd 6B83 2FCE 		.string	"k\203/\316V\004\360\225\303\f\315\312\322\252\006\023_cVC\323u\272\271\307D\035\214\013i\
 464      5604 F095 
 464      C30C CDCA 
 464      D2AA 0613 
 464      5F63 5643 
 465 057a B8E8 43A5 		.ascii	"\270\350C\245\370X\357\017\340\244\017\325\260V-\021\350o\275"
 465      F858 EF0F 
 465      E0A4 0FD5 
 465      B056 2D11 
 465      E86F BD
 466 058d A2BB 30BC 		.ascii	"\242\2730\274<\fN\021\006\205\350\200\210\300\035\210\300 @o"
 466      3C0C 4E11 
 466      0685 E880 
 466      88C0 1D88 
 466      C020 406F 
 467 05a1 837C 0FD2 		.ascii	"\203|\017\322\017rW\273\2008+\024;7\274\332\351&\301J\032;\333"
 467      0F72 57BB 
 467      8038 2B14 
 467      3B37 BCDA 
 467      E926 C14A 
 468 05b8 E224 F918 		.ascii	"\342$\371\030\305\225\214\201\347\255\037\\i\351\246X9!\220)"
 468      C595 8C81 
 468      E7AD 1F5C 
 468      69E9 A658 
 468      3921 9029 
 469 05cc E8F5 AA56 		.ascii	"\350\365\252V\223\227%,/\007\364y\311U\325pU\340[rS\250\352$"
 469      9397 252C 
 469      2F07 F479 
 469      C955 D570 
 469      55E0 5B72 
 470 05e4 6E5D B896 		.ascii	"n]\270\226\241\256NF\021\342\231\\\334v?\220~\30739\375\352}"
 470      A1AE 4E46 
 470      11E2 995C 
 470      DC76 3F90 
 470      7EC7 3339 
 471 05fb D722 6589 		.ascii	"\327\"e\211\322\273\210\334\007\317\374_\274\304\t\266a\025\334"
 471      D2BB 88DC 
 471      07CF FC5F 
 471      BCC4 09B6 
 471      6115 DC
 472 060e 03F8 905A 		.ascii	"\003\370\220Z\005\003b\2612f\345\366O\233\325%\\)\211v\240\331"
 472      0503 62B1 
 472      3266 E5F6 
 472      4F9B D525 
 472      5C29 8976 
 473 0624 C62A 7058 		.ascii	"\306*pX\330y\bv\036\200\356\021\355\312\340\354[\037+;k\tS\337"
 473      D879 0876 
 473      1E80 EE11 
 473      EDCA E0EC 
 473      5B1F 2B3B 
 474 063c 01EA 8755 		.ascii	"\001\352\207U\277\346\352\212\035\260=G\311\026\006\306\212<"
 474      BFE6 EA8A 
 474      1DB0 3D47 
 474      C916 06C6 
 474      8A3C 
 475 064e 23C0 EEDA 		.ascii	"#\300\356\332\363\\\306\273\231[\207\347\225{\352\335}g\375\351"
 475      F35C C6BB 
 475      995B 87E7 
 475      957B EADD 
 475      7D67 FDE9 
 476 0662 2077 D2E3 		.ascii	" w\322\343\226\356\355\201\212\223<\271\2231\240\354\215>72\216"
 476      96EE ED81 
 476      8A93 3CB9 
 476      9331 A0EC 
 476      8D3E 3732 
 477 0677 AE19 05C8 		.ascii	"\256\031\005\310#\3255\303\312:^\323Pp\237\370'\270\327Z\006"
 477      23D5 35C3 
 477      CA3A 5ED3 
 477      5070 9FF8 
 477      27B8 D75A 
 478 068c 549F 6DE3 		.ascii	"T\237m\343\304\037\025\3417\200\367t\247\357\366\275\t\345\001"
 478      C41F 15E1 
 478      3780 F774 
 478      A7EF F6BD 
 478      09E5 01
 479 069f 1B0C B16F 		.ascii	"\033\f\261o!D\371\"x\311\232\004/\261!\031\304\316\210\360.&"
 479      2144 F922 
 479      78C9 9A04 
 479      2FB1 2119 
 479      C4CE 88F0 
 480 06b5 E24B 40C4 		.ascii	"\342K@\304\245\252\214\375\021q9\247|\230\022\336\251\352\302"
 480      A5AA 8CFD 
 480      1171 39A7 
 480      7C98 12DE 
 480      A9EA C2
 481 06c8 2EC9 BD73 		.ascii	".\311\275sb\243\330}\334\347\022u(\341\372\260\237\b&Z\305\234"
 481      62A3 D87D 
 481      DCE7 1275 
 481      28E1 FAB0 
 481      9F08 265A 
 482 06de B746 2FD1 		.ascii	"\267F/\321O\216(Aij9\361\210\3221\276,\r\367\324\037\013X\236"
 482      4F8E 2841 
 482      696A 39F1 
 482      88D2 31BE 
 482      2C0D F7D4 
 483 06f6 C2F3 567E 		.ascii	"\302\363V~\233\220\317^w\327\366\004Y\016\377\2565\362a\327\247"
 483      9B90 CF5E 
 483      77D7 F604 
 483      590E FFAE 
 483      35F2 61D7 
 484 070b 461D 965F 		.ascii	"F\035\226_d\311\316B\271?=\371\017w\360\031\003\243\214\b#O\324"
 484      64C9 CE42 
 484      B93F 3DF9 
 484      0F77 F019 
 484      03A3 8C08 
 485 0722 903C 615B 		.ascii	"\220<a[&\362\030\252\310@\236\222_\300\320s\365SC\2764\207o\347"
 485      26F2 18AA 
 485      C840 9E92 
 485      5FC0 D073 
 485      F553 43BE 
 486 073a 6A73 B387 		.ascii	"js\263\207\204\036\347Lo@\234\354\334\002j$\246\346\231\252\346"
 486      841E E74C 
 486      6F40 9CEC 
 486      DC02 6A24 
 486      A6E6 99AA 
 487 074f 9956 CD24 		.ascii	"\231V\315$S\2635-\377}Z\305\265\304\017\224\310Th\271\321+\311"
 487      53B3 352D 
 487      FF7D 5AC5 
 487      B5C4 0F94 
 487      C854 68B9 
 488 0766 85A0 E3EF 		.ascii	"\205\240\343\357\230\216\347\252\216\347Z\035SL\307\204\343\207"
 488      988E E7AA 
 488      8EE7 5A1D 
 488      534C C784 
 488      E387 
 489 0778 1142 AF71 		.ascii	"\021B\257q%\025\333\262\357X\215\340z\366T\203\211B\337\361\227"
 489      2515 DBB2 
 489      EF58 8DE0 
 489      7AF6 5483 
 489      8942 DFF1 
 490 078d B325 FEAC 		.ascii	"\263%\376\254\017K\376\005a\2355ce%Fw\347K\336\331\177%\275O"
 490      0F4B FE05 
 490      619D 3563 
 490      6525 4677 
 490      E74B DED9 
 491 07a5 E73A 5C6F 		.ascii	"\347:\\o\024\337\3152\337\315\020\341\274k)\025c\004\350\266"
 491      14DF CD32 
 491      DFCD 10E1 
 491      BC6B 2915 
 491      6304 E8B6 
 492 07b9 16E2 037A 		.ascii	"\026\342\003zU^\202\023\235\3474\"\216L\253\214\247\265\214\347"
 492      555E 8213 
 492      9DE7 3422 
 492      8E4C AB8C 
 492      A7B5 8CE7 
 493 07cd 18E3 A6   		.ascii	"\030\343\246"
 494 07d0 8C03 8F29 		.string	"\214\003\217)\355\347\214;\352k\313\002\031\021\254K\3168\251\243\365$\365\306c\253\204<\
 494      EDE7 8C3B 
 494      EA6B CB02 
 494      1911 AC4B 
 494      CE38 A9A3 
 495 080e 7DC0 39EC 		.ascii	"}\3009\354u\354-31\016\243n\016\256\303\223U\026o\034\2663\016"
 495      75EC 2D33 
 495      310E A36E 
 495      0EAE C393 
 495      5516 6F1C 
 496 0825 710A      		.ascii	"q\n"
 497 0827 8796 CEBE 		.string	"\207\226\316\276\363Vw\"\375\263\232H\200#\261*\217X-\217\035\214G\326\236\3337\375\350\0
 497      F356 7722 
 497      FDB3 9A48 
 497      8023 B12A 
 497      8F58 2D8F 
 498 0928 18D9 AF50 		.string	"\030\331\257P')\222\021[*\373C\214\375\344\235\264,_\332C\275\346\257\263\260\245\333\307
 498      2729 9211 
 498      5B2A FB43 
 498      8CFD E49D 
 498      B42C 5FDA 
 499 095b 9174 D583 		.string	"\221t\325\203\351Z\016G\030\207\330\246\007\207\315t\214sho\227\263\260\016\373a\303\236\
 499      E95A 0E47 
 499      1887 D8A6 
 499      0787 CD74 
 499      8C73 686F 
 500 0a28 2067 54DB 		.string	" gT\333g\024\333\371\314\366t\372\3353fZ\351}\342\003yu;\315\264\203\003\006:\347R\215\36
 500      6714 DBF9 
 500      CCF6 74FA 
 500      DD33 665A 
 500      E97D E203 
 501 0a6e 84F0 DD7F 		.string	"\204\360\335\177\317\320\247g\333\035\362\251_\261ml\021p+\227\324m\354j\276\215-\223\224
 501      CFD0 A767 
 501      DB1D F2A9 
 501      5FB1 6D6C 
 501      1170 2B97 
 502 0ad7 EE3F 01E7 		.string	"\356?\001\347\261\377<\\\2264e\242\373L\314w\316\264\263\247\375i\032k\320\376\221\007\37
 502      B1FF 3C5C 
 502      9634 65A2 
 502      FB4C CC77 
 502      CEB4 B3A7 
 503 0b8a BE19 A451 		.ascii	"\276\031\244Q\322\356\353\017\360\350\271\244\005\016e\007w\275"
 503      D2EE EB0F 
 503      F0E8 B9A4 
 503      050E 6507 
 503      77BD 
 504 0b9c 1687 24C0 		.ascii	"\026\207$\300\033\244Nh\253\225\334\214\331\003\243II\006p\327"
 504      1BA4 4E68 
 504      AB95 DC8C 
 504      D903 A349 
 504      4906 70D7 
 505 0bb0 81A4 EA1B 		.ascii	"\201\244\352\033\026Z\310\003\256\274b\fb\257\030iOgC\257"
 505      165A C803 
 505      AEBC 620C 
 505      62AF 1869 
 505      4F67 43AF 
 506 0bc4 458D 890F 		.string	"E\215\211\017iU\302\341\224\373\265\241oe\301\270\016f\332\224\320\303n\271\225\007d_\347
 506      6955 C2E1 
 506      94FB B5A1 
 506      6F65 C1B8 
 506      0E66 DA94 
 507 0cc5 FC2E C880 		.string	"\374.\310\200\256j\306\271S\007\027r\352S\221\b8\277\357\274\317O)\232\244\231'\267(\235\
 507      AE6A C6B9 
 507      5307 1772 
 507      EA53 9108 
 507      38BF EFBC 
 508 0d19 52F2 91E4 		.string	"R\362\221\344~\353\376\220\327U\306\354\261F?\272\217\253\357\337\2262\354OSY\303\327q9/\
 508      7EEB FE90 
 508      D755 C6EC 
 508      B146 3FBA 
 508      8FAB EFDF 
 509 0d9c C120 2342 		.string	"\301 #B\335\207\363\354k\335\331\256\006`\324#"
 509      DD87 F3EC 
 509      6BDD D9AE 
 509      0660 D423 
 509      00
 510 0dad AB3C DC89 		.string	"\253<\334\211\273\306\346\330,\023=\303\002j>Y\2229a\321\356[\234U\372h\316\316\217\346\2
 510      BBC6 E6D8 
 510      2C13 3DC3 
 510      026A 3E59 
 510      9239 61D1 
 511 0e75 5027 5B05 		.string	"P'[\005\223-T\277\t@\345\332\035!w. =\234{\322Q\327Jh\023_f\034/\247A\337U\236\225\227\01
 511      932D 54BF 
 511      0940 E5DA 
 511      1D21 772E 
 511      203D 9C7B 
 512 0ef2 8D63 2F8A 		.string	"\215c/\212q\227~\016,\034\246A^B\t\350\347.\330:\254f\017\244\276Wa\017\2670,n\371\252^\2
 512      7197 7E0E 
 512      2C1C A641 
 512      5E42 09E8 
 512      E72E D83A 
 513 0f57 482A 480A 		.ascii	"H*H\n\310~\2204]:d$\004\362`5\211t\360b\230\247B\272\313\037"
 513      C87E 9034 
 513      5D3A 6424 
 513      04F2 6035 
 513      8974 F062 
 514 0f71 5301 301E 		.ascii	"S\0010\036E\224\231\335\f\317\352\036V7\322\315\333\367]\201"
 514      4594 99DD 
 514      0CCF EA1E 
 514      5637 D2CD 
 514      DBF7 5D81 
 515 0f85 2428 6441 		.ascii	"$(dA\262\344(p\374\377\360\345\f:Z\b2\310\002\005\231\324}\320"
 515      B2E4 2870 
 515      FCFF F0E5 
 515      0C3A 5A08 
 515      32C8 0205 
 516 0f9d 4642 8C   		.ascii	"FB\214"
 517 0fa0 C7D0 D4CB 		.ascii	"\307\320\324\313A\243\366\364\216@e\263q\214\342\361\275P9\276"
 517      41A3 F6F4 
 517      8E40 65B3 
 517      718C E2F1 
 517      BD50 39BE 
 518 0fb4 D7B5 0C6F 		.ascii	"\327\265\fo\367\027o\\\016L~\232Y\274_\21673\024)P\317\360\005"
 518      F717 6F5C 
 518      0E4C 7E9A 
 518      59BC 5F8E 
 518      3733 1429 
 519 0fcc CA19 3E9B 		.ascii	"\312\031>\233\342\031\276\360\351\265\263\224n\265\260\325\342"
 519      E219 BEF0 
 519      E9B5 B394 
 519      6EB5 B0D5 
 519      E2
 520 0fdd 499D B397 		.ascii	"I\235\263\227\n\ri\327\242\006\022\344X\312^7\036W\251\301%\037"
 520      0A0D 69D7 
 520      A206 12E4 
 520      58CA 5E37 
 520      1E57 A9C1 
 521 0ff3 7F82 8DBF 		.ascii	"\177\202\215\277?\222\362\310D\223\370\370t"
 521      3F92 F2C8 
 521      4493 F8F8 
 521      74
 522 1000 D9D1 2EBD 		.ascii	"\331\321.\275\233\215\277\355\367\247'\277\237\267U\226){\005"
 522      9B8D BFED 
 522      F7A7 27BF 
 522      9FB7 5596 
 522      297B 05
 523 1013 7592 8FD7 		.ascii	"u\222\217\327\374\216\203=\277\225\f$\207\276\213/.\006\356\234"
 523      FC8E 833D 
 523      BF95 0C24 
 523      87BE 8B2F 
 523      2E06 EE9C 
 524 1027 C61F 1CB1 		.ascii	"\306\037\034\261ZQ\321\267\345%\023f\232\301\265\306_\3178\347"
 524      5A51 D1B7 
 524      E525 1366 
 524      9AC1 B5C6 
 524      5FCF 38E7 
 525 103b 035A E563 		.ascii	"\003Z\345c\262\263p\211\314\177u\317\025\032\335\257Q\240}\n"
 525      B2B3 7089 
 525      CC7F 75CF 
 525      151A DDAF 
 525      51A0 7D0A 
 526 104f 9E02 E434 		.ascii	"\236\002\3444S\230[;\371\300B\317\211i\335\351zl\026\n\212\024"
 526      5398 5B3B 
 526      F9C0 42CF 
 526      8969 DDE9 
 526      7A6C 160A 
 527 1065 0567 3C14 		.ascii	"\005g<\024\234Q\024\3441\005u\256\234X_z\231+P~V]\312\177V-\276"
 527      9C51 14E4 
 527      3105 75AE 
 527      9C58 5F7A 
 527      992B 507E 
 528 1080 387E 42FC 		.ascii	"8~B\374O\016\031\177;\235H\210\233\244\374\266\005_\004\346\325"
 528      4F0E 197F 
 528      3B9D 4888 
 528      9BA4 FCB6 
 528      055F 04E6 
 529 1095 5FF7 B7C6 		.ascii	"_\367\267\306\363d\301\037j\240_M\355s\354\241\205\277\335Qv"
 529      F364 C11F 
 529      6AA0 5F4D 
 529      ED73 ECA1 
 529      85BF DD51 
 530 10aa 347A 747A 		.ascii	"4ztz\254\310\264\324\201h\007\276fc\376*\200\265?\237\"\274\210"
 530      ACC8 B4D4 
 530      8168 07BE 
 530      6663 FE2A 
 530      80B5 3F9F 
 531 10c1 2E55 0621 		.ascii	".U\006!\372\364t\326\277r\007;\217\230`&p\233\234\0253Q\007\235"
 531      FAF4 74D6 
 531      BF72 073B 
 531      8F98 6026 
 531      709B 9C15 
 532 10d9 15CE 3DCF 		.ascii	"\025\316=\317\246\322\3259ZG\265?\034\341\364UB\305\224\377p"
 532      A6D2 D539 
 532      5A47 B53F 
 532      1CE1 F455 
 532      42C5 94FF 
 533 10ee 04DF 78C2 		.ascii	"\004\337x\302w\215\324\370j\301\370\316N\005\227\bp\t\003\017"
 533      778D D4F8 
 533      6AC1 F8CE 
 533      4E05 9708 
 533      7009 030F 
 534 1102 151C DC25 		.ascii	"\025\034\334%i\301HG\005_\020\340\013\f\234zm\372\270\016\334"
 534      69C1 4847 
 534      055F 10E0 
 534      0B0C 9C7A 
 534      6DFA B80E 
 535 1117 ACFB FDAA 		.ascii	"\254\373\375\252T\200K\0318W\336\366\226\026\333\252\303\226"
 535      5480 4B19 
 535      3857 DEF6 
 535      9616 DBAA 
 535      C396 
 536 1129 096C 19C3 		.ascii	"\tl\031\303\306%\246\355\f\324\202\361\027\007\025\\.\300\345"
 536      C625 A6ED 
 536      0CD4 82F1 
 536      1707 155C 
 536      2EC0 E5
 537 113c 9C45 6E45 		.ascii	"\234EnE\274\216\305\204\016\\!\300\025\f\234\357\272}\324\242"
 537      BC8E C584 
 537      0E5C 21C0 
 537      150C 9CEF 
 537      BA7D D4A2 
 538 1150 0567 EB9C 		.ascii	"\005g\353\234Q)\300\225\b\246\345\323\005i\026\375I\371\217\244"
 538      5129 C095 
 538      08A6 E5D3 
 538      0569 16FD 
 538      49F9 8FA4 
 539 1164 9A8A D729 		.ascii	"\232\212\327)\324}^\320\374\267\027\003\3537\220\213\020\271"
 539      D47D 5ED0 
 539      FCB7 1703 
 539      EB37 908B 
 539      10B9 
 540 1176 2ACC 3D68 		.ascii	"*\314=h\202\331\313\211O'u\001\333\2523[#\314\3260\216\205\016"
 540      82D9 CB89 
 540      4F27 7501 
 540      DBAA 335B 
 540      23CC D630 
 541 118d 57BC 8E63 		.ascii	"W\274\216c\242\016\354\024`'\003\217\355\334qU\247\031\027\007"
 541      A20E EC14 
 541      6027 038F 
 541      EDDC 7155 
 541      A719 1707 
 542 11a1 155C 2BC0 		.ascii	"\025\\+\300\265\f\\\272\263\244\336\252\005k\227R\003\251\023"
 542      B50C 5CBA 
 542      B3A4 DEAA 
 542      056B 9752 
 542      03A9 13
 543 11b4 E03A 06FE 		.ascii	"\340:\006\376\276\275\354\206\216F\226\016|I\200/1\360\017\007"
 543      BEBD EC86 
 543      8E46 960E 
 543      7C49 802F 
 543      31F0 0F07 
 544 11c8 93AB 7441 		.ascii	"\223\253tA\310\325q\256\027\340z\006\276t\275\363\261Y\013>\253"
 544      C8D5 71AE 
 544      17E0 7A06 
 544      BE74 BDF3 
 544      B159 0B3E 
 545 11dd 035F 16E0 		.ascii	"\003_\026\340\313\f\234\224\326\235k~\347(\257\246\004(\201\317"
 545      CB0C 9C94 
 545      D69D 6B7E 
 545      E728 AFA6 
 545      0428 81CF 
 546 11f1 5E67      		.ascii	"^g"
 547 11f3 EFF7 F992 		.string	"\357\367\371\222\325@\337\301\037\b:v<\266p\f\234#\203\345S>zT#C\225\025\024.\022\240Yk\2
 547      D540 DFC1 
 547      1F08 3A76 
 547      3CB6 700C 
 547      9C23 83E5 
 548 12f4 11A1 F6A0 		.string	"\021\241\366\240\315a\221\366\310\250/B\327n\372\374s[Lh\370:[X\314\317\027V\020\n\2437"
 548      CD61 91F6 
 548      C8A8 2F42 
 548      D76E FAFC 
 548      735B 4C68 
 549 1315 7665 B821 		.ascii	"ve\270!(\302\266v\323\027\241\372\301Kx\247@\205\202\225%\377"
 549      28C2 B676 
 549      D317 A1FA 
 549      C14B 78A7 
 549      4085 8295 
 550 132b F29B D04F 		.ascii	"\362\233\320O\326|\374\331\307\237\374ve\344\306\230\260\225"
 550      D67C FCD9 
 550      C79F FC76 
 550      65E4 C698 
 550      B095 
 551 133d ABFD A0E7 		.ascii	"\253\375\240\347\337?\376\267\217\377\3767\037\377\323R\017\333"
 551      DF3F FEB7 
 551      8FFF FE37 
 551      1FFF D352 
 551      0FDB 
 552 134f B6A8 FF78 		.ascii	"\266\250\377x\303\243kcx\0303\373S\217~\3737\033l\021\\\345\007"
 552      C3A3 6B63 
 552      7818 33FB 
 552      538F 7EFB 
 552      371B 6C11 
 553 1366 811B 62A2 		.ascii	"\201\033b\242\303!X\212\341\305_\330\354n\022\340\232\365\306"
 553      C321 588A 
 553      E1C5 5FD8 
 553      EC6E 12E0 
 553      9AF5 C6
 554 1379 CDB6 B0AF 		.ascii	"\315\266\260\257^\327\317!T\f\362\347\234\271;\002\024M\274\371"
 554      5ED7 CF21 
 554      540C F2E7 
 554      9CB9 3B02 
 554      144D BCF9 
 555 138d 86BE 8943 		.ascii	"\206\276\211CC\277\004o[#\231-\234\240\037\037\316\202\365\306"
 555      43BF 046F 
 555      5B23 992D 
 555      9CA0 1F1F 
 555      CE82 F5C6 
 556 13a1 BAB0 6F90 		.ascii	"\272\260o\220\362\346H{\370\227\241H\202\2334~\276)*\334\370"
 556      F2E6 487B 
 556      F897 A148 
 556      829B 347E 
 556      BE29 2ADC 
 557 13b6 5564 5404 		.ascii	"UdT\004\215\336`\227\"#\002\005\025\354\307\213\267\274\270;"
 557      8DDE 6097 
 557      2223 0205 
 557      15EC C78B 
 557      B7BC B83B 
 558 13ca 3C3A C286 		.ascii	"<:\302\206A\333\2641\354\013\233q\003\376\203]\376\3426\353\366"
 558      41DB B431 
 558      EC0B 9B71 
 558      03FE 835D 
 558      FEE2 36EB 
 559 13df E546 810E 		.ascii	"\345F\201\016\375:l\335bq\313\335i\345W\353\243#6\232\330\245"
 559      FD3A 6CDD 
 559      6271 CBDD 
 559      69E5 57EB 
 559      A323 369A 
 560 13f5 112F 97E8 		.ascii	"\021/\227\350`\330\343\307/\327F\332\2437H\370\027\005\366b\354"
 560      60D8 E3C7 
 560      2FD7 46DA 
 560      A337 48F8 
 560      1705 F662 
 561 140a C6FF 841E 		.ascii	"\306\377\204\036#\310\306\245\272!\fg\025]\340\006\023\200\303"
 561      23C8 C6A5 
 561      BA21 0C67 
 561      155D E006 
 561      1380 C3
 562 141d D6FB 291D 		.ascii	"\326\373)\0350U\343\306\315a\033\224\016\274\366Q\374\3773/\263"
 562      3055 E3C6 
 562      CD61 1B94 
 562      0EBC F651 
 562      FCFF 332F 
 563 1432 659A 61BA 		.ascii	"e\232a\272\001,\005C\225*\361\323\244\3232\217,\370\322\026\026"
 563      012C 0543 
 563      952A F1D3 
 563      A4D3 328F 
 563      2CF8 D216 
 564 1447 E1D9 670F 		.ascii	"\341\331g\017\213\\\027\240\357\373_ku\267\327"
 564      8B5C 17A0 
 564      EFFB 5F6B 
 564      75B7 D7
 565               		.text
 566               		.section	.gnu.lto_.symtab.b1d97d5b2f7e0710,"",@progbits
 567 0000 6765 745F 		.string	"get_tapping_term"
 567      7461 7070 
 567      696E 675F 
 567      7465 726D 
 567      00
 568 0011 00        		.string	""
 569 0012 01        		.ascii	"\001"
 570 0013 00        		.string	""
 571 0014 00        		.string	""
 572 0015 00        		.string	""
 573 0016 00        		.string	""
 574 0017 00        		.string	""
 575 0018 00        		.string	""
 576 0019 00        		.string	""
 577 001a 00        		.string	""
 578 001b 00        		.string	""
 579 001c 1A01 00   		.string	"\032\001"
 580 001f 00        		.string	""
 581 0020 6163 7469 		.string	"action_tapping_process"
 581      6F6E 5F74 
 581      6170 7069 
 581      6E67 5F70 
 581      726F 6365 
 582 0037 00        		.string	""
 583 0038 00        		.string	""
 584 0039 00        		.string	""
 585 003a 00        		.string	""
 586 003b 00        		.string	""
 587 003c 00        		.string	""
 588 003d 00        		.string	""
 589 003e 00        		.string	""
 590 003f 00        		.string	""
 591 0040 00        		.string	""
 592 0041 00        		.string	""
 593 0042 1E01 00   		.string	"\036\001"
 594 0045 00        		.string	""
 595 0046 6465 6275 		.string	"debug_record"
 595      675F 7265 
 595      636F 7264 
 595      00
 596 0053 00        		.string	""
 597 0054 02        		.ascii	"\002"
 598 0055 00        		.string	""
 599 0056 00        		.string	""
 600 0057 00        		.string	""
 601 0058 00        		.string	""
 602 0059 00        		.string	""
 603 005a 00        		.string	""
 604 005b 00        		.string	""
 605 005c 00        		.string	""
 606 005d 00        		.string	""
 607 005e 2001 00   		.string	" \001"
 608 0061 00        		.string	""
 609 0062 7072 6F63 		.string	"process_record"
 609      6573 735F 
 609      7265 636F 
 609      7264 00
 610 0071 00        		.string	""
 611 0072 02        		.ascii	"\002"
 612 0073 00        		.string	""
 613 0074 00        		.string	""
 614 0075 00        		.string	""
 615 0076 00        		.string	""
 616 0077 00        		.string	""
 617 0078 00        		.string	""
 618 0079 00        		.string	""
 619 007a 00        		.string	""
 620 007b 00        		.string	""
 621 007c 2401 00   		.string	"$\001"
 622 007f 00        		.string	""
 623 0080 7072 6F63 		.string	"process_record_tap_hint"
 623      6573 735F 
 623      7265 636F 
 623      7264 5F74 
 623      6170 5F68 
 624 0098 00        		.string	""
 625 0099 02        		.ascii	"\002"
 626 009a 00        		.string	""
 627 009b 00        		.string	""
 628 009c 00        		.string	""
 629 009d 00        		.string	""
 630 009e 00        		.string	""
 631 009f 00        		.string	""
 632 00a0 00        		.string	""
 633 00a1 00        		.string	""
 634 00a2 00        		.string	""
 635 00a3 2601 00   		.string	"&\001"
 636 00a6 00        		.string	""
 637 00a7 6973 5F74 		.string	"is_tap_key"
 637      6170 5F6B 
 637      6579 00
 638 00b2 00        		.string	""
 639 00b3 02        		.ascii	"\002"
 640 00b4 00        		.string	""
 641 00b5 00        		.string	""
 642 00b6 00        		.string	""
 643 00b7 00        		.string	""
 644 00b8 00        		.string	""
 645 00b9 00        		.string	""
 646 00ba 00        		.string	""
 647 00bb 00        		.string	""
 648 00bc 00        		.string	""
 649 00bd 2A01 00   		.string	"*\001"
 650 00c0 00        		.string	""
 651 00c1 6465 6275 		.string	"debug_event"
 651      675F 6576 
 651      656E 7400 
 652 00cd 00        		.string	""
 653 00ce 02        		.ascii	"\002"
 654 00cf 00        		.string	""
 655 00d0 00        		.string	""
 656 00d1 00        		.string	""
 657 00d2 00        		.string	""
 658 00d3 00        		.string	""
 659 00d4 00        		.string	""
 660 00d5 00        		.string	""
 661 00d6 00        		.string	""
 662 00d7 00        		.string	""
 663 00d8 2E01 00   		.string	".\001"
 664 00db 00        		.string	""
 665 00dc 6C61 7965 		.string	"layer_switch_get_action"
 665      725F 7377 
 665      6974 6368 
 665      5F67 6574 
 665      5F61 6374 
 666 00f4 00        		.string	""
 667 00f5 02        		.ascii	"\002"
 668 00f6 00        		.string	""
 669 00f7 00        		.string	""
 670 00f8 00        		.string	""
 671 00f9 00        		.string	""
 672 00fa 00        		.string	""
 673 00fb 00        		.string	""
 674 00fc 00        		.string	""
 675 00fd 00        		.string	""
 676 00fe 00        		.string	""
 677 00ff A301 00   		.string	"\243\001"
 678 0102 00        		.string	""
 679 0103 636C 6561 		.string	"clear_keyboard"
 679      725F 6B65 
 679      7962 6F61 
 679      7264 00
 680 0112 00        		.string	""
 681 0113 02        		.ascii	"\002"
 682 0114 00        		.string	""
 683 0115 00        		.string	""
 684 0116 00        		.string	""
 685 0117 00        		.string	""
 686 0118 00        		.string	""
 687 0119 00        		.string	""
 688 011a 00        		.string	""
 689 011b 00        		.string	""
 690 011c 00        		.string	""
 691 011d A501 00   		.string	"\245\001"
 692 0120 00        		.string	""
 693               		.text
 694               		.section	.gnu.lto_.opts,"",@progbits
 695 0000 272D 666D 		.ascii	"'-fmath-errno' '-fsigned-zeros' '-ftrapping-math' '-fno-trap"
 695      6174 682D 
 695      6572 726E 
 695      6F27 2027 
 695      2D66 7369 
 696 003c 7627 2027 		.ascii	"v' '-fno"
 696      2D66 6E6F 
 697 0044 2D6F 7065 		.string	"-openmp' '-fno-openacc' '-mn-flash=1' '-mno-skip-bug' '-mmcu=avr5' '-gdwarf-2' '-Os' '-We
 697      6E6D 7027 
 697      2027 2D66 
 697      6E6F 2D6F 
 697      7065 6E61 
 698               		.text
 699               		.comm	__gnu_lto_v1,1,1
 700               		.comm	__gnu_lto_slim,1,1
 701               		.ident	"GCC: (GNU) 5.4.0"
DEFINED SYMBOLS
                            *ABS*:0000000000000000 action_tapping.c
     /tmp/cctJIuOZ.s:2      *ABS*:000000000000003e __SP_H__
     /tmp/cctJIuOZ.s:3      *ABS*:000000000000003d __SP_L__
     /tmp/cctJIuOZ.s:4      *ABS*:000000000000003f __SREG__
     /tmp/cctJIuOZ.s:5      *ABS*:0000000000000000 __tmp_reg__
     /tmp/cctJIuOZ.s:6      *ABS*:0000000000000001 __zero_reg__
                            *COM*:0000000000000001 __gnu_lto_v1
                            *COM*:0000000000000001 __gnu_lto_slim

NO UNDEFINED SYMBOLS
