   1               		.file	"eeconfig.c"
   2               	__SP_H__ = 0x3e
   3               	__SP_L__ = 0x3d
   4               	__SREG__ = 0x3f
   5               	__tmp_reg__ = 0
   6               	__zero_reg__ = 1
   7               		.text
   8               	.Ltext0:
   9               		.section	.gnu.lto_.profile.52d58ffa469177c6,"",@progbits
  10 0000 789C 6361 		.string	"x\234ca`d`c`"
  10      6064 6063 
  10      6000 
  11 000a 925B 5816 		.string	"\222[X\0261\002"
  11      3102 00
  12 0011 04B5 0168 		.ascii	"\004\265\001h"
  13               		.text
  14               		.section	.gnu.lto_.icf.52d58ffa469177c6,"",@progbits
  15 0000 789C 6361 		.string	"x\234ca`d"
  15      6064 00
  16 0007 8189 0C08 		.string	"\201\211\f\b \3010\361\367\331i\234\214\257\376\364\316\341a\372umu\033\017\363\365\326\3
  16      20C1 30F1 
  16      F7D9 699C 
  16      8CAF FEF4 
  16      CEE1 61FA 
  17 00a8 00        		.string	""
  18 00a9 0839 4C3A 		.ascii	"\b9L:"
  19               		.text
  20               		.section	.gnu.lto_.jmpfuncs.52d58ffa469177c6,"",@progbits
  21 0000 789C 6593 		.string	"x\234e\223IK\003A\020\205\247\246;3IL\214\2739x\020\357\376@O\212\022E\021=\b\221\200\340
  21      494B 0341 
  21      1085 A7A6 
  21      3B33 494C 
  21      8CBB 3978 
  22 0049 8356 B734 		.string	"\203V\2674\364\212\343O\302\217\t\311\304Q\321\3764\023\002\223`\026:\f\203\242o\343\233O
  22      F48A E34F 
  22      C28F 09C9 
  22      C451 D1FE 
  22      3413 0293 
  23 0098 2EE9 6312 		.ascii	".\351c\022\231\343Z"
  23      99E3 5A
  24 009f F750 D996 		.string	"\367P\331\226\322\016O\245r6k\005\314\023\267\265V3\211l\301\323\006\225\266\377\373\242\
  24      D20E 4FA5 
  24      7236 6B05 
  24      CC13 B7B5 
  24      5633 896C 
  25 01a0 273E CAE3 		.ascii	"'>\312\343\343m\363\376\355\202\177\353\370\267\374\361\361\347"
  25      E36D F3FE 
  25      ED82 7FEB 
  25      F8B7 FCF1 
  25      F1E7 
  26 01b2 D882 AD68 		.ascii	"\330\202\255hUM\323\335\b`7N\211\266q\303\371N\270\303\355*\371"
  26      554D D3DD 
  26      0860 374E 
  26      89B6 71C3 
  26      F94E B8C3 
  27 01c9 ED26 E708 		.ascii	"\355&\347\b\236\312z8#\036\327\203\256\231Dv\256\306\331\370"
  27      9ECA 7A38 
  27      231E D783 
  27      AE99 4476 
  27      AEC6 D9F8 
  28 01dd 0377 07EF 		.ascii	"\003w\007\357V"
  28      56
  29               		.text
  30               		.section	.gnu.lto_.inline.52d58ffa469177c6,"",@progbits
  31 0000 789C 9592 		.string	"x\234\225\222[\016\2020\020E\357\320J\021\nE\343\203D\023\226\341.\\\233K`5|\273\0077b\01
  31      5B0E 8230 
  31      1045 EFD0 
  31      4A11 0A45 
  31      E383 4413 
  32 0024 E94D B41F 		.string	"\351M\264\037mfN\356<\253!\b\347\223`>\r\220V\202\340I\273v"
  32      6D66 4EEE 
  32      3CAB 2108 
  32      E793 603E 
  32      0D90 5682 
  33 003d CA22 D8C2 		.ascii	"\312\"\330\302@\002\343<H\336nE\004\212\001\035\r%\330\221\024"
  33      4002 E33C 
  33      48DE 6E45 
  33      048A 011D 
  33      0D25 D891 
  34 0052 AF67 4A14 		.ascii	"\257gJ\024\206*2\024wOt\327n\253\032\356=\362\233\bj?\0015\251"
  34      862A 3214 
  34      774F 74D7 
  34      6EAB 1AEE 
  34      3DF2 9B08 
  35 006b 7DA1 7A19 		.ascii	"}\241z\031bzs\222\274\240\311\355\330\371\202\3502(\312\250?"
  35      627A 7392 
  35      BCA0 C9ED 
  35      D8F9 82E8 
  35      3228 CAA8 
  36 0080 282A A270 		.ascii	"(*\242pTQ\223\252\0160\315\332/\371\f\217x\364\262\031\313\200"
  36      5451 93AA 
  36      0E30 CDDA 
  36      2FF9 0C8F 
  36      78F4 B219 
  37 0096 C7A8 D34A 		.ascii	"\307\250\323J\177\267\376~N\3206R\336\231\364\177\241\375_\331"
  37      7FB7 FE7E 
  37      4ED0 3652 
  37      DE99 F47F 
  37      A1FD 5FD9 
  38 00aa EF6A C260 		.ascii	"\357j\302`\004\231 \272\033|\001\207\260'\313"
  38      0499 20BA 
  38      1B7C 0187 
  38      B027 CB
  39               		.text
  40               		.section	.gnu.lto_.pureconst.52d58ffa469177c6,"",@progbits
  41 0000 789C 05C1 		.string	"x\234\005\301\207\021\200@"
  41      8711 8040 
  41      00
  42 0009 C3B0 3C98 		.ascii	"\303\260<\230\3369\212\327`\377\345\220H\311\227\304X\254\250"
  42      DE39 8AD7 
  42      60FF E590 
  42      48C9 97C4 
  42      58AC A8
  43 001c 81C6 96CE 		.ascii	"\201\306\226\316\236\301\221\311\231\305\225\315\335\303\323"
  43      9EC1 91C9 
  43      99C5 95CD 
  43      DDC3 D3
  44 002b CB9B C717 		.ascii	"\313\233\307\027\375\001C7\002\340"
  44      FD01 4337 
  44      02E0 
  45               		.text
  46               		.section	.gnu.lto_eeconfig_enable.52d58ffa469177c6,"",@progbits
  47 0000 789C 254D 		.string	"x\234%M\261J\003Q\020\334\331\r\2274\202}\"\244Mc\374\026\177\300\3428E\344r \266\3416\35
  47      B14A 0351 
  47      10DC D90D 
  47      9734 827D 
  47      22A4 4D63 
  48 0031 1BB1 9010 		.ascii	"\033\261\220\020\024#\304\302\342<w\343\300\260\313\3140S#\220"
  48      1423 C4C2 
  48      E23C 77E3 
  48      C0B0 CBCC 
  48      3053 2390 
  49 0045 E3D1 B866 		.ascii	"\343\321\270fl\032!\004>7e\320`\300\037m\200rF\216o.\031\223"
  49      6C1A 2104 
  49      3E37 65D0 
  49      60C0 1F6D 
  49      8072 468E 
  50 005d 93B7 823B 		.ascii	"\223\267\202;C5\274<|n\350h\214 D\025/\233\bCt\310b\257w\277"
  50      4335 BC3C 
  50      7C6E E868 
  50      8C20 4415 
  50      2F9B 0843 
  51 0077 172B D1B1 		.ascii	"\027+\321\261\307\332\377&F\210|\356vs\254Uu\244\372\323\266"
  51      C7DA FF26 
  51      4688 7CEE 
  51      7673 AC55 
  51      75A4 FAD3 
  52 008c 2D9A 9BE7 		.ascii	"-\232\233\347+_\314~e\212\240}\317zKQ\274?\327\363ROUW\203\240"
  52      2B5F CC7E 
  52      658A A07D 
  52      CF7A 4B51 
  52      BC3F D7F3 
  53 00a6 622B C015 		.ascii	"b+\300\025r\367.\303\344\251\276\340 &\342\032-\223>\316\356"
  53      72F7 2EC3 
  53      E4A9 BEE0 
  53      2026 E21A 
  53      2D93 3ECE 
  54 00bb A791 4B82 		.ascii	"\247\221K\202Y)\270A+H\215f8TY6:\346\026\267\035[m\036\244{["
  54      5929 B841 
  54      2B48 8D66 
  54      3854 5936 
  54      3AE6 16B7 
  55 00d6 71B6 9F74 		.ascii	"q\266\237t\343,M\263^7I\342\254\267\275\273\263\036\323\037\276"
  55      E32C 4DB3 
  55      5E37 49E2 
  55      ACB7 BDBB 
  55      B31E D31F 
  56 00eb EC54 51   		.ascii	"\354TQ"
  57               		.text
  58               		.section	.gnu.lto_eeconfig_disable.52d58ffa469177c6,"",@progbits
  59 0000 789C 254D 		.string	"x\234%M\261J\003Q\020\334\331\027\2224\001\373D\020\254\322\230\374\205\275?`q\234\"r9\b\
  59      B14A 0351 
  59      10DC D917 
  59      9234 01FB 
  59      4410 ACD2 
  60 00f3 AA58 2B   		.ascii	"\252X+"
  61               		.text
  62               		.section	.gnu.lto_eeconfig_is_enabled.52d58ffa469177c6,"",@progbits
  63 0000 789C 2D8E 		.string	"x\234-\216\261J\003A\020\206\347\237\275\\\322(\3669A\3134&\340\233\370\002\026\307)\"\22
  63      B14A 0341 
  63      1086 E79F 
  63      BD5C D228 
  63      F639 41CB 
  64 00d7 3365 8CEE 		.ascii	"3e\214\356\216\317}\355U0.\f\316\020\320\030\374_\241\277%\240"
  64      8ECF 7DED 
  64      5530 2E0C 
  64      CE10 D018 
  64      FC5F A1BF 
  65 00ed 72B7 4A7D 		.ascii	"r\267J};\336\\\r\223\255\250\031&q\234\264\233Q\024&\355\265"
  65      3BDE 5C0D 
  65      93AD A819 
  65      2671 9CB4 
  65      9B51 1426 
  66 0103 8DF5 A590 		.ascii	"\215\365\245\220~\0014xZ\320"
  66      7E01 3478 
  66      5AD0 
  67               		.text
  68               		.section	.gnu.lto_eeconfig_is_disabled.52d58ffa469177c6,"",@progbits
  69 0000 789C 2D90 		.string	"x\234-\220\275J\003A\024\205\357\271\263\371i\024\373\254\240e\032\023\260\360=|\001\213%
  69      BD4A 0341 
  69      1485 EFB9 
  69      B3F9 6914 
  69      FBAC A065 
  70 0033 6D14 040B 		.string	"m\024\004\013\305BD,\"h\231\254\367\032/\034f`\316|\3370\001\201l\306\232EMM\003G\340\316
  70      C542 442C 
  70      2268 99AC 
  70      F71A 2F1C 
  70      6660 CE7C 
  71 00d6 3763 5C3F 		.ascii	"7c\\?>\254Y\255\204\242p8CH\037\340\377\306\337o(T\335\372\222"
  71      3EAC 59AD 
  71      84A2 7038 
  71      4348 1FE0 
  71      FFC6 DF6F 
  72 00ef DA5E BCB3 		.ascii	"\332^\274\263\021%\273\255F\224\304q\322n\264ZQ\322\336\334\336"
  72      1125 BBAD 
  72      4694 C471 
  72      D26E B45A 
  72      51D2 DEDC 
  73 0104 5A89 E817 		.ascii	"Z\211\350\027\250\242Zp"
  73      A8A2 5A70 
  74               		.text
  75               		.section	.gnu.lto_eeconfig_read_debug.52d58ffa469177c6,"",@progbits
  76 0000 789C 258D 		.string	"x\234%\215\277J\003a\020\304wv%\206\200b)\344\004-\323\030\301\227\260\366\005,\216SD.\00
  76      BF4A 0361 
  76      10C4 7776 
  76      2586 8062 
  76      29E4 042D 
  77 0099 FAB0 80D7 		.ascii	"\372\260\200\327}2\373\226W\f\264\202\177\364\305\213\253\352"
  77      7D32 FB96 
  77      570C B482 
  77      7FF4 C58B 
  77      ABEA 
  78 00ab 7DB6 58CE 		.ascii	"}\266X\316\365Tu%\b\"\033\b\023\224\336twy6i|q\020\006\343\032"
  78      F554 7525 
  78      0822 1B08 
  78      1394 DE74 
  78      7779 3669 
  79 00c5 4910 A137 		.ascii	"I\020\2417\263\377\317\364G\207S\3157O\362\243\275\2648\316\332"
  79      B3FF CFF4 
  79      4787 53CD 
  79      374F F2A3 
  79      BDB4 38CE 
  80 00da 6991 E745 		.ascii	"i\221\347E\247\235ei\321\331?<\330L\351\027\247AL\302"
  80      A79D 6569 
  80      D1D9 3F3C 
  80      D84C E917 
  80      A741 4CC2 
  81               		.text
  82               		.section	.gnu.lto_eeconfig_update_debug.52d58ffa469177c6,"",@progbits
  83 0000 789C 254E 		.string	"x\234%N\261J\003A\024|\363\336\021C@\320:AL\025\322\030\305?\361\007D\216(\242\311\201\21
  83      B14A 0341 
  83      147C F3DE 
  83      1143 40D0 
  83      3A41 4C15 
  84 0036 2BC1 C242 		.ascii	"+\301\302B\021\024Q\213\bZI<\337\306\201a\207\335\231\331\361"
  84      1114 518B 
  84      085A 493C 
  84      DFC6 8161 
  84      87DD 99D9 
  85 004b 08E4 F063 		.ascii	"\b\344\360c,\032\363F\b\201wo\210\326\263\f8\241YP\310\b\361"
  85      2C1A F346 
  85      0881 776F 
  85      88D6 B30C 
  85      38A1 5950 
  86 0062 CD7D C6F5 		.ascii	"\315}\306\365\346K\302\345\266\032\036\237\017\2474\356\"\022"
  86      E64B C2E5 
  86      B61A 1E9F 
  86      0FA7 34EE 
  86      2212 
  87 0074 A294 074D 		.ascii	"\242\224\007M\2046\312\346\332\273\335\271\023\031\003\231~o"
  87      8436 CAE6 
  87      DABB DDB9 
  87      1319 0399 
  87      7E6F 
  88 0086 C50F B9D2 		.ascii	"\305\017\271\322\221jC\2655\252\022\t\020C,\201\351\002&\013"
  88      916A 43B5 
  88      35AA 1209 
  88      1043 2C81 
  88      E902 260B 
  89 009a 6417 840E 		.ascii	"d\027\204\016J\316\374t\376\273?\234\331p\365\343\377\2458F\306"
  89      4ACE FC74 
  89      FEBB 3F9C 
  89      D970 F5E3 
  89      FFA5 3846 
  90 00af CD3C 9BE9 		.ascii	"\315<\233\351j\2326U/\212\360l\232\013P\317\034n\343'\263;\345"
  90      6A9A 3655 
  90      2F8A F06C 
  90      9A0B 50CF 
  90      1C6E E327 
  91 00c6 1591 5EC2 		.ascii	"\025\221^\302E\\Y\222|\334\017\205}\335R\035\211\204S\266\036"
  91      455C 5992 
  91      7CDC 0F85 
  91      7DDD 521D 
  91      8984 53B6 
  92 00db 9C20 746F 		.ascii	"\234 toW\007\333\235\334\027G\"`\234\242\320\024\323\036\275"
  92      5707 DB9D 
  92      DC17 4722 
  92      609C A2D0 
  92      14D3 1EBD 
  93 00ef A1A1 32C8 		.ascii	"\241\2412\310;\364,a\265\366I~\265\2664\353\007+\325\212\037"
  93      3BF4 2C61 
  93      B5F6 497E 
  93      B5B6 34EB 
  93      072B D58A 
  94 0104 D46A 41BD 		.ascii	"\324jA\275R\255\372A}~qa\302'Y\233[\376\003\024v_="
  94      52AD FA41 
  94      7D7E 7161 
  94      C227 599B 
  94      5BFE 0314 
  95               		.text
  96               		.section	.gnu.lto_eeconfig_read_default_layer.52d58ffa469177c6,"",@progbits
  97 0000 789C 2D8D 		.string	"x\234-\215=K\003a\020\204wv%I\243X\n\271\200\226i\214\220_a\353\037\2608N\221p9\020\373[M
  97      3D4B 0361 
  97      1084 7776 
  97      2549 A358 
  97      0AB9 8096 
  98 009a 4D2D E075 		.ascii	"M-\340u3f\337\362\216\256>\303?:\342\305\343\361\347K9\237\353"
  98      3366 DFF2 
  98      8EAE 3EC3 
  98      3F3A E2C5 
  98      E3F1 E74B 
  99 00b1 B1EA 7210 		.ascii	"\261\352r\020\024l \\\"\367\246\336\351\311u\371\213\2030\004"
  99      146C 205C 
  99      22F7 A6DE 
  99      E9C9 75F9 
  99      8B83 3004 
 100 00c5 5788 8208 		.ascii	"W\210\202\b}\200\377\237\351\217\016\247\232\257\036\244\255"
 100      7D80 FF9F 
 100      E98F 0EA7 
 100      9AAF 1EA4 
 100      AD
 101 00d6 ED38 DB4F 		.ascii	"\3558\333O\032q\226\246Y\273\221$q\326\336\331\333]\217\351\027"
 101      1A71 96A6 
 101      59BB 9124 
 101      71D6 DED9 
 101      DB5D 8FE9 
 102 00eb 59DC 4C61 		.ascii	"Y\334La"
 103               		.text
 104               		.section	.gnu.lto_eeconfig_update_default_layer.52d58ffa469177c6,"",@progbits
 105 0000 789C 254E 		.ascii	"x\234%N\261J\003A\024|\263/$A\020\264N\020S\2054F\361O\374\001"
 105      B14A 0341 
 105      147C B32F 
 105      2441 10B4 
 105      4E10 5385 
 106 001a 9123 8AE8 		.ascii	"\221#\212\350\345@\304\366\236\211\207Z\b\202X\004l\345N#\210"
 106      E540 C4F6 
 106      9E89 875A 
 106      0882 5804 
 106      6CE5 4E23 
 107 002f E575 41B0 		.ascii	"\345uA\260\265QHa\241X\210\250E\004\255$\236\357\305\201a\207"
 107      B551 4861 
 107      A158 88A8 
 107      4504 AD24 
 107      9EEF C581 
 108 0045 DD99 D9C9 		.ascii	"\335\231\331\311\021\310\360\243\254(KJ0\301\035\336\022m\027"
 108      11C8 F0A3 
 108      AC28 4B4A 
 108      30C1 1DDE 
 108      126D 17
 109 0058 1D60 428A 		.ascii	"\035`B\212\240\320!\304\267\033:\\\357\276\244\256\026\213\342"
 109      A0D0 21C4 
 109      B71B 3A5C 
 109      EFBE A4AE 
 109      168B E2
 110 006b E926 9E93 		.ascii	"\351&\236\223\244\207\210\21127j\"\304\250\251\353\350\376\240"
 110      A487 8889 
 110      3237 6A22 
 110      C4A8 A9EB 
 110      E8FE A0
 111 007e CF3C 0552 		.ascii	"\317<\005R\375\336I\036\307\252\247\"-\221tR8b \001k\002\363"
 111      FDDE 491E 
 111      C7AA A722 
 111      2D91 7452 
 111      3862 2001 
 112 0095 65CC 9649 		.ascii	"e\314\226I/\bg\250\232\371\371\352\367x<\277c\365\323\377\245"
 112      2F08 67A8 
 112      9AF9 F9EA 
 112      F778 3CBF 
 112      63F5 D3FF 
 113 00aa 3847 DE66 		.ascii	"8G\336f^.\364$\313\332\"w\025\344t\232\005h\240\016\333\370\351"
 113      5E2E F424 
 113      CBDA 2277 
 113      15E4 749A 
 113      0568 A00E 
 114 00c1 9C9D FC8A 		.ascii	"\234\235\374\212H\372\260\210\225\245\351\307C!\034\312\236\310"
 114      48FA B088 
 114      95A5 E9C7 
 114      4321 1CCA 
 114      9EC8 
 115 00d3 44C4 2E73 		.ascii	"D\304.s\332\203.B{\333?\351t\013_.b\006\343\002\3456\253\316"
 115      DA83 2E42 
 115      7BDB 3FE9 
 115      740B 5F2E 
 115      6206 E302 
 116 00eb D11B 5AC2 		.ascii	"\321\033Z\302\243\274a\240\t\255\325OJ\233\376\332\242\027l4"
 116      A3BC 61A0 
 116      09AD D54F 
 116      4A9B FEDA 
 116      A217 6C34 
 117 00ff EA5E E0FB 		.ascii	"\352^\340\373A\263\336hxAsyue\306#\336ZZ\377\003'\345_Y"
 117      41B3 DE68 
 117      7841 7379 
 117      7565 C623 
 117      DE5A 5AFF 
 118               		.text
 119               		.section	.gnu.lto_eeconfig_read_keymap.52d58ffa469177c6,"",@progbits
 120 0000 789C 7591 		.string	"x\234u\221=K\003A\020\206gv\367>\202\210)\205DP\2734\346\267\350\037\2608\242\210$\007b\1
 120      3D4B 0341 
 120      1086 6776 
 120      F73E 8288 
 120      2985 4450 
 121 005c ACB8 0291 		.string	"\254\270\002\221\003\355\"\004\002\003\374\020=\201\027q\2679\322\021!\267Qz\027]\357\fq\
 121      03ED 2204 
 121      0203 FC10 
 121      3D81 1771 
 121      B739 D211 
 122 0091 EE62 1A2B 		.string	"\356b\032+\230\346\021{\230\001j~<\372\336\034\266\313\232\3268\267\320\227}\264YR}\246\2
 122      98E6 117B 
 122      9801 6A7E 
 122      3CFA DE1C 
 122      B6CB 9AD6 
 123 0103 26C6 B629 		.string	"&\306\266)\250\377\210\007\206X\374\272l'\fq\022\017\377\0223\006`\021\203*\245h"
 123      A8FF 8807 
 123      8658 FCBA 
 123      6C27 0C71 
 123      120F FF12 
 124 0120 E412 9DDB 		.ascii	"\344\022\235\333:\355\\Y|N\241\213u\272,j\371\\\375\225\341\364"
 124      3AED 5C59 
 124      7C4E A18B 
 124      75BA 2C6A 
 124      F95C FD95 
 125 0136 95D8 86D4 		.ascii	"\225\330\206\324\261L\321\245:\274\242\030d\374\234\021I\241"
 125      B14C D1A5 
 125      3ABC A218 
 125      64FC 9C11 
 125      49A1 
 126 0148 3BA0 1B49 		.ascii	";\240\033I-\347\027g=\177)\227\365\374|\336/ds9\317/\314-\314"
 126      2DE7 1767 
 126      3D7F 2997 
 126      F5FC 7CDE 
 126      2F64 7339 
 127 0161 4F79 F003 		.ascii	"Oy\360\003\3637\225\243"
 127      F337 95A3 
 128               		.text
 129               		.section	.gnu.lto_eeconfig_update_keymap.52d58ffa469177c6,"",@progbits
 130 0000 789C 854F 		.string	"x\234\205OM+\204Q\024>\317\275\363\276\363\"\261\2612\t\245iJ\344oX\372\003\3224$\306\224
 130      4D2B 8451 
 130      143E CFBD 
 130      F3BE F322 
 130      B1B1 3209 
 131 0050 81A4 0EB8 		.string	"\201\244\016\270upo\345\003MPKWD3\216\002d0\016(\251\220\304\273\372Q8\235/\025T$k\270\03
 131      7570 6FE5 
 131      034D 504B 
 131      5744 338E 
 131      0264 300E 
 132 0119 7984 98ED 		.ascii	"y\204\230\355j\207JHW\347\036r\277\360\025-Vd\360\352\321\333"
 132      6A87 4A48 
 132      57E7 1E72 
 132      BFF0 152D 
 132      5664 F0EA 
 133 012f 8525 E03A 		.ascii	"\205%\340:8\330\345H5\337n\037#\260\177]\367|\327\324\327y\245"
 133      38D8 E548 
 133      35DF 6E1F 
 133      23B0 7F5D 
 133      F77C D7D4 
 134 0146 CE77 EDC4 		.ascii	"\316w\355\304\276\270\332\342\372\202T\361\263\277& Uf\n\247"
 134      BEB8 DAE2 
 134      FA82 54F1 
 134      B3BF 2620 
 134      5566 0AA7 
 135 015a E3AC AD53 		.ascii	"\343\254\255S\361\261\301hb2\326\033M\304\343\211\211\336X,\232"
 135      F1B1 C168 
 135      6232 D61B 
 135      4DC4 E389 
 135      89DE 582C 
 136 016f 9818 1E1D 		.ascii	"\230\030\036\035\351\211\222\236\036\032\377\003\340\227\233"
 136      E989 929E 
 136      1E1A FF03 
 136      E097 9B
 137 017e BB        		.ascii	"\273"
 138               		.text
 139               		.section	.gnu.lto_eeconfig_read_audio.52d58ffa469177c6,"",@progbits
 140 0000 789C 2D8D 		.ascii	"x\234-\215\261J\003a\020\204wv%I\021\305R\310\t\261Lc\004\237"
 140      B14A 0361 
 140      1084 7776 
 140      2549 11C5 
 140      52C8 09B1 
 141 0018 C2D6 17B0 		.ascii	"\302\326\027\2608\316 r9\b\366\267\232\374`\031\220\220GH\264"
 141      38CE 2072 
 141      3908 F6B7 
 141      9AFC 6019 
 141      9090 4748 
 142 002d 11ED AED3 		.ascii	"\021\355\256\323\"\205)|\201\024\212\225\210\205\202\226\361"
 142      2285 297C 
 142      8114 8A95 
 142      8885 8296 
 142      F1
 143 003e DC15 1786 		.ascii	"\334\025\027\206\035\330\331oV\b\34433m\232\032&\b\201\207\217"
 143      1DD8 D96F 
 143      5608 E433 
 143      336D 9A1A 
 143      2608 8187 
 144 0053 44A7 3506 		.ascii	"D\2475\006\334h\r\2243r|\363\222q1\032>\255\265&\252g\372<\273"
 144      DC68 0D94 
 144      3372 7CF3 
 144      9271 311A 
 144      3EAD B526 
 145 006c DDBB D7B0 		.ascii	"\335\273\327\260\021\204\250d\302n\204\235\310\021\023\264\310"
 145      1184 A864 
 145      C26E 849D 
 145      C811 13B4 
 145      C8
 146 007d A22F 373F 		.ascii	"\242/7?\243\325\312@m\232\036\260\313\024\025\257\274\336\277"
 146      A3D5 CA40 
 146      6D9A 1EB0 
 146      CB14 15AF 
 146      BCDE BF
 147 0090 D3B2 ECAB 		.ascii	"\323\262\354\253\216\267 L\016\240\017\013x\335'\263oy\305@\013"
 147      8EB7 204C 
 147      0EA0 0F0B 
 147      78DD 27B3 
 147      6F79 C540 
 148 00a5 F847 5FBC 		.ascii	"\370G_\274\270(\336\027\325|\251\347\252\353AP\262\201p\211\334"
 148      B828 DE17 
 148      D57C A9E7 
 148      AAEB 4150 
 148      B281 7089 
 149 00ba 9B1E E6E3 		.ascii	"\233\036\346\343i\375\213\2030\252\270B\024D\350\r\374\377L\177"
 149      69FD 8B83 
 149      30AA B842 
 149      1444 E80D 
 149      FCFF 4C7F 
 150 00ce 7438 D57C 		.ascii	"t8\325|\343$=>\210\263^\322\216\2634\315\272\355$\211\263\356"
 150      E324 3D3E 
 150      88B3 5ED2 
 150      8EB3 34CD 
 150      BAED 2489 
 151 00e4 E151 673B 		.ascii	"\341Qg;\246_}\213L\277"
 151      A65F 7D8B 
 151      4CBF 
 152               		.text
 153               		.section	.gnu.lto_eeconfig_update_audio.52d58ffa469177c6,"",@progbits
 154 0000 789C 254E 		.ascii	"x\234%N=K\003A\024|\263\357H\202(h\235 \246\ni\214\342?\361\017"
 154      3D4B 0341 
 154      147C B3EF 
 154      4882 2868 
 154      9D20 A60A 
 155 001a 881C A788 		.ascii	"\210\034\247\210&\007\"\266\367L<\264\021\004\021\311\017\220"
 155      2607 22B6 
 155      F74C 3CB4 
 155      1104 11C9 
 155      0F90 
 156 002c 9C1F 2092 		.ascii	"\234\037 \222B\322\005;-\254\004\013\013EPD-\"h%\361|/\016\f"
 156      42D2 053B 
 156      2DAC 040B 
 156      0B45 5044 
 156      2D22 6825 
 157 0045 3BEC CECC 		.ascii	";\354\316\314\216G \303\217\262\250\314+\301\004\267{C\264\221"
 157      8E47 20C3 
 157      8FB2 A8CC 
 157      2BC1 04B7 
 157      7B43 B491 
 158 0059 7380 09C9 		.ascii	"s\200\t\311\201\"\207\b\337\256\357p\271\365\322q\345\226(\036"
 158      8122 8708 
 158      DFAE EF70 
 158      B9F5 D271 
 158      E596 281E 
 159 006d 9FDB D392 		.ascii	"\237\333\323\222t\0213Q\352\006M\204\026\312\352\332\273\335"
 159      7411 3351 
 159      EA06 4D84 
 159      16CA EADA 
 159      BBDD 
 160 007f B963 1E07 		.ascii	"\271c\036\007\251~o&\017C\245C\221\272HsL8f \001k\0023\005L\025"
 160      A97E 6F26 
 160      0F43 A543 
 160      91BA 4873 
 160      4C38 6620 
 161 009a 482F 0847 		.ascii	"H/\bG(\231\371\351\374w\177$\263i\365\023\377\2458F\306f\236"
 161      2899 F9E9 
 161      FC77 7F24 
 161      B369 F513 
 161      FFA5 3846 
 162 00b1 CD76 254D 		.ascii	"\315v%M\033\"\355\"<\235f\001\352\251\3036~:g'\277\"\226\013"
 162      1B22 ED22 
 162      3C9D 6601 
 162      EAA9 C336 
 162      7E3A 6727 
 163 00c9 58C4 CA3A 		.ascii	"X\304\312:\235\217\373l\324\227m\221\321\230]\352\264\007'\210"
 163      9D8F FB6C 
 163      D497 6D91 
 163      D198 5DEA 
 163      B407 2788 
 164 00dd ECED EAFA 		.ascii	"\354\355\352\372 \031\376r13\2628E\241\301\252=zC]x\2207\364"
 164      2019 FE72 
 164      3133 B238 
 164      45A1 C1AA 
 164      3D7A 435D 
 165 00f5 34A1 B5FA 		.ascii	"4\241\265\372I~\255\272<\347\207\253A\305\017\253\325\260V\t"
 165      497E ADBA 
 165      3CE7 87AB 
 165      41C5 0FAB 
 165      D5B0 5609 
 166 0109 023F AC2D 		.ascii	"\002?\254-,-N\372\304\353\363+\177<*_\227"
 166      2C2D 4EFA 
 166      C4EB F32B 
 166      7F3C 2A5F 
 166      97
 167               		.text
 168               		.section	.gnu.lto_eeconfig_read_kb.52d58ffa469177c6,"",@progbits
 169 0000 789C 2D50 		.ascii	"x\234-P=K\003Q\020\334\331w\3064\032K!'\3042\215\371-\372\007"
 169      3D4B 0351 
 169      10DC D977 
 169      C634 1A4B 
 169      2127 C432 
 170 0019 2C8E 5344 		.ascii	",\216SD.\007b\177\253\271\007\332\tb#ZXh\374\b\250E\220ti,\025"
 170      2E07 627F 
 170      ABB9 07DA 
 170      0962 235A 
 170      5868 FC08 
 171 0034 AC6D 4411 		.ascii	"\254mD\021D,r\240e<w\301\205\341\355\362ff\207\r\bd\365\256\230"
 171      442C 72A0 
 171      653C 77C1 
 171      85E1 EDF2 
 171      6666 870D 
 172 004d 53D4 1570 		.ascii	"S\324\025p\004\336{$\332\2522`\215TA\031#\303\017\217\031O\371"
 172      04DE 7B24 
 172      DAAA 3260 
 172      8D54 4119 
 172      23C3 0F8F 
 173 0064 CD91 FB66 		.ascii	"\315\221\373f\257\264@\307\342\341\360m\332F\240\241\343\361"
 173      AFB4 40C7 
 173      E2E1 F06D 
 173      DA46 A0A1 
 173      E3F1 
 174 0076 FDC9 6ED0 		.ascii	"\375\311n\320\354\212l\313\313\351\335b!~\326;\246\222\t\347"
 174      EC8A 6CCB 
 174      CBE9 DD62 
 174      217E D63B 
 174      A692 09E7 
 175 008a 08D1 4568 		.ascii	"\b\321Eh+.\320$%\277\336\376\036LUr\321j\030E\177.Q\261H\327"
 175      2B2E D024 
 175      25BF DEFE 
 175      1E4C 5572 
 175      D16A 1845 
 176 00a4 4B43 29CB 		.ascii	"KC)\313\216\310\376<Tn\0264RX\234\202\331^\367\201\\\3720E\307"
 176      8EC8 FE3C 
 176      546E 1634 
 176      5258 9C82 
 176      D95E F781 
 177 00bd 59B0 C1E0 		.ascii	"Y\260\301\340\353y2\033\313\216\310\214w\256d5\302\0252\333\324"
 177      EB79 321B 
 177      CB8E C88C 
 177      77AE 6435 
 177      C215 32DB 
 178 00d2 3B2B 8635 		.ascii	";+\2065K\031\240\206\036B\357&\350\023\374/\266\023\214\224\256"
 178      4B19 A086 
 178      1E42 EF26 
 178      E813 FC2F 
 178      B613 8C94 
 179 00e7 AEDA D737 		.ascii	"\256\332\3277\223\365\345(\335\210[Q\232$i\273\025\307Q\332^"
 179      93F5 E528 
 179      DD88 5B51 
 179      9A24 69BB 
 179      15C7 51DA 
 180 00fc 595B 5D88 		.ascii	"Y[]\210\350\017\347oY/"
 180      E80F E76F 
 180      592F 
 181               		.text
 182               		.section	.gnu.lto_eeconfig_update_kb.52d58ffa469177c6,"",@progbits
 183 0000 789C 254F 		.ascii	"x\234%OMKBQ\020\235s\347eB\224\355\263\320\225\270I\372+\375"
 183      4D4B 4251 
 183      109D 73E7 
 183      6542 94ED 
 183      B3D0 95B8 
 184 0018 8108 B188 		.ascii	"\201\b\261\210\322\007\021m\337\244>j#\004\341&\202V\246\225"
 184      D207 116D 
 184      DFA4 3E6A 
 184      2304 E126 
 184      8256 A695 
 185 002c 7DD1 CA56 		.ascii	"}\321\312V\022\264,\b\202\026\265\210\202\210h\241PK\263\031"
 185      12B4 2C08 
 185      8216 B588 
 185      8288 68A1 
 185      504B B319 
 186 0040 1B18 66CE 		.ascii	"\033\030f\316\275s\316\231\361\bd1\241%iU\023Lp\333wD\033Q\007"
 186      BD73 CE99 
 186      F108 6431 
 186      A125 6955 
 186      134C 70DB 
 187 0059 5823 5150 		.ascii	"X#QP\340\020\340\307\365\034\2567\337[.]\027\215\227\233\253"
 187      E010 E0C7 
 187      F51C AE37 
 187      DF5B 2E5D 
 187      178D 979B 
 188 006e 1969 B411 		.ascii	"\031i\264\0212Q\337\r\224\bu\244u\352\276|\276\307\337.d\300"
 188      3251 DF0D 
 188      9408 75A4 
 188      75EA BE7C 
 188      BEC7 DF2E 
 189 0084 53D8 BDDD 		.ascii	"S\330\275\335}\0333\350\220P\270\363Pyd\236\002i\377\\\223\312"
 189      7D1B 33E8 
 189      9050 B8F3 
 189      5079 649E 
 189      0269 FF5C 
 190 009a 48AA 2652 		.ascii	"H\252&R\024\251N\n\207\3148\002\253\036\016\021G\003q\322'\302"
 190      14A9 4E0A 
 190      87CC 3802 
 190      AB1E 0E11 
 190      4703 71D2 
 191 00b0 3152 36FE 		.ascii	"1R6\376z\361[\035\215\224\315>\361o\212&\"v\306\331l[\372\375"
 191      7AF1 5B1D 
 191      8D94 CD3E 
 191      F16F 8A26 
 191      2276 C6D9 
 192 00c8 92C8 7E12 		.ascii	"\222\310~\022\236\256n\004\352\350\204\335\320u\316*\177 \224"
 192      9EAE 6E04 
 192      EAE8 84DD 
 192      D075 CE2A 
 192      7F20 94
 193 00db 4B18 C5C4 		.ascii	"K\030\305\304Z\255\257\247\341\240'[\"\343!{}\247:8A`\177\315"
 193      5AAD AFA7 
 193      E1A0 275B 
 193      22E3 217B 
 193      7DA7 3A38 
 194 00f3 836E 3B66 		.ascii	"\203n;f+\017!\206S\304K\254}\204>Q\024\036\360-:\312PY5\231X"
 194      2B0F 2186 
 194      53C4 4BAC 
 194      7D84 3E51 
 194      141E F02D 
 195 010e CB2F CF65 		.ascii	"\313/\317e\375\325\\&\353\347\363~!\223\313e\375\302\302\322"
 195      FDD5 5C26 
 195      EBE7 F37E 
 195      2193 CB65 
 195      FDC2 C2D2 
 196 0122 E274 9678 		.ascii	"\342t\226x}~\345\017e\207jk"
 196      7D7E E50F 
 196      6587 6A6B 
 197               		.text
 198               		.section	.gnu.lto_eeconfig_read_user.52d58ffa469177c6,"",@progbits
 199 0000 789C 2D50 		.ascii	"x\234-P=K\003Q\020\334\331w\3064~\200\215\220\023b\231\306\374"
 199      3D4B 0351 
 199      10DC D977 
 199      C634 7E80 
 199      8D90 1362 
 200 0017 16FD 0316 		.ascii	"\026\375\003\026\307)\"\227\003\261\277\325\334C\355lT\020-\254"
 200      C729 2297 
 200      03B1 BFD5 
 200      DC43 ED6C 
 200      5410 2DAC 
 201 002b 6254 50CB 		.ascii	"bTP\313k\304\306R\301:\215(\202\210E\016\264\214\347.\2700\274"
 201      6BC4 C652 
 201      C13A 8D28 
 201      8288 450E 
 201      B48C E72E 
 202 0042 5DDE CCEC 		.ascii	"]\336\314\354\260\001\201\254\336\025s\212\206\002\216\300\373"
 202      B001 81AC 
 202      DE15 738A 
 202      8602 8EC0 
 202      FB
 203 0053 4F44 5B75 		.ascii	"OD[u\006\254\221:(cd\370\341\021\3439\2779q\337\354\225\026\350"
 203      06AC 913A 
 203      2863 64F8 
 203      E111 E339 
 203      BF39 71DF 
 204 006b 583E 1EBF 		.ascii	"X>\036\277M\332\b4u<}8\333\013Z=\221my\361w\213\245\370Y\357"
 204      4DDA 0834 
 204      753C 7D38 
 204      DB0B 5A3D 
 204      916D 79F1 
 205 0085 982A 269C 		.ascii	"\230*&\234#D\017\241\255\350\243EJ~\275\375=\230\250\345\242"
 205      2344 0FA1 
 205      ADE8 A345 
 205      4A7E BDFD 
 205      3D98 A8E5 
 206 009a D534 8AFE 		.ascii	"\3254\212\376\\\240f\221\256\227\356\245\252\272\"G\363P\271"
 206      5CA0 6691 
 206      AE97 EEA5 
 206      AABA 2247 
 206      F350 B9
 207 00ad 59D0 5061 		.ascii	"Y\320PaqJf{\335\007r)`\212\256\263`E\3615\030\317F\262+2\355"
 207      714A 667B 
 207      DD07 7229 
 207      608A AEB3 
 207      6045 F135 
 208 00c8 9DAB 588D 		.ascii	"\235\253X\215p\211\3146\355\f\372\207S\2262\300\f\256\020z7F"
 208      7089 CC36 
 208      ED0C FA87 
 208      5396 32C0 
 208      0CAE 107A 
 209 00de 9FE0 7FB1 		.ascii	"\237\340\177\261\235`\250tu\325\276\261\231\254/G\351F\334\216"
 209      9D60 A874 
 209      75D5 BEB1 
 209      99AC 2F47 
 209      E946 DC8E 
 210 00f2 D224 493B 		.ascii	"\322$I;\3558\216\322\316\312\332\352BD\177\275\006X\300"
 210      ED38 8ED2 
 210      CECA DAEA 
 210      4244 7FBD 
 210      0658 C0
 211               		.text
 212               		.section	.gnu.lto_eeconfig_update_user.52d58ffa469177c6,"",@progbits
 213 0000 789C 254F 		.ascii	"x\234%OMKBQ\020\235s\347eB\364\001-\265\320\225\270I\372+\375"
 213      4D4B 4251 
 213      109D 73E7 
 213      6542 F401 
 213      2DB5 D095 
 214 0019 8188 C72B 		.ascii	"\201\210\307+\242\364AD\3337\251\017\333\bA\024\024mE\355;Z\204"
 214      A2F4 4144 
 214      DB37 A90F 
 214      DB08 4114 
 214      146D 45ED 
 215 0030 ABA4 7D41 		.ascii	"\253\244}A\020\264\260E\024DD\013\205Z\332k\256\r\f3\347\336"
 215      10B4 B045 
 215      1444 440B 
 215      855A DA6B 
 215      AE0D 0C33 
 216 0046 39E7 CC38 		.ascii	"9\347\3148\004\262\221\320\222\266U\023L0\333\367D\233q\003\330"
 216      04B2 91D0 
 216      92B6 5513 
 216      4C30 DBF7 
 216      449B 7103 
 217 005b 46E2 A0C0 		.ascii	"F\342\240\300 \300\217\351\033\334V\336[&[\027\215\227\332\315"
 217      20C0 8FE9 
 217      1BDC 56DE 
 217      5B26 5B17 
 217      8D97 DACD 
 218 006f AC34 DA08 		.ascii	"\2544\332\b\231(2\003%B\035Y\235z(_\034\362\267\t\031p\024\366"
 218      9928 3203 
 218      2542 1D59 
 218      9D7A 285F 
 218      1CF2 B709 
 219 0087 EE0E DEC6 		.ascii	"\356\016\336\306,4H)\334y\254>1O\203\264\177\256Iu$S\023)\212"
 219      2C34 4829 
 219      DC79 AC3E 
 219      314F 83B4 
 219      7FAE 4975 
 220 00a0 EC4F 0987 		.ascii	"\354O\t\207\3148\002\253\036\232H\242\201$\351\023\341\030\031"
 220      CC38 02AB 
 220      1E9A 48A2 
 220      8124 E913 
 220      E118 19
 221 00b3 3BFE 7AF9 		.ascii	";\376z\371\273;\032+[\373\324\277)N\020\263g\234\317\265%\212"
 221      BB3B 1A2B 
 221      5BFB D4BF 
 221      294E 10B3 
 221      679C CFB5 
 222 00c9 4A22 5769 		.ascii	"J\"Wi8\272\272%PW'\354\r=cl\345\017\204r\rK\261b\255\326Wg8\350"
 222      38BA BA25 
 222      5057 27EC 
 222      0D3D 636C 
 222      E50F 8472 
 223 00e7 CB96 C844 		.ascii	"\313\226\310D\310NdT\007\247\b\354_\245\323\334\033\267+\017"
 223      C84E 6454 
 223      07A7 08EC 
 223      5FA5 D3DC 
 223      1BB7 2B0F 
 224 00fb 6112 6748 		.ascii	"a\022gH\226X\373\030}\242(<\340\333\350*Ce\325$\261\236_\231"
 224      9658 FB18 
 224      7DA2 283C 
 224      E0DB E82A 
 224      4365 D524 
 225 0113 77FD 352F 		.ascii	"w\3755/\347\372\371\274_\310y\236\353\027\026\227\227f\\\342"
 225      E7FA F9BC 
 225      5FC8 799E 
 225      EB17 1697 
 225      9766 5CE2 
 226 0127 8D85 D53F 		.ascii	"\215\205\325?:\210j\016"
 226      3A88 6A0E 
 227               		.text
 228               		.section	.gnu.lto_eeconfig_init_user.52d58ffa469177c6,"",@progbits
 229 0000 789C 254D 		.string	"x\234%M\261N\002Q\020\334\331G\200\206\204\302\0164\2644\022\177\205\037\260\270\234\206\
 229      B14E 0251 
 229      10DC D947 
 229      8086 84C2 
 229      0E34 B434 
 230 0029 6D8C E545 		.ascii	"m\214\345E\212\013\037\200\037@c,\2141\024\220H\254\360\330\205"
 230      8A0B 1F80 
 230      1F40 632C 
 230      8C31 1490 
 230      48AC F0D8 
 231 003e 4926 BBD9 		.ascii	"I&\273\331\231\235)\020\3100U\036+kJ8\002\217\346DWe\006l\221"
 231      999D 2910 
 231      C830 551E 
 231      2B6B 4A38 
 231      028F E644 
 232 0057 3228 6124 		.ascii	"2(a$\330\360\2261\273\375J\2719\026\305\207\277?\221I\006\357"
 232      D8F0 9631 
 232      BBFD 4AB9 
 232      3916 C587 
 232      BF3F 9149 
 233 006d 8872 DE27 		.ascii	"\210r\336'\021\306h\222\332>_\377\037*\305\241\331\032\007\021"
 233      11C6 6892 
 233      DA3E 5FFF 
 233      1F2A C5A1 
 233      D91A 0711 
 234 0081 1314 ADEE 		.ascii	"\023\024\255\356\245\235I\236\337\210,\316\336X?W*Z\315\232\331"
 234      A59D 499E 
 234      DF88 2CCE 
 234      DE58 3F57 
 234      2A5A CD9A 
 235 0096 A6FB C630 		.ascii	"\246\373\3060\333\034\231\333r\322t\271(%[\271\023\251z\207\234"
 235      DB1C 99DB 
 235      72D2 74B9 
 235      2825 5BB9 
 235      13A9 7A87 
 236 00ab 3502 4F48 		.ascii	"5\002OHL{\364\263\367\322/{\247G<\243\356\235\243\037\\g\177"
 236      4C7B F4B3 
 236      F7D2 2F7B 
 236      A747 3CA3 
 236      EE9D A31F 
 237 00c2 85FD B761 		.ascii	"\205\375\267a\245\222\206jEm\020u\317\203\270\037\266\2028\212"
 237      A592 866A 
 237      456D 1075 
 237      CF83 B81F 
 237      B682 388A 
 238 00d6 E25E 2B0C 		.ascii	"\342^+\f\203\270w\321\271<\rh\007pyM\346"
 238      83B8 77D1 
 238      B93C 0D68 
 238      0770 794D 
 238      E6
 239               		.text
 240               		.section	.gnu.lto_eeconfig_init_kb.52d58ffa469177c6,"",@progbits
 241 0000 789C 6D4D 		.ascii	"x\234mM=K\003Q\020\334\331w\371h\004\013\273\250\244M\223\340"
 241      3D4B 0351 
 241      10DC D977 
 241      F968 040B 
 241      BBA8 A44D 
 242 0016 5FF1 0F58 		.ascii	"_\361\017X\034\247\210\\\016\304\376\236I\036\332)B\374\007\222"
 242      1CA7 885C 
 242      0EC4 FE9E 
 242      491E DA29 
 242      42FC 0792 
 243 002a A885 585E 		.ascii	"\250\205X^\367Hi\241\245\205M\260\210ARD\3202>w\223\326\201a"
 243      F748 69A1 
 243      A585 4DB0 
 243      8841 5244 
 243      D032 3E77 
 244 0042 979D D999 		.ascii	"\227\235\331\231\210@\212\017\341\226\260&\204!\360\3453\321"
 244      8840 8A0F 
 244      E196 B026 
 244      8421 F0E5 
 244      33D1 
 245 0054 6995 015D 		.ascii	"i\225\001]l\025\2243r\374\360\2021:\233\024\334\030X\301\370"
 245      6C15 9433 
 245      72FC F082 
 245      313A 9B14 
 245      DC18 58C1 
 246 0069 E662 DB0E 		.ascii	"\346b\333\016=\234!\n\274L\"\f\320 \261\275?\376\366\327\312"
 246      3D9C 210A 
 246      BC4C 220C 
 246      D020 B1BD 
 246      3FFE F6D7 
 247 007e 3DB5 D557 		.ascii	"=\265\325W\"\206(k\335\303\256\267!t\255}\335y\342\210h.\242"
 247      2286 286B 
 247      DDC3 AEB7 
 247      2174 AD7D 
 247      DD79 E288 
 248 0095 D67C 31EB 		.ascii	"\326|1\3534S\364|\330P\267\346\024\305\354\255\222/\354\271\265"
 248      3453 F47C 
 248      D850 B7E6 
 248      14C5 ECAD 
 248      922F ECB9 
 249 00aa EBCE 20B0 		.ascii	"\353\316 \260D\340\026\271j\327n\364R\371fg\344\210;l:ch\212"
 249      44E0 16B9 
 249      6AD7 6EF4 
 249      52F9 6667 
 249      E488 3B6C 
 250 00c2 AEBF C2FF 		.ascii	"\256\277\302\377\337Q\220\n\302\275|;S\242Ot|\277\264\264*\346"
 250      DF51 900A 
 250      C2BD 7C3B 
 250      53A2 4F74 
 250      7CBF B4B4 
 251 00d8 9222 FDE2 		.ascii	"\222\"\375\342\250\235\244G{qv\234\264\342,M\263v+I\342\254\275"
 251      A89D A447 
 251      7B71 769C 
 251      B4E2 2C4D 
 251      B376 2B49 
 252 00ef 7F78 D08C 		.ascii	"\177x\320\214\351\017\212\340\\r"
 252      E90F 8AE0 
 252      5C72 
 253               		.text
 254               		.section	.gnu.lto_eeconfig_init_quantum.52d58ffa469177c6,"",@progbits
 255 0000 789C 7DD4 		.ascii	"x\234}\324\355KSQ\034\007\360\363=w\317neD\024\270@\352\225"
 255      ED4B 5351 
 255      1C07 F0F3 
 255      3D77 CF6E 
 255      6544 14B8 
 256 0017 2F4A 7AD9 		.string	"/Jz\331?\320\037\320?\320\213\261\"B\007\321\373]\267nfD\006b!\024{\025\316\2072\315\312\
 256      3FD0 1FD0 
 256      3FD0 8BB1 
 256      2242 07D1 
 256      FB5D B76E 
 257 0118 9F5B 8343 		.ascii	"\237[\203C\022\354\270\3263\340\224\240\202\333\360\377\021\326"
 257      12EC B8D6 
 257      33E0 94A0 
 257      82DB F0FF 
 257      11D6 
 258 012a 1029 1546 		.ascii	"\020)\025F\017\013bk\r7\376\005\335\035\264\276\2429\277\220"
 258      0F0B 626B 
 258      0D37 FE05 
 258      DD1D B4BE 
 258      A239 BF90 
 259 013e 4D79 62B8 		.ascii	"Myb\270\336\246\032\355\036\214\320\246\f\303O\325\356 \206\255"
 259      DEA6 1AED 
 259      1E8C D0A6 
 259      0CC3 4FD5 
 259      EE20 86AD 
 260 0152 8E87 B28E 		.ascii	"\216\207\262\216R\217\b\232\255\261\230\225\240we\320\351\345"
 260      528F 089A 
 260      ADB1 9895 
 260      A077 65D0 
 260      E9E5 
 261 0164 9162 9D0C 		.ascii	"\221b\235\fj\303\275jP!\274\262~\324\373R\210\374\232+\272\245"
 261      6AC3 BD6A 
 261      5021 BCB2 
 261      7ED4 FB52 
 261      88FC 9A2B 
 262 017a B00F 6366 		.ascii	"\260\017cf\341\265\265\220\220\302\346\306\207\r\237\024\354"
 262      E1B5 B590 
 262      90C2 E6C6 
 262      870D 9F14 
 262      EC
 263 018b 1837 0B6F 		.ascii	"\0307\013o\254\205\007R\310\305gW+\373\347\300\204Yxg-LJ!=\177"
 263      AC85 0752 
 263      C8C5 6757 
 263      2BFB E7C0 
 263      8459 7867 
 264 01a5 35EE 9582 		.ascii	"5\356\225\202\023S\306\tx\031Me\024y\002t\340aU|_C\254\3239m"
 264      1353 C609 
 264      7819 4D65 
 264      1479 0274 
 264      E061 557C 
 265 01bf 1992 52BC 		.ascii	"\031\222R\274\360s\351\222KL\367\302\205i\363\231\362\321>\315"
 265      F073 E992 
 265      4B4C F7C2 
 265      8569 F399 
 265      F2D1 3ECD 
 266 01d3 0870 9B01 		.ascii	"\bp\233\001\026\254#\316J\260\220\270\021\3472\242\017)\363C"
 266      16AC 23CE 
 266      4AB0 90B8 
 266      11E7 32A2 
 266      0F29 F343 
 267 01e7 7EB1 8EF4 		.ascii	"~\261\216\364H\n_\007\227:=2\322\036<&aK\206\222u\206'RX\355"
 267      480A 5F07 
 267      973A 3D32 
 267      D21E 3C26 
 267      614B 8692 
 268 0201 C98D 578E 		.ascii	"\311\215W\216\313n\314\2313|\267\316\220\256lU\272\353\234Wf"
 268      CB6E CC99 
 268      337C B7CE 
 268      90AE 6C55 
 268      BAEB 9C57 
 269 0216 F063 DE9C 		.ascii	"\360c\336\234\341G\r\241\362\376?\225B\373Gu\322&\337\377F,\230"
 269      E147 0DA1 
 269      F2FE 3F95 
 269      42FB 4775 
 269      D226 DFFF 
 270 022d 1776 3B2D 		.ascii	"\027v;-\354\263\352\333?\341\260\214\264H\240y\035\242\311\027"
 270      ECB3 EADB 
 270      3FE1 B08C 
 270      B448 A079 
 270      1DA2 C917 
 271 0241 35A6 D4EB 		.ascii	"5\246\324\353\334FS24ESv\260<\"\311\354\021c\250\270\n\024\220"
 271      DC46 5332 
 271      3445 5376 
 271      B03C 22C9 
 271      EC11 63A8 
 272 0259 BE62 B452 		.ascii	"\276b\264R\rgZN\035\013\204N\007\233\003\241\226\226Pks0\030"
 272      0D67 5A4E 
 272      1D0B 844E 
 272      079B 03A1 
 272      9696 506B 
 273 0270 08B5 1E3F 		.ascii	"\b\265\036?y\342`\200\375\006\021#\321\205"
 273      79E2 6080 
 273      FD06 1123 
 273      D185 
 274               		.text
 275               		.section	.gnu.lto_eeconfig_init.52d58ffa469177c6,"",@progbits
 276 0000 789C 6361 		.string	"x\234ca`d"
 276      6064 00
 277 0007 8165 402C 		.string	"\201e@,\013\304\322@\314\310\314\300\3104\341\034\003C#\007\023##\210\321\300\301\310P\31
 277      0BC4 D240 
 277      CCC8 CCC0 
 277      C834 E11C 
 277      0343 2307 
 278 0037 C183 D677 		.string	"\301\203\326w\006\r+\0160\266230\374g\002\233\304\300\270\234Q\223\001\250\354\321\306\17
 278      060D 2B0E 
 278      30B6 3233 
 278      30FC 6702 
 278      9BC4 C0B8 
 279 00d0 95CA 4589 		.ascii	"\225\312E\211"
 280               		.text
 281               		.section	.gnu.lto_eeconfig_read_haptic.52d58ffa469177c6,"",@progbits
 282 0000 789C 2D50 		.ascii	"x\234-P=K\003Q\020\334\331w\306 (\226\201\234\020\3134\346\267"
 282      3D4B 0351 
 282      10DC D977 
 282      C620 2896 
 282      819C 10CB 
 283 0017 E81F B038 		.ascii	"\350\037\2608N\021\271\034\210\375\255\346\036h\245\215\215\037"
 283      4E11 B91C 
 283      88FD ADE6 
 283      1E68 A58D 
 283      8D1F 
 284 0029 8555 FC08 		.ascii	"\205U\374\b\250e\n\301\306R\301\312\302F\"\001\021\213\034j\031"
 284      A865 0AC1 
 284      C652 C1CA 
 284      C246 2201 
 284      118B 1C6A 
 285 003e CF5D 7061 		.ascii	"\317]pax\273\274\231\331a\003\002Y\r\025s\212\272\002\216\300"
 285      78BB BC99 
 285      D961 0302 
 285      590D 1573 
 285      8ABA 028E 
 286 0053 FB8F 445B 		.ascii	"\373\217D[U\006\254\221*(cd\370\3411\343)\277>v\337\354\225\026"
 286      5506 AC91 
 286      2A28 6364 
 286      F8E1 31E3 
 286      29BF 3E76 
 287 006b E858 3C1C 		.ascii	"\350X<\034\276\315\330\b4t<\271?\335\r\232]\221my\035\016\026"
 287      BECD D808 
 287      3474 3CB9 
 287      3FDD 0D9A 
 287      5D91 6D79 
 288 0082 0BF1 35EF 		.ascii	"\013\3615\357\230J&\234!D\027\241\2558G\223\224<\270\371=\230"
 288      984A 269C 
 288      2144 17A1 
 288      AD38 4793 
 288      943C B8F9 
 289 0098 AEE4 A2D5 		.ascii	"\256\344\242\3250\212\376\\\240b\221\256\226\356\244,;\"G\363"
 289      308A FE5C 
 289      A062 91AE 
 289      96EE A42C 
 289      3B22 47F3 
 290 00ac 50B9 59D0 		.ascii	"P\271Y\320Haq\nf{\335;r\271\205):\316\202\365\373\237/\223\331"
 290      4861 710A 
 290      667B DD3B 
 290      72B9 8529 
 290      3ACE 82F5 
 291 00c5 5876 4466 		.ascii	"XvDf\275s%\253\021.\221\331\246\257\336\363\336\224\245\fPC\017"
 291      BD73 25AB 
 291      112E 91D9 
 291      A6AF DEF3 
 291      DE94 A50C 
 292 00dc A177 13F4 		.ascii	"\241w\023\364\001\376\027\333\tFJWW\355\353\233\311\372r\224"
 292      01FE 17DB 
 292      0946 4A57 
 292      57ED EB9B 
 292      C9FA 7294 
 293 00f0 6EC4 AD28 		.ascii	"n\304\255(M\222\264\335\212\343(m\257\254\255.D\364\007I\236"
 293      4D92 B4DD 
 293      8AE3 286D 
 293      AFAC AD2E 
 293      44F4 0749 
 294 0105 59B0      		.ascii	"Y\260"
 295               		.text
 296               		.section	.gnu.lto_eeconfig_update_haptic.52d58ffa469177c6,"",@progbits
 297 0000 789C 254F 		.ascii	"x\234%OMKBQ\020\275\347\316\313\244(Z\006\276BW\342&\351\257"
 297      4D4B 4251 
 297      10BD E7CE 
 297      CBA4 285A 
 297      06BE 4257 
 298 0018 F407 221E 		.ascii	"\364\007\"\036\026Q\372 \242\355\233\324Gm\244 \332D-E+\373Z"
 298      1651 FA20 
 298      A2ED 9BD4 
 298      476D A420 
 298      DA44 2D45 
 299 002f 85B4 91F6 		.ascii	"\205\264\221\366\005A\340\242\026Q \021-\224ji\257\031\033\030"
 299      0541 E0A2 
 299      1651 2011 
 299      2D94 6A69 
 299      AF19 1B18 
 300 0043 66CE BD73 		.ascii	"f\316\275s\316\231q\f\214FBJJ\253$\310\300\356\336\033\263\031"
 300      CE99 710C 
 300      8C46 424A 
 300      4AAB 24C8 
 300      C0EE DE1B 
 301 0059 B780 361C 		.ascii	"\267\2006\034\207\t,\002\374\330\276\305\355V\247i35\226x\t;"
 301      8709 2C02 
 301      FCD8 BEC5 
 301      ED56 A769 
 301      3335 9678 
 302 006f B35C 6F21 		.ascii	"\263\\o!$c\";P2\250!#S\017\345\313C\372\266!\001\216\300\336"
 302      2463 223B 
 302      5032 A821 
 302      2353 0FE5 
 302      CB43 FAB6 
 303 0088 DDC1 DBB8 		.ascii	"\335\301\333\270B\213\244\300\275\307J\233h\032F\372\347*WF\323"
 303      428B A4C0 
 303      BDC7 4A9B 
 303      681A 46FA 
 303      E72A 5746 
 304 009d 55E6 22F3 		.ascii	"U\346\"\363\321\024SH\204\023\220\350\341\030.\352p\215<\031"
 304      D114 5348 
 304      8413 90E8 
 304      E118 2EEA 
 304      708D 3C19 
 305 00b1 9C22 ADE3 		.ascii	"\234\"\255\343\257W\277\373c\261\262\332'\377M\321@L\317\270"
 305      AF57 BFFB 
 305      63B1 B2DA 
 305      27FF 4DD1 
 305      404C CFB8 
 306 00c5 986B 7114 		.ascii	"\230kq\024\225\230\257Spdu%\230\256L\350\r=k\265\322;B\276\201"
 306      9598 AF53 
 306      7064 7525 
 306      98AE 4CE8 
 306      0D3D 6BB5 
 307 00de 5254 ACD9 		.ascii	"RT\254\331\374|\032\016\372\274\315<\021\222\023Y\321\301\031"
 307      FC7C 1A0E 
 307      FABC CD3C 
 307      1192 1359 
 307      D1C1 19
 308 00f1 02FD FB6A 		.ascii	"\002\375\373j\264wFt\345!L\342\034n\211\244\217\231\017\024\231"
 308      B477 4674 
 308      E521 4CE2 
 308      1C6E 89A4 
 308      8F99 0F14 
 309 0106 067C 8DAE 		.ascii	"\006|\215\2560DVL\022\353\371\225y\317_\313e=?\237\367\013\331"
 309      3044 564C 
 309      12EB F995 
 309      79CF 5FCB 
 309      653D 3F9F 
 310 011d 5CCE F30B 		.ascii	"\\\316\363\013\213\313K3\236\241\215\205\325?h\303j\205"
 310      8BCB 4B33 
 310      9EA1 8D85 
 310      D53F 68C3 
 310      6A85 
 311               		.text
 312               		.section	.gnu.lto_eeconfig_read_handedness.52d58ffa469177c6,"",@progbits
 313 0000 789C 2D8E 		.ascii	"x\234-\216\261J\003Q\020E\347\316\2541M\202}V\3202\215Q\374\023"
 313      B14A 0351 
 313      1045 E7CE 
 313      AC31 4D82 
 313      7D56 D032 
 314 0018 7FC0 6259 		.ascii	"\177\300bYEd\263 \366;\272\273h\031\220T~@\242\021\202\215\220"
 314      4564 B320 
 314      F63B BABB 
 314      6819 9054 
 314      7E40 A211 
 315 002f 2E8D AD60 		.ascii	".\215\255`\223\306B\261P\221\210\n\261\260\210\353\033\343\300"
 315      93C6 42B1 
 315      5091 880A 
 315      B1B0 88EB 
 315      1BE3 C0
 316 0042 E53D 78F7 		.ascii	"\345=x\367\2353\036\201l\336]\026]j.\020\002\267n\210\016\312"
 316      9D33 1E81 
 316      6CDE 5D16 
 316      5D6A 2E10 
 316      02B7 6E88 
 317 0058 0CD8 45CB 		.ascii	"\f\330E\313\240\204\221\340\213\247\214\223v\353\276Z\357\250"
 317      A084 91E0 
 317      8BA7 8C93 
 317      76EB BE5A 
 317      EFA8 
 318 006a 1EEA C3F5 		.ascii	"\036\352\303\365\363Z\326\035\"\027\242\202\t\353>V}CtP'W}\274"
 318      F35A D61D 
 318      2217 A282 
 318      09EB 3E56 
 318      7D43 7450 
 319 0082 FC69 574A 		.ascii	"\374iWJ\231\272Y\262\202{\351\242d\312\376\306P\213\"U=]\206"
 319      99BA 59B2 
 319      827B E9A2 
 319      64CA FEC6 
 319      508B 2255 
 320 0099 C794 8BB3 		.ascii	"\307\224\213\263\032\205>\\\313\234\237\314v\312\0132\275\205"
 320      1A85 3E5C 
 320      CB9C 9FCC 
 320      76CA 0B32 
 320      BD85 
 321 00ab 7D4B C5EC 		.ascii	"}K\305\354\203\301\370n>\231\352\261\352B.\\\260\243\341\f\211"
 321      83C1 F86E 
 321      3E99 EAB1 
 321      EA42 2E5C 
 321      B0A3 E10C 
 322 00c0 E9DE 46BD 		.ascii	"\351\336F\275\013\231p.\202*\316\341\347\342\321\023\322\253"
 322      0B99 702E 
 322      822A CEE1 
 322      E7E2 D113 
 322      D2AB 
 323 00d2 A3C9 DC0C 		.ascii	"\243\311\334\f 3F\177<\370\256X\017 \364\340\323+\370\277@\177"
 323      2033 467F 
 323      3CF8 AE58 
 323      0F20 F4E0 
 323      D32B F8BF 
 324 00e8 2BC0 D46E 		.ascii	"+\300\324n\221\332~\264\273\031\304{a#\210\243(n6\3020\210\233"
 324      91DA 7EB4 
 324      BB19 C47B 
 324      6123 88A3 
 324      286E 36C2 
 325 00ff 5B3B DB2B 		.ascii	"[;\333+\001\375\002\221AZ\f"
 325      01FD 0291 
 325      415A 0C
 326               		.text
 327               		.section	.gnu.lto_eeconfig_update_handedness.52d58ffa469177c6,"",@progbits
 328 0000 789C 258E 		.ascii	"x\234%\216\275J\003Q\020\205\347\334\311\306 \370Wg\021S\205"
 328      BD4A 0351 
 328      1085 E7DC 
 328      C9C6 20F8 
 328      5767 1153 
 329 0015 3446 F14D 		.ascii	"4F\361M|\001\221%\212h\262 b\273c\342\022\033A\020\013\013K\311"
 329      7C01 9125 
 329      8A68 B220 
 329      62BB 63E2 
 329      121B 4110 
 330 002d 6A02 C14A 		.ascii	"j\002\301J\322\005\037\300J\264\260P\004\203\304\bQ\264\214\353"
 330      D205 1FC0 
 330      4AB4 B050 
 330      0483 C408 
 330      51B4 8CEB 
 331 0041 DC75 6098 		.ascii	"\334u`\230\231{\317wfR\004\2621\245%\2475\253\t&\230\243[\242"
 331      997B CF77 
 331      6652 04B2 
 331      31A5 25A7 
 331      35AB 0926 
 332 0059 BD8C 016C 		.ascii	"\275\214\001l#\031P`\020\340\307\214\fn\352\275\216)4D\343\371"
 332      2319 5060 
 332      10E0 C78C 
 332      0C6E EABD 
 332      8E29 3444 
 333 006f B5BF 2851 		.ascii	"\265\277(Q\027!\023\305&q\"4PP\325\361\335\341\003\363,H\373"
 333      1721 13C5 
 333      2671 2234 
 333      5050 D5F1 
 333      DDE1 03F3 
 334 0086 F7D3 E869 		.ascii	"\367\323\350i<\177.R\0259\233\021\016\031\210\300J`\311\305\202"
 334      3C7F 2E52 
 334      1539 9B11 
 334      0E19 88C0 
 334      4A60 C9C5 
 335 009b 4BFA 40B8 		.ascii	"K\372@\270@\336\212_\256~O&\322\373\326~\356\337\024\227H\333"
 335      40DE 8A5F 
 335      AE7E 4F26 
 335      D2FB D67E 
 335      EEDF 1497 
 336 00b1 33DB CB5D 		.ascii	"3\333\313]\211\343\232\310u\016\016`\001\243\250J\206\232\366"
 336      89E3 9AC8 
 336      750E 0E60 
 336      01A3 A84A 
 336      869A F6
 337 00c4 D04F 636C 		.ascii	"\320Ocl\345\036\252_\365\201c\301\032\233\232\272\277!\231\354"
 337      E51E AA5F 
 337      F581 63C1 
 337      1A9B 9ABA 
 337      BF21 99EC 
 338 00d8 824E 67F0 		.ascii	"\202Ng\3608\026\214\344@d:d\275B\275\321D`\377>\356\233-\376"
 338      3816 8CE4 
 338      4064 3A64 
 338      BD42 BDD1 
 338      4460 FF3E 
 339 00f0 3621 A730 		.ascii	"6!\2470\211\026\\\245Cv\250\217\252p\302\333\030*\241[tgv\247"
 339      8916 5CA5 
 339      4376 A88F 
 339      AA70 C2DB 
 339      182A A15B 
 340 0108 BCB9 E2F9 		.ascii	"\274\271\342\371\333\245\242\347\227\313~\245X*y~emc}\336#\336"
 340      DBA5 A2E7 
 340      97CB 7EA5 
 340      582A 797E 
 340      656D 637D 
 341 011f 5DDD FA03 		.ascii	"]\335\372\003.\266c\234"
 341      2EB6 639C 
 342               		.text
 343               		.section	.gnu.lto_.symbol_nodes.52d58ffa469177c6,"",@progbits
 344 0000 789C 5590 		.ascii	"x\234U\220In\203@\020E\213\311\030\033\314\340\t\fx\272QN\364"
 344      496E 8340 
 344      1045 8BC9 
 344      181B CCE0 
 344      090C 78BA 
 345 0017 BD40 B194 		.ascii	"\275@\261\224U\316`\371\024YF^\347\f\211\3042g\210B\323\245("
 345      55CE 60F9 
 345      1459 465E 
 345      E70C 89C4 
 345      3267 8842 
 346 002e 7FF5 F45E 		.ascii	"\177\365\364^\265\350j|q\344\311\023\021w\n\221\327\017\221\001"
 346      B5E8 6A7C 
 346      71E4 C913 
 346      1177 0A91 
 346      D70F 9101 
 347 0042 6F97 D310 		.ascii	"o\227\323\020\"8\034fp9\314\341q\210\341sH\020pX`\302!E\310!"
 347      2238 1C66 
 347      7039 CCE1 
 347      7188 E173 
 347      4810 7058 
 348 005c C394 438E 		.ascii	"\303\224C\216\210C\201\031\207%\346\034V\2109\254\221p\330`\301"
 348      8843 8119 
 348      8725 E61C 
 348      5688 39AC 
 348      9170 D860 
 349 0071 618B 9483 		.ascii	"a\213\224\203\217\214C\200\234\303\004\005\205`/G\363'C,\371"
 349      8F8C 4380 
 349      9CC3 0405 
 349      8560 2F47 
 349      F327 432C 
 350 0086 6089 1587 		.ascii	"`\211\025\207\nk\016;l8\324\330Rp\032\224c\020\271\\\206[\234"
 350      0A6B 0E3B 
 350      6C38 D4D8 
 350      5270 1A94 
 350      6310 B95C 
 351 009d 232A F213 		.ascii	"#*\362\023v\344-j\3623\032\362\003\332\377\356I%\367\317\037"
 351      76E4 2D6A 
 351      F233 1AF2 
 351      03DA FFEE 
 351      4925 F7CF 
 352 00b2 C773 94EE 		.ascii	"\307s\224\356\316\322S\372\265e\320XN\324C\365i\375\307\3360"
 352      CED2 53FA 
 352      B565 D058 
 352      4ED4 43F5 
 352      69FD C7DE 
 353 00c7 6AE4 A1BC 		.ascii	"j\344\241\274\177\r\234\351|\256\347\343\3262\331[.\324S\365"
 353      7F0D 9CE9 
 353      7CAE E7E3 
 353      D632 D95B 
 353      2ED4 53F5 
 354 00db 2C95 9B61 		.ascii	",\225\233a\236(3y7,t\277B\277?\260W\216\367\230\256\354\225\335"
 354      9E28 3379 
 354      372C 74BF 
 354      42BF 3FB0 
 354      578E F798 
 355 00f3 F3F7 619C 		.ascii	"\363\367a\234\217\334\313C\275W\357\256:\277\352|d%\275z\367"
 355      8FDC CB43 
 355      BD57 EFAE 
 355      3ABF EA7C 
 355      6425 BD7A 
 356 0108 6298 CBCD 		.ascii	"b\230\313\315pU\330}\326\272\357F\367\335\352\373J\273\227\374"
 356      7055 D87D 
 356      D6BA EF46 
 356      F7DD EAFB 
 356      4ABB 97FC 
 357 011c 02D8 ABDF 		.ascii	"\002\330\253\337 "
 357      20
 358               		.text
 359               		.section	.gnu.lto_.refs.52d58ffa469177c6,"",@progbits
 360 0000 789C 6361 		.string	"x\234ca`d`c```\024b\024fa"
 360      6064 6063 
 360      6060 6014 
 360      6214 6661 
 360      00
 361 0011 00        		.string	""
 362 0012 0133 00   		.string	"\0013"
 363 0015 37        		.ascii	"7"
 364               		.text
 365               		.section	.gnu.lto_.decls.52d58ffa469177c6,"",@progbits
 366 0000 789C 9558 		.string	"x\234\225XkP\024W\026\356\333=#\3030<VI\312l\210k\231J\351\217\215$q7\265\251\255\332\332
 366      6B50 1457 
 366      16EE DB3D 
 366      23C3 303C 
 366      5649 CA6C 
 367 009d D60C D60A 		.string	"\326\f\326\n\326\001\326\005v\033\354.X?\330"
 367      D601 D605 
 367      761B EC2E 
 367      583F D800 
 368 00ad D810 D818 		.string	"\330\020\330\030\330\004\330\024\330\f\330\034\330\002\330\"\330\022\3302\330\n\230\013\f
 368      D804 D814 
 368      D80C D81C 
 368      D802 D822 
 368      D812 D832 
 369 00cf 160C F616 		.ascii	"\026\f\366\026\330\006\260w\301\266\200\341L\336G\202\346\300"
 369      D806 B077 
 369      C1B6 80E1 
 369      4CDE 4782 
 369      E6C0 
 370 00e1 5A8C 2C   		.ascii	"Z\214,"
 371 00e4 97AD 48CD 		.string	"\227\255H\315\305\237\341D\206\t\360\360\023X\016\257\363m\325\361\305\271C)\205v\346\023
 371      C59F E144 
 371      8609 F0F0 
 371      1358 0EAF 
 371      F36D D5F1 
 372 01e5 DBEF 70CE 		.string	"\333\357p\316X\203\267\375\316\3054~\346\301!\262{+^4\343\375u5=C\310{\317\360\336\274\33
 372      5883 B7FD 
 372      CEC5 347E 
 372      E6C1 21B2 
 372      7B2B 5E34 
 373 0256 F6BE 35B1 		.string	"\366\2765\2612\206\266^\224\341H\225eQTy\257\035\356\0337K~\030%\326V5\235\227\320\026\36
 373      3286 B65E 
 373      94E1 4895 
 373      6551 5479 
 373      AF1D EE1B 
 374 02c4 9ECE DC93 		.ascii	"\236\316\334\223a13\372\324\325\320\237\033\\\350C<}\261\206"
 374      6131 33FA 
 374      D4D5 D09F 
 374      1B5C E843 
 374      3C7D B186 
 375 02d8 BE84 D197 		.ascii	"\276\204\321\227\020\372\242\375\243\016\023\224%\004\352\204"
 375      10FA A2FD 
 375      A30E 1394 
 375      2504 EA84 
 376 02e8 B832 85D0 		.ascii	"\2702\205\32029r\362\033\374\245m\244\030\225\223\017n\211\310"
 376      3239 72F2 
 376      1BFC A56D 
 376      A418 9593 
 376      0F6E 89C8 
 377 02fc BC85 6871 		.ascii	"\274\205hq\346\312k@\313\266\020\364\001(\251\004%!LI\031D*\205"
 377      E6CA 6B40 
 377      CBB6 10F4 
 377      0128 A904 
 377      2521 4C49 
 378 0314 48A4 66CE 		.ascii	"H\244f\316\027>\262\210*@@\271Z\260\0203\255t{}n\273\321\314"
 378      173E B288 
 378      2A40 40B9 
 378      5AB0 1033 
 378      AD74 7B7D 
 379 032c E852 5F43 		.ascii	"\350R_C\007\370\374\271\326e_>\261\0374\211U\261\304\252Hb=\335"
 379      07F8 FCB9 
 379      D665 5F3E 
 379      B11F 3489 
 379      55B1 C4AA 
 380 0344 8FEA 241E 		.ascii	"\217\352$\036\\\241\001W3p5\001\337kq\024\340\331\262\031\317"
 380      5CA1 0157 
 380      3370 3501 
 380      DF6B 7114 
 380      E0D9 B219 
 381 0359 1697 2B90 		.ascii	"\026\227+\220+\304fV\2103\207\363\326H\277'\347\035\373\212O"
 381      2BC4 6656 
 381      8833 87F3 
 381      D648 BF27 
 381      E71D FB8A 
 382 036e 4874 E619 		.ascii	"Ht\346\031\340r\276={$\200\316\274\215P\246kI\335]&\245Ls\262"
 382      E072 BE3D 
 382      7B24 80CE 
 382      BC8D 50A6 
 382      6B49 DD5D 
 383 0387 BC16 F2BA 		.ascii	"\274\026\362\272\006q\257\342\2269!\263\315,\263+0x\331]\250"
 383      0671 AFE2 
 383      9639 21B3 
 383      CD2C B32B 
 383      3078 D95D 
 384 039c 0C33 14AA 		.ascii	"\f3\024\252\0264\326\250\205\332\314\n%\337xV\306\346\300\234"
 384      1634 D6A8 
 384      85DA CC0A 
 384      25DF 7856 
 384      C6E6 C09C 
 385 03b0 9CFA 5A42 		.ascii	"\234\372ZB<\275\313z'M|\366?j\262\257c\331\327\221\354S\n\323"
 385      3CBD CB7A 
 385      274D 7CF6 
 385      3F6A B2AF 
 385      63D9 D791 
 386 03c8 478D 3CB8 		.ascii	"G\215<\270V\003\256g\340z\002>\324{\374\240o\037\272\203D\304"
 386      5603 AE67 
 386      E07A 023E 
 386      D47B FCA0 
 386      6F1F BA83 
 387 03de BE87 924D 		.ascii	"\276\207\222M\206~ |J.\021>\305\027\242\300\276\346!:D\214}0"
 387      867E 207C 
 387      4A2E 113E 
 387      C517 A2C0 
 387      BEE6 213A 
 388 03f6 083B 55C9 		.ascii	"\b;U\311\310\037b\247.\345 $tP\345\302C\312\342e^\344\276\210"
 388      C81F 62A7 
 388      2EE5 2024 
 388      7450 E5C2 
 388      43CA E265 
 389 040e 3F54 5744 		.ascii	"?TWD\371\3608bJxb\252\233\343E\332\344\220\2629\244\337\236}"
 389      F9F0 3862 
 389      4A78 62AA 
 389      9BE3 45DA 
 389      E490 B239 
 390 0426 6096 FE42 		.ascii	"`\226\376B\246\301\364\235\206\274\200\365GH\367dy#B\237\275"
 390      A6C1 F49D 
 390      86BC 80F5 
 390      4748 F764 
 390      7923 429F 
 391 043b C926 B080 		.ascii	"\311&\260\200\232\320z\370\037n\240^\003\256\306Q\313\246\\9"
 391      9AD0 7AF8 
 391      1F6E A05E 
 391      03AE C651 
 391      CBA6 5C39 
 392 044f B718 3691 		.ascii	"\267\0306\221\003\326!(u\002x\0310\f5\252\375\206S\374\321\200"
 392      03D6 2128 
 392      7502 7819 
 392      300C 35AA 
 392      FD86 53FC 
 393 0465 FA20 7C33 		.ascii	"\372 |3\332\204\027\363l\316\314\032i7\t8<\230\332\346Ki\234"
 393      DA84 17F3 
 393      6CCE CC1A 
 393      6937 0938 
 393      3C98 DAE6 
 394 047c 59CD A25C 		.ascii	"Y\315\242\\\f\034\177$\034-*G\013\317\321J8\352\236.<6I{\020"
 394      0C1C 7F24 
 394      1C2D 2A47 
 394      0BCF D14A 
 394      38EA 9E2E 
 395 0495 2169 6FEC 		.ascii	"!io\354\312\362\2212\311\205!g\372P\255\031\032\215|\301\266"
 395      CAF2 9132 
 395      C985 2167 
 395      FA50 AD19 
 395      1A8D 7CC1 
 396 04aa 64CB 26D4 		.ascii	"d\313&\324\216|\205D\262\"\345\334\215\310\275\"\177\202i\206"
 396      8E7C 8544 
 396      B222 E5DC 
 396      8DC8 BD22 
 396      7F82 6986 
 397 04be 6F09 E806 		.ascii	"o\t\350\006\300o\302\274\310\226\223\360^\210\007\317)\273\250"
 397      C06F C2BC 
 397      C896 93F0 
 397      5E88 07CF 
 397      29BB A8
 398 04d1 802F D175 		.ascii	"\200/\321u\242@\251\330\320\021\347q\177\276J\030\242\224\351"
 398      A240 A9D8 
 398      D011 E771 
 398      7FBE 4A18 
 398      A294 E9
 399 04e4 96A6 4CE7 		.ascii	"\226\246L\347\n\257\216\372\260\374\272Y~N\003\006\24165\301"
 399      0AAF 8EFA 
 399      B0FC BA59 
 399      7E4E 0306 
 399      A136 35C1 
 400 04f8 363E C10E 		.ascii	"6>\301\016\222`N\371\310R\200t\234&x\255\261\"-\200\261\314i"
 400      9260 4EF9 
 400      C852 8074 
 400      9C26 78AD 
 400      B122 2D80 
 401 050f 593A 5596 		.ascii	"Y:U\226N\236\245\213\260t_.\356\023\245b\312r6\247\246a\r/\033"
 401      4E9E A58B 
 401      B074 5F2E 
 401      EE13 A562 
 401      CA72 36A7 
 402 0528 6F1F 8AEC 		.ascii	"o\037\212\354\036\215\354\274\204\374q\003\013\270\322l\331/"
 402      1E8D ECBC 
 402      84FC 7103 
 402      0BB8 D26C 
 402      D92F 
 403 053a 3BF7 80D7 		.ascii	";\367\200\327Z\214B\335j\304n>\342m\022\361~M\365S\213\324@#"
 403      5A8C 42DD 
 403      6AC4 6E3E 
 403      E26D 12F1 
 403      7E4D F553 
 404 0552 2ECD 7414 		.ascii	".\315t\024\211\006\230\313$\024\220\303\330\215\316\206\f?\235"
 404      8906 98CB 
 404      2414 90C3 
 404      D88D CE86 
 404      0C3F 9D
 405 0565 2976 8788 		.ascii	")v\207\210\370/b*\372\232\032\322\331\034"
 405      F82F 622A 
 405      FA9A 1AD2 
 405      D91C 
 406 0573 731E 4D96 		.string	"s\036M\226\230\n\021\303P\257\252\242\227Wq\227\250HtV\216Y\244\273TE\363Hi\217\322\203\2
 406      980A 11C3 
 406      50AF AAA2 
 406      9757 7197 
 406      A848 7456 
 407 0674 149A 5623 		.ascii	"\024\232V#N\363\021gH\304\003\351\351=\006i\231F\354O\254N\241"
 407      4EF3 1167 
 407      48C4 03E9 
 407      E93D 0669 
 407      9946 EC4F 
 408 068b 5DA8 7577 		.ascii	"]\250uw\241\370\207\222K\006\235.<\"\"\036*](\277\362`\022\317"
 408      A1F8 8792 
 408      4B06 9D2E 
 408      3C22 221E 
 408      2A5D 28BF 
 409 06a3 E141 50D1 		.ascii	"\341AP\321\303\345\r04\253\252\230\345U\314\021\025'\235\007"
 409      C3E5 0D30 
 409      34AB AA98 
 409      E555 CC11 
 409      1527 9D07 
 410 06b7 A62C 528A 		.ascii	"\246,R\212DT\224^\177rXY\327\363\036\311\314\2534\363<\315\002"
 410      4454 945E 
 410      7F72 5859 
 410      D7F3 1EC9 
 410      CCAB 34F3 
 411 06ce A179 3271 		.ascii	"\241y2q\241\303(}OiF\0366&\37125\313\036j\036\2534\217y\232E"
 411      A1C3 287D 
 411      4F69 461E 
 411      3626 F932 
 411      35CB 1E6A 
 412 06e9 4253 737A 		.ascii	"BSsz\377\204Q\252\2444\355\375\263\027\215R+\275(>\361\242\303"
 412      FF84 51AA 
 412      A434 EDFD 
 412      B317 8D52 
 412      2BBD 283E 
 413 0700 0405 424F 		.ascii	"\004\005BO\210\027\214$\325w\344\343\371?\230\013b\347\020\216"
 413      8817 8C24 
 413      D577 E4E3 
 413      F93F 980B 
 413      62E7 108E 
 414 0714 B207 47C1 		.ascii	"\262\007G\301O\207\237\225(\350)2\340+5\320\022\tT\266t\177\334"
 414      4F87 9F95 
 414      28E8 2932 
 414      E02B 35D0 
 414      1209 54B6 
 415 072b 47BA A9C7 		.ascii	"G\272\251\307\235\320\326r\305\304\270\237\007\313\t{\225G\327"
 415      9DD0 D672 
 415      C5C4 B89F 
 415      07CB 097B 
 415      9547 D7
 416 073e 3337 F173 		.ascii	"37\361s ~\306\023/\023\342\306\254\363\217}\245\373\224\370\356"
 416      207E C613 
 416      2F13 E2C6 
 416      ACF3 8F7D 
 416      A5FB 94F8 
 417 0753 A1F1 5E0B 		.ascii	"\241\361^\013+D\316\035\376\361\365B-\303\013\236d\205\220\334"
 417      2B44 CE1D 
 417      FEF1 F542 
 417      2DC3 0B9E 
 417      6485 90DC 
 418 0767 CE2B 9F36 		.ascii	"\316+\2376J?S\222\232\341#u\356\335\275\211'y\251\222\274\344"
 418      4A3F 5392 
 418      9AE1 2375 
 418      EEDD BD89 
 418      2779 A992 
 419 077d 495C 84C4 		.ascii	"I\\\204\304u\375Q\237EJ0\320'\367\321\304\213fe\257L\321vV\026"
 419      75FD 519F 
 419      454A 30D0 
 419      27F7 D1C4 
 419      8B66 65AF 
 420 0796 DD34 70AA 		.ascii	"\3354p\252\322\354\021\311\302HK\253\016\220\262(\315b\363H\205"
 420      D2EC 11C9 
 420      C248 4BAB 
 420      0E90 B228 
 420      CD62 F348 
 421 07ab B24C 4B52 		.ascii	"\262LKR\264\235\335\253\322\354\345i\022\bMu\336\360\200I*\242"
 421      B49D DDAB 
 421      D2EC E569 
 421      1208 4D75 
 421      DEF0 8049 
 422 07c1 340F BECB 		.ascii	"4\017\276\313LW\226i\315M\315\003k\237\312"
 422      4C57 9669 
 422      CD4D CD03 
 422      6B9F CA
 423 07d0 B28F 67D9 		.string	"\262\217g\331O\305\fT4\211R\013e\251p\315\037\363#k\006?`\351\232\371\261bi"
 423      4FC5 0C54 
 423      3489 520B 
 423      65A9 70CD 
 423      1FF3 236B 
 424 07ee E9AC 9924 		.ascii	"\351\254\231$\021\257\231D\221\255\231\02399\3573\r\267o*e\005"
 424      11AF 9944 
 424      91AD 9913 
 424      3939 EF33 
 424      0DB7 6F2A 
 425 0804 0C3A A04A 		.ascii	"\f:\240J8\300K\370\206H\230lI\274'I#\006\335\3153\375\350O\271"
 425      38C0 4BF8 
 425      8648 986C 
 425      49BC 2749 
 425      2306 DDCD 
 426 081d 0164 0C5E 		.ascii	"\001d\f^g\320\267\"\031\274\222\336yYoG=Dt\035Tt\215\036?=OV"
 426      67D0 B722 
 426      19BC 92DE 
 426      7959 6F47 
 426      3D44 741D 
 427 0839 0FBC 7FF5 		.ascii	"\017\274\177\365O\374\263*Y\336'a\fJVu%\213\364\013\007J!\232"
 427      4FFC B32A 
 427      59DE 2761 
 427      0C4A 5675 
 427      258B F40B 
 428 0851 0E1E 75A5 		.ascii	"\016\036u\245Y\244cF\242i\271\274\356\205\237t\201^d\374x\257"
 428      59A4 6346 
 428      A269 B9BC 
 428      EE85 9F74 
 428      815E 64FC 
 429 0867 09E1 A99D 		.ascii	"\t\341\251\235*\262\251\235?\325\237F\345\301\353\020\223\234"
 429      2AB2 A99D 
 429      3FD5 9F46 
 429      E5C1 EB10 
 429      939C 
 430 0879 9774 B0   		.ascii	"\227t\260"
 431 087c D6AC F7D4 		.string	"\326\254\367\324I'\362\322\024y\347/8\266Su\360\234\203\211T\207g@\020F\241\357\024\201\3
 431      4927 F2D2 
 431      1479 E72F 
 431      38B6 5375 
 431      F09C 8389 
 432 097d 4167 D44A 		.ascii	"Ag\324J\235Q\024\345\023E\363\3035\017\375\245\025\252(\345`"
 432      9D51 14E5 
 432      1345 F3C3 
 432      350F FDA5 
 432      15AA 28E5 
 433 0992 DB60 8074 		.ascii	"\333`\200tx\ryu\037J\3739\332\3753\206k\341?g\366\343}\352\242"
 433      780D 7975 
 433      1F4A FB39 
 433      DAFD 3386 
 433      6BE1 3F67 
 434 09ab 6846 1754 		.ascii	"hF\027T6P.\260\0372<_[\013D\257o\231+\323\227\226-\357\235\226"
 434      3650 2EB0 
 434      1F32 3C5F 
 434      5B0B 44AF 
 434      6F99 2BD3 
 435 09c5 73E1 75A1 		.ascii	"s\341u\241\247\032%B\355\f\204\325AY\335\004\002\036\201\377"
 435      A71A 2542 
 435      ED0C 84D5 
 435      4159 DD04 
 435      021E 81FF 
 436 09d9 97C4 F7F0 		.ascii	"\227\304\367\360\027\252\206}\335\006\376}\023\257g\365}\263"
 436      17AA 867D 
 436      DD06 FE7D 
 436      13AF 67F5 
 436      7DB3 
 437 09eb 50A4 EF9B 		.ascii	"P\244\357\233\360\t\340\307\035\265\017E\036\234\256\001\027"
 437      F009 E0C7 
 437      1DB5 0F45 
 437      1E9C AE01 
 437      17
 438 09fc 3170 1101 		.ascii	"1p\021\0017t\347uj~!\310\322\200\213\031\270\230\200\033\345"
 438      3774 E775 
 438      6A7E 21C8 
 438      D280 8B19 
 438      B898 801B 
 439 0a11 FE3A CD6B 		.ascii	"\376:\315k\357I\r\270\204\201K\b\370\310\\\371\262\231\007\347"
 439      EF49 0DB8 
 439      8481 4B08 
 439      F8C8 5CF9 
 439      B299 07E7 
 440 0a25 69C0 A50C 		.ascii	"i\300\245\f\\J\300\316\375\t\035\232\004\317k\300e\f\\F\300\267"
 440      5C4A C0CE 
 440      FD09 1D9A 
 440      04CF 6BC0 
 440      650C 5C46 
 441 0a3b E453 4ECD 		.ascii	"\344SN\315\257A\370\361\241\202\313\031\270\234\200\263\034\227"
 441      AF41 F8F1 
 441      A182 CB19 
 441      B89C 80B3 
 441      1C97 
 442 0a4d 9334 D568 		.ascii	"\2234\325h\322\200+\030\270\202\200\017\r9\3064?\201\340\326"
 442      D280 2B18 
 442      B882 800F 
 442      0D39 C634 
 442      3F81 E0D6 
 443 0a61 A8E0 4A06 		.ascii	"\250\340J\006\306\237\246\277\376\375\037\033\377\374\311'\202"
 443      C69F A6BF 
 443      FEFD 1F1B 
 443      FFFC C927 
 443      82
 444 0a72 293E 2ADA 		.ascii	")>*\332\376\341\307V\373\206\320\370\270\330\320\235Q\341\241"
 444      FEE1 C756 
 444      FB86 D0F8 
 444      B8D8 D09D 
 444      51E1 A1
 445 0a85 61FF 8E0D 		.ascii	"a\377\216\r\215\212\216\330\031\037i\013\215\263G\302\375\255"
 445      8D8A 8ED8 
 445      191F 690B 
 445      8DB3 47C2 
 445      FDAD 
 446 0a97 5F0A 3E18 		.ascii	"_\n>\030\367;\253\235\340"
 446      F73B AB9D 
 446      E0
 447 0aa0 B77D 64B5 		.string	"\267}d\265\007\332l\0211\321\237G}a\265E\207\205\357\264\275m\337\265\303\032\021\023k\01
 447      07DA 6C11 
 447      31D1 9F47 
 447      7D61 B545 
 447      8785 EFB4 
 448 0ba1 3CF4 0B1E 		.ascii	"<\364\013\036\023\211\335\327iAtL\323vk\234\035\356\370s\347"
 448      1389 DDD7 
 448      6941 744C 
 448      D376 6B9C 
 448      1DEE F873 
 449 0bb6 56FB AF3C 		.ascii	"V\373\257<\247rX\204=*&\232:\200\312\377\001d,s+"
 449      A772 5884 
 449      3D2A 269A 
 449      3A80 CAFF 
 449      0164 2C73 
 450               		.text
 451               		.section	.gnu.lto_.symtab.52d58ffa469177c6,"",@progbits
 452 0000 6565 636F 		.string	"eeconfig_enable"
 452      6E66 6967 
 452      5F65 6E61 
 452      626C 6500 
 453 0010 00        		.string	""
 454 0011 00        		.string	""
 455 0012 00        		.string	""
 456 0013 00        		.string	""
 457 0014 00        		.string	""
 458 0015 00        		.string	""
 459 0016 00        		.string	""
 460 0017 00        		.string	""
 461 0018 00        		.string	""
 462 0019 00        		.string	""
 463 001a 00        		.string	""
 464 001b C700      		.string	"\307"
 465 001d 00        		.string	""
 466 001e 00        		.string	""
 467 001f 6565 636F 		.string	"eeconfig_disable"
 467      6E66 6967 
 467      5F64 6973 
 467      6162 6C65 
 467      00
 468 0030 00        		.string	""
 469 0031 00        		.string	""
 470 0032 00        		.string	""
 471 0033 00        		.string	""
 472 0034 00        		.string	""
 473 0035 00        		.string	""
 474 0036 00        		.string	""
 475 0037 00        		.string	""
 476 0038 00        		.string	""
 477 0039 00        		.string	""
 478 003a 00        		.string	""
 479 003b C900      		.string	"\311"
 480 003d 00        		.string	""
 481 003e 00        		.string	""
 482 003f 6565 636F 		.string	"eeconfig_is_enabled"
 482      6E66 6967 
 482      5F69 735F 
 482      656E 6162 
 482      6C65 6400 
 483 0053 00        		.string	""
 484 0054 00        		.string	""
 485 0055 00        		.string	""
 486 0056 00        		.string	""
 487 0057 00        		.string	""
 488 0058 00        		.string	""
 489 0059 00        		.string	""
 490 005a 00        		.string	""
 491 005b 00        		.string	""
 492 005c 00        		.string	""
 493 005d 00        		.string	""
 494 005e D100      		.string	"\321"
 495 0060 00        		.string	""
 496 0061 00        		.string	""
 497 0062 6565 636F 		.string	"eeconfig_is_disabled"
 497      6E66 6967 
 497      5F69 735F 
 497      6469 7361 
 497      626C 6564 
 498 0077 00        		.string	""
 499 0078 00        		.string	""
 500 0079 00        		.string	""
 501 007a 00        		.string	""
 502 007b 00        		.string	""
 503 007c 00        		.string	""
 504 007d 00        		.string	""
 505 007e 00        		.string	""
 506 007f 00        		.string	""
 507 0080 00        		.string	""
 508 0081 00        		.string	""
 509 0082 D300      		.string	"\323"
 510 0084 00        		.string	""
 511 0085 00        		.string	""
 512 0086 6565 636F 		.string	"eeconfig_read_debug"
 512      6E66 6967 
 512      5F72 6561 
 512      645F 6465 
 512      6275 6700 
 513 009a 00        		.string	""
 514 009b 00        		.string	""
 515 009c 00        		.string	""
 516 009d 00        		.string	""
 517 009e 00        		.string	""
 518 009f 00        		.string	""
 519 00a0 00        		.string	""
 520 00a1 00        		.string	""
 521 00a2 00        		.string	""
 522 00a3 00        		.string	""
 523 00a4 00        		.string	""
 524 00a5 D600      		.string	"\326"
 525 00a7 00        		.string	""
 526 00a8 00        		.string	""
 527 00a9 6565 636F 		.string	"eeconfig_update_debug"
 527      6E66 6967 
 527      5F75 7064 
 527      6174 655F 
 527      6465 6275 
 528 00bf 00        		.string	""
 529 00c0 00        		.string	""
 530 00c1 00        		.string	""
 531 00c2 00        		.string	""
 532 00c3 00        		.string	""
 533 00c4 00        		.string	""
 534 00c5 00        		.string	""
 535 00c6 00        		.string	""
 536 00c7 00        		.string	""
 537 00c8 00        		.string	""
 538 00c9 00        		.string	""
 539 00ca DA00      		.string	"\332"
 540 00cc 00        		.string	""
 541 00cd 00        		.string	""
 542 00ce 6565 636F 		.string	"eeconfig_read_default_layer"
 542      6E66 6967 
 542      5F72 6561 
 542      645F 6465 
 542      6661 756C 
 543 00ea 00        		.string	""
 544 00eb 00        		.string	""
 545 00ec 00        		.string	""
 546 00ed 00        		.string	""
 547 00ee 00        		.string	""
 548 00ef 00        		.string	""
 549 00f0 00        		.string	""
 550 00f1 00        		.string	""
 551 00f2 00        		.string	""
 552 00f3 00        		.string	""
 553 00f4 00        		.string	""
 554 00f5 DC00      		.string	"\334"
 555 00f7 00        		.string	""
 556 00f8 00        		.string	""
 557 00f9 6565 636F 		.string	"eeconfig_update_default_layer"
 557      6E66 6967 
 557      5F75 7064 
 557      6174 655F 
 557      6465 6661 
 558 0117 00        		.string	""
 559 0118 00        		.string	""
 560 0119 00        		.string	""
 561 011a 00        		.string	""
 562 011b 00        		.string	""
 563 011c 00        		.string	""
 564 011d 00        		.string	""
 565 011e 00        		.string	""
 566 011f 00        		.string	""
 567 0120 00        		.string	""
 568 0121 00        		.string	""
 569 0122 DE00      		.string	"\336"
 570 0124 00        		.string	""
 571 0125 00        		.string	""
 572 0126 6565 636F 		.string	"eeconfig_read_keymap"
 572      6E66 6967 
 572      5F72 6561 
 572      645F 6B65 
 572      796D 6170 
 573 013b 00        		.string	""
 574 013c 00        		.string	""
 575 013d 00        		.string	""
 576 013e 00        		.string	""
 577 013f 00        		.string	""
 578 0140 00        		.string	""
 579 0141 00        		.string	""
 580 0142 00        		.string	""
 581 0143 00        		.string	""
 582 0144 00        		.string	""
 583 0145 00        		.string	""
 584 0146 E100      		.string	"\341"
 585 0148 00        		.string	""
 586 0149 00        		.string	""
 587 014a 6565 636F 		.string	"eeconfig_update_keymap"
 587      6E66 6967 
 587      5F75 7064 
 587      6174 655F 
 587      6B65 796D 
 588 0161 00        		.string	""
 589 0162 00        		.string	""
 590 0163 00        		.string	""
 591 0164 00        		.string	""
 592 0165 00        		.string	""
 593 0166 00        		.string	""
 594 0167 00        		.string	""
 595 0168 00        		.string	""
 596 0169 00        		.string	""
 597 016a 00        		.string	""
 598 016b 00        		.string	""
 599 016c E500      		.string	"\345"
 600 016e 00        		.string	""
 601 016f 00        		.string	""
 602 0170 6565 636F 		.string	"eeconfig_read_audio"
 602      6E66 6967 
 602      5F72 6561 
 602      645F 6175 
 602      6469 6F00 
 603 0184 00        		.string	""
 604 0185 00        		.string	""
 605 0186 00        		.string	""
 606 0187 00        		.string	""
 607 0188 00        		.string	""
 608 0189 00        		.string	""
 609 018a 00        		.string	""
 610 018b 00        		.string	""
 611 018c 00        		.string	""
 612 018d 00        		.string	""
 613 018e 00        		.string	""
 614 018f E700      		.string	"\347"
 615 0191 00        		.string	""
 616 0192 00        		.string	""
 617 0193 6565 636F 		.string	"eeconfig_update_audio"
 617      6E66 6967 
 617      5F75 7064 
 617      6174 655F 
 617      6175 6469 
 618 01a9 00        		.string	""
 619 01aa 00        		.string	""
 620 01ab 00        		.string	""
 621 01ac 00        		.string	""
 622 01ad 00        		.string	""
 623 01ae 00        		.string	""
 624 01af 00        		.string	""
 625 01b0 00        		.string	""
 626 01b1 00        		.string	""
 627 01b2 00        		.string	""
 628 01b3 00        		.string	""
 629 01b4 E900      		.string	"\351"
 630 01b6 00        		.string	""
 631 01b7 00        		.string	""
 632 01b8 6565 636F 		.string	"eeconfig_read_kb"
 632      6E66 6967 
 632      5F72 6561 
 632      645F 6B62 
 632      00
 633 01c9 00        		.string	""
 634 01ca 00        		.string	""
 635 01cb 00        		.string	""
 636 01cc 00        		.string	""
 637 01cd 00        		.string	""
 638 01ce 00        		.string	""
 639 01cf 00        		.string	""
 640 01d0 00        		.string	""
 641 01d1 00        		.string	""
 642 01d2 00        		.string	""
 643 01d3 00        		.string	""
 644 01d4 EC00      		.string	"\354"
 645 01d6 00        		.string	""
 646 01d7 00        		.string	""
 647 01d8 6565 636F 		.string	"eeconfig_update_kb"
 647      6E66 6967 
 647      5F75 7064 
 647      6174 655F 
 647      6B62 00
 648 01eb 00        		.string	""
 649 01ec 00        		.string	""
 650 01ed 00        		.string	""
 651 01ee 00        		.string	""
 652 01ef 00        		.string	""
 653 01f0 00        		.string	""
 654 01f1 00        		.string	""
 655 01f2 00        		.string	""
 656 01f3 00        		.string	""
 657 01f4 00        		.string	""
 658 01f5 00        		.string	""
 659 01f6 F000      		.string	"\360"
 660 01f8 00        		.string	""
 661 01f9 00        		.string	""
 662 01fa 6565 636F 		.string	"eeconfig_read_user"
 662      6E66 6967 
 662      5F72 6561 
 662      645F 7573 
 662      6572 00
 663 020d 00        		.string	""
 664 020e 00        		.string	""
 665 020f 00        		.string	""
 666 0210 00        		.string	""
 667 0211 00        		.string	""
 668 0212 00        		.string	""
 669 0213 00        		.string	""
 670 0214 00        		.string	""
 671 0215 00        		.string	""
 672 0216 00        		.string	""
 673 0217 00        		.string	""
 674 0218 F200      		.string	"\362"
 675 021a 00        		.string	""
 676 021b 00        		.string	""
 677 021c 6565 636F 		.string	"eeconfig_update_user"
 677      6E66 6967 
 677      5F75 7064 
 677      6174 655F 
 677      7573 6572 
 678 0231 00        		.string	""
 679 0232 00        		.string	""
 680 0233 00        		.string	""
 681 0234 00        		.string	""
 682 0235 00        		.string	""
 683 0236 00        		.string	""
 684 0237 00        		.string	""
 685 0238 00        		.string	""
 686 0239 00        		.string	""
 687 023a 00        		.string	""
 688 023b 00        		.string	""
 689 023c F400      		.string	"\364"
 690 023e 00        		.string	""
 691 023f 00        		.string	""
 692 0240 6565 636F 		.string	"eeconfig_init_user"
 692      6E66 6967 
 692      5F69 6E69 
 692      745F 7573 
 692      6572 00
 693 0253 00        		.string	""
 694 0254 01        		.ascii	"\001"
 695 0255 00        		.string	""
 696 0256 00        		.string	""
 697 0257 00        		.string	""
 698 0258 00        		.string	""
 699 0259 00        		.string	""
 700 025a 00        		.string	""
 701 025b 00        		.string	""
 702 025c 00        		.string	""
 703 025d 00        		.string	""
 704 025e F800      		.string	"\370"
 705 0260 00        		.string	""
 706 0261 00        		.string	""
 707 0262 6565 636F 		.string	"eeconfig_init_kb"
 707      6E66 6967 
 707      5F69 6E69 
 707      745F 6B62 
 707      00
 708 0273 00        		.string	""
 709 0274 01        		.ascii	"\001"
 710 0275 00        		.string	""
 711 0276 00        		.string	""
 712 0277 00        		.string	""
 713 0278 00        		.string	""
 714 0279 00        		.string	""
 715 027a 00        		.string	""
 716 027b 00        		.string	""
 717 027c 00        		.string	""
 718 027d 00        		.string	""
 719 027e FB00      		.string	"\373"
 720 0280 00        		.string	""
 721 0281 00        		.string	""
 722 0282 6565 636F 		.string	"eeconfig_init_quantum"
 722      6E66 6967 
 722      5F69 6E69 
 722      745F 7175 
 722      616E 7475 
 723 0298 00        		.string	""
 724 0299 00        		.string	""
 725 029a 00        		.string	""
 726 029b 00        		.string	""
 727 029c 00        		.string	""
 728 029d 00        		.string	""
 729 029e 00        		.string	""
 730 029f 00        		.string	""
 731 02a0 00        		.string	""
 732 02a1 00        		.string	""
 733 02a2 00        		.string	""
 734 02a3 FD00      		.string	"\375"
 735 02a5 00        		.string	""
 736 02a6 00        		.string	""
 737 02a7 6565 636F 		.string	"eeconfig_init"
 737      6E66 6967 
 737      5F69 6E69 
 737      7400 
 738 02b5 00        		.string	""
 739 02b6 00        		.string	""
 740 02b7 00        		.string	""
 741 02b8 00        		.string	""
 742 02b9 00        		.string	""
 743 02ba 00        		.string	""
 744 02bb 00        		.string	""
 745 02bc 00        		.string	""
 746 02bd 00        		.string	""
 747 02be 00        		.string	""
 748 02bf 00        		.string	""
 749 02c0 FF00      		.string	"\377"
 750 02c2 00        		.string	""
 751 02c3 00        		.string	""
 752 02c4 6565 636F 		.string	"eeconfig_read_haptic"
 752      6E66 6967 
 752      5F72 6561 
 752      645F 6861 
 752      7074 6963 
 753 02d9 00        		.string	""
 754 02da 00        		.string	""
 755 02db 00        		.string	""
 756 02dc 00        		.string	""
 757 02dd 00        		.string	""
 758 02de 00        		.string	""
 759 02df 00        		.string	""
 760 02e0 00        		.string	""
 761 02e1 00        		.string	""
 762 02e2 00        		.string	""
 763 02e3 00        		.string	""
 764 02e4 0101 00   		.string	"\001\001"
 765 02e7 00        		.string	""
 766 02e8 6565 636F 		.string	"eeconfig_update_haptic"
 766      6E66 6967 
 766      5F75 7064 
 766      6174 655F 
 766      6861 7074 
 767 02ff 00        		.string	""
 768 0300 00        		.string	""
 769 0301 00        		.string	""
 770 0302 00        		.string	""
 771 0303 00        		.string	""
 772 0304 00        		.string	""
 773 0305 00        		.string	""
 774 0306 00        		.string	""
 775 0307 00        		.string	""
 776 0308 00        		.string	""
 777 0309 00        		.string	""
 778 030a 0301 00   		.string	"\003\001"
 779 030d 00        		.string	""
 780 030e 6565 636F 		.string	"eeconfig_read_handedness"
 780      6E66 6967 
 780      5F72 6561 
 780      645F 6861 
 780      6E64 6564 
 781 0327 00        		.string	""
 782 0328 00        		.string	""
 783 0329 00        		.string	""
 784 032a 00        		.string	""
 785 032b 00        		.string	""
 786 032c 00        		.string	""
 787 032d 00        		.string	""
 788 032e 00        		.string	""
 789 032f 00        		.string	""
 790 0330 00        		.string	""
 791 0331 00        		.string	""
 792 0332 0501 00   		.string	"\005\001"
 793 0335 00        		.string	""
 794 0336 6565 636F 		.string	"eeconfig_update_handedness"
 794      6E66 6967 
 794      5F75 7064 
 794      6174 655F 
 794      6861 6E64 
 795 0351 00        		.string	""
 796 0352 00        		.string	""
 797 0353 00        		.string	""
 798 0354 00        		.string	""
 799 0355 00        		.string	""
 800 0356 00        		.string	""
 801 0357 00        		.string	""
 802 0358 00        		.string	""
 803 0359 00        		.string	""
 804 035a 00        		.string	""
 805 035b 00        		.string	""
 806 035c 0901 00   		.string	"\t\001"
 807 035f 00        		.string	""
 808 0360 6465 6661 		.string	"default_layer_state"
 808      756C 745F 
 808      6C61 7965 
 808      725F 7374 
 808      6174 6500 
 809 0374 00        		.string	""
 810 0375 02        		.ascii	"\002"
 811 0376 00        		.string	""
 812 0377 00        		.string	""
 813 0378 00        		.string	""
 814 0379 00        		.string	""
 815 037a 00        		.string	""
 816 037b 00        		.string	""
 817 037c 00        		.string	""
 818 037d 00        		.string	""
 819 037e 00        		.string	""
 820 037f 2D01 00   		.string	"-\001"
 821 0382 00        		.string	""
 822 0383 6565 7072 		.string	"eeprom_update_word"
 822      6F6D 5F75 
 822      7064 6174 
 822      655F 776F 
 822      7264 00
 823 0396 00        		.string	""
 824 0397 02        		.ascii	"\002"
 825 0398 00        		.string	""
 826 0399 00        		.string	""
 827 039a 00        		.string	""
 828 039b 00        		.string	""
 829 039c 00        		.string	""
 830 039d 00        		.string	""
 831 039e 00        		.string	""
 832 039f 00        		.string	""
 833 03a0 00        		.string	""
 834 03a1 0E01 00   		.string	"\016\001"
 835 03a4 00        		.string	""
 836 03a5 6565 7072 		.string	"eeprom_read_word"
 836      6F6D 5F72 
 836      6561 645F 
 836      776F 7264 
 836      00
 837 03b6 00        		.string	""
 838 03b7 02        		.ascii	"\002"
 839 03b8 00        		.string	""
 840 03b9 00        		.string	""
 841 03ba 00        		.string	""
 842 03bb 00        		.string	""
 843 03bc 00        		.string	""
 844 03bd 00        		.string	""
 845 03be 00        		.string	""
 846 03bf 00        		.string	""
 847 03c0 00        		.string	""
 848 03c1 1401 00   		.string	"\024\001"
 849 03c4 00        		.string	""
 850 03c5 6565 7072 		.string	"eeprom_read_byte"
 850      6F6D 5F72 
 850      6561 645F 
 850      6279 7465 
 850      00
 851 03d6 00        		.string	""
 852 03d7 02        		.ascii	"\002"
 853 03d8 00        		.string	""
 854 03d9 00        		.string	""
 855 03da 00        		.string	""
 856 03db 00        		.string	""
 857 03dc 00        		.string	""
 858 03dd 00        		.string	""
 859 03de 00        		.string	""
 860 03df 00        		.string	""
 861 03e0 00        		.string	""
 862 03e1 1901 00   		.string	"\031\001"
 863 03e4 00        		.string	""
 864 03e5 6565 7072 		.string	"eeprom_update_byte"
 864      6F6D 5F75 
 864      7064 6174 
 864      655F 6279 
 864      7465 00
 865 03f8 00        		.string	""
 866 03f9 02        		.ascii	"\002"
 867 03fa 00        		.string	""
 868 03fb 00        		.string	""
 869 03fc 00        		.string	""
 870 03fd 00        		.string	""
 871 03fe 00        		.string	""
 872 03ff 00        		.string	""
 873 0400 00        		.string	""
 874 0401 00        		.string	""
 875 0402 00        		.string	""
 876 0403 1E01 00   		.string	"\036\001"
 877 0406 00        		.string	""
 878 0407 6565 7072 		.string	"eeprom_read_dword"
 878      6F6D 5F72 
 878      6561 645F 
 878      6477 6F72 
 878      6400 
 879 0419 00        		.string	""
 880 041a 02        		.ascii	"\002"
 881 041b 00        		.string	""
 882 041c 00        		.string	""
 883 041d 00        		.string	""
 884 041e 00        		.string	""
 885 041f 00        		.string	""
 886 0420 00        		.string	""
 887 0421 00        		.string	""
 888 0422 00        		.string	""
 889 0423 00        		.string	""
 890 0424 2301 00   		.string	"#\001"
 891 0427 00        		.string	""
 892 0428 6565 7072 		.string	"eeprom_update_dword"
 892      6F6D 5F75 
 892      7064 6174 
 892      655F 6477 
 892      6F72 6400 
 893 043c 00        		.string	""
 894 043d 02        		.ascii	"\002"
 895 043e 00        		.string	""
 896 043f 00        		.string	""
 897 0440 00        		.string	""
 898 0441 00        		.string	""
 899 0442 00        		.string	""
 900 0443 00        		.string	""
 901 0444 00        		.string	""
 902 0445 00        		.string	""
 903 0446 00        		.string	""
 904 0447 2801 00   		.string	"(\001"
 905 044a 00        		.string	""
 906               		.text
 907               		.section	.gnu.lto_.opts,"",@progbits
 908 0000 272D 666D 		.ascii	"'-fmath-errno' '-fsigned-zeros' '-ftrapping-math' '-fno-trap"
 908      6174 682D 
 908      6572 726E 
 908      6F27 2027 
 908      2D66 7369 
 909 003c 7627 2027 		.ascii	"v' '-fno"
 909      2D66 6E6F 
 910 0044 2D6F 7065 		.string	"-openmp' '-fno-openacc' '-mn-flash=1' '-mno-skip-bug' '-mmcu=avr5' '-gdwarf-2' '-Os' '-We
 910      6E6D 7027 
 910      2027 2D66 
 910      6E6F 2D6F 
 910      7065 6E61 
 911               		.text
 912               		.comm	__gnu_lto_v1,1,1
 913               		.comm	__gnu_lto_slim,1,1
 914               		.ident	"GCC: (GNU) 5.4.0"
DEFINED SYMBOLS
                            *ABS*:0000000000000000 eeconfig.c
     /tmp/cchFQBQs.s:2      *ABS*:000000000000003e __SP_H__
     /tmp/cchFQBQs.s:3      *ABS*:000000000000003d __SP_L__
     /tmp/cchFQBQs.s:4      *ABS*:000000000000003f __SREG__
     /tmp/cchFQBQs.s:5      *ABS*:0000000000000000 __tmp_reg__
     /tmp/cchFQBQs.s:6      *ABS*:0000000000000001 __zero_reg__
                            *COM*:0000000000000001 __gnu_lto_v1
                            *COM*:0000000000000001 __gnu_lto_slim

NO UNDEFINED SYMBOLS
