   1               		.file	"report.c"
   2               	__SP_H__ = 0x3e
   3               	__SP_L__ = 0x3d
   4               	__SREG__ = 0x3f
   5               	__tmp_reg__ = 0
   6               	__zero_reg__ = 1
   7               		.text
   8               	.Ltext0:
   9               		.section	.gnu.lto_.profile.1e2b8224e0eb95ff,"",@progbits
  10 0000 789C 6361 		.string	"x\234ca`d`c`"
  10      6064 6063 
  10      6000 
  11 000a 92D7 19FB 		.ascii	"\222\327\031\373\030\001\005\020\001t"
  11      1801 0510 
  11      0174 
  12               		.text
  13               		.section	.gnu.lto_.icf.1e2b8224e0eb95ff,"",@progbits
  14 0000 789C 6361 		.string	"x\234ca`d"
  14      6064 00
  15 0007 013B 0604 		.string	"\001;\006\004\340b\330\337\333\276\212\213\371\324\217\331GYX\272\037\277y\301\311:\375\3
  15      E062 D8DF 
  15      DBBE 8A8B 
  15      F9D4 8FD9 
  15      4759 58BA 
  16 004b C534 1DD5 		.ascii	"\3054\035\325"
  17               		.text
  18               		.section	.gnu.lto_.jmpfuncs.1e2b8224e0eb95ff,"",@progbits
  19 0000 789C 6361 		.string	"x\234ca`d"
  19      6064 00
  20 0007 815D 0C08 		.string	"\201]\f\b\300\305\300\310\310X\317\f\"\230\200\\\026&FF\346\372zV\b\305\006\241\330!\024\
  20      C0C5 C0C8 
  20      C858 CF0C 
  20      2298 805C 
  20      1626 4646 
  21 006d E5DE 18F4 		.ascii	"\345\336\030\364"
  22               		.text
  23               		.section	.gnu.lto_.inline.1e2b8224e0eb95ff,"",@progbits
  24 0000 789C 6361 		.string	"x\234ca`d"
  24      6064 00
  25 0007 813C 0805 		.string	"\201<\b\005\006\\\f\f\202W\031\030\031\031\004\200\202L2\035\323\270\030\330\026\3103\201
  25      065C 0C0C 
  25      8257 1918 
  25      1919 0480 
  25      824C 321D 
  26 00f9 5E7B 31A2 		.ascii	"^{1\242"
  27               		.text
  28               		.section	.gnu.lto_.pureconst.1e2b8224e0eb95ff,"",@progbits
  29 0000 789C 6361 		.string	"x\234ca`d\020e``\340b`e\226dae\225b\223b\227\342\220\342\224\340\222\340\226"
  29      6064 1065 
  29      6060 E062 
  29      6065 9664 
  29      6165 9562 
  30 0020 00        		.string	""
  31 0021 0CC4 0137 		.ascii	"\f\304\0017"
  32               		.text
  33               		.section	.gnu.lto_has_anykey.1e2b8224e0eb95ff,"",@progbits
  34 0000 789C 7555 		.ascii	"x\234uU\335o\024U\024\277\277{\347cwv\267\273m\361\201\2441M"
  34      DD6F 1455 
  34      14BF BF7B 
  34      E763 7776 
  34      B7BB 6DF1 
  35 0018 4CD3 9088 		.ascii	"L\323\220\210\253\321\027\037H\364_\360\315'\"\265O\330\0177"
  35      ABD1 171F 
  35      48F4 5FF0 
  35      CD27 22B5 
  35      4FD8 0F37 
  36 002c 7DC0 98D8 		.ascii	"}\300\230\330ig\027\272H\264\211i\375\210\244\017\202"
  36      6967 17BA 
  36      48B4 8969 
  36      FD88 A40F 
  36      82
  37 003d 54A0 9482 		.string	"T\240\224\202\025\212\240ciY\213\215\r\365\353\001\023\245\240\211\244!\335\246P\301\322\
  37      158A A063 
  37      6959 8B8D 
  37      0DF5 EB01 
  37      13A5 A089 
  38 013e 9160 D3D9 		.ascii	"\221`\323\331\2608\352\251\254v\373x\376\324T2r[\333\342\007"
  38      B038 EAA9 
  38      AC76 FB78 
  38      FED4 5432 
  38      725B DBE2 
  39 0153 CF15 9485 		.ascii	"\317\025\224\205\023\377L\031\271\235\371`=\264\324S\332\255"
  39      13FF 4C19 
  39      B99D F960 
  39      3DB4 D453 
  39      DAAD 
  40 0165 7FED FAFE 		.ascii	"\177\355\372\376T\344v/\243\335\004Nn\222kal} \345\344}\272\032"
  40      54E4 762F 
  40      A3DD 044E 
  40      6E92 6B61 
  40      6C7D 20E5 
  41 017d 3186 268C 		.ascii	"1\206&\214\322=\202&\346\211\b:\005\207(U\325\232\321\027B\277"
  41      D23D 8226 
  41      E689 083A 
  41      0587 2855 
  41      D59A D117 
  42 0193 5209 FCF0 		.ascii	"R\t\374\360nci\334\336\002\301J\nKj\312A\006\226~\267\301,8\372"
  42      6E63 69DC 
  42      DE02 C14A 
  42      0A4B 6ACA 
  42      4106 967E 
  43 01ac DDD5 F238 		.ascii	"\335\325\3628qc{\2648\t-Mj\317\224\326\325hIZ\257\031\266\253"
  43      7163 7BB4 
  43      3809 2D4D 
  43      6ACF 94D6 
  43      D568 495A 
  44 01c4 D5E2 3A6D 		.ascii	"\325\342:mR\257W!\226\b\022\rAYJz\250\005\364\206\177\355\321"
  44      52AF 5721 
  44      9608 120D 
  44      4159 4A7A 
  44      A805 F486 
  45 01db 0849 4BA5 		.ascii	"\bIK\245\f\026&\347\\\356\033\r'N\023/\277\243\367\336\276e\305"
  45      0C16 26E7 
  45      5CEE 1B0D 
  45      274E 132F 
  45      BFA3 F7DE 
  46 01f2 2681 72AA 		.ascii	"&\201r\252-\224&i\265t\271/9\204\203=\\\375\273\240\264n\240"
  46      2D94 2669 
  46      B574 B92F 
  46      3984 833D 
  46      5CFD BBA0 
  47 0209 6C7C CA94 		.ascii	"l|\312\224\222\372\360\215\336\023nv{A\3050\216!\254\313\210"
  47      92FA F08D 
  47      DE13 6E76 
  47      7B41 C530 
  47      8E21 ACCB 
  48 021e B2EF FAFD 		.ascii	"\262\357\372\375\367\300\3628>Cv]\302\210\257\274\375\375\205"
  48      F7C0 F238 
  48      3E43 765D 
  48      C288 AFBC 
  48      FDFD 85
  49 0231 54F7 7D8E 		.ascii	"T\367}\216\345\277XP\036\316 K\f\236E\267 \250\376\016\215\224"
  49      E5BF 5850 
  49      1ECE 204B 
  49      0C9E 45B7 
  49      20A8 FE0E 
  50 0247 CA23 282C 		.ascii	"\312#(,\b\337\320\202\021\r\375\267\341\213\327=\003\335\301"
  50      08DF D082 
  50      110D FDB7 
  50      E18B D73D 
  50      03DD C1
  51 025a 8481 3E58 		.ascii	"\204\201>X>\264\325@\217WC\2674\364\211\211\305\253.%\353\363"
  51      3EB4 D540 
  51      8F57 43B7 
  51      34F4 8989 
  51      C5AB 2E25 
  52 0270 FD0C C98A 		.ascii	"\375\f\311\212\312`\2709\373\303\224\027U\224\341h\237\243\033"
  52      CA60 B839 
  52      FBC3 9417 
  52      5594 E168 
  52      9FA3 1B
  53 0283 E7B8 1E9C 		.ascii	"\347\270\036\234\247\022\3045\344\257\006\2736\242\216.N\334"
  53      A712 C435 
  53      E4AF 06BB 
  53      36A2 8E2E 
  53      4EDC 
  54 0295 4D71 549B 		.ascii	"MqT\233(\273\020\215RY*1\251\024A8wm\273\261\365\252\021$6A\220"
  54      28BB 108D 
  54      5259 2A31 
  54      A914 4138 
  54      776D BBB1 
  55 02b0 2812 A59B 		.ascii	"(\022\245\233 H\342KB\360E\304\350[gO\026c\314\\\212>VfT\032"
  55      2048 E24B 
  55      42F0 45C4 
  55      E85B 674F 
  55      1663 CC5C 
  56 02ca D8D3 07AE 		.ascii	"\330\323\007\256\034\322r\007_1\243\\\r&\211>\215\367\0266\001"
  56      1CD2 7207 
  56      5F31 A35C 
  56      0D26 893E 
  56      8DF7 1636 
  57 02df 4163 898B 		.ascii	"Ac\211\213\017\001[d\251t\273\177\234\212\372\235\370w\203_\377"
  57      0F01 5B64 
  57      A974 BB7F 
  57      9C8A FA9D 
  57      F877 835F 
  58 02f4 DFFE D660 		.ascii	"\337\376\326`J\243\261\252\373;\342\233\251(\2504\246\031\224"
  58      4AA3 B1AA 
  58      FB3B E29B 
  58      A928 A834 
  58      A619 94
  59 0307 FDDF 36EF 		.ascii	"\375\3376\357(\250\f.\3516\227\2426?\273\321\346\204n\363 \252"
  59      28A8 0C2E 
  59      E936 97A2 
  59      363F BBD1 
  59      E684 6EF3 
  60 031d FA9C 2FAE 		.ascii	"\372\234/\256\376\0247}~\024_k\370e\031\247i\206XF=\017\255\374"
  60      FE14 377D 
  60      7E14 5F6B 
  60      F865 19A7 
  60      6986 5846 
  61 0335 B9E4 F253 		.ascii	"\271\344\362S\351\021\266Hl\321\300\310\033\204\334Q\202\202"
  61      E911 B648 
  61      6CD1 C0C8 
  61      1B84 DC51 
  61      8282 
  62 0347 5AC7 8BEE 		.ascii	"Z\307\213\3562\\\236\022\271V\322O\262\245X\326\371\"\177\033"
  62      325C 9E12 
  62      B956 D24F 
  62      B2A5 58D6 
  62      F922 7F1B 
  63 035b B6A0 E392 		.ascii	"\266\240\343\222\270\b>\334\273\276\022q\221\016\350,\243o~\001"
  63      B808 3EDC 
  63      BBBE 1271 
  63      910E E82C 
  63      A36F 7E01 
  64 036f 7203 5E5A 		.ascii	"r\003^Z\177\037\373\027#v3U|\361A\311.frf\036NN.2\255\032\025"
  64      7F1F FB17 
  64      2376 3355 
  64      7CF1 41C9 
  64      2E66 7266 
  65 038b 475C 7A8C 		.ascii	"G\\z\214\263\r\356]\221F[\027(P\254\361}\263c\321H\003\227\261"
  65      B30D EE5D 
  65      9146 5B17 
  65      2850 ACF1 
  65      7DB3 63D1 
  66 03a3 917C 8C93 		.ascii	"\221|\214\223\327igWc\245\032\223$q(%l,\243\206\2609\177*ZmR"
  66      D769 6757 
  66      63A5 1A93 
  66      2471 2825 
  66      6C2C A386 
  67 03be D506 2AE5 		.ascii	"\325\006*\345,\316P\375)\233}<A\347?\210\331\214>!\002:n\315"
  67      2CCE 50FD 
  67      299B 7D3C 
  67      41E7 3F88 
  67      D98C 3E21 
  68 03d6 4617 25A3 		.ascii	"F\027%\243\215N\002\301\300\034\003+E\226\334\334`jN\031X\025"
  68      8D4E 02C1 
  68      C01C 032B 
  68      4596 DCDC 
  68      606A 4E19 
  69 03ec E09B 2A5C 		.ascii	"\340\233*\\:X\312\024\332n|\324\203B\227\201@\325\307iI\272\204"
  69      3A58 CA14 
  69      DA6E 7CD4 
  69      8342 9781 
  69      40D5 C769 
  70 0403 5006 F4E7 		.ascii	"P\006\364\347\241M\ro\b\250\313\233ZjbY\306\370h\272I}?\375\252"
  70      A14D 0D6F 
  70      08A8 CB9B 
  70      5A6A 6259 
  70      C6F8 68BA 
  71 041c 89A1 FF48 		.ascii	"\211\241\377HKtH\344]\232\366\255]m\273w\266t\344Z\263-\035m"
  71      4B74 48E4 
  71      5D9A F6AD 
  71      5D6D BB77 
  71      B674 E45A 
  72 0434 6D1D EDD9 		.ascii	"m\035\355\331\\kgG\256\353\211\026\221\336\335\372\332\256\216"
  72      5C6B 6747 
  72      AEEB 8916 
  72      91DE DDFA 
  72      DAAE 8E
  73 0447 9772 2FEF 		.ascii	"\227r/\3574\"\371J':UK{\327\337+\f\027\263"
  73      3422 F94A 
  73      273A 554B 
  73      7BD7 DF2B 
  73      0C17 B3
  74               		.text
  75               		.section	.gnu.lto_get_first_key.1e2b8224e0eb95ff,"",@progbits
  76 0000 789C 7D54 		.string	"x\234}TmO\\E\024\236g\346\276\355\3357\240Em\262\232~iH\233\342\332\360\013\374\342\017\3
  76      6D4F 5C45 
  76      149E 67E6 
  76      BEED DD37 
  76      A045 6DB2 
  77 00aa FC12 7810 		.ascii	"\374\022x\020Y\251l\313w\\\302\262\322\027(\002O\351\300\332"
  77      59A9 6CCB 
  77      775C C2B2 
  77      D217 2802 
  77      4FE9 C0DA 
  78 00be EEC9 8712 		.ascii	"\356\311\207\022\247\272\273~J\354?\033\004m\301\317\271\205"
  78      A7BA BB7E 
  78      4AEC 3F1B 
  78      046D C1CF 
  78      B985 
  79 00d0 58FB B922 		.ascii	"X\373\271\"rJ\210\222\024hH\341\231\024\353>\213\375\2249YzP"
  79      724A 8892 
  79      1468 48E1 
  79      9914 EB3E 
  79      8BFD 9439 
  80 00e7 4CFE 2E73 		.ascii	"L\376.s\n\340\205\337\254\316\236\211\362P\242\212\206\347\357"
  80      0AE0 85DF 
  80      ACCE 9E89 
  80      F250 A28A 
  80      86E7 EF
  81 00fa DE5B 532A 		.ascii	"\336[S*\005A\357\323\323\253\335\250\353c\316`\2506P9\245\360"
  81      0541 EFD3 
  81      D3AB DDA8 
  81      EB63 CE60 
  81      A836 5039 
  82 0110 1114 737E 		.ascii	"\021\024s~\210\024\316!%\b\0228\217:N_\312ov\307\235\366\200"
  82      8814 CE21 
  82      2508 1238 
  82      8F3A 4E5F 
  82      CA6F 76C7 
  83 0127 7E7B 7963 		.ascii	"~{yc\332\361c8T?\320d\337\265\361BB\035\324\2747\336<\031\330"
  83      DAF1 6338 
  83      543F D064 
  83      DFB5 F142 
  83      421D D4BC 
  84 0140 FBDE 63DE 		.ascii	"\373\336c\336\342\017}h\017\212\255{I,\372\r\367#\275\264\360"
  84      E20F 7D68 
  84      0F8A AD7B 
  84      492C FA0D 
  84      F723 BDB4 
  85 0155 02F6 0D3C 		.ascii	"\002\366\r<_\fJ\2450(\316\327O\275\373\334c\320\240\244\215\205"
  85      5F0C 4AA5 
  85      3028 CED7 
  85      4FBD FBDC 
  85      63D0 A0A4 
  86 016b 4DC1 7228 		.ascii	"M\301r(\330.\005\307\003\013\2110\350\353\244\250\2161\236\213"
  86      D82E 05C7 
  86      030B 8930 
  86      E8EB A4A8 
  86      8E31 9E8B 
  87 017f 7348 5070 		.ascii	"sHPp\223<_\315\241\206\207\2738\354f\266Z\016B\254\222\356\205"
  87      933C 5FCD 
  87      A186 87BB 
  87      38EC 66B6 
  87      5A0E 42AC 
  88 0196 C7C5 9A94 		.ascii	"\307\305\232\224\364P\313h\353\311\017\355a\037\241\262IzOn\354"
  88      F450 CB68 
  88      EBC9 0FED 
  88      611F A1B2 
  88      497A 4F6E 
  89 01ab BACB D5F2 		.ascii	"\272\313\325\362\264\223\341\341\225[n\366a\320\021\004U\204"
  89      B493 E1E1 
  89      955B 6EF6 
  89      61D0 1104 
  89      5584 
  90 01bd 7532 03C1 		.ascii	"u2\003\301\267g\277\233\360{q\2465\320\270\300 \262\030\240r"
  90      B767 BF9B 
  90      F07B 71A6 
  90      35D0 B8C0 
  90      20B2 18A0 
  91 01d2 09E4 D10B 		.ascii	"\t\344\321\013\261\210\366[\341\221\177X\007V\2067\342\314j\221"
  91      B188 F65B 
  91      E191 7F58 
  91      0756 8637 
  91      E2CC 6A91 
  92 01e6 BD4F 60CC 		.ascii	"\275O`\314\257I%\356DY\302\345\305z\223\353T*\210l\243 \322\251"
  92      AF49 25EE 
  92      4459 C2E5 
  92      C57A 93EB 
  92      542A 886C 
  93 01fe B09D 021F 		.ascii	"\260\235\002\037\237\221\202O\231\231&O^\032\354\364\322\365"
  93      9F91 824F 
  93      9999 264F 
  93      5E1A ECF4 
  93      D2F5 
  94 0210 3915 C510 		.ascii	"9\025\305\020\311\331\344\243b|\362\255\371\3675n\343s\2447%"
  94      C9D9 E4A3 
  94      627C F2AD 
  94      F9F7 356E 
  94      E373 A437 
  95 0225 B73E 2E22 		.ascii	"\267>.\"m\364\336\3056\"l\022|\351o\301\266\270o+\261\016\277"
  95      6DF4 DEC5 
  95      3622 6C12 
  95      7CE9 6FC1 
  95      B6B8 6F2B 
  96 023c 3285 BE20 		.ascii	"2\205\276 \f#\245F\372}J\261\304\351\253\202L\205=o,\177\337"
  96      0C23 A546 
  96      FA7D 4AB1 
  96      C4E9 AB82 
  96      4C85 3D6F 
  97 0253 B0A5 6BF8 		.ascii	"\260\245k\370\274t\323\320\276\227y\257h\250\270y\206N\314\346"
  97      BC74 D3D0 
  97      BE97 79AF 
  97      68A8 B879 
  97      864E CCE6 
  98 0267 7DC3 057C 		.ascii	"}\303\005|A\333-Ar\002\347S\222\336\333\027\364\261`\tmU\302"
  98      41DB 2D41 
  98      7202 E753 
  98      92DE DB17 
  98      F4B1 6009 
  99 027e C0BA CCD7 		.ascii	"\300\272\314\327\303\227\f\023\323l\364\316_\264\f\315\223\030"
  99      C397 0C13 
  99      D36C F4CE 
  99      5FB4 0CCD 
  99      9318 
 100 0290 31AA D781 		.ascii	"1\252\327\201P\3716\205\250u\243\201x\034A\037)W}\375\304\237"
 100      50F9 3685 
 100      A875 A381 
 100      781C 411F 
 100      2957 7DFD 
 101 02a6 4F98 B52E 		.ascii	"O\230\265.\223\021R\200\031G*\355)}\f\017\246f:b\345z\007\033"
 101      9311 5280 
 101      1947 2AED 
 101      297D 0C0F 
 101      A666 3A62 
 102 02be A05E 8A85 		.ascii	"\240^\212\205\324#W\312\025\357\373\265\355\202\313\225\215\243"
 102      D423 57CA 
 102      15EF FBB5 
 102      ED82 CB95 
 102      8DA3 
 103 02d0 A02B 2E4D 		.ascii	"\240+.M\305\277\355\n\336A\272\237\027\005\335NN%\360%\027\276"
 103      C5BF ED0A 
 103      DE41 BA9F 
 103      1705 DD4E 
 103      4E25 F025 
 104 02e6 DC46 833F 		.ascii	"\334F\203?\316M\311C\003z\266\327a\331E\244I\216\3764Fq\210\r"
 104      CE4D C943 
 104      037A B6D7 
 104      61D9 45A4 
 104      498E FE34 
 105 02fe 2E84 CBB2 		.ascii	".\204\313\262\254\252\242s\\>\b\355\341\376\007\266\231\216\031"
 105      ACAA A273 
 105      5C3E 08ED 
 105      E1FE 07B6 
 105      998E 19
 106 0311 13E1 AA63 		.ascii	"\023\341\252c\306q\202p0%t\326D\231#A\270v\272\2302@r\253\267"
 106      C671 8270 
 106      3025 74D6 
 106      4499 2341 
 106      B876 BA98 
 107 032a 2BFF E76D 		.ascii	"+\377\347ml'o7\301\336\306w\360\366*[\233`k1mm\222\254\375F\367"
 107      6C27 6F37 
 107      C1DE C677 
 107      F0F6 2A5B 
 107      9B60 6B31 
 108 0345 A656 50FD 		.ascii	"\246VP\375\237&O\226\2703\361\025\262\202\004\346T\325\277=\324"
 108      9F26 4F96 
 108      B833 F115 
 108      B282 04E6 
 108      54D5 BF3D 
 109 035a D01A 36FA 		.ascii	"\320\0326\372G\331\350.m\253F'\271\006\332M\250\256\223'~\251"
 109      47D9 E82E 
 109      6DAB 4627 
 109      B906 DA4D 
 109      A8AE 9327 
 110 0370 E63A 15D6 		.ascii	"\346:\025\326&G\225i\357\332\255\216_\333\321p5\246\264a\253"
 110      2647 9569 
 110      EFDA AD8E 
 110      5FDB D170 
 110      35A6 B461 
 111 0385 D230 E135 		.ascii	"\3220\3415\270\312N\355\362ep\272\360l\331\350)\276\2231\215"
 111      B8CA 4EED 
 111      F265 70BA 
 111      F06C D9E8 
 111      29BE 9331 
 112 039a 340E E893 		.ascii	"4\016\350\223\302\f9e\035\021\276lns\357\206J\352\256\224\244"
 112      C20C 3965 
 112      1D11 BE6C 
 112      6E73 EF86 
 112      4AEA AE94 
 113 03af D25D 79DB 		.ascii	"\322]y\333'A\336H\376\030\335K\240\034\232\333s\274\371\350\341"
 113      2741 DE48 
 113      FE18 DD4B 
 113      A01C 9ADB 
 113      73BC F9E8 
 114 03c4 C64C 4B53 		.ascii	"\306LKS\2721\323\334\234y%\335\322t,\323r\374\351F\221<\332\364"
 114      BA31 D3DC 
 114      9C79 25DD 
 114      D274 2CD3 
 114      72FC E946 
 115 03dc FA91 CC0B 		.ascii	"\372\221\314\013-/\0366\020^\376\013D\310\365\r"
 115      2D2F 1E36 
 115      105E FE0B 
 115      44C8 F50D 
 116               		.text
 117               		.section	.gnu.lto_is_key_pressed.1e2b8224e0eb95ff,"",@progbits
 118 0000 789C 7554 		.ascii	"x\234uT[O\\U\030\335k\357s\237\033\0275\232\214M_\032Rm\035\210"
 118      5B4F 5C55 
 118      18DD 6BEF 
 118      739F 1B17 
 118      359A 8C4D 
 119 001a 313E FAE6 		.ascii	"1>\372\346\017\360\0174\026y0\rB&}\260O\0348\235\001\222\332"
 119      0FF0 0F34 
 119      1679 300D 
 119      4226 7DB0 
 119      4F1C 389D 
 120 0031 601A C054 		.ascii	"`\032\300T\333Z\005\213\255\345\"\2450HqJ\213\bE\252\026\373"
 120      DB5A 058B 
 120      ADE5 22A5 
 120      3048 714A 
 120      8B08 45AA 
 121 0047 60AD 5AD2 		.ascii	"`\255Z\322\250i&\004\260\ril\031\277o\237\261\301\212'9\373\234"
 121      A869 2604 
 121      B00D 696C 
 121      19BF 6F9F 
 121      B1C1 8A27 
 122 005e BDF6 F7AD 		.ascii	"\275\366\367\255o\355\265/\206\200\340g\335\024\242\206\276="
 122      6FED B52F 
 122      8680 E067 
 122      DD14 A286 
 122      BE3D 
 123 0070 F422 2A20 		.ascii	"\364\"* ;\026\204hv\244\214Ll\023\276\247\026S\302\217*i\264"
 123      3B16 8468 
 123      76A4 8C4C 
 123      6C13 BEA7 
 123      1653 C28F 
 124 0087 5551 CFE4 		.ascii	"UQ\317\3446jHkS\317\204\307)\260\244\255\321\210FmDB\"GF\246"
 124      366A 486B 
 124      53CF 84C7 
 124      29B0 A4AD 
 124      D188 466D 
 125 00a1 14C1 EEC2 		.ascii	"\024\301\356\302\234 \334\r\243/:\236t\376\232\022\034\337\031"
 125      9C20 DC0D 
 125      A32F 3A9E 
 125      74FE 9A12 
 125      1CDF 19
 126 00b4 213C 0230 		.ascii	"!<\0020\356;\020MR\031\246e;\256\027A\223\364\004\362\200\245"
 126      EE3B 104D 
 126      5219 A665 
 126      3BAE 1741 
 126      93F4 04F2 
 127 00ca 1BD6 7B4F 		.ascii	"\033\326{O>\2248\322\331\361K|\347)\337o\361\177\315\374^}\260"
 127      3E94 38D2 
 127      D9F1 4B7C 
 127      E729 DF6F 
 127      F17F CDFC 
 128 00e1 2F8F 8C12 		.ascii	"/\217\214\022\242(\005^L\242:\311s9\205\235\0249]\\\317'\356"
 128      A228 055E 
 128      4CA2 3AC9 
 128      7339 859D 
 128      1439 5D5C 
 129 00f8 CA8C 0238 		.ascii	"\312\214\0028\361\373\225\371c\021\356J\224Q\367\314\362\275"
 129      F1FB 95F9 
 129      6311 EE4A 
 129      9451 F7CC 
 129      F2BD 
 130 010a 55A5 9210 		.ascii	"U\245\222\020\364?;\273\322\211\252^\346\364\207\236\364UF)\234"
 130      F43F 3BBB 
 130      D289 AA5E 
 130      E6F4 879E 
 130      F455 4629 
 131 011f 8662 CE4F 		.ascii	"\206b\316O\221D\037\222\202 \2013\250\242\350\343W\216\267F\325"
 131      9144 1F92 
 131      8220 8133 
 131      A8A2 E8E3 
 131      578E B746 
 132 0134 2E9D 39D6 		.ascii	".\2359\326\376\311\250*e\036\311J\277:\243\f|\026\246\206r\b"
 132      FEC9 A82A 
 132      651E C94A 
 132      BF3A A30C 
 132      7C16 A686 
 133 014a 1038 8B2A 		.ascii	"\0208\213*\216^\032\332\350\214Y\007}z\266\263b\222\332O\363"
 133      8E5E 1ADA 
 133      E88C 5907 
 133      7D7A B6B3 
 133      6292 DA4F 
 134 015f A30F 0DF6 		.ascii	"\243\017\r\366^\2714\031W\325\232\366t\356\332\262\267\343c\016"
 134      5EB9 3419 
 134      57D5 9AF6 
 134      74EE DAB2 
 134      B7E3 630E 
 135 0173 CCFF 994D 		.ascii	"\314\377\231Md\374|\363\366\21421\360oQ\374`\020;\006^\313\373"
 135      64FC 7CF3 
 135      F68C 3231 
 135      F06F 51FC 
 135      6010 3B06 
 136 018a C562 E0E7 		.ascii	"\305b\340\347s\326\341\240\370\016\236\200\206%\025\0274{\252"
 136      73D6 E1A0 
 136      F80E 9E80 
 136      8625 1517 
 136      347B AA
 137 019d 6EB0 0E8B 		.ascii	"n\260\016\213\032\313f\320\341?W\007y\364k\322\022\320\334\242"
 137      1ACB 66D0 
 137      E13F 5707 
 137      79F4 6BD2 
 137      12D0 DCA2 
 138 01b1 8CC6 B81F 		.ascii	"\214\306\270\037\347&\301M\0317\345\234S\301\243\225:G\210\025"
 138      E726 C14D 
 138      1937 E59C 
 138      53C1 A395 
 138      3A47 8815 
 139 01c5 125F DC26 		.ascii	"\022_\334&V\245\244\217\272\205\203?\006\353\207\236\346\331"
 139      56A5 A48F 
 139      BA85 833F 
 139      06EB 879E 
 139      E6D9 
 140 01d7 044A D104 		.ascii	"\004J\321\004\006\n\271\37316\233f\207\241\222\324U\251\304\335"
 140      060A B9FB 
 140      3136 9B66 
 140      87A1 92D4 
 140      55A9 C4DD 
 141 01eb 0AF5 1B5A 		.ascii	"\n\365\033Z\272V\027\337Ua\264E\321]\231\251\2536G\333z\366\271"
 141      BA56 17DF 
 141      5561 B445 
 141      D15D 99A9 
 141      AB36 47DB 
 142 0202 5CE1 86DD 		.ascii	"\\\341\206\335\364\320o\363\3752\302\332iy\031\2763\377\303e"
 142      F4D0 6FF3 
 142      FD32 C2DA 
 142      6979 19BE 
 142      33FF C365 
 143 0216 EF04 8E35 		.ascii	"\357\004\2165\373\03270\214&|\316\3348\207\023\020\244\342F\260"
 143      FB1A 3730 
 143      8C26 7CCE 
 143      DC38 8713 
 143      10A4 E246 
 144 022b B7C4 BAA9 		.ascii	"\267\304\272\251\250!\306].:~kw8ho.\351lQ\322iW\330\252\244\213"
 144      A821 C65D 
 144      2E3A 7E6B 
 144      7738 686F 
 144      2EE9 6C51 
 145 0246 F354 7284 		.ascii	"\363Tr\204\231i\360\360\330`\273\223\332\235Q\036F\251\376\006"
 145      9969 F0F0 
 145      D860 BB93 
 145      DA9D 511E 
 145      46A9 FE06 
 146 025a AF27 E3D3 		.ascii	"\257'\343\323\207\276\353\321\270\300\030R\033\222\017\033rH"
 146      87BE EBD1 
 146      B8C0 1852 
 146      1B92 0F1B 
 146      7248 
 147 026c 8502 97B1 		.ascii	"\205\002\227\261\205\b:\220\030\177$\330\024\335q%\326\340\342"
 147      8508 3A90 
 147      187F 24D8 
 147      14DD 7125 
 147      D6E0 E2
 148 027f B9A4 F1C1 		.ascii	"\271\244\361\301\350\333\364Q\214[\342\246A\023\t\326\262\327"
 148      E8DB F451 
 148      8C5B E2A6 
 148      4113 09D6 
 148      B2D7 
 149 0291 8F36 862C 		.ascii	"\2176\206,\016\331\215]I\246\276\032\244K\0301\177\364\3077\263"
 149      0ED9 8D5D 
 149      49A6 BE1A 
 149      A44B 1831 
 149      7FF4 C737 
 150 02a6 66E8 FFB3 		.ascii	"f\350\377\263\370\342\021\263-\372%[\261\326\372\363\321\353"
 150      F8E2 11B3 
 150      2DFA 255B 
 150      B1D6 FAF3 
 150      D1EB 
 151 02b8 2521 1E65 		.ascii	"%!\036e\b\302&O\246B \272Y\231\322\366\254\317\314\265EK>\370"
 151      08C2 264F 
 151      A642 20BA 
 151      5999 D2F6 
 151      ACCF CCB5 
 152 02d0 DDA0 9D10 		.ascii	"\335\240\235\020\tT\004\023%'zo\267\364\333<\343(.h'd\350\304"
 152      0954 0413 
 152      2527 7A6F 
 152      B7F4 DB3C 
 152      E328 2E68 
 153 02e8 B50E FF3D 		.ascii	"\265\016\377=\244\316r\222?L\3074\206I6\244\264\236\203?-\314"
 153      A4CE 7292 
 153      3F4C C734 
 153      8649 36A4 
 153      B49E 833F 
 154 02fe C89A 013D 		.ascii	"\310\232\001=z\001\274\240_\"Ez\364\256\316\243Fh\241\363v\250"
 154      7A01 BCA0 
 154      5F22 457A 
 154      F4AE CEA3 
 154      4668 A1F3 
 155 0314 2A46 C208 		.ascii	"*F\302\b\t\036\274*\002e\204\273lv\256\273/\312*\r\330\270Hb"
 155      091E BC2A 
 155      0265 84BB 
 155      6C76 AEBB 
 155      2FCA 2A0D 
 156 032c 7446 A1B4 		.ascii	"tF\241\264\017\343\024\307\031+\331B\211#\201\347\223\204k\232"
 156      0FE3 14C7 
 156      192B D942 
 156      8923 81E7 
 156      9384 6B9A 
 157 0340 EC3F C465 		.ascii	"\354?\304e\232;\301\340\371\326\3332\004\313\t'\333\265i\216"
 157      9A3B C1E0 
 157      F9D6 DB32 
 157      04CB 0927 
 157      DBB5 698E 
 158 0354 A0DB 8A5D 		.ascii	"\240\333\212]\233\034\272y\322}\354\030\353\343\3009\244y\212"
 158      9B1C BA79 
 158      D27D EC18 
 158      EBE3 C039 
 158      A479 8A
 159 0367 332B 1EB7 		.ascii	"3+\036\267\353\300\377\272\025\307%\355\226\261\331-\302\023"
 159      EBC0 FFBA 
 159      15C7 25ED 
 159      96B1 D92D 
 159      C213 
 160 0379 B8CC 3699 		.ascii	"\270\3146\231\377\265\251S\3334\3156\351+\034_\221M\372\364\245"
 160      FFB5 A953 
 160      DB34 CD36 
 160      E92B 1C5F 
 160      914D FAF4 
 161 038e C3EA 8A04 		.ascii	"\303\352\212\004\224\326\332\025\367_\341\335\322\225]x\377["
 161      94D6 DA15 
 161      F75F E1DD 
 161      D295 5D78 
 161      FF5B 
 162 03a0 84C3 9594 		.ascii	"\204\303\225\224G\036\210%H\006X<\201:\334\023t\tc\t-e\"\204"
 162      471E 8825 
 162      4806 583C 
 162      813A DC13 
 162      7409 6309 
 163 03b8 116E AAA7 		.ascii	"\021n\252\247\302L\276\241f{\306\037h\273M\230\230\t7\325\032"
 163      C24C BEA1 
 163      667B C61F 
 163      68BB 4D98 
 163      9809 37D5 
 164 03cd 1028 D7A4 		.ascii	"\020(\327\244\246\322m\213\021O\204/\204;L\023(\251\003$omY\030"
 164      A6D2 6D8B 
 164      114F 842F 
 164      843B 4C13 
 164      28A9 0324 
 165 03e5 FE90 82CA 		.ascii	"\376\220\202\312\355\211\221A0`-\276D\224#\255\363C^x\002\200"
 165      ED89 9141 
 165      3060 2DBE 
 165      4494 23AD 
 165      F343 5E78 
 166 03fb AF91 74CE 		.ascii	"\257\221t\316\275\314\203^a\264\221\356\030\020\027q<\263\277"
 166      BDCC 835E 
 166      61B4 91EE 
 166      1810 1771 
 166      3CB3 BF
 167 040e 7EDF 9EDA 		.ascii	"~\337\236\332\206t]\252\266\241\276\276\341\255T\272\256\261"
 167      8674 5DAA 
 167      B6A1 BEBE 
 167      E1AD 54BA 
 167      AEB1 
 168 0420 21BD FF85 		.ascii	"!\275\377\205Z\221\330Ww`o\303\353\3517\366\204\220\242>\336"
 168      5A91 D857 
 168      7760 6FC3 
 168      EBE9 37F6 
 168      8490 A23E 
 169 0435 FC1B 5DF6 		.ascii	"\374\033]\366\372\302"
 169      FAC2 
 170               		.text
 171               		.section	.gnu.lto_add_key_byte.1e2b8224e0eb95ff,"",@progbits
 172 0000 789C 9553 		.ascii	"x\234\225S\317O\\U\024\276\337\275\357\327\274y3\323.H4\031\223"
 172      CF4F 5C55 
 172      14BE DFBD 
 172      EFD7 BC79 
 172      33D3 2E48 
 173 0017 6E08 6962 		.ascii	"n\bib\035\210\013\273\322?\300\235\377@\243t\026\246\301!\023"
 173      1D88 0BBB 
 173      D23F C09D 
 173      FF40 A374 
 173      16A6 C121 
 174 002c 36AC 78F0 		.ascii	"6\254x\360\230\320\020M\272p\250Q\021\253\301\266@\031F\254\026"
 174      98D0 104D 
 174      BA70 A851 
 174      11AB C1B6 
 174      4019 46AC 
 175 0041 443A 8C51 		.ascii	"D:\214Q\002\022\232\250\330\244uQH3\211b\310\fPIme<\347\335\241"
 175      0212 9AA8 
 175      D8A4 7551 
 175      4833 8962 
 175      C80C 5049 
 176 005b CE42 4D7C 		.ascii	"\316BM|\311\334w\317y\337w~|\347\214! \370I\232B\234\246w\201"
 176      C9DC 77CF 
 176      79DF 777E 
 176      7CE7 8C21 
 176      20F8 499A 
 177 0074 7E88 09C8 		.ascii	"~\210\t\310\013\353B\364;\022\216\276(\031)+\341\273\306\372"
 177      0BEB 42F4 
 177      3B12 8EBE 
 177      2819 292B 
 177      E1BB C6FA 
 178 0088 AA10 BE67 		.ascii	"\252\020\276gH\263\332B\246\375\341i\262Li\235oc\213O\317\202"
 178      48B3 DA42 
 178      A6FD E169 
 178      B24C 699D 
 178      6F63 8B4F 
 179 009e AD39 B626 		.ascii	"\2559\266&/9\216T\217\312Ds#\371(\001\"\322\375\366\031\262\274"
 179      2F39 8E54 
 179      8FCA 4473 
 179      23F9 2801 
 179      22D2 FDF6 
 180 00b5 D576 B25C 		.ascii	"\325v\262\\\031]y\221\255\345\004YQx\232\354\001|\361\035\210"
 180      195D 7991 
 180      ADE5 0459 
 180      5178 9AEC 
 180      017C F11D 
 181 00ca 3EA9 0CD3 		.ascii	">\251\f\323\262\235\210\033\365\320'\035\201\022`\205\007\227"
 181      B29D 881B 
 181      F5D0 271D 
 181      8112 6085 
 181      0797 
 182 00dc FE40 FE29 		.ascii	"\376@\376)Q\036\252\314\311\223\227}z\356\215\357\265\373WJ\310"
 182      511E AACC 
 182      C993 977D 
 182      7AEE 8DEF 
 182      B5FB 574A 
 183 00f1 2921 EA32 		.ascii	")!\3522\354N\3402N\022\352\233\372A)\261/s\n`\322\367\325\265"
 183      EC4E E032 
 183      4E12 EA9B 
 183      FA41 29B1 
 183      2F73 0A60 
 184 0109 D128 9B12 		.ascii	"\321(\233\022\307\310\234\334yPS*\tA\367\225\225j\036m\343\276"
 184      C7C8 9CDC 
 184      7950 532A 
 184      0941 F795 
 184      956A 1E6D 
 185 011f 3FE0 FBA3 		.ascii	"?\340\373\243-\276\312)\205\t(\212\207\253H\342\n\222\202\\\002"
 185      2DBE CA29 
 185      8509 288A 
 185      87AB 48E2 
 185      0A92 825C 
 186 0134 9368 23F4 		.ascii	"\223h#\364\235\355\245ZL=\0332\357\375r\263\3424\230\365\343"
 186      9DED A55A 
 186      4C3D 1B32 
 186      EFFD 72B3 
 186      E234 98F5 
 187 0149 CC34 30A5 		.ascii	"\31440\245\231\317'\321\316<C\340\032\332\030<\266\365\346hB"
 187      99CF 27D1 
 187      CE3C 43E0 
 187      1ADA 183C 
 187      B6F5 E668 
 188 015e 7584 C483 		.ascii	"u\204\304\203\331\033\227\254\326\217\271\205\322\355\341\370"
 188      D91B 97AC 
 188      D68F B985 
 188      D2ED E1F8 
 189 016e A05F EA3F 		.ascii	"\240_\352?\221S&\246\233\311\374\020v\374\273\257\027\343\352"
 189      9153 26A6 
 189      9BC9 FC10 
 189      76FC BBAF 
 189      17E3 EA
 190 0181 8590 F7F8 		.ascii	"\205\220\367\370\243\342]\273\301\373qX\3723\276\303\264\231"
 190      A3E2 5DBB 
 190      C1FB 7158 
 190      FA33 BEC3 
 190      B499 
 191 0193 7FA0 6D15 		.ascii	"\177\240m\025\017\3631k\220\241'PD+\nh\325\032\341SR\224^\354"
 191      0FF3 316B 
 191      90A1 2750 
 191      442B 0A68 
 191      D51A E153 
 192 01ab 29BC 52F2 		.ascii	")\274R\362\353\365\300/\275g\277\025L\216 \001\301n\031\236*"
 192      EBF5 C02F 
 192      BD67 BF15 
 192      4C8E 2001 
 192      C16E 199E 
 193 01c0 3C4D EAC2 		.ascii	"<M\352\302\262\301\355;t\265#\340\216\\\272:Q>\274\020\025c\224"
 193      B2C1 ED3B 
 193      74B5 23E0 
 193      8E5C BA3A 
 193      513E BC10 
 194 01d7 1055 4A70 		.ascii	"\020UJp1.jR\322Kma\240\2641\034\017\023R\tT\325H\256|\313\346"
 194      312E 6A52 
 194      D24B 6D61 
 194      A0B4 311C 
 194      0F13 5209 
 195 01f2 3198 9468 		.ascii	"1\230\224h\226\224e\310On\210(\204\210\372\325\235yK#\372\360"
 195      9694 65C8 
 195      4F6E 8828 
 195      8488 FAD5 
 195      9D79 4B23 
 196 0208 19B8 9F9A 		.ascii	"\031\270\237\232T\202\226JU0\260;\2643\3616\030\036(3P\020\344"
 196      5482 964A 
 196      5530 B03B 
 196      B433 F136 
 196      181E 2833 
 197 021f 5B6C D84E 		.ascii	"[l\330Ns|\245u^^=\357\215a\264\237e\350\245\022#\201\262q\235"
 197      737C A575 
 197      5E5E 3DEF 
 197      8D61 B49F 
 197      65E8 A512 
 198 0238 A3B2 B2F7 		.ascii	"\243\262\262\367\007\246\355\324\251\234r\3619\306p(\033\322"
 198      07A6 EDD4 
 198      A99C 72F1 
 198      39C6 7028 
 198      1BD2 
 199 024a FD70 C17F 		.ascii	"\375p\301\177\007\354\217\342\013\244\016%\264{\346\347\365e"
 199      07EC 8FE2 
 199      0BA4 0E25 
 199      B47B E6E7 
 199      F565 
 200 025c D951 E050 		.ascii	"\331Q\340P~\036<\353\033HQ\031\341\322\315\241Clb\360N\220m\024"
 200      7E1E 3CEB 
 200      1B48 5119 
 200      E1D2 CDA1 
 200      436C 62F0 
 201 0274 13A8 4838 		.ascii	"\023\250H8\212\2324\304\303\227T\370m\263E\177T\024m\177\273"
 201      8A9A 34C4 
 201      C397 54F8 
 201      6DB3 457F 
 201      5414 6D7F 
 202 0289 F638 C695 		.ascii	"\3668\306\225\322\236c\036\311\006\330\024\373\3075\270\322\324"
 202      D29E 631E 
 202      C906 D814 
 202      FBC7 35B8 
 202      D2D4 
 203 029b 56E1 B7B9 		.ascii	"V\341\267\271\207!\330&\331\276|\002\266\304\037N(\362\336j\313"
 203      8721 D826 
 203      D9BE 7C02 
 203      B6C4 1F4E 
 203      28F2 DE6A 
 204 02b0 9184 2C0A 		.ascii	"\221\204,\n\177\2639+};&\264W\212P\276\312"
 204      7FB3 392B 
 204      7D3B 26B4 
 204      578A 50BE 
 204      CA
 205 02c1 C407 8DB8 		.string	"\304\007\215\270\256\226/\030\261\264\035%\027\245\272>\264Vt9\225\003`\201R1\315\326\020
 205      AE96 2F18 
 205      B1B4 1D25 
 205      17A5 BA3E 
 205      B456 7439 
 206 03c2 07AE BD4C 		.ascii	"\007\256\275L"
 207               		.text
 208               		.section	.gnu.lto_del_key_byte.1e2b8224e0eb95ff,"",@progbits
 209 0000 789C 9553 		.string	"x\234\225S\337KTA\024\236o\346\376Xw5-0\b\366\301\027\021\241\332\266^\372+z\350\037\220Z
 209      DF4B 5441 
 209      149E 6FE6 
 209      FE58 7735 
 209      2D30 08F6 
 210 0092 05D8 00   		.string	"\005\330"
 211 0095 E3DA 07D1 		.string	"\343\332\007\321&\225aZ6\332\244%\220\001,\367\3035\267\345w\211\331\316\354\224\254\037\
 211      2695 615A 
 211      36DA A425 
 211      9001 2CF7 
 211      C335 B7E5 
 212 00c2 EA29 EA79 		.string	"\352)\352yq'S\271%\223\n\340\2447\271\205\336"
 212      7127 53B9 
 212      2593 0AE0 
 212      A437 B985 
 212      DE00 
 213 00d4 2F25 AA68 		.string	"/%\252h9\364u;\257T\020\202\346\363\363\271\024\352\372\265Nh\335[\255UR)\334\206\">\334B
 213      39F4 753B 
 213      AF54 1082 
 213      E6F3 F3B9 
 213      14EA FAB5 
 214 0164 1736 A9B4 		.ascii	"\0276\251\264i\2015\3334\265|`\031~wO\210\034U'\323\363R\322"
 214      6981 35DB 
 214      34B5 7C60 
 214      197E 774F 
 214      881C 5527 
 215 017c A0D6 91E0 		.ascii	"\240\326\221\340:\177Ht#Y!\325I\223NZRDOrv\311f\033\r\252s\017"
 215      3A7F 4874 
 215      2359 21D5 
 215      4993 4E5A 
 215      5244 4F72 
 216 0198 AC23 2F95 		.ascii	"\254#/\225\240F\252,\022\233\235\331\311+\340pG\231\216"
 216      A046 AA2C 
 216      129B 9DD9 
 216      C92B E070 
 216      4799 8E
 217 01ab 8220 6CBA 		.string	"\202 l\272\264\266wg+\367\240;s\257.\226\367\241\267\235\013\266\222L\333Q\026\306\230\22
 217      B4B6 7767 
 217      2BF7 A03B 
 217      73AF 2E96 
 217      F7A1 B79D 
 218 02ac D475 3789 		.ascii	"\324u7\211"
 219               		.text
 220               		.section	.gnu.lto_add_key_bit.1e2b8224e0eb95ff,"",@progbits
 221 0000 789C 9551 		.string	"x\234\225QKkSA\024\236o\346>\322<H]\270\020\242\270\013\305\342m\320\337\320\245\013\227n
 221      4B6B 5341 
 221      149E 6FE6 
 221      3ED2 3C48 
 221      5DB8 10A2 
 222 0080 F847 0720 		.ascii	"\370G\007 \372\2452\320\217\035\271/\2618T\231\227m\023\232\326"
 222      FAA5 32D0 
 222      8F1D B92F 
 222      B138 5499 
 222      976D 139A 
 223 0095 7A7E 33A1 		.ascii	"z~3\241\213%\344\251nCz-\004&\320FY/\033\273\245\350\266\314"
 223      8B25 E4A9 
 223      6E43 7A2D 
 223      0426 D046 
 223      592F 1BBB 
 224 00ad 2B80 496F 		.ascii	"+\200Io\252\257\n!\016%Z)\234\374\261SS*\006A\377\345ru\004\361"
 224      AAAF 0A21 
 224      0E25 5A29 
 224      9CFC B153 
 224      532A 0641 
 225 00c7 71AD 735A 		.ascii	"q\255sZ\3378\254U^)\334\206\242z\270\205\030\212\210\t\202\004"
 225      DF38 AC55 
 225      5E29 DC86 
 225      A27A B885 
 225      188A 8809 
 226 00dd 2611 A7EC 		.ascii	"&\021\247\354\367\337^\324\"\252\335c\256\177}^\t4\231\373\207"
 226      F7DF 5ED4 
 226      22AA DD63 
 226      AE7F 7D5E 
 226      0934 99FB 
 227 00f2 9869 E08E 		.ascii	"\230i\340\216\317<\025C\007\363\f\201)\3049\371\363\\}$b\r\260"
 227      CF3C 1543 
 227      07F3 0C81 
 227      29C4 39F9 
 227      F35C 7D24 
 228 0109 ECE3 BE58 		.ascii	"\354\343\276XL\303b_f\316\226t\243\341j}\335zR@\253\004S\024"
 228      4CC3 625F 
 228      66CE 9674 
 228      A3E1 6A7D 
 228      DD7A 5240 
 229 0121 914D 9336 		.ascii	"\221M\2236\313\002\267\2669\016\320f\2670\030\344-\304a\230\267"
 229      CB02 B7B6 
 229      390E D066 
 229      B730 18E4 
 229      2DC4 6198 
 230 0136 08DF 46BD 		.ascii	"\b\337F\275~\242J\265\331\267\232\224|\252\n\334\255\301\225"
 230      7EA2 4AB5 
 230      D9B7 9A94 
 230      7CAA 0ADC 
 230      ADC1 95
 231 0149 8573 DCCE 		.ascii	"\205s\334\316U\312%\013\332c\342\023\006V\335\356&F\362n~y]6"
 231      55CA 250B 
 231      DA63 E213 
 231      0656 DDEE 
 231      2646 F26E 
 232 0161 D920 1347 		.ascii	"\331 \023G1Co\346U\223J\2549T!\2675\364n\341\031\374t\223\030"
 232      3143 6FE6 
 232      5593 4AAC 
 232      3954 21B7 
 232      35F4 6EE1 
 233 017a 82B0 DFB1 		.ascii	"\202\260\337\261M\364\321\374\342\252\315t\3459\263\273\264|"
 233      4DF4 D1FC 
 233      E2AA CD74 
 233      E539 B3BB 
 233      B47C 
 234 018c 253C 8602 		.ascii	"%<\206\002M&\340*\013\263\\\220\360\361\215\334\264\355L\261"
 234      4D26 E02A 
 234      0BB3 5C90 
 234      F0F1 8DDC 
 234      B4ED 4CB1 
 235 01a0 09AD 79D5 		.ascii	"\t\255y\325\2029\214\241\356\r\216.\337\016\353k\370s\031\304"
 235      8239 8CA1 
 235      EE0D 8E2E 
 235      DF0E EB6B 
 235      F873 19C4 
 236 01b4 5D38 7509 		.ascii	"]8u\t\377n\366\303\312\222L\3144\357\f\334\203CB\274y\337G\202"
 236      FF6E F6C3 
 236      CA92 4CCC 
 236      34EF 0CDC 
 236      8343 42BC 
 237 01cc D56C D9BE 		.ascii	"\325l\331\276\032\352gS\354\356u\nWE\351\265<\342\345\253\305"
 237      1AEA 6753 
 237      ECEE 750A 
 237      5745 E9B5 
 237      3CE2 E5AB 
 238 01e1 30AB 3360 		.ascii	"0\2533`\343\001i\361^\364\275\311h\241<fT\0077,\037\t\342D\214"
 238      E301 69F1 
 238      5EF4 BDC9 
 238      68A1 3C66 
 238      5407 372C 
 239 01fa 703F 6DCF 		.ascii	"p?m\317\364\301\020\341\234\366\263\231\024\366z\205\376\355"
 239      F4C1 10E1 
 239      9CF6 B399 
 239      14F6 7A85 
 239      FEED 
 240 020c 1D21 94E3 		.ascii	"\035!\224\343Q\317\231\377\360\341\341A><:\300\207\307\177}\230"
 240      51CF 99FF 
 240      F0E1 E141 
 240      3E3C 3AC0 
 240      87C7 7F7D 
 241 0221 4782 1478 		.ascii	"G\202\024xS3\274\301o\"W\372x\206\225x\303\254R\r\202\251\313"
 241      5333 BCC1 
 241      6F22 57FA 
 241      7886 9578 
 241      C3AC 520D 
 242 0238 91BE 746F 		.ascii	"\221\276toW2\223M9\311L:\235\271\340dS\0273\331\276\223I\021"
 242      5732 934D 
 242      39C9 4C3A 
 242      9DB9 E064 
 242      5317 33D9 
 243 0250 ED4D 5DEA 		.ascii	"\355M]\352\316\234\317\366t\371\220\221\314\364\244~\001A`\026"
 243      CE9C CFF6 
 243      74F9 9091 
 243      CCF4 A47E 
 243      0141 6016 
 244 0264 EE        		.ascii	"\356"
 245               		.text
 246               		.section	.gnu.lto_del_key_bit.1e2b8224e0eb95ff,"",@progbits
 247 0000 789C 9552 		.string	"x\234\225R\315KTQ\024\277\277{\337\3078\316\350\270h\021L\321N$\3519\324\337\3206hY\013\3
 247      CD4B 5451 
 247      14BF BF7B 
 247      DFC7 38CE 
 247      E8B8 6811 
 248 007e B600      		.string	"\266"
 249 0080 FED0 1188 		.ascii	"\376\320\021\210^\251,\364bG\356K,\016\224\346e\313\270\246\265"
 249      5EA9 2CF4 
 249      6247 EE4B 
 249      2C0E 94E6 
 249      65CB B8A6 
 250 0095 51F8 91D2 		.ascii	"Q\370\221\322\023E\024\250nM\232\026\002\343h\241\254W\265\335"
 250      1345 14A8 
 250      6E4D 9A16 
 250      02E3 68A1 
 250      AC57 B5DD 
 251 00a9 62E3 B62C 		.ascii	"b\343\266,(\200Io\313\257G\3529\224HP8\271\271SQ*\tA\337\313"
 251      2880 496F 
 251      CBAF 47EA 
 251      3994 4850 
 251      38B9 B953 
 252 00c3 CBE5 2134 		.ascii	"\313\345!4\217i\235\327\372\346!\255\nJ\341.\024\325\303\035"
 252      8F69 9DD7 
 252      FAE6 21AD 
 252      0A4A E12E 
 252      14D5 C31D 
 253 00d7 2431 81A4 		.ascii	"$1\201\244 H`\022\315\224\375\376\373\313J\\\265\032\346\306"
 253      2048 6012 
 253      CD94 FDFE 
 253      FBCB 4A5C 
 253      B51A E6C6 
 254 00eb D717 A548 		.ascii	"\327\027\245H\310\334ob\246\205{\001\363d\022m\314\263\004\246"
 254      C8DC 6F62 
 254      A685 7B01 
 254      F364 126D 
 254      CCB3 04A6 
 255 00ff D0        		.ascii	"\320"
 256 0100 CCC9 9FE6 		.string	"\314\311\237\346\252Cq\247\217e\037\013\304b\032\016\3732s\266\250k5_\353\033\316\344-4I0
 256      AA43 71A7 
 256      8F65 1F0B 
 256      C462 1A0E 
 256      FB32 73B6 
 257 0201 D613 CE48 		.string	"\326\023\316H5L\212\021d\032\205q\334\364\216\375\253\245\201P\216\207\215S\377\341\313\3
 257      354C 8A11 
 257      641A 8571 
 257      DCF4 8EFD 
 257      ABA5 8150 
 258 0261 B2D2 D9CE 		.ascii	"\262\322\331\316\314/\230\371\034\004"
 258      CC2F 98F9 
 258      1C04 
 259               		.text
 260               		.section	.gnu.lto_add_key_to_report.1e2b8224e0eb95ff,"",@progbits
 261 0000 789C 7592 		.ascii	"x\234u\222\317KTQ\024\307\317\367\236\367\336\214\316\210\263"
 261      CF4B 5451 
 261      14C7 CFF7 
 261      9EF7 DE8C 
 261      CE88 B3
 262 0013 2908 66D1 		.ascii	")\bf\321N\204l\214\026\256\372\023\332\364\017H\232+\261\211"
 262      4E84 6C8C 
 262      16AE FA13 
 262      DAF4 0F48 
 262      9A2B B189 
 263 0027 C14D ABB9 		.ascii	"\301M\253\271\316\370\262\201\210 4Z\250\233L\313J\315j\034\221"
 263      CEF8 B281 
 263      8820 345A 
 263      A89B 4CCB 
 263      4ACD 6A1C 
 264 003c 18A4 1692 		.ascii	"\030\244\026\2228(\265r\223-$\304d\204,\\\350x\316{\375\002\355"
 264      3828 B572 
 264      932D 24C4 
 264      6484 2C5C 
 264      E878 CE7B 
 265 0053 C27B F79E 		.ascii	"\302{\367\236\363\276\337s?\367\334\347\020H\307\212!J\311|Y"
 265      F3BE DF73 
 265      3FF7 DCE7 
 265      1048 C78A 
 265      214A C97C 
 266 0068 1E44 08E6 		.ascii	"\036D\b\346\336\nQ_\324\030^h#[\357~<M6\316\306y\220\320h\377"
 266      DE0A 515F 
 266      D418 5E68 
 266      235B EF7E 
 266      3C4D 36CE 
 267 0082 9244 0EBC 		.ascii	"\222D\016\274P\344\376^x\200.l\024\2245\354\270\036\262\3303"
 267      50E4 FE5E 
 267      7880 2E6C 
 267      1494 35EC 
 267      B81E B2D8 
 268 0097 0706 8B03 		.ascii	"\007\006\213\003\233%\323<ne|\036\373q\301N\224\3413Q\315\004"
 268      9B25 D33C 
 268      6E65 7C1E 
 268      FB71 C14E 
 268      94E1 3351 
 269 00ad 7B13 C6D1 		.ascii	"{\023\306\321,\252\367\265\237\345\306\357\306g@Mk\325\345\341"
 269      2CAA F7B5 
 269      9FE5 C6EF 
 269      C667 404D 
 269      6BD5 E5E1 
 270 00c1 9886 0609 		.ascii	"\230\206\006\t\t'w\366v\231\223 Y/-U\007\3214f"
 270      0927 77F6 
 270      7699 9320 
 270      592F 2D55 
 270      07D1 3466 
 271 00d5 6DCE DAE2 		.string	"m\316\332\342)\313>3\236\202\245\036\236 \211\t$IR\204I4\211z\344\303\310@\234\317\005\31
 271      29CB 3E33 
 271      9E82 A51E 
 271      9E20 8909 
 271      2449 5284 
 272 01d6 3BF4 36C6 		.ascii	";\3646\306_\341\227K\225\270\212\217\003\306jZ\025%d)\317n\236"
 272      5FE1 974B 
 272      95B8 8A8F 
 272      03C6 6A5A 
 272      1525 6429 
 273 01ed 3D9F E381 		.ascii	"=\237\343\201\325\245\265E\n\274\253\025\363_\257\220b\376\230"
 273      D5A5 B545 
 273      0ABC AB15 
 273      F35F AF90 
 273      62FE 98
 274 0200 D70B 2E6B 		.ascii	"\327\013.k\013\271D\370\203Ve\017\311\210\370LoOw{g:\323\225"
 274      0BB9 44F8 
 274      8356 650F 
 274      C988 F84C 
 274      6F4F 777B 
 275 0218 EA4C F7F4 		.ascii	"\352L\367\364\244\257\2472]7\322\231\336\363\235\324\330\335"
 275      A4AF A732 
 275      5D37 D299 
 275      DEF3 9DD4 
 275      D8DD 
 276 022a 75B3 237D 		.ascii	"u\263#}5s\255=L\261\304G\212\245\005\237"
 276      3573 AD3D 
 276      4CB1 C447 
 276      8AA5 059F 
 277               		.text
 278               		.section	.gnu.lto_del_key_from_report.1e2b8224e0eb95ff,"",@progbits
 279 0000 789C 7592 		.ascii	"x\234u\222\317KTQ\024\307\317\367\236\367\336\214\316\210\263"
 279      CF4B 5451 
 279      14C7 CFF7 
 279      9EF7 DE8C 
 279      CE88 B3
 280 0013 2908 66D1 		.ascii	")\bf\321N\204l\214\026\256\372\023\332\364\017H\232+\261\211"
 280      4E84 6C8C 
 280      16AE FA13 
 280      DAF4 0F48 
 280      9A2B B189 
 281 0027 C14D ABB9 		.ascii	"\301M\253\271\316\370\262\201\210 \264\325\350\246\322\262R\373"
 281      CEF8 B281 
 281      8820 B4D5 
 281      E8A6 D2B2 
 281      52FB 
 282 0039 A563 12C3 		.ascii	"\245c\022\303P\013I\224\244Vn2HBDf \t)\035\317y\257_\240]x\357"
 282      500B 4994 
 282      A456 6E32 
 282      4842 4466 
 282      2009 291D 
 283 0055 DE73 DEF7 		.ascii	"\336s\336\367{\356\347\236\373\034\002\351X6D)\231\317\313\203"
 283      7BEE E79E 
 283      FB1C 02E9 
 283      5836 4429 
 283      99CF CB83 
 284 0069 08C1 DC5A 		.ascii	"\b\301\334Z&\032\210\032\303\013\035d\033\335\017\307\311\306"
 284      261A 881A 
 284      C30B 1D64 
 284      1BDD 0FC7 
 284      C9C6 
 285 007b D938 7712 		.ascii	"\3318w\022\032\355\236\223\310\201\027\212\334\337\013\017\320"
 285      1AED 9E93 
 285      C881 178A 
 285      DCDF 0B0F 
 285      D0
 286 008c 858D 82B2 		.ascii	"\205\215\202\262\206\035\327C\026;f\317\2402\264Q2\255\343V\306"
 286      861D D743 
 286      163B 66CF 
 286      A032 B451 
 286      32AD E356 
 287 00a1 A72F 3FCE 		.ascii	"\247/?\316\330\2112|&\252\233`o\3028ZE\365\266\376\275\334\374"
 287      D889 327C 
 287      26AA 9B60 
 287      6FC2 385A 
 287      45F5 B6FE 
 288 00b8 CDF8 0CA8 		.ascii	"\315\370\f\250i\265\272T\214ih\220\220pr{\247\306\234\004\311"
 288      69B5 BA54 
 288      8C69 6890 
 288      9070 727B 
 288      A7C6 9C04 
 289 00cd 7A71 B13A 		.ascii	"zq\261:\214\226{\326\346\254}u\314\262\317\214\207`\251\207\007"
 289      8C96 7BD6 
 289      E6AC 7D75 
 289      CCB2 CF8C 
 289      8760 A987 
 290 00e2 4862 0249 		.ascii	"Hb\002I\222\024a\022-\242\036}7:\024\347S\201s\256p\177\226\177"
 290      9214 6112 
 290      2DA2 1E7D 
 290      373A 14E7 
 290      5381 73AE 
 291 00fa 398B D78C 		.ascii	"9\213\327\214m\367\331\301\243\320z6\211v5:\204\307hQ\365\347"
 291      6DF7 D9C1 
 291      A3D0 7A36 
 291      8976 353A 
 291      84C7 6851 
 292 0110 99FD E126 		.ascii	"\231\375\341&oP\271O\206\264x\002O;6u\241l\353\365\274\265\263"
 292      6F50 B94F 
 292      86B4 7802 
 292      4F3B 3675 
 292      A16C EBF5 
 293 0127 5E7D 0C0D 		.ascii	"^}\f\r,6\327\221\227\347Bw\225Nh\t\252\212G[R3Fg\336@n\244\366"
 293      2C36 D791 
 293      97E7 4277 
 293      954E 6809 
 293      AA8A 475B 
 294 0144 F336 6B99 		.ascii	"\3636k\231<\263l1\342WV\"z\312H\300W*m\255E\262{\366\272\265"
 294      3CB3 6C31 
 294      E257 5622 
 294      7ACA 48C0 
 294      572A 6DAD 
 295 015e 09C9 15A4 		.ascii	"\t\311\025\244K\232\336\\\372\370\246q\f\305\001\033\344\035"
 295      4B9A DE5C 
 295      FAF8 A671 
 295      0CC5 011B 
 295      E41D 
 296 0170 4C4B 6BA7 		.ascii	"LKk\247\344\230\204\031\214\201\3261\270\226\357\372[uj\253\264"
 296      E498 8419 
 296      8C81 D631 
 296      B896 EFFA 
 296      5B75 6AAB 
 297 0185 DBA4 555D 		.ascii	"\333\244U]\020\236\252\216\024\202i\241C\031\346\327\333B\255"
 297      109E AA8E 
 297      1482 69A1 
 297      4319 E6D7 
 297      DB42 AD
 298 0198 F32F 41F4 		.ascii	"\363/A\364\b\202h\201q\024A\003\236\013\3013\255,\037o\316M\027"
 298      0882 6881 
 298      7114 4103 
 298      9E0B C133 
 298      AD2C 1F6F 
 299 01af A2A9 369F 		.ascii	"\242\2516\237\033\361Bp\366\203{\325\033\275\361\376n\220\367"
 299      1BF1 4270 
 299      F683 7BD5 
 299      1BBD F1FE 
 299      6E90 F7
 300 01c2 F012 A97D 		.ascii	"\360\022\251}\243\235\303,R!\3576\216\200\220\356b\356\017\260"
 300      A39D C32C 
 300      5221 EF36 
 300      8E80 90EE 
 300      62EE 0FB0 
 301 01d6 43AF 63FC 		.ascii	"C\257c\374\025~yg%\256\342\303\200\261\272VE\tY\312\263\233g"
 301      157E 7967 
 301      25AE E2C3 
 301      80B1 BA56 
 301      4509 59CA 
 302 01ed CFE7 7860 		.ascii	"\317\347x`ui\265B\201wo\305\374\327+\244\230?\344\365\202\313"
 302      7569 B542 
 302      8177 6FC5 
 302      FCD7 2BA4 
 302      983F E4F5 
 303 0203 DA44 2E11 		.ascii	"\332D.\021\376\240U\331C2\">\321\337\327\333\331\235\316\364"
 303      FEA0 55D9 
 303      4332 223E 
 303      D1DF D7DB 
 303      D99D CEF4 
 304 0217 A4BA D37D 		.ascii	"\244\272\323}}\351\313\251L\317\225t\246\377t75\367\366\\\355"
 304      7DE9 CBA9 
 304      4CCF 9574 
 304      A6FF 7437 
 304      35F7 F65C 
 305 022c 4A5F CC5C 		.ascii	"J_\314\\\352\fS,\361\001\206d\006\277"
 305      EA0C 532C 
 305      F101 8664 
 305      06BF 
 306               		.text
 307               		.section	.gnu.lto_clear_keys_from_report.1e2b8224e0eb95ff,"",@progbits
 308 0000 789C 7D93 		.ascii	"x\234}\223]KTA\030\307\347?s\316\331m\327\325\355\025\202%\272"
 308      5D4B 5441 
 308      18C7 E73F 
 308      73CE D96D 
 308      D7D5 ED15 
 309 0017 130B 5BA8 		.ascii	"\023\013[\250\013\353\242\217\020T_@\322\274\022\333X\204\350"
 309      0BEB A28F 
 309      1054 5F40 
 309      D2BC 12DB 
 309      5884 E8
 310 002a 6AC7 5D37 		.ascii	"j\307]7\025\242\204\322\202\020/R\264\314\267^\335Mm\333\222"
 310      15A2 84D2 
 310      8210 2F52 
 310      B4CC B75E 
 310      DD4D 6DDB 
 311 003f D810 43B3 		.ascii	"\330\020C\263+o2DBDVH\304D\267\3479gKIk\340\234\231y\316\363"
 311      2B6F 3244 
 311      4244 5648 
 311      C444 B7E7 
 311      3967 4B49 
 312 005a F2FB 3F33 		.ascii	"\362\373?3\307\020\020<\306\224\020\307i>G\017\\\002\262yB\210"
 312      C710 103C 
 312      C694 10C7 
 312      693E 470F 
 312      5C02 B279 
 313 0070 3AB7 946A 		.ascii	":\267\224j\270Lh\2179}H\350\002%\215{~\336\255\235\245\235\001"
 313      B84C 688F 
 313      397D 48E8 
 313      0225 8D7B 
 313      7EDE AD9D 
 314 0087 CB71 327F 		.ascii	"\313q2\177/,\200\027\332\r\021\221\3120-D\260\"7$\322\r\363\t"
 314      2F2C 8017 
 314      DA0D 1191 
 314      CA30 2D44 
 314      B022 3724 
 315 009f 59D2 A569 		.ascii	"Y\322\245i|\355|xRw\247\020\247\2029i\327\026\350B\ty\215\345"
 315      7CED 7C78 
 315      5277 A710 
 315      A782 3969 
 315      D716 E842 
 316 00b7 5653 453F 		.ascii	"VSE?d\\\001\0344\225\035o\363\362V\302O\333\236\245\225e\245"
 316      645C 011C 
 316      3495 1D6F 
 316      F3F2 56C2 
 316      4FDB 9EA5 
 317 00ce 0210 B4CE 		.ascii	"\002\020\264\316d\262-(\356\324:\252\365\344A\255\342J\3411\024"
 317      64B2 2D28 
 317      EED4 3AAA 
 317      F5E4 41AD 
 317      E24A E131 
 318 00e3 E5C3 2304 		.ascii	"\345\303#\004\320\215\200 \223@\017\212\331\375\333\340f\213"
 318      D08D 8020 
 318      9340 0F8A 
 318      D9FD DBE0 
 318      668B 
 319 00f5 CFAA E7F2 		.ascii	"\317\252\347\362G\235\242x\002\213\205\367_L\351\\.\246\365\035"
 319      479D A278 
 319      028B 85F7 
 319      5F4C E95C 
 319      2EA6 F51D 
 320 0109 6BBD 031E 		.ascii	"k\275\003\036Ea\206A/\323\004\007[\264\264\334\364r\t\221\245"
 320      4561 8641 
 320      2FD3 0407 
 320      5BB4 B4DC 
 320      F472 0991 
 321 011e 3856 B72C 		.ascii	"8V\267,%\317j\036\321\326\301\361\273\212S\305\224\2422\255\361"
 321      25CF 6A1E 
 321      D1D6 C1F1 
 321      BB8A 53C5 
 321      94A2 32AD 
 322 0133 F427 1703 		.ascii	"\364'\027\003\273m\310Dbq\306\025\331\320\215Z\373\311\326D\202"
 322      BB6D C844 
 322      6271 C615 
 322      D9D0 8D5A 
 322      FBC9 D644 
 323 0148 D9BC 30FE 		.ascii	"\331\2740\376"
 324 014c E5BD A71D 		.string	"\345\275\247\035mu\332\266\357A\037u\251\227\210\005\372\321\0161\213\372\231X\305V\326\3
 324      6D75 DAB6 
 324      EF41 1F75 
 324      A997 8805 
 324      FAD1 0E31 
 325 024d 6F58 86B9 		.ascii	"oX\206\271S\306\031\272\222H\3312\336\346ex\377+#m\313p;2\346"
 325      53C6 19BA 
 325      9248 D932 
 325      DEE6 6578 
 325      FF2B 236D 
 326 0266 D67B 9385 		.ascii	"\326{\223\205\216\f\013\357\266dX\366\305^@\324\357\374\227Y"
 326      8E0C 0BEF 
 326      B664 58F6 
 326      C55E 40D4 
 326      EFFC 9759 
 327 027a 0A25 0B35 		.ascii	"\n%\0135\371pmMuye(\\\025\254\f\325\324\204\256\004\303UWC\341"
 327      F970 6D4D 
 327      7579 6528 
 327      5C15 AC0C 
 327      D5D4 84AE 
 328 0294 DA13 95A2 		.ascii	"\332\023\225\242\250\272\352zE\350R\370r\271c\372\005D\360V\351"
 328      A8BA EA7A 
 328      45E8 52F8 
 328      72B9 63FA 
 328      0544 F056 
 329               		.text
 330               		.section	.gnu.lto_.symbol_nodes.1e2b8224e0eb95ff,"",@progbits
 331 0000 789C 55CE 		.string	"x\234U\316)\022\302@\020\205\341\177f2YA\"S\005'\355\b\016\300\031\360H\f\222J!\020\310\0
 331      2912 C240 
 331      1085 E17F 
 331      6632 5941 
 331      2253 0527 
 332 0033 768F C06C 		.ascii	"v\217\300lG\027\253j\002\376\001\343\260\370'\246K{@\214\272"
 332      4717 AB6A 
 332      02FE 01E3 
 332      B0F8 27A6 
 332      4B7B 408C 
 333 0048 B047 C46A 		.ascii	"\260G\304j9!N\313\031\211\264\\\020\257\345\212\304ZZ$\321rC"
 333      3921 4ECB 
 333      1989 B45C 
 333      10AF E58A 
 333      C45A 5A24 
 334 005f 522D 7724 		.ascii	"R-w$Sb^H\336\013TU\370\331\274\221\342\037\234\033Po?\316e\t"
 334      5362 5E48 
 334      DE0B 5455 
 334      F8D9 BC91 
 334      E21F 9C1B 
 335 0079 F3C5 C865 		.ascii	"\363\305\310e\236\365\2625.O\373\232\307\277Z\f\251C\r1\3354"
 335      9EF5 B235 
 335      2E4F FB9A 
 335      C7BF 5A0C 
 335      A943 0D31 
 336 008f 255F 0EF9 		.ascii	"%_\016\371GL"
 336      474C 
 337               		.text
 338               		.section	.gnu.lto_.refs.1e2b8224e0eb95ff,"",@progbits
 339 0000 789C 2DC7 		.string	"x\234-\307\301\r"
 339      C10D 00
 340 0007 1014 05C1 		.string	"\020\024\005\301}\353\213\240\032\3757\347\300i2E8\200\220\216\303F\202\315\"b9\377\327w?
 340      7DEB 8BA0 
 340      1AFD 37E7 
 340      C069 3245 
 340      3880 908E 
 341 002a 9C        		.ascii	"\234"
 342               		.text
 343               		.section	.gnu.lto_.decls.1e2b8224e0eb95ff,"",@progbits
 344 0000 789C AD58 		.ascii	"x\234\255XkPTG\026\276\347\3660\3008\200\2171\232\nqM\212l\361"
 344      6B50 5447 
 344      16BE E7F6 
 344      30C0 3880 
 344      8F31 9A0A 
 345 0019 634B 4C76 		.ascii	"cKLv7\273\371\263\273\225}dwS\273\246\266*\331?[55\016\243\316"
 345      37BB F9B3 
 345      BB95 7D64 
 345      7753 BBA6 
 345      B62A D93F 
 346 0033 3ACC B033 		.ascii	":\314\2603C\214\371\261\271\210(\212/\bA\301\007\210\212\210"
 346      438C F9B1 
 346      B988 288A 
 346      2F08 41C1 
 346      0788 8A88 
 347 0047 2823 C6F0 		.ascii	"(#\306\360\020\005\024\237\310\0334\276Q\211\217\210\n\202<T"
 347      1005 149F 
 347      C81B 34BE 
 347      5189 8F88 
 347      0A82 3C54 
 348 005b 744F 77DF 		.ascii	"tOw\337;\367\016aL\266*S\034\346v\367\327_\177}\316\351\276\335"
 348      3BF7 0E61 
 348      4CB6 2A53 
 348      1CE6 76F7 
 348      D75F 7F7D 
 349 0073 A313 40A0 		.ascii	"\243\023@\240\237\372\251\2020$\nB\267N\020\236\343g\002\326"
 349      9FFA A982 
 349      3024 0A42 
 349      B74E 109E 
 349      E367 02D6 
 350 0087 7D84 8655 		.ascii	"}\204\206U\302\034\264h\201\177\214h\327\320n\240\335C{\2106"
 350      C21C B468 
 350      817F 8C68 
 350      D7D0 6EA0 
 350      DD43 7B88 
 351 009c 8036 8836 		.ascii	"\2006\2106\214\366\030\355)\005\"\255\016\355e\340\034\257\340"
 351      8CF6 18ED 
 351      2905 22AD 
 351      0EED 65E0 
 351      1CAF E0
 352 00af F71F 4108 		.ascii	"\367\037A\b\370P\236Ih\025h\223\321LhW\320\376\004|\274;h\227"
 352      F850 9E49 
 352      6815 6893 
 352      D14C 6857 
 352      D0FE 047C 
 353 00c7 D0EA D0AA 		.ascii	"\320\352\320\252\320\336\303\372?\243\375\001m6Z\033\3265\241"
 353      D0DE C3FA 
 353      3FA3 FD01 
 353      6D36 5A1B 
 353      D635 A1
 354 00da FD05 9FF5 		.ascii	"\375\005\237\365\370}\001\3550\332o\260\374+\264\263\370\334"
 354      F87D 01ED 
 354      30DA 6FB0 
 354      FC2B B4B3 
 354      F8DC 
 355 00ec C1A5 B0B1 		.ascii	"\301\245\260\261\202\351\240s\2312\216\016E\303\007h\177\005"
 355      82E9 A073 
 355      9932 8E0E 
 355      45C3 0768 
 355      7F05 
 356 00fe AE4B 3B3E 		.ascii	"\256K;>\325\246h\370\033\226\t\250Z\365\343\350P\364\211\362"
 356      D5A6 68F8 
 356      1B96 09A8 
 356      5AF5 E3E8 
 356      50F4 89F2 
 357 0112 98BA 17F8 		.ascii	"\230\272\027\370\206\372v\242<\276VS\205\254'Zx\261\236\037\242"
 357      86FA 76A2 
 357      3CBE 5653 
 357      85AC 275A 
 357      78B1 9E1F 
 358 0127 03E4 7182 		.ascii	"\003\344q\202i\240\261\215\020x\036\214\325\360\017Pu|\b\201"
 358      69A0 B18D 
 358      1078 1E8C 
 358      D5F0 0F50 
 358      757C 0881 
 359 013b 719A 2673 		.ascii	"q\232&sj\307y(|\367C\363\306\020\204_\341\326\362\216\345\034"
 359      6AC7 7928 
 359      7CF7 43F3 
 359      C610 845F 
 359      E1D6 F28E 
 360 0151 1887 93E6 		.ascii	"\030\207\223\346\241\222\273c9\243\0055\226Z_Q^m\256\f\216\303"
 360      A192 BB63 
 360      39A3 0535 
 360      965A 5F51 
 360      5E6D AE0C 
 361 0167 3BFC 23F0 		.ascii	";\374#\360\016\217\303K\327K0\037+\37176\316\037\241\365\311"
 361      0E8F C34B 
 361      D74B 301F 
 361      2BF9 3736 
 361      CE1F A1F5 
 362 017c FC4A 6C89 		.ascii	"\374Jl\211\314E\265?\024\202\307\364\351\2178\336SyN\003/\030"
 362      CC45 B53F 
 362      1482 C7F4 
 362      E98F 38DE 
 362      5379 4E03 
 363 0192 8F4E 7CEA 		.ascii	"\217N|\3528\343)c\321\265\373\236\274\266\250"
 363      38E3 2963 
 363      D1B5 FB9E 
 363      BCB6 A8
 364 01a1 8660 F9FC 		.string	"\206`\371\374O\340\373\320\364\377c\215\t\337\263\377\214\212\260\372\334\306U\341\027\34
 364      4FE0 FBD0 
 364      F4FF 638D 
 364      09DF B3FF 
 364      8C8A B0FA 
 365 02a2 CF81 967B 		.ascii	"\317\201\226{*G\"x\2316\357\312+\252\217 \257\320g\361\253\333"
 365      2A47 2278 
 365      9936 EFCA 
 365      2BAA 8F20 
 365      AFD0 67F1 
 366 02b8 775B 4430 		.ascii	"w[D0\304\"\365\022\2516_\322O\027\340\347\3210;Z\200J\210\245"
 366      C422 F512 
 366      A936 5FD2 
 366      4F17 E0E7 
 366      D130 3B5A 
 367 02d0 3D76 C12C 		.ascii	"=v\301,\001\276\302\261\016 y!U\320\265~$j\257$M\204\n0@9\020"
 367      01BE C2B1 
 367      0E20 7921 
 367      55D0 B57E 
 367      246A AF24 
 368 02eb 0641 01D1 		.ascii	"\006A\001\321\006\356\300\326\202\276\322\260\311\353d\327\376"
 368      06EE C0D6 
 368      82BE D2B0 
 368      C9EB 64D7 
 368      FE
 369 02fc 0E18 6E1F 		.ascii	"\016\030n\0372\370\230\332*\230\254h\246\350u\271\313\266\032"
 369      32F8 98DA 
 369      2A98 AC68 
 369      A6E8 75B9 
 369      CBB6 1A
 370 030f C9BB 4CD9 		.ascii	"\311\273L\331\345\223-\245\221\344}\372\034r\273\272\354V(\304"
 370      E593 2DA5 
 370      91E4 7DFA 
 370      1C72 BBBA 
 370      EC56 28C4 
 371 0323 C4C4 C44E 		.ascii	"\304\304\304N)\240\342\272Z\217{3S\223%\337l\306W\215\343\326"
 371      29A0 E2BA 
 371      5A8F 7B33 
 371      5393 25DF 
 371      6CC6 578D 
 372 0339 C114 456C 		.ascii	"\301\024El\034e~\223\256\262\002:n\355\331\367)\020\207\2022"
 372      1C65 7E93 
 372      AEB2 023A 
 372      6EED D9F7 
 372      2910 8782 
 373 034e 19A8 0890 		.ascii	"\031\250\b\220}\246`q\326\035\351\242\302z0\220u\266\037\311"
 373      7DA6 6071 
 373      D61D E9A2 
 373      C27A 3090 
 373      75B6 1FC9 
 374 0362 265E 7BB0 		.ascii	"&^{\260A\224\2440\212\020\344I\323O\006\237i\232D\363\256\024"
 374      4194 A430 
 374      8A10 E449 
 374      D34F 069F 
 374      699A 44F3 
 375 0378 87D9 CB46 		.ascii	"\207\331\313F\240<\b\202Z\364\343!\210\201\032\264\303\020\243"
 375      A03C 0882 
 375      5AF4 E321 
 375      8881 1AB4 
 375      C310 A3
 376 038b A459 6A5D 		.ascii	"\244Yj]O\261H\376\315\346=\2602u\210\360`\207\322\034+\251o6"
 376      4FB1 48FE 
 376      CDE6 3DB0 
 376      3275 88F0 
 376      6087 D21C 
 377 03a3 068D 76BD 		.ascii	"\006\215v\275\022\355\243<\332\215\231[WD\214u\267"
 377      12ED A33C 
 377      DA8D 995B 
 377      5744 8C75 
 377      B7
 378 03b4 2AE3 1873 		.string	"*\343\030sw\275\342\356\262\243C\027\214\304\311\206\365\345\f]6\350p\215\037\007\302[\22
 378      77BD E2EE 
 378      B2A3 4317 
 378      8CC4 C986 
 378      F5E5 0C5D 
 379 04b5 9DC0 3A50 		.ascii	"\235\300:P\217\234G\217\234Co\\@;+{\204k/o0R\355\b\324j\347\343"
 379      8F9C 478F 
 379      9C43 6F5C 
 379      403B 2B7B 
 379      846B 2F6F 
 380 04d1 9F6F 10F9 		.ascii	"\237o\020\371\370l\371\004\031\034\243\332\356\253\272\033J\276"
 380      F86C F904 
 380      191C A3DA 
 380      EEAB BA1B 
 380      4ABE 
 381 04e3 6051 1547 		.ascii	"`Q\025G\313\207\007#\301\024\033L\024\\F-\337\257k\264\341U\252"
 381      CB87 0723 
 381      C114 1B4C 
 381      145C 462D 
 381      DFAF 6BB4 
 382 04fa EB12 022F 		.ascii	"\353\022\002/\252\033\026\225\311\206L\317\274pDg\\I\203\312"
 382      AA1B 1695 
 382      C986 4CCF 
 382      BC70 4467 
 382      5C49 83CA 
 383 050e 1396 02D5 		.ascii	"\023\226\002\325\214\275\002Fy\321V\356\272Q\021\202+\206\325"
 383      8CBD 0246 
 383      79D1 56EE 
 383      BA51 1182 
 383      2B86 D5
 384 0521 C15C 1DAD 		.ascii	"\301\\\035\255\273\327\266q\217~z6\033G\222f\362|\343y @\027"
 384      BBD7 B671 
 384      8F7E 7A36 
 384      1B47 9266 
 384      F27C E379 
 385 0538 4CC7 FF57 		.ascii	"L\307\377W\321{\254\377\332\266\246a\375\353\371R\276O\352\312"
 385      D17B ACFF 
 385      DAB6 A661 
 385      FDEB F952 
 385      BE4F EACA 
 386 054c 4B9F 9183 		.ascii	"K\237\221\203C\246`\277\030\212\203\"UY\021[\220\260\023\325"
 386      43A6 60BF 
 386      188A 8322 
 386      5559 115B 
 386      90B0 13D5 
 387 0560 0A70 0D5E 		.ascii	"\np\r^\307\256\017\353o\346\351I\035s\013\254\2710\262!\214\363"
 387      C7AE 0FEB 
 387      6FE6 E949 
 387      1D73 0BAC 
 387      B930 B221 
 388 0576 D4B6 4C65 		.ascii	"\324\266Le\034:\306q]\345\270\256\345\270\3018\n\357\247\255"
 388      1C3A C671 
 388      5DE5 B8AE 
 388      E5B8 C138 
 388      0AEF A7AD 
 389 058a 3292 66CE 		.ascii	"2\222f\3161\334\323Z*\262\271P\301|.K\322\326\265\353\374\363"
 389      31DC D35A 
 389      2AB2 B950 
 389      C17C 2E4B 
 389      D2D6 B5EB 
 390 05a0 FB06 5865 		.ascii	"\373\006Xe\343\261\366\r\241\344\n\353\245\313\373vu\215\001"
 390      E3B1 F60D 
 390      A1E4 0AEB 
 390      A5CB FB76 
 390      758D 01
 391 05b3 3D03 E168 		.ascii	"=\003\341h\261\271\350\324;\020.,g\353A\312\237\t\376\327\307"
 391      B1B9 E8D4 
 391      3B10 2E2C 
 391      67EB 41CA 
 391      9F09 FED7 
 392 05c8 5D0C 066D 		.ascii	"]\f\006m\022\3406\302\277EG\346b\370\360\255A+\013\225\367\256"
 392      12E0 36C2 
 392      BF45 47E6 
 392      62F8 F0AD 
 392      412B 0B95 
 393 05de 408B 708B 		.ascii	"@\213p\213IUv\306\342\264\202s\242\326\241\024\2428\264\2079"
 393      4955 76C6 
 393      E2B4 8273 
 393      A2D6 A114 
 393      A238 B487 
 394 05f3 F4A6 E2D0 		.ascii	"\364\246\342\320\273\331\227\017\353dGT.#\251Rm2v\233La\320\255"
 394      BBD9 970F 
 394      EB64 4754 
 394      2E23 A952 
 394      6D32 769B 
 395 060b FAA2 5BEB 		.ascii	"\372\242[\353\213{\314\027\313\nO\366\204\220\356\037\352\213"
 395      8B7B CC17 
 395      CB0A 4FF6 
 395      8490 EE1F 
 395      EA8B 
 396 061d 07DC 17CB 		.ascii	"\007\334\027\313wT\026\353\264\332>z\311/\255\217I\353U\244\335"
 396      7754 16EB 
 396      B4DA 3E7A 
 396      C92F AD8F 
 396      49EB 55A4 
 397 0632 6C1E 7910 		.ascii	"l\036y\020\205\322\272PZ\356\t\334)$\272\273!\b\356\253\302\356"
 397      85D2 BA50 
 397      5AEE 09DC 
 397      2924 BABB 
 397      2108 EEAB 
 398 0648 6B85 3D64 		.ascii	"k\205=d\302\232\357\226\375\227\364q]\3257\317Hz\231\303\327"
 398      C29A EF96 
 398      FD97 F471 
 398      5DD5 37CF 
 398      487A 99C3 
 399 065d A0E5 E857 		.ascii	"\240\345\350W9\372\265\034\003\214\343\332\255\262\035\341\344"
 399      39FA B51C 
 399      038C E3DA 
 399      ADB2 1DE1 
 399      E4
 400 066e 1927 19C9 		.ascii	"\031'\031\311\317\352\013\227IZ\232\264$\217T\222GZ\222AF\322"
 400      CFEA 0B97 
 400      495A 9AB4 
 400      248F 5492 
 400      475A 9241 
 401 0684 7EAC E075 		.ascii	"~\254\340u\262\222\037\227\276\311\352N1"
 401      B292 1F97 
 401      BEC9 EA4E 
 401      31
 402 0691 CA1C C301 		.string	"\312\034\303\001\034C*\307\220\226c\230q\\(\270\337/\222lN\262\372^{O\224\034\254\262f-\3
 402      1C43 2AC7 
 402      9096 6398 
 402      715C 28B8 
 402      DF2F 926C 
 403 0792 9997 FBAF 		.ascii	"\231\227\373\257\376T\\\375\260F4\300*U\357\034\372\222O\363"
 403      FE54 5CFD 
 403      B046 34C0 
 403      2A55 EF1C 
 403      FA92 4FF3 
 404 07a6 6FC3 827F 		.ascii	"o\303\202\177\017\206\325b,\345e\207\321t1\032V\212\354\354P"
 404      0F86 D562 
 404      2CE5 6587 
 404      D174 311A 
 404      568A ECEC 
 405 07bb D497 9315 		.ascii	"\324\227\223\025\312\234H\231\270\023\273w\\:\252gu\037\030`"
 405      CA9C 4899 
 405      B813 BB77 
 405      5C3A AA67 
 405      751F 1860 
 406 07cf 2D        		.ascii	"-"
 407 07d0 D77A 38AB 		.ascii	"\327z8\253b\025_\313\037\032a\035\257;\233\262j0\3625\037\311"
 407      6215 5FCB 
 407      1F1A 611D 
 407      AF3B 9BB2 
 407      6A30 F235 
 408 07e6 93C2 D88C 		.ascii	"\223\302\330\214\017\345\334\331\3171\231\342k\254f\360\372\352"
 408      0FE5 DCD9 
 408      CF31 99E2 
 408      6BAC 66F0 
 408      FAEA 
 409 07f8 CF43 4919 		.ascii	"\317CI\031\233\001\364\345\365\027RZ\310B\275\237\323(\320\203"
 409      9B01 F4E5 
 409      F517 525A 
 409      C842 BD9F 
 409      D328 D083 
 410 080c DBA5 9CEA 		.ascii	"\333\245\234\352\020R\305\021\273\327ooaN\314\246^\372\202\217"
 410      1052 C511 
 410      BBD7 6F6F 
 410      614E CCA6 
 410      5EFA 828F 
 411 0820 B239 B37B 		.ascii	"\2629\263{\027hC\212\002XDa=\002`\003\013j\206\022\324\254\235"
 411      1768 438A 
 411      0258 4461 
 411      3D02 6003 
 411      0B6A 8612 
 412 0837 23D9 6CBD 		.ascii	"#\331l\275\257\223\272\276\270\222pc[r-&\027\351\235J\201\220"
 412      AF93 BABE 
 412      B892 7063 
 412      5B72 2D26 
 412      17E9 9D4A 
 413 084d AA78 0A56 		.ascii	"\252x\nV\210:Z\342\301\315a\301"
 413      883A 5AE2 
 413      C1CD 61C1 
 414 0859 6D6D B95A 		.string	"mm\271Zj$\327\270\224\355w/\356\327\277\261M\312\307s\363\271\253?-J\223\226\246\204\261l
 414      6A24 D7B8 
 414      94ED 772F 
 414      EED7 BFB1 
 414      4DCA C773 
 415 095a DA3E B42F 		.ascii	"\332>\264/E\3151\264+\357\376'\335)\311\265\327\t{Q\026`@(\347"
 415      45CD 31B4 
 415      2BEF FE27 
 415      DD29 C9B5 
 415      D709 7B51 
 416 0973 5BCA 4997 		.ascii	"[\312I\227\325\356\307^o\251W\236\r\223\262f\260\372\302@t\234"
 416      D5EE C75E 
 416      6FA9 579E 
 416      0D93 B266 
 416      B0FA C240 
 417 0989 8ADE 21AA 		.ascii	"\212\336!\252G\307\375\235\242T@h\200\031\330\037\327\27017\251"
 417      47C7 FD9D 
 417      A254 4068 
 417      8019 D81F 
 417      D7B8 3137 
 418 099e 7D8B 974A 		.ascii	"}\213\227J+\243\030\305\326\2402\362E\265\303&E\307\266\240p"
 418      2BA3 18C5 
 418      D6A0 32F2 
 418      45B5 C326 
 418      45C7 B6A0 
 419 09b3 0D7D 9682 		.ascii	"\r}\226\202.\016\252z\227"
 419      2E0E AA7A 
 419      97
 420 09bc 863C 5781 		.string	"\206<W\201\323\243\361\370\360\355\032x\266\002/\n\312\276S\003\317T\340%A\341\2735\360\2
 420      D3A3 F1F8 
 420      F0ED 1A78 
 420      B602 2F0A 
 420      CABE 5303 
 421 0abd 6E0A 603E 		.string	"n\n`>%\203OQ0\351\350\277\347\0030\340\311\036\377\322\344w\226\372\223\220"
 421      2583 4F51 
 421      30E9 E8BF 
 421      E703 30E0 
 421      C91E FFD2 
 422 0ad8 A745 7A77 		.ascii	"\247Ezwo\300-\374\214(\037\350\245V`\325\254\320\373[\366L\377"
 422      6FC0 2DFC 
 422      8C28 1FE8 
 422      A556 60D5 
 422      ACD0 FB5B 
 423 0aef E1D8 F903 		.ascii	"\341\330\371\003\313w\205h\307\246\307\023\315\017\001\362\330"
 423      CB77 8568 
 423      C7A6 C713 
 423      CD0F 01F2 
 423      D8
 424 0b00 8D4C 68F1 		.ascii	"\215Lh\361\266\256-\341\270\353N\303\343\004u{M{\027\373e\r\313"
 424      B6AE 2DE1 
 424      B8EB 4EC3 
 424      E304 757B 
 424      4D7B 17FB 
 425 0b17 D267 F434 		.ascii	"\322g\3644z\351qm\030\351\343\361\336\177(\373p\270\372>z\024"
 425      7AE9 716D 
 425      18E9 E3F1 
 425      DE7F 28FB 
 425      70B8 FA3E 
 426 0b2d 5542 DF47 		.ascii	"UB\337Gm\230~-j\314\247\311\357#i\314\017[\255\030\343i\362\333"
 426      6D98 7E2D 
 426      6ACC A7C9 
 426      EF23 69CC 
 426      0F5B AD18 
 427 0b45 A819 A7D2 		.ascii	"\250\031\247\322\204S\241}\321\001\225\217KsB\201\317\337\300"
 427      8453 A17D 
 427      D101 958F 
 427      4B73 4281 
 427      CFDF C0
 428 0b58 67F4 1974 		.ascii	"g\364\031t\262\331\205\261o\376;Y\240S:\231S:\220\251\2352u\262"
 428      B2D9 85B1 
 428      6FFE 3B59 
 428      A053 3A99 
 428      533A 90A9 
 429 0b70 B9AF BC72 		.ascii	"\271\257\274r\345b\300\225\222\036Q\325\271\237\225\347~\226"
 429      E562 C095 
 429      921E 51D5 
 429      B99F 95E7 
 429      7E96 
 430 0b82 CDBD 37FF 		.ascii	"\315\2757\377\324\262\200 m\bp\3249\031L\277\r\013,\036\263\305"
 430      D4B2 8020 
 430      6D08 70D4 
 430      3919 4CBF 
 430      0D0B 2C1E 
 431 0b98 B978 A16D 		.ascii	"\271x\241mq\330{\177\377p\346\357\337yG\320a\301\023\232dwz\177"
 431      71D8 7B7F 
 431      FF70 E6EF 
 431      DF79 47D0 
 431      61C1 139A 
 432 0bb0 6DF6 CE88 		.ascii	"m\366\316\210K\362\270\343\034\366\271q\226\217\335qv\247\325"
 432      4BF2 B8E3 
 432      1CF6 B971 
 432      968F DD71 
 432      76A7 D5
 433 0bc3 9114 6F8B 		.ascii	"\221\024o\213\363x\343\261y\326\002!\314m\363\330\334\037\333"
 433      F378 E3B1 
 433      79D6 0221 
 433      CC6D F3D8 
 433      DC1F DB
 434 0bd6 E275 09AE 		.ascii	"\342u\t\256x\317\313\336\204\205f\253\313m\213\263\272\022\022"
 434      78CF CBDE 
 434      8485 66AB 
 434      CB6D 8BB3 
 434      BA12 12
 435 0be9 5CCE 38B7 		.ascii	"\\\3168\267-\321\345\2468\342\266,\322'Z\254\013\021\351\\\350"
 435      2DD1 E5A6 
 435      38E2 B62C 
 435      D227 5AAC 
 435      0B11 E95C 
 436 0bfe 76E9 E6DA 		.ascii	"v\351\346\332\275\236p\336l\266\307O\240uf^\234$\327\242\212"
 436      BD9E 70DE 
 436      6CB6 C74F 
 436      A075 665E 
 436      9C24 D7A2 
 437 0c13 B92E 8B3B 		.ascii	"\271.\213;\336\354\rFk\025\"\346\333\274\346yv\267\207\301#\355"
 437      DEEC 0D46 
 437      6B15 22E6 
 437      DBBC E679 
 437      76B7 87C1 
 438 0c29 1EFA 654E 		.ascii	"\036\372eNDQ\036[|\210\371]\227\313a\264\304\307\263\332\271"
 438      4451 1E5B 
 438      7C88 F95D 
 438      97CB 61B4 
 438      C4C7 B3DA 
 439 0c3e 8BBD 3663 		.ascii	"\213\2756c\274\315\341/L\360\267\330\275\023\374\rv\357$\245"
 439      BCCD E12F 
 439      4CF0 B7D8 
 439      BD13 FC0D 
 439      76EF 24A5 
 440 0c52 DEAB 489A 		.ascii	"\336\253H\232\242\264\316s"
 440      A2B4 CE73 
 441 0c5a BB12 E4BA 		.string	"\273\022\344\272\227\254\016\233\305Mk=\332\352\020$p9'\377'\311\342\364&%\304ai\221\335c
 441      97AC 0E9B 
 441      C54D 6B3D 
 441      DAEA 1024 
 441      7039 27FF 
 442 0d5b F8B4 BB59 		.ascii	"\370\264\273Y"
 443               		.text
 444               		.section	.gnu.lto_.symtab.1e2b8224e0eb95ff,"",@progbits
 445 0000 6861 735F 		.string	"has_anykey"
 445      616E 796B 
 445      6579 00
 446 000b 00        		.string	""
 447 000c 00        		.string	""
 448 000d 00        		.string	""
 449 000e 00        		.string	""
 450 000f 00        		.string	""
 451 0010 00        		.string	""
 452 0011 00        		.string	""
 453 0012 00        		.string	""
 454 0013 00        		.string	""
 455 0014 00        		.string	""
 456 0015 00        		.string	""
 457 0016 E100      		.string	"\341"
 458 0018 00        		.string	""
 459 0019 00        		.string	""
 460 001a 6765 745F 		.string	"get_first_key"
 460      6669 7273 
 460      745F 6B65 
 460      7900 
 461 0028 00        		.string	""
 462 0029 00        		.string	""
 463 002a 00        		.string	""
 464 002b 00        		.string	""
 465 002c 00        		.string	""
 466 002d 00        		.string	""
 467 002e 00        		.string	""
 468 002f 00        		.string	""
 469 0030 00        		.string	""
 470 0031 00        		.string	""
 471 0032 00        		.string	""
 472 0033 E300      		.string	"\343"
 473 0035 00        		.string	""
 474 0036 00        		.string	""
 475 0037 6973 5F6B 		.string	"is_key_pressed"
 475      6579 5F70 
 475      7265 7373 
 475      6564 00
 476 0046 00        		.string	""
 477 0047 00        		.string	""
 478 0048 00        		.string	""
 479 0049 00        		.string	""
 480 004a 00        		.string	""
 481 004b 00        		.string	""
 482 004c 00        		.string	""
 483 004d 00        		.string	""
 484 004e 00        		.string	""
 485 004f 00        		.string	""
 486 0050 00        		.string	""
 487 0051 ED00      		.string	"\355"
 488 0053 00        		.string	""
 489 0054 00        		.string	""
 490 0055 6164 645F 		.string	"add_key_byte"
 490      6B65 795F 
 490      6279 7465 
 490      00
 491 0062 00        		.string	""
 492 0063 00        		.string	""
 493 0064 00        		.string	""
 494 0065 00        		.string	""
 495 0066 00        		.string	""
 496 0067 00        		.string	""
 497 0068 00        		.string	""
 498 0069 00        		.string	""
 499 006a 00        		.string	""
 500 006b 00        		.string	""
 501 006c 00        		.string	""
 502 006d F200      		.string	"\362"
 503 006f 00        		.string	""
 504 0070 00        		.string	""
 505 0071 6465 6C5F 		.string	"del_key_byte"
 505      6B65 795F 
 505      6279 7465 
 505      00
 506 007e 00        		.string	""
 507 007f 00        		.string	""
 508 0080 00        		.string	""
 509 0081 00        		.string	""
 510 0082 00        		.string	""
 511 0083 00        		.string	""
 512 0084 00        		.string	""
 513 0085 00        		.string	""
 514 0086 00        		.string	""
 515 0087 00        		.string	""
 516 0088 00        		.string	""
 517 0089 F400      		.string	"\364"
 518 008b 00        		.string	""
 519 008c 00        		.string	""
 520 008d 6164 645F 		.string	"add_key_bit"
 520      6B65 795F 
 520      6269 7400 
 521 0099 00        		.string	""
 522 009a 00        		.string	""
 523 009b 00        		.string	""
 524 009c 00        		.string	""
 525 009d 00        		.string	""
 526 009e 00        		.string	""
 527 009f 00        		.string	""
 528 00a0 00        		.string	""
 529 00a1 00        		.string	""
 530 00a2 00        		.string	""
 531 00a3 00        		.string	""
 532 00a4 F600      		.string	"\366"
 533 00a6 00        		.string	""
 534 00a7 00        		.string	""
 535 00a8 6465 6C5F 		.string	"del_key_bit"
 535      6B65 795F 
 535      6269 7400 
 536 00b4 00        		.string	""
 537 00b5 00        		.string	""
 538 00b6 00        		.string	""
 539 00b7 00        		.string	""
 540 00b8 00        		.string	""
 541 00b9 00        		.string	""
 542 00ba 00        		.string	""
 543 00bb 00        		.string	""
 544 00bc 00        		.string	""
 545 00bd 00        		.string	""
 546 00be 00        		.string	""
 547 00bf F800      		.string	"\370"
 548 00c1 00        		.string	""
 549 00c2 00        		.string	""
 550 00c3 6164 645F 		.string	"add_key_to_report"
 550      6B65 795F 
 550      746F 5F72 
 550      6570 6F72 
 550      7400 
 551 00d5 00        		.string	""
 552 00d6 00        		.string	""
 553 00d7 00        		.string	""
 554 00d8 00        		.string	""
 555 00d9 00        		.string	""
 556 00da 00        		.string	""
 557 00db 00        		.string	""
 558 00dc 00        		.string	""
 559 00dd 00        		.string	""
 560 00de 00        		.string	""
 561 00df 00        		.string	""
 562 00e0 FA00      		.string	"\372"
 563 00e2 00        		.string	""
 564 00e3 00        		.string	""
 565 00e4 6465 6C5F 		.string	"del_key_from_report"
 565      6B65 795F 
 565      6672 6F6D 
 565      5F72 6570 
 565      6F72 7400 
 566 00f8 00        		.string	""
 567 00f9 00        		.string	""
 568 00fa 00        		.string	""
 569 00fb 00        		.string	""
 570 00fc 00        		.string	""
 571 00fd 00        		.string	""
 572 00fe 00        		.string	""
 573 00ff 00        		.string	""
 574 0100 00        		.string	""
 575 0101 00        		.string	""
 576 0102 00        		.string	""
 577 0103 FC00      		.string	"\374"
 578 0105 00        		.string	""
 579 0106 00        		.string	""
 580 0107 636C 6561 		.string	"clear_keys_from_report"
 580      725F 6B65 
 580      7973 5F66 
 580      726F 6D5F 
 580      7265 706F 
 581 011e 00        		.string	""
 582 011f 00        		.string	""
 583 0120 00        		.string	""
 584 0121 00        		.string	""
 585 0122 00        		.string	""
 586 0123 00        		.string	""
 587 0124 00        		.string	""
 588 0125 00        		.string	""
 589 0126 00        		.string	""
 590 0127 00        		.string	""
 591 0128 00        		.string	""
 592 0129 00        		.string	""
 593 012a 0100      		.string	"\001"
 594 012c 00        		.string	""
 595 012d 6B65 7962 		.string	"keyboard_protocol"
 595      6F61 7264 
 595      5F70 726F 
 595      746F 636F 
 595      6C00 
 596 013f 00        		.string	""
 597 0140 02        		.ascii	"\002"
 598 0141 00        		.string	""
 599 0142 00        		.string	""
 600 0143 00        		.string	""
 601 0144 00        		.string	""
 602 0145 00        		.string	""
 603 0146 00        		.string	""
 604 0147 00        		.string	""
 605 0148 00        		.string	""
 606 0149 00        		.string	""
 607 014a 1B01 00   		.string	"\033\001"
 608 014d 00        		.string	""
 609 014e 6B65 796D 		.string	"keymap_config"
 609      6170 5F63 
 609      6F6E 6669 
 609      6700 
 610 015c 00        		.string	""
 611 015d 02        		.ascii	"\002"
 612 015e 00        		.string	""
 613 015f 00        		.string	""
 614 0160 00        		.string	""
 615 0161 00        		.string	""
 616 0162 00        		.string	""
 617 0163 00        		.string	""
 618 0164 00        		.string	""
 619 0165 00        		.string	""
 620 0166 00        		.string	""
 621 0167 4501 00   		.string	"E\001"
 622 016a 00        		.string	""
 623 016b 6269 746F 		.string	"biton"
 623      6E00 
 624 0171 00        		.string	""
 625 0172 02        		.ascii	"\002"
 626 0173 00        		.string	""
 627 0174 00        		.string	""
 628 0175 00        		.string	""
 629 0176 00        		.string	""
 630 0177 00        		.string	""
 631 0178 00        		.string	""
 632 0179 00        		.string	""
 633 017a 00        		.string	""
 634 017b 00        		.string	""
 635 017c 0401 00   		.string	"\004\001"
 636 017f 00        		.string	""
 637               		.text
 638               		.section	.gnu.lto_.opts,"",@progbits
 639 0000 272D 666D 		.ascii	"'-fmath-errno' '-fsigned-zeros' '-ftrapping-math' '-fno-trap"
 639      6174 682D 
 639      6572 726E 
 639      6F27 2027 
 639      2D66 7369 
 640 003c 7627 2027 		.ascii	"v' '-fno"
 640      2D66 6E6F 
 641 0044 2D6F 7065 		.string	"-openmp' '-fno-openacc' '-mn-flash=1' '-mno-skip-bug' '-mmcu=avr5' '-gdwarf-2' '-Os' '-We
 641      6E6D 7027 
 641      2027 2D66 
 641      6E6F 2D6F 
 641      7065 6E61 
 642               		.text
 643               		.comm	__gnu_lto_v1,1,1
 644               		.comm	__gnu_lto_slim,1,1
 645               		.ident	"GCC: (GNU) 5.4.0"
DEFINED SYMBOLS
                            *ABS*:0000000000000000 report.c
     /tmp/ccpRobFy.s:2      *ABS*:000000000000003e __SP_H__
     /tmp/ccpRobFy.s:3      *ABS*:000000000000003d __SP_L__
     /tmp/ccpRobFy.s:4      *ABS*:000000000000003f __SREG__
     /tmp/ccpRobFy.s:5      *ABS*:0000000000000000 __tmp_reg__
     /tmp/ccpRobFy.s:6      *ABS*:0000000000000001 __zero_reg__
                            *COM*:0000000000000001 __gnu_lto_v1
                            *COM*:0000000000000001 __gnu_lto_slim

NO UNDEFINED SYMBOLS
