   1               		.file	"usb_util.c"
   2               	__SP_H__ = 0x3e
   3               	__SP_L__ = 0x3d
   4               	__SREG__ = 0x3f
   5               	__tmp_reg__ = 0
   6               	__zero_reg__ = 1
   7               		.text
   8               	.Ltext0:
   9               		.section	.gnu.lto_.profile.3147107057d9edb,"",@progbits
  10 0000 789C 6361 		.string	"x\234ca`d`a`"
  10      6064 6061 
  10      6000 
  11 000a 926C CC00 		.string	"\222l\314"
  12 000e 00        		.string	""
  13 000f 7900      		.string	"y"
  14 0011 14        		.ascii	"\024"
  15               		.text
  16               		.section	.gnu.lto_.icf.3147107057d9edb,"",@progbits
  17 0000 789C 6361 		.string	"x\234ca`d"
  17      6064 00
  18 0007 0111 0604 		.string	"\001\021\006\004`fX?\363A\013\023\343\374\353o\226\2631\201I\006"
  18      6066 583F 
  18      F341 0B13 
  18      E3FC EB6F 
  18      96B3 3181 
  19 001e 5DAA 08EC 		.ascii	"]\252\b\354"
  20               		.text
  21               		.section	.gnu.lto_.jmpfuncs.3147107057d9edb,"",@progbits
  22 0000 789C 6361 		.string	"x\234ca`d"
  22      6064 00
  23 0007 016E 0604 		.string	"\001n\006\004`\006b\240(\023\220\002"
  23      6006 62A0 
  23      2813 9002 
  23      00
  24 0014 01E5 00   		.string	"\001\345"
  25 0017 17        		.ascii	"\027"
  26               		.text
  27               		.section	.gnu.lto_.inline.3147107057d9edb,"",@progbits
  28 0000 789C 6361 		.string	"x\234ca`d"
  28      6064 00
  29 0007 010B 0604 		.string	"\001\013\006\004`\006\"&F\006& \223m\201<\210\002*B\027a\302\020a"
  29      6006 2226 
  29      4606 2620 
  29      936D 813C 
  29      8802 2A42 
  30 0021 00        		.string	""
  31 0022 5108 02B1 		.ascii	"Q\b\002\261"
  32               		.text
  33               		.section	.gnu.lto_.pureconst.3147107057d9edb,"",@progbits
  34 0000 789C 6361 		.string	"x\234ca`d`g```f\220`\224`\222"
  34      6064 6067 
  34      6060 6066 
  34      9060 9460 
  34      9200 
  35 0012 00        		.string	""
  36 0013 019A 00   		.string	"\001\232"
  37 0016 5B        		.ascii	"["
  38               		.text
  39               		.section	.gnu.lto_usb_disable.3147107057d9edb,"",@progbits
  40 0000 789C 6361 		.string	"x\234ca`d"
  40      6064 00
  41 0007 812A 2096 		.string	"\201* \226\005bi fdf`d\232p\216\201\241\221\203\211\221\021\304h\340`d\250gb\254g\374\312
  41      0562 6920 
  41      6664 6660 
  41      649A 708E 
  41      81A1 9183 
  42 004f 54F6 68E3 		.string	"T\366h\343\277\251\274l- e\n\020I\306\025\214l \353\326\007\035h\370\377\277\271\241a\257
  42      BFA9 BC6C 
  42      2D20 650A 
  42      1049 C615 
  42      8C6C 20EB 
  43 00a7 00        		.string	""
  44 00a8 F9DF 360B 		.ascii	"\371\3376\013"
  45               		.text
  46               		.section	.gnu.lto_usb_connected_state.3147107057d9edb,"",@progbits
  47 0000 789C 154D 		.string	"x\234\025M\313\nA\001\020\2353W\222\342\007<by7(\177\342\007\224\233\205\270ny\254\215W\0
  47      CB0A 4101 
  47      109D 3357 
  47      92E2 073C 
  47      6279 3728 
  48 002a F903 91A5 		.string	"\371\003\221\245\025\305\222k\346\324i\246\231\363\210\020\310\260Tf\224)%\034\002/\316D\
  48      15C5 926B 
  48      E6D4 69A6 
  48      99F3 8810 
  48      C8B0 5466 
  49 009e 6C61 056A 		.ascii	"la\005j\200\t\325\226\352\371\315\252\027t\352E/\360\375\240"
  49      8009 D596 
  49      EAF9 CDAA 
  49      1774 EA45 
  49      2FF0 FDA0 
  50 00b2 5DEC 776B 		.ascii	"]\354wk\325~\257\321*x\364\007\216B>M"
  50      D57E AFD1 
  50      2A78 F407 
  50      8E42 3E4D 
  51               		.text
  52               		.section	.gnu.lto_usb_vbus_state.3147107057d9edb,"",@progbits
  53 0000 789C 154D 		.ascii	"x\234\025M\315\n\001a\024\275\347\033I\212\027\360\223\255\215"
  53      CD0A 0161 
  53      14BD E71B 
  53      498A 17F0 
  53      93AD 8D
  54 0013 216F E205 		.ascii	"!o\342\005\246L\026b\214\374\254}\030Y\330(<\202\260\222\205"
  54      A64C 1662 
  54      8CFC AC7D 
  54      1859 D828 
  54      3C82 B092 
  55 0028 A59A 0790 		.ascii	"\245\232\007\220\215\007 K+\212\254\030\367\336:\335{;\177!\002"
  55      8D07 204B 
  55      2B8A AC18 
  55      F7DE 3ADD 
  55      7B3B 7F21 
  56 003d C9CC 1929 		.ascii	"\311\314\031)F\202\001\203\240\246'\242~D\001r\350\b\250\247"
  56      4682 0183 
  56      A0A6 27A2 
  56      7E44 0172 
  56      E808 A8A7 
  57 0051 D0C3 5B7D 		.ascii	"\320\303[}\025f\213\351%\236]i=\320\327\345$\355\255}\214\f\242"
  57      1566 8BE9 
  57      259E 5D69 
  57      3DD0 D7E5 
  57      24ED AD7D 
  58 0068 4011 8A49 		.ascii	"@\021\212I\344\223\022\261B\226Xz\333\375\026\261\260\247y2\""
  58      E493 12B1 
  58      4296 587A 
  58      DBFD 16B1 
  58      B0A7 7932 
  59 007d 6066 8DB0 		.ascii	"`f\215\260TnK\276\016\202\241\326\347\302A1\361`H\325\223\037"
  59      546E 4BBE 
  59      0E82 A1D6 
  59      E7C2 4131 
  59      F160 48D5 
  60 0093 DEC6 1D03 		.ascii	"\336\306\035\003\377\323\0245\307\354\307\307]\364\245\270\005"
  60      FFD3 1435 
  60      C7EC C7C7 
  60      5DF4 A5B8 
  60      05
  61 00a4 C006 D2C0 		.ascii	"\300\006\322\300\006\210\220m\211\216S\263l\267U1m\327q\334\206"
  61      0688 906D 
  61      898E 53B3 
  61      6CB7 5531 
  61      6DD7 71DC 
  62 00b9 D96D 97AD 		.ascii	"\331m\227\255n\247Z\317\331\364\0078v?\331"
  62      6EA7 5ACF 
  62      D9F4 0738 
  62      763F D9
  63               		.text
  64               		.section	.gnu.lto_.symbol_nodes.3147107057d9edb,"",@progbits
  65 0000 789C 6361 		.string	"x\234ca`d\260`"
  65      6064 B060 
  65      00
  66 0009 02A6 AF0C 		.string	"\002\246\257\f\365\f\f\023\3161\200\250]\r\212@\221o\f\365\214\250\"\337\031\352\231PD\03
  66      F50C 0C13 
  66      CE31 80A8 
  66      5D0D 8A40 
  66      916F 0CF5 
  67 0028 AE45 0E4E 		.ascii	"\256E\016N"
  68               		.text
  69               		.section	.gnu.lto_.refs.3147107057d9edb,"",@progbits
  70 0000 789C 6361 		.string	"x\234ca`\004B "
  70      6004 4220 
  70      00
  71 0009 00        		.string	""
  72 000a 00        		.string	""
  73 000b 3900      		.string	"9"
  74 000d 07        		.ascii	"\007"
  75               		.text
  76               		.section	.gnu.lto_.decls.3147107057d9edb,"",@progbits
  77 0000 789C 7550 		.string	"x\234uPMh\023Q\020~\337\356\326&\212QP\244`\016!\247\202\220\n^\354U\017^\304\203`\2571\3
  77      4D68 1351 
  77      107E DFEE 
  77      D626 8A51 
  77      50A4 600E 
  78 009e 7E80 4CD5 		.ascii	"~\200L\325\0252\225\027M\235^\305E\264\202\007\361\322\200L}"
  78      1532 9517 
  78      4D9D 5EC5 
  78      45B4 8207 
  78      F1D2 804C 
  79 00b3 F0D2 1DDF 		.ascii	"\360\322\035\337\024\211[\f\270dIk\355\247\246T_\223!\030\205"
  79      1489 5B0C 
  79      B864 496B 
  79      EDA7 A654 
  79      5F93 2118 
  80 00c8 CB27 EBF0 		.ascii	"\313'\353\3606\t\023\273{\207x\261[\034|\365\225uz\266Ogr\316"
  80      3609 13BB 
  80      7B87 78B1 
  80      5B1C 7CF5 
  80      9575 7AB6 
  81 00e0 17D7 7E54 		.ascii	"\027\327~T;\364\230\312go\375Y\212\030\254\365\036t\027\371\356"
  81      3BF4 98CA 
  81      676F FD59 
  81      8A18 ACF5 
  81      1E74 17F9 
  82 00f5 EBF6 67A4 		.ascii	"\353\366g\244\252\3046F\244\235\b\376\340\306\312\313;\261\256"
  82      AAC4 3646 
  82      A49D 08FE 
  82      E0C6 CACB 
  82      3BB1 AE
  83 0108 71D9 6912 		.ascii	"q\331i\022%\200\276c8\025\307\3118\277SE\027\237Y\303ENo~\331"
  83      2580 BE63 
  83      3815 C7C9 
  83      38BF 5345 
  83      179F 59C3 
  84 0121 8C25 1D72 		.ascii	"\214%\035r\034Z\377]\315,\023M\214\311\tF\241\002\035\017\220"
  84      1C5A FF5D 
  84      CD2C 134D 
  84      8CC9 0946 
  84      A102 1D0F 
  85 0136 62F4 7D18 		.ascii	"b\364}\030\362&\327\274\213U^|\006I\036^Z{\361\255S?\275\307"
  85      F226 D7BC 
  85      8B55 5E7C 
  85      0649 1E5E 
  85      5A7B F1AD 
  86 014e 7A8B AF96 		.ascii	"z\213\257\226':\365\363\262k\334\336\030}\276\037q \312\336="
  86      273A F5F3 
  86      B26B DCDE 
  86      187D BE1F 
  86      7120 CADE 
  87 0163 4911 CC21 		.ascii	"I\021\314!*F\210\206xA'\301\214\356zx\202n\325\022x\304\360\307"
  87      2A46 8886 
  87      7841 27C1 
  87      8CEE 7A78 
  87      826E D512 
  88 017b 888B 49BA 		.ascii	"\210\213I\272AtX\025\247}\251B^1\253^\3625\177\032oN\035\fk\226"
  88      4174 5815 
  88      A77D A942 
  88      5E31 AB5E 
  88      F235 7F1A 
  89 0195 105F F4FC 		.ascii	"\020_\364\374.\321\265\3717?\341\212n~8J\303CD\206\204\240\326"
  89      2ED1 B5F9 
  89      373F E18A 
  89      6E7E 384A 
  89      C343 4486 
  90 01ac 52FC 9015 		.ascii	"R\374\220\025\327\302\212\353J\361\360\257\353\316!\375\342\036"
  90      D7C2 8AEB 
  90      4AF1 F0AF 
  90      EBCE 21FD 
  90      E21E 
  91 01be 8AB7 5EBF 		.ascii	"\212\267^\277\375\356\363~\f\363.\264x\2372\357B\230\267\201"
  91      FDEE F37E 
  91      0CF3 2EB4 
  91      789F 32EF 
  91      4298 B781 
  92 01d2 A438 502E 		.ascii	"\2448P.f\323\375\003\305L6g\031\327\254\314`\344\334\205K\211"
  92      66D3 FD03 
  92      C54C 3667 
  92      19D7 ACCC 
  92      60E4 DC85 
  93 01e8 B3BD BDE2 		.ascii	"\263\275\275\342x)?\2306\355+V\217i\347\363v\241G\"\313\245\201"
  93      7829 3F98 
  93      36ED 2B56 
  93      8F69 E7F3 
  93      76A1 4722 
  94 01ff 5CCA 1447 		.ascii	"\\\312\024Gdn\332\205\202e\226\254\376t\261\224)Y\035\3513\266"
  94      646E DA85 
  94      8265 96AC 
  94      FE74 B194 
  94      2959 1DE9 
  95 0215 9D8B C9CE 		.ascii	"\235\213\311\316\325l\271\350\026\377\002\245\032\343\204"
  95      D56C B9E8 
  95      16FF 02A5 
  95      1AE3 84
  96               		.text
  97               		.section	.gnu.lto_.symtab.3147107057d9edb,"",@progbits
  98 0000 7573 625F 		.string	"usb_disable"
  98      6469 7361 
  98      626C 6500 
  99 000c 00        		.string	""
 100 000d 01        		.ascii	"\001"
 101 000e 00        		.string	""
 102 000f 00        		.string	""
 103 0010 00        		.string	""
 104 0011 00        		.string	""
 105 0012 00        		.string	""
 106 0013 00        		.string	""
 107 0014 00        		.string	""
 108 0015 00        		.string	""
 109 0016 00        		.string	""
 110 0017 AD00      		.string	"\255"
 111 0019 00        		.string	""
 112 001a 00        		.string	""
 113 001b 7573 625F 		.string	"usb_connected_state"
 113      636F 6E6E 
 113      6563 7465 
 113      645F 7374 
 113      6174 6500 
 114 002f 00        		.string	""
 115 0030 01        		.ascii	"\001"
 116 0031 00        		.string	""
 117 0032 00        		.string	""
 118 0033 00        		.string	""
 119 0034 00        		.string	""
 120 0035 00        		.string	""
 121 0036 00        		.string	""
 122 0037 00        		.string	""
 123 0038 00        		.string	""
 124 0039 00        		.string	""
 125 003a B600      		.string	"\266"
 126 003c 00        		.string	""
 127 003d 00        		.string	""
 128 003e 7573 625F 		.string	"usb_vbus_state"
 128      7662 7573 
 128      5F73 7461 
 128      7465 00
 129 004d 00        		.string	""
 130 004e 01        		.ascii	"\001"
 131 004f 00        		.string	""
 132 0050 00        		.string	""
 133 0051 00        		.string	""
 134 0052 00        		.string	""
 135 0053 00        		.string	""
 136 0054 00        		.string	""
 137 0055 00        		.string	""
 138 0056 00        		.string	""
 139 0057 00        		.string	""
 140 0058 B900      		.string	"\271"
 141 005a 00        		.string	""
 142 005b 00        		.string	""
 143               		.text
 144               		.section	.gnu.lto_.opts,"",@progbits
 145 0000 272D 666D 		.ascii	"'-fmath-errno' '-fsigned-zeros' '-ftrapping-math' '-fno-trap"
 145      6174 682D 
 145      6572 726E 
 145      6F27 2027 
 145      2D66 7369 
 146 003c 7627 2027 		.ascii	"v' '-fno"
 146      2D66 6E6F 
 147 0044 2D6F 7065 		.string	"-openmp' '-fno-openacc' '-mn-flash=1' '-mno-skip-bug' '-mmcu=avr5' '-gdwarf-2' '-Os' '-We
 147      6E6D 7027 
 147      2027 2D66 
 147      6E6F 2D6F 
 147      7065 6E61 
 148               		.text
 149               		.comm	__gnu_lto_v1,1,1
 150               		.comm	__gnu_lto_slim,1,1
 151               		.ident	"GCC: (GNU) 5.4.0"
DEFINED SYMBOLS
                            *ABS*:0000000000000000 usb_util.c
     /tmp/cc35DZnG.s:2      *ABS*:000000000000003e __SP_H__
     /tmp/cc35DZnG.s:3      *ABS*:000000000000003d __SP_L__
     /tmp/cc35DZnG.s:4      *ABS*:000000000000003f __SREG__
     /tmp/cc35DZnG.s:5      *ABS*:0000000000000000 __tmp_reg__
     /tmp/cc35DZnG.s:6      *ABS*:0000000000000001 __zero_reg__
                            *COM*:0000000000000001 __gnu_lto_v1
                            *COM*:0000000000000001 __gnu_lto_slim

NO UNDEFINED SYMBOLS
