   1               		.file	"process_space_cadet.c"
   2               	__SP_H__ = 0x3e
   3               	__SP_L__ = 0x3d
   4               	__SREG__ = 0x3f
   5               	__tmp_reg__ = 0
   6               	__zero_reg__ = 1
   7               		.text
   8               	.Ltext0:
   9               		.section	.gnu.lto_.profile.bf356b807f5ef8d6,"",@progbits
  10 0000 789C 6361 		.string	"x\234ca`d`e`"
  10      6064 6065 
  10      6000 
  11 000a 92DF 18CB 		.ascii	"\222\337\030\313\001\003\331\001z"
  11      0103 D901 
  11      7A
  12               		.text
  13               		.section	.gnu.lto_.icf.bf356b807f5ef8d6,"",@progbits
  14 0000 789C 6361 		.string	"x\234ca`d"
  14      6064 00
  15 0007 0129 0604 		.string	"\001)\006\004`a8=\347\340m\036\3065\177o\\gc\332\324\260\364.7\363\245\316}\317X\031"
  15      6061 383D 
  15      E7E0 6D1E 
  15      C635 7F6F 
  15      5C67 63DA 
  16 0028 AB27 0C5A 		.ascii	"\253'\fZ"
  17               		.text
  18               		.section	.gnu.lto_.jmpfuncs.bf356b807f5ef8d6,"",@progbits
  19 0000 789C 758E 		.ascii	"x\234u\216\275\016\001Q\020\205\357\231]\221l\341\th\361`^b\253"
  19      BD0E 0151 
  19      1085 EF99 
  19      5D91 6CE1 
  19      0968 F160 
  20 0017 5B21 0AEF 		.ascii	"[!\n\357\3407\376\326_B#\210DI)\nQ (hH\266$aw\\6\261;\311\344"
  20      E037 FED6 
  20      5F42 2388 
  20      4449 290A 
  20      5120 2868 
  21 0036 4EBE 7BCE 		.ascii	"N\276{\316\231\321\005\204SS~\334\"\021\202S1)\244\004\271\344"
  21      99D1 0584 
  21      5353 7EDC 
  21      2211 8253 
  21      3129 A404 
  22 004c DD64 EA6A 		.ascii	"\335d\352j\364\264\320\b\320\2444\310\304;\203L\207\341I(]\256"
  22      F4B4 D008 
  22      D0A4 34C8 
  22      C43B 834C 
  22      87E1 4928 
  23 0062 DB88 4D69 		.ascii	"\333\210MiM\340\004\324\020e<\314.\373\006c\240\376\245\213\331"
  23      4DE0 04D4 
  23      1065 3CCC 
  23      2EFB 0663 
  23      A0FE A58B 
  24 0077 26CC 3489 		.ascii	"&\3144\211\206C\377\362\006\271Y\205Xr\006\232\256\363\027\233"
  24      8643 FFF2 
  24      06B9 5985 
  24      5872 069A 
  24      AEF3 179B 
  25 008b B1AD 287F 		.ascii	"\261\255(\177&\320\362\365?\n\366Mg\311\001\260\224qu\257\216"
  25      26D0 F2F5 
  25      3F0A F64D 
  25      67C9 01B0 
  25      9471 75AF 
  26 00a0 C178 0FB4 		.ascii	"\301x\017\264\025>\216\312\013\215q\034\035\337\300\374a\236"
  26      153E 8ECA 
  26      0B8D 711C 
  26      1DDF C0FC 
  26      619E 
  27 00b2 62C5 11E8 		.ascii	"b\305\021\350z\357\t\270`\275\232\024?\253v@\217\245\274\321"
  27      7AEF 09B8 
  27      60BD 9A14 
  27      3FAB 7640 
  27      8FA5 BCD1 
  28 00c6 6F85 0A0B 		.ascii	"o\205\n\013\316Tfo\206x\001\267\330W\351"
  28      CE54 666F 
  28      8678 01B7 
  28      D857 E9
  29               		.text
  30               		.section	.gnu.lto_.inline.bf356b807f5ef8d6,"",@progbits
  31 0000 789C 85D0 		.string	"x\234\205\320\275J\003A\024\005\340sggw\307l0S\250U\300mD\237\301*O\260o X'\317 \254\220@
  31      BD4A 0341 
  31      1405 E073 
  31      6767 77C7 
  31      6C30 53A8 
  32 009d 054A A2FF 		.ascii	"\005J\242\377N\247h\263\264'\034\\b\212\002\350*\177\367u\265"
  32      4EA7 68B3 
  32      B427 1C5C 
  32      628A 02E8 
  32      2A7F F775 
  33 00b2 B552 4ABF 		.ascii	"\265RJ\277+\350\341\234h\217\3120p\272}\026\013\003\217\f\373"
  33      2BE8 E19C 
  33      688F CA30 
  33      70BA 7D16 
  33      0B03 8F0C 
  34 00c7 16EA F57E 		.ascii	"\026\352\365~\3277\360\304p`\241\327\272\373\03670`8\2640|\277"
  34      D737 F0C4 
  34      7060 A1D7 
  34      BAFB 1E37 
  34      3060 38B4 
  35 00de BF90 063E 		.ascii	"\277\220\006>\030\216,\264\227\257\236\003\003\237\f\307\026"
  35      188E 2CB4 
  35      97AF 9E03 
  35      039F 0CC7 
  35      16
  36 00ef 36BB 373B 		.ascii	"6\2737;\236\201/\206\023\006R5\323\"\331:5wHY\247\336\250\311"
  36      9E81 2F86 
  36      1306 5235 
  36      D322 D93A 
  36      3577 4859 
  37 0107 F065 21D6 		.ascii	"\360e!\326\240\2458\344>\3732\016!\326)\316J\363J\320p\223(\211"
  37      A0A5 38E4 
  37      3EFB 320E 
  37      21D6 29CE 
  37      4AF3 4AD0 
  38 011f 4C88 C59F 		.ascii	"L\210\305\237D\371T\311\2070\037T>H\033\360\013\361^k\t"
  38      44F9 54C9 
  38      8730 1F54 
  38      3E48 1BF0 
  38      0BF1 5E6B 
  39               		.text
  40               		.section	.gnu.lto_.pureconst.bf356b807f5ef8d6,"",@progbits
  41 0000 789C 6361 		.string	"x\234ca`d`e```b\220d\226\004"
  41      6064 6065 
  41      6060 6062 
  41      9064 9604 
  41      00
  42 0011 00        		.string	""
  43 0012 ED00      		.string	"\355"
  44 0014 42        		.ascii	"B"
  45               		.text
  46               		.section	.gnu.lto_perform_space_cadet.bf356b807f5ef8d6,"",@progbits
  47 0000 789C 9555 		.string	"x\234\225U]LTW\020>s\316\335{/\373/\224\037\t?\032\376%\260P\0374}\351C\223\366\241\351\0
  47      5D4C 5457 
  47      103E 73CE 
  47      DD7B 2FFB 
  47      2F94 1F09 
  48 00b9 BB59 C1CE 		.string	"\273Y\301\316\0352\354\224a\0078\315\260\223\273b\356sE\356ss\317`\026\205\257\3720\354\2
  48      1D32 EC94 
  48      6107 38CD 
  48      B093 BB62 
  48      EE73 45EE 
  49 00db F462 E8C0 		.string	"\364b\350\300\032\271Pl\252\246'\330\035N\227\333\343\205F\370\223/q\030i\235\037\340E\33
  49      1AB9 506C 
  49      AAA6 27D8 
  49      1D4E 97DB 
  49      E385 46F8 
  50 0117 20D0 E585 		.string	" \320\345\205\311\016\007\271\034\274\350\006\177\230\314\025\345\300\360\365x\357\265]zA
  50      C90E 07B9 
  50      1CBC E806 
  50      7F98 CC15 
  50      E5C0 F0F5 
  51 01b6 7E09 0594 		.string	"~\t\005\224\375s\337\362\207.\265\231Z\274\301l,|\005*-YoE\310\b\207\003\206\361\243\366p
  51      FD73 DFF2 
  51      872E B599 
  51      5ABC C16C 
  51      2C7C 052A 
  52 0295 D566 4451 		.ascii	"\325fDQ\260+)\304p\357\342\314A\31106\325)\351\r\f\334\231\325"
  52      B02B 29C4 
  52      70EF E2CC 
  52      41C9 3036 
  52      D529 E90D 
  53 02ad 1A97 8C36 		.ascii	"\032\227\2146\303\360bl\2470\357\277=9=j\267X{i\322C\370\345"
  53      C3F0 626C 
  53      A730 EFBF 
  53      3D39 3D6A 
  53      B758 7B69 
  54 02c5 19A4 C230 		.ascii	"\031\244\3020\214<\003Bg7!\020ZlI1I8V\224r\205\211.\234\202F"
  54      8C3C 0342 
  54      6737 2110 
  54      5A6C 4931 
  54      4938 5694 
  55 02e0 D4EC 66C8 		.ascii	"\324\354f\310\242\375`\362\243\034<\253p\360\354\304\306\255"
  55      A2FD 60F2 
  55      A31C 3CAB 
  55      70F0 ECC4 
  55      C6AD 
  56 02f2 C241 816F 		.ascii	"\302A\201o\220\303i\311!$98\260j\240\275e~\337S&\t\027\322B\\"
  56      90C3 69C9 
  56      2124 3938 
  56      B06A A0BD 
  56      657E DF53 
  57 030c EB2D E394 		.ascii	"\353-\343\224B\325m\260\001\276\305|\354\326\305@\235\225\203"
  57      42D5 6DB0 
  57      01BE C57C 
  57      ECD6 C540 
  57      9D95 83
  58 031f 09E3 131F 		.ascii	"\t\343\023\037\3658\315\004\rF\242\335R\330\270\212\335\n\374"
  58      F538 CD04 
  58      0D46 A2DD 
  58      52D8 B88A 
  58      DD0A FC
  59 0332 FD2C 0B88 		.ascii	"\375,\013\210\022\254%\317\220\370\375\326{\373\3366\341n<\241"
  59      12AC 25CF 
  59      90F8 FDD6 
  59      7BFB DE36 
  59      E16E 3CA1 
  60 0346 5B17 54D3 		.ascii	"[\027T\323\367@qF\300\224w\277\365\016\230A/\306\261=\ny+\365"
  60      F740 7146 
  60      C094 77BF 
  60      F50E 9841 
  60      2FC6 B13D 
  61 035e 79C3 B83A 		.ascii	"y\303\270:\f\316`c05(\326\311\313mlx\013\215\252}\361\227K\326"
  61      0CCE 6063 
  61      3035 28D6 
  61      C9CB 6D6C 
  61      780B 8DAA 
  62 0377 3225 3EC6 		.ascii	"2%>\306xF\243\3439\213\255!\305\327\"\212u\254d)T\331yM^2\227"
  62      7846 A3E3 
  62      398B AD21 
  62      C5D7 228A 
  62      75AC 6429 
  63 0392 679E 253D 		.ascii	"g\236%=F\367\317E\273?FWX\372\002\"yE\215\3040n\036\203\357\244"
  63      46F7 CF45 
  63      BB3F 4657 
  63      58FA 0222 
  63      7945 8DC4 
  64 03ac C2A4 A048 		.ascii	"\302\244\240H2'p\210\377\013hi\276\373>\247\021(X\r\306\2433"
  64      3227 7088 
  64      FF0B 6869 
  64      BEFB 3EA7 
  64      1128 580D 
  65 03c3 D0D8 AF42 		.ascii	"\320\330\257B\310\355\036z\2570\312?\305:\325\331u.\344\314\227"
  65      C8ED 1E7A 
  65      AF30 CA3F 
  65      C53A D5D9 
  65      752E E4CC 
  66 03d8 F7BF 649E 		.ascii	"\367\277d\236\246\322\234\242C>nM 5f\254\tl\236E\307Z\0327\326"
  66      A6D2 9CA2 
  66      433E 6E4D 
  66      2035 66AC 
  66      096C 9E45 
  67 03f1 731D 7B2D 		.ascii	"s\035{-@\032\036\305\316u\275\234k\2325W\213x:\306\377w\256\n"
  67      401A 1EC5 
  67      CE75 BD9C 
  67      6B9A 3557 
  67      8B78 3AC6 
  68 0409 AA9E 90AA 		.ascii	"\252\236\220\252\323#s\265G)_\3164\253`\335\224\225\2143b\030"
  68      D323 73B5 
  68      4729 5FCE 
  68      34AB 60DD 
  68      9495 8C33 
  69 041f 3B62 19FB 		.ascii	";b\031\373(=\312\370zG\273\005\310\304\243X\306Y\222qf<\343l"
  69      283D CAF8 
  69      7A47 BB05 
  69      C8C4 A358 
  69      C659 9271 
  70 0437 8CAF B989 		.ascii	"\214\257\271\211\337K\306\331\021\306N\032\301Mh\016M\215\271"
  70      DF4B C6D9 
  70      11C6 4E1A 
  70      C14D 680E 
  70      4D8D B9
  71 044a FF13 87BF 		.ascii	"\377\023\207\277\2040)q\033\t'\005\336;Pa\336\232\023\247\360"
  71      8430 2971 
  71      1B09 2705 
  71      DE3B 5061 
  71      DE9A 13A7 
  72 045f 9045 3827 		.ascii	"\220E8'F\241\213\275\013Q\205eq\n\377:\260\307\002\344\342Q\254"
  72      46A1 8BBD 
  72      0B51 8565 
  72      710A FF3A 
  72      B0C7 02E4 
  73 0476 C23C A930 		.ascii	"\302<\2510\327L\233\264\024\346c|\315\231\234\227L\363#\n\335"
  73      D74C 9BB4 
  73      14E6 637C 
  73      CD99 9C97 
  73      4CF3 230A 
  74 048b 6C7A B339 		.ascii	"lz\2639\223\211l\263Ja\334\026E\030\027\3060\366\260=OD\031\227"
  74      9389 6CB3 
  74      4A61 DC16 
  74      4518 17C6 
  74      30F6 B03D 
  75 04a3 C76D D1D5 		.ascii	"\307m\321\325\316\b\343\"<\212e\274I2.\212g\\\214\3615\031_\220"
  75      CE08 E322 
  75      3C8A 65BC 
  75      4932 2E8A 
  75      675C 8CF1 
  76 04bb 8C8B 238C 		.ascii	"\214\213#\214\275\362\177\315mh\n-='q\364Y\300\037X\f\343\bK"
  76      BDF2 7FCD 
  76      6D68 0A2D 
  76      3D27 71F4 
  76      59C0 1F58 
  77 04d3 DFDA 5EF9 		.ascii	"\337\332^\371f\303\3667|\265u5\376\352\372\372m\257U\277\343"
  77      66C3 F637 
  77      7CB5 7535 
  77      FEEA FAFA 
  77      6DAF 55BF 
  78 04e8 AFA9 AA8E 		.ascii	"\257\251\252\216\372\365\265\225\376\352m\376\312\252\352\206"
  78      FAF5 B595 
  78      FEEA 6DFE 
  78      CAAA EA86 
  79 04f8 523F 53EB 		.ascii	"R?S\353\252\3755uU\366z\177$Q{\265\346\365\252\027j\252\324\206"
  79      AAFD 3575 
  79      55F6 7A7F 
  79      2451 7BB5 
  79      E6F5 AA17 
  80 0510 CA5A 7C68 		.ascii	"\312Z|hV\370\037Y(\364\213"
  80      56F8 1F59 
  80      28F4 8B
  81               		.text
  82               		.section	.gnu.lto_process_space_cadet.bf356b807f5ef8d6,"",@progbits
  83 0000 789C 7D95 		.string	"x\234}\225\335S[E\024\300\367\334\275_\271!\224\027\3372\216\017\216\310\203M;>\371\344\3
  83      DD53 5B45 
  83      14C0 F7DC 
  83      BD5F B921 
  83      9417 DF32 
  84 00b1 0E84 0DAC 		.string	"\016\204\r\254B\343\272aZ\266\307\361\372\240\0026\265m\r\032N\325-\345\026\264\tQ%\036FZ
  84      42E3 BA61 
  84      5AB6 C7F1 
  84      FAA0 0236 
  84      B56D 0D1A 
  85 00ef 8277 D662 		.string	"\202w\326bg\274\370\250A\236|\354\233nh\327\371a`r<X\323\270\351\313o\3055\305\351\227\00
  85      67BC F8A8 
  85      419E 7CEC 
  85      9B6E 68D7 
  85      F961 6072 
  86 015e 24C6 64DE 		.string	"$\306d\336Rh"
  86      5268 00
  87 0165 D23E 0C30 		.ascii	"\322>\f0\266&\031\334\234uM\303\236/\303W\342ZK\001\256R\315"
  87      B626 19DC 
  87      9C75 4DC3 
  87      9E2F C357 
  87      E25A 4B01 
  88 017c B934 34CE 		.ascii	"\27144\316\237[1\352\341d\245\224D\267\307s\"\334\220[\211(\203"
  88      9F5B 31EA 
  88      E164 A594 
  88      44B7 C773 
  88      22DC 905B 
  89 0193 2EA8 0739 		.ascii	".\250\0079e\271\266\3763\332\026\016\367\373106,6\274.\363\245"
  89      65B9 B6FE 
  89      33DA 160E 
  89      F7FB 3130 
  89      362C 36BC 
  90 01aa 2311 E896 		.ascii	"#\021\350\226\211\013\216\211A\217\242\272[\257\bMQ\363D5\326"
  90      890B 8E89 
  90      418F A2BA 
  90      5BAF 084D 
  90      51F3 4435 
  91 01bf FE39 A4BB 		.ascii	"\3769\244\273\3247D]&\212\312\272\242\250px}\302R\324\002Q\237"
  91      D437 445D 
  91      268A CABA 
  91      A2A8 7078 
  91      7DC2 52D4 
  92 01d6 D7FC 569B 		.ascii	"\327\374V\233\353RI\242z\211\302\024"
  92      EB52 49A2 
  92      7A89 C214 
  93 01e2 E1AA A256 		.string	"\341\252\242V\352g\236\347**IT\363\351\246\r\217K\365\022\365\003Q:R}\212\332~27\240+j\22
  93      EA67 9EE7 
  93      2A2A 4954 
  93      F3E9 A60D 
  93      8F4B F512 
  94 02e3 C654 49E9 		.ascii	"\306TI\351EX\231\006S\031.f7\334L7\374\363mrMW\2128\300\257\373"
  94      4558 9906 
  94      5319 2E66 
  94      37DC 4C37 
  94      FCF3 6D72 
  95 02fe 8BB0 3315 		.ascii	"\213\2603\025\226R\264gW\214\247+zOD\317iJ\361\030`b\177\025"
  95      9652 B467 
  95      578C A72B 
  95      7A4F 44CF 
  95      694A F118 
  96 0316 9E4C 0557 		.ascii	"\236L\005W\212\316\354\212\330\236b\367\234\257~\032\353q\224"
  96      8ACE EC8A 
  96      D89E 62F7 
  96      9CAF 7E1A 
  96      EB71 94
  97 0329 0660 5285 		.ascii	"\006`R\205&\242\013\226\n\275\016S/\204N\246\220\261\307P5\260"
  97      26A2 0B96 
  97      0ABD 0E53 
  97      2F84 4EA6 
  97      90B1 C750 
  98 033f BE14 B7D4 		.ascii	"\276\024\267\324\r\345\303{#2|\213P\235n\320\255\261\361\232"
  98      0DE5 C37B 
  98      2332 7C8B 
  98      509D 6ED0 
  98      ADB1 F19A 
  99 0353 9C66 3853 		.ascii	"\234f8S\211\227b\241\274\345<\322\r\267\344o\007?mMTuZ\2017\""
  99      8997 62A1 
  99      BCE5 3CD2 
  99      0DB7 E46F 
  99      073F 6D4D 
 100 036d DC81 DBD0 		.ascii	"\334\201\333\320\f;x\267`|\246N4A\240\003\031\361\261\274\031"
 100      0C3B 78B7 
 100      607C A64E 
 100      3441 A003 
 100      19F1 B1BC 
 101 0382 611A 023B 		.ascii	"a\032\002;\032\335Ww \300\036A\370Au\013\374\217T\376\005\302"
 101      1ADD 5777 
 101      20C0 1E41 
 101      F841 750B 
 101      FC8F 54FE 
 102 0398 0C2E 4EE9 		.ascii	"\f.N\351z\331s\203\313\024\223\335\211/(\305\364\251^\330\277"
 102      7AD9 7383 
 102      CB14 93DD 
 102      892F 28C5 
 102      F4A9 5ED8 
 103 03ad 45DE 1358 		.ascii	"E\336\023X\250\f\257\306\346F\234\335\264\363p\033\346\344\377"
 103      A80C AFC6 
 103      E646 9CDD 
 103      B4F3 701B 
 103      E6E4 FF
 104 03c0 D32C 2E0C 		.ascii	"\323,.\fwe\242\351\353XRy\217\224\353\232\217n\355U\250\312\223"
 104      7765 A2E9 
 104      EB58 5279 
 104      8F94 EB9A 
 104      8F6E ED55 
 105 03d7 5B8C E9FE 		.ascii	"[\214\351\376%\267T\346\303c\323\3354\320\303\357`g\214Pg\206"
 105      25B7 54E6 
 105      C363 D3DD 
 105      34D0 C3EF 
 105      6067 8C50 
 106 03ed DFC5 CE1A 		.ascii	"\337\305\316\032\241\316\016\037\305\3163r4\375P\230\\\341>\370"
 106      A1CE 0E1F 
 106      C5CE 3372 
 106      34FD 5098 
 106      5CE1 3EF8 
 107 0401 9DC5 F952 		.ascii	"\235\305\371R\354\275\370'\001\250\221{u\360\303\343E\037\034"
 107      ECBD F827 
 107      01A8 917B 
 107      75F0 C3E3 
 107      451F 1C
 108 0414 3BFE 7EA0 		.ascii	";\376~\240\264\254$\030*//|/\364Q\260\2448\264\367\\^Z\024\f"
 108      B4AC 2418 
 108      2A2F 2F7C 
 108      2FF4 51B0 
 108      A438 B4F7 
 109 042d 1506 8B8A 		.ascii	"\025\006\213\212C\307\016\006\231\265\373\261Y\026\n\226\224"
 109      43C7 0E06 
 109      99B5 FBB1 
 109      5916 0A96 
 109      94
 110 043e 15FF 0B5B 		.ascii	"\025\377\013[N\212/"
 110      4E8A 2F
 111               		.text
 112               		.section	.gnu.lto_.symbol_nodes.bf356b807f5ef8d6,"",@progbits
 113 0000 789C 55CA 		.ascii	"x\234U\312\275\r\3020\020@\341\347\330\006\032\024\211\t\240"
 113      BD0D C230 
 113      1040 E1E7 
 113      D806 1A14 
 113      8909 A0
 114 0013 6102 F673 		.ascii	"a\002\366s\nKt\b\245`\200(\r+P#\220((\241\2172\002\341?\b\333"
 114      0A4B 7408 
 114      A560 8028 
 114      0D2B 5023 
 114      9028 28A1 
 115 002e A4C0 D77C 		.ascii	"\244\300\327|wO\247\020\264\270In\030X\036\361l\262\t\350\006"
 115      774F A710 
 115      B4B8 496E 
 115      1858 1EF1 
 115      6CB2 09E8 
 116 0043 B211 487D 		.ascii	"\262\021H}E\204%\271cD\364#\336\230$\024\367\233\215]h12\nO\214"
 116      4584 25B9 
 116      6344 F423 
 116      DE98 2414 
 116      F79B 8D5D 
 117 005d 8AC2 0BA3 		.ascii	"\212\302\013\243\243\360\300\364\376\203d\200]O%=\354\374$$}"
 117      A3F0 C0F4 
 117      FE83 6480 
 117      5D4F 253D 
 117      ECFC 2424 
 118 0072 ECA1 762A 		.ascii	"\354\241v*\312\3050\344\334\241)\363\231\217v\225z\352\363VI"
 118      CAC5 30E4 
 118      DCA1 29F3 
 118      998F 7695 
 118      7AEA F356 
 119 0087 09D5 25F5 		.ascii	"\t\325%\365\024M\240\372Q\354>\"\234\235\305\276\273\235|\001"
 119      144D A0FA 
 119      51EC 3E22 
 119      9C9D C5BE 
 119      BB9D 7C01 
 120 009b 1D4B 3E53 		.ascii	"\035K>S"
 121               		.text
 122               		.section	.gnu.lto_.refs.bf356b807f5ef8d6,"",@progbits
 123 0000 789C 6361 		.string	"x\234ca`d\020a```a`ddfdbe`\344e`\342\0072\031\205\031"
 123      6064 1061 
 123      6060 6061 
 123      6064 6466 
 123      6462 6560 
 124 001e 04DD 00   		.string	"\004\335"
 125 0021 63        		.ascii	"c"
 126               		.text
 127               		.section	.gnu.lto_.decls.bf356b807f5ef8d6,"",@progbits
 128 0000 789C 8D57 		.string	"x\234\215W]TSW\026\276\373\036BB\bD\213v\350\224\261V\351*O\200\316Z\263\332\267\371y\230
 128      5D54 5357 
 128      16BE FB1E 
 128      4242 0844 
 128      8B76 E894 
 129 0100 D711 F8CC 		.string	"\327\021\370\314\312P\2357p\334\360Z\206\030#\370\200\366\237_\230\211\340}:\33594;\b\361
 129      CA50 9D37 
 129      70DC F05A 
 129      8618 23F8 
 129      80F6 9F5F 
 130 0181 6168 71A5 		.ascii	"ahq\245\212\001\252!L\332\304\030\0257\356Re\374\036\031\351"
 130      8A01 AA21 
 130      4CDA C418 
 130      1537 EE52 
 130      65FC 1E19 
 131 0196 9404 A711 		.ascii	"\224\004\247\021^\203|\245\312fJD\007\217\252;\221h\027N\001"
 131      5E83 7CA5 
 131      CA66 4A44 
 131      078F AA3B 
 131      9168 174E 
 132 01ab 5163 41FB 		.ascii	"QcA\373Hy\344\355\273q\202\373O\302x\370H@@\222x@.\357\270\377"
 132      4879 E4ED 
 132      BB71 82FB 
 132      4FC2 78F8 
 132      4840 4092 
 133 01c5 D448 BE60 		.ascii	"\324H\276`\355k\276)\217\031\247>0\202\214\335\333\3437\312\302"
 133      ED6B BE29 
 133      8F19 A73E 
 133      3082 8CDD 
 133      DBE3 37CA 
 134 01da B1BB C408 		.ascii	"\261\273\304\b\2130(M\365-\307\b\304\031\031\245\247\320\250"
 134      8B30 284D 
 134      F52D C708 
 134      C419 19A5 
 134      A7D0 A8
 135 01ed C850 8F5B 		.ascii	"\310P\217[\255\325\266\232D\267\312b\326\251(F\214\331y\024|"
 135      ADD5 B69A 
 135      44B7 CA62 
 135      D6A9 2846 
 135      8CD9 7914 
 136 0202 0E05 431D 		.ascii	"\016\005C\035\356!ID\355,\016\236\241\203\365"
 136      EE21 4944 
 136      ED2C 0E9E 
 136      A183 F5
 137 0211 2C26 DBBA 		.string	",&\333\272\367m\r\273\017=\200\311(\216\023@\375\002\332d]\240M\332\221\331\247\030\341\b
 137      F76D 0DBB 
 137      0F3D 80C9 
 137      288E 1340 
 137      FD02 DA64 
 138 0312 12E9 FA55 		.string	"\022\351\372U1*\330\363v\221\n\274\026\fL\360\003y\216\316\330\024,+\004H\"CE\320G^v\2373
 138      312A D8F3 
 138      7691 0ABC 
 138      160C 4CF0 
 138      0379 8ECE 
 139 03a0 59BA 9422 		.ascii	"Y\272\224\"i\342\334\234\353\264\031\346Du\267\235F\365\326\274"
 139      69E2 DC9C 
 139      EBB4 19E6 
 139      4475 B79D 
 139      46F5 D6BC 
 140 03b4 A876 BD98 		.ascii	"\250v\275\230\0326\222\275<\252\355\307.\272\303!.\212/)\213"
 140      1A36 92BD 
 140      3CAA EDC7 
 140      2EBA C321 
 140      2E8A 2F29 
 141 03c9 C018 DD43 		.ascii	"\300\030\335C\257w\265\030\335b1zo \240\013\367\377\277b\201"
 141      AF77 B518 
 141      DD62 317A 
 141      6F20 A00B 
 141      F7FF BF62 
 142 03de 6C03 EF4E 		.ascii	"l\003\357N5D\362|\r\305\356\305\272\306\026\035\317\354D\354"
 142      3544 F27C 
 142      0DC5 EEC5 
 142      BAC6 161D 
 142      CFEC 44EC 
 143 03f2 B69F 68EB 		.ascii	"\266\237h\353\321\221\303L\013xsk\366\023>\027\022\220\351Kx"
 143      D191 C34C 
 143      0B78 736B 
 143      F613 3E17 
 143      1290 E94B 
 144 0407 A6B7 B87D 		.ascii	"\246\267\270}U\021\244\022\202n\300%\374\006\354\337\342n5\222"
 144      5511 A412 
 144      826E C025 
 144      FC06 ECDF 
 144      E26E 3592 
 145 041b 337C AEB0 		.ascii	"3|\256\260\355R\036!\215\274s\341u\321\250\216\264\360N\366\257"
 145      ED52 1E21 
 145      8DBC 73E1 
 145      75D1 A88E 
 145      B4F0 4EF6 
 146 0430 1BBD 32B9 		.ascii	"\033\2752\271\315:\244\252\270\177*\024\214x\251\343\037\177"
 146      CD3A A4AA 
 146      B87F 2A14 
 146      8C78 A9E3 
 146      1F7F 
 147 0442 8128 CAA7 		.ascii	"\201(\312\247\376\353\\\202\307\200\327$<\301\351\001v\227\033"
 147      FEEB 5C82 
 147      C780 D724 
 147      3CC1 E901 
 147      7697 1B
 148 0455 D808 BBD3 		.ascii	"\330\b\273\323\307\tk\317\312\206\332\357[\013\001bcY\266\304"
 148      C709 6BCF 
 148      CA86 DAEF 
 148      5B0B 0162 
 148      6359 B6C4 
 149 0469 F222 99D8 		.ascii	"\362\"\231\330\036\217E\262k\031;\321G\030\311!\f\321j5\365\331"
 149      1E8F 45B2 
 149      6B19 3BD1 
 149      4718 C921 
 149      0CD1 6A35 
 150 047f E808 0669 		.ascii	"\350\b\006i\265v\254\215\213\005\372\301\202\350\373\364x\371"
 150      B576 AC8D 
 150      8B05 FAC1 
 150      82E8 FBF4 
 150      78F9 
 151 0491 3178 C431 		.ascii	"1x\3041\250B\207\304\t\214\342\t<C\350 \3320\332S\264\347\201"
 151      A842 87C4 
 151      098C E209 
 151      3C43 E820 
 151      DA30 DA53 
 152 04a8 E5EB 6950 		.ascii	"\345\353iPy\036.\310\323\0131\376$\366\346\311\312AB\337\214"
 152      791E 2EC8 
 152      D30B 31FE 
 152      24F6 E6C9 
 152      CA41 42DF 
 153 04bd 0C3C AF7A 		.ascii	"\f<\257z\271\323\272\254\\\245\300\314\034\364-\3506 /\317\261"
 153      B9D3 BAAC 
 153      5CA5 C0CC 
 153      1CF4 2DE8 
 153      3620 2FCF 
 154 04d2 BC1C 0ACE 		.ascii	"\274\034\n\316K\356\252\211\273\302\330B\277p\365\023\370}\321"
 154      4BEE AA89 
 154      BBC2 D842 
 154      BF70 F513 
 154      F87D D1
 155 04e5 9B84 FAFA 		.ascii	"\233\204\372\372\211I\304\363,\252\365\216\230\311$\317\344}"
 155      8949 C4F3 
 155      2CAA F58E 
 155      98C9 24CF 
 155      E47D 
 156 04f7 1D23 ED11 		.ascii	"\035#\355\021\352\375\020\034\"x\211\221\371\177\242\304\005"
 156      EAFD 101C 
 156      2278 8991 
 156      F97F A2C4 
 156      05
 157 0508 7A69 15BC 		.ascii	"zi\025\274@\370\230V\005C\342\246\bq\037\357{\033\252]\240jI"
 157      40F8 9856 
 157      0543 E2A6 
 157      0871 1FEF 
 157      7B1B AA5D 
 158 051f FC88 32BB 		.ascii	"\374\2102\273Y\005\216\013\236W\3103\211\276'\202\356\205\336"
 158      5905 8E0B 
 158      9E57 C833 
 158      89BE 2782 
 158      EE85 DE
 159 0532 B45C 762F 		.ascii	"\264\\v/P\367=\350~\\\213kSP\261#\266\247\002600\255\310+\002"
 159      50F7 3DE8 
 159      7E5C 8B6B 
 159      5350 B123 
 159      B6A7 0236 
 160 054c ECAF BDB9 		.ascii	"\354\257\275\271\227h7\013\353\370\274r/y\272\363\224\211L\363"
 160      9768 370B 
 160      EBF8 BC72 
 160      2F79 BAF3 
 160      9489 4CF3 
 161 0560 204D 5EEF 		.ascii	" M^\357\336hV\2034W;\374\214\222\027\222\317I&hh\336 \344\265"
 161      DE68 5683 
 161      3457 3BFC 
 161      8C92 1792 
 161      CF49 2668 
 162 0579 169A 71F5 		.ascii	"\026\232q\365\022mj\251\036\001S\201\377w\005\003jo\226)0\tI"
 162      126D 6AA9 
 162      1E01 5381 
 162      FF77 0503 
 162      6A6F 9629 
 163 0590 0FB3 4B6B 		.ascii	"\017\263Kk\201\275\002q\f.\363W\340\366\341\233\203$\272\230"
 163      81BD 0271 
 163      0C2E F357 
 163      E0F6 E19B 
 163      8324 BA98 
 164 05a4 9F9E B21C 		.ascii	"\237\236\262\034`\315\207\376\f\237\201h\374\234F [\377C\353"
 164      60CD 87FE 
 164      0C9F 8168 
 164      FC9C 4620 
 164      5BFF 43EB 
 165 05b8 9372 D30A 		.ascii	"\223r\323\n\267\322W\243\364\355\275\275\246\037)spY\b\305A\203"
 165      B7D2 57A3 
 165      F4ED BDBD 
 165      A61F 2973 
 165      7059 08C5 
 166 05ce A6AC 81FD 		.ascii	"\246\254\201\375\312\202\013X<\022\274\205\025\270\364zq\317"
 166      CA82 0B58 
 166      3C12 BC85 
 166      15B8 F47A 
 166      71CF 
 167 05e0 B491 9C95 		.ascii	"\264\221\234\225\331}p\361J\355L\250_\007\177\221O\\\362\024"
 167      D97D 70F1 
 167      4AED 4CA8 
 167      5F07 7F91 
 167      4F5C F214 
 168 05f4 18FC AFE7 		.ascii	"\030\374\257\347_\270\266K\217\317\334\t\322F\323Z\025\367+\023"
 168      5FB8 B64B 
 168      8FCF DC09 
 168      D246 D35A 
 168      15F7 2B13 
 169 0608 37AB 8AEB 		.ascii	"7\253\212\353\252:=\021\216\342\3345\370\343\253]Vjp\321\037"
 169      AA3A 3D11 
 169      8EE2 DC35 
 169      F8E3 AB5D 
 169      566A 70D1 
 170 061d 2908 DE69 		.ascii	")\b\336i\312\336\005*\3631e\223\025\207\312M\244U^\360'\306\215"
 170      CADE 052A 
 170      F331 6593 
 170      1587 CA4D 
 170      A455 5EF0 
 171 0634 DB57 7785 		.ascii	"\333Ww\205/\020\240l\231j\330 \013\rG\036)e\0214@\370sw\374f"
 171      2F10 A06C 
 171      996A D820 
 171      0B0D 471E 
 171      2965 1134 
 172 064e AA57 7147 		.ascii	"\252WqGS\b(\262_\0016\371\317\234\034\231\262\347\364\034\231"
 172      5308 28B2 
 172      5F01 36F9 
 172      CF9C 1C99 
 172      B2E7 F41C 
 173 0663 3191 6ECE 		.ascii	"1\221n\316\3361tv,\204/\367\354o\225=\211lq\256\2668W]\234\307"
 173      DE31 7476 
 173      2C84 2FF7 
 173      EC6F 953D 
 173      896C 71AE 
 174 067d 16FF BCF3 		.ascii	"\026\377\274\363\374H(\351\343\213+\036\345W\202X\\\343_\274"
 174      FC48 28E9 
 174      E38B 2B1E 
 174      E557 8258 
 174      5CE3 5FBC 
 175 0691 515B BC51 		.ascii	"Q[\274Q]\274\211-\256\333\3244\026J^\360\305\r9\207\006\215\376"
 175      5DBC 892D 
 175      AEDB D434 
 175      164A 5EF0 
 175      C50D 3987 
 176 06a8 E8F3 7D3F 		.ascii	"\350\363}?/>P\016\201\373\246S\352\306\013\330\306\363\325\215"
 176      2F3E 500E 
 176      81FB A653 
 176      EAC6 0BD8 
 176      C6F3 D58D 
 177 06bc D734 1FCA 		.ascii	"\3274\037\312\327\213\215\317\354\371\274\264@\311%\024\003\233"
 177      D78B 8DCF 
 177      ECF9 BCB4 
 177      40C9 2514 
 177      039B 
 178 06ce 35FE CD2A 		.ascii	"5\376\315*\377\026\306\177\370Q\321\3060\262\2330\376\242\312"
 178      FF16 C67F 
 178      F851 D1C6 
 178      30B2 9B30 
 178      FEA2 CA
 179 06e1 C176 F342 		.ascii	"\301v\363B\\\333\030\327ZA\265\247\271\340\234I\354\263d)\322"
 179      5CDB 18D7 
 179      5A41 B5A7 
 179      B9E0 9C49 
 179      ECB3 6429 
 180 06f6 E034 6CD5 		.ascii	"\3404l\325h\266\2524\333\031\315\235\376\301\023\364\215E\317"
 180      68B6 AA34 
 180      DB19 CD9D 
 180      FEC1 13F4 
 180      8D45 CF
 181 0709 932E 7FD5 		.ascii	"\223.\177\325~t\267\216\2709\355\343-^o\344g\207\024\345 M\350"
 181      7E74 B78E 
 181      B839 EDE3 
 181      2D5E 6FE4 
 181      6787 14E5 
 182 0720 A41D 791B 		.ascii	"\244\035y\033\224D\206,\344\376\374\022h\377;\031Ku\207\374\031"
 182      9444 862C 
 182      E4FE FC12 
 182      68FF 3B19 
 182      4B75 87FC 
 183 0735 FDC5 E7DE 		.ascii	"\375\305\347\336\260\233\276M\353\205\323\252\361g7\364\244\222"
 183      B09B BE4D 
 183      EB85 D3AA 
 183      F167 37F4 
 183      A492 
 184 0747 3B2D 1EE8 		.ascii	";-\036\350\233\b\347N=\235-2z\244\260\235\302\243V\227t\244\210"
 184      9B08 E74E 
 184      3D9D 2D32 
 184      7AA4 B09D 
 184      C2A3 5697 
 185 075e FADC C57C 		.ascii	"\372\334\305|v\335}\331L\002\253\230\352\320\320\273eV\305\364"
 185      76DD 7DD9 
 185      4C02 AB98 
 185      EAD0 D0BB 
 185      6556 C5F4 
 186 0772 9BFE EBF1 		.ascii	"\233\376\353\361x\312g\016\004\323 h\340b\001.f\340\201\227\007"
 186      78CA 670E 
 186      04D3 2068 
 186      E062 012E 
 186      66E0 8197 
 187 0787 DA83 C0F5 		.ascii	"\332\203\300\365A\236\367\b\360\036\006\236\236\036\355\210\f"
 187      419E F708 
 187      F01E 069E 
 187      9E1E ED88 
 187      0C
 188 0798 0467 0779 		.ascii	"\004g\007y.\021\340\022\006\356\310\353m\016\002\027\004\201"
 188      2E11 E012 
 188      06EE C8EB 
 188      6D0E 0217 
 188      0481 
 189 07aa F70A F05E 		.ascii	"\367\n\360^\006.:]\224\037\004\246\267\206\006.\025\340R\006"
 189      062E 3A5D 
 189      941F 04A6 
 189      B786 062E 
 189      15E0 5206 
 190 07be 1E7D 5A73 		.ascii	"\036}Zs9te\005K\210\331v\223Ri\300\262c"
 190      3974 6505 
 190      4B88 D976 
 190      9352 69C0 
 190      B263 
 191 07d0 25CB 0F77 		.ascii	"%\313\017w\237\274\222\376\267\332u\247\r\004j\227\261@\016\306"
 191      9FBC 92FE 
 191      B7DA 75A7 
 191      0D04 6A97 
 191      B140 0EC6 
 192 07e4 EC67 985B 		.ascii	"\354g\230[\367\246\317\206\013\314\376y\2302\206\371\361a\316"
 192      F7A6 CF86 
 192      0BCC FE79 
 192      9832 86F9 
 192      F161 CE
 193 07f7 9B10 8179 		.ascii	"\233\020\201y=\017s\200a\232+\013Z#\005\246v\036\246\234a\316"
 193      3D0F 7380 
 193      619A 2B0B 
 193      5A23 05A6 
 193      761E A69C 
 194 080d 576F 2DD4 		.ascii	"Wo-\324\013L\343<\214\233aN=\250\274\253\352\271;\017S\301\271"
 194      0B4C E33C 
 194      8C9B 614E 
 194      3DA8 BCAB 
 194      EAB9 3B0F 
 195 0824 DA5A 4F12 		.ascii	"\332ZO\022\201y0\017sP^)\031\376\372\267\257\226\377\345\313"
 195      8179 300F 
 195      7350 5E29 
 195      19FE FAB7 
 195      AF96 FFE5 
 196 0839 2F25 7D56 		.ascii	"/%}VJ\272\353\013\213kYBV\2463!5emB\362zgBJ\27255\313fO\310t"
 196      4ABA EB0B 
 196      8B6B 5942 
 196      56A6 3321 
 196      3565 6D42 
 197 085a D970 3AFE 		.ascii	"\331p:\376_\222\316\362g\207#\325@\301\253\376`qEe\330\235\377"
 197      5F92 CEF2 
 197      6787 23D5 
 197      40C1 ABFE 
 197      6071 4565 
 198 0871 7438 D32C 		.ascii	"t8\323,\231\031\311V\273\305\232l\263\273t\366\365\366t\227>"
 198      9919 C956 
 198      BBC5 9A6C 
 198      B3BB 74F6 
 198      F5F6 7497 
 199 0886 C369 CFCC 		.ascii	"\303i\317\314\264\333\310:\373\267\304\352H%N\3077\037\273\322"
 199      B4DB C83A 
 199      FBB7 C4EA 
 199      4825 4EC7 
 199      371F BBD2 
 200 089a D659 AC0E 		.ascii	"\326Y\254\016\247=\301\352HKs\244'\340\334ZG\262\323\206\216"
 200      A73D C1EA 
 200      484B 73A4 
 200      27E0 DC5A 
 200      47B2 D386 
 201 08af 0DD8 CE70 		.ascii	"\r\330\316pdZ\\!\256\2244\273\021{\314\215\305E\\\311\031a\350"
 201      645A 5C21 
 201      AE94 34BB 
 201      117B CC8D 
 201      C545 5CC9 
 202 08c6 CBEE 5C6F 		.ascii	"\313\356\\o\267%\372[\253\374\255\325\341(\306\356tfe\270\354"
 202      B725 FA5B 
 202      ABFC ADD5 
 202      E128 C6EE 
 202      7466 65B8 
 203 08db 369D D591 		.ascii	"6\235\325\221\225\356\372h.Q\262\325\225\342H\247\372\321\233"
 203      95EE FA68 
 203      2E51 B2D5 
 203      95E2 48A7 
 203      FAD1 9B
 204 08ee C515 8EEE 		.ascii	"\305\025\216\356\235v\004\330,\256\370\177g%\247\273\262\322"
 204      9D76 04D8 
 204      2CAE F87F 
 204      6725 A7BB 
 204      B2D2 
 205 0900 1232 9C0E 		.ascii	"\0222\234\016+J\266\340\234\325\201{V\373\001[\213\267JQ\357"
 205      2B4A B6E0 
 205      9CD5 817B 
 205      56FB 015B 
 205      8BB7 4A51 
 206 0915 1936 67A5 		.ascii	"\0316g\245;\355_\247d\242\nK\232\303\226i\240$\324GD\320p\004"
 206      3BED 5FA7 
 206      64A2 0A4B 
 206      9AC3 9669 
 206      A024 D447 
 207 092d DD99 D362 		.ascii	"\335\231\323bOM\316\300\300D\317\325\310fQ\242\221\303\234\366"
 207      4F4D CEC0 
 207      C044 CFD5 
 207      C866 51A2 
 207      91C3 9CF6 
 208 0941 649B 3ED3 		.ascii	"d\233>\323jIM\316t\031\360\233\215\376\027p\227 \271"
 208      6A49 4DCE 
 208      7419 F09B 
 208      8DFE 1770 
 208      9720 B9
 209               		.text
 210               		.section	.gnu.lto_.symtab.bf356b807f5ef8d6,"",@progbits
 211 0000 7065 7266 		.string	"perform_space_cadet"
 211      6F72 6D5F 
 211      7370 6163 
 211      655F 6361 
 211      6465 7400 
 212 0014 00        		.string	""
 213 0015 00        		.string	""
 214 0016 00        		.string	""
 215 0017 00        		.string	""
 216 0018 00        		.string	""
 217 0019 00        		.string	""
 218 001a 00        		.string	""
 219 001b 00        		.string	""
 220 001c 00        		.string	""
 221 001d 00        		.string	""
 222 001e 00        		.string	""
 223 001f FA00      		.string	"\372"
 224 0021 00        		.string	""
 225 0022 00        		.string	""
 226 0023 7072 6F63 		.string	"process_space_cadet"
 226      6573 735F 
 226      7370 6163 
 226      655F 6361 
 226      6465 7400 
 227 0037 00        		.string	""
 228 0038 00        		.string	""
 229 0039 00        		.string	""
 230 003a 00        		.string	""
 231 003b 00        		.string	""
 232 003c 00        		.string	""
 233 003d 00        		.string	""
 234 003e 00        		.string	""
 235 003f 00        		.string	""
 236 0040 00        		.string	""
 237 0041 00        		.string	""
 238 0042 FF00      		.string	"\377"
 239 0044 00        		.string	""
 240 0045 00        		.string	""
 241 0046 756E 7265 		.string	"unregister_mods"
 241      6769 7374 
 241      6572 5F6D 
 241      6F64 7300 
 242 0056 00        		.string	""
 243 0057 02        		.ascii	"\002"
 244 0058 00        		.string	""
 245 0059 00        		.string	""
 246 005a 00        		.string	""
 247 005b 00        		.string	""
 248 005c 00        		.string	""
 249 005d 00        		.string	""
 250 005e 00        		.string	""
 251 005f 00        		.string	""
 252 0060 00        		.string	""
 253 0061 0301 00   		.string	"\003\001"
 254 0064 00        		.string	""
 255 0065 7461 705F 		.string	"tap_code"
 255      636F 6465 
 255      00
 256 006e 00        		.string	""
 257 006f 02        		.ascii	"\002"
 258 0070 00        		.string	""
 259 0071 00        		.string	""
 260 0072 00        		.string	""
 261 0073 00        		.string	""
 262 0074 00        		.string	""
 263 0075 00        		.string	""
 264 0076 00        		.string	""
 265 0077 00        		.string	""
 266 0078 00        		.string	""
 267 0079 0501 00   		.string	"\005\001"
 268 007c 00        		.string	""
 269 007d 7265 6769 		.string	"register_mods"
 269      7374 6572 
 269      5F6D 6F64 
 269      7300 
 270 008b 00        		.string	""
 271 008c 02        		.ascii	"\002"
 272 008d 00        		.string	""
 273 008e 00        		.string	""
 274 008f 00        		.string	""
 275 0090 00        		.string	""
 276 0091 00        		.string	""
 277 0092 00        		.string	""
 278 0093 00        		.string	""
 279 0094 00        		.string	""
 280 0095 00        		.string	""
 281 0096 0701 00   		.string	"\007\001"
 282 0099 00        		.string	""
 283 009a 7469 6D65 		.string	"timer_elapsed"
 283      725F 656C 
 283      6170 7365 
 283      6400 
 284 00a8 00        		.string	""
 285 00a9 02        		.ascii	"\002"
 286 00aa 00        		.string	""
 287 00ab 00        		.string	""
 288 00ac 00        		.string	""
 289 00ad 00        		.string	""
 290 00ae 00        		.string	""
 291 00af 00        		.string	""
 292 00b0 00        		.string	""
 293 00b1 00        		.string	""
 294 00b2 00        		.string	""
 295 00b3 0B01 00   		.string	"\013\001"
 296 00b6 00        		.string	""
 297 00b7 7469 6D65 		.string	"timer_read"
 297      725F 7265 
 297      6164 00
 298 00c2 00        		.string	""
 299 00c3 02        		.ascii	"\002"
 300 00c4 00        		.string	""
 301 00c5 00        		.string	""
 302 00c6 00        		.string	""
 303 00c7 00        		.string	""
 304 00c8 00        		.string	""
 305 00c9 00        		.string	""
 306 00ca 00        		.string	""
 307 00cb 00        		.string	""
 308 00cc 00        		.string	""
 309 00cd 0E01 00   		.string	"\016\001"
 310 00d0 00        		.string	""
 311               		.text
 312               		.section	.gnu.lto_.opts,"",@progbits
 313 0000 272D 666D 		.ascii	"'-fmath-errno' '-fsigned-zeros' '-ftrapping-math' '-fno-trap"
 313      6174 682D 
 313      6572 726E 
 313      6F27 2027 
 313      2D66 7369 
 314 003c 7627 2027 		.ascii	"v' '-fno"
 314      2D66 6E6F 
 315 0044 2D6F 7065 		.string	"-openmp' '-fno-openacc' '-mn-flash=1' '-mno-skip-bug' '-mmcu=avr5' '-gdwarf-2' '-Os' '-We
 315      6E6D 7027 
 315      2027 2D66 
 315      6E6F 2D6F 
 315      7065 6E61 
 316               		.text
 317               		.comm	__gnu_lto_v1,1,1
 318               		.comm	__gnu_lto_slim,1,1
 319               		.ident	"GCC: (GNU) 5.4.0"
DEFINED SYMBOLS
                            *ABS*:0000000000000000 process_space_cadet.c
     /tmp/ccVXQO3P.s:2      *ABS*:000000000000003e __SP_H__
     /tmp/ccVXQO3P.s:3      *ABS*:000000000000003d __SP_L__
     /tmp/ccVXQO3P.s:4      *ABS*:000000000000003f __SREG__
     /tmp/ccVXQO3P.s:5      *ABS*:0000000000000000 __tmp_reg__
     /tmp/ccVXQO3P.s:6      *ABS*:0000000000000001 __zero_reg__
                            *COM*:0000000000000001 __gnu_lto_v1
                            *COM*:0000000000000001 __gnu_lto_slim

NO UNDEFINED SYMBOLS
