   1               		.file	"process_grave_esc.c"
   2               	__SP_H__ = 0x3e
   3               	__SP_L__ = 0x3d
   4               	__SREG__ = 0x3f
   5               	__tmp_reg__ = 0
   6               	__zero_reg__ = 1
   7               		.text
   8               	.Ltext0:
   9               		.section	.gnu.lto_.profile.31e8b44c63f21a32,"",@progbits
  10 0000 789C 6361 		.string	"x\234ca`d`a`"
  10      6064 6061 
  10      6000 
  11 000a 9276 9200 		.string	"\222v\222"
  12 000e 00        		.string	""
  13 000f FF00      		.string	"\377"
  14 0011 62        		.ascii	"b"
  15               		.text
  16               		.section	.gnu.lto_.icf.31e8b44c63f21a32,"",@progbits
  17 0000 789C 6361 		.string	"x\234ca`d"
  17      6064 00
  18 0007 013E 0604 		.string	"\001>\006\004`b\370\272\367z\037?\343\232\2777\256\2631"
  18      6062 F8BA 
  18      F77A 1F3F 
  18      E39A BF37 
  18      AEB3 3100 
  19 001b 00        		.string	""
  20 001c 32BA 069B 		.ascii	"2\272\006\233"
  21               		.text
  22               		.section	.gnu.lto_.jmpfuncs.31e8b44c63f21a32,"",@progbits
  23 0000 789C 6361 		.string	"x\234ca`d"
  23      6064 00
  24 0007 0149 0604 		.string	"\001I\006\004`d`bdd\256\257g`\201\360Y`\022"
  24      6064 6062 
  24      6464 AEAF 
  24      6760 81F0 
  24      5960 1200 
  25 001b 1816 012D 		.ascii	"\030\026\001-"
  26               		.text
  27               		.section	.gnu.lto_.inline.31e8b44c63f21a32,"",@progbits
  28 0000 789C 6361 		.string	"x\234ca`d"
  28      6064 00
  29 0007 812C 0604 		.string	"\201,\006\004"
  29      00
  30 000c 8A48 F330 		.string	"\212H\363023\bd\375eb\234\274\373\320+\216/L\255\314\f\214\323v02.g\224a`\020\310\206\322
  30      3233 0864 
  30      FD65 629C 
  30      BCFB D02B 
  30      8E2F 4CAD 
  31 0061 4F00      		.string	"O"
  32 0063 1148      		.ascii	"\021H"
  33               		.text
  34               		.section	.gnu.lto_.pureconst.31e8b44c63f21a32,"",@progbits
  35 0000 789C 6361 		.string	"x\234ca`d`f`"
  35      6064 6066 
  35      6000 
  36 000a 9292 00   		.string	"\222\222"
  37 000d 00        		.string	""
  38 000e 7100      		.string	"q"
  39 0010 23        		.ascii	"#"
  40               		.text
  41               		.section	.gnu.lto_process_grave_esc.31e8b44c63f21a32,"",@progbits
  42 0000 789C 9554 		.string	"x\234\225TML\\U\024\276\347\3367\357\275y\363\253\244\273\251\351BBH\264cb\214\2111\325\3
  42      4D4C 5C55 
  42      14BE E7DE 
  42      37EF BD79 
  42      F3AB A4BB 
  43 00b3 4DA4 09AC 		.string	"M\244\t\254\216\013\315\245\033\246\333\362@\035\334\343\2178\264\266\265\314\371K\217K\2
  43      8E0B CDA5 
  43      1BA6 DBF2 
  43      401D DCE3 
  43      8F38 B4B6 
  44 00ef 20E0 ECF2 		.string	" \340\354\362\3241\017-9\004q9p\275\365\224&\302\300p>\324\224\276\347+\351\"\237\262u\22
  44      D431 0F2D 
  44      3904 7139 
  44      70BD F594 
  44      26C2 C070 
  45 0195 D807 C5BD 		.string	"\330\007\305\275\357de.\227\222\331\271W\307;\337\334\005\310U\3474\b\034\230\016\224\257
  45      EF64 652E 
  45      9792 D9B9 
  45      57C7 3BDF 
  45      DC05 C855 
  46 01bf 0723 48B3 		.string	"\007#H\263\"\2321\266\214)\221t+\234\323\277\370\031\032n\246\356\\\002\3122%tRoht\321$\0
  46      229A 31B6 
  46      8C29 9174 
  46      2B9C D3BF 
  46      F819 1A6E 
  47 0238 F511 C842 		.string	"\365\021\310BP\362|f\370\025\007\344ED\332\036\2356\b\241\251R\337\037\237h\362v\302\261z
  47      50F2 7C66 
  47      F815 07E4 
  47      4544 DA1E 
  47      9D36 08A1 
  48 02b1 4C23 0D64 		.ascii	"L#\rd\262\325\233Oe\360x\t}\315\302\241\2708\365\303e+\237X\220"
  48      B2D5 9B4F 
  48      65F0 7809 
  48      7DCD C2A1 
  48      B838 F5C3 
  49 02ca 225F C4EB 		.ascii	"\"_\304\353"
  50 02ce 374C B161 		.string	"7L\261a\004S\301P\016\315\265? _Q\025\210\276e\356b\253B\254p\235\b\316C2H\016;&;\032\275
  50      0453 C150 
  50      0ECD B53F 
  50      205F 5115 
  50      88BE 65EE 
  51 03cf 32CE 8BC1 		.ascii	"2\316\213\301\251\374F\317\303\004\025\334\244\202[\033\017P"
  51      A9FC 46CF 
  51      C304 15DC 
  51      A482 5B1B 
  51      0F50 
  52 03e1 EB98 9758 		.ascii	"\353\230\227X\027\272{*\307\211\363\254z`\236V\227\320\243\236"
  52      17BA 7B2A 
  52      C789 F3AC 
  52      7A60 9E56 
  52      97D0 A39E 
  53 03f5 B945 2A5E 		.ascii	"\271E*^J\220\032\253 \250\302Vw\346S\322\273\277q*c9w\027\340"
  53      4A90 1AAB 
  53      20A8 C256 
  53      77E6 53D2 
  53      BBBF 712A 
  54 040e 0684 F852 		.ascii	"\006\204\370R\346\020V\036\b\206\317\301s\207\023\345U\265\211"
  54      E610 561E 
  54      0886 CFC1 
  54      7387 13E5 
  54      55B5 89
  55 0421 58F8 5075 		.ascii	"X\370Pu<\022\255\251);\030\375(\022\257\210n\256\337\257.\377"
  55      3C12 ADA9 
  55      293B 18FD 
  55      2812 AF88 
  55      6EAE DFAF 
  56 0437 305A 16AD 		.ascii	"0Z\026\255\211\354\2150#\177\250WG#\361\352\n-\026\257\2501j"
  56      89EC 8D30 
  56      237F A857 
  56      4723 F1EA 
  56      0A2D 16AF 
  57 044e 0E54 BE57 		.ascii	"\016T\276W\033\255\020x\366Lm\354`\031\236D\303\221x,\026\257"
  57      1BAD 1078 
  57      F64C 6DEC 
  57      6019 9E44 
  57      C391 782C 
  58 0464 0A97 476A 		.ascii	"\n\227Gj+\343Ue\211\332\312\017\366\036`\377\002v\231o\264"
  58      2BE3 5565 
  58      89DA CA0F 
  58      F61E 60FF 
  58      0276 996F 
  59               		.text
  60               		.section	.gnu.lto_.symbol_nodes.31e8b44c63f21a32,"",@progbits
  61 0000 789C 558A 		.ascii	"x\234U\212;\016\2030\020\005gY\233\003PS\220\223\256\213\024"
  61      3B0E 8330 
  61      1005 6759 
  61      9B03 5053 
  61      9093 AE8B 
  62 0015 941C 8253 		.ascii	"\224\034\202SD)\221\\X\312-r\204|i\262N\205_3\322\274\t\b3\276"
  62      4429 915C 
  62      58CA 2D72 
  62      847C 69B2 
  62      4E85 5F33 
  63 002f EE89 C172 		.ascii	"\356\211\301r\243\342\222N\020\037\220\006\320\370A&O\344\215"
  63      A3E2 924E 
  63      101F 9006 
  63      D0F8 4126 
  63      4FE4 8D
  64 0042 C93F F123 		.ascii	"\311?\361#\271\221\035\353\032\361\305\264\021/,\034\205\322"
  64      B991 1DEB 
  64      1AF1 C5B4 
  64      112F 2C1C 
  64      85D2 
  65 0054 B35D 4725 		.ascii	"\263]G%\262\345\273(\201s\251T\326\222\225\037\211\205 j"
  65      B2E5 BB28 
  65      8173 A954 
  65      D692 951F 
  65      8985 206A 
  66               		.text
  67               		.section	.gnu.lto_.refs.31e8b44c63f21a32,"",@progbits
  68 0000 789C 6361 		.string	"x\234ca`d\340g```a`d\344d`\342e`\344g`\022f"
  68      6064 E067 
  68      6060 6061 
  68      6064 E464 
  68      60E2 6560 
  69 001a 00        		.string	""
  70 001b 0354 00   		.string	"\003T"
  71 001e 58        		.ascii	"X"
  72               		.text
  73               		.section	.gnu.lto_.decls.31e8b44c63f21a32,"",@progbits
  74 0000 789C 8D58 		.string	"x\234\215XmP\224\327\025~\317\275\273\354\262|E\301\324N\211\265\0312\241\235\214`\322\24
  74      6D50 94D7 
  74      157E CFBD 
  74      BBEC B27C 
  74      45C1 D44E 
  75 0045 2A48 40BE 		.ascii	"*H@\276eU\304(!\001M\264h0(F!\022\202\321\210\240\204\236s\357"
  75      6555 C428 
  75      2101 4DB4 
  75      6830 2846 
  75      2112 82D1 
  76 005f 7DF7 DD5D 		.ascii	"}\367\335]\244\351\216\227}\357\275\317=\347\271\347<\367\334"
  76      A4E9 8E97 
  76      7DEF BDCF 
  76      3DE7 B9E7 
  76      3CF7 DC
  77 0072 77B5 68A0 		.ascii	"w\265h\240\321\247$V\323V2M\373\002\237\347\360\203\217\332\253"
  77      D1A7 2456 
  77      D356 324D 
  77      FB02 9FE7 
  77      F083 8FDA 
  78 0087 D868 F688 		.ascii	"\330h\366\210&?VlS\330f\260\375\n'\236\303\226\204\215\260+\361"
  78      263F 566C 
  78      53D8 66B0 
  78      FD0A 279E 
  78      C396 848D 
  79 009e FB05 D082 		.ascii	"\373\005\320\202>\204E\263Z\013\266\305\330\342\224\255\273\330"
  79      3E84 45B3 
  79      5A0B B6C5 
  79      D8E2 94AD 
  79      BBD8 
  80 00b0 7E8D      		.ascii	"~\215"
  81 00b2 581F 7E3F 		.string	"X\037~?\213\337\277\301\266\002\333\035\354\237\307\026\217\355E\354\377\026\333K\330~\21
  81      8BDF BFC1 
  81      B602 DB1D 
  81      EC9F C716 
  81      8FED 45EC 
  82 01b3 BB10 BC39 		.string	"\273\020\274902p\366Q\253\017\370\013\"\003g?h{\024)3`\305\356\356\273Cc\3412\003\211\330
  82      3032 70F6 
  82      51AB 0FF8 
  82      0B22 0367 
  82      3F68 7B14 
  83 02b0 DD90 20F6 		.string	"\335\220 \366VEl\206\3337\375\274\034ym\340\302\327I\364Ex\305.\231\326\257\2147\300\276\
  83      5645 6C86 
  83      DB37 FDBC 
  83      1C79 6DE0 
  83      C2D7 49F4 
  84 038e EEFF 7FC5 		.string	"\356\377\177\305\002\275\335xx\270-Z\036\3150\354\2667w\364X\345!N\306\356\271\232\263\20
  84      02BD DD78 
  84      78B8 2D5A 
  84      1ECD 30EC 
  84      B637 77F4 
  85 040a D8C5 8828 		.string	"\330\305\210(\004\223\\<\3172{\343\3213\205"
  85      0493 5C3C 
  85      CF32 7BE3 
  85      D133 8500 
  86 041a 0909 422D 		.ascii	"\t\tB-\t\362\220\f\275\275\002\017\311\216e\"\243W0\222#\030"
  86      09F2 900C 
  86      BDBD 020F 
  86      C98E 6522 
  86      A357 3092 
  87 0430 A2E7 0DE9 		.ascii	"\242\347\r\351\213\321\2570H\317\233i\355X\244\320\377Y\020}"
  87      8BD1 AF30 
  87      48CF 9B69 
  87      ED58 A4D0 
  87      FF59 107D 
  88 0444 89D2 2BD3 		.ascii	"\211\322+\323\340Si0\210\216\250\f\334\302\f\334D\3505l7\260"
  88      E053 6930 
  88      888E A80C 
  88      DCC2 0CDC 
  88      44E8 356C 
  89 045a 5DC7 361A 		.ascii	"]\3076\032x|}m\206\237\313\013\372\031\204x\277\210\007\362\230"
  89      787C 7D6D 
  89      869F CB0B 
  89      FA19 8478 
  89      BF88 07F2 
  90 046f 5EC5 A98E 		.ascii	"^\305\251\216\b\360\274\323+\2156\347\344\352\0051\302\300\027"
  90      08F0 BCD3 
  90      2B8D 36E7 
  90      E4EA 0531 
  90      C2C0 17
  91 0482 0B9A 0DD0 		.ascii	"\013\232\r\320e\223\320\345H\260.\245\251.i\nc\013C\312\324E"
  91      6593 D0E5 
  91      48B0 2EA5 
  91      A92E 690A 
  91      630B 43CA 
  92 0498 F0DB A24A 		.ascii	"\360\333\242JB\266.\n\212\230\317\342\306\201\261\030>)\225\274"
  92      42B6 2E0A 
  92      8A98 CFE2 
  92      C681 B118 
  92      3E29 95BC 
  93 04ac BB6F EC5C 		.ascii	"\273o\354\\\224Q\037\202C\004\26712\377O\224$\301\001:\005_#"
  93      9451 1F82 
  93      4304 B731 
  93      32FF 4F94 
  93      24C1 013A 
  94 04c3 7CCC 3C05 		.string	"|\314<\005#\252RX*\252\207g\302\314\002j\034\211\317\220\346\005q\002\307\225\237o\321\31
  94      23AA 5258 
  94      2AAA 8767 
  94      C2CC 026A 
  94      1C89 CF90 
  95 05c4 4B2F 2ECB 		.string	"K/.\313\323O\002!\340\201\351\354\201z7\200\031\341(\257k\3537\214\217HG\017\306\007\352\
  95      D34F 0221 
  95      E081 E9EC 
  95      817A 3780 
  95      19E1 28AF 
  96 0698 7416 8F6F 		.ascii	"t\026\217oe\264\216\354\220\3727\263D\330\310\022 \037\333&\346"
  96      65B4 8EEC 
  96      90FA 37B3 
  96      44D8 C812 
  96      201F DB26 
  97 06ad BFCC F24E 		.ascii	"\277\314\362N\214\3270\376\201\330,\334+\310\233\3422\0336\312"
  97      8CD7 30FE 
  97      81D8 2CDC 
  97      2BC8 9BE2 
  97      321B 36CA 
  98 06c1 DDA1 EE4F 		.ascii	"\335\241\356O#\027\214\3706#\342[\231\210x_q\345\346\250\320"
  98      2317 8CF8 
  98      3623 E25B 
  98      9988 785F 
  98      71E5 E6A8 
  99 06d6 889B 3CDE 		.ascii	"\210\233<\336\026\021\337fD\274\341\324\324\345H~P\372\255\337"
  99      1611 DF66 
  99      44BC E1D4 
  99      D4E5 487E 
  99      50FA ADDF 
 100 06ea 3535 E440 		.ascii	"55\344@\341\300v\306\345t\356\267M\247\243x\235\234n\333P[\037"
 100      E1C0 76C6 
 100      E574 EEB7 
 100      4DA7 A378 
 100      9D9C 6EDB 
 101 0701 2569 2D23 		.ascii	"%i-#q\027]\337\033-E2I/\236\345?T\235\211\340\215\022[5\332w"
 101      7117 5DDF 
 101      1B2D 4532 
 101      492F 9EE5 
 101      3F54 9D89 
 102 071c 5609 EA29 		.ascii	"V\t\352)\354\0167l/\212Xp\013%\306\026\336\225[\370\242k|\377"
 102      EC0E 376C 
 102      2F8A 5870 
 102      0B25 C616 
 102      DE95 5BF8 
 103 0734 3CD1 BC83 		.ascii	"<\321\274\203[(f\004\337)\266Pbl\341\363\203%\333\030o\225~;"
 103      5B28 6604 
 103      DF29 B650 
 103      626C E1F3 
 103      8325 DB18 
 104 074c BA67 6A2C 		.ascii	"\272gj,\374\224\024M\307g\347\016\206\001\335\240\2112\267\337"
 104      FC94 144D 
 104      C767 E70E 
 104      8601 DDA0 
 104      8932 B7DF 
 105 0760 F7C6 C922 		.ascii	"\367\306\311\"ihf\367\343\262\033\224\301\037\220\345,\te\227"
 105      6968 66F7 
 105      E3B2 1B94 
 105      C11F 90E5 
 105      2C09 6597 
 106 0774 8253 12DF 		.ascii	"\202S\022\337\307$\276\207\t,\303V\316\002\357\301IS=\245\301"
 106      C724 BE87 
 106      092C C356 
 106      CE02 EFC1 
 106      4953 3DA5 
 107 0789 F643 3579 		.ascii	"\366C5y_h\022\367\002;\024\320\330a\240&\245\322\206\266D\223"
 107      5F68 12F7 
 107      023B 14D0 
 107      D861 A026 
 107      A5D2 86B6 
 108 079f D276 B390 		.ascii	"\322v\263\220\022l-\231\036\372\320\202\307\"N\274!\320\013o"
 108      126C 2D99 
 108      1EFA D082 
 108      C722 4EBC 
 108      21D0 0B6F 
 109 07b3 2F97 959D 		.ascii	"/\227\225\235\f\026\241\341J\026g\356!\224Cko\264D\243*`\213"
 109      0C16 A1E1 
 109      4A16 67EE 
 109      2194 436B 
 109      6FB4 44A3 
 110 07ca 421B 5A09 		.ascii	"B\033Z\t@\027"
 110      4017 
 111 07d0 3F26 2250 		.ascii	"?&\"P\310,\232X@\021\251\302\210T`4\366b\333\303\002\013{so$"
 111      C82C 9A58 
 111      4011 A9C2 
 111      8854 6034 
 111      F662 DBC3 
 112 07ea 7147 60C8 		.ascii	"qG`\310\255L\367P/\223\376\305\031Z\3009f\365B}\333m\033\377"
 112      AD4C F750 
 112      2F93 FEC5 
 112      195A C039 
 112      66F5 427D 
 113 0802 5464 95CD 		.ascii	"Td\225\3156?\270\037\rq\211\013\221\202\375\310\345\307y\315"
 113      363F B81F 
 113      0D71 890B 
 113      9182 FDC8 
 113      E5C7 79CD 
 114 0816 F63E 45BC 		.ascii	"\366>E\274\366!\360\003\346\257\253DS\376\264)\276|\322\022x"
 114      F621 F003 
 114      E6AF AB44 
 114      53FE B429 
 114      BE7C D212 
 115 082b E510 D094 		.ascii	"\345\020\320\224\354\001f\\9\353\363\013/XD\265\3051x$\257\227"
 115      EC01 665C 
 115      39EB F30B 
 115      2F58 44B5 
 115      C531 7824 
 116 0841 4DFB 5A6B 		.ascii	"M\373Zk,\013\324\372jF\265\376 S\305\276{{m\243*\366\276\316"
 116      2C0B D4FA 
 116      6A46 B5FE 
 116      2053 C5BE 
 116      7B7B 6DA3 
 117 0859 77B8 28F6 		.ascii	"w\270(\366\b\201\207f\261\177h\024\373\032F\305\376r\325\304"
 117      0881 8766 
 117      B17F 6814 
 117      FB1A 46C5 
 117      FE72 D5C4 
 118 086d 5DC6 AF49 		.ascii	"]\306\257I\301\0174\025\354s\250\345m\027\230/Y,\2565wT\313\324"
 118      C10F 3415 
 118      EC73 A8E5 
 118      6D17 982F 
 118      592C AE35 
 119 0885 E243 62F1 		.ascii	"\342Cb\361\366\333\237\340;\372]\271x\337\236\216\356\260@\232"
 119      F6DB 9FE0 
 119      3BFA 5DB9 
 119      78DF 9E8E 
 119      EEB0 409A 
 120 0899 A45B 83E7 		.ascii	"\244[\203\347\021\026x'M7\rn\215Tw\322\256\213\317\356*\320s"
 120      1116 7827 
 120      4D37 0D6E 
 120      8D54 77D2 
 120      AE8B CFEE 
 121 08b0 3941 E0B0 		.ascii	"9A\340\260\351\352\260\341\252N\270\352,\277\332\310\371#U\323"
 121      E9EA B0E1 
 121      AA4E B8EA 
 121      2CBF DAC8 
 121      F923 55D3 
 122 08c4 F2CB 5A2C 		.ascii	"\362\313Z,\317\354\325\365*\272D\237\244\337z\362\207I\275\\"
 122      CFEC D5F5 
 122      2ABA 449F 
 122      A4DF 7AF2 
 122      8749 BD5C 
 123 08d8 EF77 4BFD 		.ascii	"\357wK\375fR\300Q\366\f\256\253\235\370\376\016\347\305\026a"
 123      6652 C051 
 123      F60C AEAB 
 123      9DF8 FE0E 
 123      E7C5 1661 
 124 08ec A4A9 7FB2 		.ascii	"\244\251\177\262,\002\215T\254'\022O\265#\211\rv\021\367\006"
 124      2C02 8D54 
 124      AC27 124F 
 124      B523 890D 
 124      7611 F706 
 125 0900 65C5 CC50 		.ascii	"e\305\314P\003\221\201\017\205\221\276S\025}V\207\372\331[\370"
 125      0391 810F 
 125      8591 BE53 
 125      157D 5687 
 125      FAD9 5BF8 
 126 0914 233F 7BA1 		.ascii	"#?{\241\221\321\377\226\314\334\334\271\221\007\n\2006k\232o"
 126      91D1 FF96 
 126      CCDC DCB9 
 126      9107 0A80 
 126      366B 9A6F 
 127 0928 9202 A06F 		.ascii	"\222\002\240o\272\261O\366\256\217\f\004\323\316L\3601\005>&"
 127      BAB1 4FF6 
 127      AE8F 0C04 
 127      D3CE 4CF0 
 127      3105 3E26 
 128 093c C0D7 2B9B 		.ascii	"\300\327+\233\246c\002\301\264\001\023\334\254\300\315\002\\"
 128      A663 02C1 
 128      B401 13DC 
 128      ACC0 CD02 
 128      5C
 129 094d 70F5 EA95 		.ascii	"p\365\352\225 \035V\007\321hQ\340\026\001.\255n\313g\201`zk0"
 129      201D 5607 
 129      D168 51E0 
 129      1601 2EAD 
 129      6ECB 6781 
 130 0965 C1AD 0ADC 		.ascii	"\301\255\n\334*\300z\323\211\257,\274\312\262\340;\303\307\347"
 130      2AC0 7AD3 
 130      89AF 2CBC 
 130      CAB2 E03B 
 130      C3C7 E7
 131 0978 BB77 442C 		.ascii	"\273wD, \342\016!\216vC\304\327G\307n\001\251\243^\367\025\345"
 131      20E2 0E21 
 131      8E76 43C4 
 131      D747 C76E 
 131      01A9 A35E 
 132 098f A086 D7E9 		.ascii	"\240\206\327\351z\245\203P\320f\352\243\215\005\274!u\n\215\f"
 132      7AA5 8350 
 132      D066 EAA3 
 132      8D05 BC21 
 132      750A 8D0C 
 133 09a3 3D1C F9C8 		.ascii	"=\034\371\310\306k$\211\242\035M_\332\224\225\035Kr7\350\372"
 133      C66B 2489 
 133      A21D 4D5F 
 133      DA94 951D 
 133      4B72 37E8 
 134 09b8 C938 61E3 		.ascii	"\3118a\343\270i\343x\240\215.\366\264f\377\313_\377\261\374O"
 134      B869 E378 
 134      A08D 2EF6 
 134      B466 FFCB 
 134      5FFF B1FC 
 135 09cd 2FBF ACD9 		.ascii	"/\277\254\331s\3223\275+_tz\227%\345d{\222\326\244\257JJY\353"
 135      73D2 33BD 
 135      2B5F 747A 
 135      9725 E564 
 135      7B92 D6A4 
 136 09e6 494A CF4C 		.ascii	"IJ\317L]\223\223\346J\312\366\246\341\374\2127\264EY\036w\252"
 136      5D93 93E6 
 136      4ACA F6A6 
 136      E1FC 8A37 
 136      B445 591E 
 137 09fc 2B3B DBF9 		.ascii	"+;\333\371\272'e\255\313\351\312N\265\272\326\2722\275\266,\017"
 137      BA27 65AD 
 137      CBE9 CA4E 
 137      B5BA D6BA 
 137      32BD B62C 
 138 0a11 8EBA D2AC 		.ascii	"\216\272\322\254\316?\272\335k\370j\327[<\325\275\306FV_rz\271"
 138      CE3F BADD 
 138      6BF8 6AD7 
 138      5B3C D5BD 
 138      C646 565F 
 139 0a28 C7FD E6CF 		.ascii	"\307\375\346\317\274\031\253\235\251n\217+)\325\235\221\341\316"
 139      BC19 AB9D 
 139      A96E 8F2B 
 139      29D5 9D91 
 139      E1CE 
 140 0a3a 4C42 CC2A 		.ascii	"LB\314*w\212'\r\255\332\3619\313\235\355\364Z\274\351\031.\007"
 140      778A 270D 
 140      ADDA F139 
 140      CB9D EDF4 
 140      5ABC E919 
 141 0a50 F684 515C 		.ascii	"\366\204Q\\\350M\311\nG\313.\317ZWZ\262\377i\245\377\351\371"
 141      E84D C90A 
 141      47CB 2ECF 
 141      5A57 5AB2 
 141      FF69 A5FF 
 142 0a66 08F4 E0F2 		.ascii	"\b\364\340\362xr\262\274\350<\325\235\223\351\375i\250\243\224"
 142      7872 B2BC 
 142      E83C D59D 
 142      93E9 FD69 
 142      A8A3 94
 143 0a79 546F BA3B 		.ascii	"To\272;\023\335X\321\232\323\033\201\346=.\004\2449\275\317\375"
 143      13DD 58D1 
 143      9AD3 1B81 
 143      E63D 2E04 
 143      A439 BDCF 
 144 0a8e 3B27 25D3 		.ascii	";'%\323\233\223\221dl\013\347R\335\270\341y\333\\\221\252\305"
 144      9B93 9164 
 144      6C0B E752 
 144      DDB8 E179 
 144      DB5C 91AA 
 145 0aa3 65BB 32D3 		.ascii	"e\2732\323\234\006m\247\307\225\345\366x\227=\336\2333\307\233"
 145      9C06 6DA7 
 145      C795 E5F6 
 145      7897 3DDE 
 145      9B33 C79B 
 146 0ab7 BE06 5DC6 		.ascii	"\276\006]\306\246\271\326\320\022\347k\036w\206Zb\301~\266\335"
 146      A6B9 D6D0 
 146      12E7 6B1E 
 146      7786 5A62 
 146      C17E B6DD 
 147 0acb D881 25C3 		.ascii	"\330\201%\303\235\226=\217\263D\242\001\356Iy3,+%u5\"3W{\334"
 147      9D96 3D8F 
 147      B344 A201 
 147      EE49 7933 
 147      2C2B 2575 
 148 0ae5 9655 E9DE 		.ascii	"\226U\351\336\354p9\355LO\213\2401ew\221\032\3653\364.JI\023"
 148      EC70 39ED 
 148      4C4F 8BA0 
 148      3165 7791 
 148      1AF5 33F4 
 149 0afd 849D 5E03 		.ascii	"\204\235^\003c\177\335\345u\222\307%\376\2359\337L\311vf\277"
 149      637F DDE5 
 149      7592 C725 
 149      FE9D 39DF 
 149      4CC9 7666 
 150 0b12 91FE 1A46 		.ascii	"\221\376\032F0&dw6e\300\246\266\361_CFH3"
 150      3026 6477 
 150      3665 C0A6 
 150      B6F1 5F43 
 150      4648 33
 151               		.text
 152               		.section	.gnu.lto_.symtab.31e8b44c63f21a32,"",@progbits
 153 0000 7072 6F63 		.string	"process_grave_esc"
 153      6573 735F 
 153      6772 6176 
 153      655F 6573 
 153      6300 
 154 0012 00        		.string	""
 155 0013 00        		.string	""
 156 0014 00        		.string	""
 157 0015 00        		.string	""
 158 0016 00        		.string	""
 159 0017 00        		.string	""
 160 0018 00        		.string	""
 161 0019 00        		.string	""
 162 001a 00        		.string	""
 163 001b 00        		.string	""
 164 001c 00        		.string	""
 165 001d F700      		.string	"\367"
 166 001f 00        		.string	""
 167 0020 00        		.string	""
 168 0021 6B65 7962 		.string	"keyboard_report"
 168      6F61 7264 
 168      5F72 6570 
 168      6F72 7400 
 169 0031 00        		.string	""
 170 0032 02        		.ascii	"\002"
 171 0033 00        		.string	""
 172 0034 00        		.string	""
 173 0035 00        		.string	""
 174 0036 00        		.string	""
 175 0037 00        		.string	""
 176 0038 00        		.string	""
 177 0039 00        		.string	""
 178 003a 00        		.string	""
 179 003b 00        		.string	""
 180 003c 3301 00   		.string	"3\001"
 181 003f 00        		.string	""
 182 0040 7365 6E64 		.string	"send_keyboard_report"
 182      5F6B 6579 
 182      626F 6172 
 182      645F 7265 
 182      706F 7274 
 183 0055 00        		.string	""
 184 0056 02        		.ascii	"\002"
 185 0057 00        		.string	""
 186 0058 00        		.string	""
 187 0059 00        		.string	""
 188 005a 00        		.string	""
 189 005b 00        		.string	""
 190 005c 00        		.string	""
 191 005d 00        		.string	""
 192 005e 00        		.string	""
 193 005f 00        		.string	""
 194 0060 FA00      		.string	"\372"
 195 0062 00        		.string	""
 196 0063 00        		.string	""
 197 0064 6465 6C5F 		.string	"del_key_from_report"
 197      6B65 795F 
 197      6672 6F6D 
 197      5F72 6570 
 197      6F72 7400 
 198 0078 00        		.string	""
 199 0079 02        		.ascii	"\002"
 200 007a 00        		.string	""
 201 007b 00        		.string	""
 202 007c 00        		.string	""
 203 007d 00        		.string	""
 204 007e 00        		.string	""
 205 007f 00        		.string	""
 206 0080 00        		.string	""
 207 0081 00        		.string	""
 208 0082 00        		.string	""
 209 0083 2A01 00   		.string	"*\001"
 210 0086 00        		.string	""
 211 0087 6164 645F 		.string	"add_key_to_report"
 211      6B65 795F 
 211      746F 5F72 
 211      6570 6F72 
 211      7400 
 212 0099 00        		.string	""
 213 009a 02        		.ascii	"\002"
 214 009b 00        		.string	""
 215 009c 00        		.string	""
 216 009d 00        		.string	""
 217 009e 00        		.string	""
 218 009f 00        		.string	""
 219 00a0 00        		.string	""
 220 00a1 00        		.string	""
 221 00a2 00        		.string	""
 222 00a3 00        		.string	""
 223 00a4 2C01 00   		.string	",\001"
 224 00a7 00        		.string	""
 225 00a8 6765 745F 		.string	"get_mods"
 225      6D6F 6473 
 225      00
 226 00b1 00        		.string	""
 227 00b2 02        		.ascii	"\002"
 228 00b3 00        		.string	""
 229 00b4 00        		.string	""
 230 00b5 00        		.string	""
 231 00b6 00        		.string	""
 232 00b7 00        		.string	""
 233 00b8 00        		.string	""
 234 00b9 00        		.string	""
 235 00ba 00        		.string	""
 236 00bb 00        		.string	""
 237 00bc 2F01 00   		.string	"/\001"
 238 00bf 00        		.string	""
 239               		.text
 240               		.section	.gnu.lto_.opts,"",@progbits
 241 0000 272D 666D 		.ascii	"'-fmath-errno' '-fsigned-zeros' '-ftrapping-math' '-fno-trap"
 241      6174 682D 
 241      6572 726E 
 241      6F27 2027 
 241      2D66 7369 
 242 003c 7627 2027 		.ascii	"v' '-fno"
 242      2D66 6E6F 
 243 0044 2D6F 7065 		.string	"-openmp' '-fno-openacc' '-mn-flash=1' '-mno-skip-bug' '-mmcu=avr5' '-gdwarf-2' '-Os' '-We
 243      6E6D 7027 
 243      2027 2D66 
 243      6E6F 2D6F 
 243      7065 6E61 
 244               		.text
 245               		.comm	__gnu_lto_v1,1,1
 246               		.comm	__gnu_lto_slim,1,1
 247               		.ident	"GCC: (GNU) 5.4.0"
DEFINED SYMBOLS
                            *ABS*:0000000000000000 process_grave_esc.c
     /tmp/ccuU51C8.s:2      *ABS*:000000000000003e __SP_H__
     /tmp/ccuU51C8.s:3      *ABS*:000000000000003d __SP_L__
     /tmp/ccuU51C8.s:4      *ABS*:000000000000003f __SREG__
     /tmp/ccuU51C8.s:5      *ABS*:0000000000000000 __tmp_reg__
     /tmp/ccuU51C8.s:6      *ABS*:0000000000000001 __zero_reg__
                            *COM*:0000000000000001 __gnu_lto_v1
                            *COM*:0000000000000001 __gnu_lto_slim

NO UNDEFINED SYMBOLS
