   1               		.file	"usb_descriptor.c"
   2               	__SP_H__ = 0x3e
   3               	__SP_L__ = 0x3d
   4               	__SREG__ = 0x3f
   5               	__tmp_reg__ = 0
   6               	__zero_reg__ = 1
   7               		.text
   8               	.Ltext0:
   9               		.section	.gnu.lto_.profile.317194af70513d37,"",@progbits
  10 0000 789C 6361 		.string	"x\234ca`d`a`"
  10      6064 6061 
  10      6000 
  11 000a 92E2 5A00 		.string	"\222\342Z"
  12 000e 00        		.string	""
  13 000f C200      		.string	"\302"
  14 0011 4C        		.ascii	"L"
  15               		.text
  16               		.section	.gnu.lto_.icf.317194af70513d37,"",@progbits
  17 0000 789C 6361 		.string	"x\234ca`d"
  17      6064 00
  18 0007 0123 0604 		.string	"\001#\006\004\340`xz\373\355W\036\306\267s\347>ga\372\367\365\333G\016\346\251\317.\264s\
  18      E060 787A 
  18      FBED 571E 
  18      C6B7 73E7 
  18      3E67 61FA 
  19 0042 00        		.string	""
  20 0043 BC85 19F4 		.ascii	"\274\205\031\364"
  21               		.text
  22               		.section	.gnu.lto_.jmpfuncs.317194af70513d37,"",@progbits
  23 0000 789C 6361 		.string	"x\234ca`d"
  23      6064 00
  24 0007 016E 0604 		.string	"\001n\006\004`d`fddd\257\257\257g"
  24      6064 6066 
  24      6464 64AF 
  24      AFAF 6700 
  25 0017 00        		.string	""
  26 0018 068A 019C 		.ascii	"\006\212\001\234"
  27               		.text
  28               		.section	.gnu.lto_.inline.317194af70513d37,"",@progbits
  29 0000 789C 6361 		.string	"x\234ca`d"
  29      6064 00
  30 0007 8170 0604 		.string	"\201p\006\004"
  30      00
  31 000c 8AE8 7031 		.string	"\212\350p1\2620\nd\375eb\234\326z\350<\373\027\246Vf\2400\343rF\031\006\210\360\326\3663\
  31      B230 0A64 
  31      FD65 629C 
  31      D67A E83C 
  31      FB17 A656 
  32 004b 83C4 062E 		.string	"\203\304\006.\005\260\261"
  32      05B0 B100 
  33 0053 77F5 116F 		.ascii	"w\365\021o"
  34               		.text
  35               		.section	.gnu.lto_.pureconst.317194af70513d37,"",@progbits
  36 0000 789C 6361 		.string	"x\234ca`d`a`"
  36      6064 6061 
  36      6000 
  37 000a 92BB 1801 		.string	"\222\273\030\001\001\337"
  37      01DF 00
  38 0011 C6        		.ascii	"\306"
  39               		.text
  40               		.section	.gnu.lto_get_usb_descriptor.317194af70513d37,"",@progbits
  41 0000 789C 9557 		.string	"x\234\225WklT\307\025\276g\346\356\336\273o\033B\b\021B\320\212\222Hm!jUU\252Z\251R\205\0
  41      6B6C 54C7 
  41      15BE 67E6 
  41      EEDE BB6F 
  41      1B42 0811 
  42 004c 2640 3131 		.string	"&@11PL <\034\20211\340\027\001\277v{\316\314\275\353]\373\332q,\355\365\235\231\363\315|s
  42      504C 203C 
  42      1C82 3131 
  42      E017 01BF 
  42      767B CECC 
  43 00d2 E8C5 D041 		.string	"\350\305\320A\t2\256:\234\232\356r{\274>\177"
  43      0932 AE3A 
  43      9C9A EE72 
  43      7BBC 3E7F 
  43      00
  44 00e3 82F0 840D 		.ascii	"\202\360\204\r28\025\177\032\r\364\2600\307\315b\263\251\343"
  44      3238 157F 
  44      1A0D F4B0 
  44      30C7 CD62 
  44      B3A9 E3
  45 00f6 FC4E 0F35 		.ascii	"\374N\0175\001\322\260Y\366\264\342\212\372r\211ad\033\267\303"
  45      01D2 B059 
  45      F6B4 E28A 
  45      FA72 8961 
  45      641B B7C3 
  46 010a AD81 6DEB 		.ascii	"\255\201m\353/\032<\314\231\022g\n\354\201\251P\002S\311S\245"
  46      2F1A 3CCC 
  46      9912 670A 
  46      EC81 A950 
  46      0253 C953 
  47 011f F032 1AB7 		.ascii	"\3602\032\267]\252\252s\363\237\201\202\357E\273[\353`\326nc"
  47      5DAA AA73 
  47      F39F 8182 
  47      EF45 BB5B 
  47      EB60 D66E 
  48 0134 63B6 61D4 		.ascii	"c\266a\324N\"\020\207\275\300\223q\330\245\300>\230\205\326\221"
  48      4E22 1087 
  48      BDC0 9371 
  48      D8A5 C03E 
  48      9885 D691 
  49 0148 AB3B 4F38 		.ascii	"\253;O8\370/\004r\240\346\316"
  49      F82F 0472 
  49      A0E6 CE
  50 0153 2B26 70EB 		.string	"+&p\353if\314!d\231\rr\277@\3368X\365\200\363_\013\344\303\362\315\017u\023:(\241*\034\03
  50      6966 CC21 
  50      6499 0D72 
  50      BF40 DE38 
  50      58F5 80F3 
  51 0254 E39C FDD8 		.ascii	"\343\234\375\330\210\331\253\307\236\375\263\0373{\024f\036\374"
  51      88D9 ABC7 
  51      9EFD B31F 
  51      337B 1466 
  51      1EFC 
  52 0266 4BD4 88C7 		.ascii	"K\324\210\307CF\264\366\017yG\017\335-e\023A!\177\242!z\0243"
  52      4346 B4F6 
  52      0F79 470F 
  52      DD2D 6513 
  52      4121 7FA2 
  53 027e 0983 5CC5 		.ascii	"\t\203\\\305\310\323\035\024\271N\341(M\354Z\027\026.\261\244"
  53      C8D3 1D14 
  53      B94E E128 
  53      4DEC 5A17 
  53      162E B1A4 
  54 0292 5BCC E511 		.ascii	"[\314\345\021=^\261E\237\340\356\027=\230\310\030\360\351 bW"
  54      3D5E B145 
  54      9FE0 EE17 
  54      3D98 C818 
  54      F0E9 2062 
  55 02a7 E940 E972 		.ascii	"\351@\351r1\257;\031\243\377\374\036\204\272\326<\352\215L&9"
  55      31AF 3B19 
  55      A3FF FC1E 
  55      84BA D63C 
  55      EA8D 4C26 
  56 02bc 435C 0D71 		.ascii	"C\\\rq\216;\330v\244\347\254\203r\331\005:\034\307\335\265@\266"
  56      8E3B D876 
  56      A4E7 AC83 
  56      72D9 053A 
  56      1CC7 DDB5 
  57 02d2 F177 A178 		.ascii	"\361w\241x\215\330b\353wG\026\256\\\201\301\203\020\352V\340"
  57      8DD8 62EB 
  57      7747 16AE 
  57      5C81 C183 
  57      10EA 56E0 
  58 02e6 04AC 242B 		.ascii	"\004\254$+\fGaV5\334\214K\263\317M\263c\322\254B\230\035l\257"
  58      0C47 6156 
  58      35DC 8C4B 
  58      B3CF 4DB3 
  58      63D2 AC42 
  59 02fe EDF5 D172 		.ascii	"\355\365\321r\016\334\376I\271\\\364\242\264\220\221\265%|\242"
  59      0EDC FE49 
  59      B95C F4A2 
  59      B490 91B5 
  59      257C A2
  60 0311 5123 0B86 		.ascii	"Q#\013\206\026\247\320\342[X\033\275\022{\311dM\026\327v\335"
  60      16A7 D0E2 
  60      5B58 1BBD 
  60      127B C964 
  60      4D16 D776 
  61 0326 77E4 C147 		.string	"w\344\301GY\030\263ia\356\306\243\213\0137\237\206<\240\\;\331\260F\247\031t\240f_mg\231\
  61      5918 B369 
  61      61EE C6A3 
  61      8B0B 379F 
  61      863C A05C 
  62 0427 76AD B2E3 		.ascii	"v\255\262\343\351\263\341\351\313\341\232\rO?\\E\236\377\263"
  62      E9B3 E1E9 
  62      CBE1 9A0D 
  62      4F3F 5C45 
  62      9EFF B3
  63 043a E7E9 8366 		.ascii	"\347\351\203f\311\363\232\311\363I*\3175\215\233\333\374\222"
  63      C9F3 9AC9 
  63      F349 2ACF 
  63      358D 9BDB 
  63      FC92 
  64 044c E7EF E02B 		.ascii	"\347\357\340+\223\247#\225'W0\251\006\346*!\356\220\331t)t\262"
  64      93A7 2395 
  64      2757 30A9 
  64      06E6 2A21 
  64      EE90 D974 
  65 0463 9113 8843 		.ascii	"\221\023\210C\034\340\272\210\336pt0v\037d\370:\306\n\337\033"
  65      1CE0 BA88 
  65      DE70 7430 
  65      761F 64F8 
  65      3AC6 0ADF 
  66 0478 52EC C44E 		.ascii	"R\354\304N\271\330\351\307\3059{\270%v<\366*#\265\277\026j\353"
  66      B9D8 E9C7 
  66      C539 7BB8 
  66      2576 3CF6 
  66      2A23 B5BF 
  67 048f 84BA 2951 		.ascii	"\204\272)QUk\317\227\273%\212\232\355\307sny,T\201\b\253[\002"
  67      556B CF97 
  67      BB25 8A9A 
  67      EDC7 736E 
  67      792C 5481 
  68 04a7 E322 CC6D 		.ascii	"\343\"\314m\211\251/\334Pjb(\344K:\016\234\363'\302J`\356\b\214"
  68      89A9 2FDC 
  68      506A 6228 
  68      E44B 3A0E 
  68      9CF3 27C2 
  69 04c0 9B30 2D56 		.ascii	"\2330-VT9\225Ox\222\017t\341\274\274\370}n\247V\300F\255@\016"
  69      5439 954F 
  69      7892 0F74 
  69      E1BC BCF8 
  69      7D6E A756 
  70 04d9 F7D8 A895 		.ascii	"\367\330\250\225\006wQ\255ol\324\n\322<\337J\265\356\241Z\367"
  70      0677 51AD 
  70      6F6C D40A 
  70      D23C DF4A 
  70      B5EE A15A 
  71 04ee 20BB 6BED 		.ascii	" \273k\355\331\001>\274x\341\221I\007\246\250Wh\332J\036w\216"
  71      D901 3EBC 
  71      78E1 9149 
  71      07A6 A857 
  71      68DA 4A1E 
  72 0504 7FF9 FB49 		.ascii	"\177\371\373I\313\347f\345\337`\263\367\323@:\264\341\3221f\226"
  72      CBE7 66E5 
  72      DF60 B3F7 
  72      D340 3AB4 
  72      E1D2 3166 
  73 0519 CB8E 5069 		.ascii	"\313\216Pi\251_\2168\341\001\314\2161\220\003\241\232\342\337"
  73      A95F 8E38 
  73      E101 CC8E 
  73      3190 03A1 
  73      9AE2 DF
  74 052c E222 2F84 		.ascii	"\342\"/\204\371\004\370\016f#\201v\021Y\214\210\0207$\243\264"
  74      F904 F80E 
  74      6623 8176 
  74      1159 8C88 
  74      1037 24A3 
  75 0541 42B6 6C23 		.ascii	"B\266l#h\265P;wK\241:#\017\n\215\002,\036\023i\242\301\226\360"
  75      68B5 503B 
  75      774B A13A 
  75      230F 0A8D 
  75      022C 1E13 
  76 055a 372E 15D7 		.ascii	"7.\025\327\203\2070CL}\272\245\242\316\211=\360\b\360\330\306"
  76      8387 3043 
  76      4C7D BAA5 
  76      A2CE 893D 
  76      F008 F0D8 
  77 056f 5087 C740 		.ascii	"P\207\307@'aE{\357\240g\306f\023\374\234\250\2467KkT\001\356"
  77      2761 457B 
  77      EFA0 67C6 
  77      6613 FC9C 
  77      A8A6 374B 
  78 0587 30C1 FD8D 		.ascii	"0\301\375\215\361\257=\004\356$09\246\013\324\004\257z\342\245"
  78      F1AF 3D04 
  78      EE24 3039 
  78      A60B D404 
  78      AF7A E2A5 
  79 059b 4997 B673 		.ascii	"I\227\266s\031\245:\365\220\201\231\r!\021i\235LKU\336%\224\337"
  79      19A5 3AF5 
  79      9081 990D 
  79      2111 699D 
  79      4C4B 55DE 
  80 05b2 164C D27D 		.ascii	"\026L\322}\204\247\275\266\236\356\036K\350\036)\364\023K\350"
  80      84A7 BDB6 
  80      9EEE 1E4B 
  80      E81E 29F4 
  80      134B E8
  81 05c5 AE91 4263 		.ascii	"\256\221Bc\335\243\252g\t\375=\221\366\216\177\371\247\243\t"
  81      DDA3 AA67 
  81      09FD 3D91 
  81      F68E 7FF9 
  81      A7A3 09
  82 05d8 FD6C 54A1 		.ascii	"\375lT\241{G\021\272O\b\335o\n\215D\210\033\222\221B\177?^\241"
  82      7B47 11BA 
  82      4F08 DD6F 
  82      0A8D 4488 
  82      1B92 9142 
  83 05f0 0786 0B3D 		.ascii	"\007\206\013=HZ\371p$\366\303B\307\207\013m0\225((\220\305\324"
  83      485A F970 
  83      24F6 C342 
  83      C787 0B6D 
  83      3095 2828 
  84 0607 04AF 63C4 		.ascii	"\004\257c\304\313\227*\264\237zR\204\366\013\241\365T\241\335"
  84      CB97 2AB4 
  84      9F7A 5284 
  84      F60B A1F5 
  84      54A1 DD
  85 061a 42E8 CA31 		.ascii	"B\350\3121\205\366\331z:\233\215!t\210\t\241W3S\350\257\006G"
  85      85F6 D97A 
  85      3A9B 8D21 
  85      7488 09A1 
  85      5733 53E8 
  86 0631 088D 571E 		.ascii	"\b\215W\036\272\360XB\207\031\222v\215\177\3715l\024\241\327"
  86      BAF0 5842 
  86      8719 9276 
  86      8D7F F935 
  86      6C14 A1D7 
  87 0645 B2D1 845E 		.ascii	"\262\321\204^\307\354\205\316a$\364z&\205F\"\304\r\311H\241\251"
  87      C7EC 85CE 
  87      6124 F47A 
  87      2685 4622 
  87      C40D C948 
  88 065b 3D2E A13F 		.ascii	"=.\241?`\303\204\336@Z\341\001\013\037\262\037\024:\227\r\023"
  88      60C3 84DE 
  88      405A E101 
  88      0B1F B21F 
  88      143A 970D 
  89 0670 FA23 02E3 		.ascii	"\372#\002\343\211\016\033M\241\211G\224x\271S\205\366\204\204"
  89      890E 1B4D 
  89      A189 4794 
  89      78B9 5385 
  89      F684 84
  90 0683 8849 427B 		.ascii	"\210IB{\204\320\256\324z\246b\271Z\035\355\216[\345*0V\271\312"
  90      84D0 AED4 
  90      7AA6 62B9 
  90      5A1D ED8E 
  90      5BE5 2A30 
  91 069a 63A2 88A4 		.ascii	"c\242\210\244\324\247\247\361\344\372D\301\004\371\322,\245 "
  91      D4A7 A7F1 
  91      E4FA 44C1 
  91      04F9 D22C 
  91      A520 
  92 06ac 5516 C150 		.ascii	"U\026\301PE\n\220\325&fV\027\267R\246&1\362\213\320\353M\255"
  92      450A 90D5 
  92      2666 5617 
  92      B752 A626 
  92      31F2 8BD0 
  93 06c3 2EE3 2CFE 		.ascii	".\343,\376\377bC\305\337R\037\307\214[\270\370$\330,B\200I\245"
  93      FF62 43C5 
  93      DF52 1FC7 
  93      8C5B B8F8 
  93      24D8 2C42 
  94 06da 0FE4 9CA9 		.ascii	"\017\344\234\251\204\241\330|\036\266\b\271\2672y5\350\267\326"
  94      84A1 D87C 
  94      1EB6 08B9 
  94      B732 7935 
  94      E8B7 D6
  95 06ed 9757 837D 		.ascii	"\227W\203}\325\273\353@^\r\\P\300\344\325\300\223J< \200\325"
  95      D5BB EB40 
  95      5E0D 5C50 
  95      C0E4 D5C0 
  95      934A 3C20 
  96 0703 45F0 E379 		.ascii	"E\360\343y\377{L\336\333\004o>\n\357\355\202\367\016\223wmQ["
  96      FF7B 4CDE 
  96      DB04 6F3E 
  96      0AEF ED82 
  96      F70E 9377 
  97 071a 8277 82A8 		.ascii	"\202w\202\2507Us\207\320\274*\3226\036\315w\332h^\033y-I\363"
  97      3755 7387 
  97      D0BC 2AD2 
  97      361E CD77 
  97      DA68 5E1B 
  98 0732 3432 FBD8 		.ascii	"42\373\330F\363g\221$\315\323\311\252\320\322\334\227\352\272"
  98      46F3 6791 
  98      24CD D3C9 
  98      AAD0 D2DC 
  98      97EA BA
  99 0745 34C1 FD48 		.ascii	"4\301\375H\244\315\366F1\331\346F19\207O\260q\345\013\360\t\272"
  99      A4CD F646 
  99      31D9 E646 
  99      3139 874F 
  99      B071 E50B 
 100 075c F23F CCF6 		.ascii	"\362?\314\366\374\231\fE\362\374\211\230\316:\032iK\026\271\346"
 100      FC99 0C45 
 100      F2FC 8998 
 100      CE3A 1A69 
 100      4B16 B9E6 
 101 0770 D1BE 1A9F 		.ascii	"\321\276\032\237\0249\252\300.\323y\376T\252\351\002\331\027"
 101      1439 AAC0 
 101      2ED3 79FE 
 101      54AA E902 
 101      D917 
 102 0782 013B A653 		.ascii	"\001;\246Sl\230N\311\301\023a$\323\027\241\030\231\356\266g:"
 102      6C98 4EC9 
 102      C113 6124 
 102      D317 A118 
 102      99EE B667 
 103 0797 054A 24D3 		.ascii	"\005J$\323=&\323\301T\246M\017?/3\231V\003\224\232L\003\312F"
 103      3D26 D3C1 
 103      54A6 4D0F 
 103      3F2F 3399 
 103      5603 949A 
 104 07af FCE8 1BA2 		.ascii	"\374\350\033\242\252\0204M\221\331\317\314F\0055\200\316\212"
 104      AA10 344D 
 104      91D9 CFCC 
 104      4605 3580 
 104      CE8A 
 105 07c1 2D9D 374B 		.ascii	"-\2357K\027\223e\362\016T\261\203\342\374\332"
 105      1793 65F2 
 105      0E54 B183 
 105      E2FC DA
 106 07d0 0D1A 71A5 		.string	"\r\032q\2453\331\023\246\273n:\354\245e`\037\022\243\t\036 \253x\361\0353\204(\251\272"
 106      33D9 13A6 
 106      BB6E 3AEC 
 106      A565 601F 
 106      12A3 091E 
 107 07ef E8FB 8E0D 		.ascii	"\350\373\216\rt7LJ\365\002~\201,g\326\267\005\224\261 ov\f\263"
 107      7437 4C4A 
 107      F502 7E81 
 107      2C67 D6B7 
 107      0594 B120 
 108 0807 E816 1632 		.ascii	"\350\026\0262A`?\013\252#,\362\342\313\271u\225\203\003,\350"
 108      4160 3F0B 
 108      AA23 2CF2 
 108      E2CB B975 
 108      9583 032C 
 109 081c 6CD6 D0A2 		.ascii	"l\326\320\242'Z\274^\223\331\202g\306r'\346\013\316\221\310\362"
 109      275A BC5E 
 109      93D9 8267 
 109      C672 27E6 
 109      0BCE 91C8 
 110 0831 8E33 2D9F 		.ascii	"\2163-\237\006\222\263\345\240\310\226C,\350\026\360\344\005"
 110      0692 B3E5 
 110      A0C8 9643 
 110      2CE8 16F0 
 110      E405 
 111 0843 8E44 5670 		.ascii	"\216DVp+\260\240\234\005}\315\032\355\307a\263\237*\213\013\325"
 111      2BB0 A09C 
 111      057D CD1A 
 111      EDC7 61B3 
 111      9F2A 8B0B 
 112 0858 EBC3 2CA8 		.ascii	"\353\303,\250\217\230l\273eAE\271\202\00559\231\313\234,\231"
 112      8F98 6CBB 
 112      6541 45B9 
 112      8205 3539 
 112      99CB 9C2C 
 113 086d 764D D18A 		.ascii	"vM\321\212\004m>\n\355JA\273\212\005=r\036\257\r\251~\301_\206"
 113      046D 3E0A 
 113      ED4A 41BB 
 113      8A05 3D72 
 113      1EAF 0DA9 
 114 0885 1B54 B3A0 		.ascii	"\033T\263\240\277Y\353\302\363\037?\250\331\206'\r\223\350\313"
 114      BF59 EBC2 
 114      F31F 3FA8 
 114      D986 270D 
 114      93E8 CB
 115 0898 8BDF 78D2 		.ascii	"\213\337x\322\360<}\332\250\273\236jx\307s\356\350m\230F\307"
 115      F03C 7DDA 
 115      A8BB 9E6A 
 115      78C7 73EE 
 115      E86D 9846 
 116 08ad 84FB 725C 		.ascii	"\204\373r\\\243\210\367\335\335\356&\204\203\020X2\364\372\376"
 116      A388 F7DD 
 116      DDEE 2684 
 116      8310 5832 
 116      F4FA FE
 117 08c0 8669 7847 		.ascii	"\206ixG\320\356\366j\324\357\0223!\300s~\323\331i\324\343\025"
 117      D0EE F66A 
 117      D4EF 1233 
 117      21C0 737E 
 117      D3D9 69D4 
 118 08d6 3D18 82FE 		.ascii	"=\030\202\376\366\302\263\323\224\016\254\244\030\205\350\376"
 118      F6C2 B3D3 
 118      940E ACA4 
 118      1885 E8FE 
 119 08e6 9F2E 7DE7 		.ascii	"\237.}\347\355y\363\027ef\314^\234\271h\351\242\371\213\026\316"
 119      ED79 F317 
 119      6566 CC5E 
 119      9CB9 68E9 
 119      A2F9 8B16 
 120 08fb 5EB6 E49F 		.ascii	"^\266\344\237\363\026d,\231\237\371\326\342\245\2132\1779_q\276"
 120      F316 642C 
 120      999F F9D6 
 120      E2A5 8B32 
 120      7F39 5F71 
 121 0910 F7B7 3717 		.ascii	"\367\2677\027.\313p\276\367\332\273\0132\226\247\377)1\366\307"
 121      2ECB 70BE 
 121      F7DA BB0B 
 121      3296 A7FF 
 121      2931 F6C7 
 122 0924 050B 3233 		.ascii	"\005\01323\226,Q_\177\353\375\f\315l\004\206\206\205\271\177"
 122      962C 515F 
 122      7FEB FD0C 
 122      CD6C 0486 
 122      8685 B97F 
 123 0938 A8FD D715 		.ascii	"\250\375\327\025\2133\364y\363\336D\303W~\203/h\276l\341R\357"
 123      8B33 F479 
 123      F3DE 44C3 
 123      577E 832F 
 123      68BE 6CE1 
 124 094e C2C5 EF4C 		.ascii	"\302\305\357L\2379\347\347\323\337p\273\024\376\373L\205\275"
 124      9F39 E7E7 
 124      D3DF 70BB 
 124      14FE FB4C 
 124      85BD 
 125 0960 AFFC 1F10 		.ascii	"\257\374\037\020\237\025\301"
 125      9F15 C1
 126               		.text
 127               		.section	.gnu.lto_LanguageString.317194af70513d37,"",@progbits
 128 0000 789C 6361 		.string	"x\234ca`d"
 128      6064 00
 129 0007 813E 2086 		.string	"\201> \206\260\030\030\37621\276y\263\355)\327\027\246Vf\006\306N\016 \277\347\314\272\00
 129      B018 18FE 
 129      3231 BE79 
 129      B3ED 29D7 
 129      17A6 5666 
 130 0085 7BE4 32E0 		.ascii	"{\3442\340"
 131               		.text
 132               		.section	.gnu.lto_ManufacturerString.317194af70513d37,"",@progbits
 133 0000 789C 6361 		.string	"x\234ca`d"
 133      6064 00
 134 0007 8132 2016 		.string	"\2012 \026b\200\200\277L\214\317v\276\272\310\250\3104\277a\206B+3X\344\320\247\r\313y\27
 134      6280 80BF 
 134      4C8C CF76 
 134      BEBA C8A8 
 134      C834 BF61 
 135 0038 B9EB 6E5F 		.string	"\271\353n_\235\315o\261\255\241cA\003P\003\323?&\006\306\225\2142\377\230\030\031W0\312\2
 135      9DCD 6FB1 
 135      ADA1 6341 
 135      0350 03D3 
 135      3F26 06C6 
 136 0085 F99F 2DC0 		.ascii	"\371\237-\300"
 137               		.text
 138               		.section	.gnu.lto_ProductString.317194af70513d37,"",@progbits
 139 0000 789C 6361 		.string	"x\234ca`d"
 139      6064 00
 140 0007 8132 20E6 		.string	"\2012 \346c\200\200\277L\214\217\032\032\357s)2\315o\230\241\320\312\f\0269\364i\303r\236
 140      6380 80BF 
 140      4C8C 8F1A 
 140      1AEF 7329 
 140      32CD 6F98 
 141 0045 6A60 FAC7 		.string	"j`\372\307\304\300\270\222Q\346\037\023#\343\nF\031\220\366\275\313g\354g\201+`\376\307\3
 141      C4C0 B892 
 141      51E6 1F13 
 141      23E3 0A46 
 141      1990 F6BD 
 142 0082 00        		.string	""
 143 0083 DF0C 2BA1 		.ascii	"\337\f+\241"
 144               		.text
 145               		.section	.gnu.lto_DeviceDescriptor.317194af70513d37,"",@progbits
 146 0000 789C 6361 		.string	"x\234ca`d"
 146      6064 00
 147 0007 015E 2005 		.string	"\001^ \005a10\374eb\334r\344x\033\307\027\246Vf\006FF w\375\233\235?y!\\\220\354\321\377\
 147      6131 30FC 
 147      6562 DC72 
 147      E478 1BC7 
 147      17A6 5666 
 148 00c9 1AC6 599A 		.ascii	"\032\306Y\232"
 149               		.text
 150               		.section	.gnu.lto_ConfigurationDescriptor.317194af70513d37,"",@progbits
 151 0000 789C 8D93 		.ascii	"x\234\215\223\331N\023Q\030\307\347\177\316\264\035\350\202\373"
 151      D94E 1351 
 151      18C7 E77F 
 151      CEB4 1DE8 
 151      82FB 
 152 0012 5AB1 F00A 		.ascii	"Z\261\360\n\3364\361%|\004\037\301G\250\206AB\214\251M\211\206"
 152      DE34 F125 
 152      7C04 1FC1 
 152      47A8 8641 
 152      428C A94D 
 153 0028 70C1 0565 		.ascii	"p\301\005e\261h\027\261-S\227\262\024\204\304\210$\306\0134\230"
 153      B168 17B1 
 153      2D53 97B2 
 153      1484 C488 
 153      24C6 0B34 
 154 003d 34A9 98E0 		.ascii	"4\251\230\340\326\2244\240\035<_\276\211\311\030\"\364\242\377"
 154      D694 34A0 
 154      1D3C 5FBE 
 154      89C9 1822 
 154      F4A2 FF
 155 0050 FE7A BEED 		.ascii	"\376z\276\355\374\277\031]\203F\237+\272\346\374\322\264\266"
 155      FCBF 195D 
 155      8346 9F2B 
 155      BAE6 FCD2 
 155      B4B6 
 156 0062 40FB C75A 		.ascii	"@\373\307Z;\320\024\246\324\320\251\360\347\353\341Z\210\020"
 156      3BD0 14A6 
 156      D4D0 A9F0 
 156      E7EB E15A 
 156      8810 
 157 0074 8828 9C6F 		.ascii	"\210(\234od'\234S\251\260e>\270\343e\274\005\305+c\326o\347\330"
 157      6427 9C53 
 157      A9B0 653E 
 157      B8E3 65BC 
 157      05C5 2B63 
 158 008c A3B0 3968 		.ascii	"\243\2609h\266$\243O\341R\351\375H(Z\210\r\214\306\"\246\024"
 158      B624 A34F 
 158      E152 E9FD 
 158      4828 5A88 
 158      0D8C C622 
 159 00a2 B6D0 308D 		.ascii	"\266\3200\215\260-\2004\302\324{}gr\334\313\001\327L)m!\360\b"
 159      B02D 8034 
 159      C2D4 7B7D 
 159      6772 DCCB 
 159      01D7 4C29 
 160 00ba 515B 483C 		.ascii	"Q[H<\2448\035S$\036L\222x1\341d}]\230\016\362\210\005\032\"q"
 160      A438 1D53 
 160      241E 4C92 
 160      7831 E164 
 160      7D5D 980E 
 161 00d4 B798 10DC 		.ascii	"\267\230\020\334\265W\341\314\342r\277\301H\247\231\355\331\335"
 161      B557 E1CC 
 161      E272 BFC1 
 161      48A7 99ED 
 161      D9DD 
 162 00e6 2023 255B 		.ascii	" #%[}\3377\rN\276'\024\017ll7\235\033\364(L\027R\026\030;\024"
 162      7DDF 370D 
 162      4EBE 2714 
 162      0F6C 6C37 
 162      9D1B F428 
 163 0101 EEFD B206 		.ascii	"\356\375\262\006\003\356\033<\345\033\314\360,\311F\262\356\347"
 163      03EE 1B3C 
 163      E51B CCF0 
 163      2CC9 46B2 
 163      EEE7 
 164 0113 80EB A6D4 		.ascii	"\200\353\246\324m\341S3\251\033\030xBq\035\310\223t\"G\342G\226"
 164      6DE1 5333 
 164      A91B 1878 
 164      4271 1DC8 
 164      9374 2247 
 165 012a 2480 0C27 		.ascii	"$\200\f'\277\355\313\2168v\351\n7\336US\376\003\233\2258>\237"
 165      BFED CB8E 
 165      3876 E90A 
 165      37DE 5553 
 165      FE03 9B95 
 166 0141 58DF 121C 		.ascii	"X\337\022\034\020\223\246\364\330\"\210Y\352\026\342\372]\334"
 166      1093 A6F4 
 166      D822 8859 
 166      EA16 E2FA 
 166      5DDC 
 167 0153 ED18 D371 		.ascii	"\355\030\323qv\357\004\377y\222\345\024\t\325\032.7W=\354\203"
 167      76EF 04FF 
 167      7992 E514 
 167      09D5 1A2E 
 167      3757 3DEC 
 168 0168 A1B0 3C95 		.ascii	"\241\260<\225\371\354,\366&\216\262\272\364~=\031t\257\3569\257"
 168      F9EC 2CF6 
 168      268E B2BA 
 168      F47E 3D19 
 168      74AF EE39 
 169 017d EE99 6B75 		.ascii	"\356\231kue\327\352\212\337\322Egu\025\355(\376\332\225\017\267"
 169      65D7 EA8A 
 169      DFD2 4567 
 169      7515 ED28 
 169      FEDA 950F 
 170 0192 E1F6 B772 		.ascii	"\341\366\267r\270\277/9\371PC?\246\352\237\364\177\f\235gC\363"
 170      B8BF 2F39 
 170      F950 433F 
 170      A6EA 9FF4 
 170      7F0C 9D67 
 171 01a8 FF31 34C7 		.ascii	"\37714\307\206\346\\\206n5\254\222\363\330\355\221\203\355\315"
 171      86E6 5C86 
 171      6E35 AC92 
 171      F3D8 ED91 
 171      83ED CD
 172 01bb 78DC C73C 		.ascii	"x\334\307<J\\\335oU\272\230\351\271\353\1773\364\305y\317\256"
 172      4A5C DD6F 
 172      55BA 98E9 
 172      B9EB 7F33 
 172      F4C5 79CF 
 173 01d0 2A6C 0CDD 		.ascii	"*l\f\335\257\031\007\216\272\304\345+k\3435\311\0017L\351\265"
 173      AF19 078E 
 173      BAC4 E52B 
 173      6BE3 35C9 
 173      0137 4CE9 
 174 01e5 C569 BCA2 		.ascii	"\305i\274\242I\317`\231\342\316R\234-\316\361P\347y\356\013\250"
 174      49CF 6099 
 174      E2CE 529C 
 174      2DCE F150 
 174      E779 EE0B 
 175 01fa 925C C422 		.ascii	"\222\\\304\"\327\030\213\317\345B\177k\370l\021\306\n\325\270"
 175      D718 8BCF 
 175      E542 7F6B 
 175      F86C 11C6 
 175      0AD5 B8
 176 020d 8405 926E 		.ascii	"\204\005\222n\314\221\\\306\013\222\b,\222\036\024Iz\361\030"
 176      CC91 5CC6 
 176      0B92 082C 
 176      921E 1449 
 176      7AF1 18
 177 0220 510D ABEA 		.ascii	"Q\r\253\352\353\017\370Ip\323"
 177      EB0F F849 
 177      70D3 
 178               		.text
 179               		.section	.gnu.lto_KeyboardReport.317194af70513d37,"",@progbits
 180 0000 789C 4D94 		.string	"x\234M\224\371SSW\034\305\337M\330,[7\353\226\326\245\265\266v\023\334\320.\376\252\277\3
 180      F953 5357 
 180      1CC5 DF4D 
 180      D82C 5B37 
 180      EB96 D6A5 
 181 00f1 7CF5 3C74 		.string	"|\365<t\321\254p?\260\365\212{\231\231\343\201\275]\003G\225\271\017\224\377\346m'\373\33
 181      D1AC 703F 
 181      B0F5 8A7B 
 181      9999 E381 
 181      BD5D 0347 
 182 0130 2345 6D5E 		.string	"#Em^&\336\004l\361\235\251KP\356O\300\342\232\310\223x\345&\311\031\005\3756\272?\002gB\2
 182      26DE 046C 
 182      F19D A94B 
 182      50EE 4FC0 
 182      E29A C893 
 183 018c BC30 E31F 		.string	"\2740\343\037\341\263\337"
 183      E1B3 DF00 
 184 0194 AFBA BCC7 		.ascii	"\257\272\274\307\024\355\002\315\346\331\3160\325\3272\225c\250"
 184      14ED 02CD 
 184      E6D9 CE30 
 184      D5D7 3295 
 184      63A8 
 185 01a6 9C17 E79D 		.ascii	"\234\027\347\235\3347P\337\321\307\036v\306VkF\365\274\247\273"
 185      DC37 50DF 
 185      D1C7 1E76 
 185      C656 6B46 
 185      F5BC A7BB 
 186 01ba 94A1 BF92 		.ascii	"\224\241\277\222\227\3209\333\317\265\276\004\016\226\255\026"
 186      97D0 39DB 
 186      CFB5 BE04 
 186      0E96 AD16 
 187 01ca B187 F572 		.ascii	"\261\207\365r\ng]\371,\336\001\314\365\215E8\355\355\300\251"
 187      0A67 5DF9 
 187      2CDE 01CC 
 187      F58D 4538 
 187      EDED C0A9 
 188 01de F6E2 41DE 		.ascii	"\366\342A\336\243m\300\363W*u\316h+\320\235]\341$~!\307p\332"
 188      A36D C0F3 
 188      572A 75CE 
 188      682B D09D 
 188      5DE1 247E 
 189 01f6 31C7 1889 		.ascii	"1\307\030\211rd\341\366V\016\351s\340\375\332\361LE\026y\253"
 189      7264 E1F6 
 189      560E E973 
 189      E0FD DAF1 
 189      4C45 1679 
 190 020b 9A1A 5D42 		.ascii	"\232\032]B\341\026`(t\251\200\333n\216\035\2500\006:a\177\035"
 190      E116 6028 
 190      74A9 80DB 
 190      6E8E 1DA8 
 190      3006 3A61 
 191 0221 4C56 B851 		.ascii	"LV\270Q\216\254\310q*I\341\006`t\341\364\004\017\362\263\330"
 191      8EAC C871 
 191      2A49 E106 
 191      6074 E1F4 
 191      040F F2B3 
 192 0236 FE84 D1DF 		.ascii	"\376\204\321\337\324r\211\213\356\247re=g\221\r}\002\274\025"
 192      D472 898B 
 192      EEA7 7265 
 192      3D67 910D 
 192      7D02 BC15 
 193 024a 5CF6 7044 		.ascii	"\\\366pD\037\313\356\233\003/\230\352#`\317d[\t\367\375\020X"
 193      1FCB EE9B 
 193      032F 98EA 
 193      2360 CF64 
 193      5B09 F7FD 
 194 0260 391D A9E4 		.ascii	"9\035\251\344\312\351\261C\320\214!\254\364\333Vy\220i\300\313"
 194      CAE9 B143 
 194      D08C 21AC 
 194      F4DB 5679 
 194      9069 C0CB 
 195 0274 A3FA 4376 		.ascii	"\243\372Cv\237\n\\\n\027x\271r\n\260A\267yx\027Br\240\275^\273"
 195      9F0A 5C0A 
 195      1778 B972 
 195      0AB0 41B7 
 195      7978 1742 
 196 028d 4E3B 59AE 		.ascii	"N;Y\2565\331\265\302\343\370@\236\263\177\252\236_\206\240\254"
 196      35D9 B5C2 
 196      E3F8 409E 
 196      B37F AA9E 
 196      5F86 A0AC 
 197 02a1 AEA8 BEEA 		.ascii	"\256\250\276\352f\365\272\330s\027\306\271\257\3353a\334\263"
 197      66F5 BAD8 
 197      7317 C6B9 
 197      AFDD 3361 
 197      DCB3 
 198 02b3 B577 5018 		.ascii	"\265wP\030\357`\227\257\247\212\357\312%\271V\267\335\371\377"
 198      EF60 97AF 
 198      A78A EFCA 
 198      25B9 56B7 
 198      DDF9 FF
 199 02c6 1B1B 17FB 		.ascii	"\033\033\027\373\225\021\306Wfm'\315\330i\355\323 \214OC\364"
 199      9511 C657 
 199      666D 27CD 
 199      D869 EDD3 
 199      208C 4F43 
 200 02db F7EA E359 		.ascii	"\367\352\343Y\325\326\334\177\254\326\f\207\331$2,B\027\026\221"
 200      D5D6 DC7F 
 200      ACD6 0C87 
 200      D924 322C 
 200      4217 1691 
 201 02ef 6911 E5F8 		.ascii	"i\021\345\370\265\b-@\363\320Sh\016\232\205\242B\371\021\241"
 201      B508 2D40 
 201      F3D0 5368 
 201      0E9A 85A2 
 201      42F9 11A1 
 202 0303 CA67 A097 		.ascii	"\312g\240\227\320^\013>\232\0261\rMA\223P-\364\026\232\200\306"
 202      D05E 0B3E 
 202      9A16 310D 
 202      4D41 9350 
 202      2DF4 169A 
 203 0319 A1E7 D018 		.ascii	"\241\347\320\030\324\004\275\201F\241\021.\027\206nC!\250\021"
 203      D404 BD81 
 203      46A1 112E 
 203      1786 6E43 
 203      21A8 11
 204 032c 1A86 AAA0 		.ascii	"\032\206\252\240\327\364\207\240fh\020\272\013\r\260\376?\372"
 204      D7F4 87A0 
 204      6668 10BA 
 204      0B0D B0FE 
 204      3FFA 
 205 033e 41D6 BFE2 		.ascii	"A\326\277\342\363\001\326\373\351\3673\256\217q\275B\345\355"
 205      F301 D6FB 
 205      E9F7 33AE 
 205      8F71 BD42 
 205      E5ED 
 206 0350 639E 5EE6 		.ascii	"c\236^\346\375\027\352\204^0\3573\372=P7\324E\277\203\377og\216"
 206      FD17 EA84 
 206      5E30 EF33 
 206      FA3D 5037 
 206      D445 BF83 
 207 0368 361E D313 		.ascii	"6\036\323\023\346he\216\026\346x\314\372G\314\361\220~\003s<"
 207      E668 658E 
 207      16E6 78CC 
 207      FA47 CCF1 
 207      907E 0373 
 208 037d 60CE 3AE6 		.ascii	"`\316:\346\360\260\256\206\353\273\311\367\271\276\213\365\325"
 208      F0B0 AE86 
 208      EBBB C9F7 
 208      B9BE 8BF5 
 208      D5
 209 038e 5005 748F 		.ascii	"P\005t\217\347r\207\365\267\350;Y_\t\335\204n\260\376:\375kP"
 209      E772 87F5 
 209      B7E8 3B59 
 209      5F09 DD84 
 209      6EB0 FE3A 
 210 03a5 99B0 6862 		.ascii	"\231\260hbIdi\357\001\204\025[}"
 210      4964 69EF 
 210      0184 155B 
 210      7D
 211               		.text
 212               		.section	.gnu.lto_SharedReport.317194af70513d37,"",@progbits
 213 0000 789C 5597 		.ascii	"x\234U\227WW\243\311\021\206\32503;\273\223\354\365:c{\235s\330"
 213      5757 A3C9 
 213      1186 D530 
 213      333B BB93 
 213      ECF5 3A63 
 214 0018 597B 3D8E 		.ascii	"Y{=\216{k\337\370\037\330\227\376\r\276\262E\0229\007\2118\304"
 214      7B6B DFF8 
 214      1FD8 97FE 
 214      0DBE B245 
 214      1239 0789 
 215 002e 2183 8842 		.ascii	"!\203\210BBdD\316Y#!\004\b\004\002\221$\020\031W}\375\302\321"
 215      4264 44CE 
 215      5923 2104 
 215      0804 0291 
 215      2410 1957 
 216 0046 704E 9FE2 		.ascii	"pN\237\3429U]\241\273\272\277\326\003\225P\361\237\353C\025\376"
 216      3955 5DA1 
 216      BBBA BFD6 
 216      0395 50F1 
 216      9FEB 4315 
 217 005b 53A9 AE43 		.ascii	"S\251\256C\204\336\034\345}\356\017\211\016U\211\036A\354\310"
 217      84DE 1CE5 
 217      7DEE 0F89 
 217      0E55 891E 
 217      41EC C8
 218 006e 3957 0B66 		.ascii	"9W\013f!Z\231[\006\2064\217\245\236\361\372\252\255\360\205T"
 218      215A 995B 
 218      0686 348F 
 218      A59E F1FA 
 218      AAAD F085 
 219 0083 B730 DFE4 		.ascii	"\2670\337\344z\232\236Hu\032\363\332\356\206\356\261\32473\367"
 219      7A9A 9E48 
 219      751A F3DA 
 219      EE86 EEB1 
 219      D437 33F7 
 220 0097 1DEB 2B9E 		.ascii	"\035\353+\236J}(aGQ\345\233'R\335\304jsj\341\004\242\237p6\365"
 220      4A7D 2861 
 220      4751 E59B 
 220      2752 DDC4 
 220      6A73 6AE1 
 221 00b1 FB9B FF96 		.ascii	"\373\233\377\226\352FV\317\027k\2350\3273\217g\033?\223\326Y"
 221      EA46 56CF 
 221      176B 9D30 
 221      D733 8F67 
 221      1B3F 93D6 
 222 00c6 8CE9 9763 		.ascii	"\214\351\227c\331\037Hu\003\263\3456\320\363B\352C\bG\033\027"
 222      D91F 4875 
 222      03B3 E536 
 222      D0F3 42EA 
 222      4308 471B 
 223 00db 7B91 4B3D 		.ascii	"{\221K=\253Mi\261\235\340:\346\272\267&G\210\344Z\346\305\255"
 223      AB4D 69B1 
 223      9DE0 3AE6 
 223      BAB7 2647 
 223      88E4 5AE6 
 224 00f1 D2C1 E792 		.ascii	"\322\301\347\222k\230G\312LW\310\375!\341\226n\245\r\321\252"
 224      6B98 47CA 
 224      4C57 C8FD 
 224      21E1 966E 
 224      A50D D1AA 
 225 0105 1577 7186 		.ascii	"\025wq\206\370\007\222\253\230}\225M\205p_\311|a\\)y \247\377"
 225      F807 92AB 
 225      987D 954D 
 225      8570 5FC9 
 225      7C61 5C29 
 226 011d 9430 277E 		.ascii	"\2240'~\376_R[\301\332\212\327s\363O%\277a\366k\307\255\310\375"
 226      FE5F 525B 
 226      C1DA 8AD7 
 226      73F3 4F25 
 226      BF61 F66B 
 227 0135 EB84 A763 		.ascii	"\353\204\247c\246\"\250\313Y\235\333\341\037}(\325\217\t\023"
 227      A622 A8CB 
 227      599D DBE1 
 227      1F7D 28D5 
 227      8F09 13
 228 0148 9A7C E50F 		.ascii	"\232|\345\017\245\272\214\325\275q\001\013r+en\2329\t\017\225"
 228      A5BA 8CD5 
 228      BD71 010B 
 228      722B 656E 
 228      9A39 090F 
 229 015d 5CC2 DC51 		.ascii	"\\\302\334Q\325\340~$\247\2073O\333f\033\260\215\305\312\266"
 229      D5E0 7E24 
 229      A787 334F 
 229      DB66 1BB0 
 229      8DC5 CAB6 
 230 0171 AEA6 A6BE 		.ascii	"\256\246\246\276'\271\2109\273\245\275\032\013\377\232Y\223\266"
 230      27B9 8839 
 230      BBA5 BD1A 
 230      0BFF 9A59 
 230      93B6 
 231 0183 5E8A 7D3A 		.ascii	"^\212}:T\266\335?\355\204\377B\3469m\342-\346\0270\333\233rM"
 231      54B6 DD3F 
 231      ED84 FF42 
 231      E639 6DE2 
 231      2DE6 1730 
 232 019b 483F 5FE9 		.ascii	"H?_\351\252\236\311e\304\377!w\305\356R\rV:\217\325\r{\306\363"
 232      AA9E C965 
 232      C4FF 2177 
 232      C5EE 520D 
 232      563A 8FD5 
 233 01b3 6752 CD5D 		.ascii	"gR\315]\340mi\367>\223\352\\VoT\334h1\373\313\204]\331\246\f"
 233      E06D 69F7 
 233      3E93 EA5C 
 233      566F 54DC 
 233      6831 FBCB 
 234 01cc EC5B 0EAB 		.ascii	"\354[\016\253\227\0333\364X\233\003e\337\"\222*\020\\\307\354"
 234      971B 33F4 
 234      589B 0365 
 234      DF22 922A 
 234      105C C7EC 
 235 01e0 2E4F 1979 		.ascii	".O\031y_\262\226\371<\220\037\300\342e\007w\225\220]\345\217"
 235      5FB2 96F9 
 235      3C90 1FC0 
 235      E265 0777 
 235      9590 5DE5 
 236 01f5 8F0E 844A 		.ascii	"\217\016\204Jw\357\021z\2725.,U&\253\023s\333^\343\200d(\333"
 236      77EF 117A 
 236      BA35 2E2C 
 236      5526 AB13 
 236      73DB 5EE3 
 237 020d 5C75 667E 		.ascii	"\\uf~$9\375\235\023!\344\211\360\rT\3720?\225Y\237\323\257F6"
 237      2439 FD9D 
 237      1321 E489 
 237      F00D 54FA 
 237      303F 9559 
 238 0226 29CC 3D87 		.ascii	")\314=\207{\311\3106\231\331f\037\357\306V&1G\271\366'\341/\221"
 238      7BC9 C836 
 238      99D9 661F 
 238      EFC6 5626 
 238      3147 B9F6 
 239 023e B9BD CC5D 		.ascii	"\271\275\314]\002N`\356<\367\\\202\343\225\255\324m\025ck\342"
 239      024E 60EE 
 239      3CF7 5C82 
 239      E395 ADD4 
 239      6D15 636B 
 240 0253 94D6 3086 		.ascii	"\224\3260\206\233\261un\346\332\211!;\364\261\314\013I\231\371"
 240      9BB1 756E 
 240      E6DA 8921 
 240      3BF4 B1CC 
 240      0B49 99F9 
 241 0267 D8BA 18A5 		.ascii	"\330\272\030\245\255W\216zp\242\235\312\tvY\226\220\217\2069"
 241      AD57 8E7A 
 241      70A2 9DCA 
 241      0976 5996 
 241      908F 8639 
 242 027b 30D4 1540 		.ascii	"0\324\025@\274h\346\244\262\346\024\254f\024s\370D\214\016\233"
 242      BC68 E6A4 
 242      B2E6 14AC 
 242      6614 73F8 
 242      448C 0E9B 
 243 028f 17A9 D847 		.ascii	"\027\251\330G\353\022\261>\021\357\314W\311\371\367\255)dk\266"
 243      EB12 B13E 
 243      11EF CC57 
 243      C9F9 F7AD 
 243      2964 6BB6 
 244 02a3 6D8D 0C22 		.ascii	"m\215\f\"\236\372\235VU\311V\255.u\026b\375n\271Y\\\227u&\324"
 244      9EFA 9D56 
 244      55C9 56AD 
 244      2E75 1662 
 244      FD6E B959 
 245 02bc F788 3B6F 		.ascii	"\367\210;o\327\226\207Sx\303\352\232\266r\223\220\352\367\271"
 245      D796 8753 
 245      78C3 EA9A 
 245      B672 9390 
 245      EAF7 B9
 246 02cf 51EB 6F7B 		.ascii	"Q\353o{P\3755\253\323\302}\225\360v\305\\vP\344Bg^2\017\306z"
 246      50FD 35AB 
 246      D3C2 7D95 
 246      F076 C55C 
 246      7650 E442 
 247 02e9 D5A8 E682 		.ascii	"\325\250\346\2029n\270i\r\331\2363\307\256\305\314!\3333\346"
 247      396E B869 
 247      0DD9 9E33 
 247      C7AE C5CC 
 247      21DB 33E6 
 248 02fd D9C3 F102 		.ascii	"\331\303\361\002T\367\005\336L\335f\003\232%\300\352e\255c\006"
 248      54F7 05DE 
 248      4CDD 6603 
 248      9A25 C0EA 
 248      65AD 6306 
 249 0311 E14E 55C1 		.ascii	"\341NU\301\367\237\220\367\337l~\3046Z\333\317\0349\355\363#"
 249      F79F 90F7 
 249      DF6C 7EC4 
 249      365A DBCF 
 249      1C39 EDF3 
 250 0326 5D9F 2AF8 		.ascii	"]\237*\370\234\252\3449\315\t\264\336\265\3661\353OS\303\223"
 250      9CAA E439 
 250      CD09 B4DE 
 250      B5F6 31EB 
 250      4F53 C393 
 251 033a D0BB 3F22 		.ascii	"\320\273?\"\274\365\214\345\301\335\021\253ow\254\2450?d\016"
 251      BCF5 8CE5 
 251      C1DD 11AB 
 251      6F77 ACA5 
 251      303F 640E 
 252 034e F835 AB48 		.ascii	"\3705\253H\357\200\271m8:\026\275\272\317<\032\227Y\202\352\275"
 252      EF80 B96D 
 252      383A 16BD 
 252      BACF 3C1A 
 252      9759 82EA 
 253 0363 CC15 3399 		.ascii	"\314\0253\231\t\330\213\237\361\342Ei>\222\332=\326\0167\356"
 253      09D8 8B9F 
 253      F1E2 4569 
 253      3E92 DA3D 
 253      D60E 37EE 
 254 0377 6FA1 9376 		.ascii	"o\241\223v\225\235\031\253kDgx\230g\242\364\371H\356\0017\212"
 254      959D 19AB 
 254      6B44 6778 
 254      9867 A2F4 
 254      F948 EE01 
 255 038d 767C 02C1 		.ascii	"v|\002\301wXm/\311,\307}\272\315<\331\356\261#Y7\263\2411e\037"
 255      7758 6D2F 
 255      C92C C77D 
 255      BACD 3CD9 
 255      EEB1 2359 
 256 03a7 FA2D E6CC 		.ascii	"\372-\346\314\216\344U\3507\225dKO\373\020\316\305|\271\235i"
 256      8EE4 55E8 
 256      3795 644B 
 256      4FFB 10CE 
 256      C57C B99D 
 257 03bc C5CE 3F25 		.ascii	"\305\316?%\314\322\236\335\205\333`u\227U\343\302N\2563\367y"
 257      CCD2 9EDD 
 257      85DB 6075 
 257      9755 E3C2 
 257      4EAE 33F7 
 258 03d1 EC69 98BE 		.ascii	"\354i\230\276\306\034\321aM\303Z8\231\035\271s^\204[U:\305b\250"
 258      C61C D161 
 258      4DC3 5A38 
 258      991D B973 
 258      5E84 5B55 
 259 03e9 C3DA 3A98 		.ascii	"\303\332:\230\375'-:\234\213\025\245\3614\326\0024\242\235\271"
 259      FD27 2D3A 
 259      9C8B 15A5 
 259      F134 D602 
 259      34A2 9DB9 
 260 03fd BAC6 B580 		.ascii	"\272\306\265\200\3706\346\327\313\347z\370{\313<bk\237D\037\033"
 260      F836 E6D7 
 260      CBE7 7AF8 
 260      7BCB 3C62 
 260      6B9F 441F 
 261 0412 9473 A2BB 		.ascii	"\224s\242\273\250B>V\245\374\265\254n\330/3\253\223S\363\220"
 261      A842 3E56 
 261      A5FC B5AC 
 261      6ED8 2F33 
 261      AB93 53F3 
 262 0427 FF12 73BF 		.ascii	"\377\022s\277\263\371\006\371,2\257\225gd\302~A\331\235\206t"
 262      B3F9 06F9 
 262      2C32 AF95 
 262      6764 C27E 
 262      41D9 9D86 
 263 043c 07EE 9979 		.ascii	"\007\356\231yf\253I\335\211|\346\230\253\212F\273\260{\263\314"
 263      66AB 49DD 
 263      897C E698 
 263      AB8A 46BB 
 263      B07B B3CC 
 264 0450 036B 0DB5 		.ascii	"\003k\r\265\320\3170\317m\025Ga\3764\263)'\346\037\022\247\224"
 264      D0CF 30CF 
 264      6D15 4761 
 264      FE34 B329 
 264      27E6 1F12 
 265 0466 CE5E 1DFC 		.ascii	"\316^\035\374\217\304I\306\335\256\312^\314\236P\005\237j\225"
 265      8FC4 49C6 
 265      DDAE CA5E 
 265      CC9E 5005 
 265      9F6A 95
 266 0479 3CD5 5333 		.ascii	"<\325S3\201B4\3668\353{\003\346=\254\366\030sm|\362\fxT\371$"
 266      8142 34F6 
 266      38EB 7B03 
 266      E63D ACF6 
 266      1873 6D7C 
 267 0493 AC06 AEC1 		.ascii	"\254\006\256\301#\314\t\226\326A\314\037f\366$\246N\242\372!"
 267      23CC 0996 
 267      D641 CC1F 
 267      66F6 24A6 
 267      4EA2 FA21 
 268 04a7 66A7 BB79 		.ascii	"f\247\273y\003\325\f*\007c\274\341\356ska\316_\355s`u\006\230"
 268      03D5 0C2A 
 268      0763 BCE1 
 268      EE73 6B61 
 268      CE5F ED73 
 269 04bf 8FE7 3D4D 		.ascii	"\217\347=M\360\337\317\274h>6\301_\037\263Q]\273\202\371\275"
 269      F0DF CFBC 
 269      683E 36C1 
 269      5F1F B351 
 269      5DBB 82F9 
 270 04d4 AAE0 5B48 		.ascii	"\252\340[H%o!\303~\215\001'\245\207y=2]\r\373\317yzj\327\t\334"
 270      256F 21C3 
 270      7E8D 0127 
 270      A587 793D 
 270      325D 0DFB 
 271 04ef FF95 3FA7 		.ascii	"\377\225?\247U\366ad\367\027\302\224H\307\177%\375\231\250r+"
 271      55F6 6164 
 271      F717 C294 
 271      48C7 7F25 
 271      FD99 A872 
 272 0504 3F19 CF8E 		.ascii	"?\031\317\216Wl;\225\265\203+\342O|\003\034N_C\373\001a\263\365"
 272      576C 3B95 
 272      B583 2BE2 
 272      4F7C 031C 
 272      4E5F 43FB 
 273 051c 6C09 87E2 		.ascii	"l\t\207\342\217\274\013\226\355R\244\375\207`WBq\325g\353\214"
 273      8FBC 0B96 
 273      ED52 A4FD 
 273      8760 5742 
 273      71D5 67EB 
 274 0531 454B FD9E 		.ascii	"EK\375\236;:\353b\026\370\031\341\352\274;"
 274      3B3A EB62 
 274      16F8 19E1 
 274      EABC 3B
 275 0540 1F4B FA3B 		.string	"\037K\372;\302\245\351\365\277I\372-Q\372\356\301\0242\376\224\260u+\356\356Z|IX\322=\371
 275      C2A5 E9F5 
 275      BF49 FA2D 
 275      51FA EEC1 
 275      1432 FE94 
 276 0641 ED47 ECD9 		.ascii	"\355G\354\331\250\271@A_\"lt^\231\261\346\037r\365C\216\273["
 276      A8B9 4041 
 276      5F22 6C74 
 276      5E99 B1E6 
 276      1F72 F543 
 277 0658 ED8B C19F 		.ascii	"\355\213\301\237?\241|\376\352\217\375\365\360\374\202{\327\036"
 277      3FA1 7CFE 
 277      EA8F FDF5 
 277      F0FC 827B 
 277      D71E 
 278 066a 7E77 453D 		.ascii	"~wE=',\365\030\373Q\356\263\340\373Z(\367\365\2225\312\b|\022"
 278      272C F518 
 278      FB51 EEB3 
 278      E0FB 5A28 
 278      F7F5 9235 
 279 0682 DCF7 42E9 		.ascii	"\334\367B\351\373\373\317\272P>\353\367o6\241\274\331\356\337"
 279      FBFB CFBA 
 279      503E EBF7 
 279      6F36 A1BC 
 279      D9EE DF
 280 0695 0442 7913 		.ascii	"\004By\023\334?\344\205\362\220\277\377\016\t\345;t\377\023E"
 280      DC3F E485 
 280      F290 BFFF 
 280      0E09 E53B 
 280      74FF 1345 
 281 06a9 283F 51EE 		.ascii	"(?Q\356\177D\b\345G\204\356\315\372\307\257\332\324\261Ej\347"
 281      7F44 08E5 
 281      4784 EECD 
 281      FAC7 AFDA 
 281      D4B1 456A 
 282 06be 3FA3 4343 		.ascii	"?\243CC\304'a\302(\302\304\3130z\364\207\211\233\2200qJ\362\232"
 282      C427 61C2 
 282      28C2 C4CB 
 282      307A F487 
 282      899B 9030 
 283 06d6 640B C92B 		.ascii	"d\013\311+\222\307$/C\244\376\202\344\001\311s\350?\225\346g"
 283      92C7 242F 
 283      43A4 FE82 
 283      E401 C973 
 283      E83F 95E6 
 284 06eb 5007 607E 		.ascii	"P\007`~Jr\232\344I\210\364\356\207[\037\311\036\222\307\260?"
 284      4A72 9AE4 
 284      4988 F4EE 
 284      875B 1FC9 
 284      1E92 C7B0 
 285 0700 22D9 49F2 		.ascii	"\"\331I\362\220d\037\311\003\222\263$\3671\337Kr\222\344\036"
 285      9064 1FC9 
 285      0392 B324 
 285      F731 DF4B 
 285      7292 E41E 
 286 0714 EC77 4936 		.ascii	"\354wI6\221\364\300~\207d\003\311m\350\335$\007In!\275M\304w"
 286      91F4 C07E 
 286      8764 03C9 
 286      6DE8 DD24 
 286      0749 6E21 
 287 072c 41BF 813C 		.ascii	"A\277\201<\326I\256\321p\202WI:h\254 \276\035~l\210\377\226\244"
 287      D649 AED1 
 287      7082 5749 
 287      3A68 AC20 
 287      BE1D 7E6C 
 288 0744 9986 15F1 		.ascii	"\231\206\025\361\227\341\177\t\361\027\221\317\002\346\315\223"
 288      97E1 7F09 
 288      F117 91CF 
 288      02E6 CD93 
 289 0754 F493 9C83 		.ascii	"\364\223\234\203\377Y\326\323\230\201\377i\330M\301\377$\374"
 289      FF59 D6D3 
 289      9881 FF69 
 289      D84D C1FF 
 289      24FC 
 290 0766 4FC0 FF38 		.ascii	"O\300\3778\362\035\203\377Q\370\037\301\274a\370\037B}\203$\263"
 290      F21D 83FF 
 290      51F8 1FC1 
 290      BC61 F81F 
 290      427D 8324 
 291 077b 6958 680C 		.ascii	"iXh\f\320\350G\274^\344\331\203\270\335\230\337\205\270\235\210"
 291      D0E8 47BC 
 291      5EE4 D983 
 291      B8DD 98DF 
 291      85B8 9D88 
 292 078f DB81 B826 		.ascii	"\333\201\270&\3045\"n;\342\0320\257\rq[IV\220l\201lF\036M\230"
 292      C435 226E 
 292      3BE2 1A30 
 292      AF0D 715B 
 292      4956 906C 
 293 07a9 DF88 BAF5 		.ascii	"\337\210\272\365\354\207F=\372\242\016\372Z\264Q\r\311:\222\325"
 293      EC87 463D 
 293      FAA2 0EFA 
 293      5AB4 510D 
 293      C93A 92D5 
 294 07bd E88B 2AE8 		.ascii	"\350\213*\350+I&\260o\032\3054\336\240\037\312QG\031"
 294      2B49 26B0 
 294      6F1A C534 
 294      DEA0 1FCA 
 294      5147 19
 295 07d0 EC4A 4946 		.ascii	"\354JIF\323(\201]\021\354^\243\236B\330\025\240\236|\222\327"
 295      D328 815D 
 295      11EC 5EA3 
 295      9E42 D815 
 295      A09E 7C92 
 296 07e5 24F3 50   		.ascii	"$\363P"
 297 07e8 4F2E EC73 		.string	"O.\354sP\207\016uh\261\236Y\250#\023~2PG:8\ru\244\222L\241\221\214:\222\240OD\035\3614\"i
 297      5087 0E75 
 297      68B1 9E59 
 297      A823 137E 
 297      3250 473A 
 298               		.text
 299               		.section	.gnu.lto_.symbol_nodes.317194af70513d37,"",@progbits
 300 0000 789C 6361 		.string	"x\234ca`d\bf"
 300      6064 0866 
 300      00
 301 0009 02A6 B70C 		.string	"\002\246\267\f\365\f\f\023\3161\200\250]\r\212\f\f\254\257\030\030\032\205\200R\254\257\0
 301      F50C 0C13 
 301      CE31 80A8 
 301      5D0D 8A0C 
 301      0CAC AF18 
 302 0042 00        		.string	""
 303 0043 EA02 0F9B 		.ascii	"\352\002\017\233"
 304               		.text
 305               		.section	.gnu.lto_.refs.317194af70513d37,"",@progbits
 306 0000 789C 6361 		.string	"x\234ca`dPg``\340a`b\024bb\222bbVbb\261`b\265`b\004\223l\026L\314\026LL`6\273\005\003"
 306      6064 5067 
 306      6060 E061 
 306      6062 1462 
 306      6292 6262 
 307 002c 335B 02C3 		.ascii	"3[\002\303"
 308               		.text
 309               		.section	.gnu.lto_.decls.317194af70513d37,"",@progbits
 310 0000 789C AD59 		.string	"x\234\255Y{PTW\232\357sO\3234\315K!\311\2703T*5\222Z\366%N\315\354nfg\266&Fg\242\265\2766
 310      7B50 5457 
 310      9AEF 734F 
 310      D334 CD4B 
 310      21C9 B833 
 311 0096 3D80 3EC0 		.string	"=\200>\300\2330\360'\300f@\"\322(>\204\377\023\200\027\340\r\300!./\tx\313\340;\031\276k\
 311      9B30 F027 
 311      C066 4022 
 311      D228 3E84 
 311      FF13 8017 
 312 00c3 5201 7F04 		.string	"R\001\177\004\244\001:\241?\035\276w\001r"
 312      A401 3AA1 
 312      3F1D BE77 
 312      0172 00
 313 00d2 FB00      		.string	"\373"
 314 00d4 7980 7C40 		.string	"y\200|@\001`\023\240\020\220"
 314      0160 13A0 
 314      1090 00
 315 00df D002 B70D 		.string	"\320\002\267\rp\021`\206\266\t\311k'k8"
 315      7011 6086 
 315      B609 C96B 
 315      276B 3800 
 316 00ef 8D22 C041 		.string	"\215\"\300A@1\240\004P\212d;\016\001\312"
 316      4031 A004 
 316      508A 643B 
 316      0E01 CA00 
 317 00ff E548 69E7 		.string	"\345Hi\347ah\037\001T"
 317      6168 1F01 
 317      5400 
 318 0109 8E3A B097 		.string	"\216:\260\227\360\235\270-\267"
 318      F09D B82D 
 318      B700 
 319 0113 3E80 2B1A 		.string	">\200+\032\266~-_\323\005\276\276;\032\373\237\036\316\375k\347\367\375\037\347\277\311}\
 319      B67E 2D5F 
 319      D305 BEBE 
 319      3B1A FB9F 
 319      1ECE FD6B 
 320 0143 1DC0 89F0 		.string	"\035\300\211\360"
 320      00
 321 0148 EE00      		.string	"\356"
 322 014a 6780 2B00 		.string	"g\200+"
 323 014e 1379 C8BE 		.string	"\023y\310\276.\342o\275J\327*\350\363\007,\002|\316s`\256\225\356"
 323      2EE2 6FBD 
 323      4AD7 2AE8 
 323      F307 2C02 
 323      7CCE 7360 
 324 0166 682F 07AC 		.string	"h/\007\254"
 324      00
 325 016b AC04 FC27 		.string	"\254\004\374'\340\237"
 325      E09F 00
 326 0172 FF08 F87B 		.string	"\377\b\370{\300\337\001\374"
 326      C0DF 01FC 
 326      00
 327 017b 7F0B F800 		.string	"\177\013\370"
 328 017f B000      		.string	"\260"
 329 0181 F06F 805F 		.string	"\360o\200_\003~\005x\037\360\033\300\277\003\326\001B"
 329      037E 0578 
 329      1FF0 1BC0 
 329      BF03 D601 
 329      4200 
 330 0193 6B00      		.string	"k"
 331 0195 4640 3060 		.string	"F@0`5 \b\020\001\210D,\207\242"
 331      3520 0810 
 331      0188 442C 
 331      87A2 00
 332 01a4 5FF0 5C0A 		.string	"_\360\\\nw`\013\311\007\314m!y\266\311\001\217|\022U\334\204\031\270S\002\312\237x5\204G\
 332      7760 0BC9 
 332      07CC 6D21 
 332      79B6 C901 
 332      8F7C 1255 
 333 023e 3A0B A113 		.ascii	":\013\241\023\224\364\247\306\244\270\031\370\214\204\357\234"
 333      94F4 A7C6 
 333      A4B8 19F8 
 333      8C84 EF9C 
 334 024e 81CA 9001 		.ascii	"\201\312\220\001fmo\315\330\346r\027\265!\310+\356\031\204\244"
 334      666D 6FCD 
 334      D8E6 7217 
 334      B521 C82B 
 334      EE19 84A4 
 335 0262 2F44 7ED2 		.ascii	"/D~\322&\"?IC\320\360=\216X\027\005\377\342\024\376S\026F\377"
 335      2622 3F49 
 335      43D0 F03D 
 335      8E58 1705 
 335      FFE2 14FE 
 336 027a 10FF 392D 		.ascii	"\020\3779-}\250\020\326)\313\"]\202%\036t\026\035'Y\217\344\251"
 336      7DA8 10D6 
 336      29CB 225D 
 336      8225 1E74 
 336      161D 2759 
 337 0291 88C9 23FD 		.ascii	"\210\311#\375\210\257\304Z0[\267\225\\\2444\016I1;\223\220|F"
 337      88AF C45A 
 337      305B B795 
 337      5CA4 340E 
 337      4931 3B93 
 338 02a8 8F7F 4E63 		.ascii	"\217\177Nc\366\240s\377\220\223\333\026\213\307\32127\213\007"
 338      F6A0 73FF 
 338      9093 DB16 
 338      8BC7 D132 
 338      378B 07
 339 02bb 35E8 0872 		.ascii	"5\350\br\343s\316?,\271\252\323\n\254\017\255\326\222\276\364"
 339      E373 CE3F 
 339      2CB9 AAD3 
 339      0AAC 0FAD 
 339      D692 BEF4 
 340 02cf 92E2 1637 		.ascii	"\222\342\0267\332G\242X\201hgmz\322A\027K\347Q\326\331\030\177"
 340      DA47 A258 
 340      8168 676D 
 340      7AD2 4117 
 340      4BE7 51D6 
 341 02e6 6D42 3B27 		.ascii	"mB;'\215D\276F\024\337At\354\347>h>Qr\034\315\201\377\307\220"
 341      8D44 BE46 
 341      14DF 4174 
 341      ECE7 3E68 
 341      3E51 721C 
 342 02ff 9669 BA12 		.ascii	"\226i\272\022\267\355\n\372i\216\230S.ve\306/\317>\232\"\212"
 342      B7ED 0AFA 
 342      698E 9853 
 342      2E76 65C6 
 342      2FCF 3E9A 
 343 0315 3A2D 61A1 		.ascii	":-a\241\303r\242\300O\362U\216\356\202\221\225\350\2470q8\255"
 343      C372 A2C0 
 343      4FF2 558E 
 343      EE82 9195 
 343      E8A7 3071 
 344 032b A6CE 1D7F 		.ascii	"\246\316\035\177F\315j\03693\216\361W\364\367\275\366\201\207"
 344      46CD 6A1E 
 344      3933 8EF1 
 344      57F4 F7BD 
 344      F681 87
 345 033e 0856 84AA 		.ascii	"\bV\204\252\350\034\350\271\276\261|/f\211\252%\023\033\367\334"
 345      E81C E8B9 
 345      BEB1 7C2F 
 345      6689 AA25 
 345      131B F7DC 
 346 0352 F760 89FA 		.ascii	"\367`\211\372\0164G.?\275\243\303q\210N~T_\365\332\025oc\215"
 346      0E34 472E 
 346      3FBD A3C3 
 346      7188 4E7E 
 346      545F F5DA 
 347 036a B2B8 9E22 		.ascii	"\262\270\236\"=\020}`\233 \253]\342\303vIQ\366\001X@\"\345\n"
 347      3D10 7D60 
 347      9B20 AB5D 
 347      E2C3 7649 
 347      51F6 0158 
 348 0382 C77B 1F37 		.ascii	"\307{\0377\t\310\340GS\263&G\324Aj2\213\3219HL\037\236\2305\340"
 348      09C8 E047 
 348      53B3 2647 
 348      D441 6A32 
 348      8BD1 3948 
 349 039c EB33 E06B 		.ascii	"\3533\340k\276+\306=\351\256\250\005\367\234\225\215\3651\260"
 349      BE2B C63D 
 349      E9AE A805 
 349      F79C 958D 
 349      F531 B0
 350 03af 75        		.ascii	"u"
 351 03b0 1F39 3776 		.string	"\03797v\307\r\357f\213)\337=\326a f\325If\345\244\365\247\353q\016\035\326\336\031\330\22
 351      C70D EF66 
 351      8B29 DF3D 
 351      D661 2066 
 351      D549 66E5 
 352 04b1 6F80 E35B 		.ascii	"o\200\343[d{VJ\311QZ9 x%\360\032\375>\"<\272\367o!/i\301$1\222"
 352      647B 564A 
 352      C951 5A39 
 352      2078 25F0 
 352      1AFD 3E22 
 353 04d0 464E 776B 		.ascii	"FNwk\301\261\276\276\211\214\253t\355U\022\244V\356\327\333\260"
 353      C1B1 BEBE 
 353      898C AB74 
 353      ED55 12A4 
 353      56EE D7DB 
 354 04e5 9A36 F0EB 		.ascii	"\2326\360\353\035k\277B*\3756\343\004\331\306\2556\251\004^\337"
 354      1D6B BF42 
 354      2AFD 36E3 
 354      04D9 C6AD 
 354      36A9 045E 
 355 04fa 3DB8 AE45 		.ascii	"=\270\256E\024w\315\241~?\005\353$\302,\366\371['\023\260\263"
 355      1477 CDA1 
 355      7E3F 05EB 
 355      24C2 2CF6 
 355      F95B 2713 
 356 0510 0723 1329 		.ascii	"\007#\023)\033V\211\25616Y4\3632%\202m\033\2223\307]\3611\346"
 356      1B56 89AE 
 356      3136 5934 
 356      F332 2582 
 356      6D1B 9233 
 357 0529 BF86 CB8D 		.ascii	"\277\206\313\215\375\202\224\031v\226\217:`\3253ZP\3231\270r"
 357      FD82 9419 
 357      7696 8F3A 
 357      60D5 335A 
 357      50D3 31B8 
 358 053e 8308 F3DA 		.ascii	"\203\b\363\332\201uWve\253\224\032-'\033\277\364\346\362/\314"
 358      8175 5776 
 358      65AB 941A 
 358      2D27 1BBF 
 358      F4E6 F22F 
 359 0553 245F A310 		.ascii	"$_\243\020\0163w\236{\272\331\360n\2368\224\003\325\253!$++\016"
 359      0E33 779E 
 359      7BBA D9F0 
 359      6E9E 3894 
 359      03D5 AB21 
 360 056b AA17 EA04 		.ascii	"\252\027\352\004\366\t\246\007}\003RN\002\252\211\243I\347\307"
 360      F609 A607 
 360      7D03 524E 
 360      02AA 89A3 
 360      49E7 C7
 361 057e 9082 F7D0 		.ascii	"\220\202\367\320\2730y\362Jn\265\200\033\005\007e\353p\327\344"
 361      BB30 79F2 
 361      4A6E B580 
 361      1B05 0765 
 361      EB70 D7E4 
 362 0592 375A 56B6 		.ascii	"7ZV\266\274\240\371\254\356\3003OV\266\022H\322\035,+\331\253"
 362      BCA0 F9AC 
 362      EEC0 334F 
 362      56B6 1248 
 362      D21D 2C2B 
 363 05a8 63AA 6B8E 		.ascii	"c\252k\216\374)F\254ATo\027\327{\037tv\003\276%z\273\270\336"
 363      FC29 46AC 
 363      4154 6F17 
 363      D77B 1F74 
 363      7603 BE25 
 364 05c0 1EAA F7EA 		.ascii	"\036\252\367\352\036\361\367\270\313\221\332\251\366\230\327"
 364      1EF1 F7B8 
 364      CB91 DAA9 
 364      F698 D7
 365 05cf 0253 EB01 		.ascii	"\002S\353\001\315\351\276\266<\027\246v\210\f\357\377\372j\237"
 365      CDE9 BEB6 
 365      3C17 A676 
 365      880C EFFF 
 365      FA6A 9F
 366 05e2 C0D5 36CB 		.ascii	"\300\3256\313j\037p\265\275\240\362\021\340!Q\373\200\253\355"
 366      6A1F 70B5 
 366      BDA0 F211 
 366      E021 51FB 
 366      80AB ED
 367 05f5 A36A 0BBB 		.ascii	"\243j\013\273\246b\021\036t\244w\363\371\316\233\210\351\235"
 367      A662 111E 
 367      74A4 77F3 
 367      F9CE 9B88 
 367      E99D 
 368 0607 6D75 9CF0 		.ascii	"mu\234\360\242\307\t\224q;\365k\204\247\331\344C#\243\207tl\314"
 368      A2C7 0994 
 368      713B F56B 
 368      84A7 D9E4 
 368      4323 A387 
 369 061e 931C 44D2 		.ascii	"\223\034D\322\306.z\342DL\307\322\357\236:b\300\271\254\361\252"
 369      C62E 7AE2 
 369      444C C7D2 
 369      EF9E 3A62 
 369      C0B9 ACF1 
 370 0633 37A5 8DCB 		.ascii	"7\245\215\313t#\016O\271>j\300\307\331\330\324P\323\224\033\033"
 370      7423 0E4F 
 370      B93E 6AC0 
 370      C7D9 D8D4 
 370      50D3 941B 
 371 0648 2367 8486 		.ascii	"#g\204\206\241\313"
 371      A1CB 
 372 064e A1B8 8E0D 		.string	"\241\270\216\r\35599z\311\211\r\351\ts\274u\310\035_ec\243[\342\306\370\305\304\231\\Lr\3
 372      ED39 397A 
 372      C989 0DE9 
 372      0973 BC75 
 372      C81D 5F65 
 373 074f FB91 CC20 		.ascii	"\373\221\314 \233t\233\340\207\022\004_\264\005\260\031\3605"
 373      9B74 9BE0 
 373      8712 045F 
 373      B405 B019 
 373      F035 
 374 0761 6003 201E 		.ascii	"`\003 \036\020\007\330\t\330\016\330\004\330\n\210\005l\024|"
 374      1007 D809 
 374      D80E D804 
 374      D80A 8805 
 374      6C14 7C
 375 0774 AD16 D329 		.ascii	"\255\026\323);\340\271z)\243HU\364\217\265\274\315V.]\"\024t"
 375      3BE0 B97A 
 375      29A3 4855 
 375      F48F B5BC 
 375      CD56 2E5D 
 376 078b 7FEB CA5F 		.ascii	"\177\353\312_>\376(\303\t\347\323\354\026\322\333z\237\270\251"
 376      3EFE 28C3 
 376      09E7 D3EC 
 376      16D2 DB7A 
 376      9FB8 A9
 377 079e 2BBF 9541 		.ascii	"+\277\225A(\031\354\370\377\260\2119\377n\032=?$\201\300D\301"
 377      2819 ECF8 
 377      FFB0 8939 
 377      FF6E 1A3D 
 377      3F24 81C0 
 378 07b4 7291 20B1 		.ascii	"r\221 \261\240K\233\254\333\273\317My\225p\260\026\315_\275\020"
 378      A04B 9BAC 
 378      DBBB CF4D 
 378      7995 70B0 
 378      16CD 5FBD 
 379 07c9 5073 B676 		.ascii	"Ps\266v`\217\336"
 379      608F DE
 380 07d0 7245 F99F 		.string	"rE\371\237\347E\2428\037\245\200\340~Ua\177L*l?\257\260\251\002\251\260\303\275\315m\030\
 380      E745 A238 
 380      1FA5 80E0 
 380      7E55 617F 
 380      4C2A 6C3F 
 381 0890 0AAD 93BA 		.ascii	"\n\255\223\272\253\342\361\373\231\261\327\340\307\2474\261\363"
 381      ABE2 F1FB 
 381      99B1 D7E0 
 381      C7A7 34B1 
 381      F3
 382 08a1 2109 0AAC 		.ascii	"!\t\n\2543\325\246\016e\255\225O\3219\234\355\250\302\356\261"
 382      33D5 A60E 
 382      65AD 954F 
 382      D139 9CED 
 382      A8C2 EEB1 
 383 08b5 E2E6 2AB9 		.ascii	"\342\346*\2716\345%\315\212\273O\311=\251.\031c\017\377+\206"
 383      36E5 25CD 
 383      8ABB 4FC9 
 383      3DA9 2E19 
 383      630F FF2B 
 384 08ca 9C6D 0AEC 		.ascii	"\234m\n\354\325\214\351\207\237\262\303\031\261'Om"
 384      D58C E987 
 384      9FB2 C319 
 384      B127 4F6D 
 385 08da 4FB1 7AA3 		.string	"O\261z\243N\254Q\356\323\002\207\373\264#s\250R\207\007h4\204\222\330\326\033\036\352}j\0
 385      4EAC 51EE 
 385      D302 87FB 
 385      B423 73A8 
 385      5287 0768 
 386 09db C6B7 69B0 		.ascii	"\306\267i\260\205\211\251\316\375ZG\t\rAF\365\020\333\037\032"
 386      8589 A9CE 
 386      FD5A 4709 
 386      0D41 46F5 
 386      10DB 1F1A 
 387 09ef 67BE 5DBB 		.ascii	"g\276]\273\331\255H\035\314>''v\225\224\330\007\352k+ya\375\t"
 387      D9AD 481D 
 387      CC3E 2727 
 387      7695 94D8 
 387      07EA 6B2B 
 388 0a07 49DF CA6F 		.ascii	"I\337\312oFu\370\031K\321\341\263\347n9\343M\316\264q\273\351"
 388      4675 F819 
 388      4BD1 E1B3 
 388      E76E 39E3 
 388      4DCE B471 
 389 0a1d 70BF 2B4E 		.ascii	"p\277+Na\215\221mO\273\005\234\355\354 \223;\016\212Mn\270\214"
 389      618D 916D 
 389      4FBB 059C 
 389      EDEC 2093 
 389      3B0E 8A4D 
 390 0a34 0E3B 775C 		.ascii	"\016;w\\\352\270/H\231\254\2600\003\254\203\330\240\313$\215"
 390      EAB8 2F48 
 390      99AC B030 
 390      03AC 83D8 
 390      A0CB 248D 
 391 0a48 1BB9 79CD 		.ascii	"\033\271y\315`^\013\230q\025p\r\320\004\270\2568\013d\367G\312"
 391      605E 0B98 
 391      7115 700D 
 391      D004 B8AE 
 391      380B 64F7 
 392 0a5e A1BE 0436 		.ascii	"\241\276\00465:\n\t\220\217~&\207\357\242\222k\223\344\325\237"
 392      353A 0A09 
 392      908F 7E26 
 392      87EF A292 
 392      6B93 E4D5 
 393 0a73 C907 9E0B 		.ascii	"\311\007\236\013\234k\211\236M\3526YI\276\242\224<\241N\335\364"
 393      9C6B 899E 
 393      4DEA 3659 
 393      49BE A294 
 393      3CA1 4EDD 
 394 0a88 7E96 BA8D 		.ascii	"~\226\272\2156\251\013\203\031\375\252\254it\2305G\013w\355\365"
 394      36A9 0B83 
 394      19FD AAAC 
 394      6974 9835 
 394      470B 77ED 
 395 0a9d C467 A963 		.ascii	"\304g\251c\205\324\242\213\371\356\310\217=\200\251i\355g\201"
 395      85D4 A28B 
 395      F9EE C88F 
 395      3D80 A969 
 395      ED67 81
 396 0ab0 BE05 936F 		.ascii	"\276\005\223o\310\201n\244\201v\344vt\023\274\375}<O\356\210"
 396      C881 6EA4 
 396      8176 E476 
 396      7413 BCFD 
 396      7D3C 4FEE 
 397 0ac5 3AF3 AA5C 		.ascii	":\363\252\\\361]\026\363\206\356G\035\b\367\262\306\353\303\365"
 397      F15D 16F3 
 397      86EE 471D 
 397      08F7 B2C6 
 397      EBC3 F5
 398 0ad8 67DD F02B 		.ascii	"g\335\360+\326\030\317\177\324\255\303\033\364\264\321\366<\271"
 398      D618 CF7F 
 398      D4AD C31B 
 398      F4B4 D1F6 
 398      3CB9 
 399 0aea 5D8F 9359 		.ascii	"]\217\223Y\343\333\330\236\337\343\"\366;\251\350\025\334\233"
 399      E3DB D89E 
 399      DFE3 22F6 
 399      3BA9 E815 
 399      DC9B 
 400 0afc 9D62 8DCD 		.ascii	"\235b\215\315]\261\351n\270Q\357 \233\266"
 400      5DB1 E96E 
 400      B851 EF20 
 400      9BB6 
 401 0b0a 16B5 A7B8 		.string	"\026\265\247\270\343\036:\354\022\277\271\376\242\023\262\334}\260P\274\312\362\224c\321\
 401      E31E 3AEC 
 401      12BF B9FE 
 401      A213 B2DC 
 401      7DB0 50BC 
 402 0c0b 2F00      		.string	"/"
 403 0c0d 2380 41B9 		.ascii	"#\200A\2714\202\306\241\337\221d!\207\230l\265\272\275j[&\235"
 403      3482 C6A1 
 403      DF91 6421 
 403      8798 6CB5 
 403      BABD 6A5B 
 404 0c23 C458 4CED 		.ascii	"\304XL\355>\257\266\273A\315\235\240\\\"\267U-\267[\235\206\367"
 404      3EAF B6BB 
 404      41CD 9DA0 
 404      5C22 B755 
 404      2DB7 5B9D 
 405 0c39 8C24 28C3 		.ascii	"\214$(\303\366\262\360^\274\257\354\220#jI\207\005\353R\227\235"
 405      F6B2 F05E 
 405      BCAF EC90 
 405      236A 4987 
 405      05EB 5297 
 406 0c4e 3190 ED86 		.ascii	"1\220\355\206o\320\350\t\325\343\233\006<,\245\356\330%DT\274"
 406      6FD0 E809 
 406      D5E3 9B06 
 406      3C2C A5EE 
 406      D825 4454 
 407 0c63 84C9 6372 		.ascii	"\204\311cr\334\207m+\235\344J4\016\036\374!\336\004\375O\322"
 407      DC87 6D2B 
 407      9DE4 4A34 
 407      0E1E FC21 
 407      DE04 FD4F 
 408 0c78 B263 9C95 		.ascii	"\262c\234\225\267_\366\304i\276\217\254\262\336\355;t\322=V\374"
 408      B75F F6C4 
 408      69BE 8FAC 
 408      B2DE ED3B 
 408      74D2 3D56 
 409 0c8d D287 C5E4 		.ascii	"\322\207\305\344\036k\002\004\244\261\345K\222Q:\331i\244\223"
 409      1E6B 0204 
 409      A4B1 E54B 
 409      9251 3AD9 
 409      69A4 93
 410 0ca0 DC63 BDA2 		.ascii	"\334c\275\242\367X\211;{\336\307\317\\\034\334bU\016\026W\272"
 410      F758 893B 
 410      7BDE C7CF 
 410      5C1C DC62 
 410      550E 1657 
 411 0cb5 B3CB 770D 		.ascii	"\263\313w\r}"
 411      7D
 412 0cba 1AF5 E4E5 		.string	"\032\365\344\345\217\331}\221H^=t\307&\211\3744\372\033h\336\274~\357\222\223\303g\3161\2
 412      8FD9 7D91 
 412      485E 3D74 
 412      C726 89FC 
 412      34FA 1B68 
 413 0dbb 877C CD22 		.string	"\207|\315\")\315B[08\204t\022\207$R\207\224l\333\367\314 \275\370Kp\360\342\017%a\362\230
 413      29CD 425B 
 413      3038 8474 
 413      1287 2452 
 413      8794 6CDB 
 414 0e8f F6C2 EECB 		.string	"\366\302\356\313\246\352\263 \0312YR&\327\327\247\361\244\354\242iFd\357\201qv\354\316\24
 414      A6EA B320 
 414      1932 5952 
 414      26D7 D7A7 
 414      F1A4 ECA2 
 415 0edf E5D1 B8DD 		.string	"\345\321\270\335x<\326\202\035\312\262~\3760\2638\020u\362A\341}E\272\355\307\326\351\226
 415      783C D682 
 415      1DCA B27E 
 415      FE30 B338 
 415      1075 F241 
 416 0f35 CF05 CE8B 		.ascii	"\317\005\316\213;\271\347\020\343\324\264\276^\034#\306!%\255"
 416      3BB9 E710 
 416      E3D4 B4BE 
 416      5E1C 23C6 
 416      2125 AD
 417 0f48 88D2 5EC5 		.ascii	"\210\322^\305\026$\3529m\350\317\342\001\275\222t\220\222\356"
 417      1624 EA39 
 417      6DE8 CFE2 
 417      01BD 9274 
 417      9092 EE
 418 0f5b 9596 6773 		.ascii	"\225\226gs}5\023\266\244bJ\332P\233q\305 I\372\213\r\251\204"
 418      7D35 13B6 
 418      A462 4ADA 
 418      509B 71C5 
 418      2049 FA8B 
 419 0f72 926E C6C5 		.ascii	"\222n\306\305\365\272q\322\221<d\303*\245\254\230\204\374\022"
 419      F5BA 71D2 
 419      913C 64C3 
 419      2AA5 AC98 
 419      84FC 12
 420 0f85 81B3 A65F 		.ascii	"\201\263\246_/\336`\263\366C\224v%\377~\233\226\323v\331j,\243"
 420      2FDE 60B3 
 420      F643 9476 
 420      25FF 7E9B 
 420      96D3 76D9 
 421 0f9c A4E6 9B17 		.ascii	"\244\346\233\027"
 422 0fa0 CF5A 34DA 		.ascii	"\317Z4\332\222\312))\363\362\355^ONzaK:LIuY\225\222}G\367\331"
 422      92CA 2929 
 422      F3F2 ED5E 
 422      4F4E 7A61 
 422      4B3A 4C49 
 423 0fbc 2EFD 0825 		.ascii	".\375\b%\355(\353\254\220$\235\260c`\005e\365l\034\255s\347\254"
 423      ED28 EBAC 
 423      9024 9DB0 
 423      6360 0565 
 423      F56C 1CAD 
 424 0fd3 713B ACA3 		.ascii	"q;\254\243x\256F\377\341\362O\336Y\370\313_j\364\321\241\341"
 424      78AE 46FF 
 424      E1F2 4FDE 
 424      59F8 CB5F 
 424      6AF4 D1A1 
 425 0fe8 E69F FD4B 		.ascii	"\346\237\375K\240\371m\377\350(\223\177X\350j\377\240/L\376\241"
 425      A0F9 6DFF 
 425      E828 937F 
 425      58E8 6AFF 
 425      A02F 4CFE 
 426 0ffd E1C1 61   		.ascii	"\341\301a"
 427 1000 D121 46FF 		.ascii	"\321!F\377(s\b\214\317[\247\361Zk4\007FG\255\016\f1F\005\233"
 427      2873 088C 
 427      CF5B A7F1 
 427      5A6B 3407 
 427      4647 AD0E 
 428 1019 4223 CD11 		.ascii	"B#\315\021\246\271\346\365\237\007\006G\230\214\376\221\246\b"
 428      A6B9 E6F5 
 428      9F07 0647 
 428      988C FE91 
 428      A608 
 429 102b 7344 7044 		.ascii	"sDpD\230\277\2220/X\343\2614(|mt\320Zc\200\331\024\032\276\326"
 429      98BF 9230 
 429      2F58 E3B1 
 429      3428 7C6D 
 429      74D0 5A63 
 430 1045 3530 10B8 		.ascii	"50\020\270k\327\033\327\007\006\352\026\033\203B\214&m@\350\037"
 430      6BD7 1BD7 
 430      0706 EA16 
 430      1B83 428C 
 430      266D 40E8 
 431 105a 8DCE 6415 		.ascii	"\215\316d\025\357\005\232u\221A\301\237\033C\264\037\177\025"
 431      EF05 9A75 
 431      9141 C19F 
 431      1B43 B41F 
 431      7F15 
 432 106c 697C 8FAC 		.string	"i|\217\254%,zM\220\377\322O~\267\300\177\221)\364\013\243)\312\377\223\200\017\374\027\02
 432      252C 7A4D 
 432      90FF D24F 
 432      7EB7 C07F 
 432      9129 F40B 
 433 116d FE34 8604 		.string	"\3764\206\004.\206\205"
 433      2E86 8500 
 434 1175 3E32 4646 		.ascii	">2FF\230\314$\220o}\034a\016\ncm\253H\271.\214\210\0167\233\276"
 434      98CC 2490 
 434      6F7D 1C61 
 434      0E0A 636D 
 434      AB48 B92E 
 435 118f 5A08 2171 		.ascii	"Z\b!q\206\tdM\236\226\211K\215\341k\315\353>\230!\007\210-\376"
 435      8609 644D 
 435      9E96 894B 
 435      8DE1 6BCD 
 435      EB3E 9821 
 436 11a7 6C51 240D 		.ascii	"lQ$\r\026F\254_\037\021\356\017\002\350\bkB\330\346\0203\240"
 436      1646 AC5F 
 436      1F11 EE0F 
 436      02E8 086B 
 436      42D8 E610 
 437 11bd 5791 11D0 		.ascii	"W\221\021\3204\317\342\353]\022n6\232\300\327F\017\272N\311\207"
 437      34CF E2EB 
 437      5D12 6E36 
 437      9AC0 D746 
 437      0FBA 4EC9 
 438 11d2 51B3 1684 		.ascii	"Q\263\026\204\301@x\220\331\030`4\233!\216\236\026&s\330lK[\212"
 438      C140 7890 
 438      D918 6034 
 438      9B21 8E9E 
 438      1626 73D8 
 439 11ea D08F 552E 		.ascii	"\320\217U.\263\020\002\315\336\377a\374juD\220\t\364-\227T\270"
 439      B310 02CD 
 439      DEFF 61FC 
 439      6A75 4490 
 439      09F4 2D97 
 440 1200 493F 48B8 		.ascii	"I?H\270\f\013\314\220-\253\243\315\306(O\251\177AH\210\311\030"
 440      0C0B CC90 
 440      2DAB A3CD 
 440      C628 4FA9 
 440      7F41 4888 
 441 1216 1535 7B65 		.ascii	"\0255{eDX\030,\200\212\373\"(lY\300\337\250\024I\023\002\315"
 441      4458 182C 
 441      808A FB22 
 441      286C 59C0 
 441      DFA8 1449 
 442 122d 6E16 3D60 		.ascii	"n\026=`\244\227\254TZ\211\216Eo\026\373\222u\276\251\210\252"
 442      A497 AC54 
 442      5A89 8E45 
 442      6F16 FB92 
 442      75BE A988 
 443 1242 6490 B7A2 		.ascii	"d\220\267\242\227\231\355I\335d\021\030\305\302\253\234\016\366"
 443      9799 ED49 
 443      DD64 1118 
 443      C5C2 AB9C 
 443      0EF6 
 444 1254 782F 0BFA 		.ascii	"x/\013\372re\304\037\214&\030\211\212^\037I\372\337U-[1\311\262"
 444      7265 C41F 
 444      8C26 1889 
 444      8A5E 1F49 
 444      FADF 552D 
 445 126c 4F67 4B81 		.ascii	"OgK\201\2618\352\273+\315:\315\3333\3126{H\256`\3515W]#\244\274"
 445      B138 EABB 
 445      2BCD 3ACD 
 445      DB33 CA36 
 445      7B48 AE60 
 446 1287 0B5C 1464 		.ascii	"\013\\\024d\0162C\326\202+\331:X\277\226T\213\377\005\370\bH"
 446      0E32 43D6 
 446      822B D93A 
 446      58BF 9654 
 446      8BFF 05F8 
 447 129d AE        		.ascii	"\256"
 448               		.text
 449               		.section	.gnu.lto_.symtab.317194af70513d37,"",@progbits
 450 0000 6765 745F 		.string	"get_usb_descriptor"
 450      7573 625F 
 450      6465 7363 
 450      7269 7074 
 450      6F72 00
 451 0013 00        		.string	""
 452 0014 00        		.string	""
 453 0015 00        		.string	""
 454 0016 00        		.string	""
 455 0017 00        		.string	""
 456 0018 00        		.string	""
 457 0019 00        		.string	""
 458 001a 00        		.string	""
 459 001b 00        		.string	""
 460 001c 00        		.string	""
 461 001d 00        		.string	""
 462 001e B700      		.string	"\267"
 463 0020 00        		.string	""
 464 0021 00        		.string	""
 465 0022 4C61 6E67 		.string	"LanguageString"
 465      7561 6765 
 465      5374 7269 
 465      6E67 00
 466 0031 00        		.string	""
 467 0032 00        		.string	""
 468 0033 00        		.string	""
 469 0034 00        		.string	""
 470 0035 00        		.string	""
 471 0036 00        		.string	""
 472 0037 00        		.string	""
 473 0038 00        		.string	""
 474 0039 00        		.string	""
 475 003a 00        		.string	""
 476 003b 00        		.string	""
 477 003c DF00      		.string	"\337"
 478 003e 00        		.string	""
 479 003f 00        		.string	""
 480 0040 4D61 6E75 		.string	"ManufacturerString"
 480      6661 6374 
 480      7572 6572 
 480      5374 7269 
 480      6E67 00
 481 0053 00        		.string	""
 482 0054 00        		.string	""
 483 0055 00        		.string	""
 484 0056 00        		.string	""
 485 0057 00        		.string	""
 486 0058 00        		.string	""
 487 0059 00        		.string	""
 488 005a 00        		.string	""
 489 005b 00        		.string	""
 490 005c 00        		.string	""
 491 005d 00        		.string	""
 492 005e E400      		.string	"\344"
 493 0060 00        		.string	""
 494 0061 00        		.string	""
 495 0062 5072 6F64 		.string	"ProductString"
 495      7563 7453 
 495      7472 696E 
 495      6700 
 496 0070 00        		.string	""
 497 0071 00        		.string	""
 498 0072 00        		.string	""
 499 0073 00        		.string	""
 500 0074 00        		.string	""
 501 0075 00        		.string	""
 502 0076 00        		.string	""
 503 0077 00        		.string	""
 504 0078 00        		.string	""
 505 0079 00        		.string	""
 506 007a 00        		.string	""
 507 007b E900      		.string	"\351"
 508 007d 00        		.string	""
 509 007e 00        		.string	""
 510 007f 4465 7669 		.string	"DeviceDescriptor"
 510      6365 4465 
 510      7363 7269 
 510      7074 6F72 
 510      00
 511 0090 00        		.string	""
 512 0091 00        		.string	""
 513 0092 00        		.string	""
 514 0093 00        		.string	""
 515 0094 00        		.string	""
 516 0095 00        		.string	""
 517 0096 00        		.string	""
 518 0097 00        		.string	""
 519 0098 00        		.string	""
 520 0099 00        		.string	""
 521 009a 00        		.string	""
 522 009b 1501 00   		.string	"\025\001"
 523 009e 00        		.string	""
 524 009f 436F 6E66 		.string	"ConfigurationDescriptor"
 524      6967 7572 
 524      6174 696F 
 524      6E44 6573 
 524      6372 6970 
 525 00b7 00        		.string	""
 526 00b8 00        		.string	""
 527 00b9 00        		.string	""
 528 00ba 00        		.string	""
 529 00bb 00        		.string	""
 530 00bc 00        		.string	""
 531 00bd 00        		.string	""
 532 00be 00        		.string	""
 533 00bf 00        		.string	""
 534 00c0 00        		.string	""
 535 00c1 00        		.string	""
 536 00c2 7B01 00   		.string	"{\001"
 537 00c5 00        		.string	""
 538 00c6 4B65 7962 		.string	"KeyboardReport"
 538      6F61 7264 
 538      5265 706F 
 538      7274 00
 539 00d5 00        		.string	""
 540 00d6 00        		.string	""
 541 00d7 00        		.string	""
 542 00d8 00        		.string	""
 543 00d9 00        		.string	""
 544 00da 00        		.string	""
 545 00db 00        		.string	""
 546 00dc 00        		.string	""
 547 00dd 00        		.string	""
 548 00de 00        		.string	""
 549 00df 00        		.string	""
 550 00e0 8801 00   		.string	"\210\001"
 551 00e3 00        		.string	""
 552 00e4 5368 6172 		.string	"SharedReport"
 552      6564 5265 
 552      706F 7274 
 552      00
 553 00f1 00        		.string	""
 554 00f2 00        		.string	""
 555 00f3 00        		.string	""
 556 00f4 00        		.string	""
 557 00f5 00        		.string	""
 558 00f6 00        		.string	""
 559 00f7 00        		.string	""
 560 00f8 00        		.string	""
 561 00f9 00        		.string	""
 562 00fa 00        		.string	""
 563 00fb 00        		.string	""
 564 00fc 9101 00   		.string	"\221\001"
 565 00ff 00        		.string	""
 566               		.text
 567               		.section	.gnu.lto_.opts,"",@progbits
 568 0000 272D 666D 		.ascii	"'-fmath-errno' '-fsigned-zeros' '-ftrapping-math' '-fno-trap"
 568      6174 682D 
 568      6572 726E 
 568      6F27 2027 
 568      2D66 7369 
 569 003c 7627 2027 		.ascii	"v' '-fno"
 569      2D66 6E6F 
 570 0044 2D6F 7065 		.string	"-openmp' '-fno-openacc' '-mn-flash=1' '-mno-skip-bug' '-mmcu=avr5' '-gdwarf-2' '-Os' '-We
 570      6E6D 7027 
 570      2027 2D66 
 570      6E6F 2D6F 
 570      7065 6E61 
 571               		.text
 572               		.comm	__gnu_lto_v1,1,1
 573               		.comm	__gnu_lto_slim,1,1
 574               		.ident	"GCC: (GNU) 5.4.0"
DEFINED SYMBOLS
                            *ABS*:0000000000000000 usb_descriptor.c
     /tmp/ccuJP77M.s:2      *ABS*:000000000000003e __SP_H__
     /tmp/ccuJP77M.s:3      *ABS*:000000000000003d __SP_L__
     /tmp/ccuJP77M.s:4      *ABS*:000000000000003f __SREG__
     /tmp/ccuJP77M.s:5      *ABS*:0000000000000000 __tmp_reg__
     /tmp/ccuJP77M.s:6      *ABS*:0000000000000001 __zero_reg__
                            *COM*:0000000000000001 __gnu_lto_v1
                            *COM*:0000000000000001 __gnu_lto_slim

NO UNDEFINED SYMBOLS
