   1               		.file	"ws2812.c"
   2               	__SP_H__ = 0x3e
   3               	__SP_L__ = 0x3d
   4               	__SREG__ = 0x3f
   5               	__tmp_reg__ = 0
   6               	__zero_reg__ = 1
   7               		.text
   8               	.Ltext0:
   9               		.section	.gnu.lto_.profile.f78e2af2b11b09a4,"",@progbits
  10 0000 789C 6361 		.string	"x\234ca`d`a`"
  10      6064 6061 
  10      6000 
  11 000a 9226 9A00 		.string	"\222&\232"
  12 000e 00        		.string	""
  13 000f FB00      		.string	"\373"
  14 0011 68        		.ascii	"h"
  15               		.text
  16               		.section	.gnu.lto_.icf.f78e2af2b11b09a4,"",@progbits
  17 0000 789C 6361 		.string	"x\234ca`d"
  17      6064 00
  18 0007 013E 0604 		.string	"\001>\006\004`b\3708\365\372\006v\306)\307\316w\3623"
  18      6062 F838 
  18      F5FA 0676 
  18      C629 C7CE 
  18      77F2 3300 
  19 001b 00        		.string	""
  20 001c 2F25 05EC 		.ascii	"/%\005\354"
  21               		.text
  22               		.section	.gnu.lto_.jmpfuncs.f78e2af2b11b09a4,"",@progbits
  23 0000 789C 6361 		.string	"x\234ca`d"
  23      6064 00
  24 0007 8140 0604 		.string	"\201@\006\004`b`a\004\002\376z `dbddf\254gb\374\313\304\270\246\373\363\003\336/L\255\314
  24      6062 6061 
  24      0402 FE7A 
  24      2060 6462 
  24      6464 66AC 
  25 004d E4BE 1079 		.ascii	"\344\276\020y"
  26               		.text
  27               		.section	.gnu.lto_.inline.f78e2af2b11b09a4,"",@progbits
  28 0000 789C 6361 		.string	"x\234ca`d"
  28      6064 00
  29 0007 015F 0604 		.string	"\001_\006\004`b`\220y\306\b\004\002@9&\243-\037\245\031\330\026\31031\260"
  29      6062 6090 
  29      79C6 0804 
  29      0240 3926 
  29      A32D 1FA5 
  30 0023 E518 1904 		.string	"\345\030\031\004%\2412\314|\033r!\022L\027\370Ar\f\214\214 \005\254|\f\f,\023\374 \220\00
  30      25A1 32CC 
  30      7C1B 7221 
  30      124C 17F8 
  30      4172 0C8C 
  31 0045 8D2C 0AD6 		.ascii	"\215,\n\326"
  32               		.text
  33               		.section	.gnu.lto_.pureconst.f78e2af2b11b09a4,"",@progbits
  34 0000 789C 6361 		.string	"x\234ca`d`c```b\330\305\310(\005"
  34      6064 6063 
  34      6060 6062 
  34      D8C5 C828 
  34      0500 
  35 0012 03A1 00   		.string	"\003\241"
  36 0015 E4        		.ascii	"\344"
  37               		.text
  38               		.section	.gnu.lto_ws2812_sendarray_mask.f78e2af2b11b09a4,"",@progbits
  39 0000 789C 8554 		.ascii	"x\234\205TmL"
  39      6D4C 
  40 0006 5357 183E 		.string	"SW\030>\3579\267_\267m\340\217\211?0)\311:b$\n\270D\263\314\315\237[\026\377\314\355\307~
  40      EF39 B75F 
  40      B76D E08F 
  40      893F 3029 
  40      C93A 6224 
  41 0107 A3C7 930D 		.ascii	"\243\307\223\r\217\335b\215D\266\216\3765\342N#\017^\346zQT("
  41      8FDD 628D 
  41      44B6 8EFE 
  41      35E2 4E23 
  41      0F5E E67A 
  42 011e D0B1 128A 		.ascii	"\320\261\022\212)\234\220\320\256\221\177\357;\305s\022\032\232"
  42      299C 90D0 
  42      AE91 7FEF 
  42      3BC5 7312 
  42      1A9A 
  43 0130 BDF1 A735 		.ascii	"\275\361\2475\r\035\253\227P\013t\232\320\215yPD@\013\203\223"
  43      0D1D AB97 
  43      500B 749A 
  43      D08D 7950 
  43      4440 0B83 
  44 0145 1238 F5E9 		.ascii	"\0228\365\351xS\216X'\201\235\375\341^\327\322;\367\244\201\337"
  44      7853 8E58 
  44      2781 9DFD 
  44      E15E D7D2 
  44      3BF7 A481 
  45 015a 3C05 3C05 		.ascii	"<\005<\005\005\024\375\250\371\342\204C\224H\344\201\271\341"
  45      0514 FDA8 
  45      F9E2 8443 
  45      9448 E481 
  45      B9E1 
  46 016c 299B F728 		.ascii	")\233\367(!\343\335\3115\021=\036\362\020\270+\023L\013c\215"
  46      21E3 DDC9 
  46      3511 3D1E 
  46      F210 B82B 
  46      134C 0B63 
  47 0181 58E8 3617 		.ascii	"X\3506\027/I\334o\017\256,\b\023\247O\344\352\306V\002}\227\005"
  47      2F49 DC6F 
  47      0FAE 2C08 
  47      13A7 4FE4 
  47      EAC6 5602 
  48 0198 3411 6BED 		.ascii	"4\021k\355q\211\255\0224\023\373\362,O\203z\226@\337g\001M\236"
  48      7189 AD12 
  48      3413 FBF2 
  48      2C4F 837A 
  48      9640 DF67 
  49 01af FAEF A0DB 		.ascii	"\372\357\240\333\032\241nz\340\fx\3414\376\276\005\257\331O8"
  49      1AA1 6E7A 
  49      E00C 78E1 
  49      34FE BE05 
  49      AFD9 4F38 
  50 01c3 0B56 1C24 		.ascii	"\013V\034$\221\3519\371F\\O\245\f=~\306\366\263q\264\tr@\366"
  50      91E9 39F9 
  50      465C 4FA5 
  50      0C3D 7EC6 
  50      F6B3 71B4 
  51 01db 86CB 3263 		.ascii	"\206\3132c\2611\304\nd\261\001Y\354\322\356\2201*#\"'Py\\@\325"
  51      B131 C40A 
  51      64B1 0159 
  51      ECD2 EE90 
  51      312A 2322 
  52 01f5 7533 A265 		.ascii	"u3\242el\026\337\20638\3079\376\211iH,\356]hy\231^o\b\005e6F"
  52      6C16 DF86 
  52      3338 C739 
  52      FE89 6948 
  52      2CEE 5D68 
  53 0212 13C3 369A 		.ascii	"\023\3036\232\037\253L\357P\367\276B\363\364;\035o|\3366\246"
  53      1FAB 4CEF 
  53      50F7 BE42 
  53      F3F4 3B1D 
  53      6F7C DE36 
  54 0227 B441 4B28 		.ascii	"\264AK(\022\322\365\355\330\001\033\304\260\377\335\330\177\006"
  54      12D2 F5ED 
  54      D801 1BC4 
  54      B0FF DDD8 
  54      7F06 
  55 0239 3DD0 066C 		.ascii	"=\320\006l\022\302\372+2\033\224\207\224\354\036\204\022\347"
  55      12C2 FA2B 
  55      321B 9487 
  55      94EC 1E84 
  55      12E7 
  56 024b 939C 4C18 		.ascii	"\223\234L\030\303^E\226\366\276\013w]\371\333\332\364C\330\027"
  56      C35E 4596 
  56      F6BE 0B77 
  56      5DF9 DBDA 
  56      F443 D817 
  57 025f 3BF1 CE77 		.ascii	";\361\316wv\2159\025\224\006\347 \037\237\275\240`Q\346\270`"
  57      768D 3915 
  57      9406 E720 
  57      1F9F BDA0 
  57      6051 E6B8 
  58 0274 786D 50A5 		.ascii	"xmP\245q\270\376f\253f\252t\0308\352X\327I\220\244\224.\032\331"
  58      71B8 FE66 
  58      AB66 AA74 
  58      1838 EA58 
  58      D749 90A4 
  59 028c 3484 17F7 		.ascii	"4\204\027\367\016"
  59      0E
  60 0291 7233 46CD 		.string	"r3F\315\314D\310L\036&\007\032\\$\235:\3606\r\017\361\364I\345\347\227\224o\227\214gH\271
  60      CC44 C84C 
  60      1E26 071A 
  60      5C24 9D3A 
  60      F036 0D0F 
  61 0392 86B0 E227 		.ascii	"\206\260\342'@8DG\357\024\314\0037\204\215\316vq\270\267\035"
  61      4038 4447 
  61      EF14 CC03 
  61      3784 8DCE 
  61      7671 B8B7 
  62 03a7 509C 257D 		.ascii	"P\234%}G\032\347\356\037\021\304\266\362\n8\237\274\001\327q"
  62      471A E7EE 
  62      1F11 C4B6 
  62      F20A 389F 
  62      BC01 D771 
  63 03bb 8E68 E667 		.ascii	"\216h\346g \034\037}\335\034yFw\016\220\b\313\263\252B\253\254"
  63      201C 1F7D 
  63      DD1C 7946 
  63      770E 9008 
  63      CBB3 AA42 
  64 03d1 F369 C10D 		.ascii	"\363i\301\r\245u\332\206\017\203%\233\213K\326\2273\245\242\264"
  64      A575 DA86 
  64      0F83 259B 
  64      8B4B D697 
  64      33A5 A2B4 
  65 03e5 B6D4 8A0F 		.ascii	"\266\324\212\017\277\257\332ZU\032\374\300\037\220\177\357W:"
  65      BFAF DA5A 
  65      551A FCC0 
  65      1F90 7FEF 
  65      573A 
  66 03f7 829A EFBD 		.ascii	"\202\232\357\275wj4_\235(\257\325l\345;\265\262]\265>\245\334"
  66      776A 345F 
  66      9D28 AFD5 
  66      6CE5 3BB5 
  66      B25D B53E 
  67 040d 5FC9 6C55 		.ascii	"_\311lU\276\252\200\266\213}\304=\346\362WT\342\323[T\270\331"
  67      BEAA 80B6 
  67      8B7D C43D 
  67      E6F2 5754 
  67      E2D3 5B54 
  68 0423 E351 1DFE 		.ascii	"\343Q\035\376@\240\306\273\345EO\306R\035\351M`g-E\226\024z7"
  68      40A0 C6BB 
  68      E545 4FC6 
  68      521D E94D 
  68      6067 2D45 
  69 043b A2B1 3A50 		.ascii	"\242\261:P\263\344\327vT\325x\326\257+Z\016\r\226iA\f-.\334\224"
  69      B3E4 D776 
  69      54D5 78D6 
  69      AF2B 5A0E 
  69      0D96 6941 
  70 0454 15FF C2B2 		.ascii	"\025\377\302\262\321\037\364\223\261\330d\312N\232}\233\225\365"
  70      D11F F493 
  70      B1D8 64CA 
  70      4E9A 7D9B 
  70      95F5 
  71 0466 697F 85AF 		.ascii	"i\177\205\257\\\346\367D*eZ\265\017\337-\223U\035L\331\362|\005"
  71      5CE6 F744 
  71      2A65 5AB5 
  71      0FDF 2D93 
  71      551D 4CD9 
  72 047d E31A E3AF 		.ascii	"\343\032\343\257\261\377\001\2403$\311"
  72      B1FF 01A0 
  72      3324 C9
  73               		.text
  74               		.section	.gnu.lto_ws2812_setleds.f78e2af2b11b09a4,"",@progbits
  75 0000 789C 7D53 		.string	"x\234}S\377oSU\024\277\347\335\276\327\327v\355\233\211$&\216d@\226e\222P\300\037\364'\34
  75      FF6F 5355 
  75      14BF E7DD 
  75      BED7 D776 
  75      ED9B 8924 
  76 0082 B411 26B0 		.string	"\264\021&\260:\r\352\340\241\366X\203\201\217\363}ZU\207\3005>\271\235\213\375\016\330\23
  76      3A0D EAE0 
  76      A1F6 5883 
  76      818F F37D 
  76      5A55 87C0 
  77 00b1 912E 4D5F 		.string	"\221.M_h\363Q\250A)\206m\023\307\306\f\376\n0\334\317\356\233=\353\257\374J\210MB\024^\02
  77      68F3 51A8 
  77      4129 866D 
  77      13C7 C60C 
  77      FE0A 30DC 
  78 00dc 65B0 1FCA 		.ascii	"e\260\037\312\030~b\320\t\225\210\0267?\033\265\370\"\311\314"
  78      187E 62D0 
  78      0995 8816 
  78      373F 1BB5 
  78      F822 C9CC 
  79 00f0 65BE 6C87 		.ascii	"e\276l\207\"\363\312\002b\272 \373,\323\305\340\020T\022|\242"
  79      22F3 CA02 
  79      62BA 20FB 
  79      2CD3 C5E0 
  79      1054 127C 
  80 0105 E9DA 4E8B 		.ascii	"\351\332N\213/\227\324\226-\327\373\315\212\275DuN\2442\302\251"
  80      2F97 D496 
  80      2DD7 FBCD 
  80      8ABD 4475 
  80      4EA4 32C2 
  81 011a 2FB7 B90E 		.ascii	"/\267\271\016\207\025\373\3652X^&\253Ah\317\217\263\367|\374"
  81      8715 FBF5 
  81      3258 5E26 
  81      AB41 68CF 
  81      8FB3 F77C 
  82 012f 0D49 1B6E 		.ascii	"\rI\033n>3e\025i\275/\211\364\333D\352~\016\351\326\221\177\276"
  82      3E33 6515 
  82      69BD 2F89 
  82      F4DB 44EA 
  82      7E0E E9D6 
  83 0146 F01B 1932 		.ascii	"\360\033\0312\251\034\216@\005tA\205\262\bz\300@\323\265\271"
  83      A91C 8E40 
  83      0574 4185 
  83      B208 7AC0 
  83      40D3 B5B9 
  84 015a AF5D EF3A 		.ascii	"\257]\357:\242P"
  84      A250 
  85 0160 480B A7BD 		.string	"H\013\247\275j\327\256\367\003\032\246lpz\350\3640\030\341\334\2645\031\301=@\345x\361\20
  85      6AD7 AEF7 
  85      031A A66C 
  85      707A E8F4 
  85      3018 E1DC 
  86 0261 9C86 3A96 		.ascii	"\234\206:\226\346>)@g\331\3347w\016\031\231\351n\345j\200\\\030"
  86      E63E 2940 
  86      67D9 DC37 
  86      770E 1999 
  86      E96E E56A 
  87 0278 DEFF BEE5 		.ascii	"\336\377\276\345v@\rP9\206{f\366n\013\360\267\344u~~\263;\353"
  87      7640 0D50 
  87      3986 7B66 
  87      F66E 0BF0 
  87      B7E4 757E 
  88 0290 A3A6 14D8 		.ascii	"\243\246\024\330D\315\001\321-P\252\004\034\325\226g\260\274"
  88      44CD 01D1 
  88      2D50 AA04 
  88      1CD5 9667 
  88      B0BC 
  89 02a2 6F41 3526 		.ascii	"oA5&\364C\005\022:\256^\376\323\267p\267\314\306\203\343]\\\237"
  89      F443 0512 
  89      3AAE 5EFE 
  89      D3B7 70B7 
  89      CCC6 83E3 
  90 02b9 A21D 250C 		.ascii	"\242\035%\f\006`!\246\261i|\347\340P\206?\335\312\316H\227N\032"
  90      0660 21A6 
  90      B169 7CE7 
  90      E050 863F 
  90      DDCA CE48 
  91 02d0 B289 0BD8 		.ascii	"\262\211\013\330n\370\367H\266\261\321\315W\313L\032\306\234"
  91      6EF8 F748 
  91      B6B1 D1CD 
  91      57CB 4C1A 
  91      C69C 
  92 02e2 618F 1A0F 		.ascii	"a\217\032\017\244\277\323{\273^%\343\207s\363\223A\374\215\376"
  92      A4BF D37B 
  92      BB5E 25E3 
  92      8773 F393 
  92      41FC 8DFE 
  93 02f6 B64E 9D7F 		.ascii	"\266N\235\177(\271=\277\3303V\261\212\355\227JZ\325H\226\300"
  93      28B9 3DBF 
  93      D833 56B1 
  93      8AED 974A 
  93      5AD5 4896 
  94 030b E073 994F 		.ascii	"\340s\231O\315\327\020NR\216\262:\213n3\370\016\357iH\026\272"
  94      CDD7 104E 
  94      528E B23A 
  94      8B6E 33F8 
  94      0EEF 6948 
  95 0321 F561 FEA4 		.ascii	"\365a\376\244U,\324?\257\320\363\252P\347\247&Krr\222\223m\374"
  95      552C D43F 
  95      AFD0 F3AA 
  95      50E7 A726 
  95      4B72 7292 
  96 0338 63DC 4F46 		.ascii	"c\334OF\373A,\201ay\217\031g\254\t\b3\377.\003\005\215\313sa"
  96      FB41 2C81 
  96      6179 8F19 
  96      67AC 0908 
  96      33FF 2E03 
  97 0351 04AF 93F0 		.ascii	"\004\257\223\3606\267\244\177\223\327T\313\220_O\372'\367\377"
  97      36B7 A47F 
  97      93D7 54CB 
  97      905F 4FFA 
  97      27F7 FF
  98 0364 6088 825F 		.ascii	"`\210\202_1\203\213\272l\024Z\323\330\0328\3048\322\013\"\211"
  98      3183 8BBA 
  98      6C14 5AD3 
  98      D81A 38C4 
  98      38D2 0B22 
  99 0379 586D 3491 		.ascii	"Xm4\221\f\206k\023\301\217\222+\337\\\261rY53\343\321H8\221\b"
  99      0C86 6B13 
  99      C18F 922B 
  99      DF5C B172 
  99      5935 33E3 
 100 0392 6F0C AC4B 		.ascii	"o\f\254K\325\254\212&B\353W\207\360S\322\250\t'\327\256\211\311"
 100      D5AC 8A26 
 100      42EB 5787 
 100      F053 D2A8 
 100      0927 D7AE 
 101 03a8 577C BD2B 		.ascii	"W|\275+\024J%\027\007S\311D0\036[%\025b\353\252\343\251H4\230"
 101      144A 2517 
 101      0753 C944 
 101      301E 5B25 
 101      1562 EBAA 
 102 03c1 DA10 8B07 		.ascii	"\332\020\213\007#\321xx\343\2625\314\033\nm\210U\257M\206\"\325"
 102      23D1 7878 
 102      E3B2 35CC 
 102      1B0A 6D88 
 102      55AF 4D86 
 103 03d7 3A6E 6B3E 		.ascii	":nk>\370\027:`\351P"
 103      F817 3A60 
 103      E950 
 104               		.text
 105               		.section	.gnu.lto_.symbol_nodes.f78e2af2b11b09a4,"",@progbits
 106 0000 789C 6361 		.string	"x\234ca`dpc"
 106      6064 7063 
 106      00
 107 0009 0226 F67A 		.string	"\002&\366z\006\206\t\347\030\030\200\324\316\206\205\r\314@!\266zF\230\320\256\006E\006\0
 107      0686 09E7 
 107      1818 80D4 
 107      CE86 850D 
 107      CC40 21B6 
 108 002c 0343 4383 		.string	"\003CC\203\002\003\0033#\003\303\243\2667\362\314\214L\fO\332\337\3103"
 108      0203 0333 
 108      2303 C3A3 
 108      B637 F2CC 
 108      8C4C 0C4F 
 109 0045 00        		.string	""
 110 0046 447E 10CA 		.ascii	"D~\020\312"
 111               		.text
 112               		.section	.gnu.lto_.refs.f78e2af2b11b09a4,"",@progbits
 113 0000 789C 6361 		.string	"x\234ca`\004B "
 113      6004 4220 
 113      00
 114 0009 00        		.string	""
 115 000a 00        		.string	""
 116 000b 3900      		.string	"9"
 117 000d 07        		.ascii	"\007"
 118               		.text
 119               		.section	.gnu.lto_.decls.f78e2af2b11b09a4,"",@progbits
 120 0000 789C 8D56 		.ascii	"x\234\215VkL\024W\024\2363\263\362\030\026Q\260\ri6\215!$\360"
 120      6B4C 1457 
 120      149E 33B3 
 120      F218 1651 
 120      B00D 6936 
 121 0018 8BF5 D134 		.ascii	"\213\365\3214\232\364G"
 121      9AF4 47
 122 001f D3C6 E82F 		.string	"\323\306\350/IL\352\257&\223\0056\355\306\025\355>4$M\274\210\032J,\205&ZE\250(E\001AP\20
 122      494C EAAF 
 122      2693 0536 
 122      EDC6 15ED 
 122      3E34 244D 
 123 0120 E560 8263 		.string	"\345`\202c`\022\3408\304S[\245\220 @\t2\217\"\363\b5\347\355*Yt\234\220\005P\0012\224\201
 123      6012 E038 
 123      C453 5BA5 
 123      9020 4009 
 123      328F 22F3 
 124 0158 EF13 B9F7 		.string	"\357\023\271\367\r\271\335Odi9\333_\232\231\364Dp\037E<\336\362]/\b\343>.@\037\033O7\037\
 124      0DB9 DD4F 
 124      6469 39DB 
 124      5F9A 99F4 
 124      4470 1F45 
 125 01b5 ED01 74CB 		.ascii	"\355\001t\313\216@\267"
 125      8E40 B7
 126 01bc F420 B25F 		.string	"\364 \262_\225\303%\374\017UD\335\352`\354\017\324\355\214\266\030\bg\352X\224%\372\033\2
 126      95C3 25FC 
 126      0F55 44DD 
 126      EA60 EC0F 
 126      D4ED 8CB6 
 127 02bd 31A8 BAAB 		.string	"1\250\272\253\350\336\200,mf\251<\233Q\324/\373\203\340\321vV\2674\203\264\215\275\277P\3
 127      E8DE 802C 
 127      6D66 A93C 
 127      9B51 D42F 
 127      FB83 E0D1 
 128 03a8 D160 63C3 		.string	"\321`c\303\320!\243T\302\r\376\364\363pF\020D\305\317\tx\347\177"
 128      D021 A354 
 128      C20D FEF4 
 128      F370 4610 
 128      44C5 CF09 
 129 03c0 B9A7 D369 		.ascii	"\271\247\323i4\017\267Q\256Sw\265\203\271\212\026\367\3770\365"
 129      340F B751 
 129      AE53 77B5 
 129      83B9 8A16 
 129      F7FF 30F5 
 130 03d4 7D60 A753 		.ascii	"}`\247S9\275\323\357\372;}\344Vf=o1\344\301%ux\016N^\n\232\243"
 130      39BD D3EF 
 130      FA3B 7DE4 
 130      5666 3D6F 
 130      31E4 C125 
 131 03f0 D3EF B14E 		.ascii	"\323\357\261N\357\322:=\257\366Y^\020\266z!k\365\270\333\204"
 131      EFD2 3A3D 
 131      AFF6 595E 
 131      10B6 7A21 
 131      6BF5 B8DB 
 132 0405 EC23 5405 		.ascii	"\354#T\005\305\340\242\356\327\305\300F\357"
 132      C5E0 A2EE 
 132      D7C5 C046 
 132      EF
 133 0412 668D 4EA6 		.string	"f\215N\246\006\017\310R9\357\327\343\345\257\252\270\033qZ\243\357\355l-\223\347p\242\207
 133      060F C852 
 133      39EF D7E3 
 133      E5AF AAB8 
 133      1B71 5AA3 
 134 0513 430C 7F90 		.ascii	"C\f\177\220\343\0171\374\351\332;\247B\347\304\037\326\360\227"
 134      E30F 31FC 
 134      E9DA 3BA7 
 134      42E7 C41F 
 134      D6F0 97
 135 0526 30F8 89E9 		.ascii	"0\370\211\351\256\351`\016\337\352\207\327\245G\030\3740\207"
 135      AEE9 600E 
 135      DFEA 87D7 
 135      A547 18FC 
 135      3087 
 136 0538 1F61 F0F9 		.ascii	"\037a\360\371\343\315\031A\201\225\246\367\266\256\341S+\355"
 136      E3CD 1941 
 136      8195 A6F7 
 136      B6AE E153 
 136      2BED 
 137 054a 6395 CE39 		.ascii	"c\225\3169R[\020\036(\3343KxT\025\036e\302%e\2157Ei\204w}\315"
 137      525B 101E 
 137      28DC 334B 
 137      7854 151E 
 137      65C2 2565 
 138 0566 8B92 5E83 		.ascii	"\213\222^\2034\305\017\025W'*\350g\f\376\322\256l}(V\205\275"
 138      34C5 0F15 
 138      5727 2AE8 
 138      670C FED2 
 138      AE6C 7D28 
 139 057d C750 FCCD 		.ascii	"\307P\374\315\206bB\033\212}\343#\307B\370G\3103\223\270\223"
 139      8662 421B 
 139      8A7D E323 
 139      C742 F847 
 139      C833 93B8 
 140 0592 78D2 0939 		.ascii	"x\322\t9$S)\030\323F\002\306\361\272\031\013\234\315I\210\021"
 140      2453 2918 
 140      D346 02C6 
 140      F1BA 190B 
 140      9CCD 4988 
 141 05a7 4256 AFFD 		.ascii	"BV\257\375j\361\227+W\n!n[\252k\3712\305\365\261\331\355t\230"
 141      6AF1 972B 
 141      570A 216E 
 141      5BAA 6BF9 
 141      32C5 F5B1 
 142 05bf EDB6 24B3 		.ascii	"\355\266$\263e\213\303lKM\266\273S\254f\247+\005\337'|\313\345"
 142      658B C36C 
 142      4B4D B6BB 
 142      53AC 66A7 
 142      2B05 DF27 
 143 05d6 967E AAB8 		.ascii	"\226~\252\270>\330\352\\\266b\3512\305iMM\2618\034\2264e\243"
 143      3ED8 EA5C 
 143      B662 E932 
 143      C569 4D4D 
 143      B138 1C96 
 144 05ed C5B9 2198 		.ascii	"\305\271!\230\276^\201oS\034\266-V\207\223\201p\311\204da\276"
 144      BE5E 816F 
 144      531C B62D 
 144      5687 9381 
 144      70C9 8464 
 145 0603 5FC7 65B7 		.ascii	"_\307e\267\2468\301\001\337\310\212\262\331\222\274\301\232\242"
 145      A638 C101 
 145      DFC8 8AB2 
 145      D992 BCC1 
 145      9AA2 
 146 0615 2890 1499 		.ascii	"(\220\024\231`\376\316mIu\2717\232\2237\33179\320\236!y\335\352"
 146      60FE CE6D 
 146      4975 B937 
 146      9A93 37D9 
 146      3739 D09E 
 147 062d 2F24 A48F 		.ascii	"/$\244\217\024%\311m\263\273l\251\nb*)V;\232LNK\266[\2351\357"
 147      1425 C96D 
 147      B3BB 6CA9 
 147      0A62 2A29 
 147      563B 9A4C 
 148 0648 74D9 EDB2 		.ascii	"t\331\355\262\331\315L\214\301|kq\204\252Zn\347BE\261\330\267"
 148      D9CD 4C8C 
 148      C17C 6B71 
 148      84AA 5A6E 
 148      E742 45B1 
 149 065e 5AD2 9C8A 		.ascii	"Z\322\234\212-\325nK\265*\312?\262\225\\\370"
 149      2DD5 6E4B 
 149      B52A CA3F 
 149      B295 5CF8 
 150               		.text
 151               		.section	.gnu.lto_.symtab.f78e2af2b11b09a4,"",@progbits
 152 0000 7773 3238 		.string	"ws2812_setleds"
 152      3132 5F73 
 152      6574 6C65 
 152      6473 00
 153 000f 00        		.string	""
 154 0010 00        		.string	""
 155 0011 00        		.string	""
 156 0012 00        		.string	""
 157 0013 00        		.string	""
 158 0014 00        		.string	""
 159 0015 00        		.string	""
 160 0016 00        		.string	""
 161 0017 00        		.string	""
 162 0018 00        		.string	""
 163 0019 00        		.string	""
 164 001a DB00      		.string	"\333"
 165 001c 00        		.string	""
 166 001d 00        		.string	""
 167               		.text
 168               		.section	.gnu.lto_.opts,"",@progbits
 169 0000 272D 666D 		.ascii	"'-fmath-errno' '-fsigned-zeros' '-ftrapping-math' '-fno-trap"
 169      6174 682D 
 169      6572 726E 
 169      6F27 2027 
 169      2D66 7369 
 170 003c 7627 2027 		.ascii	"v' '-fno"
 170      2D66 6E6F 
 171 0044 2D6F 7065 		.string	"-openmp' '-fno-openacc' '-mn-flash=1' '-mno-skip-bug' '-mmcu=avr5' '-gdwarf-2' '-Os' '-We
 171      6E6D 7027 
 171      2027 2D66 
 171      6E6F 2D6F 
 171      7065 6E61 
 172               		.text
 173               		.comm	__gnu_lto_v1,1,1
 174               		.comm	__gnu_lto_slim,1,1
 175               		.ident	"GCC: (GNU) 5.4.0"
DEFINED SYMBOLS
                            *ABS*:0000000000000000 ws2812.c
     /tmp/ccm7afsv.s:2      *ABS*:000000000000003e __SP_H__
     /tmp/ccm7afsv.s:3      *ABS*:000000000000003d __SP_L__
     /tmp/ccm7afsv.s:4      *ABS*:000000000000003f __SREG__
     /tmp/ccm7afsv.s:5      *ABS*:0000000000000000 __tmp_reg__
     /tmp/ccm7afsv.s:6      *ABS*:0000000000000001 __zero_reg__
                            *COM*:0000000000000001 __gnu_lto_v1
                            *COM*:0000000000000001 __gnu_lto_slim

NO UNDEFINED SYMBOLS
