   1               		.file	"ConfigDescriptors.c"
   2               	__SP_H__ = 0x3e
   3               	__SP_L__ = 0x3d
   4               	__SREG__ = 0x3f
   5               	__tmp_reg__ = 0
   6               	__zero_reg__ = 1
   7               		.text
   8               	.Ltext0:
   9               		.section	.gnu.lto_.profile.42b0e37e80837eb6,"",@progbits
  10 0000 789C 6361 		.string	"x\234ca`d`e`"
  10      6064 6065 
  10      6000 
  11 000a 924D 8C2E 		.string	"\222M\214."
  11      00
  12 000f 024A 00   		.string	"\002J"
  13 0012 D3        		.ascii	"\323"
  14               		.text
  15               		.section	.gnu.lto_.icf.42b0e37e80837eb6,"",@progbits
  16 0000 789C 6361 		.string	"x\234ca`d"
  16      6064 00
  17 0007 0105 0604 		.string	"\001\005\006\004`e\230\263h\346#\016\306\2453?\276ca\272\177}\371TF\346\351\367\227v3\261
  17      6065 98B3 
  17      68E6 230E 
  17      C6A5 333F 
  17      BE63 61BA 
  18 002f F756 0EE5 		.ascii	"\367V\016\345"
  19               		.text
  20               		.section	.gnu.lto_.jmpfuncs.42b0e37e80837eb6,"",@progbits
  21 0000 789C 5DCC 		.ascii	"x\234]\314\301\016\2000\b\003PZ\320\035\365w9\365\342\207\013"
  21      C10E 8030 
  21      0803 505A 
  21      D01D F577 
  21      39F5 E287 
  22 0015 CB12 339B 		.ascii	"\313\0223\233\320\303\013\020\006\353<\366\3450\002.\301\001"
  22      D0C3 0B10 
  22      06EB 3CF6 
  22      E530 022E 
  22      C101 
  23 0027 0C49 C16C 		.ascii	"\fI\301lg\366.\243\024\227\376\356\313\353\366\334\366\223\325"
  23      67F6 2EA3 
  23      1497 FEEE 
  23      CBEB F6DC 
  23      F693 D5
  24 003a 4D98 34DB 		.ascii	"M\2304\333\213b\275\307\376\276\347\266\027\356\230\f\335"
  24      8B62 BDC7 
  24      FEBE E7B6 
  24      17EE 980C 
  24      DD
  25               		.text
  26               		.section	.gnu.lto_.inline.42b0e37e80837eb6,"",@progbits
  27 0000 789C 6361 		.string	"x\234ca`d"
  27      6064 00
  28 0007 8123 0C08 		.string	"\201#\f\b\300\312\300\300\313\303\310\304(\300\310\300\314\300"
  28      C0CA C0C0 
  28      CBC3 C8C4 
  28      28C0 C8C0 
  28      CCC0 00
  29 001a 26D9 784F 		.string	"&\331xO\2442p\3360cb`|\301\316\002!A\004\007\230\311\001\322\305\310\300{\211\221\221\201
  29      A432 70DE 
  29      3063 6260 
  29      7CC1 CE02 
  29      2141 0407 
  30 0095 00        		.string	""
  31 0096 6AC7 1F1F 		.ascii	"j\307\037\037"
  32               		.text
  33               		.section	.gnu.lto_.pureconst.42b0e37e80837eb6,"",@progbits
  34 0000 789C 6361 		.string	"x\234ca`d\340f```e\220b\264d\222b\226d\221\002"
  34      6064 E066 
  34      6060 6065 
  34      9062 B464 
  34      9262 9664 
  35 0017 04D4 00   		.string	"\004\324"
  36 001a C0        		.ascii	"\300"
  37               		.text
  38               		.section	.gnu.lto_USB_GetNextDescriptor.42b0e37e80837eb6,"",@progbits
  39 0000 789C 7552 		.string	"x\234uRMHTQ\024\276\347\3367o\2363\216\212P\264\260p#\342\246\007\025n#\225V\266Q\204v\22
  39      4D48 5451 
  39      14BE E7DE 
  39      376F 9E33 
  39      8E8A 50B4 
  40 0085 E820 0D60 		.string	"\350 \r`\315\\h\320\f\337\371\037\016\023\355s1^4 qM\317\3667\205\245\275\315\306\274i\25
  40      CD5C 68D0 
  40      0CDF F91F 
  40      0E13 ED73 
  40      315E 3420 
  41 00b5 88F4 6A61 		.string	"\210\364ja\262\307KW\0169xMZm\003\272(\006\206\347\351\344\225\263P\330';\303R\376\332\"\
  41      B2C7 4B57 
  41      0E39 784D 
  41      5A6D 03BA 
  41      2806 86E7 
  42 0173 1639 A7AF 		.string	"\0269\247\257\230\203\360\317\216\037\317\243@U-\241\241\252\250=\361\322Mm\325\224\245\3
  42      9883 F0CF 
  42      8E1F CFA3 
  42      4055 2DA1 
  42      A1AA A83D 
  43 01e0 57ED 41BF 		.string	"W\355A\277\2100\245\376ib\227\023a\254W 6(@\361.K\270\341\236\022\177\237\304'\241\365\23
  43      8830 A5FE 
  43      6962 9713 
  43      61AC 5720 
  43      3628 40F1 
  44 0275 519D CF5F 		.ascii	"Q\235\317_h\304>\210\356\256/\200\377\"\240V\340\244v\327\005"
  44      68C4 3E88 
  44      EEAE 2F80 
  44      FF22 A056 
  44      E0A4 76D7 
  45 028a AACD BA86 		.ascii	"\252\315\272\206\332\303fy\325\376}fY0p\312\037\f\231U\225%f"
  45      DAC3 6679 
  45      D5FE 7D66 
  45      5930 70CA 
  45      1F0C 9955 
  46 02a1 697D D08F 		.ascii	"i}\320\217\333\361\332\300\2212\177\250&\0308q\262>\030\332y"
  46      DBF1 DAC0 
  46      9132 7FA8 
  46      2618 3871 
  46      B23E 18DA 
  47 02b6 9419 258D 		.ascii	"\224\031%\215'\375\241\n\3771_iC0\350D\224\327\327\344\322m-"
  47      27FD A10A 
  47      FF31 5F69 
  47      4330 E844 
  47      94D7 D7E4 
  48 02cd B232 D0E4 		.ascii	"\2622\320\344\377\013\267\337P\221"
  48      FF0B B7DF 
  48      5091 
  49               		.text
  50               		.section	.gnu.lto_USB_GetNextDescriptorOfType.42b0e37e80837eb6,"",@progbits
  51 0000 789C 6D92 		.ascii	"x\234m\222MHTQ\024\307\317\377\336\367\336<\307\321\334\264\t"
  51      4D48 5451 
  51      14C7 CFFF 
  51      DEF7 DE3C 
  51      C7D1 DCB4 
  52 0015 17ED C445 		.ascii	"\027\355\304E=\311h\033~\320\312\026Y\266O\031c\300Rf4p5\267"
  52      3DC9 681B 
  52      7ED0 CA16 
  52      59B6 4F19 
  52      63C0 5266 
  53 002d 793E 936A 		.ascii	"y>\223j!AF\221\350\"\323\2764\263\262\311\315$\250 b$\030\241"
  53      2141 4691 
  53      E822 D3BE 
  53      34B3 B2C9 
  53      CD24 A820 
  54 0045 101A 2161 		.ascii	"\020\032!a.f\240\022\002\235\316}\317\205H\007\336\3758\357\374"
  54      2E66 A012 
  54      029D CE7D 
  54      CF85 4807 
  54      DEFD 38EF 
  55 005a CEF9 9F7B 		.ascii	"\316\371\237{\257A mS\202\350\034\317\027\371C\210 z\027\211"
  55      AF41 206D 
  55      5382 E81C 
  55      CF17 F943 
  55      8820 7A17 
  56 006f AEDB 0246 		.ascii	"\256\333\002F\260\220\302\234\226\244\302\326\342<\221\212X\201"
  56      B090 C29C 
  56      96A4 C2D6 
  56      E23C 918A 
  56      5881 
  57 0081 BFCA 10D2 		.ascii	"\277\312\020\322w\204\375\277\021\023\320ne\203\222BZ\206\211"
  57      7784 FDBF 
  57      1113 D06E 
  57      6583 9242 
  57      5A86 89
  58 0094 A430 28B0 		.ascii	"\2440(\260\337bG`\372\306FZ\224\017+\266\265\231\215\n5\222\201"
  58      DF62 4760 
  58      FAC6 465A 
  58      940F 2BB6 
  58      B599 8D0A 
  59 00ab 2789 F222 		.ascii	"'\211\362\"\210\3010\3129j&\277\2359\364Kx\022\320\320Rv\241"
  59      88C1 30CA 
  59      396A 26BF 
  59      9D39 F44B 
  59      7812 D0D0 
  60 00c2 BF50 6F05 		.ascii	"\277Po\005Jx\273\356v\017[\362\024\210\327k\353\217n\241lH\365"
  60      4A78 BBEE 
  60      760F 5BF2 
  60      1488 D76B 
  60      EB8F 6EA1 
  61 00d9 A694 5A3E 		.ascii	"\246\224Z>\254\244'%\236Br><A)FPJ\354\"<C\031GOto\3754\345i\237"
  61      ACA4 2725 
  61      9E42 723E 
  61      3C41 2946 
  61      504A EC22 
  62 00f9 F496 1696 		.ascii	"\364\226\026\226e@f&g\035Oi%\006\236\037\204\r\302\013\037\036"
  62      6540 6626 
  62      671D 4F69 
  62      2506 9E1F 
  62      840D C20B 
  63 010f ECDB BC67 		.ascii	"\354\333\274g\313\263>\374u\346\313Cc\017Nw\237\354\362a\023"
  63      CBB3 3EFC 
  63      75E6 CB43 
  63      630F 4E77 
  63      9FEC F261 
  64 0124 A3        		.ascii	"\243"
  65 0125 015C 598A 		.string	"\001\\Y\212\n\215\232\2041\224\351\370o\343\273w\213\254.\335\366\321\240Y\274\204\245O~\
  65      0A8D 9A84 
  65      3194 E9F8 
  65      6FE3 BB77 
  65      8BAC 2EDD 
  66 0226 3B58 6665 		.string	";XfeK\254\321i\351h\276\344\3245\234\251rj\343\261k\321x\302i8_\355\324\264\306\243<\\m\2
  66      4BAC D169 
  66      E968 BEE4 
  66      D435 9CA9 
  66      726A E3B1 
  67 0271 EA98 0597 		.ascii	"\352\230\005\227"
  68               		.text
  69               		.section	.gnu.lto_USB_GetNextDescriptorOfTypeBefore.42b0e37e80837eb6,"",@progbits
  70 0000 789C 6593 		.ascii	"x\234e\223MHTQ\024\307\357\271\367}\315\227\271iS.\332\211\213"
  70      4D48 5451 
  70      14C7 EFB9 
  70      F77D CD97 
  70      B969 532E 
  71 0017 1A49 B065 		.ascii	"\032I\260e\370A+\333X\356\332\244\2141`)o4p5\327y\276I*\302\202"
  71      F841 2BDB 
  71      58EE DAA4 
  71      8C31 6029 
  71      6F34 7035 
  72 0032 0C4A B145 		.ascii	"\fJ\261E6V\346Gc\037c-FI\355C\n\204 \022d&L\363\003r\310\020"
  72      3656 E647 
  72      631F 632D 
  72      4649 ED43 
  72      0A84 2012 
  73 004e 029D CEBD 		.ascii	"\002\235\316\275o"
  73      6F
  74 0053 88B1 2EBC 		.string	"\210\261.\274w?\316\371\235\367?\347\334\247\020 b\3241B\316\340\334\202\017\270\b\320\35
  74      773F CEF9 
  74      9DF7 3FE7 
  74      DCA7 1020 
  74      62D4 3142 
  75 0154 47FF 03C7 		.string	"G\377\003\307\240Xx\177\035\333\275\351\323:E\275\0169U\202'\240\211f\216\324&y6k\361\344
  75      A058 787F 
  75      1DDB BDE9 
  75      D33A 45BD 
  75      0E39 5582 
  76 0211 3F49 43E7 		.ascii	"?IC\347\027\353@.\240\205\342\304\310P\205L\276%L\032\343\327"
  76      17EB 402E 
  76      A085 E2C4 
  76      C850 854C 
  76      BE25 4C1A 
  77 0227 0EFE 357B 		.ascii	"\016\3765{rf\225\334\246\f\245l\215\256\244\231\260\346Ka{\244"
  77      7266 95DC 
  77      A60C A56C 
  77      8DAE A499 
  77      B0E6 4B61 
  78 023d 7488 06B8 		.ascii	"t\210\006\270lV\200\371CB&2\201\022\362\201\002 \360RX\260\264"
  78      6C56 80F9 
  78      4342 2632 
  78      8112 F281 
  78      0220 F052 
  79 0254 0689 CD12 		.ascii	"\006\211\315\022\310\340\325\307\377\201\311J-\3379\352\bP\367"
  79      C8E0 D5C7 
  79      FF81 C94A 
  79      2DDF 39EA 
  79      0850 F7
  80 0267 6698 17F1 		.ascii	"f\230\027\361\225(\r\252]\260\352s\256\271\200B\254.\272\265"
  80      9528 0DAA 
  80      5DB0 EA73 
  80      AEB9 8042 
  80      AC2E BAB5 
  81 027b 0691 42E7 		.ascii	"\006\221B\347G\331\304\216\254jX\201\262\246`\275\277\251\255"
  81      47D9 C48E 
  81      AC6A 5881 
  81      B2A6 60BD 
  81      BFA9 AD
  82 028e F1AC BFA6 		.ascii	"\361\254\277\246\356D\205\277\332\f^\f\230!\177\335\251J\177"
  82      EE44 85BF 
  82      DA0C 5E0C 
  82      9821 7FDD 
  82      A94A 7F
  83 02a1 55B3 19C0 		.ascii	"U\263\031\300\327\205\306\340\271\352@\250\301\f\266\2646\233"
  83      D785 C6E0 
  83      B9EA 40A8 
  83      C10C B6B4 
  83      369B 
  84 02b3 A123 0DC4 		.ascii	"\241#\r\304\250lo\r\204j\003\347}Um\246\351x\32447(\247\333["
  84      A86C 6F0D 
  84      846A 03E7 
  84      7D55 6DA6 
  84      E978 D434 
  85 02cc 02EE CA40 		.ascii	"\002\356\312@#rb\371\007\222\273?u"
  85      2372 62F9 
  85      0792 BB3F 
  85      75
  86               		.text
  87               		.section	.gnu.lto_USB_GetNextDescriptorOfTypeAfter.42b0e37e80837eb6,"",@progbits
  88 0000 789C 7D91 		.string	"x\234}\221MHTQ\024\307\317\377\3367\363\2366\242\233Z\r\322N\3344\003\306l\303\017jc\233)
  88      4D48 5451 
  88      14C7 CFFF 
  88      DE37 F39E 
  88      36A2 9B5A 
  89 0082 1D28 0B94 		.string	"\035(\013\224\023\322@\016\337\304\246\300Ta\245(\352G\024\257%o#\256F}x\222\250$\202\021
  89      13D2 400E 
  89      DFC4 A6C0 
  89      5461 A528 
  89      EA47 14AF 
  90 0115 8770 B30C 		.ascii	"\207p\263\f7D\021\327(\2334\026\240c\027\277LC&\003tm\372\373"
  90      3744 11D7 
  90      289B 3416 
  90      A063 17BF 
  90      4C43 2603 
  91 012d BBEA 2DF4 		.ascii	"\273\352-\364QA\250\270\006o\375\005\216\243NW\177\030\377y\246"
  91      5141 A8B8 
  91      066F FD05 
  91      8EA3 4E57 
  91      7F18 FF79 
  92 0142 2ADC ABFD 		.ascii	"*\334\253\375\332Yv\t\267\021\326\0172\226\364U\251\344*\377"
  92      DA59 7609 
  92      B711 D60F 
  92      3296 F455 
  92      A9E4 2AFF 
  93 0156 B9F9 F8AD 		.ascii	"\271\371\370\255Y\311V\361\035\331u\026\033\202\306Mn\024\266"
  93      59C9 56F1 
  93      1DD9 7516 
  93      1B82 C64D 
  93      6E14 B6
  94 0169 A025 10AD 		.ascii	"\240%\020\2553\252\337\343\263\020z\227\037\321\347\277(@7\323"
  94      33AA DFE3 
  94      B310 7A97 
  94      1FD1 E7BF 
  94      2840 37D3 
  95 017d 638A C5B5 		.ascii	"c\212\305\265\0053\267\251\372\225\252\361\244Y\022<\001\023"
  95      0533 B7A9 
  95      FA95 AAF1 
  95      A459 123C 
  95      0113 
  96 018f C891 2BA5 		.ascii	"\310\221+\245+\rW\206<i\321\n\362?N-\236\217h\312\225&s\203\336"
  96      2B0D 5786 
  96      3C69 D10A 
  96      F23F 4E2D 
  96      9E8F 68CA 
  97 01a8 D433 53BF 		.ascii	"\3243S\277\214\f\356\2661\373\244?2\214!6\243\202I\334a\007\t"
  97      8C0C EEB6 
  97      31FB A43F 
  97      328C 2136 
  97      A382 49DC 
  98 01bf 7731 0C5A 		.ascii	"w1\fZF\357\202\273\343\037d\005\b\367t\035iu\222&k\003qo\n\342"
  98      46EF 82BB 
  98      E31F 6405 
  98      08F7 741D 
  98      6975 9226 
  99 01d9 BFE2 EEFF 		.ascii	"\277\342\356\377&\316\322\3424m\004w[E\336_\330\027\320z\255"
  99      26CE D2E2 
  99      346D 0477 
  99      5B45 DE5F 
  99      D817 D07A 
 100 01ee 733D A7D9 		.ascii	"s=\247\331\200\206\316\324\221Xgw\307\341Xk\333\336\306X\213"
 100      8086 CED4 
 100      9158 6777 
 100      C7E1 586B 
 100      DBDE C658 
 101 0203 933A 613B 		.ascii	"\223:a;\231X\333\201\246Xs\332\261\371w\274#u\264\305\316\264"
 101      9958 DB81 
 101      A658 73DA 
 101      B1F9 77BC 
 101      2375 B4C5 
 102 0219 3BA9 AE6C 		.ascii	";\251\256l\332\311\354j'\253\251'kg\222\366\261\252\346n\307"
 102      DAC9 EC6A 
 102      27AB A927 
 102      6B67 92F6 
 102      B1AA E66E 
 103 022e 2957 B4A6 		.ascii	")W\264\246\333\215\203=]vEcG\326vt\364\013\255\177\365\226"
 103      DB8D 833D 
 103      5D76 4563 
 103      47D6 7674 
 103      F40B AD7F 
 104               		.text
 105               		.section	.gnu.lto_USB_GetNextDescriptorComp.42b0e37e80837eb6,"",@progbits
 106 0000 789C 6554 		.string	"x\234eT]l\024U\030\275\347\336\231\235\331\331\035\254\017$>\254\t/M\303\213k\304\030|\"P
 106      5D6C 1455 
 106      18BD E7DE 
 106      999D D9D9 
 106      1DAC 0F24 
 107 00e5 13A7 6627 		.ascii	"\023\247f'\217\247x*\321@\323i\277o(\241^\200\240\361\235\351"
 107      8FA7 782A 
 107      D140 D369 
 107      BF6F 28A1 
 107      5E80 A0F1 
 108 00fb 8FDE 43D3 		.ascii	"\217\336C\323\307\272T\324\372\346F\255\002\245\360)\024k\236"
 108      C7BA 54D4 
 108      FAE6 46AD 
 108      02A5 F029 
 108      146B 9E
 109 010e 4606 A790 		.ascii	"F\006\247\220\021T\022\370\fM\204>\337\367\340\276\251\266E\314"
 109      1154 12F8 
 109      0C4D 843E 
 109      DFF7 E0BE 
 109      A9B6 45CC 
 110 0122 606A F286 		.ascii	"`j\362\206\212\231a\255\377\371@\207\b\224\2013\353\311\206\300"
 110      8A99 61AD 
 110      FFF9 4087 
 110      0894 8133 
 110      EBC9 86C0 
 111 0136 E711 D9FF 		.ascii	"\347\021\331\377\351h_J\275\032\221\037\216\336\256,\221\377"
 111      E968 5F4A 
 111      BD1A 911F 
 111      8EDE AE2C 
 111      91FF 
 112 0148 AC6E 8BC9 		.ascii	"\254n\213\311&\316\256'\233\002\303hb\306\355\233G\006\034\365"
 112      26CE AE27 
 112      9B02 C368 
 112      62C6 ED9B 
 112      4706 1CF5 
 113 015c 66C4 BEFF 		.ascii	"f\304\276\377\301\207Cf\343I\016\"\234\357w{u\330\263\211\222"
 113      C187 4366 
 113      E349 0E22 
 113      9CEF 777B 
 113      75D8 B389 
 114 0171 C0B9 98BE 		.ascii	"\300\271\230\276\024\206`\354\314\310\343A7\321\253\351\331\204"
 114      1486 60EC 
 114      CCC8 E341 
 114      37D1 ABE9 
 114      D984 
 115 0183 1134 725C 		.ascii	"\0214r\\\224\323\027H\320\246J\256\020\350\330\217\277\226\244"
 115      94D3 1748 
 115      D0A6 4AAE 
 115      10E8 D88F 
 115      BF96 A4
 116 0196 CA47 E2FF 		.ascii	"\312G\342\377>Z8c/\212\327\3737\004\261x\002\347\327z\343\007"
 116      3E5A 3863 
 116      2F8A D7FB 
 116      3704 B178 
 116      02E7 D77A 
 117 01ac 17D0 38DC 		.ascii	"\027\3208\334\022\352z\335\327\341\23456\3454\200L\013\023\234"
 117      12EA 7ADD 
 117      D7E1 9C35 
 117      36E5 3480 
 117      4C0B 139C 
 118 01c0 5782 8696 		.ascii	"W\202\206\226\005\356\336\216\240\016\025\354\024\270#WD^\304"
 118      05EE DE8E 
 118      A00E 15EC 
 118      14B8 2357 
 118      445E C4
 119 01d3 2C99 994D 		.ascii	",\231\231M\320K\322K\325\244\022t&\324]\024\377~\367qy+\271\t"
 119      D04B D24B 
 119      D5A4 1274 
 119      26D4 5D14 
 119      FF7E F771 
 120 01eb 6786 DF51 		.ascii	"g\206\337Q]\221\261+\227\346\372\227\272.MH}N\333\201J\342\313"
 120      5D91 B12B 
 120      97E6 FA97 
 120      BA2E 4D48 
 120      7D4E DB81 
 121 0202 FFFB 5ADF 		.ascii	"\377\373Z\3376\255\215\213\264\034wM\256\277B\302W6\267\035\214"
 121      36AD 8D8B 
 121      B41C 774D 
 121      AEBF 42C2 
 121      5736 B71D 
 122 0217 5FB3 F85C 		.ascii	"_\263\370\\\030\321\002\237\274_\031\260\3128\336C\244\260^}"
 122      18D1 029F 
 122      BC5F 19B0 
 122      CA38 DE43 
 122      A4B0 5E7D 
 123 022b 9AED FACA 		.ascii	"\232\355\372\312\302%\226E\005e\210\031\024\365\213,\300\232"
 123      C225 9645 
 123      0565 8819 
 123      14F5 8B2C 
 123      C09A 
 124 023d 24C2 85B0 		.ascii	"$\302\205\260\344D\225\213\\I\210{\b\302\301\tp\211E+\225\007"
 124      E444 958B 
 124      5C49 887B 
 124      08C2 C109 
 124      7089 452B 
 125 0253 B7AC EE05 		.ascii	"\267\254\356\005}X\353\206@9uI\261\343kt\013_\231$\036\250\224"
 125      7D58 EB86 
 125      4039 7549 
 125      B1E3 6B74 
 125      0B5F 9924 
 126 026a 88DA BD7B 		.ascii	"\210\332\275{\352\215\330\230\263\312\t\3268\270\314\016\356"
 126      EA8D D898 
 126      B3CA 09D6 
 126      38B8 CC0E 
 126      EE
 127 027b A157 BB31 		.ascii	"\241W\2731\322\365\211L\204@\245\311\207\214L\214\260\tWL\243"
 127      D2F5 894C 
 127      8440 A5C9 
 127      878C 4C8C 
 127      B009 574C 
 128 0290 F796 5A44 		.ascii	"\367\226ZD"
 129 0294 ADFE 3FB8 		.string	"\255\376?\270\004\033]L\251&\rqV)\202\376\354_>j\255\240/|_\355\263c4\360\3152\332\024\17
 129      041B 5D4C 
 129      A926 0D71 
 129      5629 82FE 
 129      EC5F 3E6A 
 130 0395 7B73 A9D7 		.ascii	"{s\251\327\274\334!V!\\\232\307K\022\377\001\240\377\267\230"
 130      BCDC 2156 
 130      215C 9AC7 
 130      4B12 FF01 
 130      A0FF B798 
 131               		.text
 132               		.section	.gnu.lto_.symbol_nodes.42b0e37e80837eb6,"",@progbits
 133 0000 789C 55C8 		.string	"x\234U\310\261\r\2030\020@\321o\337-\222\001\334\261\337Y\364Hi\223\016&\200\202\216\031\
 133      B10D 8330 
 133      1040 D16F 
 133      DF2D 9201 
 133      DCB1 DF59 
 134 0021 4993 0932 		.ascii	"I\223\t2B\224\243\240\360o\276\364\224@\207\0277\f\356\205s\217"
 134      4294 A3A0 
 134      F06F BEF4 
 134      9440 8717 
 134      370C EE85 
 135 0037 DC67 71DB 		.ascii	"\334gq\333\261p\3313\337\\\016,\326\362\302\244\2267\246\225"
 135      B170 D933 
 135      DF5C 0E2C 
 135      D6F2 C2A4 
 135      9637 A695 
 136 004b 4880 612C 		.ascii	"H\200a,I\242\177\371&q\030>\277p\276\235\033Qh\247\222TY}\360"
 136      49A2 7FF9 
 136      2671 183E 
 136      BF70 BE9D 
 136      1B51 68A7 
 137 0064 0752 AA25 		.ascii	"\007R\252%^"
 137      5E
 138               		.text
 139               		.section	.gnu.lto_.refs.42b0e37e80837eb6,"",@progbits
 140 0000 789C 6361 		.string	"x\234ca`\004B "
 140      6004 4220 
 140      00
 141 0009 00        		.string	""
 142 000a 00        		.string	""
 143 000b 3900      		.string	"9"
 144 000d 07        		.ascii	"\007"
 145               		.text
 146               		.section	.gnu.lto_.decls.42b0e37e80837eb6,"",@progbits
 147 0000 789C AD56 		.ascii	"x\234\255VkL\024W\024\2363\263\340\262\254`|\2646\3354j\370A"
 147      6B4C 1457 
 147      149E 33B3 
 147      E0B2 AC60 
 147      7CB4 36DD 
 148 0018 D286 D598 		.ascii	"\322\206\325\2304\370\317W\252M\252\230Z\374K\020\226\226\224"
 148      34F8 CF57 
 148      AA4D AA98 
 148      5AFC 4B10 
 148      9696 94
 149 002b 0259 16FB 		.ascii	"\002Y\026\373\3705\326\212/l\201\232\245\326\327\242\365\201"
 149      F835 D68A 
 149      2F6C 819A 
 149      A5D6 D7A2 
 149      F581 
 150 003d A5B0 82C8 		.ascii	"\245\260\202\310S\\\024\241\"\350\n\002*\217B\013(/\001\301\256"
 150      535C 14A1 
 150      22E8 0A02 
 150      2A8F 420B 
 150      282F 01C1 
 151 0052 8048 CFBD 		.ascii	"\200H\317\275wvg\226.B\223\336pv\356\234\371\356w\316\375\316"
 151      7776 6796 
 151      2E42 93DE 
 151      7076 EE9C 
 151      F9EE 77CE 
 152 0068 993B A838 		.ascii	"\231;\2508\340\310(\325p\334%\234.\3409n\n\2077\372vp\362\360"
 152      E0C8 28D5 
 152      70DC 259C 
 152      2EE0 396E 
 152      0A87 37FA 
 153 0080 2218 B4DB 		.ascii	"\"\030\264\333h\215h\017\320z\271\177\017\202\321Jk\027\242-"
 153      688D 680F 
 153      D07A B97F 
 153      0F82 D14A 
 153      6B17 A22D 
 154 0094 46EB 43CB 		.ascii	"F\353C\313B\313E\013E\323\241\205\2409\320\236\243\225\243\221"
 154      42CB 450B 
 154      45D3 A185 
 154      A039 D09E 
 154      A395 A391 
 155 00a8 2C9E 49D7 		.ascii	",\236I\327R\017\274$\256\277\007\336\027hc\022\237\223{\034\255"
 155      520F BC24 
 155      AEBF 07DE 
 155      1768 6312 
 155      9F93 7B1C 
 156 00bd 641A 7FAE 		.ascii	"d\032\177\256\304=\214\306K|\236\3424\376\317q\032g\210C\364"
 156      C43D 8CC6 
 156      4B7C 9EE2 
 156      34FE CF71 
 156      1A67 8843 
 157 00d2 D3CC 1267 		.ascii	"\323\314\022g\002\255Z\342\344$\276\007R\356\323\007\251\205"
 157      02AD 5AE2 
 157      E424 BE07 
 157      52EE D307 
 157      A985 
 158 00e4 9F94 C374 		.ascii	"\237\224\303t\276\227h\223\212\334s\025\2717K{q\362\367\316\220"
 158      BE97 6893 
 158      8ADC 7315 
 158      B937 4B7B 
 158      71F2 F7CE 
 159 00f9 EF24 0F87 		.ascii	"\357$\017\207\233\216%\3734\303C\340Aj\032\016\300y\0012\245"
 159      9B8E 25FB 
 159      34C3 43E0 
 159      416A 1A0E 
 159      C079 0132 
 160 010e B740 A6E4 		.ascii	"\267@\246\344\206\247\277\222\207!\\\027\t\"Me2\372\007\322t"
 160      86A7 BF92 
 160      8721 5C17 
 160      0922 4D65 
 160      32FA 07D2 
 161 0123 CA39 2809 		.ascii	"\3129(\ts\312\\\304\305\273\362\243\253\350s\236\\\344\245\300"
 161      73CA 5CC4 
 161      C5BB F2A3 
 161      ABE8 739E 
 161      5CE4 A5C0 
 162 0137 F888 1FA4 		.ascii	"\370\210\037\244L\224\304,o\005/\270o\016\234\273\1771\225|\306"
 162      4C94 C42C 
 162      6F05 2FB8 
 162      6F0E 9CBB 
 162      7F31 957C 
 163 014c 5B40 729C 		.ascii	"[@r\234\333\037OvAP\226\210#E\024\371`Y"
 163      DB1F 4F76 
 163      4150 9688 
 163      2345 14F9 
 163      6059 
 164 015e A39B 530E 		.string	"\243\233S\016\233\377(\017\0135\300\343m\335P\315\t_\274]\254\201\005x\333\325\366\313\22
 164      9BFF 280F 
 164      0B35 C0E3 
 164      6DDD 50CD 
 164      095F BC5D 
 165 025f 4A60 2992 		.ascii	"J`)\222\\&Q\b\372\300\253\301\036\337\025\026\321f\025\333\353"
 165      5C26 5108 
 165      FAC0 ABC1 
 165      1EDF 1516 
 165      D166 15DB 
 166 0274 2BB7 8C9E 		.ascii	"+\267\214\236\335-Zq\345f\n\204\013\262`8%\227\363\320\214-R"
 166      DD2D 5A71 
 166      E566 0A84 
 166      0BB2 6038 
 166      2597 F3D0 
 167 028b 0A2B 706D 		.ascii	"\n+pm\177wF\227\257\260\027\350&r\366vf\2521_\035V\b\024\005"
 167      7F77 4697 
 167      AFB0 17E8 
 167      2672 F676 
 167      66AA 315F 
 168 02a4 D2B1 0265 		.ascii	"\322\261\002e\236\272P1_\310\240X\376\312\223>;\017\232@\252"
 168      9EBA 5031 
 168      5FC8 A058 
 168      FECA 933E 
 168      3B0F 9A40 
 169 02b9 BFCD 227A 		.ascii	"\277\315\"z\243\3764E\016\256\243\372:I\375k\250n\031\356V*\344"
 169      A3FE 3445 
 169      0EAE A3FA 
 169      3A49 FD6B 
 169      A86E 19EE 
 170 02d0 983F 2D64 		.ascii	"\230?-d9\352n\223\363\322i\244\016\355\277\227\303S\201\b\200"
 170      39EA 6E93 
 170      F3D2 69A4 
 170      0EED BF97 
 170      C353 8108 
 171 02e5 758D 39F3 		.ascii	"u\2159\363\250\335\337\325I7\230>\016s\331a\037W}*f\250\217["
 171      A8DD DFD5 
 171      4937 983E 
 171      0E73 D961 
 171      1F57 7D2A 
 172 02fd 4D2A A59A 		.ascii	"M*\245\232\314R\204\337\261\bU\214\357\276\331\226\007\036\213"
 172      CC52 84DF 
 172      B108 558C 
 172      EFBE D996 
 172      071E 8B
 173 0310 708B 14A1 		.ascii	"p\213\024\241\232\026\341\246\263\b\303\355I^X\203v\254A\336"
 173      9A16 E1A6 
 173      B308 C3ED 
 173      495E 5883 
 173      76AC 41DE 
 174 0324 A12D 1DD8 		.ascii	"\241-\035\330d{p\241\212\300\340\252\274\325\253\312\022\334"
 174      647B 70A1 
 174      8AC0 E0AA 
 174      BCD5 ABCA 
 174      12DC 
 175 0336 A625 684D 		.ascii	"\246%hM\353<\255\022ZY\t<I060\366L\353\362\325\262\3542\213\237"
 175      EB3C AD12 
 175      5A59 093C 
 175      4930 3630 
 175      F64C EBF2 
 176 0350 66F8 B874 		.ascii	"f\370\270t\271\303\234\366\374\343\226y.]\356\316E\227{s\323"
 176      B9C3 9CF6 
 176      FCE3 9679 
 176      2E5D EECE 
 176      4597 7B73 
 177 0365 A51E 75A9 		.ascii	"\245\036u\251c|\227\216\f6h<\352r\237\350\322@u\261;u1\267\236"
 177      637C 978E 
 177      0C36 683C 
 177      EA72 9FE8 
 177      D240 75B1 
 178 037e B9A6 4261 		.ascii	"\271\246Ba,V\321\326V\311\323\316\\K@P#\253R\243T\245\221\252"
 178      2C56 D1D6 
 178      56C9 D3CE 
 178      5C4B 4050 
 178      23AB 52A3 
 179 0396 D294 96EA 		.ascii	"\322\224\226\352\360\025\246\230*I=w\315>\022Ia\225\222\244I"
 179      F015 A698 
 179      2A49 3D77 
 179      CD3E 1249 
 179      6195 92A4 
 180 03ab 2669 5292 		.ascii	"&iR\222<\240$\205\305\215\231\376\202\205\235y\262\016\241\316"
 180      3CA0 2485 
 180      C58D 99FE 
 180      8285 9D79 
 180      B20E A1CE 
 181 03bf 23E9 D6A9 		.ascii	"#\351\326\251\221}n\357\031\021\230u1\2074d#\217\234\0339t\344"
 181      917D 6EEF 
 181      1911 9875 
 181      3187 3464 
 181      238F 9C1B 
 182 03d6 877D BCF2 		.ascii	"\207}\274\362\360\300\347\212\303\243\005\005g\211 \266`O\337"
 182      F0C0 E78A 
 182      C3A3 0505 
 182      6789 20B6 
 182      604F DF
 183 03e9 533F A198 		.ascii	"S?\241\230\306\345w\277\312\316W\2016p\206\245\360\007\276.\362"
 183      C6E5 77BF 
 183      CACE 5781 
 183      3670 86A5 
 183      F007 BE2E 
 184 03fe 6AF6 A2D4 		.ascii	"j\366\242\324'%"
 184      2725 
 185 0404 0EEF C583 		.string	"\016\357\305\203\031\332\360A\253\274\307\026zDa\204)\313\241'\254\374m\256\003\326Z\220~
 185      19DA F041 
 185      ABBC C716 
 185      7A44 6184 
 185      29CB A127 
 186 0505 0C43 80F3 		.string	"\fC\200\363\013\177|\244\242\312[\370Y\240\315y\362\247\202c"
 186      0B7F 7CA4 
 186      A2CA 5BF8 
 186      59A0 CD79 
 186      F2A7 8263 
 187 051a 8B02 6762 		.string	"\213\002gb\202\277\221`&2\272e[Q\332\022QT\303s\004\215\312\025!\373\247\341\222\3223\273
 187      82BF 9160 
 187      2632 BA65 
 187      5B51 DA12 
 187      5154 C373 
 188 053f E53A 38A4 		.string	"\345:8\244:8h\035\262\222O\217h\224E\363\364\377\005\274\240\330\332\033\226Z/\215\364\37
 188      3A38 681D 
 188      B292 4F8F 
 188      6894 45F3 
 188      F4FF 05BC 
 189 0574 E334 C0D0 		.ascii	"\3434\300\320\221\023\035>Jp\265\033xB\002OPpAr\356\250\2272"
 189      9113 1D3E 
 189      4A70 B51B 
 189      7842 024F 
 189      5070 4172 
 190 058c F3D7 BCE3 		.ascii	"\363\327\274\343\360\222.i\270?x]P\362\227\273u\350\244\304O"
 190      F092 2E69 
 190      B83F 785D 
 190      50F2 97BB 
 190      75E8 A4C4 
 191 05a1 AE4B 42B7 		.ascii	"\256KB\267\257\017\333d0m5|e\332hH\2100F\307\233\342\214\352"
 191      AF0F DB64 
 191      306D 357C 
 191      65DA 6848 
 191      8830 46C7 
 192 05b9 4D5B 4397 		.ascii	"M[C\227mX\263\206S'F\307\232V\275\037fzG\237\230`\324\307D\357"
 192      6D58 B386 
 192      5327 46C7 
 192      9A56 BD1F 
 192      667A 479F 
 193 05d3 D487 EF32 		.ascii	"\324\207\3572\352\243c#b\022#\r\372\004S$>\017\372\214\233\027"
 193      EAA3 6323 
 193      6212 230D 
 193      FA04 5324 
 193      3E0F FA8C 
 194 05e9 1B17 1B9B 		.ascii	"\033\027\033\233\030\023\263\232 b\022\243\302\365\037\205~\260"
 194      1813 B39A 
 194      2062 12A3 
 194      C2F5 1F85 
 194      7EB0 
 195 05fb 4EBF D118 		.ascii	"N\277\321\030\275\313`L\320c\020\375\2068\243\001\177b\243\242"
 195      BDCB 604C 
 195      D063 10FD 
 195      8638 A301 
 195      7F62 A3A2 
 196 060f 3F95 0325 		.ascii	"?\225\003%\340\332\267=\246\020\022\365\311\327\361\206y$~p\230"
 196      E0DA B73D 
 196      A610 12F5 
 196      C9D7 F186 
 196      7924 7E70 
 197 0624 E9BF F346 		.ascii	"\351\277\363Fp\313_\303\273\336\020\205\313\226\275\006\261."
 197      70CB 5FC3 
 197      BBDE 1085 
 197      CB96 BD06 
 197      B12E 
 198 0636 CA64 30BE 		.ascii	"\312d0\276\345\021\260!\356\213\370%,\"\231\206\033\303\321\271"
 198      E511 B021 
 198      EE8B F825 
 198      2C22 9986 
 198      1BC3 D1B9 
 199 064a CD64 0C33 		.ascii	"\315d\f3\251\266G\177c\360\216\017\217\370\334\020\251\",\301"
 199      A9B6 477F 
 199      63F0 8E0F 
 199      8FF8 DC10 
 199      A922 2CC1 
 200 065e B3E4 BD6E 		.ascii	"\263\344\275n\307\307\301\372\240 \375vS\244\273(o\222\310\262"
 200      C7C7 C1FA 
 200      A020 FD76 
 200      53A4 BB28 
 200      6F92 C8B2 
 201 0672 2B6C B321 		.ascii	"+l\263!<\322\200\021\376\001\024f\324\336"
 201      3CD2 8011 
 201      FE01 1466 
 201      D4DE 
 202               		.text
 203               		.section	.gnu.lto_.symtab.42b0e37e80837eb6,"",@progbits
 204 0000 5553 425F 		.string	"USB_GetNextDescriptorOfType"
 204      4765 744E 
 204      6578 7444 
 204      6573 6372 
 204      6970 746F 
 205 001c 00        		.string	""
 206 001d 00        		.string	""
 207 001e 00        		.string	""
 208 001f 00        		.string	""
 209 0020 00        		.string	""
 210 0021 00        		.string	""
 211 0022 00        		.string	""
 212 0023 00        		.string	""
 213 0024 00        		.string	""
 214 0025 00        		.string	""
 215 0026 00        		.string	""
 216 0027 CB00      		.string	"\313"
 217 0029 00        		.string	""
 218 002a 00        		.string	""
 219 002b 5553 425F 		.string	"USB_GetNextDescriptorOfTypeBefore"
 219      4765 744E 
 219      6578 7444 
 219      6573 6372 
 219      6970 746F 
 220 004d 00        		.string	""
 221 004e 00        		.string	""
 222 004f 00        		.string	""
 223 0050 00        		.string	""
 224 0051 00        		.string	""
 225 0052 00        		.string	""
 226 0053 00        		.string	""
 227 0054 00        		.string	""
 228 0055 00        		.string	""
 229 0056 00        		.string	""
 230 0057 00        		.string	""
 231 0058 D600      		.string	"\326"
 232 005a 00        		.string	""
 233 005b 00        		.string	""
 234 005c 5553 425F 		.string	"USB_GetNextDescriptorOfTypeAfter"
 234      4765 744E 
 234      6578 7444 
 234      6573 6372 
 234      6970 746F 
 235 007d 00        		.string	""
 236 007e 00        		.string	""
 237 007f 00        		.string	""
 238 0080 00        		.string	""
 239 0081 00        		.string	""
 240 0082 00        		.string	""
 241 0083 00        		.string	""
 242 0084 00        		.string	""
 243 0085 00        		.string	""
 244 0086 00        		.string	""
 245 0087 00        		.string	""
 246 0088 D800      		.string	"\330"
 247 008a 00        		.string	""
 248 008b 00        		.string	""
 249 008c 5553 425F 		.string	"USB_GetNextDescriptorComp"
 249      4765 744E 
 249      6578 7444 
 249      6573 6372 
 249      6970 746F 
 250 00a6 00        		.string	""
 251 00a7 00        		.string	""
 252 00a8 00        		.string	""
 253 00a9 00        		.string	""
 254 00aa 00        		.string	""
 255 00ab 00        		.string	""
 256 00ac 00        		.string	""
 257 00ad 00        		.string	""
 258 00ae 00        		.string	""
 259 00af 00        		.string	""
 260 00b0 00        		.string	""
 261 00b1 EA00      		.string	"\352"
 262 00b3 00        		.string	""
 263 00b4 00        		.string	""
 264               		.text
 265               		.section	.gnu.lto_.opts,"",@progbits
 266 0000 272D 666D 		.ascii	"'-fmath-errno' '-fsigned-zeros' '-ftrapping-math' '-fno-trap"
 266      6174 682D 
 266      6572 726E 
 266      6F27 2027 
 266      2D66 7369 
 267 003c 7627 2027 		.ascii	"v' '-fno"
 267      2D66 6E6F 
 268 0044 2D6F 7065 		.string	"-openmp' '-fno-openacc' '-mn-flash=1' '-mno-skip-bug' '-mmcu=avr5' '-gdwarf-2' '-Os' '-We
 268      6E6D 7027 
 268      2027 2D66 
 268      6E6F 2D6F 
 268      7065 6E61 
 269               		.text
 270               		.comm	__gnu_lto_v1,1,1
 271               		.comm	__gnu_lto_slim,1,1
 272               		.ident	"GCC: (GNU) 5.4.0"
DEFINED SYMBOLS
                            *ABS*:0000000000000000 ConfigDescriptors.c
     /tmp/cckteNdo.s:2      *ABS*:000000000000003e __SP_H__
     /tmp/cckteNdo.s:3      *ABS*:000000000000003d __SP_L__
     /tmp/cckteNdo.s:4      *ABS*:000000000000003f __SREG__
     /tmp/cckteNdo.s:5      *ABS*:0000000000000000 __tmp_reg__
     /tmp/cckteNdo.s:6      *ABS*:0000000000000001 __zero_reg__
                            *COM*:0000000000000001 __gnu_lto_v1
                            *COM*:0000000000000001 __gnu_lto_slim

NO UNDEFINED SYMBOLS
