   1               		.file	"usb_util.c"
   2               	__SP_H__ = 0x3e
   3               	__SP_L__ = 0x3d
   4               	__SREG__ = 0x3f
   5               	__tmp_reg__ = 0
   6               	__zero_reg__ = 1
   7               		.text
   8               	.Ltext0:
   9               		.section	.gnu.lto_.profile.8fba0f06429c8327,"",@progbits
  10 0000 789C 6361 		.string	"x\234ca`d`a`"
  10      6064 6061 
  10      6000 
  11 000a 92D2 FC00 		.string	"\222\322\374"
  12 000e 00        		.string	""
  13 000f AF00      		.string	"\257"
  14 0011 35        		.ascii	"5"
  15               		.text
  16               		.section	.gnu.lto_.icf.8fba0f06429c8327,"",@progbits
  17 0000 789C 6361 		.string	"x\234ca`d"
  17      6064 00
  18 0007 0111 0604 		.string	"\001\021\006\004`fh\2776{\006'S\327\241\266\371\274\314\247\026]<\302\314"
  18      6066 68BF 
  18      367B 0627 
  18      53D7 A1B6 
  18      F9BC CCA7 
  19 0021 00        		.string	""
  20 0022 5628 083D 		.ascii	"V(\b="
  21               		.text
  22               		.section	.gnu.lto_.jmpfuncs.8fba0f06429c8327,"",@progbits
  23 0000 789C 6361 		.string	"x\234ca`d"
  23      6064 00
  24 0007 0115 0604 		.string	"\001\025\006\004`\006\021L`\232\211\361/\023\343\255?\357?\361|ajef`\274\300\300\270\234Q
  24      6006 114C 
  24      609A 89F1 
  24      2F13 E3AD 
  24      3FEF 3FF1 
  25 002b 86BB 080C 		.ascii	"\206\273\b\f"
  26               		.text
  27               		.section	.gnu.lto_.inline.8fba0f06429c8327,"",@progbits
  28 0000 789C 6361 		.string	"x\234ca`d"
  28      6064 00
  29 0007 0137 0604 		.string	"\0017\006\004`f``\345ed`b\272\300\317\300\266@\236\t$\306\310\005$\230\030\330X\201\342l\
  29      6066 6060 
  29      E565 6460 
  29      62BA C0CF 
  29      C0B6 409E 
  30 003c ECCA 063E 		.ascii	"\354\312\006>"
  31               		.text
  32               		.section	.gnu.lto_.pureconst.8fba0f06429c8327,"",@progbits
  33 0000 789C 6361 		.string	"x\234ca`d`g```f\220b\222b\226\002"
  33      6064 6067 
  33      6060 6066 
  33      9062 9262 
  33      9602 00
  34 0013 01B2 00   		.string	"\001\262"
  35 0016 63        		.ascii	"c"
  36               		.text
  37               		.section	.gnu.lto_usb_disable.8fba0f06429c8327,"",@progbits
  38 0000 789C 654F 		.ascii	"x\234eO=K\003A\024|\363\366H\002\"\244\260\323B\304&\205\236"
  38      3D4B 0341 
  38      147C F3F6 
  38      4802 22A4 
  38      B0D3 42C4 
  39 0017 BFC5 3F   		.ascii	"\277\305?"
  40 001a 10F4 5010 		.string	"\020\364P\020ON\342]}{&\207\212\215\215ZI\312\304/\022\313\353\216\373\001\361\007\244PR\
  40      4F4E E25D 
  40      7D7B 2687 
  40      8A8D 8D5A 
  40      49CA C42F 
  41 011b B4EF 6E16 		.ascii	"\264\357n\026"
  42               		.text
  43               		.section	.gnu.lto_usb_connected_state.8fba0f06429c8327,"",@progbits
  44 0000 789C 658F 		.ascii	"x\234e\217\315+\204Q\024\306\317s\357\030\223\"{\263\300Ni^e"
  44      CD2B 8451 
  44      14C6 CF73 
  44      EF18 9322 
  44      7BB3 C04E 
  45 0017 23D9 0C9A 		.ascii	"#\331\f\232\225\025Q\026\232\230F&\243Wc\306v\356|\274)\013\037"
  45      9515 5116 
  45      9A98 4626 
  45      A357 63C6 
  45      76EE 7CBC 
  46 002e 8915 594D 		.ascii	"\211\025YM3>')e7MQR\343O0\241YH\241X\020\306\271\363\256\344"
  46      333E 2729 
  46      6537 4D51 
  46      52E3 4F30 
  46      A159 48A1 
  47 0049 D4BD E79E 		.ascii	"\324\275\347\236{\177\367y\316q\020H\307\004'?\347\026^\220\004"
  47      7B7F F779 
  47      CE71 1048 
  47      C704 273F 
  47      E716 5E90 
  48 005e B156 224A 		.ascii	"\261V\"J\270\004\240\017\312\005\212\013\304\361.\276\00566\327"
  48      B804 A00F 
  48      CA05 8A0B 
  48      C4F1 2EBE 
  48      0536 36D7 
  49 0072 6E9B 3AB2 		.ascii	"n\233:\262J%U9\263\"\323\271\002,IT\025\204n7\272\334Z\"\213"
  49      4A25 5539 
  49      B322 D3B9 
  49      022C 4954 
  49      1584 6E37 
  50 008b 0E62 F4EE 		.ascii	"\016b\364\356\344g\263\321\231V\034\255\032\340\227\034\234\332"
  50      E467 B3D1 
  50      9956 1CAD 
  50      1AE0 971C 
  50      9CDA 
  51 009d 323F 5C50 		.ascii	"2?\\P\325jJ\251\3656\324\t\262$\273\362\346 -E/\214j\343W!t\226"
  51      D56A 4AA9 
  51      F536 D409 
  51      B224 BBF2 
  51      E620 2D45 
  52 00b9 1514 3F97 		.ascii	"\025\024?\227\237\037>\242\1775\013\327\333\3435\305\252\300"
  52      9F1F 3EA2 
  52      7F35 0BD7 
  52      DBE3 35C5 
  52      AAC0 
  53 00cb 3F3B ECC1 		.ascii	"?;\354\301\311~\373p\246\244n{\313*\336\324\277\tK\332\354j\241"
  53      C97E FB70 
  53      A6A4 6E7B 
  53      CB2A DED4 
  53      BF09 4BDA 
  54 00e2 7851 6797 		.ascii	"xQg\227\367\340\372\373t\271o\027;\211tB5[R\342\020n\034\200"
  54      F7E0 FAFB 
  54      74B9 6F17 
  54      3B89 7442 
  54      355B 52E2 
  55 00fa 87C1 1176 		.ascii	"\207\301\021vA\025\244\276|\224\222\322\026;\253\\]6\350\337"
  55      4115 A4BE 
  55      7C94 92D2 
  55      163B AB5C 
  55      5D36 E8DF 
  56 010e 8002 8E99 		.ascii	"\200\002\216\231c\340l\211[\234\267\035\035\2142\227\177:\377"
  56      63E0 6C89 
  56      5B9C B71D 
  56      1D8C 3297 
  56      7F3A FF
  57 0121 68B4 3942 		.ascii	"h\2649B\236\261G$\313\231R\247n\232!\252\315\n=#O\334\036\235"
  57      9EB1 4724 
  57      CB99 52A7 
  57      6E9A 21AA 
  57      CD0A 3D23 
  58 0139 9BF5 07CC 		.ascii	"\233\365\007\314H\320\230\217\230Q3`\206\215plz\322\210-L\371"
  58      48D0 988F 
  58      9851 3360 
  58      868D 706C 
  58      7AD2 882D 
  59 014f 63D1 50D8 		.ascii	"c\321P\330\023\240\336ph\312\276\034\032\365y\215\301Hh1\030"
  59      13A0 DE70 
  59      68CA BE1C 
  59      1AF5 798D 
  59      C148 6831 
  60 0164 5930 4647 		.ascii	"Y0FG\372\215\001\375\321;6\334cx<v\036\f.\206\002A\277>{f\350"
  60      FA8D 01FD 
  60      D13B 36DC 
  60      6378 3C76 
  60      1E0C 2E86 
  61 017f 175C 7099 		.ascii	"\027\\p\231\034"
  61      1C
  62               		.text
  63               		.section	.gnu.lto_usb_vbus_state.8fba0f06429c8327,"",@progbits
  64 0000 789C 7D53 		.ascii	"x\234}SKL\023a\020\376g\377n[^\205\273\230\020\023\016z`M\274"
  64      4B4C 1361 
  64      10FE 67FF 
  64      6E5B 5E85 
  64      BB98 1013 
  65 0019 E811 319C 		.ascii	"\350\0211\234<a\364\272\201Rcc\241ZZ\022\023\223ni\027T\016\020"
  65      3C61 F4BA 
  65      8152 6363 
  65      A15A 5A12 
  65      1393 6E69 
  66 0031 880F      		.ascii	"\210\017"
  67 0033 50C4 04DF 		.string	"P\304\004\337\240<\344aU\244\240\206\b\"\n\027\361\021^\t\032\203\341\245\321\032\260\316
  67      A03C E461 
  67      55A4 A086 
  67      0822 0A17 
  67      F111 5E09 
  68 0134 A4C1 5D44 		.ascii	"\244\301]D\243\322s@\220\377S\266\"%\222\260\031(\233\2726*Q"
  68      A3D2 7340 
  68      90FF 53B6 
  68      2225 92B0 
  68      1928 9BBA 
  69 014b 0F98 F03A 		.ascii	"\017\230\360:\324v\211\023\233\tL\030.\215\324\317\332(\224!"
  69      D476 8913 
  69      9B09 4C18 
  69      2E8D D4CF 
  69      DA28 9421 
  70 015f 03C3 CBD1 		.ascii	"\003\303\313\321\246j\033W\205\372\252\351\266\226\244\314&1"
  70      A66A 1B57 
  70      85FA AAE9 
  70      B696 A4CC 
  70      2631 
  71 0171 84E8 059B 		.ascii	"\204\350\005\233\326\246Yun\206\016\340\264\221v\254\323Fuh\366"
  71      D6A6 5975 
  71      6E86 0EE0 
  71      B491 76AC 
  71      D346 7568 
  72 0186 F720 1313 		.ascii	"\367 \023\023\372\352\276\214\247n\275\250\235\322\2644\334\233"
  72      FAEA BE8C 
  72      A76E BDA8 
  72      9DD2 B434 
  72      DC9B 
  73 0198 163F AEE0 		.ascii	"\026?\256\340\026\315\f:a\253\220R78\030\342\033f\\\331(\023"
  73      16CD 0C3A 
  73      61AB 9052 
  73      3738 18E2 
  73      1B66 5CD9 
  74 01ae 477C CE12 		.ascii	"G|\316\022U\037n\251\254\264\360\n\020RNOD\206\022H\n:\243n0"
  74      551F 6EA9 
  74      ACB4 F00A 
  74      1052 4E4F 
  74      4486 1248 
  75 01c7 B773 3660 		.ascii	"\267s6`\250\261@\367f5\210\237\354oh\226y\215\221\334\361^\217"
  75      A8B1 40F7 
  75      6635 889F 
  75      EC6F 6896 
  75      798D 91DC 
  76 01de A6C6 FBA8 		.ascii	"\246\306\373\250\035K\276\244E\002\031\324\310\375\177\246\256"
  76      1D4B BEA4 
  76      4502 19D4 
  76      C8FD 7FA6 
  76      AE
  77 01ef DF2F 8421 		.ascii	"\337/\204!\023zHW\227\330\363\003\264XX\264:\3771:\"\307[\265"
  77      137A 4857 
  77      97D8 F303 
  77      B458 58B4 
  77      3AFF 313A 
  78 0207 6C6A F5A1 		.ascii	"lj\365\241\321jd\274&U\344\364\210\234\267\253\013\313\302\r"
  78      D16A 64BC 
  78      2655 E4F4 
  78      889C B7AB 
  78      0BCB C20D 
  79 021b 1678 C5E0 		.ascii	"\026x\305\340\021\226\374\004\241\310\004\252D\f\225\016\207"
  79      1196 FC04 
  79      A1C8 04AA 
  79      440C 950E 
  79      87
  80 022c E7DF 59FC 		.ascii	"\347\337Y\374k\202T\347\326\230\304E]\350\005\277\300\353<AL"
  80      6B82 54E7 
  80      D698 C445 
  80      5DE8 05BF 
  80      C0EB 3C41 
  81 0241 F099 B14C 		.ascii	"\360\231\261L11|`\004=\353\2030\005\206\241;?\234\3348\354\253"
  81      3131 7C60 
  81      043D EB83 
  81      3005 86A1 
  81      3B3F 9CDC 
  82 0258 E9F1 419B 		.ascii	"\351\361A\2336\033\372\261h\264\217\354G\366XY\231i\216;x\202"
  82      361B FAB1 
  82      68B4 8FEC 
  82      47F6 5859 
  82      9969 8E3B 
  83 026e 1CBC 3C74 		.ascii	"\034\274<t}(q\275\335\"\177\354\326\037w\360j.\013r\331H\357"
  83      7D28 71BD 
  83      DD22 7FEC 
  83      D61F 77F0 
  83      6A2E 0B72 
  84 0285 7C3A 586E 		.ascii	"|:Xn5\254\0130 \254\033\354\256@M^\243\004\376d\204\265\316\207"
  84      35AC 0B30 
  84      20AC 1BEC 
  84      AE40 4D5E 
  84      A304 FE64 
  85 029d A329 068C 		.ascii	"\243)\006\214\301\023\204}\306.\365\032\033\251D\020mf\021\277"
  85      C113 847D 
  85      C62E F51A 
  85      1BA9 4410 
  85      6D66 11BF 
  86 02b1 28FC 4AF1 		.ascii	"(\374J\361\233\335\346-:\252\332\335\036\207r\314\343\366\272"
  86      9BDD E62D 
  86      3AAA DADD 
  86      1E87 72CC 
  86      E3F6 BA
  87 02c4 ED6E 97E2 		.ascii	"\355n\227\342\362\035\316W|%\005\252\317\353te\331\331\036\227"
  87      F21D CE57 
  87      7C25 05AA 
  87      CFEB 7465 
  87      D9D9 1E97 
  88 02d8 B3C0 78B8 		.ascii	"\263\300x\270\377`n\266\262\317\343,uxJ\224\203\007\366*9\224"
  88      FF60 6EB6 
  88      B2CF E32C 
  88      7578 4A94 
  88      8307 F62A 
  89 02ee 987D 286F 		.ascii	"\230}(o7E9\356b\257\307\355r9<*=\312:\302L\252\352+\331\206\\"
  89      3745 39EE 
  89      62AF C7ED 
  89      7239 3C2A 
  89      3DCA 3AC2 
  90 0309 1E85 38F2 		.ascii	"\036\2058\362K=\212\263\330\356\362\025:\024\342V\n\035\256\374"
  90      4B3D 8AB3 
  90      D8EE F215 
  90      3A14 E256 
  90      0A1D AEFC 
  91 031d 1388 4B54 		.ascii	"\023\210KTU\257\323~\264D-\264\313x[t\354785\242-"
  91      55AF D37E 
  91      B444 2DB4 
  91      CB78 5B74 
  91      EC37 3835 
  92               		.text
  93               		.section	.gnu.lto_.symbol_nodes.8fba0f06429c8327,"",@progbits
  94 0000 789C 558B 		.ascii	"x\234U\213\313\r\200 \020\005gY\350C[\264\201\245\004\213\260"
  94      CB0D 8020 
  94      1005 6759 
  94      E843 5BB4 
  94      81A5 048B 
  95 0015 0A8B B006 		.ascii	"\n\213\260\006L\360\023\213 \202'y\227If\362<\302D\235\313\030"
  95      4CF0 138B 
  95      2082 2779 
  95      9749 66F2 
  95      3CC2 449D 
  96 002b CC1B 0D6B 		.ascii	"\314\033\rk\034!\3340\264r`\322\025wb\2563ra\372\031\210\261"
  96      1C21 DC30 
  96      B472 60D2 
  96      1577 62AE 
  96      3372 61FA 
  97 0042 BEE4 C1FC 		.ascii	"\276\344\301\374_(\236%\025Q\r\344\275\b/OO\034\217"
  97      5F28 9E25 
  97      1551 0DE4 
  97      BD08 2F4F 
  97      4F1C 8F
  98               		.text
  99               		.section	.gnu.lto_.refs.8fba0f06429c8327,"",@progbits
 100 0000 789C 6361 		.string	"x\234ca`d`c`"
 100      6064 6063 
 100      6000 
 101 000a 928C 8C4C 		.string	"\222\214\214L\f"
 101      0C00 
 102 0010 00        		.string	""
 103 0011 9F00      		.string	"\237"
 104 0013 11        		.ascii	"\021"
 105               		.text
 106               		.section	.gnu.lto_.decls.8fba0f06429c8327,"",@progbits
 107 0000 789C 8D54 		.string	"x\234\215TkL\024W\024\2363\263\362\030\\\260\224\264\244\3314\204\304\324\376am\375\243\3
 107      6B4C 1457 
 107      149E 33B3 
 107      F218 5CB0 
 107      94B4 A4D9 
 108 009f E592 B1CF 		.string	"\345\222\261\317\0336m\013\370\323\0304\207f\024\333<\276t\177\230\373\357\240y\211\363\3
 108      1B36 6D0B 
 108      F8D3 1834 
 108      8766 14DB 
 108      3CBE 747F 
 109 0165 E10F D029 		.string	"\341\017\320)[\002\235\002;\021\240\367\007t\025\023\343c\230\030S\023\214\375\300\230\31
 109      5B02 9D02 
 109      3B11 A0F7 
 109      0774 1513 
 109      E363 9818 
 110 01ba F25E 8315 		.ascii	"\362^\203\0256X\216\207\006NB*\376\347[t\257\346\307\377l\267"
 110      3658 8E87 
 110      064E 422A 
 110      FEE7 5B74 
 110      AFE6 C7FF 
 111 01d0 A697 93F2 		.ascii	"\246\227\223\362\006\022\232=\371\3166\022\f\240\023O\255\240"
 111      0612 9A3D 
 111      F9CE 3612 
 111      0CA0 134F 
 111      ADA0 
 112 01e2 C12C 334E 		.ascii	"\301,3N\351\247\036\3061\372)H\247]\276\335\3650V\310g\361\372"
 112      E9A7 1EC6 
 112      31FA 2948 
 112      A75D BEDD 
 112      F530 56C8 
 113 01f9 7B86 4A62 		.ascii	"{\206Jb\205\002:\267\224=\332\325.b\353 \036eY)\211\203f\210"
 113      8502 3AB7 
 113      943D DAD5 
 113      2E62 EB20 
 113      1E65 5929 
 114 0211 E776 D06E 		.ascii	"\347v\320n\007Iy\032\372\353\231\300Y\3545\335\342\240\t\315"
 114      0749 791A 
 114      FAEB 99C0 
 114      59EC 35DD 
 114      E2A0 09CD 
 115 0225 CF60 A74B 		.ascii	"\317`\247KI\021m1U\036\013\2371\216.\3414\213\037\246zw\177\360"
 115      4911 6D31 
 115      551E 0B9F 
 115      318E 2EE1 
 115      348B 1FA6 
 116 023d 8035 921E 		.ascii	"\2005\222\0365\t\363k\211\342\367]EE_\254\316/\370g\n)D\027\013"
 116      3509 F36B 
 116      89E2 F75D 
 116      4545 5FAC 
 116      CE2F F867 
 117 0256 3581 4693 		.ascii	"5\201F\223\\c$\271VF\256p:P\236$|\301\310\035\334[\324(\032\020"
 117      5C63 24B9 
 117      5646 AE70 
 117      3A50 9E24 
 117      7CC1 C81D 
 118 0270 3391 10E7 		.ascii	"3\221\020\347L\210s\221\020\347\031\304t\345\354\336$a'0\214"
 118      4C88 7391 
 118      10E7 19C4 
 118      74E5 ECDE 
 118      2461 2730 
 119 0285 BD3F 7635 		.ascii	"\275?v5\t\210\021\302\223<Y\234\363\303\221@p9k\005\\0A.\030"
 119      0988 11C2 
 119      933C 599C 
 119      F3C3 9140 
 119      7039 6B05 
 120 029e 24A1 8D01 		.ascii	"$\241\215\001\220\347\217\017\210\3025\035\340\304\361\277\033"
 120      90E7 8F0F 
 120      88C2 351D 
 120      E0C4 F1BF 
 120      1B
 121 02af 440B CF4E 		.ascii	"D\013\317N<%\207\252\375\303\2035\342\002M\356`E\b\202Q\205\336"
 121      3C25 87AA 
 121      FDC3 8335 
 121      E202 4DEE 
 121      6045 0882 
 122 02c6 EA89 D38B 		.ascii	"\352\211\323\213\214\360-\273\263\356c\370\006\254\355zj\007"
 122      8CF0 2DBB 
 122      B3EE 63F8 
 122      06AC ED7A 
 122      6A07 
 123 02d8 ED66 06ED 		.ascii	"\355f\006\355\341\f:Y\006\201\332\306\021\213\260\233g\031\324"
 123      E10C 3A59 
 123      0681 DAC6 
 123      118B B09B 
 123      6719 D4
 124 02eb 6FBB 5F1D 		.ascii	"o\273_\035\207\327\330\206\257\003D<\r6\375i\250.\253\352\266"
 124      87D7 D886 
 124      AF03 443C 
 124      0D36 FD69 
 124      A82E ABEA 
 125 0300 0A65 CC96 		.ascii	"\ne\314\226o~\370\373 \037\276\343\301r\022\223:\327\365\213"
 125      6F7E F8FB 
 125      201F BEE3 
 125      C172 1293 
 125      3AD7 F58B 
 126 0314 D875 9B71 		.ascii	"\330u\233q\303{\260\357\335\346\r\237Ib7\274\027o\370\317fN6"
 126      C37B B0EF 
 126      DDE6 0D9F 
 126      4962 37BC 
 126      176F F8CF 
 127 032b 51E7 70B9 		.ascii	"Q\347p\271o\252>QD\304\302\227@D\373\007\201\247M\226\245G\310"
 127      6FAA 3E51 
 127      44C4 C297 
 127      4044 FB07 
 127      81A7 4D96 
 128 0342 D142 122A 		.ascii	"\321B\022*\333\227so\007\345\fp\t\321\273t\364\271juQ\332\320"
 128      DB97 736F 
 128      07E5 0C70 
 128      09D1 BB74 
 128      F4B9 6A75 
 129 0359 074B D1AD 		.ascii	"\007K\321\255gv:\230\244?^<.\257O]9\224\240?^KpYR\335Z\304/."
 129      6776 3A98 
 129      A43F 5E3C 
 129      2EAF 4F5D 
 129      3994 A03F 
 130 0377 A6B4 0609 		.ascii	"\246\264\006\t\021SY\013\257`\320\313@\201\372a1+\037~\321\370"
 130      1153 590B 
 130      AF60 D0CB 
 130      4081 FA61 
 130      312B 1F7E 
 131 038d 5CA8 6234 		.ascii	"\\\250b4>\322\230\3066\215\007\f\343\001f|\233l\333\201\335\326"
 131      3ED2 98C6 
 131      368D 070C 
 131      E301 667C 
 131      9B6C DB81 
 132 03a3 6B5D 53F7 		.ascii	"k]S\367SC\242\360\233\276\330\331\331u0\006[\017\203\254;\250"
 132      5343 A2F0 
 132      9BBE D8D9 
 132      D975 3006 
 132      5B0F 83AC 
 133 03b9 D93E 1E38 		.ascii	"\331>\0368,\b\323\372\366\351o\256\237e\333\327\303\333S\243"
 133      2C08 D3FA 
 133      F6E9 6FAE 
 133      9F65 DBD7 
 133      C3DB 53A3 
 134 03cd 33BD FCBC 		.ascii	"3\275\374\274\327\003\206\360D\300\215\250\03325\326\273=\016"
 134      D703 86F0 
 134      44C0 8DA8 
 134      1B32 35D6 
 134      BB3D 0E
 135 03e0 CF06 5627 		.ascii	"\317\006V'\324T\272\361iE\200\340\331(_\017\324\016\256\206\033"
 135      D454 BAF1 
 135      6945 80E0 
 135      D928 5F0F 
 135      D40E AE86 
 136 03f5 01D7 C042 		.ascii	"\001\327\300BW\3461\037fgd\317\261\346C\326H\222\035Q\025\271"
 136      57E6 311F 
 136      6667 64CF 
 136      B1E6 43D6 
 136      4892 1D51 
 137 040b 6990 BCC9 		.ascii	"i\220\274\311H\026\337\352l\216\025z\204\005xMTT\326Z\214T&\212"
 137      4816 DFEA 
 137      6C8E 157A 
 137      8405 784D 
 137      5454 D65A 
 138 0423 B561 424A 		.ascii	"\265aBJ\360\0218\n\254\312#s\231\214b&#\221\231\214\261L\252"
 138      F011 380A 
 138      ACCA 2373 
 138      998C 6226 
 138      2391 998C 
 139 043a 6ADA 0778 		.ascii	"j\332\007xaH\007o\232\251\232\264\bw\364E\335\245\277\352\026"
 139      6148 076F 
 139      9AA9 9AB4 
 139      0877 F445 
 139      DDA5 BFEA 
 140 044f D348 E3E1 		.ascii	"\323H\343\341H\346uZ\227\360\022\327i\202U\354N\370:\225<{R\033"
 140      48E6 755A 
 140      97F0 12D7 
 140      6982 55EC 
 140      4EF8 3A95 
 141 0467 2E59 CBD5 		.ascii	".Y\313\325\257\366\025\323CI:S\250\035\334\232\313\3636\346y"
 141      AFF6 15D3 
 141      4349 3A53 
 141      A81D DC9A 
 141      CBF3 36E6 
 142 047c 2B32 CF49 		.ascii	"+2\317I\226\347H\335\231IQx\262P\021F;\332\2774\260'\373\264"
 142      96E7 48DD 
 142      9949 5178 
 142      B250 1146 
 142      3BDA BF34 
 143 0494 AD95 51ED 		.ascii	"\255\225Q\355\b\315\201\337E\360P$\370=H\347\342\262>\312M[\263"
 143      08CD 81DF 
 143      45F0 5024 
 143      F83D 48E7 
 143      E2B2 3ECA 
 144 04ab 6A15 17E7 		.ascii	"j\025\027\347"
 145 04af 777B B415 		.string	"w{\264\025\357J\332\233v\277\352\263+\356|\273\243\300gw{\234\212\337%\333U\315\205\373\0
 145      EF4A DA9B 
 145      76BF EAB3 
 145      2BEE 7CBB 
 145      A3C0 6777 
 146 05b0 0667 2B8D 		.ascii	"\006g+\215\271!'\353\343\314\265\322\006O\274A\332\257\276\""
 146      B921 27EB 
 146      E3CC B5D2 
 146      064F BC41 
 146      DAAF BE22 
 147 05c4 4951 5125 		.ascii	"IQQ%)\231Z\346\255\316\315\226\262d\2152\364\253\377\002t\274"
 147      2999 5AE6 
 147      ADCE CD96 
 147      B264 8D32 
 147      F4AB FF02 
 148 05da 07ED      		.ascii	"\007\355"
 149               		.text
 150               		.section	.gnu.lto_.symtab.8fba0f06429c8327,"",@progbits
 151 0000 7573 625F 		.string	"usb_disable"
 151      6469 7361 
 151      626C 6500 
 152 000c 00        		.string	""
 153 000d 00        		.string	""
 154 000e 00        		.string	""
 155 000f 00        		.string	""
 156 0010 00        		.string	""
 157 0011 00        		.string	""
 158 0012 00        		.string	""
 159 0013 00        		.string	""
 160 0014 00        		.string	""
 161 0015 00        		.string	""
 162 0016 00        		.string	""
 163 0017 B200      		.string	"\262"
 164 0019 00        		.string	""
 165 001a 00        		.string	""
 166 001b 7573 625F 		.string	"usb_connected_state"
 166      636F 6E6E 
 166      6563 7465 
 166      645F 7374 
 166      6174 6500 
 167 002f 00        		.string	""
 168 0030 00        		.string	""
 169 0031 00        		.string	""
 170 0032 00        		.string	""
 171 0033 00        		.string	""
 172 0034 00        		.string	""
 173 0035 00        		.string	""
 174 0036 00        		.string	""
 175 0037 00        		.string	""
 176 0038 00        		.string	""
 177 0039 00        		.string	""
 178 003a BA00      		.string	"\272"
 179 003c 00        		.string	""
 180 003d 00        		.string	""
 181 003e 7573 625F 		.string	"usb_vbus_state"
 181      7662 7573 
 181      5F73 7461 
 181      7465 00
 182 004d 00        		.string	""
 183 004e 00        		.string	""
 184 004f 00        		.string	""
 185 0050 00        		.string	""
 186 0051 00        		.string	""
 187 0052 00        		.string	""
 188 0053 00        		.string	""
 189 0054 00        		.string	""
 190 0055 00        		.string	""
 191 0056 00        		.string	""
 192 0057 00        		.string	""
 193 0058 BC00      		.string	"\274"
 194 005a 00        		.string	""
 195 005b 00        		.string	""
 196 005c 5553 425F 		.string	"USB_DeviceState"
 196      4465 7669 
 196      6365 5374 
 196      6174 6500 
 197 006c 00        		.string	""
 198 006d 02        		.ascii	"\002"
 199 006e 00        		.string	""
 200 006f 00        		.string	""
 201 0070 00        		.string	""
 202 0071 00        		.string	""
 203 0072 00        		.string	""
 204 0073 00        		.string	""
 205 0074 00        		.string	""
 206 0075 00        		.string	""
 207 0076 00        		.string	""
 208 0077 CA00      		.string	"\312"
 209 0079 00        		.string	""
 210 007a 00        		.string	""
 211 007b 5553 425F 		.string	"USB_Disable"
 211      4469 7361 
 211      626C 6500 
 212 0087 00        		.string	""
 213 0088 02        		.ascii	"\002"
 214 0089 00        		.string	""
 215 008a 00        		.string	""
 216 008b 00        		.string	""
 217 008c 00        		.string	""
 218 008d 00        		.string	""
 219 008e 00        		.string	""
 220 008f 00        		.string	""
 221 0090 00        		.string	""
 222 0091 00        		.string	""
 223 0092 BE00      		.string	"\276"
 224 0094 00        		.string	""
 225 0095 00        		.string	""
 226               		.text
 227               		.section	.gnu.lto_.opts,"",@progbits
 228 0000 272D 666D 		.ascii	"'-fmath-errno' '-fsigned-zeros' '-ftrapping-math' '-fno-trap"
 228      6174 682D 
 228      6572 726E 
 228      6F27 2027 
 228      2D66 7369 
 229 003c 7627 2027 		.ascii	"v' '-fno"
 229      2D66 6E6F 
 230 0044 2D6F 7065 		.string	"-openmp' '-fno-openacc' '-mn-flash=1' '-mno-skip-bug' '-mmcu=avr5' '-gdwarf-2' '-Os' '-We
 230      6E6D 7027 
 230      2027 2D66 
 230      6E6F 2D6F 
 230      7065 6E61 
 231               		.text
 232               		.comm	__gnu_lto_v1,1,1
 233               		.comm	__gnu_lto_slim,1,1
 234               		.ident	"GCC: (GNU) 5.4.0"
DEFINED SYMBOLS
                            *ABS*:0000000000000000 usb_util.c
     /tmp/ccofK9tc.s:2      *ABS*:000000000000003e __SP_H__
     /tmp/ccofK9tc.s:3      *ABS*:000000000000003d __SP_L__
     /tmp/ccofK9tc.s:4      *ABS*:000000000000003f __SREG__
     /tmp/ccofK9tc.s:5      *ABS*:0000000000000000 __tmp_reg__
     /tmp/ccofK9tc.s:6      *ABS*:0000000000000001 __zero_reg__
                            *COM*:0000000000000001 __gnu_lto_v1
                            *COM*:0000000000000001 __gnu_lto_slim

NO UNDEFINED SYMBOLS
