   1               		.file	"bitwise.c"
   2               	__SP_H__ = 0x3e
   3               	__SP_L__ = 0x3d
   4               	__SREG__ = 0x3f
   5               	__tmp_reg__ = 0
   6               	__zero_reg__ = 1
   7               		.text
   8               	.Ltext0:
   9               		.section	.gnu.lto_.profile.fe9db306871e23f,"",@progbits
  10 0000 789C 6361 		.string	"x\234ca`d`e`"
  10      6064 6065 
  10      6000 
  11 000a 9213 1953 		.string	"\222\023\031S"
  11      00
  12 000f 0297 0102 		.ascii	"\002\227\001\002"
  13               		.text
  14               		.section	.gnu.lto_.icf.fe9db306871e23f,"",@progbits
  15 0000 789C 6361 		.string	"x\234ca`d"
  15      6064 00
  16 0007 010B 0604 		.string	"\001\013\006\004\340d\330\365\346\347U6\306K\357V\357\342bZs\372\322gv\346\211\337[\3662\
  16      E064 D8F5 
  16      E6E7 5536 
  16      C64B EF56 
  16      EFE2 625A 
  17 0048 00        		.string	""
  18 0049 2696 1B67 		.ascii	"&\226\033g"
  19               		.text
  20               		.section	.gnu.lto_.jmpfuncs.fe9db306871e23f,"",@progbits
  21 0000 789C 458A 		.string	"x\234E\212\211\t"
  21      8909 00
  22 0007 2014 42B5 		.ascii	" \024B\265~\327T\215\326\352\365\202HP\274B\026\230\372\030\262"
  22      7ED7 548D 
  22      D6EA F582 
  22      4850 BC42 
  22      1698 FA18 
  23 001c BD8C 2427 		.ascii	"\275\214$'\257\214\013\244\020+\256\335\365\234a\247~A\033\305"
  23      AF8C 0BA4 
  23      102B AEDD 
  23      F59C 61A7 
  23      7E41 1BC5 
  24 0030 B705 0F   		.ascii	"\267\005\017"
  25               		.text
  26               		.section	.gnu.lto_.inline.fe9db306871e23f,"",@progbits
  27 0000 789C 6361 		.string	"x\234ca`d"
  27      6064 00
  28 0007 010E 0805 		.string	"\001\016\b\005\006\234@\2569\003\003\023\327\264\255l\fl\013\344\231@\202\214@1F41&,b\314
  28      069C 40AE 
  28      3903 0313 
  28      D7B4 AD6C 
  28      0C6C 0BE4 
  29 0083 00        		.string	""
  30 0084 624B 1CD9 		.ascii	"bK\034\331"
  31               		.text
  32               		.section	.gnu.lto_.pureconst.fe9db306871e23f,"",@progbits
  33 0000 789C 05C1 		.string	"x\234\005\301\261\001"
  33      B101 00
  34 0007 100C 00   		.string	"\020\f"
  35 000a B094 5266 		.string	"\260\224Rf\217\364\377\353$)<\\\035=zJ\313V\216\017\f`"
  35      8FF4 FFEB 
  35      2429 3C5C 
  35      1D3D 7A4A 
  35      CB56 8E0F 
  36 0021 D6        		.ascii	"\326"
  37               		.text
  38               		.section	.gnu.lto_bitpop.fe9db306871e23f,"",@progbits
  39 0000 789C 4D52 		.ascii	"x\234MR\277k\024Q\020\236\357\315\333\037w1\242\202\026\232\342"
  39      BF6B 1451 
  39      109E EFCD 
  39      DB1F 7731 
  39      A282 169A 
  40 0015 9A23 A451 		.ascii	"\232#\244Q\301?\302\336\377@\203E\n%!\027,\363r\273Q\013\213"
  40      C13F C2DE 
  40      FF40 8345 
  40      0A25 2117 
  40      2CF3 72BB 
  41 002c 8026 0682 		.ascii	"\200&\006\202\215r\\\324\350\231\302\302n\225\300\t\206\004\224"
  41      8D72 5CD4 
  41      E899 C2C2 
  41      6E95 C009 
  41      8604 94
  42 003f 8010 247A 		.ascii	"\200\020$zE\nI\341\035Z\210\232s\346=\304\033vgg\346}3\363\315"
  42      450A 49E1 
  42      1D5A 889A 
  42      73E6 3DC4 
  42      1B76 6767 
  43 0058 BCB5 0452 		.ascii	"\274\265\004R\2312Dg\344{Q^\304\004\263\260E4\227\032\330`p0"
  43      9932 4467 
  43      E47B 515E 
  43      C404 B3B0 
  43      4534 971A 
  44 0070 5EA7 D6F0 		.ascii	"^\247\326\360\2356\221+GyB\356H\004h\334\245\240Y\3036\302\254"
  44      9D36 912B 
  44      4779 42EE 
  44      4804 68DC 
  44      A5A0 59C3 
  45 0087 B114 E487 		.ascii	"\261\024\344\207\371cpwqa\357\350X\323\271\272\373\334xW\315"
  45      F963 7077 
  45      7161 EFE8 
  45      58D3 B9BA 
  45      FBDC 7857 
  46 009c 570B CC33 		.ascii	"W\013\3143Q\337\020.\214\340\374\210\266kbL\220\017\016\037\266"
  46      51DF 102E 
  46      8CE0 FC88 
  46      B66B 624C 
  46      900F 0E1F 
  47 00b1 87F8 2448 		.ascii	"\207\370$H\354\373\357w>\362hC\263\334\316q\307\222\202U\360"
  47      ECFB EF77 
  47      3EF2 6843 
  47      B3DC CE71 
  47      C792 8255 
  48 00c6 FF2C AD81 		.ascii	"\377,\255\201\307\030U\360V\263q\257\314\247}\342\362\301\312"
  48      C718 55F0 
  48      56B3 71AF 
  48      CCA7 7DE2 
  48      F2C1 CA
  49 00d9 9AA9 3ED2 		.ascii	"\232\251>\322\304\342S-w\305\\Es\237\f\346\252\b\264\263~\270"
  49      C4E2 532D 
  49      77C5 5C45 
  49      739F 0CE6 
  49      AA08 B4B3 
  50 00ef 381C E74E 		.ascii	"8\034\347N\244\202\247\250*')\272\206X6\002\215\264.\025\256"
  50      A482 A7A8 
  50      2A27 29BA 
  50      8658 3602 
  50      8DB4 2E15 
  51 0104 DFCF 5CB1 		.ascii	"\337\317\\\261[i\377\262C\360\035\245\214\0341\324\266\302\003"
  51      5B69 FFB2 
  51      43F0 1DA5 
  51      8C1C 31D4 
  51      B6C2 03
  52 0117 9128 13AB 		.ascii	"\221(\023\253JT\245\036U\362(\242oRS\366\3245F>\334A\275\330"
  52      4A54 A51E 
  52      55F2 28A2 
  52      6F52 53F6 
  52      D435 463E 
  53 012f 9BF4 2DE4 		.ascii	"\233\364-\344T8,\315\277\331N\276\033\245Hx\006\345\3265L\262"
  53      5438 2CCD 
  53      BFD9 4EBE 
  53      1BA5 4878 
  53      06E5 D635 
  54 0145 60DE 47B6 		.ascii	"`\336G\266ts\323*8c\2331\004\376!\333\330f\205\003}\340\271\340"
  54      7473 D32A 
  54      3863 9B31 
  54      04FE 21DB 
  54      D866 8503 
  55 015d F751 EF25 		.ascii	"\367Q\357%\001\023\tl\320\227\007\342g\277\343\340'\036\022\017"
  55      0113 096C 
  55      D097 07E2 
  55      67BF E3E0 
  55      271E 120F 
  56 0171 4252 8952 		.ascii	"BR\211R\007\3063\022\326\022!\337w\203\003\240\224\261^\342\313"
  56      07C6 3312 
  56      D612 21DF 
  56      7783 03A0 
  56      94B1 5EE2 
  57 0186 5B9B EBE5 		.ascii	"[\233\353\345@\023hI\333\17792\205\200<kK\362\037\350\204\307"
  57      4013 6849 
  57      DB7F 3932 
  57      8580 3C6B 
  57      4BF2 1FE8 
  58 019c 2884 0D05 		.ascii	"(\204\r\005\307\327\005}A\276\233\235\neu\226\326\301\253\237"
  58      C7D7 057D 
  58      41BE 9B9D 
  58      0A65 7596 
  58      D6C1 AB9F 
  59 01b0 C35A 53CE 		.ascii	"\303ZS\316\360\302\217N= c6\242R^.\365\244\211\354\304\274e\351"
  59      F0C2 8F4E 
  59      3D20 6336 
  59      A252 5E2E 
  59      F5A4 89EC 
  60 01c8 C1B7 758B 		.ascii	"\301\267u\213\221n\361\253l\261;\031*\351\225\311\222!q1OL\315"
  60      916E F1AB 
  60      6CB1 3B19 
  60      2AE9 95C9 
  60      9221 7131 
  61 01df 5CBE 5E9B 		.ascii	"\\\276^\233\271v\356\312D\355\306\304\364\325\263\343d\305\234"
  61      B976 EECA 
  61      44ED C6C4 
  61      F4D5 B3E3 
  61      64C5 9C
  62 01f2 C6F8 5F0B 		.ascii	"\306\370_\013\032\300\322"
  62      1AC0 D2
  63               		.text
  64               		.section	.gnu.lto_bitpop16.fe9db306871e23f,"",@progbits
  65 0000 789C 4D51 		.ascii	"x\234MQAKTQ\024>\337=\367\215\323h%Q-j\026.\022qSA\213~B\373"
  65      414B 5451 
  65      143E DF3D 
  65      F78D D368 
  65      2551 2D6A 
  66 001e E80F 94B4 		.ascii	"\350\017\224\264pQ0\250\264\364\352\314X\213\026\206\215\t\341"
  66      7051 30A8 
  66      B4F4 EACC 
  66      588B 1686 
  66      8D09 E1
  67 0031 A690 B1B2 		.ascii	"\246\220\261\262l\0027A\360\n\313\026\203B\020\004-\252\211Z"
  67      6C02 3741 
  67      F00A CB16 
  67      8342 1004 
  67      2DAA 895A 
  68 0045 440B 95C2 		.ascii	"D\013\225\302M\371\372\316\273\b]\336\343\236{\356w\276\363\235"
  68      4DF9 FACE 
  68      BB08 5DDE 
  68      E39E 7BEE 
  68      77BE F39D 
  69 0059 EF7A 81D8 		.ascii	"\357z\201\330\272\340D\216s?\307\037\005\201\233^\027\231(:\370"
  69      BAE0 448E 
  69      733F C71F 
  69      0581 9B5E 
  69      1799 283A 
  70 006e 1868 0C5E 		.ascii	"\030h\f^\026\275\323\233k\"\241\224\324\272$\364$\200\345C\021"
  70      16BD D39B 
  70      6B22 A194 
  70      D4BA 24F4 
  70      2480 E543 
  71 0083 32EE D427 		.ascii	"2\356\324'\030w^\342\372\355\376:\3144\246?\035\030l\2060\031"
  71      1877 5EE2 
  71      FAED FE3A 
  71      CC34 A63F 
  71      1D18 6C86 
  72 0099 3E7F DBE8 		.ascii	">\177\333\350\251-\246\250\253H\346\004g\3128]\266vM\f\022\371"
  72      A92D A6A8 
  72      AB48 E604 
  72      67CA 385D 
  72      B676 4D0C 
  73 00af 3ADB 490F 		.ascii	":\333I\017\376ru\005\254\360\335f{\276\333\216\016\275<\316\357"
  73      FE72 7505 
  73      ACF0 DD66 
  73      7BBE DB8E 
  73      0EBD 3CCE 
  74 00c4 DE5B EBD6 		.ascii	"\336[\353\326#\020\306+o^|\305\300\202q\206\235\303A\353\252"
  74      2310 C62B 
  74      6F5E 7CC5 
  74      C082 7186 
  74      9DC3 41EB 
  75 00d9 7808 35CE 		.ascii	"x\b5\316\007(c\021eaJ\360\b\003\006_o.\334.\351\261\274t\356"
  75      0728 6311 
  75      6561 4AF0 
  75      0803 065F 
  75      6F2E DC2E 
  76 00f2 E7DD 25D7 		.ascii	"\347\335%\327\177\337J\323[c\265\220N\364Q\016\226b\365\236\""
  76      7FDF 4AD3 
  76      5B63 B590 
  76      4EF4 510E 
  76      9662 F59E 
  77 0107 3168 A7B5 		.ascii	"1h\247\265\333\330_\250\005\256><F\277i\246\330'(\3201Xf\371"
  77      DBD8 5FA8 
  77      05AE 3E3C 
  77      46BF 69A6 
  77      D827 28D0 
  78 011f 7C1A B2AC 		.ascii	"|\032\262\254\032\322\354\304\352\235\204\016XG\322\360\212C"
  78      1AD2 ECC4 
  78      EA9D 840E 
  78      5847 D2F0 
  78      8A43 
  79 0131 30F6 D4E1 		.ascii	"0\366\324\341\223<]\310\323\"\233$\241q[\316q\323\016&\323\231"
  79      933C 5DC8 
  79      D322 9B24 
  79      A171 5BCE 
  79      71D3 0E26 
  80 0147 4ACE C95B 		.ascii	"J\316\311[6\235\255\277\332\350\262\251\371,X\206\211\331r*t"
  80      369D ADBF 
  80      DAE8 B2A9 
  80      F92C 5886 
  80      89D9 722A 
  81 015c 5CBF A33A 		.ascii	"\\\277\243:;\325N\f\\U_U\020\376\374\303\373\263\206Vd\231\342"
  81      3BD5 4E0C 
  81      5C55 5F55 
  81      10FE FCC3 
  81      FBB3 8656 
  82 0173 29F1 44FD 		.ascii	")\361D\375\231j\373\210J\210\"V:py\017\352`Rr\246U\215\030~f"
  82      996A FB88 
  82      4A88 2256 
  82      3A70 790F 
  82      EA60 5272 
  83 018d F7CA F576 		.ascii	"\367\312\365v\253\024\033\003-\022\355\325P\027A\271\016/|j\323"
  83      AB14 1B03 
  83      2D12 EDD5 
  83      5017 41B9 
  83      0E2F 7C6A 
  84 01a2 DC2B 31ED 		.ascii	"\334+1\355$\036r^\310\027\324>V\217FZ\374?\f\357\360,\037F\266"
  84      241E 725E 
  84      C817 D43E 
  84      568F 465A 
  84      FC3F 0CEF 
  85 01bb 4145 7C53 		.ascii	"AE|S\352\320\271}\333l\302)\335[e\017\275a\276$\346\313\017\372"
  85      EAD0 B97D 
  85      DB6C C229 
  85      DD5B 650F 
  85      BD61 BE24 
  86 01d3 D2A8 4426 		.ascii	"\322\250D&s\235\266\201y\206\207*c\027\257\216\216]9uix\364\332"
  86      739D B681 
  86      7986 872A 
  86      6317 AF8E 
  86      8E5D 3975 
  87 01eb F0C8 E593 		.ascii	"\360\310\345\223C\342\031\216`\350\037\332\025\277\351"
  87      43E2 198E 
  87      60E8 1FDA 
  87      15BF E9
  88               		.text
  89               		.section	.gnu.lto_bitpop32.fe9db306871e23f,"",@progbits
  90 0000 789C 4D51 		.ascii	"x\234MQ1k\024A\024~\337\274\331\273\363\214Q\004-t\213k\216\220"
  90      316B 1441 
  90      147E DFBC 
  90      D9BB F38C 
  90      5104 2D74 
  91 0018 4605 7F84 		.ascii	"F\005\177\204\275\215\265\006\213\024\nGrXf\222\335\213\026\026"
  91      BD8D B506 
  91      8B14 0A47 
  91      7258 6692 
  91      DD8B 1616 
  92 002c 014D 08C6 		.ascii	"\001M\b\306 (\307E\215\311\235b\227b\r\201X\234\021\261\021,"
  92      2028 C745 
  92      8DC9 9D62 
  92      9762 0D81 
  92      589C 11B1 
  93 0042 D413 2CD4 		.ascii	"\324\023,\324\302\013\212\215\346\374f\207\200\303.\363\346\315"
  93      C20B 8A8D 
  93      E6FC 6687 
  93      80C3 2EF3 
  93      E6CD 
  94 0054 F7BE F7BD 		.ascii	"\367\276\367\275o\254@\374\272`DNr?\307\037\005\201\231\333\021"
  94      6FAC 40FC 
  94      BA60 444E 
  94      723F C71F 
  94      0581 99DB 
  95 0069 992E 19D8 		.ascii	"\231.\031\330\020h\b^\224\254\321\233\333\"\256\034\245EqC\021"
  95      1068 085E 
  95      94AC D19B 
  95      DB22 AE1C 
  95      A545 7143 
  96 007e E0F3 AE04 		.ascii	"\340\363\256\004\2312j#L\031+a\3752\177\rn\315\317}\030\036m"
  96      9932 6A23 
  96      4C19 2B61 
  96      FD32 7F0D 
  96      6ECD CF7D 
  97 0095 3937 E33E 		.ascii	"97\343>6\337\016\245+\031\032*20\202\2631\316\304\276]\013\243"
  97      36DF 0EA5 
  97      2B19 1A2A 
  97      3230 82B3 
  97      31CE C4BE 
  98 00ac 44BE 49DB 		.ascii	"D\276I\333w\365\247i(`y\354\277\272\363y\330\037\r*<.\357\335"
  98      77F5 A769 
  98      2860 79EC 
  98      BFBA F379 
  98      D81F 0D2A 
  99 00c4 DF3E A8C7 		.ascii	"\337>\250\307 \214\327\272\033\233\305\221\246\347t\277c\247"
  99      208C D7BA 
  99      1B9B C591 
  99      A6E7 74BF 
  99      63A7 
 100 00d6 0D55 3C82 		.ascii	"\rU<\202z\316\207\210\261\202X\230\022<\306\210\207\357\264\232"
 100      7ACE 8788 
 100      B182 5898 
 100      123C C688 
 100      87EF B49A 
 101 00ea B7CB 7A22 		.ascii	"\267\313z\"/]\374\276\264j\252\017|i\266\\O]6]\241\034\254\206"
 101      2F5D FCBE 
 101      B46A AA0F 
 101      7C69 B65C 
 101      4F5D 365D 
 102 0102 EA7D 45E2 		.ascii	"\352}E\342\241\275\316\336\374\241B\352\270*x\202\252\327L\261"
 102      A1BD CEDE 
 102      FCA1 42EA 
 102      B82A 7882 
 102      AAD7 4CB1 
 103 0116 6B28 D031 		.ascii	"k(\3201\370\314\372\371\314\r\006\211\313\226\252[\317\":\340"
 103      F8CC FAF9 
 103      CC0D 0689 
 103      CB96 AA5B 
 103      CF22 3AE0 
 104 012a 3B92 8657 		.ascii	";\222\206W\034\202\261\245\016\033\345\351B\236\026\371A\022"
 104      1C82 B1A5 
 104      0E1B E5E9 
 104      429E 16F9 
 104      4112 
 105 013c 1AD7 3786 		.ascii	"\032\3277\206\233\3660\223\335\253\345\234\274e\323\205\306\346"
 105      9BF6 3093 
 105      DDAB E59C 
 105      BC65 D385 
 105      C6E6 
 106 014e EBA2 9F9A 		.ascii	"\353\242\237\232\317\202ux1}\243B\307\365\013\222\205\331n\344"
 106      CF82 7578 
 106      317D A342 
 106      C7F5 0B92 
 106      85D9 6EE4 
 107 0162 C189 DA44 		.ascii	"\301\211\332DA\370\267\215\366\273\310\303\025\003\256\303h\263"
 107      41F8 B78D 
 107      F6BB C8C3 
 107      1503 AEC3 
 107      68B3 
 108 0174 84C0 3FB3 		.ascii	"\204\300?\263]\033\200\021\201\204K\017&oC)LJN\266\245\001\303"
 108      5D1B 8011 
 108      8184 4B0F 
 108      266F 4329 
 108      4C4A 4EB6 
 109 018b CF3F D5F3 		.ascii	"\317?\325\363\353\335N9\364\006:$\332\257\2414\202r)V\370\332"
 109      EBDD 4E39 
 109      F406 3A24 
 109      DAAF A134 
 109      8272 2956 
 110 01a1 5EF6 1109 		.ascii	"^\366\021\ti#\341\220\363B>!}\237\034\017\264\370\177\036\336"
 110      6923 E190 
 110      F342 3E21 
 110      7D9F 1C0F 
 110      B4F8 7F1E 
 111 01b6 E169 3E8F 		.ascii	"\341i>\217\354\202\212\370\254\324\241\213\007v\331\204\203\232"
 111      EC82 8AF8 
 111      ACD4 A18B 
 111      0776 D984 
 111      839A 
 112 01c8 97CA 1E7A 		.ascii	"\227\312\036z\303[\023yk\276\322\232N-0y\343\351\034\230gx\264"
 112      C35B 1379 
 112      6BBE D29A 
 112      4E2D 3079 
 112      E3E9 1C98 
 113 01df 56BF 7875 		.ascii	"V\277xu\262~\345\364\245\361\311k\343\023\227O\215\211e8\201"
 113      B27E E5F4 
 113      A5F1 C96B 
 113      E313 974F 
 113      8D89 6538 
 114 01f4 B17F 5313 		.ascii	"\261\177S\023\301g"
 114      C167 
 115               		.text
 116               		.section	.gnu.lto_biton.fe9db306871e23f,"",@progbits
 117 0000 789C 5D92 		.ascii	"x\234]\222\335K\024Q\030\306\317s\316\2313\263\273i\037\320M"
 117      DD4B 1451 
 117      18C6 CF73 
 117      CE99 33B3 
 117      BB69 1FD0 
 118 0015 4978 238B 		.ascii	"Ix#\213\004\031t\335?\321]x\225Q\340\205\202\350\022]9\272\253"
 118      0419 74DD 
 118      3FD1 5D78 
 118      9551 E085 
 118      82E8 125D 
 119 002c 7961 2094 		.ascii	"ya \224\033\224\021\024\342W\271\256}\021\031lAuc\206iT\024"
 119      1B94 1114 
 119      E257 B9AE 
 119      7D11 196C 
 119      4175 6386 
 120 0043 A51B 7411 		.string	"\245\033t\021f\255\024\342\205\273\275\357\231\331\334\366\300\2349\363\314\363\276\357\3
 120      66AD 14E2 
 120      85BB BDEF 
 120      99D9 DCF6 
 120      C09C 39F3 
 121 0144 FE4E 0529 		.string	"\376N\005)\371\256\362\350%H;\221\336\023R\272\357\331k\367\267db\201;\250\023\337\220\33
 121      F9AE F2E8 
 121      2548 3B91 
 121      DE13 52BA 
 121      EFD9 6BF7 
 122 01ce 0A26 6973 		.ascii	"\n&is\325\340+w\003\212\263\313\265)\227\247\253\221\037\206"
 122      D5E0 2B77 
 122      038A B3CB 
 122      B529 97A7 
 122      AB91 1F86 
 123 01e2 E63B 65F8 		.ascii	"\346;e\370\017\025\360\036\217M\367\257?\b\307F\b\213\306\316"
 123      0F15 F01E 
 123      8F4D F7AF 
 123      3F08 C746 
 123      088B C6CE 
 124 01f6 DD18 9C88 		.ascii	"\335\030\234\210\006\001$fiH\236\356a>2\331<\246:\217\256\314"
 124      0601 2466 
 124      6948 9EEE 
 124      613E 32D9 
 124      3CA6 3A8F 
 125 020c 23C3 2F5F 		.ascii	"#\303/_\316\023%\t\207\377\347\217\356\360K\212\253\211\337s"
 125      CE13 2509 
 125      87FF E78F 
 125      EEF0 4B8A 
 125      AB89 DF73 
 126 0220 E699 5F13 		.ascii	"\346\231_\023\006?F\234O\226\335\025\313M\226\275\360\217\235"
 126      063F 469C 
 126      4F96 DD15 
 126      CB4D 96BD 
 126      F08F 9D
 127 0233 28AF 5D1D 		.ascii	"(\257]\035\372j\232O\022e\320\234_\t\334Es\020j\341a8;Fld\277"
 127      FA6A 9A4F 
 127      1265 D09C 
 127      5F09 DC45 
 127      7310 6AE1 
 128 024e 7F61 3E1B 		.ascii	"\177a>\033\206\002\356U\207\212\331P^u(G|\247\261\233\035A'\307"
 128      8602 EE55 
 128      878A D950 
 128      5E75 2847 
 128      7CA7 B19B 
 129 0266 C23A D4CF 		.ascii	"\302:\324\317\020]\314\035\371i\350\237\004\027\321\237\271\257"
 129      105D CC1D 
 129      F969 E89F 
 129      0417 D19F 
 129      B9AF 
 130 0278 2371 AABD 		.ascii	"#q\252\275+\321\326\324\322\332u\256\265\363\314\221\323B\323"
 130      2BD1 D6D4 
 130      D2DA 75AE 
 130      B5F3 CC91 
 130      D342 D3
 131 028b B113 ED7F 		.ascii	"\261\023\355\177\001\216\311%\376"
 131      018E C925 
 131      FE
 132               		.text
 133               		.section	.gnu.lto_biton16.fe9db306871e23f,"",@progbits
 134 0000 789C 5D93 		.string	"x\234]\223\315KTQ\024\300\357\271\367}\317\233\031\213\332\324\020\266\220A\202\f\202V\25
 134      CD4B 5451 
 134      14C0 EFB9 
 134      F77D CF9B 
 134      198B DAD4 
 135 009f D0C4 B380 		.string	"\320\304\263\200\265p\241\351\206i\331\016\264\300.\337\343\320\331\325\261\034\253\036\3
 135      B570 A1E9 
 135      8669 D90E 
 135      B4C0 2EDF 
 135      E3D0 D9D5 
 136 00da DAF8 796B 		.ascii	"\332\370yka0BK\016\025\270\034\334\177\364>\"\216\002\303\371"
 136      6130 424B 
 136      0E15 B81C 
 136      DC7F F43E 
 136      228E 02C3 
 137 00ef D4FC EB75 		.ascii	"\324\374\353uH>\241\232\336\356\021Od\204\200Q\020T"
 137      483E A19A 
 137      DEEE 114F 
 137      6484 8051 
 137      1054 
 138 0101 7304 1230 		.string	"s\004\0220\f\t\206!\006O!I\351{\336\203\356\2308&\267\216\216\254\336\213U=\246\255\205Rs
 138      0C09 8621 
 138      064F 2149 
 138      E97B DE83 
 138      EE98 3826 
 139 0202 AA71 1C6C 		.ascii	"\252q\034l1\220\273\265\215\271h\317\377\216\233\324]\214\345"
 139      3190 BBB5 
 139      8DB9 68CF 
 139      FF8E 9BD4 
 139      5D8C E5
 140 0215 AE61 7F3D 		.ascii	"\256a\177=\300\357\017\343;\324\267;\373\253\347\234\252\031"
 140      C0EF 0FE3 
 140      3BD4 B73B 
 140      FBAB E79C 
 140      AA19 
 141 0227 412E ECFB 		.ascii	"A.\354\373fe\262\030Q\006\032\274\300.k\300\003AL\222BF\271\220"
 141      6665 B218 
 141      5106 1ABC 
 141      C02E 6BC0 
 141      0341 4C92 
 142 023f 1E16 E2FE 		.ascii	"\036\026\342\376\341\367\372B.\206\302/\267\216\005\247\312\204"
 142      E1F7 FA42 
 142      2E86 C22F 
 142      B78E 05A7 
 142      CA84 
 143 0251 DC03 218E 		.ascii	"\334\003!\216\376\032\n9\372\017\022\322\021\213\226\021}S\312"
 143      FE1A 0A39 
 143      FA0F 12D2 
 143      118B 9611 
 143      7D53 CA
 144 0264 9881 4C3E 		.ascii	"\230\201L>,\343*\231\257\275\276L\024\231\260\347\354\303\273"
 144      2CE3 2A99 
 144      AFBD BE4C 
 144      1499 B0E7 
 144      ECC3 BB
 145 0277 238E 92E1 		.ascii	"#\216\222\341\360\262\\&*e\254r\031#,#\374\247\023\310\3040\004"
 145      F0B2 5C26 
 145      2A65 AC72 
 145      1923 2C23 
 145      FCA7 13C8 
 146 028e A7FE 878F 		.ascii	"\247\376\207\217\035\300\013t5\220\3265\007\362\b\2177uZF\315"
 146      1DC0 0B74 
 146      3590 D635 
 146      07F2 088F 
 146      3775 5A46 
 147 02a3 B13C C1DB 		.ascii	"\261<\301\333l\251F\302\317\034\300#f\177_\307\272Q{\t_;U\235"
 147      6CA9 46C2 
 147      CF1C C023 
 147      667F 5FC7 
 147      BA51 7B09 
 148 02bb 6E31 9886 		.ascii	"n1\230\206Z\377\021\005Vq\204\243\217\377\366B\316\267\002xU"
 148      5AFF 1105 
 148      5671 84A3 
 148      8FFF F642 
 148      CEB7 0278 
 149 02d0 6E15 9756 		.ascii	"n\025\227VN\271\225\311~b\337\305lL\2252%\256\211\005-\344\213"
 149      4EB9 95C9 
 149      7E62 DFC5 
 149      6C4C 9532 
 149      25AE 8905 
 150 02e7 DB9B C8B7 		.ascii	"\333\233\310\267\305\201v\341\267v\370F\363\345\206\246\346\353"
 150      C581 76E1 
 150      B776 F846 
 150      F3E5 86A6 
 150      E6EB 
 151 02f9 3575 F54D 		.ascii	"5u\365M7\353\033\257\236\276\3024\2346B\303?\205\226v\243"
 151      37EB 1BAF 
 151      9EBE C234 
 151      9C36 42C3 
 151      3F85 9676 
 152               		.text
 153               		.section	.gnu.lto_biton32.fe9db306871e23f,"",@progbits
 154 0000 789C 5D94 		.string	"x\234]\224\337K\024Q\024\307\357\271w~\317\354\354\252\004QK\370\022\022A\006AO\375\001=\
 154      DF4B 1451 
 154      14C7 EFB9 
 154      777E CFEC 
 154      ECAA 0451 
 155 00e7 345C 965F 		.string	"4\\\226_u|\365i\311\241\032\227\335+\327\236\271b\0350\314\357\216\027\307\314\232\033\32
 155      757C F569 
 155      C9A1 1A97 
 155      DD2B D79E 
 155      B962 1D30 
 156 0146 5FD5 7007 		.string	"_\325p\0076\223it{\027\f\274\003 \345\336\236R\260\272\232\013J\223\306\363\367\277-tG3\2
 156      3693 6974 
 156      7B17 0CBC 
 156      0320 E5DE 
 156      9E52 B0BA 
 157 021e 88C6 31B8 		.string	"\210\3061\270b\266pr\036t\242\347\343\205\006\232.\226\n\207p\276\036\331_\214\333\367hn{
 157      62B6 7072 
 157      1E74 A2E7 
 157      E385 069A 
 157      2E96 0A87 
 158 026c F2D7 8038 		.ascii	"\362\327\2008\362k\b\344\351}\303\b\204_\352\264L\351\305a\202"
 158      F26B 08E4 
 158      E97D C308 
 158      845F EAB4 
 158      4CE9 C561 
 159 0281 3123 98E5 		.ascii	"1#\230\3458\214\257`V\"\2304z\302\231\243\323\203eW\301h\360"
 159      388C AF60 
 159      5622 9834 
 159      7AC2 99A3 
 159      D383 6557 
 160 0298 2009 9396 		.ascii	" \t\223\2260V\022\306\214\303\210\360v\272B\230\fJ\330\370\311"
 160      3056 12C6 
 160      8CC3 88F0 
 160      76BA 4298 
 160      0C4A D8F8 
 161 02ad EA9F 525A 		.ascii	"\352\237RZ\301p\030N\300d\326`\004\262\033\350\3367g\t\306D["
 161      C170 184E 
 161      C064 D660 
 161      04B2 1BE8 
 161      DE37 6709 
 162 02c4 B44C 9B4B 		.ascii	"\264L\233K\022\306\216`\332Zb0\231\360f\272B\230\n\364\2043\213"
 162      12C6 8E60 
 162      DA5A 6230 
 162      99F0 66BA 
 162      4298 0AF4 
 163 02db 57CF F53A 		.ascii	"W\317\365:\n\206\303\303$L\205\204q\2220V\034F\013o&\202\251"
 163      0A86 C3C3 
 163      244C 8584 
 163      7192 3056 
 163      1C46 0B6F 
 164 02f2 4409 B6FE 		.ascii	"D\t\266\376o\276r\315\274\206\254\026\272\315\330}#h\336B\033"
 164      6FBE 72CD 
 164      BC86 AC16 
 164      BACD D87D 
 164      2368 DE42 
 165 0307 B4AC B08B 		.ascii	"\264\254\260\213#d\336e\357j\245\371\3565\363h\263\263\243\365"
 165      2364 DE65 
 165      EF6A A5F9 
 165      EE35 F368 
 165      B3B3 A3F5 
 166 031b AB51 B717 		.ascii	"\253Q\267\027\177C\252;}\305`\004\352\302+\212\250\252\320\034"
 166      7F43 AA3B 
 166      7DC5 6004 
 166      EAC2 2B8A 
 166      A8AA D01C 
 167 032f 9617 5AC6 		.ascii	"\226\027Z\306\007B*\200GI\252*I\345%\251l\366\003\347\016\265"
 167      0742 2A80 
 167      4749 AA2A 
 167      49E5 25A9 
 167      6CF6 03E7 
 168 0345 F8AA 952D 		.ascii	"\370\252\225-\355\332\330\320A\177U\356\022\372\233\343@\273"
 168      EDDA D8D0 
 168      417F 55EE 
 168      12FA 9BE3 
 168      40BB 
 169 0357 F09F A3F2 		.ascii	"\360\237\243\362\350\361}G\032\216\037\256\335_\337p\242\376"
 169      E8F1 7D47 
 169      1A8E 1FAE 
 169      DD5F DF70 
 169      A2FE 
 170 0369 D8C1 6D07 		.ascii	"\330\301m\007\230\206\35118\362\017\340\216\273\242"
 170      9886 E931 
 170      38F2 0FE0 
 170      8EBB A2
 171               		.text
 172               		.section	.gnu.lto_bitrev.fe9db306871e23f,"",@progbits
 173 0000 789C 6552 		.ascii	"x\234eRKkSA\030\235o\346\346&M\232\233G\23346\251\b.J)\370\300"
 173      4B6B 5341 
 173      189D 6FE6 
 173      E626 4D9A 
 173      9B47 9B34 
 174 001c FFE0 0F10 		.ascii	"\377\340\017\020\027nU\\t\241 Mq\3311i\332mAJA\232\215X\242\361"
 174      176E 555C 
 174      74A1 204D 
 174      71D9 3169 
 174      DA6D 414A 
 175 0036 D18A E2CA 		.ascii	"\321\212\342\312E\026\0257*T\f\b\nJ\027\365\201HS\037\025\254"
 175      4516 1537 
 175      2A54 0C08 
 175      0A4A 17F5 
 175      8148 531F 
 176 004c 89E7 9B49 		.ascii	"\211\347\233Ib\036\027\362\335\2313\347;\33797\343\b\022\374"
 176      621E 17F2 
 176      DD99 33E7 
 176      3BDF 3937 
 176      E308 12FC 
 177 0060 BC50 421C 		.ascii	"\274PB\034\300"
 177      C0
 178 0065 3B8D 1F29 		.string	";\215\037)Ar\361\245\020W\003\222\210\027:@bV\322,\375\224\177%][Z|\357M\224\264\316\351\
 178      4172 F1A5 
 178      1057 0392 
 178      8817 3A40 
 178      6256 D22C 
 179 0166 2AB6 489A 		.string	"*\266H\232\257\211\f@\270c\377\244\310\253Ql\340\345c\251\374\310\317^\360\277\320\335\32
 179      AF89 0C40 
 179      B863 FFA4 
 179      C8AB 516C 
 179      E0E5 63A9 
 180 018a 4493 607E 		.ascii	"D\223`~\303\261H\020 \372\2366\366*\021\233A\322\275^o!\360\332"
 180      C3B1 4810 
 180      20FA 9E36 
 180      F62A 119B 
 180      41D2 BD5E 
 181 01a2 93D2 76D2 		.ascii	"\223\322v\322\362\223\307o=;\3519\321\375V\313\327f\310A\020"
 181      F293 C76F 
 181      3D3B E939 
 181      D1FD 56CB 
 181      D766 C841 
 182 01b7 6DEC 774D 		.ascii	"m\354wM\367a\200\375\322\036\016:cG\3144\2573v\024hw\354h\333"
 182      F761 80FD 
 182      D21E 0E3A 
 182      6347 CC34 
 182      AF33 7614 
 183 01d0 4C06 1B98 		.ascii	"L\006\033\230\271^{x3l\315T\005\255\265\206\324[\271c`v\347\216"
 183      B95E 7B78 
 183      336C CD54 
 183      05AD B586 
 183      D45B B963 
 184 01e8 03A4 C91E 		.ascii	"\003\244\311\0363C\300\333\322cV\372\373\352\247?A+]&Z\357\315"
 184      3343 C0DB 
 184      D263 56FA 
 184      FBEA A73F 
 184      412B 5D26 
 185 01ff 390C 6277 		.ascii	"9\fbw\316\004\300>\345$\360\316\230#fX\2623f\nhw\314\224\370"
 185      CE04 C03E 
 185      E524 F0CE 
 185      9823 6658 
 185      B233 660A 
 186 0218 42B9 CAE6 		.ascii	"B\271\312\346\202\327$\bsC\211o&\356i\374\362\314\331K\331\231"
 186      82D7 2408 
 186      7343 896F 
 186      26EE 69FC 
 186      F2CC D94B 
 187 022e 8B47 CF4D 		.ascii	"\213G\317Me\257LM_8r^8XN\377\003bE\034h"
 187      65AF 4C4D 
 187      5F38 725E 
 187      3858 4EFF 
 187      0362 451C 
 188               		.text
 189               		.section	.gnu.lto_bitrev16.fe9db306871e23f,"",@progbits
 190 0000 789C 7552 		.string	"x\234uRM+EQ\024\335\353\234{\357\273\336\363\225(\362\006\312"
 190      4D2B 4551 
 190      14DD EB9C 
 190      7BEF BBDE 
 190      F395 28F2 
 191 0017 1332 F333 		.string	"\0232\3633\344\037 \003\003J\310\360\035\357\271\030\232\230(\006J\276I2\220\324\033\370(
 191      E41F 2003 
 191      034A C8F0 
 191      1DEF B918 
 191      9A98 2806 
 192 0062 3918 1794 		.string	"9\030\027\224PH\340Ee\025v\375\327t\321\263\362\204\306\351I\346p2&)P\314\351\322\353\372
 192      5048 E045 
 192      6515 76FD 
 192      D774 D1B3 
 192      F284 C6E9 
 193 00dc 44A1 58AB 		.ascii	"D\241X\253-\t6\007\313\221\020\341`\273\202\345I\210\n\026\223"
 193      2D09 3607 
 193      CB91 10E1 
 193      60BB 82E5 
 193      4988 0A16 
 194 00f1 901F 34A1 		.ascii	"\220\0374\241\fW\225\333?*%\273\276A\362i\344f\252I\032\245\264"
 194      0C57 95DB 
 194      3F2A 25BB 
 194      BE41 F269 
 194      E466 AA49 
 195 0108 4A69 D02D 		.ascii	"Ji\320-\254 \263\330\322\346\346\375y$\2215\243\306\024{\332"
 195      AC20 B3D8 
 195      D2E6 E6FD 
 195      7924 9135 
 195      A3C6 147B 
 196 011d F115 BBC1 		.ascii	"\361\025\273\3012\022\304dOG(\247?\r\0056k\030Ie\234 \027\210"
 196      3212 C464 
 196      4F47 28A7 
 196      3F0D 0536 
 196      6B18 4965 
 197 0135 6B4C 6C3D 		.ascii	"kLl=\037\3302L\013.V\370\316Ly\032\336)\017H\021\356\031\242"
 197      1FD8 324C 
 197      0B2E 56F8 
 197      CE4C 791A 
 197      DE29 0F48 
 198 014d 5CEA D00E 		.ascii	"\\\352\320\016P\227\177\374:\311\373\317\311j\316\211\373\343"
 198      5097 7FFC 
 198      3AC9 FBCF 
 198      C96A CE89 
 198      FBE3 
 199 015f E433 1444 		.ascii	"\3443\024DY#m\336B'\261\234\231hh\027\001\230\3178]B\345\206"
 199      5923 6DDE 
 199      4227 B19C 
 199      9968 6817 
 199      0198 CF38 
 200 0177 CCD3 6184 		.ascii	"\314\323a\204\356\220L\237\217\024\206\004yE\031n\304\223\342"
 200      EE90 4C9F 
 200      8F14 8604 
 200      7945 196E 
 200      C493 E2
 201 018a B995 F4F4 		.ascii	"\271\225\364\364\267v\367\365w5\264u\366\rt\366v\324\267\223"
 201      B776 F7F5 
 201      7735 B475 
 201      F60D 74F6 
 201      76D4 B793 
 202 019e C5C7 DE6F 		.ascii	"\305\307\336o\227\270\260\302"
 202      97B8 B0C2 
 203               		.text
 204               		.section	.gnu.lto_bitrev32.fe9db306871e23f,"",@progbits
 205 0000 789C 7552 		.string	"x\234uR\317+DQ\024>\337\275o\336{f\220\224\362c\026\312b\262!\377\211\254m\220\205\005%d9
 205      CF2B 4451 
 205      143E DFBD 
 205      6FDE 7B66 
 205      9094 F263 
 206 00a5 E273 327B 		.ascii	"\342s2{x\344D\326\205g\336\303F3\t\333\320\177y\242\203\035D"
 206      78E4 44D6 
 206      8567 DEC3 
 206      4633 09DB 
 206      D07F 79A2 
 207 00bc 047E 7350 		.ascii	"\004~sP\\\250\261\247\r\257V\021g\315]\330r\231TO\306\224Jqc"
 207      5CA8 B1A7 
 207      0DAF 5611 
 207      67CD 5DD8 
 207      7299 544F 
 208 00d5 16BA 3EDA 		.ascii	"\026\272>\332\252\001a(\346jKB\200\203eKp$\270R\253\222\020\224"
 208      AA01 6128 
 208      E66A 4B42 
 208      8083 654B 
 208      7024 B852 
 209 00ed 34E4 EB53 		.ascii	"4\344\353S\236\005\345\342\005\245d\327\367\210=\317\234\257"
 209      9E05 E5E2 
 209      05A5 64D7 
 209      F788 3DCF 
 209      9CAF 
 210 00ff F44A 8FB8 		.ascii	"\364J\217\270Vq\rz\200\345g2\203t\372\351\312\211~\231Yc\352"
 210      5671 0D7A 
 210      80E5 6732 
 210      8374 FAE9 
 210      CA89 7E99 
 211 0116 3C1D 2829 		.ascii	"<\035()6\202=D\211\301\236\266\251\314\277\203O\b0\207+\361|"
 211      3682 3D44 
 211      89C1 9EB6 
 211      A9CC BF83 
 211      4F08 3087 
 212 012d 2267 FB15 		.ascii	"\"g\373\025)\262\312e>\273\034\222I:\250C\222/\314\240\347\304"
 212      29B2 CA65 
 212      3EBB 1C92 
 212      493A A843 
 212      922F CCA0 
 213 0143 67B3 0F72 		.ascii	"g\263\017r\270k\245\312b9\307\257\272\374\343\327K\325\177^R"
 213      B86B A5CA 
 213      6239 C7AF 
 213      BAFC E3D7 
 213      4BD5 7F5E 
 214 0158 652F EE8F 		.ascii	"e/\356\217\227\343\n=\310\034i\363\226\310U\334\205\312v\202"
 214      97E3 0A3D 
 214      C81C 69F3 
 214      96C8 55DC 
 214      85CA 7682 
 215 016c 7403 559E 		.ascii	"t\003U\236(\317\203\213\364\210X\346u\246\266\202\221'\223ga"
 215      28CF 838B 
 215      F488 58E6 
 215      75A6 B682 
 215      9127 9367 
 216 0181 9E0D 4FAA 		.ascii	"\236\rO\252~t\242od|b\270\263\177h|rhl\260c\200,>\216}\003F\\"
 216      7E74 A26F 
 216      647C 62B8 
 216      B37F 687C 
 216      7268 6CB0 
 217 019e ABF8      		.ascii	"\253\370"
 218               		.text
 219               		.section	.gnu.lto_.symbol_nodes.fe9db306871e23f,"",@progbits
 220 0000 789C 55C8 		.ascii	"x\234U\310K\021\2000\020\203\341l_[\033(\r\022\320\003\267\n"
 220      4B11 8030 
 220      1083 E16C 
 220      5F5B 1B28 
 220      0D12 D003 
 221 0016 4003 2084 		.ascii	"@\003 \204a;\234\222\313?\371\n\f\007b\t\004\266\0233\373\272"
 221      613B 9C92 
 221      CB3F F90A 
 221      0C07 6209 
 221      04B6 1333 
 222 002c 0418 4D21 		.ascii	"\004\030M!1)df\205\302\242PY\025\032\233\202\323\025:\273@\366"
 222      3129 6466 
 222      85C2 A250 
 222      5915 1A9B 
 222      82D3 153A 
 223 0043 8671 BD36 		.ascii	"\206q\2756\373\334\321\356\377\217\316\217\017\273\277-\224"
 223      FBDC D1EE 
 223      FF8F CE8F 
 223      0FBB BF2D 
 223      94
 224               		.text
 225               		.section	.gnu.lto_.refs.fe9db306871e23f,"",@progbits
 226 0000 789C 6361 		.string	"x\234ca`\004B "
 226      6004 4220 
 226      00
 227 0009 00        		.string	""
 228 000a 00        		.string	""
 229 000b 3900      		.string	"9"
 230 000d 07        		.ascii	"\007"
 231               		.text
 232               		.section	.gnu.lto_.decls.fe9db306871e23f,"",@progbits
 233 0000 789C 7555 		.ascii	"x\234uU]L\\E\024\276\347\336\005\226\013\013\r!\206\304\215\222"
 233      5D4C 5C45 
 233      14BE E7DE 
 233      0596 0B0B 
 233      0D21 86C4 
 234 0016 260A F101 		.ascii	"&\n\361\001\004\022b"
 234      0412 62
 235 001d 9F34 B189 		.string	"\2374\261\211o\342K\215O\222\322\022\335\244]\020\226\032\237:\210\004R\251\322T\321R,\26
 235      6FE2 4B8D 
 235      4F92 D212 
 235      DDA4 5D10 
 235      961A 9F3A 
 236 011e F40E E890 		.ascii	"\364\016\350\220M\201\016\351DfO\356\321\"\242\035\017\341C\003"
 236      4D81 0EE9 
 236      4466 4FEE 
 236      D122 A21D 
 236      0FE1 4303 
 237 0132 8CFD 800F 		.ascii	"\214\375\200\017#zc \232\323\300\242.9\312\217e\261u\231vF*h"
 237      237A 6320 
 237      9AD3 C0A2 
 237      2E39 CA8F 
 237      65B1 7599 
 238 014a 78D4 0F9C 		.ascii	"x\324\017\234\211\b\254\361\026pakq\240W\177r\276\177QV\020\034"
 238      8908 ACF1 
 238      1670 616B 
 238      71A0 577F 
 238      72BE 7F51 
 239 0161 C755 E743 		.ascii	"\307U\347C\201\030%\236\215\033\372|M\311\026\254\325\003\212"
 239      8118 259E 
 239      8D1B FA7C 
 239      4DC9 16AC 
 239      D503 8A
 240 0174 1619 B8BF 		.ascii	"\026\031\270\277y\027\262Z\t\266zB\344\027\f\005\333\253\177"
 240      7917 B25A 
 240      09B6 7A42 
 240      E417 0C05 
 240      DBAB 7F
 241 0187 F158 1FCA 		.ascii	"\361X\037\312`W!\002t\276\336\375\310\246\315\351\262\247\371"
 241      6057 2102 
 241      74BE DEFD 
 241      C8A6 CDE9 
 241      B2A7 F9
 242 019a C2A0 4D79 		.ascii	"\302\240My\232\216\345\316\007\277\005dP3k\t\371\220\370ZHl\232"
 242      9A8E E5CE 
 242      07BF 0564 
 242      5033 6B09 
 242      F990 F85A 
 243 01b1 0479 7678 		.ascii	"\004yvx\321.A\007d\322\214\213\220%A\033\330\241\025\354\322"
 243      D12E 4107 
 243      64D2 8C8B 
 243      9025 411B 
 243      D8A1 15EC 
 244 01c6 79BA 5BE8 		.ascii	"y\272[\350\213G\311\227\b\331\005\355\240\302%PX\b\226`W\265"
 244      8B47 C997 
 244      08D9 05ED 
 244      A0C2 2550 
 244      5808 9660 
 245 01dc EDFF 5D9F 		.ascii	"\355\377]\237j\227\221\252\304\002\212,\3247\030\234m\263\244"
 245      6A97 91AA 
 245      C402 8A2C 
 245      D437 189C 
 245      6DB3 A4
 246 01ef 35D0 741F 		.ascii	"5\320t\037!\351\300\226\264\215$\270\fi\370\374\036,Z~\353@["
 246      21E9 C096 
 246      B48D 24B8 
 246      0C69 F8FC 
 246      1E2C 5A7E 
 247 0206 63DC EE16 		.ascii	"c\334\356\026\322\321AB\237\017=5z\214\220*B*\367\3228\270\240"
 247      D2D1 4142 
 247      9F0F 3D35 
 247      7A8C 902A 
 247      422A F7D2 
 248 021d EF07 DF81 		.ascii	"\357\007\337\201\205\316\350\316nX@9\257\300n\314&\327\036\334"
 248      85CE E8CE 
 248      6E58 4039 
 248      AFC0 6ECC 
 248      26D7 1EDC 
 249 0231 B328 FB58 		.ascii	"\263(\373X\245\337>~\022V\260\360\002\024\"\242\bJ\024hJxO,\334"
 249      A5DF 3E7E 
 249      1256 B0F0 
 249      0214 22A2 
 249      084A 1468 
 250 024a 5395 B7D9 		.ascii	"S\225\267\331\330\037\371\307\227\214K)*\3108\275\025\036\373"
 250      D81F F9C7 
 250      978C 4B29 
 250      2AC8 38BD 
 250      151E FB
 251 025d 2A01 A7A9 		.ascii	"*\001\247\251*\354B\235\372\272\206\334\nd\252\\\200\263\251"
 251      2AEC 429D 
 251      FABA 86DC 
 251      0A64 AA5C 
 251      80B3 A9
 252 0270 4C80 5E2C 		.ascii	"L\200^,\342\232!@\001\025\200)\031 DE%\273Q\266.\224\rzP\313"
 252      E29A 2140 
 252      0115 8029 
 252      1920 4445 
 252      25BB 51B6 
 253 028a 02AE 6527 		.ascii	"\002\256e':\177@'n\322S\365\365]\225)"
 253      3A7F 4027 
 253      6ED2 53F5 
 253      F55D 9529 
 254 029a D51B 556A 		.string	"\325\033Ujenf\331\266\223R?2\245\256\353J\375\035r\367\304F\225z\366\224\246\024\331K\343
 254      656E 66D9 
 254      B693 523F 
 254      32A5 AEEB 
 254      4AFD 1D72 
 255 039b 4339 7D7F 		.string	"C9}\177mRG\231\035\222I\007\202\274\302\212\2344@&E\220"
 255      6D52 4799 
 255      1D92 4907 
 255      82BC C28A 
 255      9C34 4026 
 256 03b2 0399 6C3E 		.ascii	"\003\231l>3aS>\205\035\252<\267\321\277&#l\030a\273\207\237\333"
 256      3361 533E 
 256      851D AA3C 
 256      B7D1 BF26 
 256      236C 1861 
 257 03ca 52E5 54B4 		.ascii	"R\345T\264\312[X\345\224\210=\315\2607\306\357\270\255J\203\206"
 257      CA5B 58E5 
 257      9488 3DCD 
 257      B037 C6EF 
 257      B8AD 4A83 
 258 03df 6D76 E3D7 		.ascii	"mv\343\327\033\3164\203x\220\275\302A\316\262\203\274\255\037"
 258      1BCE 3483 
 258      7890 BDC2 
 258      41CE B283 
 258      BCAD 1F
 259 03f2 A4BB AEAB 		.ascii	"\244\273\256\2532\2013\t\326\330\242:a\030\314\030%\316\2104"
 259      3281 3309 
 259      D6D8 A23A 
 259      6118 CC18 
 259      25CE 8834 
 260 0406 828C C6D9 		.ascii	"\202\214\306\331\223\237\255\306+\315\032\r\263\3734\025:^\237"
 260      939F ADC6 
 260      2BCD 1A0D 
 260      B3FB 3415 
 260      3A5E 9F
 261 0419 24D2 F00B 		.ascii	"$\322\360\0134~f4"
 261      347E 6634 
 262 0421 E675 1AC4 		.string	"\346u\032\304\323^\247\353\034\036\326u\306 \2303H\314\211$\026(\t\245\373q\373\2518\274\
 262      D35E A7EB 
 262      1C1E D675 
 262      C620 9833 
 262      48CC 8924 
 263 0522 DA20 2FF7 		.ascii	"\332 /\367?\311E\243\036"
 263      3FC9 45A3 
 263      1E
 264               		.text
 265               		.section	.gnu.lto_.symtab.fe9db306871e23f,"",@progbits
 266 0000 6269 7470 		.string	"bitpop"
 266      6F70 00
 267 0007 00        		.string	""
 268 0008 00        		.string	""
 269 0009 00        		.string	""
 270 000a 00        		.string	""
 271 000b 00        		.string	""
 272 000c 00        		.string	""
 273 000d 00        		.string	""
 274 000e 00        		.string	""
 275 000f 00        		.string	""
 276 0010 00        		.string	""
 277 0011 00        		.string	""
 278 0012 B300      		.string	"\263"
 279 0014 00        		.string	""
 280 0015 00        		.string	""
 281 0016 6269 7470 		.string	"bitpop16"
 281      6F70 3136 
 281      00
 282 001f 00        		.string	""
 283 0020 00        		.string	""
 284 0021 00        		.string	""
 285 0022 00        		.string	""
 286 0023 00        		.string	""
 287 0024 00        		.string	""
 288 0025 00        		.string	""
 289 0026 00        		.string	""
 290 0027 00        		.string	""
 291 0028 00        		.string	""
 292 0029 00        		.string	""
 293 002a BE00      		.string	"\276"
 294 002c 00        		.string	""
 295 002d 00        		.string	""
 296 002e 6269 7470 		.string	"bitpop32"
 296      6F70 3332 
 296      00
 297 0037 00        		.string	""
 298 0038 00        		.string	""
 299 0039 00        		.string	""
 300 003a 00        		.string	""
 301 003b 00        		.string	""
 302 003c 00        		.string	""
 303 003d 00        		.string	""
 304 003e 00        		.string	""
 305 003f 00        		.string	""
 306 0040 00        		.string	""
 307 0041 00        		.string	""
 308 0042 C900      		.string	"\311"
 309 0044 00        		.string	""
 310 0045 00        		.string	""
 311 0046 6269 746F 		.string	"biton"
 311      6E00 
 312 004c 00        		.string	""
 313 004d 00        		.string	""
 314 004e 00        		.string	""
 315 004f 00        		.string	""
 316 0050 00        		.string	""
 317 0051 00        		.string	""
 318 0052 00        		.string	""
 319 0053 00        		.string	""
 320 0054 00        		.string	""
 321 0055 00        		.string	""
 322 0056 00        		.string	""
 323 0057 CC00      		.string	"\314"
 324 0059 00        		.string	""
 325 005a 00        		.string	""
 326 005b 6269 746F 		.string	"biton16"
 326      6E31 3600 
 327 0063 00        		.string	""
 328 0064 00        		.string	""
 329 0065 00        		.string	""
 330 0066 00        		.string	""
 331 0067 00        		.string	""
 332 0068 00        		.string	""
 333 0069 00        		.string	""
 334 006a 00        		.string	""
 335 006b 00        		.string	""
 336 006c 00        		.string	""
 337 006d 00        		.string	""
 338 006e CE00      		.string	"\316"
 339 0070 00        		.string	""
 340 0071 00        		.string	""
 341 0072 6269 746F 		.string	"biton32"
 341      6E33 3200 
 342 007a 00        		.string	""
 343 007b 00        		.string	""
 344 007c 00        		.string	""
 345 007d 00        		.string	""
 346 007e 00        		.string	""
 347 007f 00        		.string	""
 348 0080 00        		.string	""
 349 0081 00        		.string	""
 350 0082 00        		.string	""
 351 0083 00        		.string	""
 352 0084 00        		.string	""
 353 0085 D000      		.string	"\320"
 354 0087 00        		.string	""
 355 0088 00        		.string	""
 356 0089 6269 7472 		.string	"bitrev"
 356      6576 00
 357 0090 00        		.string	""
 358 0091 00        		.string	""
 359 0092 00        		.string	""
 360 0093 00        		.string	""
 361 0094 00        		.string	""
 362 0095 00        		.string	""
 363 0096 00        		.string	""
 364 0097 00        		.string	""
 365 0098 00        		.string	""
 366 0099 00        		.string	""
 367 009a 00        		.string	""
 368 009b D300      		.string	"\323"
 369 009d 00        		.string	""
 370 009e 00        		.string	""
 371 009f 6269 7472 		.string	"bitrev16"
 371      6576 3136 
 371      00
 372 00a8 00        		.string	""
 373 00a9 00        		.string	""
 374 00aa 00        		.string	""
 375 00ab 00        		.string	""
 376 00ac 00        		.string	""
 377 00ad 00        		.string	""
 378 00ae 00        		.string	""
 379 00af 00        		.string	""
 380 00b0 00        		.string	""
 381 00b1 00        		.string	""
 382 00b2 00        		.string	""
 383 00b3 D700      		.string	"\327"
 384 00b5 00        		.string	""
 385 00b6 00        		.string	""
 386 00b7 6269 7472 		.string	"bitrev32"
 386      6576 3332 
 386      00
 387 00c0 00        		.string	""
 388 00c1 00        		.string	""
 389 00c2 00        		.string	""
 390 00c3 00        		.string	""
 391 00c4 00        		.string	""
 392 00c5 00        		.string	""
 393 00c6 00        		.string	""
 394 00c7 00        		.string	""
 395 00c8 00        		.string	""
 396 00c9 00        		.string	""
 397 00ca 00        		.string	""
 398 00cb DB00      		.string	"\333"
 399 00cd 00        		.string	""
 400 00ce 00        		.string	""
 401               		.text
 402               		.section	.gnu.lto_.opts,"",@progbits
 403 0000 272D 666D 		.ascii	"'-fmath-errno' '-fsigned-zeros' '-ftrapping-math' '-fno-trap"
 403      6174 682D 
 403      6572 726E 
 403      6F27 2027 
 403      2D66 7369 
 404 003c 7627 2027 		.ascii	"v' '-fno"
 404      2D66 6E6F 
 405 0044 2D6F 7065 		.string	"-openmp' '-fno-openacc' '-mn-flash=1' '-mno-skip-bug' '-mmcu=avr5' '-gdwarf-2' '-Os' '-We
 405      6E6D 7027 
 405      2027 2D66 
 405      6E6F 2D6F 
 405      7065 6E61 
 406               		.text
 407               		.comm	__gnu_lto_v1,1,1
 408               		.comm	__gnu_lto_slim,1,1
 409               		.ident	"GCC: (GNU) 5.4.0"
DEFINED SYMBOLS
                            *ABS*:0000000000000000 bitwise.c
     /tmp/ccpJY0dM.s:2      *ABS*:000000000000003e __SP_H__
     /tmp/ccpJY0dM.s:3      *ABS*:000000000000003d __SP_L__
     /tmp/ccpJY0dM.s:4      *ABS*:000000000000003f __SREG__
     /tmp/ccpJY0dM.s:5      *ABS*:0000000000000000 __tmp_reg__
     /tmp/ccpJY0dM.s:6      *ABS*:0000000000000001 __zero_reg__
                            *COM*:0000000000000001 __gnu_lto_v1
                            *COM*:0000000000000001 __gnu_lto_slim

NO UNDEFINED SYMBOLS
