   1               		.file	"keycode_config.c"
   2               	__SP_H__ = 0x3e
   3               	__SP_L__ = 0x3d
   4               	__SREG__ = 0x3f
   5               	__tmp_reg__ = 0
   6               	__zero_reg__ = 1
   7               		.text
   8               	.Ltext0:
   9               		.section	.gnu.lto_.profile.2b6446f17f0bb370,"",@progbits
  10 0000 789C 6361 		.string	"x\234ca`d`c`"
  10      6064 6063 
  10      6000 
  11 000a 928D 8C93 		.ascii	"\222\215\214\223\031\001\003\302\001#"
  11      1901 03C2 
  11      0123 
  12               		.text
  13               		.section	.gnu.lto_.icf.2b6446f17f0bb370,"",@progbits
  14 0000 789C 6361 		.string	"x\234ca`d"
  14      6064 00
  15 0007 013E 0604 		.string	"\001>\006\004`bx\262\362o\033#\323\371\r3.\3622"
  15      6062 78B2 
  15      F26F 1B23 
  15      D3F9 0D33 
  15      2EF2 3200 
  16 001b 00        		.string	""
  17 001c 302A 061E 		.ascii	"0*\006\036"
  18               		.text
  19               		.section	.gnu.lto_.jmpfuncs.2b6446f17f0bb370,"",@progbits
  20 0000 789C 6361 		.string	"x\234ca`d"
  20      6064 00
  21 0007 011E 0604 		.string	"\001\036\006\004`b`dd\254g\002\021\f"
  21      6062 6064 
  21      64AC 6702 
  21      110C 00
  22 0016 06A0 011A 		.ascii	"\006\240\001\032"
  23               		.text
  24               		.section	.gnu.lto_.inline.2b6446f17f0bb370,"",@progbits
  25 0000 789C 6361 		.string	"x\234ca`d"
  25      6064 00
  26 0007 81A9 100A 		.string	"\201\251\020\n\f\230\030\030\3560p3\3622\bd\375eb\\3\365\030\313\027\246Vf\006FM\306\345\
  26      0C98 1818 
  26      EE30 7033 
  26      F232 0864 
  26      FD65 625C 
  27 0103 4D17 79A1 		.string	"M\027y\241\017\226e"
  27      0F96 6500 
  28 010b 00        		.string	""
  29 010c 27AB 6BEC 		.ascii	"'\253k\354"
  30               		.text
  31               		.section	.gnu.lto_.pureconst.2b6446f17f0bb370,"",@progbits
  32 0000 789C 6361 		.string	"x\234ca`d`e```b`ab\001"
  32      6064 6065 
  32      6060 6062 
  32      6061 6201 
  32      00
  33 0011 00        		.string	""
  34 0012 9700      		.string	"\227"
  35 0014 17        		.ascii	"\027"
  36               		.text
  37               		.section	.gnu.lto_keycode_config.2b6446f17f0bb370,"",@progbits
  38 0000 789C 9597 		.string	"x\234\225\227\331s\024U\024\306\373\336\236\351\236}&\223L\326\311:VQX\245\024UR\226\017\
  38      D973 1455 
  38      14C6 FBDE 
  38      9EE9 9E7D 
  38      2693 4CD6 
  39 0093 6318 630E 		.ascii	"c\030c\016\306<\214\005\274\223\246Z\337\220\264\200g\270H\322"
  39      C63C 8C05 
  39      BC93 A65A 
  39      DF90 B480 
  39      67B8 48D2 
  40 00a7 421E 3DF3 		.ascii	"B\036=\363b\346%)\3768E/\253XV\251\017>\003X\013\371h\n3?f~!"
  40      62E6 2529 
  40      FE38 452F 
  40      AB58 56A9 
  40      0F3E 0358 
  41 00c4 09D0 A0A9 		.ascii	"\t\320\240\251)\2507\2050\013\211\246\260~\337\b\3367\242gQ\314"
  41      29A8 3785 
  41      300B 89A6 
  41      B07E DF08 
  41      DE37 A267 
  42 00da A2BA 2486 		.ascii	"\242\272$\206\222\230\220\344\320\270\351\276q\275)\027\263\\"
  42      9298 90E4 
  42      D0B8 E9BE 
  42      71BD 2917 
  42      B35C 
  43 00ec D194 4713 		.ascii	"\321\224G\023\246\246\204\336\224\217Y\276h*\320\037W\210\217"
  43      A6A6 84DE 
  43      948F 59BE 
  43      682A D01F 
  43      5788 8F
  44 00ff 2BD4 B322 		.ascii	"+\324\263\"\314\212tI1J\212\205\244\204\246\346M`\345$\304PR"
  44      CC8A 7449 
  44      314A 8A85 
  44      A484 A6E6 
  44      4D60 E524 
  45 0116 944B F572 		.ascii	"\224K\365r\031\226\313D\271\\/W`\271B\224+\365r\025\226\253D"
  45      1996 CB44 
  45      B95C 2F57 
  45      60B9 4294 
  45      2BF5 7215 
  46 012d 3945 085C 		.ascii	"9E\b\\h>\"\315\241\262\307\253\250>\177 \030\nG\242\261\234x"
  46      683E 22CD 
  46      A1B2 C7AB 
  46      A83E 7F20 
  46      180A 47A2 
  47 0144 6E5E 22BF 		.ascii	"n^\"\277\240\260\250\270$YZV^QY\225\"s\310c\372\222\222\376\361"
  47      A0B0 A8B8 
  47      2459 5A56 
  47      5E51 5995 
  47      2273 C863 
  48 015d A7BD D147 		.ascii	"\247\275\321G\264^fK\203\245gF\322k\202\220\022\022ci\353\323"
  48      B45E 664B 
  48      83A5 6746 
  48      D26B 8290 
  48      1212 6369 
  49 0173 AE73 9E89 		.ascii	"\256s\236\211-\232V\243\r\366/\f\327o\352%\3652\225\306"
  49      2D9A 56A3 
  49      0DF6 2F0C 
  49      D76F EA25 
  49      F532 95C6 
  50 0187 A944 3691 		.string	"\251D6\221$i!I\266\264\310f2\221\365v\237^\262\325#'\211\304\256w\317[\3768<a#\350\264e\t
  50      2469 2149 
  50      B6B4 C866 
  50      3291 F576 
  50      9F5E B2D5 
  51 0288 1BE9 E21A 		.ascii	"\033\351\342\032\255{\350=.\231\302\262U-u\367\002B\362D\001"
  51      AD7B E83D 
  51      2E99 C2B2 
  51      552D 75F7 
  51      0242 F244 
  52 029d C976 9478 		.ascii	"\311v\224x@\262C\177\314\222\343\315a\256y\213\245\351\027K\037"
  52      40B2 437F 
  52      CC92 E3CD 
  52      61AE 798B 
  52      A5E9 174B 
  53 02b2 AA42 F325 		.ascii	"\252B\363%H~A\211\027$\335\\rb\340\3711\375\277\251\201|\354"
  53      487E 4189 
  53      1724 DD5C 
  53      7262 E0F9 
  53      31FD BFA9 
  54 02c9 E4C2 477E 		.ascii	"\344\302G~\241\371\0324;\377\327\364p\315\371\201\275\353\b\327"
  54      A1F9 1A34 
  54      3BFF D7F4 
  54      70CD F981 
  54      BDEB 08D7 
  55 02dd 0C42 BEF9 		.ascii	"\fB\276\371\342\2356\217\320,% \332\205\"\005D\273\271(\363\343"
  55      E29D 368F 
  55      D02C 2520 
  55      DA85 2205 
  55      44BB B928 
  56 02f3 A311 DDEA 		.ascii	"\243\021\335\352!\310\233\017\257o\217\b"
  56      21C8 9B0F 
  56      AF6F 8F08 
  57 02ff D12E 14ED 		.string	"\321.\024\355A\221\n\242\275\\\324\334\333\327\357\345\242\033\220_\330\326y4$D\227P\264\
  57      4191 0AA2 
  57      BD5C D4DC 
  57      DBD7 EFE5 
  57      A21B 905F 
  58 0400 44DC 4827 		.ascii	"D\334H'\005\342/\262\376T\203i\204z\245\313\222<J\225lc\0254"
  58      05E2 2FB2 
  58      FE54 8369 
  58      847A A5CB 
  58      923C 4A95 
  59 0418 7674 A36E 		.ascii	"vt\243n\254\342\002\363\224=\346i\007\3143\206\223g\255N*&\353"
  59      ACE2 02F3 
  59      943D E669 
  59      07CC 3386 
  59      9367 AD4E 
  60 042f 5461 5D47 		.ascii	"Ta]G\213\316\244\272`\032\260g:\347\300t\036\230\360}r\301\312"
  60      8BCE A4BA 
  60      601A B067 
  60      3AE7 C074 
  60      1E98 F07D 
  61 0446 A49A 987C 		.ascii	"\244\232\230|`\035\372\324\362.\037\365\271`\372\335\236\351"
  61      601D FAD4 
  61      F22E 1FF5 
  61      B960 FADD 
  61      9EE9 
  62 0458 A203 D325 		.ascii	"\242\003\323%`\302\027\326e\301\324\251"
  62      60C2 17D6 
  62      65C1 D4A9 
  63 0464 33F9 4CD3 		.string	"3\371L\323\351\227\246\262\331\fd\317\246\312\267I\233\356\234\337\005\345\025{\312?\034(
  63      E997 A6B2 
  63      D90C 64CF 
  63      A6CA B749 
  63      9BEE 9CDF 
  64 0565 3566 9837 		.ascii	"5f\2307n5/\307d^>7\257 \333\274 7o@\230\027w\301\251Q[\316jj"
  64      6E35 2FC7 
  64      645E 3E37 
  64      AF20 DBBC 
  64      2037 6F40 
  65 0583 CF59 4385 		.ascii	"\317YC\205y\265\324b^\334d^\241a\336y\001\225\353\002\252\316"
  65      79B5 D462 
  65      5EDC 645E 
  65      A161 DE79 
  65      0195 EB02 
  66 0599 1EAA DE01 		.ascii	"\036\252\336\001\352\033*\266\303\\+T\256\t\252\310\370J\275"
  66      EA1B 2AB6 
  66      C35C 2B54 
  66      AE09 AAC8 
  66      F84A BD
  67 05ac 20A0 F25C 		.ascii	" \240\362\\@\315\263\207jp\200\232O\305\214.\260B\345\231f\264"
  67      40CD B387 
  67      6A70 809A 
  67      4FC5 8C2E 
  67      B042 E599 
  68 05c2 185F 2525 		.ascii	"\030_%%\331\023\352\341_\fW\005f\302\005f\243=f\223\003\346B"
  68      D913 EAE1 
  68      5F0C 5705 
  68      66C2 0566 
  68      A33D 6693 
  69 05d9 C0C4 5FE9 		.ascii	"\300\304_\351\315V\314\204\t3)\255\223\031gi6'\341\013oXp\346"
  69      CD56 CC84 
  69      0933 29AD 
  69      9319 6769 
  69      3627 E10B 
  70 05f1 BBE0 5C64 		.ascii	"\273\340\\d\317\271\330\201\363[\203s\211\2253\337\304Y\3069"
  70      CFB9 D881 
  70      F35B 8373 
  70      8995 33DF 
  70      C459 C639 
  71 0605 CBB3 3965 		.ascii	"\313\2639e\356\347m\301Y\340\202s\251=\3472\007\316\345\300\211"
  71      EEE7 6DC1 
  71      59E0 8273 
  71      A93D E732 
  71      07CE E5C0 
  72 061a 2798 EFAC 		.ascii	"'\230\357\254\234\005&\316\n\316Y\231\315I\271\237\017\004g\241"
  72      9C05 26CE 
  72      0ACE 5999 
  72      CD49 B99F 
  72      0F04 67A1 
  73 062e 0BCE EFED 		.ascii	"\013\316\357\3559W8p\25648WY9\013M\234U\2343%5\262\203<\200\342"
  73      3957 3870 
  73      AE34 3857 
  73      5939 0B4D 
  73      9C55 9C33 
  74 0649 39FD 2EA9 		.ascii	"9\375.\251\211I\265x\372~H\b\034*=\231\271\021v\270\367\256n"
  74      8949 B578 
  74      FA7E 4808 
  74      1C2A 3D99 
  74      B911 76B8 
  75 0660 08C2 6156 		.ascii	"\b\302aVI7D\314G\025\366#\234\254\246I_\343\202(\034\f\375\255"
  75      4937 44CC 
  75      4715 F623 
  75      9CAC A649 
  75      5FE3 8228 
  76 0678 0B22 A052 		.ascii	"\013\"\240R\323\013\202P\01766a=\324\332\024\201\323f \335\024"
  76      D30B 8250 
  76      0F36 3661 
  76      3DD4 DA14 
  76      81D3 6620 
  77 068e 84CF 70A6 		.ascii	"\204\317p\246\t\373\"\033\242\320\026\035\300\256X\246\031U\361"
  77      09FB 221B 
  77      A2D0 161D 
  77      C0AE 58A6 
  77      1955 F1
  78 06a1 3D1D 2304 		.ascii	"=\035#\004Nr\271W:\006\t\034\036s2\035\355\004\206\022{\272\370"
  78      4E72 B957 
  78      3A06 091C 
  78      1E73 321D 
  78      ED04 8612 
  79 06b8 50FE 952E 		.ascii	"P\376\225.6\304\216\210y\231\256v\274(h\335\301\233\013\007\246"
  79      36C4 8E88 
  79      7999 AE76 
  79      BC28 68DD 
  79      C19B 0B07 
  80 06cd 406B 51DD 		.ascii	"@kQ\335\233\320X\334\332\315\306\267\221d\311\225n6\316\316\360"
  80      9BD0 58DC 
  80      DACD C6B7 
  80      9164 C995 
  80      6E36 CECE 
  81 06e2 C90C 54D8 		.ascii	"\311\fT\330Eik\317 \016\225\245{X\245\235$\3133P\351$\311\212"
  81      4569 6BCF 
  81      200E 95A5 
  81      7B58 A59D 
  81      24CB 3350 
  82 06fa D5BB DBF1 		.ascii	"\325\273\333\361\2422\275{\020\207\252\356\263\ns\202\326M\005"
  82      A232 BD7B 
  82      1087 AAEE 
  82      B30A 7382 
  82      D64D 05
  83 070d 7299 F9C2 		.ascii	"r\231\371\302l$\340\037\233\205\242\317g\1778\363\213\331\237"
  83      6C24 E01F 
  83      9B85 A2CF 
  83      677F 38F3 
  83      8BD9 9F
  84 0720 4DFA 74C6 		.ascii	"M\372t\306W\323fM\237\361\301\264Y3?\372\344\343\327\247I\252"
  84      57D3 664D 
  84      9FF1 C1B4 
  84      5933 3FFA 
  84      E4E3 D7A7 
  85 0736 5EF9 0FCA 		.ascii	"^\371\017\312\366*\342"
  85      F62A E2
  86               		.text
  87               		.section	.gnu.lto_mod_config.2b6446f17f0bb370,"",@progbits
  88 0000 789C 9556 		.string	"x\234\225VYs\024U\024\276\347v\367t\317\326\263/\201!\tY\214\270E\313\027~\201\345\253X\2
  88      5973 1455 
  88      14BE E776 
  88      F774 CFD6 
  88      B32F 8121 
  89 004d 2A4B 9878 		.string	"*K\230x\356\271\3353S\235\344!\363p\246\373\233\363\235\373\235s\276\356De\300\304\347\26
  89      EEB9 DD33 
  89      539D E421 
  89      F370 A6FB 
  89      9BF3 9DFB 
  90 009e 710D EEA5 		.string	"q\r\356\245$\037%y! \223|\334Op\200`\277\003\007x\220\270\021\342\006\271II!J2!\"\223B<Lp
  90      241F 2579 
  90      2120 937C 
  90      DC4F 7080 
  90      60BF 0307 
  91 00f1 E2C2 3280 		.ascii	"\342\3022\200-\342\212\252yt\303\353\363\007\202f(\034\211\306"
  91      2DE2 8AAA 
  91      7974 C3EB 
  91      F307 8266 
  91      281C 89C6 
  92 0105 E289 642A 		.ascii	"\342\211d*\r\213\340\037\376\234\303\332\2465\327\314i[,k\211"
  92      0D8B E01F 
  92      FE9C C3DA 
  92      A635 D7CC 
  92      695B 2C6B 
  93 011a 75BD 33F7 		.ascii	"u\2753\367\366\t\253>]\25706\302\031\274\231\201\32738c\330\002"
  93      F609 AB3E 
  93      5DAF 3036 
  93      C219 BC99 
  93      81D7 3338 
  94 0131 D330 F3E6 		.ascii	"\3230\363\346\206KwM%\003"
  94      864B 774D 
  94      2503 
  95 013b 0CAF FF1C 		.string	"\f\257\377\0348\327\021\254\331,X\326\223\260\245 \005\266\202R`\211\032\260\rjD\362`k\25
  95      38D7 11AC 
  95      D92C 58D6 
  95      93B0 A520 
  95      05B6 8252 
  96 023c 1CFE 6E51 		.string	"\034\376nQ\225\t\311\nk\250A\305\331\341\267XV\251\316*\006\246>\3349\260\332'R\031\244\2
  96      9509 C90A 
  96      6BA8 41C5 
  96      D9E1 B758 
  96      56A9 CE2A 
  97 02ea 07DC 6282 		.string	"\007\334b\202\262\201\236\027%\311D\004I\033\216<\352\321d\003\006\034tsL:R'\323\f\302\22
  97      B281 9E17 
  97      25C9 4404 
  97      491B 8E3C 
  97      EAD1 6403 
  98 032e 3800      		.string	"8"
  99 0330 8EC1 AFDE 		.string	"\216\301\257\336mk\0217\032\006\323\323\370\016\2127\212\355\023@\355\005\277\034h\264\37
  99      6D6B 1137 
  99      1A06 D3D3 
  99      F80E 8A37 
  99      8AED 1340 
 100 0363 1C73 CF2A 		.string	"\034s\317*\"\347\373\324\236o\024\021$\r\r7\037\360\312\371\306\341'7'JG\372\212\r\022\02
 100      22E7 FBD4 
 100      9E6F 1411 
 100      240D 0D37 
 100      1FF0 CAF9 
 101 03e8 F830 24FC 		.string	"\3700$\374-\357\242\370`\261\005b\250\275`\201g\216\005bE\357\b3o\201\2343\337\264`\215z'
 101      2DEF A2F8 
 101      60B1 0562 
 101      A8BD 6081 
 101      678E 0562 
 102 0481 5538 A0D7 		.string	"U8\240\327\345\200)\005\007(\330q"
 102      E580 2905 
 102      0728 D871 
 102      00
 103 048e 975E 62AE 		.ascii	"\227^b\256\274 \034\300C\0302\341}\357\241\370h\261\003&\241"
 103      BC20 1CC0 
 103      4318 32E1 
 103      7DEF A1F8 
 103      68B1 0326 
 104 04a3 F682 03DA 		.ascii	"\366\202\003\332\232l\007L*z\t\304\362\016\350\332a\017\264L"
 104      9A6C 074C 
 104      2A7A 09C4 
 104      F20E E8DA 
 104      610F B44C 
 105 04b7 B046 3DF4 		.ascii	"\260F=\364e\366K\325\336Q9\"(\275\241\373\352\005\220\016\210"
 105      65F6 4BD5 
 105      DE51 3922 
 105      28BD A1FB 
 105      EA05 900E 
 106 04cc C069 37A7 		.ascii	"\300i7\247\234\216\210\027;\240T\024\317\257\374\216\263\362"
 106      9C8E 8817 
 106      3BA0 5414 
 106      CFAF FC8E 
 106      B3F2 
 107 04de 52C2 A4A4 		.ascii	"R\302\244\244D~\307W\035IS\221\205\247\265\357]Vo\377-\271\007"
 107      447E C757 
 107      1D49 5391 
 107      85A7 B5EF 
 107      5D56 6FFF 
 108 04f5 D0E7 3E6E 		.ascii	"\320\347>n\252\2248h\327\254@d\364S^Ag$\335;V\345S~\315\331q"
 108      AA94 3868 
 108      D7AC 4064 
 108      F453 5E41 
 108      6724 DD3B 
 109 0510 E504 767C 		.ascii	"\345\004v|f\354\035\377:\316\216\373\305\2165\261\343\263\256"
 109      66EC 1DFF 
 109      3ACE 8EFB 
 109      C58E 35B1 
 109      E3B3 AE
 110 0523 1D57 1676 		.ascii	"\035W\026v\254b\307\021\\kyl\343\200\330\261\022\307P\221\350"
 110      AC62 C711 
 110      5C6B 796C 
 110      E380 D8B1 
 110      12C7 5091 
 111 0538 781F C5A7 		.ascii	"x\037\305\247\330\371Z\241\375\370\327\247L\2471<b\353\340\366"
 111      D8F9 5AA1 
 111      FDF8 D7A7 
 111      4CA7 313C 
 111      62EB E0F6 
 112 054c 63FA CC0F 		.ascii	"c\372\314\017p:\330\216x\204\305o\f\316\301LF\323\354yE\236R"
 112      703A D88E 
 112      7884 C56F 
 112      0CCE C14C 
 112      46D3 EC79 
 113 0563 257E 1EB5 		.ascii	"%~\036\265\337*\232K\332=\027\215\335\306\203\326\2570%W#q\032"
 113      DF2A 9A4B 
 113      DA3D 178D 
 113      DDC6 83D6 
 113      AF30 2557 
 114 057a 5648 A29E 		.ascii	"VH\242\236\252\324\306\337\026\340\377\\ X\330i\311\027\013?"
 114      AAD4 C6DF 
 114      16E0 FF5C 
 114      2058 D869 
 114      C917 0B3F 
 115 058e 9AB7 60E1 		.ascii	"\232\267`\341\334\332\317\347|9k\376\3549\037\316\232?\357\223"
 115      DCDA CFE7 
 115      7C39 6BFE 
 115      EC39 1FCE 
 115      9A3F EF93 
 116 05a2 CF3E 7D6D 		.ascii	"\317>}m\026S\346\316\237\375?\352\215b\355"
 116      1653 E6CE 
 116      9FFD 3FEA 
 116      8D62 ED
 117               		.text
 118               		.section	.gnu.lto_.symbol_nodes.2b6446f17f0bb370,"",@progbits
 119 0000 789C 6361 		.string	"x\234ca`d\320f"
 119      6064 D066 
 119      00
 120 0009 0226 867A 		.string	"\002&\206z\006\206\t\347\030@\324\256\006E\006\006V&\006\005\2208c=#\2128\003"
 120      0686 09E7 
 120      1840 D4AE 
 120      0645 0606 
 120      5626 0605 
 121 0026 AFC0 07CC 		.ascii	"\257\300\007\314"
 122               		.text
 123               		.section	.gnu.lto_.refs.2b6446f17f0bb370,"",@progbits
 124 0000 789C 1DCB 		.string	"x\234\035\313Q\n\001\001"
 124      510A 0101 
 124      00
 125 0009 40C1 79D8 		.ascii	"@\301y\330\222\224\024R\233BIJ\211r\023\027v3e\376g&\037li\252"
 125      9294 1452 
 125      9B42 494A 
 125      8972 1317 
 125      7633 65FE 
 126 0023 4173 2DB4 		.ascii	"As-\264\324Jkm\264\323^\243\016:\352\254\213\256\272\351\256"
 126      D44A 6B6D 
 126      B4D3 5EA3 
 126      0E3A EAAC 
 126      8BAE BAE9 
 127 0038 875E 7A0F 		.ascii	"\207^z\017\023\365\037'=\365\345\007\211%\003\356"
 127      13F5 1F27 
 127      3DF5 E507 
 127      8925 03EE 
 128               		.text
 129               		.section	.gnu.lto_.decls.2b6446f17f0bb370,"",@progbits
 130 0000 789C 7D96 		.ascii	"x\234}\226]LTG\024\307\357\271\027aY\201\245\212\rM\266\306("
 130      5D4C 5447 
 130      14C7 EFB9 
 130      1761 5981 
 130      A58A 0D4D 
 131 0017 A63C 18F0 		.ascii	"\246<\030\360#1\365\255\255\017}\253O\365\241i\262Y\026\n\204"
 131      2331 F5AD 
 131      AD0F 7DAB 
 131      4FF5 A169 
 131      B259 160A 
 132 002c 95B5 BB8B 		.ascii	"\225\265\273\213\326\007\223K\001!\244\032!\210\026T\266\242"
 132      D607 934B 
 132      0121 A41A 
 132      2188 1654 
 132      B6A2 
 133 003e 080A B22A 		.ascii	"\b\n\262*\350B\375X\025\260~ \253(\210T@\301OPP\021P\004z\346"
 133      E842 FD58 
 133      15B0 7E20 
 133      AB28 8854 
 133      40C1 4F50 
 134 0058 E3EE DE2D 		.ascii	"\343\356\336-\2567\376\271\367\314\374\346\314\231sff\r\022@"
 134      AE37 FEB9 
 134      F7CC FCE6 
 134      CC99 7366 
 134      660D 1240 
 135 006c 20CF 3EAD 		.ascii	" \317>\255 \374\204\237\313P3\370"
 135      20FC 849F 
 135      CB50 33F8 
 136 0078 48D8 B61E 		.string	"H\330\266\036Ez\217\t\354\021Q'Qgx\373s\301\377!}\032\324<T\024\037w\221\373\031D=C\335A\
 136      457A 8F09 
 136      EC11 5127 
 136      5167 78FB 
 136      73C1 FF21 
 137 0179 505E 403E 		.ascii	"P^@>\251\t\344\223\030\"\375\313[\030\341}q\204\177\372\234\321"
 137      A909 E493 
 137      1822 FDCB 
 137      5B18 E17D 
 137      7184 7FFA 
 138 018f 7FC0 3F67 		.ascii	"\177\300?g\224\207:a\215>_\244I\364f\227\216\242\375\"y\371\206"
 138      9487 3A61 
 138      8D3E 5FA4 
 138      49F4 6697 
 138      8EA2 FD22 
 139 01a6 02F3 47DA 		.ascii	"\002\363G\332\201G\242v\314\342V\371\005\377\305\201R\201\242"
 139      8147 A276 
 139      CCE2 56F9 
 139      05FF C581 
 139      5281 A2
 140 01b9 A68A 831A 		.ascii	"\246\212\203\032i\025\255@cV\371#m\020NN\363\232\020D\332\206"
 140      6915 AD40 
 140      6356 F923 
 140      6D10 4E4E 
 140      F39A 1044 
 141 01cf 8AF7 9741 		.ascii	"\212\367\227At1\311\272[\226\027\001\355Z\245\207\345\270g\340"
 141      7431 C9BA 
 141      5B96 1701 
 141      ED5A A587 
 141      E5B8 67E0 
 142 01e3 0444 E3DF 		.ascii	"\004D\343\337\343\020\304|\355w\354^\273\330!;\234r\337\256m"
 142      E310 C47C 
 142      ED77 EC5E 
 142      BBD8 213B 
 142      9C72 DFAE 
 143 01f8 5F96 E4CB 		.ascii	"_\226\344\313r\026\016\213!\0308}U\302O\362\252\205n\214\351"
 143      7216 0E8B 
 143      2118 387D 
 143      55C2 4FF2 
 143      AA85 6E8C 
 144 020d 242C C691 		.ascii	"$,\306\221\r/N}+\375L\203\250\315\031\250\322`\335\365\270\231"
 144      0D2F 4E7D 
 144      2BFD 4C83 
 144      A8CD 19A8 
 144      D260 DDF5 
 145 0223 40B5 97F4 		.ascii	"@\265\227\364l/U\225U6\205K\311\344[<\365t\320#\2026\226V\334"
 145      6C2F 5595 
 145      5536 854B 
 145      C9E4 5B3C 
 145      F574 D023 
 146 023c ED90 83B1 		.ascii	"\355\220\203\261\342,4h\300z\353y\275Oa\275\353\261\336|\353"
 146      E22C 3468 
 146      C07A EB79 
 146      BD4F 61BD 
 146      EBB1 DE7C 
 147 0251 4CE8 E8D6 		.ascii	"L\350\350\326q\341:N\373\202\322k\331\032&\206n\326\2124\007"
 147      71E1 3A4E 
 147      FB82 D26B 
 147      D91A 2686 
 147      6ED6 8A34 
 148 0266 2E6F 0E9A 		.ascii	".o\016\232:;j\202\3249p\251r\3607\315A\243\222\203\222\226\274"
 148      3A3B 6A82 
 148      D439 70A9 
 148      72F0 37CD 
 148      41A3 9283 
 149 027d 199D 3709 		.ascii	"\031\2357\t[\013\3123e'\216\373F$ \324\371&\254Sg\341\f\313B"
 149      5B0B CA33 
 149      6527 8EFB 
 149      4624 20D4 
 149      F926 AC53 
 150 0296 6701 AECD 		.ascii	"g\001\256\315B\327\231sa\350\210(m\365;\031Q\354d\2646\267\357"
 150      42D7 9973 
 150      61E8 8828 
 150      6DF5 3B19 
 150      51EC 64B4 
 151 02ad 0991 3281 		.ascii	"\t\2212\201\364\005\225=\337~^\213\013\204PTl\211\254\201\213"
 151      F405 953D 
 151      DF7E 5E8B 
 151      0B84 5054 
 151      6C89 AC81 
 152 02c2 102A E4D2 		.ascii	"\020*\344\322\214\310\216E\340\315H\023f\204t\tp\001\361K\230"
 152      8CC8 8E45 
 152      E0CD 4813 
 152      6684 7409 
 152      7001 F14B 
 153 02d7 8F12 398F 		.ascii	"\217\0229\217$\2024V(gS &\270il\312\026\311\332\347q\204J\271"
 153      2482 3456 
 153      2867 5320 
 153      26B8 696C 
 153      CA16 C9DA 
 154 02f0 743E 387A 		.ascii	"t>8z\254!N\332\315\276\213O\354y'J\025\314\030\315\317\031\227"
 154      AC21 4EDA 
 154      CDBE 8B4F 
 154      EC79 274A 
 154      15CC 18CD 
 155 0307 5890 2168 		.ascii	"X\220!hf\017\3277\207K\365\254o`\262\2461\202\365\005\243y\343"
 155      660F D737 
 155      874B F5AC 
 155      6F60 B2A6 
 155      3182 F505 
 156 031e 78C9 6AA9 		.ascii	"x\311j\251\221u]9\330\370!\214u\315A\363v\327\335J\215\324\316"
 156      9175 5D39 
 156      D8F8 218C 
 156      75CD 41F3 
 156      76D7 DD4A 
 157 0335 FA6E 663B 		.ascii	"\372nf;\367r\227Ah\356\350\036\253\326I\017Y\337\305\327\316"
 157      F772 9741 
 157      68EE E81E 
 157      ABD6 490F 
 157      59DF C5D7 
 158 034a C37C 1CB9 		.ascii	"\303|\034\271q\206]\245;\302\244g\254\257\274qbX'M0\243it\352"
 158      7186 5DA5 
 158      3BC2 A467 
 158      ACAF BC71 
 158      6258 274D 
 159 0363 2948 B922 		.ascii	")H\271\"5ro\327\034\n\223J\251\021Q\326\336\364@\013\363c|Ol"
 159      3572 6FD7 
 159      1C0A 934A 
 159      A911 51D6 
 159      DEF4 400B 
 160 037c 4C01 4984 		.ascii	"L\001I\204\007\023C\316\213r{\bp\007\346\223\272\301\003Lb/\304"
 160      0713 43CE 
 160      8B72 7B08 
 160      7007 E693 
 160      BAC1 034C 
 161 0393 401F EA21 		.ascii	"@\037\352!\252\007\325\215\272\217\352D\375\213\272\207\352@"
 161      AA07 D58D 
 161      BA8F EA44 
 161      FD8B BA87 
 161      EA40 
 162 03a5 7541 0CCD 		.ascii	"uA\f\315\340\001R\213\276\366\366\257\366\347\311E\013i~[p\033"
 162      E001 528B 
 162      BEF6 F6AF 
 162      F6E7 C945 
 162      0B69 7E5B 
 163 03bb 1097 2B59 		.ascii	"\020\227+Yi\226\353i\353]\034\264R\257\214p\357\371\214\323\327"
 163      6996 EB69 
 163      EB5D 1CB4 
 163      52AF 8C70 
 163      EFF9 8CD3 
 164 03d0 FCE9 781F 		.ascii	"\374\351x\037}\0258\216\033\363\344\035Q> \221+\220\302\336\233"
 164      7D15 388E 
 164      1BF3 E41D 
 164      513E 2091 
 164      2B90 C2DE 
 165 03e5 2F9E C4BF 		.ascii	"/\236\304\277\302\347\366\370\226l9_G]4\007\f\343<\370\006\354"
 165      C2E7 F6F8 
 165      966C 395F 
 165      475D 3407 
 165      0CE3 3CF8 
 166 03fb 55E2 B81C 		.ascii	"U\342\270\034\020W\271/R\350\266\200Q\337P9/Q\360+\001\361\177"
 166      1057 B92F 
 166      52E8 B680 
 166      51DF 5039 
 166      2F51 F02B 
 167 0412 5478 B182 		.ascii	"Tx\261\202\267\006\304\257\253\360B\005\277\031\020\367\250\360"
 167      B706 C4AF 
 167      ABF0 4205 
 167      BF19 10F7 
 167      A8F0 
 168 0424 0F91 1CBF 		.ascii	"\017\221\034\277\035\020W\255tZ\241\333\003\322\264\232\364l"
 168      1D10 57AD 
 168      745A A1DB 
 168      03D2 B49A 
 168      F46C 
 169 0436 B927 A364 		.ascii	"\271'\243d\221P\002?\377\336\235\341.\360\025\344V@O\254 x\336"
 169      9150 023F 
 169      FFDE 9DE1 
 169      2EF0 15E4 
 169      5640 4FAC 
 170 044d A71B A79B 		.ascii	"\247\033\247\233u\200[5\312Wv\347r\346\3711D\005\256\373\273"
 170      7580 5B35 
 170      CA57 76E7 
 170      72E6 F931 
 170      4405 AEFB 
 171 0462 DF72 64F7 		.ascii	"\337rd\367\005v\177\237\303y\002\300,\332\361D\031o\022D\324"
 171      0576 7F9F 
 171      C379 02C0 
 171      2CDA F144 
 171      196F 1244 
 172 0477 E116 7EFC 		.ascii	"\341\026~\374l\020G\344l<\302\2631\200\241\366\363}\217\307\255"
 172      6C10 47E4 
 172      6C3C C2B3 
 172      3180 A1F6 
 172      F37D 8FC7 
 173 048c B7B8 F07D 		.ascii	"\267\270\360}\270t\215\0367\321Sti\031\304F\261\t\352\3031\035"
 173      B874 8D1E 
 173      37D1 5374 
 173      6919 C446 
 173      B109 EAC3 
 174 04a2 CF70 E413 		.ascii	"\317p\344\023\337\215H\246\0130\013<E\347\237\230\250\177\362"
 174      DF8D 48A6 
 174      0B30 0B3C 
 174      45E7 9F98 
 174      A87F F2
 175 04b5 EC5E CDD2 		.ascii	"\354^\315\322r\331\201\027\374\256\226\005\256|9;KC\375\237e"
 175      72D9 8117 
 175      FCAE 9605 
 175      AE7C 393B 
 175      4B43 FD9F 
 176 04ca FE55 F19E 		.ascii	"\376U\361\236%\227\033<\207\245\344&re>\321\205\345{\377\307"
 176      2597 1B3C 
 176      87A5 E426 
 176      7265 3ED1 
 176      85E5 7BFF 
 177 04df 4087 F8D0 		.ascii	"@\207\370\320A\b\243\277\230\370F\370\375\366?\253\244%\177\261"
 177      4108 A3BF 
 177      98F8 46F8 
 177      FDF6 3FAB 
 177      A425 7FB1 
 178 04f3 AB32 1FAF 		.ascii	"\2532\037\257\312\365\237\323\337/\366\253:\004K\220\351\331"
 178      CAF5 9FD3 
 178      DF2F F6AB 
 178      3A04 4B90 
 178      E9D9 
 179 0505 D17A 7F2E 		.ascii	"\321z\177.c\334\005\227\303\344J\215?\365\202R\235u\225m\334"
 179      63DC 0597 
 179      C3E4 4A8D 
 179      3FF5 8252 
 179      9D75 956D 
 180 051a 93BB 2E24 		.ascii	"\223\273.$_\364g^R\346\364\364\345[\nS2\213\031\246\314d[\257"
 180      5FF4 675E 
 180      52E6 F4F4 
 180      E55B 0A53 
 180      328B 19A6 
 181 0532 2C72 662C 		.ascii	",rf,\370\377\314\be.\345\266fi93!; \322\037zE\241\312\341\302"
 181      F8FF CC08 
 181      652E E5B6 
 181      6669 3933 
 181      213B 20D2 
 182 054d 6A0D 878A 		.ascii	"j\r\207\2122gA\257)\224\331>\320\245@\215\263\2417\024\252\275"
 182      3267 41AF 
 182      2994 D93E 
 182      D0A5 408D 
 182      B3A1 3714 
 183 0563 DAD6 3C87 		.ascii	"\332\326<\207C\367fC\243\024\332V\\\271K\211{\347\254\270\337"
 183      43F7 6643 
 183      A314 DA56 
 183      5CB9 4B89 
 183      7BE7 ACB8 
 184 0578 52A6 B876 		.ascii	"R\246\270vp2\2023\316Y\314\030eJ\017:\275k\363\314b\306a\211"
 184      7032 8233 
 184      CE59 CC18 
 184      654A 0F3A 
 184      BD6B F3CC 
 185 0590 A0F9 FE87 		.ascii	"\240\371\376\207\037\027\255]\263F\320d\244\246\333W\2546\330"
 185      1F17 AD5D 
 185      B346 D064 
 185      A4A6 DB57 
 185      AC36 D8
 186 05a3 17C6 67D8 		.ascii	"\027\306g\330\254\361\346\324\204x\343&k|j\272\311\234\221\230"
 186      ACF1 E6D4 
 186      8478 E326 
 186      6B7C 6ABA 
 186      C99C 9198 
 187 05b7 146F B327 		.ascii	"\024o\263'b\177\\\212\020\221\226\264\305dIL2\230,\351\277\244"
 187      627F 5C8A 
 187      1091 96B4 
 187      C564 494C 
 187      3298 2CE9 
 188 05cd 267F F16B 		.ascii	"&\177\361k\2061\335\236\261!\336\2779\316$h7X\022\271\025B|\177"
 188      8631 DD9E 
 188      B121 DEBF 
 188      39CE 2468 
 188      3758 12B9 
 189 05e5 6DB0 8723 		.ascii	"m\260\207#\264\301\270\221\267JV\343\3469\206\357,\026\263\316"
 189      B4C1 B891 
 189      B74A 56E3 
 189      E639 86EF 
 189      2C16 B3CE 
 190 05f9 929E 644B 		.ascii	"\222\236dK\261\330\r\211\2516c\2029)\302\266\031)\253\311n6X"
 190      B1D8 0D89 
 190      A936 6382 
 190      3929 C2B6 
 190      1929 ABC9 
 191 0610 9333 5299 		.ascii	"\2233R\231i&\246\031\315\240\3644\253%\232\266%\030Mi6\263\321"
 191      6926 A619 
 191      CDA0 F434 
 191      AB25 9AB6 
 191      2518 4D69 
 192 0627 96C2 BE36 		.ascii	"\226\302\2766\032M|l\262\325\270)\311\220d3\005\247[\f^\027V"
 192      1A4D 7C6C 
 192      B2D5 B829 
 192      C990 6433 
 192      05A7 5B0C 
 193 063e A3D9 AEF6 		.ascii	"\243\331\256\366HL\342q\276\311\270\321f\266\230\322\fv\013\t"
 193      484C E271 
 193      BEC9 B8D1 
 193      66B6 98D2 
 193      0C76 0B09 
 194 0652 CE6E B598 		.ascii	"\316n\265\230\027P\204\033\006\005\b\264\334\024A\347\2676\203"
 194      1750 841B 
 194      0605 08B4 
 194      DC14 41E7 
 194      B736 83
 195 0665 FD3F BCF5 		.ascii	"\375?\274\365\226\301"
 195      96C1 
 196               		.text
 197               		.section	.gnu.lto_.symtab.2b6446f17f0bb370,"",@progbits
 198 0000 6B65 7963 		.string	"keycode_config"
 198      6F64 655F 
 198      636F 6E66 
 198      6967 00
 199 000f 00        		.string	""
 200 0010 00        		.string	""
 201 0011 00        		.string	""
 202 0012 00        		.string	""
 203 0013 00        		.string	""
 204 0014 00        		.string	""
 205 0015 00        		.string	""
 206 0016 00        		.string	""
 207 0017 00        		.string	""
 208 0018 00        		.string	""
 209 0019 00        		.string	""
 210 001a B300      		.string	"\263"
 211 001c 00        		.string	""
 212 001d 00        		.string	""
 213 001e 6D6F 645F 		.string	"mod_config"
 213      636F 6E66 
 213      6967 00
 214 0029 00        		.string	""
 215 002a 00        		.string	""
 216 002b 00        		.string	""
 217 002c 00        		.string	""
 218 002d 00        		.string	""
 219 002e 00        		.string	""
 220 002f 00        		.string	""
 221 0030 00        		.string	""
 222 0031 00        		.string	""
 223 0032 00        		.string	""
 224 0033 00        		.string	""
 225 0034 BC00      		.string	"\274"
 226 0036 00        		.string	""
 227 0037 00        		.string	""
 228 0038 6B65 796D 		.string	"keymap_config"
 228      6170 5F63 
 228      6F6E 6669 
 228      6700 
 229 0046 00        		.string	""
 230 0047 02        		.ascii	"\002"
 231 0048 00        		.string	""
 232 0049 00        		.string	""
 233 004a 00        		.string	""
 234 004b 00        		.string	""
 235 004c 00        		.string	""
 236 004d 00        		.string	""
 237 004e 00        		.string	""
 238 004f 00        		.string	""
 239 0050 00        		.string	""
 240 0051 EA00      		.string	"\352"
 241 0053 00        		.string	""
 242 0054 00        		.string	""
 243               		.text
 244               		.section	.gnu.lto_.opts,"",@progbits
 245 0000 272D 666D 		.ascii	"'-fmath-errno' '-fsigned-zeros' '-ftrapping-math' '-fno-trap"
 245      6174 682D 
 245      6572 726E 
 245      6F27 2027 
 245      2D66 7369 
 246 003c 7627 2027 		.ascii	"v' '-fno"
 246      2D66 6E6F 
 247 0044 2D6F 7065 		.string	"-openmp' '-fno-openacc' '-mn-flash=1' '-mno-skip-bug' '-mmcu=avr5' '-gdwarf-2' '-Os' '-We
 247      6E6D 7027 
 247      2027 2D66 
 247      6E6F 2D6F 
 247      7065 6E61 
 248               		.text
 249               		.comm	__gnu_lto_v1,1,1
 250               		.comm	__gnu_lto_slim,1,1
 251               		.ident	"GCC: (GNU) 5.4.0"
DEFINED SYMBOLS
                            *ABS*:0000000000000000 keycode_config.c
     /tmp/cc81xY7O.s:2      *ABS*:000000000000003e __SP_H__
     /tmp/cc81xY7O.s:3      *ABS*:000000000000003d __SP_L__
     /tmp/cc81xY7O.s:4      *ABS*:000000000000003f __SREG__
     /tmp/cc81xY7O.s:5      *ABS*:0000000000000000 __tmp_reg__
     /tmp/cc81xY7O.s:6      *ABS*:0000000000000001 __zero_reg__
                            *COM*:0000000000000001 __gnu_lto_v1
                            *COM*:0000000000000001 __gnu_lto_slim

NO UNDEFINED SYMBOLS
