   1               		.file	"led.c"
   2               	__SP_H__ = 0x3e
   3               	__SP_L__ = 0x3d
   4               	__SREG__ = 0x3f
   5               	__tmp_reg__ = 0
   6               	__zero_reg__ = 1
   7               		.text
   8               	.Ltext0:
   9               		.section	.gnu.lto_.profile.cbcab6cc91207bac,"",@progbits
  10 0000 789C 6361 		.string	"x\234ca`d`a`"
  10      6064 6061 
  10      6000 
  11 000a 9256 0200 		.string	"\222V\002"
  12 000e 00        		.string	""
  13 000f EE00      		.string	"\356"
  14 0011 55        		.ascii	"U"
  15               		.text
  16               		.section	.gnu.lto_.icf.cbcab6cc91207bac,"",@progbits
  17 0000 789C 6361 		.string	"x\234ca`d"
  17      6064 00
  18 0007 0155 0604 		.string	"\001U\006\004`c\370\274\260\355-\017\343\342\243\377&\3630\375\233\365/\226y\302\272m\273
  18      6063 F8BC 
  18      B0ED 2D0F 
  18      E3E2 A3FF 
  18      26F3 30FD 
  19 0034 59E9 117F 		.ascii	"Y\351\021\177"
  20               		.text
  21               		.section	.gnu.lto_.jmpfuncs.cbcab6cc91207bac,"",@progbits
  22 0000 789C 6361 		.string	"x\234ca`d"
  22      6064 00
  23 0007 0173 0604 		.string	"\001s\006\004`c`\004\n2\202"
  23      6063 6004 
  23      0A32 8200 
  24 0013 1353 2548 		.string	"\023S%H\204\t(P\317\f\344\327C\005X\030\030X\301\\\220$D\210\001"
  24      8409 2850 
  24      CF0C E4D7 
  24      4305 5818 
  24      1858 C15C 
  25 002d 5D65 0356 		.ascii	"]e\003V"
  26               		.text
  27               		.section	.gnu.lto_.inline.cbcab6cc91207bac,"",@progbits
  28 0000 789C 6361 		.string	"x\234ca`d"
  28      6064 00
  29 0007 816E 0604 		.string	"\201n\006\004`c``fbd`\0021\027\310\203(\240\"V^T\021&n\240\350\004?&\f\245\314\fl|h\"<`\2
  29      6063 6060 
  29      6662 6460 
  29      0231 17C8 
  29      8328 A022 
  30 0043 8448 0A4B 		.ascii	"\204H\nK"
  31               		.text
  32               		.section	.gnu.lto_.pureconst.cbcab6cc91207bac,"",@progbits
  33 0000 789C 6361 		.string	"x\234ca`d\340e```c\220`\224`\222`\226`\221`\225"
  33      6064 E065 
  33      6060 6063 
  33      9060 9460 
  33      9260 9660 
  34 0018 00        		.string	""
  35 0019 054D 00   		.string	"\005M"
  36 001c B8        		.ascii	"\270"
  37               		.text
  38               		.section	.gnu.lto_led_set_user.cbcab6cc91207bac,"",@progbits
  39 0000 789C 6361 		.string	"x\234ca`d"
  39      6064 00
  40 0007 814D 402C 		.string	"\201M@,\001\304\322@\314\310\314\300\3104\341\034\003C#\007\023##\210\321\300\301\310P\31
  40      01C4 D240 
  40      CCC8 CCC0 
  40      C834 E11C 
  40      0343 2307 
  41 0037 C183 D679 		.string	"\301\203\326yr\r+\0160\266230\374g\002\233\304\300\270\234Q\023\250\352\354\307\2033\370\
  41      720D 2B0E 
  41      30B6 3233 
  41      30FC 6702 
  41      9BC4 C0B8 
  42 00a8 C420 D77D 		.ascii	"\304 \327}db\002\321\314\257\030\231@*\301\216\370\300\304\b"
  42      6462 02D1 
  42      CCAF 1899 
  42      402A C18E 
  42      F8C0 C408 
  43 00bc 1203 AAE0 		.ascii	"\022\003\252\340+,M\314+)\315\325\317IM\321Kf`/-N\212\0072\001"
  43      2B2C 4DCC 
  43      2B29 CDD5 
  43      CF49 4DD1 
  43      4B66 602F 
  44 00d6 BB48 44FF 		.ascii	"\273HD\377"
  45               		.text
  46               		.section	.gnu.lto_led_set_kb.cbcab6cc91207bac,"",@progbits
  47 0000 789C 258E 		.string	"x\234%\216\277J\003a\020\304wv\217$\215\301t\202AL\025\322\250\340\233\370\002\342\277N\2
  47      BF4A 0361 
  47      10C4 7776 
  47      8F24 8DC1 
  47      7482 414C 
  48 005b 458C 0873 		.ascii	"E\214\bs^0\206W\223\204k]5}\274u6\2647@,D\031/I\204.j\326zO_"
  48      5E30 8657 
  48      9384 6B5D 
  48      357D BC75 
  48      36B4 3740 
  49 007b EF8A 5202 		.ascii	"\357\212R\002Y\376\031\366;A\365^\265\251\372RR\211\005\350A"
  49      59FE 19F6 
  49      3B41 F55E 
  49      B5A9 FA52 
  49      5289 05E8 
  50 0090 6C03 BB65 		.ascii	"l\003\273e\354\224\311\006\204\007T\275\374\331\377\275]\311"
  50      EC94 C906 
  50      8407 54BD 
  50      FCD9 FFBD 
  50      5DC9 
  51 00a2 B51D BFF9 		.ascii	"\265\035\277\371\017\305#r~\346\363\336@\263\254\245\232V\020"
  51      0FC5 2372 
  51      7EE6 F3DE 
  51      40B3 ACA5 
  51      9A56 10
  52 00b5 D869 BE40 		.ascii	"\330i\276@3k\370\215)\263\2772E[\347\360\025\207%\311\3678\037"
  52      336B F88D 
  52      29B3 BF32 
  52      455B E7F0 
  52      1587 25C9 
  53 00cc 2DF4 5A75 		.ascii	"-\364Zu5\026\316\3308xBD-\341X\204\276\320TY\226]3\3736\206\021"
  53      3516 CED8 
  53      3878 4244 
  53      2DE1 5884 
  53      BED0 5459 
  54 00e7 8BF5 F0E0 		.ascii	"\213\365\360\340\274\021\236m\237\236\034o\035Q>\2748\334\267"
  54      BC11 9E6D 
  54      9F9E 1C6F 
  54      1D51 3EBC 
  54      38DC B7
  55 00fa F807 140D 		.ascii	"\370\007\024\rVl"
  55      566C 
  56               		.text
  57               		.section	.gnu.lto_led_update_user.cbcab6cc91207bac,"",@progbits
  58 0000 789C 6361 		.string	"x\234ca`d"
  58      6064 00
  59 0007 81D3 402C 		.string	"\201\323@,\005\304\322@\314\310\314\300\3104\341\034\003C#\007\023##\210\321\300\301\310P
  59      05C4 D240 
  59      CCC8 CCC0 
  59      C834 E11C 
  59      0343 2307 
  60 0060 B22F CC7E 		.string	"\262/\314~\367\210]}i\003\b\\\025l`nefd\\\301\310\214\320\005\024``\\\311\250\016R\374h\3
  60      F788 5D7D 
  60      6903 085C 
  60      156C 606E 
  60      6566 645C 
  61 00a6 31C8 851F 		.string	"1\310\205\037\231\230@4\363+\306\246\206\271l \305@S\266\266\237\331\310\365\205\t\3508FF
  61      9998 4034 
  61      F32B C6A6 
  61      86B9 6C20 
  61      C540 53B6 
  62 00ea D4D2 4E97 		.ascii	"\324\322N\227"
  63               		.text
  64               		.section	.gnu.lto_led_update_kb.cbcab6cc91207bac,"",@progbits
  65 0000 789C 4D4F 		.string	"x\234MOKKBQ\020\2369\343\343\266Pr\027(\341F\304M\005\375\207~@\177\240\244\356\256\202R\
  65      4B4B 4251 
  65      109E 39E3 
  65      E3B6 5072 
  65      1728 E146 
  66 0059 45CB 20EA 		.string	"E\313 \352\302\026\202c\320\301O\3233\270V\257=D3M\346\022?^=O_\262;\344\022\200o"
  66      C216 8263 
  66      D0C1 4FD3 
  66      33B8 56AF 
  66      3D44 334D 
  67 007b C713 3896 		.string	"\307\0238\226P\213&f\204\331\253v\253\206b\b\262\3374\336\333\341\3646\353\334\306\230\\B
  67      508B 2666 
  67      84D9 AB76 
  67      AB86 6208 
  67      B2DF 34DE 
  68 013d F879 7539 		.ascii	"\370yu9"
  69               		.text
  70               		.section	.gnu.lto_led_init_ports.cbcab6cc91207bac,"",@progbits
  71 0000 789C 6361 		.string	"x\234ca`d"
  71      6064 00
  72 0007 816A 2016 		.string	"\201j \026"
  72      00
  73 000c 6269 2066 		.string	"bi fdf`d\232p\216\201\241\221\203\211\221\021\304h\340`d\250gb\254g\374\312\364\227\211\3
  73      6466 6064 
  73      9A70 8E81 
  73      A191 8389 
  73      9111 C468 
  74 004f 2A7B B4F1 		.string	"*{\264\361\337T^\266\026\2202\005\210$\343\nF6\220u\353\203\0164\374\377\337\334\320p\331
  74      DF54 5EB6 
  74      1690 3205 
  74      8824 E30A 
  74      4636 9075 
  75 009b 00        		.string	""
  76 009c C9E0 322A 		.ascii	"\311\3402*"
  77               		.text
  78               		.section	.gnu.lto_led_set.cbcab6cc91207bac,"",@progbits
  79 0000 789C 6D50 		.string	"x\234mP=K\003A\020\235\267{^\242`H\272\200)\322\204\220\306\b\376\002[K\377\200\304\217N\
  79      3D4B 0341 
  79      109D B77B 
  79      5EA2 6048 
  79      BA80 29D2 
  80 00e5 F599 51DF 		.string	"\365\231Q\3374\020Bg\331E\311\255\264\205\326\320\352\216\363\371\032\260\206jG\251\260-\
  80      3410 4267 
  80      D945 C9AD 
  80      B485 D6D0 
  80      EA8E F3F9 
  81 0159 3EE4 849B 		.ascii	">\344\204\233"
  82               		.text
  83               		.section	.gnu.lto_.symbol_nodes.cbcab6cc91207bac,"",@progbits
  84 0000 789C 55C8 		.string	"x\234U\310K\r\200@\f"
  84      4B0D 8040 
  84      0C00 
  85 000a D169 BB2B 		.string	"\321i\273+\004\245E\001A\0032\020\201\006\202\007\276\007B\t\\:\227I^A\350\210t\305\241\2
  85      04A5 4501 
  85      4103 3210 
  85      8106 8207 
  85      BE07 4209 
  86 004c B687 272A 		.ascii	"\266\207'*"
  87               		.text
  88               		.section	.gnu.lto_.refs.cbcab6cc91207bac,"",@progbits
  89 0000 789C 6361 		.string	"x\234ca`\004B "
  89      6004 4220 
  89      00
  90 0009 00        		.string	""
  91 000a 00        		.string	""
  92 000b 3900      		.string	"9"
  93 000d 07        		.ascii	"\007"
  94               		.text
  95               		.section	.gnu.lto_.decls.cbcab6cc91207bac,"",@progbits
  96 0000 789C 7555 		.string	"x\234uU]LTG\024\276\347\336\273\356\262\362c+6<l\2151<\354\203a\255\276\324\246\017M\233\
  96      5D4C 5447 
  96      14BE E7DE 
  96      BBEE B2F2 
  96      632B 363C 
  97 00c1 B9F6 F2A0 		.string	"\271\366\362\240\034\030\371\242\030\256\231\3420l\321\331\253(\232\304\267J\273/\217\347
  97      1C18 F9A2 
  97      18AE 99E2 
  97      306C D1D9 
  97      AB28 9AC4 
  98 00ea C607 48E5 		.ascii	"\306\007H\345S \225&*\377\225+\002\021\373H\210T\343d\374\017"
  98      5320 9526 
  98      2AFF 952B 
  98      0211 FB48 
  98      8854 E364 
  99 0100 A43A 670C 		.ascii	"\244:g\fN\"\026\343\\\264\244\306\374\343\247\370\276J\237\370"
  99      4E22 16E3 
  99      5CB4 A4C6 
  99      FCE3 A7F8 
  99      BE4A 9FF8 
 100 0114 5110 7CB4 		.ascii	"Q\020|\264\016\322\0233\261\360\333\304\013/\006\007F\364\273"
 100      0ED2 1333 
 100      B1F0 DBC4 
 100      0B2F 0607 
 100      46F4 BB
 101 0127 8FEC 9851 		.ascii	"\217\354\230Q5$G\275\377\326\303z\213\226\306\365\246\312\231"
 101      3524 47BD 
 101      FFD6 C37A 
 101      8B96 C6F5 
 101      A6CA 99
 102 013a 419B 8EB1 		.ascii	"A\233\216\261\326\202&\220\003\367\237\217CV=\303\261\2231uE"
 102      D682 2690 
 102      03F7 9F8F 
 102      4356 3DC3 
 102      B193 3175 
 103 014f 3C83 8D5B 		.ascii	"<\203\215[\306jm\377\250\340\260\303\034\320|\272\375Y\212\230"
 103      C66A 6DFF 
 103      A8E0 B0C3 
 103      1CD0 7CBA 
 103      FD59 8A98 
 104 0163 D376 EDBE 		.ascii	"\323v\355\276C=)\332\233\244\253\255\017\246\006T\260;K\030+"
 104      433D 29DA 
 104      9BA4 ABAD 
 104      0FA6 0654 
 104      B03B 4B18 
 105 0178 66D1 085B 		.ascii	"f\321\b[\220\241\300j\007\254t(\320\004N:q\030\262\0248\002\016"
 105      90A1 C06A 
 105      07AC 7428 
 105      D004 4E3A 
 105      7118 B214 
 106 018f A807 8772 		.ascii	"\250\007\207r\200\254\215\354}\226\326\300\330\"h\004;4\200\306"
 106      80AC 8DEC 
 106      7D96 D6C0 
 106      D822 6804 
 106      3B34 80C6 
 107 01a3 2118 82C3 		.ascii	"!\030\202\303.\314?\235\036lT\321U\205\003rtZ\273p\251\247|a"
 107      2ECC 3F9D 
 107      1E6C 54D1 
 107      5585 0372 
 107      745A BB70 
 108 01bb C60F 743C 		.ascii	"\306\017t<\312\3302\200uoH;\n4C\006\376\376\n\2728>Y\326\336"
 108      CAD8 3280 
 108      756F 483B 
 108      0A34 4306 
 108      FEFE 0ABA 
 109 01d4 675B 1E61 		.ascii	"g[\036a#\370\267g\353\273\235\245\214}]\314\230N88d\230\203:"
 109      23F8 B767 
 109      EBBB 9DA5 
 109      8C7D 5DCC 
 109      984E 3838 
 110 01ec D069 4686 		.ascii	"\320iF\206\017\302M\314\346QX\216\247\317\227T]\267j\237$\310"
 110      0FC2 4DCC 
 110      E651 588E 
 110      A7CF 9754 
 110      5DB7 6A9F 
 111 0202 59F1 E323 		.ascii	"Y\361\343#'\355\202;:\263\304\304\333\022\343=\206\274-f\336"
 111      27ED 823B 
 111      3AB3 C4C4 
 111      DB12 E33D 
 111      86BC 2D66 
 112 0217 56CE DB5B 		.ascii	"V\316\333[Z\323\242k\237%\340\335\3225]\247j>\276\333\267\377"
 112      5AD3 A26B 
 112      9F25 E0DD 
 112      D235 5DA7 
 112      6A3E BEDB 
 113 022d C44C 3266 		.ascii	"\304L2f;\335\016\026\234v?i:(\247\032NwVl\3759Y\013\020R\033"
 113      3BDD 0E16 
 113      9C76 3F69 
 113      3A28 A71A 
 113      4E77 566C 
 114 0248 BAD2 7BC3 		.ascii	"\272\322{\303\212\231\005;J\005\263\301)\260+\242\022ld\031("
 114      8A99 053B 
 114      4A05 B3C1 
 114      29B0 2BA2 
 114      126C 6419 
 115 025d B10C D1BA 		.ascii	"\261\f\321\272\002'\021z\032\213P\301\020\363\b\370*2\016nn\252"
 115      0227 117A 
 115      1A8B 50C1 
 115      10F3 08F8 
 115      2A32 0E6E 
 116 0273 D484 019D 		.ascii	"\324\204\001\235.\315\331\313?Z\265\257\310\200\276or\373i;\031"
 116      2ECD D9CB 
 116      3F5A B5AF 
 116      C880 BE6F 
 116      72FB 693B 
 117 0288 4842 7192 		.ascii	"HBq\222\2053\220\244|#,D\342\026\340,\326\232\266\024\350Fx\217"
 117      8533 90A4 
 117      7C23 2C44 
 117      E216 E02C 
 117      D69A B614 
 118 02a0 6164 115F 		.ascii	"ad\021_<`\\1\205\246\320\305\2036\356ZYq\345\024hE\300C\037\213"
 118      3C60 5C31 
 118      85A6 D0C5 
 118      8336 EE5A 
 118      5971 E514 
 119 02ba 5C5C AB6D 		.ascii	"\\\\\253m\025\372\331\271\377\242i\302-\025\2473\217\313\373"
 119      15FA D9B9 
 119      FFA2 69C2 
 119      2D15 A733 
 119      8FCB FB
 120 02cd 556D 87D8 		.ascii	"Um\207\330kl\271o\325*\204^:V_d\321\366\363IR\303t\371;\2608"
 120      6B6C B96F 
 120      D52A 845E 
 120      3A56 5F64 
 120      D1F6 F349 
 121 02e8 530C E7F7 		.ascii	"S\f\347\367\342\272\22400\345\342\002,\246J\301\025t\371\"dB"
 121      E2BA 9430 
 121      30E5 E202 
 121      2CA6 4AC1 
 121      1574 F922 
 122 02fe 3FCA 1F28 		.ascii	"?\312\037(\203(\227Q\006 \223\373VMQ\216t|\273\242\266\204\225"
 122      8328 9751 
 122      0620 93FB 
 122      564D 518E 
 122      747C BBA2 
 123 0315 2FE5 9E9F 		.ascii	"/\345\236\237\307\"\323\361U\"h\227\203\257^\302C\253\034\306"
 123      C722 D3F1 
 123      5522 6897 
 123      83AF 5EC2 
 123      43AB 1CC6 
 124 0329 8968 F36B 		.ascii	"\211h\363k\022\335\227\020\375\033\304\341?\031\360\337\023\302"
 124      12DD 9710 
 124      FD1B C4E1 
 124      3F19 F0DF 
 124      13C2 
 125 033b DF8A A38F 		.ascii	"\337\212\243\217\023\032\353\006\235\022\335\00118=\026\202\237"
 125      131A EB06 
 125      9D12 DD01 
 125      3138 3D16 
 125      829F 
 126 034d 30B1 B718 		.ascii	"0\261\267\030\354\347\022\262w\030pLU\307.\225Uk\364\0209x\265"
 126      ECE7 12B2 
 126      7718 704C 
 126      55C7 2E95 
 126      556B F410 
 127 0364 01C6 B499 		.ascii	"\001\306\264\231\234h\253\201\315\2544\2153\364&\344\215r^^\373"
 127      9C68 AB81 
 127      CDAC 348D 
 127      33F4 26E4 
 127      8D72 5E5E 
 128 0379 68D5 12A6 		.ascii	"h\325\022\246\022L\221O]\324^\277\332\367\260Z\205Lgz\246 \336"
 128      124C 914F 
 128      5DD4 5EBF 
 128      DAF7 B05A 
 128      854C 677A 
 129 0390 1BDE CCA2 		.ascii	"\033\336\314\242]\300#iG\342k\220\376\252\017\202q\217\207\341"
 129      5DC0 2369 
 129      47E2 6B90 
 129      FEAA 0F82 
 129      718F 87E1 
 130 03a4 6D44 8099 		.ascii	"mD\200\231\262l\276z\023\t\325\373O\254\367U\364\353"
 130      B26C BE7A 
 130      1309 D5FB 
 130      4FAC F755 
 130      F4EB 
 131 03b6 7ABC BE32 		.string	"z\274\2762\342\246\225\302\267y\315\321s\335^yX\327:\371\rS\007g\272\377\266B\272s\036[\3
 131      E2A6 95C2 
 131      B779 CDD1 
 131      73DD 5E79 
 131      58D7 3AF9 
 132 04b7 63F6 0CCE 		.ascii	"c\366\f\3169\211o\366/z\0350\005\311\374?8~\021\274m[Q\215\305"
 132      3989 6FF6 
 132      2F7A 1D30 
 132      05C9 FC3F 
 132      387E 11BC 
 133 04d0 0CBE FD02 		.ascii	"\f\276\375\002xZ\202\351\233\354\365\344e\007=\241\354p\320\023"
 133      785A 82E9 
 133      9BEC F5E4 
 133      6507 3DA1 
 133      EC70 D013 
 134 04e4 D037 79DC 		.ascii	"\3207y\334\005\266\217>\376t\331\007k\326(\326p\276/\364vvh\251"
 134      05B6 8F3E 
 134      FE74 D907 
 134      6BD6 28D6 
 134      70BE 2FF4 
 135 04fc 2B1C 0CB8 		.ascii	"+\034\f\270\274\3719.\367\306\200+\337\227\353\r\347y\\\301P"
 135      BCF9 392E 
 135      F7C6 802B 
 135      DF97 EB0D 
 135      E779 5CC1 
 136 0511 1E6E 67AD 		.ascii	"\036ng\255WR\277\b\273}\241\360\006\0272e\345*v\203\260 '\215"
 136      5752 BF08 
 136      BB7D A1F0 
 136      0617 3265 
 136      E52A 7683 
 137 0529 D470 619E 		.ascii	"\324pa\236;\344\341\364Z\300\275\311\026\360\240\266\321\223"
 137      3BE4 E1F4 
 137      5AC0 BDC9 
 137      16F0 A0B6 
 137      D193 
 138 053b 67C9 7EDF 		.ascii	"g\311~\337\357\367\352\005n\237\333\232\353\337P\350\017z\026"
 138      EFF7 EA05 
 138      6E9F DB9A 
 138      EBDF 50E8 
 138      0F7A 16
 139 054e 0673 037E 		.ascii	"\006s\003~\2577\333\353\317-H\312u\027\006\271f\363\2057p\345"
 139      AF37 DBEB 
 139      CF2D 48CA 
 139      7517 06B9 
 139      66F3 8537 
 140 0564 0543 EB15 		.ascii	"\005C\353\025\013\261\207RL6\nrRi\226\357\313\017e\027\372\003"
 140      0BB1 8752 
 140      4C36 0A72 
 140      5269 96EF 
 140      CB0F 6517 
 141 057a A1A0 55FA 		.ascii	"\241\240U\372\362?T\324\332n"
 141      F23F 54D4 
 141      DA6E 
 142               		.text
 143               		.section	.gnu.lto_.symtab.cbcab6cc91207bac,"",@progbits
 144 0000 6C65 645F 		.string	"led_set_user"
 144      7365 745F 
 144      7573 6572 
 144      00
 145 000d 00        		.string	""
 146 000e 01        		.ascii	"\001"
 147 000f 00        		.string	""
 148 0010 00        		.string	""
 149 0011 00        		.string	""
 150 0012 00        		.string	""
 151 0013 00        		.string	""
 152 0014 00        		.string	""
 153 0015 00        		.string	""
 154 0016 00        		.string	""
 155 0017 00        		.string	""
 156 0018 B300      		.string	"\263"
 157 001a 00        		.string	""
 158 001b 00        		.string	""
 159 001c 6C65 645F 		.string	"led_set_kb"
 159      7365 745F 
 159      6B62 00
 160 0027 00        		.string	""
 161 0028 01        		.ascii	"\001"
 162 0029 00        		.string	""
 163 002a 00        		.string	""
 164 002b 00        		.string	""
 165 002c 00        		.string	""
 166 002d 00        		.string	""
 167 002e 00        		.string	""
 168 002f 00        		.string	""
 169 0030 00        		.string	""
 170 0031 00        		.string	""
 171 0032 B600      		.string	"\266"
 172 0034 00        		.string	""
 173 0035 00        		.string	""
 174 0036 6C65 645F 		.string	"led_update_user"
 174      7570 6461 
 174      7465 5F75 
 174      7365 7200 
 175 0046 00        		.string	""
 176 0047 01        		.ascii	"\001"
 177 0048 00        		.string	""
 178 0049 00        		.string	""
 179 004a 00        		.string	""
 180 004b 00        		.string	""
 181 004c 00        		.string	""
 182 004d 00        		.string	""
 183 004e 00        		.string	""
 184 004f 00        		.string	""
 185 0050 00        		.string	""
 186 0051 DE00      		.string	"\336"
 187 0053 00        		.string	""
 188 0054 00        		.string	""
 189 0055 6C65 645F 		.string	"led_update_kb"
 189      7570 6461 
 189      7465 5F6B 
 189      6200 
 190 0063 00        		.string	""
 191 0064 01        		.ascii	"\001"
 192 0065 00        		.string	""
 193 0066 00        		.string	""
 194 0067 00        		.string	""
 195 0068 00        		.string	""
 196 0069 00        		.string	""
 197 006a 00        		.string	""
 198 006b 00        		.string	""
 199 006c 00        		.string	""
 200 006d 00        		.string	""
 201 006e E100      		.string	"\341"
 202 0070 00        		.string	""
 203 0071 00        		.string	""
 204 0072 6C65 645F 		.string	"led_init_ports"
 204      696E 6974 
 204      5F70 6F72 
 204      7473 00
 205 0081 00        		.string	""
 206 0082 01        		.ascii	"\001"
 207 0083 00        		.string	""
 208 0084 00        		.string	""
 209 0085 00        		.string	""
 210 0086 00        		.string	""
 211 0087 00        		.string	""
 212 0088 00        		.string	""
 213 0089 00        		.string	""
 214 008a 00        		.string	""
 215 008b 00        		.string	""
 216 008c E500      		.string	"\345"
 217 008e 00        		.string	""
 218 008f 00        		.string	""
 219 0090 6C65 645F 		.string	"led_set"
 219      7365 7400 
 220 0098 00        		.string	""
 221 0099 01        		.ascii	"\001"
 222 009a 00        		.string	""
 223 009b 00        		.string	""
 224 009c 00        		.string	""
 225 009d 00        		.string	""
 226 009e 00        		.string	""
 227 009f 00        		.string	""
 228 00a0 00        		.string	""
 229 00a1 00        		.string	""
 230 00a2 00        		.string	""
 231 00a3 E800      		.string	"\350"
 232 00a5 00        		.string	""
 233 00a6 00        		.string	""
 234               		.text
 235               		.section	.gnu.lto_.opts,"",@progbits
 236 0000 272D 666D 		.ascii	"'-fmath-errno' '-fsigned-zeros' '-ftrapping-math' '-fno-trap"
 236      6174 682D 
 236      6572 726E 
 236      6F27 2027 
 236      2D66 7369 
 237 003c 7627 2027 		.ascii	"v' '-fno"
 237      2D66 6E6F 
 238 0044 2D6F 7065 		.string	"-openmp' '-fno-openacc' '-mn-flash=1' '-mno-skip-bug' '-mmcu=avr5' '-gdwarf-2' '-Os' '-We
 238      6E6D 7027 
 238      2027 2D66 
 238      6E6F 2D6F 
 238      7065 6E61 
 239               		.text
 240               		.comm	__gnu_lto_v1,1,1
 241               		.comm	__gnu_lto_slim,1,1
 242               		.ident	"GCC: (GNU) 5.4.0"
DEFINED SYMBOLS
                            *ABS*:0000000000000000 led.c
     /tmp/ccTLVMwN.s:2      *ABS*:000000000000003e __SP_H__
     /tmp/ccTLVMwN.s:3      *ABS*:000000000000003d __SP_L__
     /tmp/ccTLVMwN.s:4      *ABS*:000000000000003f __SREG__
     /tmp/ccTLVMwN.s:5      *ABS*:0000000000000000 __tmp_reg__
     /tmp/ccTLVMwN.s:6      *ABS*:0000000000000001 __zero_reg__
                            *COM*:0000000000000001 __gnu_lto_v1
                            *COM*:0000000000000001 __gnu_lto_slim

NO UNDEFINED SYMBOLS
