   1               		.file	"led_tables.c"
   2               	__SP_H__ = 0x3e
   3               	__SP_L__ = 0x3d
   4               	__SREG__ = 0x3f
   5               	__tmp_reg__ = 0
   6               	__zero_reg__ = 1
   7               		.text
   8               	.Ltext0:
   9               		.section	.gnu.lto_.profile.9de44b9432f8cda8,"",@progbits
  10 0000 789C 6361 		.string	"x\234ca`\004B "
  10      6004 4220 
  10      00
  11 0009 00        		.string	""
  12 000a 00        		.string	""
  13 000b 3900      		.string	"9"
  14 000d 07        		.ascii	"\007"
  15               		.text
  16               		.section	.gnu.lto_.icf.9de44b9432f8cda8,"",@progbits
  17 0000 789C 6361 		.string	"x\234ca`d"
  17      6064 00
  18 0007 010E 0604 		.string	"\001\016\006\004`d\270\325\271y\0027\003"
  18      6064 B8D5 
  18      B979 0237 
  18      0300 
  19 0015 0DA9 02C0 		.ascii	"\r\251\002\300"
  20               		.text
  21               		.section	.gnu.lto_.jmpfuncs.9de44b9432f8cda8,"",@progbits
  22 0000 789C 6361 		.string	"x\234ca`d"
  22      6064 00
  23 0007 0126 0664 		.string	"\001&\006d"
  23      00
  24 000c 00        		.string	""
  25 000d 00        		.string	""
  26 000e 9E00      		.string	"\236"
  27 0010 08        		.ascii	"\b"
  28               		.text
  29               		.section	.gnu.lto_.inline.9de44b9432f8cda8,"",@progbits
  30 0000 789C 6361 		.string	"x\234ca`d"
  30      6064 00
  31 0007 0126 0664 		.string	"\001&\006d"
  31      00
  32 000c 00        		.string	""
  33 000d 00        		.string	""
  34 000e 9E00      		.string	"\236"
  35 0010 08        		.ascii	"\b"
  36               		.text
  37               		.section	.gnu.lto_.pureconst.9de44b9432f8cda8,"",@progbits
  38 0000 789C 6361 		.string	"x\234ca`\004B "
  38      6004 4220 
  38      00
  39 0009 00        		.string	""
  40 000a 00        		.string	""
  41 000b 3900      		.string	"9"
  42 000d 07        		.ascii	"\007"
  43               		.text
  44               		.section	.gnu.lto_CIE1931_CURVE.9de44b9432f8cda8,"",@progbits
  45 0000 789C 5598 		.string	"x\234U\230\327w\\\311q\306\247Hn\320\256\264+\311\222#m\331\262\242\223\254\225%\257\363\
  45      D777 5CC9 
  45      71C6 A748 
  45      6ED0 AEB4 
  45      2BC9 9223 
  46 002f 8844 E444 		.ascii	"\210D\344D\004\002 r \200\031\344\234s\034\"\347\f\"\f0H\027"
  46      0402 2072 
  46      2080 19E4 
  46      9C73 1C22 
  46      E70C 220C 
  47 0046 F0D7 5D35 		.ascii	"\360\327]5W={\316\357\024\353\024\356\334\276\335\325\365}g\237"
  47      573D 7BCE 
  47      EF14 EB14 
  47      EEDC BEDD 
  47      D5F5 7D67 
  48 005b 38C8 A1FE 		.ascii	"8\310\241\376\373\371w\035\362/\207\303zD\225\241\233%\037{\037"
  48      FBF9 771D 
  48      F22F 87C3 
  48      7A44 95A1 
  48      9B25 1F7B 
  49 0070 853E 76D0 		.ascii	"\205>v\320\003\2319q\036\343\215\032\371*\327-\225\317\037L\016"
  49      0399 3971 
  49      1EE3 8D1A 
  49      F92A D72D 
  49      95CF 1F4C 
  50 0085 7DCA F57B 		.ascii	"}\312\365{\225\357\236\271\033\345\371\233\200\277'\376\373S"
  50      95EF 9EB9 
  50      1BE5 F99B 
  50      80BF 27FE 
  50      FB53 
  51 0097 674C B83C 		.ascii	"gL\270<\177\245\362\301\305\253\265\217\270~\247\362\311\371"
  51      7FA5 F2C1 
  51      C5AB B58F 
  51      B87E A7F2 
  51      C9F9 
  52 00a9 AA6F 73F9 		.ascii	"\252os\371B\245w\261\371\356O\270|\253\362\375\365\2407\217\271"
  52      42A5 77B1 
  52      F9EE 4FB8 
  52      7CAB F2FD 
  52      F5A0 378F 
  53 00be 7E1E F03A 		.ascii	"~\036\360:\342\327\205\305\257\347\177\306\365\023\275\374\201"
  53      E2D7 85C5 
  53      AFE7 7FC6 
  53      F513 BDFC 
  53      81
  54 00cf D03E E2FA 		.ascii	"\320>\342\372\265\312\2532Wj\237p\3758`9\304\313i\310?,\371\200"
  54      B5CA AB32 
  54      576A 9F70 
  54      FD38 6039 
  54      C4CB 69C8 
  55 00e7 EB07 2A5F 		.ascii	"\353\007*_\336x\335-\317\373T\356\213kZ\370\204\353{*o.sy\036"
  55      DE78 DD2D 
  55      CFFB 54EE 
  55      8B6B 5AF8 
  55      84EB 7B2A 
  56 0100 71FD 52E5 		.ascii	"q\375R\345\035\256\240fy\377\216\3719\304\237\323\035\334\374"
  56      1DAE A066 
  56      79FF 8EF9 
  56      39C4 9FD3 
  56      1DDC FC
  57 0113 6BAE 6EAA 		.ascii	"k\256n\252\264%u\364\346\t\227\275*\237(_\223\362z\300\307\022"
  57      B425 75F4 
  57      E609 97BD 
  57      2A9F 285F 
  57      93F2 7AC0 
  58 0129 7FEC FE69 		.ascii	"\177\354\376i^\361G\\_\321/\273_O\223\275?SyY\250'\344+\\_Ry"
  58      5EF1 475C 
  58      5FD1 2FBB 
  58      5F4F 93BD 
  58      3F53 7959 
  59 0145 CA7A 7FF9 		.ascii	"\312z\177\371g\\?Uy\316m\315\377ry!`\257\210\367\252.,g\344S"
  59      675C 3F55 
  59      79CE 6DCD 
  59      FF72 7921 
  59      60AF 88F7 
  60 015f AECF EBA3 		.ascii	"\256\317\353\243\255N\254\372\200\353\357U\3368\332\235+\337"
  60      AD4E ACFA 
  60      80EB EF55 
  60      DE38 DA9D 
  60      2BDF 
  61 0171 3E1B B097 		.ascii	">\033\260\227\304{Y\355\314\253'\256O\253\374x\354\242X\352G"
  61      C47B 59ED 
  61      CCAB 27AE 
  61      4FAB FC78 
  61      ECA2 58EA 
  62 0186 2A77 D7B6 		.ascii	"*w\327\266\356\312\331M\250\374\322\325\366\023.\037\352\255"
  62      EECA D94D 
  62      A8FC D2D5 
  62      F613 2E1F 
  62      EAAD 
  63 0198 2ADC F831 		.ascii	"*\334\3701W\307\002N\202\370$2\3272\374\0377\242r\327\231\323"
  63      57C7 024E 
  63      82F8 2432 
  63      D732 FC1F 
  63      37A2 72D7 
  64 01ae 2927 BFAF 		.ascii	")'\277\257\362\325\325\266\231\257q}(\340\244\210O\252\2773w"
  64      F2D5 D5B6 
  64      99AF 717D 
  64      28E0 A488 
  64      4FAA BF33 
  65 01c3 56EA 032A 		.ascii	"V\352\003*\237I<\214\225\223\335Uy\370\314d\2344no\300I\022\237"
  65      9F49 3C8C 
  65      9593 DD55 
  65      79F8 CC64 
  65      9C34 6E6F 
  66 01db 6454 F27D 		.ascii	"dT\362}\207\274\277[\345\257\367\366N\244q\267U\2768\375n\353"
  66      87BC BF5B 
  66      E5AF F7F6 
  66      4EA4 71B7 
  66      55BE 38FD 
  67 01f1 73AE 77AA 		.ascii	"s\256w\252\374\335\330J\207\254oK\357Vs\310\221tF\273\331\n\304"
  67      FCDD D84A 
  67      87AC 6F4B 
  67      EF56 73C8 
  67      9174 46BB 
  68 0208 ADF0 FA3A 		.ascii	"\255\360\372:\354H\032\257U\345\321\356\216\262\017\271\276\241"
  68      EC48 1AAF 
  68      55E5 D1EE 
  68      8EB2 0FB9 
  68      BEA1 
  69 021a 1B2D 6967 		.ascii	"\033-igJ6\267\331l\025\342V\031v\037\304\313\265r\353\257\315"
  69      4A36 B7D9 
  69      6C15 E256 
  69      1976 1FC4 
  69      CBB5 72EB 
  70 0230 3ACB FB9C 		.ascii	":\313\373\234\353k*\037Xh\034\225\2677\350\263X:m\227\326Y\325"
  70      EB6B 2A1F 
  70      5868 1C95 
  70      B737 E8B3 
  70      583A 6D97 
  71 0247 7D9E 76ED 		.ascii	"}\236v\355\224\237\177\033\320j\304\255\266v\260\221*\273S\253"
  71      949F 7F1B 
  71      D06A C4AD 
  71      B676 B091 
  71      2ABB 53AB 
  72 025b F2B6 CADB 		.ascii	"\362\266\312\333]\2717\313*\2578\336\372o.W\007t\"q'&\334\016"
  72      5DB9 37CB 
  72      2AAF 38DE 
  72      FA6F 2E57 
  72      0774 2271 
  73 0273 254B EB54 		.ascii	"%K\353T\252\374\260\261\300#\257_\324\313\211\217h\221\237/7"
  73      AAFC B0B1 
  73      C023 AF5F 
  73      D4CB 898F 
  73      6891 9F2F 
  74 0288 3B95 B853 		.ascii	";\225\270Sg\267\363{e\365\245*_oH\312\224\213\361N?\036\331\020"
  74      67B7 F37B 
  74      65F5 A52A 
  74      5F6F 48CA 
  74      948B F14E 
  75 02a0 25B7 BA44 		.ascii	"%\267\272D\345\245\323a+\262\367\036\225\247EM\377\212\313E\001"
  75      E5A5 D361 
  75      2BB2 F71E 
  75      95A7 454D 
  75      FF8A CB45 
  76 02b5 8D4E DCE8 		.ascii	"\215N\334\350\227C\356\\\331\274B\225\007w\034LK\353\315\351"
  76      9743 EE5C 
  76      D9BC 4295 
  76      0777 1C4C 
  76      4BEB CDE9 
  77 02c9 5688 F4F5 		.ascii	"V\210\364\365\310\352\363\003.\002\361E\250\231\270\b\222\306"
  77      C8EA F303 
  77      2E02 F145 
  77      A899 B808 
  77      92C6 
  78 02db CE53 79C9 		.ascii	"\316Sy\311q\335\204\f\205\031\225[+qqros\003.\n\361E\271\367"
  78      71DD 840C 
  78      8519 955B 
  78      2B71 7172 
  78      6F73 032E 
  79 02f4 8EAF CAF3 		.ascii	"\216\257\312\363\331\272\325W\252Cds\247tk\325\244\273e}\231"
  79      D9BA D557 
  79      AA43 6473 
  79      A774 6BD5 
  79      A4BB 657D 
  80 0309 2AEF 4A0F 		.ascii	"*\357J\017\222\2133\251\322\243\272\306#\351\354\364\200{F|\317"
  80      928B 33A9 
  80      D2A3 BAC6 
  80      23E9 ECF4 
  80      807B 467C 
  81 031e 0682 638A 		.ascii	"\006\202c\212\344\361T\225/%vdIk\215\253\374\332\227\351\223"
  81      E4F1 5495 
  81      2F25 7664 
  81      496B 8DAB 
  81      FCDA 97E9 
  82 0333 D64B 362F 		.ascii	"\326K6/\"\361E\034Nv\375\202\253/UZ\233\275\024-\2351\252\033"
  82      22F1 451C 
  82      4E76 FD82 
  82      AB2F 555A 
  82      9BBD 142D 
  83 034b 35BD 3E47 		.ascii	"5\275>G:'1\340\236\022\337\323\373\364\375\032\231*\361z\265"
  83      3A27 31E0 
  83      9E12 DFD3 
  83      FBF4 FD1A 
  83      992A F17A 
  84 0360 D911 05B2 		.ascii	"\331\021\005\2629\303\372^\244u9\345^\275\b\270\307\304\367\270"
  84      39C3 FA5E 
  84      A475 39E5 
  84      5EBD 08B8 
  84      C7C4 F7B8 
  85 0374 FDE4 3056 		.ascii	"\375\3440VV\037\253\362\344\253\331&\371\272A\225\207l\036\217"
  85      561F ABF2 
  85      E4AB D926 
  85      F9BA 4195 
  85      876C 1E8F 
  86 0388 CAEF 4707 		.ascii	"\312\357G\007\334s\342{\336r\275\177+\365(\225\247\206Ln\313"
  86      DC73 E27B 
  86      DE72 BD7F 
  86      2BF5 2895 
  86      A786 4C6E 
  87 039d FBFB 75AB 		.ascii	"\373\373u\253\216\364-\312\346G\250\274\3578\336%\353\357\323"
  87      8EF4 2DCA 
  87      E647 A8BC 
  87      EF38 DE25 
  87      EBEF D3
  88 03b0 7322 2629 		.ascii	"s\"&)S\016/<`N\020\317\t__\253O~?T\345E\327\325\226\034^\217"
  88      530E 2F3C 
  88      604E 10CF 
  88      095F 5FAB 
  88      4F7E 3F54 
  89 03cc CA83 46C2 		.ascii	"\312\203F\302S\345t\236\005\314\021\3429\342\013M\215\376\220"
  89      53E5 749E 
  89      05CC 11E2 
  89      39E2 0B4D 
  89      8DFE 90
  90 03df EBC1 5A10 		.ascii	"\353\301Z\020\223c3\245\271\272T^\277=\320+\315\347\f\2303\304"
  90      9363 33A5 
  90      B9BA 545E 
  90      BF3D D02B 
  90      CDE7 0C98 
  91 03f5 7366 F160 		.ascii	"sf\361`!C\256\316\275\022p\347B\345\205\254\257C\325\247*\036"
  91      2143 AECE 
  91      BD12 70E7 
  91      42E5 85AC 
  91      AF43 D5A7 
  92 040b DAE5 FB2C 		.ascii	"\332\345\373,\2079\207\210\347P\301\373\334M\271[\267\252\236"
  92      8739 8788 
  92      E750 C1FB 
  92      DC4D B95B 
  92      B7AA 9E
  93 041e 799B 902A 		.ascii	"y\233\220*\317\267\251zo\304\221S\326\177\3430\007\025\361\240"
  93      CFB7 A97A 
  93      6FC4 9153 
  93      D67F E330 
  93      0715 F1A0 
  94 0432 8A58 0B9F 		.ascii	"\212X\013\237\222\365]\251z\342\300\376\211\254\257E\325\027"
  94      92F5 5DA9 
  94      7AE2 C0FE 
  94      89AC AF45 
  94      D517 
  95 0444 52B7 2AA5 		.ascii	"R\267*\245?|\016s\220\021\017\262\346\270\354\021y\377\205^\337"
  95      3F7C 0E73 
  95      9011 0FB2 
  95      E6B8 EC11 
  95      79FF 855E 
  96 0459 F6D2 6FB8 		.ascii	"\366\322o\270\334\244\312\317\306\317\275~\301w\230\203\216x"
  96      DCA4 CACF 
  96      C6CF BD7E 
  96      C177 9883 
  96      8E78 
  97 046b D0A5 F9DE 		.ascii	"\320\245\371\336\016H\373\234\251\372\320\201\025'\307\357R\365"
  97      0E48 FB9C 
  97      A9FA D081 
  97      1527 C7EF 
  97      52F5 
  98 047d 873D 4FBE 		.ascii	"\207=O\276\324OT=-2R4\251Q\357\2767lEV\367\336a\316I\34299\030"
  98      D44F 543D 
  98      2D32 5234 
  98      A951 EFBE 
  98      376C 4556 
  99 049a 9994 275F 		.ascii	"\231\224'_\177\244\352\223G]e\362\363\365\252\036\037\022\366"
  99      7FA4 EA93 
  99      475D 65F2 
  99      F3F5 AA1E 
  99      1F12 F6
 100 04ad 2D2E 1F3A 		.ascii	"-.\037:\3141J<F\373\253\217\267\245y\016T\335\272\253\317\226"
 100      CC31 4A3C 
 100      46FB AB8F 
 100      B7A5 790E 
 100      54DD BAAB 
 101 04c3 CDA9 D3CD 		.ascii	"\315\251\323\315\2212<\"\257\337s\230c\226x\314.\346%\025\312"
 101      9132 3C22 
 101      AFDF 7398 
 101      6396 78CC 
 101      2EE6 2515 
 102 04d8 60DB 55F5 		.ascii	"`\333U\365\246\334\342\3272\271j\264HV\2778\226\372\266\303\030"
 102      A6DC E2D7 
 102      32B9 6AB4 
 102      4856 BF38 
 102      96FA B6C3 
 103 04ed C3C4 6338 		.ascii	"\303\304c8\251)vE>~K\225\247_\245\254\312\343U\372\353\362/;"
 103      A929 7645 
 103      3E7E 4B95 
 103      A75F A5AC 
 103      CAE3 55FA 
 104 0505 E5E6 6F3A 		.ascii	"\345\346o:\3141M<\246[=a\233\322\233\353\252>X=\353\327\264\n"
 104      CC31 4D3C 
 104      A65B 3D61 
 104      9BD2 9BEB 
 104      AA3E 583D 
 105 051d 55EF DC5F 		.ascii	"U\357\334_\214\227\347\327\034\346\030'\036\343\313\351SG\362"
 105      8C97 E7D7 
 105      1CE6 1827 
 105      1EE3 CBE9 
 105      5347 F2
 106 0530 FE15 552F 		.ascii	"\376\025U/\177\347^\226\273W\246{\257\247\241\374\021\327\227"
 106      7FE7 5E96 
 106      BB57 A67B 
 106      AFA7 A1FC 
 106      11D7 97
 107 0543 1DE6 9C27 		.ascii	"\035\346\234'\236\363\336\213\272T\271[K\252\276\235\272T/\353"
 107      9EF3 DE8B 
 107      BA54 B95B 
 107      4BAA BE9D 
 107      BA54 2FEB 
 108 0557 7BA3 EA6F 		.ascii	"{\243\352oJ7gd\373\026\034\246\016\020\353@\316\374u\225\274"
 108      4A37 6764 
 108      FB16 1CA6 
 108      0E10 EB40 
 108      CEFC 7595 
 109 056c FF9D AA9F 		.ascii	"\377\235\252\237\027\327d\313\372\212\365\351\247\336\370\335"
 109      17D7 64CB 
 109      FA8A F5E9 
 109      A7DE F8DD 
 110 057c 9EC7 61E8 		.ascii	"\236\307a\350\004\261N4\254\275l\223\307\347U\271(gjZz\357\265"
 110      04B1 4E34 
 110      ACBD 6C93 
 110      C7E7 55B9 
 110      2867 6A5A 
 111 0593 9EC3 ABB5 		.ascii	"\236\303\253\265\367\262\374Y\207\251#\304:\262V\230\230$\317"
 111      F7B2 FC59 
 111      87A9 23C4 
 111      3AB2 5698 
 111      9824 CF
 112 05a6 CFA8 FAF3 		.ascii	"\317\250\372\363\232\363B\271:\005\272;*\023\226e\264M;L\235"
 112      9AF3 42B9 
 112      3A05 BA3B 
 112      2A13 9665 
 112      B44D 3B4C 
 113 05bb 21D6 198F 		.ascii	"!\326\031\217\333\331\"\2377\3450u\206Xg\272\327*\313\244>\241"
 113      DBD9 229F 
 113      37E5 3075 
 113      8658 67BA 
 113      D72A CBA4 
 114 05d1 EAE3 0B93 		.ascii	"\352\343\013\223\225\322]\257\364\325\337~\025\"\277?\3560u\210"
 114      95D2 5DAF 
 114      F4D5 DF7E 
 114      1522 BF3F 
 114      EE30 7588 
 115 05e5 5887 DC69 		.ascii	"X\207\334i\341\377\305\3451UN\256k|#\335\221\243\375\337J\357"
 115      E1FF C5E5 
 115      3155 4EAE 
 115      6B7C 23DD 
 115      91A3 FDDF 
 116 05fb FF70 79D4 		.ascii	"\377py\324a\252\024\261J\035\264\026w\310\333GT}*%\372A~=K\325"
 116      61AA 14B1 
 116      4A1D B416 
 116      77C8 DB47 
 116      547D 2A25 
 117 0615 C726 7CD9 		.ascii	"\307&|\331rs\207\035\246\212\021\253XYT\354\204\030\246AU\357"
 117      7273 871D 
 117      A68A 11AB 
 117      5859 54EC 
 117      8418 A641 
 118 062b 3C98 2B95 		.ascii	"<\230+\225\303\317\320B\261\342\263\244>\3400e\216X\346\236\367"
 118      C3CF D042 
 118      B1E2 B3A4 
 118      3EE0 3065 
 118      8E58 E69E 
 119 0640 BCED 95DF 		.ascii	"\274\355\225\337\357W\365\326dw\2424W\232\2660\321q\243r:}\016"
 119      EF57 F5D6 
 119      6477 A234 
 119      579A B630 
 119      D171 A372 
 120 0657 5306 8965 		.ascii	"S\006\211epu\247vC\356f\257\252\357\024\276\030\220\301\234\242"
 120      7075 A776 
 120      43EE 66AF 
 120      AAEF 14BE 
 120      1890 C19C 
 121 066c 5DC1 70E5 		.ascii	"]\301p\345\264\354^\217\303\224Ib\231\314\\\351\\\366\033B\207"
 121      B4EC 5E8F 
 121      C394 4962 
 121      99CC 5CE9 
 121      5CF6 1B42 
 122 0681 A193 C43A 		.ascii	"\241\223\304:y6\275_#\313\357R\345\375\266\260M9\234$\355i\232"
 122      7936 BD5F 
 122      23CB EF52 
 122      E5FD B6B0 
 122      4D39 9C24 
 123 0698 CFDC B2BC 		.ascii	"\317\334\262\274N\207\251\243\304:\352r\226-\311\353;T\375\246"
 123      4E87 A9A3 
 123      C43A EA72 
 123      962D C9EB 
 123      3B54 FDA6 
 124 06ac E4AA 5954 		.ascii	"\344\252YT;A7\347qi\203L\246v\207\251\263\304:\273\376,\301)"
 124      3B41 37E7 
 124      7169 834C 
 124      A676 87A9 
 124      B3C4 3ABB 
 125 06c4 CFFF 876A 		.ascii	"\317\377\207j\375\356\342sy}\234\376\371\270\326\013Y\336\277"
 125      FDEE E273 
 125      797D 9CFE 
 125      F9B8 D60B 
 125      59DE BF
 126 06d7 9B2A 4CAC 		.ascii	"\233*L\254\302a%\213\375\2629\377f\2120\261\b\277x\266\374\177"
 126      C261 258B 
 126      FDB2 39FF 
 126      668A 30B1 
 126      08BF 78B6 
 127 06ed 5CFD 5735 		.ascii	"\\\375W5\342\027\207\333\244oc\364\303c/\367d\244\377\213\251"
 127      E217 87DB 
 127      A46F 63F4 
 127      C363 2FF7 
 127      64A4 FF8B 
 128 0702 D0C4 0A5D 		.ascii	"\320\304\n]\353\271\232\223\241\365\317H\033\013v\362\244\374"
 128      EBB9 9A93 
 128      A1F5 CF48 
 128      1B0B 76F2 
 128      A4FC 
 129 0714 5CB7 5DCF 		.ascii	"\\\267]\317n\276l\314?\231\372M\254\337\305\333\231~?\360\245"
 129      6EBE 6CCC 
 129      3F99 FA4D 
 129      ACDF C5DB 
 129      997E 3FF0 
 130 0729 EAE9 D4ED 		.ascii	"\352\351\324\355W\322\225\221z$-\264D\310\225\376GS\335\211\325"
 130      57D2 9591 
 130      7A24 2DB4 
 130      44C8 95FE 
 130      4753 DD89 
 131 073e 7DF9 E5CD 		.ascii	"}\371\345\315\244\224\177a\212;\261\270\257L\357dJO\375\\\375"
 131      A494 7F61 
 131      8A3B B1B8 
 131      AF4C EF64 
 131      4A4F FD5C 
 132 0753 D866 CF9C 		.ascii	"\330f\317\234|X\230*\317\215\257\377'W\377\3012\224\237X\371"
 132      7C58 982A 
 132      CF8D AFFF 
 132      2757 FFC1 
 132      3294 9F58 
 133 0768 130E DE8F 		.ascii	"\023\016\336\217\311\236\375\fiLA\355\013\351\227\020U~\273\035"
 133      C99E FD0C 
 133      694C 41ED 
 133      0BE9 9710 
 133      557E BB1D 
 134 077c E917 D22F 		.ascii	"\351\027\322/,\303\027\020\373\002\333\007\020\373\200\274\266"
 134      2CC3 1710 
 134      FB02 DB07 
 134      10FB 80BC 
 134      B6
 135 078d D1DF F25F 		.ascii	"\321\337\362_\377T\r\376\222\312\035\251\006\251jSCs\257|\307"
 135      FF54 0DFE 
 135      92CA 1DA9 
 135      06A9 6A53 
 135      4373 AF7C 
 136 07a2 DF5B 8649 		.ascii	"\337[\206I 6\t\375\0131\2552\270\177\242\346d\376j\266\234\356"
 136      2036 09FD 
 136      0B31 AD32 
 136      B87F A2E6 
 136      64FE 6AB6 
 137 07b8 83D6 D8D5 		.ascii	"\203\326\330\325\245 )\377\235eX\bb\013q\276\323p$\273\360\267"
 137      A520 29FF 
 137      9D65 5808 
 137      620B 71BE 
 137      D370 24BB 
 138 07ce 96E1      		.ascii	"\226\341"
 139 07d0 2088 1D44 		.ascii	" \210\035D|\320y\261\374\332\235\312C\262\342\306\344\300\376"
 139      7CD0 79B1 
 139      FCDA 9DCA 
 139      43B2 E2C6 
 139      E4C0 FE
 140 07e3 C632 0C05 		.ascii	"\3062\f\005\261\241\350;\337\235\222{\362\327\226\341'\210\375"
 140      B1A1 E83B 
 140      DF9D 927B 
 140      F2D7 96E1 
 140      2788 FD
 141 07f6 44D1 44D2 		.ascii	"D\321D\322si\304\277B\032\331_\263&\037z\255\333\336\265\224"
 141      7369 C4BF 
 141      421A D95F 
 141      B326 1F7A 
 141      ADDB DEB5 
 142 080b 27CD F263 		.ascii	"'\315\362c\313p\033\304n\303v\027\304\356\"\343|iO^\366#\325"
 142      CB70 1BC4 
 142      6EC3 7617 
 142      C4EE 22E3 
 142      7C69 4F5E 
 143 0822 4B29 CB13 		.ascii	"K)\313\023\262\324KU.l\360\374\222\253?\264\f\353Al=.\343\202"
 143      B2D4 4B55 
 143      2E6C F0FC 
 143      92AB 3FB4 
 143      0CEB 416C 
 144 083a 62E4 BB7F 		.ascii	"b\344\273\177\200t23xW\006\212W\225m+BlE\226\333G\347e\027\277"
 144      8074 3233 
 144      7857 068A 
 144      5795 6D2B 
 144      426C 4596 
 145 0854 6F19 4E84 		.ascii	"o\031N\204\330\211\\5O\344\311\266|\017\351\303\376P\206\374"
 145      D889 5C35 
 145      4FE4 C9B6 
 145      7C0F E9C3 
 145      FE50 86FC 
 146 0868 DAA9 2ADB 		.ascii	"\332\251*\333\306\204\330\230\254W]\372}\350_Z\2061!6&\t\261"
 146      C684 D898 
 146      AC57 5DFA 
 146      7DE8 5F5A 
 146      8631 2136 
 147 087f 0D09 F26B 		.ascii	"\r\t\362k\337U\007\336\037\032!\327\371X+\263\337\247\020\373"
 147      DF55 07DE 
 147      1F1A 21D7 
 147      F958 2BB3 
 147      DFA7 10FB 
 148 0893 9488 8543 		.ascii	"\224\210\205C\257\334\222\277\260~gS\210m\312\351H\372\206\\"
 148      AFDC 92BF 
 148      B07E 6753 
 148      886D CAE9 
 148      48FA 865C 
 149 08a7 D03F B70C 		.ascii	"\320?\267\f\227B\354R6\207\312\253\245s\367\265\245+\250pI\347"
 149      9742 EC52 
 149      3687 CAAB 
 149      A573 F7B5 
 149      A52B A870 
 150 08bd 7EC7 324C 		.ascii	"~\3072L\013\261iq?+\255\222\362\237Y\206g!\366,\243\215\373\213"
 150      0BB1 6971 
 150      3F2B AD92 
 150      F29F 5986 
 150      6721 F62C 
 151 08d5 F2A1 3B2A 		.ascii	"\362\241;*\317\333\035\031\220\326\375S\313\2600\304\026\306"
 151      CFDB 1D19 
 151      90D6 FD53 
 151      CBB0 30C4 
 151      16C6 
 152 08e7 F62C C49E 		.ascii	"\366,\304\236\245\261\345\350\013\376\353\247\226\341X\210\035"
 152      A5B1 E5E8 
 152      0BFE EBA7 
 152      96E1 5888 
 152      1D
 153 08f8 4B71 4F67 		.ascii	"KqOg\203\210\320\237 }\231r\345_\332\206\326\004\277\201!60;"
 153      8388 D09F 
 153      207D 9972 
 153      E55F DA86 
 153      D604 BF81 
 154 0910 3BAF 9264 		.ascii	";\257\222d[\376\3302\374\013\261\177\tn\362\304\313\256\256\252"
 154      5BFE D832 
 154      FC0B B17F 
 154      096E F2C4 
 154      CBAE AEAA 
 155 0924 DC9B 32EC 		.ascii	"\334\2332\354\221\336\374#\313\2603\304v\306\266/\304\366\345"
 155      91DE FC23 
 155      CBB0 33C4 
 155      76C6 B62F 
 155      C4F6 E5
 156 0937 3864 6B55 		.ascii	"8dkU\354\312\037Z\206{!v/\245a\236,\271f\213\372\232\245\204"
 156      ECCA 1F5A 
 156      867B 2176 
 156      2FA5 619E 
 156      2CB9 668B 
 157 094f 468A 73FF 		.ascii	"F\212s\377\003\31303\304f\3066/\304\346\345\342:\352XZ\373\367"
 157      03CB 3033 
 157      C466 C636 
 157      2FC4 E6E5 
 157      E23A EA58 
 158 0966 2DC3 BB10 		.ascii	"-\303\273\020{\027\333\254\020\233\225\215\242\373\024\351\316"
 158      7B17 DBAC 
 158      109B 958D 
 158      A2FB 14E9 
 158      CE
 159 0977 6F23 75C6 		.ascii	"o#u\306\306e\310N\314\251\262\355]\210\275\313\351]V\203\374"
 159      C665 C84E 
 159      CCA9 B2ED 
 159      5D88 BDCB 
 159      E95D 5683 
 160 098c FAB7 2CC3 		.ascii	"\372\267,\303\272\020[\027\333\252\020[\025\257+\354F:\350\367"
 160      BA10 5B17 
 160      DBAA 105B 
 160      15AF 2BEC 
 160      463A E8F7 
 161 09a0 2CC3 A910 		.ascii	",\303\251\020;\225\222\334\301V\351\250I\225W\257\3365\313-\376"
 161      3B95 92DC 
 161      C156 E9A8 
 161      4995 57AF 
 161      DE35 CB2D 
 162 09b5 A665 1817 		.ascii	"\246e\030\027b\343b\033\025b\243\022\321\267\354\367u\337\260"
 162      62E3 621B 
 162      1562 A312 
 162      D1B7 ECF7 
 162      75DF B0
 163 09c8 7EE7 5388 		.ascii	"~\347S\210}\212\337\227\020\373\022\333\207\020\373\220\311\223"
 163      7D8A DF97 
 163      10FB 12DB 
 163      8710 FB90 
 163      C993 
 164 09da E12C 3985 		.ascii	"\341,9\205\257[\206\r!\266!\035\276\346C9\343!m\231\317\274\025"
 164      AF5B 860D 
 164      21B6 211D 
 164      BEE6 4339 
 164      E321 6D99 
 165 09f1 B24F 9F5B 		.ascii	"\262O\237[\206+!v%\266\013!v!\266\353 v\035\326b\220\337\003"
 165      862B 2176 
 165      25B6 0B21 
 165      7621 B6EB 
 165      2076 1DD6 
 166 0a09 7E66 19A6 		.ascii	"~f\031\246\203\330t\330&\203\330d\330\246\202\330T\344\357\273"
 166      83D8 74D8 
 166      2683 D864 
 166      D8A6 82D8 
 166      54E4 EFBB 
 167 0a1d BAE4 327C 		.ascii	"\272\3442|\3152<\005\261\247\260M\004\261\211\260M\003\261i\270"
 167      CD32 3C05 
 167      B1A7 B04D 
 167      04B1 89B0 
 167      4D03 B169 
 168 0a32 DD4D F2C8 		.ascii	"\335M\362\310F}\3252<\003\261g\260=\002\261G\260=\001iO0\347"
 168      467D D532 
 168      3C03 B167 
 168      B03D 02B1 
 168      47B0 3D01 
 169 0a4a 0971 C9D3 		.ascii	"\tq\311\323\237Z\206% m\tl\013@\332\002\370%\237\264\344['\343"
 169      9F5A 8625 
 169      206D 096C 
 169      0B40 DA02 
 169      F825 9FB4 
 170 0a62 965C A44F 		.ascii	"\226\\\244O,C\361I+\276\255\360\244\025\336Vt\322\212^Z_\350"
 170      2C43 F149 
 170      2BBE ADF0 
 170      A415 DE56 
 170      74D2 8A5E 
 171 0a79 96D7 7EC5 		.ascii	"\226\327~\3052\004\235\264\240\333\002NZ\300m\301&-\330\266@"
 171      3204 9DB4 
 171      A0DB 024E 
 171      5AC0 6DC1 
 171      262D D8B6 
 172 0a8e 9316 E8F4 		.ascii	"\223\026\350\364&\357\240l\337\307\206>\223\326g[\217I\353\261"
 172      26EF A06C 
 172      DFC7 863E 
 172      93D6 675B 
 172      8F49 EBB1 
 173 0aa2 ADBF A4F5 		.ascii	"\255\277\244\365\327\257\257\244\365\325\033\025\352\223\351"
 173      D7AF AFA4 
 173      F5D5 1B15 
 173      EA93 E9
 174 0ab1 FB91 29AF 		.ascii	"\373\221)\257\244\345\325\226S\322rj\313'i\371\264\345\222\264"
 174      A4E5 D596 
 174      53D2 726A 
 174      CB27 69F9 
 174      B4E5 92B4 
 175 0ac5 5CDA 7248 		.ascii	"\\\332rHZ\0167o\313\335rS>4\325\220\264\032\332\352GZ\375l\265"
 175      5A0E 376F 
 175      CBDD 7253 
 175      3E34 D590 
 175      B41A DAEA 
 176 0ade 23AD 76B6 		.ascii	"#\255v\266\232\221V3\277z\221V\257\201\002\367\235\034\301\007"
 176      9A91 5633 
 176      BF7A 9156 
 176      AF81 02F7 
 176      9D1C C107 
 177 0af2 A678 9116 		.ascii	"\246x\221\026/[\234H"
 177      2F5B 9C48 
 178 0afa 8B93 2D46 		.string	"\213\223-F\244\305\310\026\033\322bc\213\013iq\231\b\251\362\273\240'\246\226\220\326\022
 178      A4C5 C816 
 178      1BD2 6263 
 178      8B0B 6971 
 178      9908 A9F2 
 179 0bfb DA41 BFC4 		.string	"\332A\277\304>\211\275\022{$vK\354\222\330)\261Cb\033h"
 179      3E89 BD12 
 179      7B24 764B 
 179      EC92 D829 
 179      B143 621B 
 180 0c11 AD12 5B24 		.ascii	"\255\022[$6Kl\222\350\226\350\222\330(\261\036T\202\267\022\353"
 180      364B 6C92 
 180      E896 E892 
 180      D828 B11E 
 180      5482 B712 
 181 0c26 24D6 4AAC 		.ascii	"$\326J\254\221X-\261Jb\005(\001\345\022\313$\226J|#\261"
 181      9158 2DB1 
 181      4A62 0528 
 181      01E5 12CB 
 181      2496 4A7C 
 182 0c3c 18E4 8322 		.string	"\030\344\203\"\211\257%\026J,\220\230\007\262\300+\211\271\022s$fK\314\004\251 Cb\272\304
 182      89AF 2516 
 182      4A2C 9098 
 182      07B2 C02B 
 182      89B9 1273 
 183 0d3d E920 0DA4 		.ascii	"\351 \r\244\202\024\220\f^\202$\220\b\022@<\210\003/@,\210\001"
 183      8214 900C 
 183      5E82 2490 
 183      0812 403C 
 183      8803 2F40 
 184 0d54 D1E0 3988 		.ascii	"\321\3409\210\002\221 \002\204\2030\020\nB\3003\020\f\202\200"
 184      0291 2002 
 184      8483 3010 
 184      0A42 C033 
 184      100C 8280 
 185 0d68 133C 3C42 		.ascii	"\023<<B\177\001\013\334\201[p\003\256\301\025\360\201Kp\001\274"
 185      7F01 0BDC 
 185      815B 7003 
 185      AEC1 15F0 
 185      814B 7001 
 186 0d7d E01C 9C81 		.ascii	"\340\034\234\201Sp\002\336\203cp\004\016\301\001\330\007{`\027"
 186      5370 02DE 
 186      8363 7004 
 186      0EC1 01D8 
 186      077B 6017 
 187 0d91 EC80 6DB0 		.ascii	"\354\200m\260\0056\301\006X\007k`\025\254\200e\260\004\026\301"
 187      0536 C106 
 187      5807 6B60 
 187      15AC 8065 
 187      B004 16C1 
 188 0da5 0278 073C 		.ascii	"\002x\007<`\036\314\201Y0\003\246\301\024\230\004\023`\034\214"
 188      601E CC81 
 188      5930 03A6 
 188      C114 9804 
 188      1360 1C8C 
 189 0db9 8151 3002 		.ascii	"\201Q0\002\206\301\020\030\004\003\240\037\364\201^\320\003\272"
 189      86C1 1018 
 189      0403 A01F 
 189      F481 5ED0 
 189      03BA 
 190 0dcb 4117 E804 		.ascii	"A\027\350\004\035\240\035\264\201V\320\002\232A\023p\003\027"
 190      1DA0 1DB4 
 190      8156 D002 
 190      9A41 1370 
 190      0317 
 191 0ddd 6804 0DA0 		.ascii	"h\004\r\240\036\274\005u\240\026\324\200jP\005*A\005(\007e\240"
 191      1EBC 0575 
 191      A016 D480 
 191      6A50 052A 
 191      4105 2807 
 192 0df3 14BC 0125 		.ascii	"\024\274\001%\240\030\024\201\327\240\020\024\200|\220\007^\201"
 192      A018 1481 
 192      D7A0 1014 
 192      807C 9007 
 192      5E81 
 193 0e05 5C90 03B2 		.ascii	"\\\220\003\262A\026\310\004\031 \035\244\201T\220\002\222\301"
 193      4116 C804 
 193      1920 1DA4 
 193      8154 9002 
 193      92C1 
 194 0e17 4B90 0412 		.ascii	"K\220\004\022A\002\210\007q\340\005\210\0051 \032<\007Q \022"
 194      4102 8807 
 194      71E0 0588 
 194      0531 201A 
 194      3C07 5120 
 195 0e2c 4480 7010 		.ascii	"D\200p\020\006BA\bx\006\202A\020p\202\007\302\371\003\013\334"
 195      0642 4108 
 195      7806 8241 
 195      1070 8207 
 195      C2F9 030B 
 196 0e41 815B 7003 		.ascii	"\201[p\003\256\301\025\360\201Kp\001\274\340\034\234\201Sp\002"
 196      AEC1 15F0 
 196      814B 7001 
 196      BCE0 1C9C 
 196      8153 7002 
 197 0e55 DE83 6370 		.ascii	"\336\203cp\004\016\301\001\330\007{`\027\354\200m\260\0056\301"
 197      040E C101 
 197      D807 7B60 
 197      17EC 806D 
 197      B005 36C1 
 198 0e69 0658 076B 		.ascii	"\006X\007k`\025\254\200e\260\004\026\301\002x\007<`\036\314\201"
 198      6015 AC80 
 198      65B0 0416 
 198      C102 7807 
 198      3C60 1ECC 
 199 0e7e 5930 03A6 		.ascii	"Y0\003\246\301\024\230\004\023`\034\214\201Q0\002\206\301\020"
 199      C114 9804 
 199      1360 1C8C 
 199      8151 3002 
 199      86C1 10
 200 0e91 1804 03A0 		.ascii	"\030\004\003\240\037\364\201^\320\003\272A\027\350\004\035\240"
 200      1FF4 815E 
 200      D003 BA41 
 200      17E8 041D 
 200      A0
 201 0ea2 1DB4 8156 		.ascii	"\035\264\201V\320\002\232A\023p\003\027h\004\r\240\036\274\005"
 201      D002 9A41 
 201      1370 0317 
 201      6804 0DA0 
 201      1EBC 05
 202 0eb5 75A0 16D4 		.ascii	"u\240\026\324\200jP\005*A\005(\007e\240\024\274\001%\240\030"
 202      806A 5005 
 202      2A41 0528 
 202      0765 A014 
 202      BC01 25A0 
 203 0eca 14D1 5307 		.ascii	"\024\321S\007M=\371\322\361\377[\301\361\353"
 203      4D3D F9D2 
 203      F1FF 5BC1 
 203      F1EB 
 204               		.text
 205               		.section	.gnu.lto_.symbol_nodes.9de44b9432f8cda8,"",@progbits
 206 0000 789C 6361 		.string	"x\234ca`d\340b"
 206      6064 E062 
 206      00
 207 0009 0256 4686 		.string	"\002VF\206F!\020\003"
 207      4621 1003 
 207      00
 208 0012 048B 00   		.string	"\004\213"
 209 0015 A9        		.ascii	"\251"
 210               		.text
 211               		.section	.gnu.lto_.refs.9de44b9432f8cda8,"",@progbits
 212 0000 789C 6361 		.string	"x\234ca`\004B "
 212      6004 4220 
 212      00
 213 0009 00        		.string	""
 214 000a 00        		.string	""
 215 000b 3900      		.string	"9"
 216 000d 07        		.ascii	"\007"
 217               		.text
 218               		.section	.gnu.lto_.decls.9de44b9432f8cda8,"",@progbits
 219 0000 789C 6361 		.string	"x\234ca`d"
 219      6064 00
 220 0007 0176 2606 		.string	"\001v&\006\206D \035\002\304\377\201"
 220      8644 201D 
 220      02C4 FF81 
 220      00
 221 0014 C865 0863 		.string	"\310e\bc@\005 \225;\321\304@|f \226\001b\021 \336\301\200\033\374eb\234\372m\332^ff&F\020
 221      4005 2095 
 221      3BD1 C440 
 221      7C66 2096 
 221      0162 1120 
 222 0077 C184 8606 		.string	"\301\204\206\006&\033\204\035\353[\237\254\344\200\350\374\317\b\344\037\375\377\375"
 222      261B 841D 
 222      EB5B 9FAC 
 222      E480 E8FC 
 222      CF08 E41F 
 223 008f 3F84 0F32 		.string	"?\204\0172\350\322\2073s\271!\006\201\3149\366\363o#'W\007\310\234\013\r\r\\\022 e\353\03
 223      E8D2 8733 
 223      73B9 2106 
 223      81CC 39F6 
 223      F36F 2327 
 224 00e4 1ADD D470 		.string	"\032\335\324p`A\003\233\004\003\243\261\f\243\201\f\003\343VF\r\220\2165\214z\f\214\233\2
 224      6041 039B 
 224      0403 A3B1 
 224      0CA3 810C 
 224      03E3 5646 
 225 011f 192E 88D7 		.string	"\031.\210\327\266\034\233\320\317(4\001\352i\007F\260\272\325@\023V\201]\273\215Q\b\346f\
 225      B61C 9BD0 
 225      CF28 3401 
 225      EA69 0746 
 225      B0BA D540 
 226 01e6 00        		.string	""
 227 01e7 3214 C3BA 		.ascii	"2\024\303\272"
 228               		.text
 229               		.section	.gnu.lto_.symtab.9de44b9432f8cda8,"",@progbits
 230 0000 4349 4531 		.string	"CIE1931_CURVE"
 230      3933 315F 
 230      4355 5256 
 230      4500 
 231 000e 00        		.string	""
 232 000f 00        		.string	""
 233 0010 00        		.string	""
 234 0011 00        		.string	""
 235 0012 00        		.string	""
 236 0013 00        		.string	""
 237 0014 00        		.string	""
 238 0015 00        		.string	""
 239 0016 00        		.string	""
 240 0017 00        		.string	""
 241 0018 00        		.string	""
 242 0019 B900      		.string	"\271"
 243 001b 00        		.string	""
 244 001c 00        		.string	""
 245               		.text
 246               		.section	.gnu.lto_.opts,"",@progbits
 247 0000 272D 666D 		.ascii	"'-fmath-errno' '-fsigned-zeros' '-ftrapping-math' '-fno-trap"
 247      6174 682D 
 247      6572 726E 
 247      6F27 2027 
 247      2D66 7369 
 248 003c 7627 2027 		.ascii	"v' '-fno"
 248      2D66 6E6F 
 249 0044 2D6F 7065 		.string	"-openmp' '-fno-openacc' '-mn-flash=1' '-mno-skip-bug' '-mmcu=avr5' '-gdwarf-2' '-Os' '-We
 249      6E6D 7027 
 249      2027 2D66 
 249      6E6F 2D6F 
 249      7065 6E61 
 250               		.text
 251               		.comm	__gnu_lto_v1,1,1
 252               		.comm	__gnu_lto_slim,1,1
 253               		.ident	"GCC: (GNU) 5.4.0"
DEFINED SYMBOLS
                            *ABS*:0000000000000000 led_tables.c
     /tmp/ccbdWJhO.s:2      *ABS*:000000000000003e __SP_H__
     /tmp/ccbdWJhO.s:3      *ABS*:000000000000003d __SP_L__
     /tmp/ccbdWJhO.s:4      *ABS*:000000000000003f __SREG__
     /tmp/ccbdWJhO.s:5      *ABS*:0000000000000000 __tmp_reg__
     /tmp/ccbdWJhO.s:6      *ABS*:0000000000000001 __zero_reg__
                            *COM*:0000000000000001 __gnu_lto_v1
                            *COM*:0000000000000001 __gnu_lto_slim

NO UNDEFINED SYMBOLS
