   1               		.file	"matrix_common.c"
   2               	__SP_H__ = 0x3e
   3               	__SP_L__ = 0x3d
   4               	__SREG__ = 0x3f
   5               	__tmp_reg__ = 0
   6               	__zero_reg__ = 1
   7               		.text
   8               	.Ltext0:
   9               		.section	.gnu.lto_.profile.b027efe944bd693f,"",@progbits
  10 0000 789C 6361 		.string	"x\234ca`d`e`"
  10      6064 6065 
  10      6000 
  11 000a 923B 189D 		.string	"\222;\030\235"
  11      00
  12 000f 02EA 0107 		.ascii	"\002\352\001\007"
  13               		.text
  14               		.section	.gnu.lto_.icf.b027efe944bd693f,"",@progbits
  15 0000 789C 6361 		.string	"x\234ca`d"
  15      6064 00
  16 0007 817A 0604 		.string	"\201z\006\004\020eX?\363A\013\023\343\361\333;\037\2611\201\331\314`6\313\276\005\233Op\2
  16      1065 583F 
  16      F341 0B13 
  16      E3F1 DB3B 
  16      1FB1 3181 
  17 007f 1BC4 405B 		.ascii	"\033\304@["
  18               		.text
  19               		.section	.gnu.lto_.jmpfuncs.b027efe944bd693f,"",@progbits
  20 0000 789C 6D8E 		.string	"x\234m\216;\016\3020\020Dg\354@\314'$\bJ\356\272i\"\001\005\207\240\341+Q\247A4\\\001\n\0
  20      3B0E C230 
  20      1044 67EC 
  20      40CC 2724 
  20      084A EEBA 
  21 003d D64B 0274 		.ascii	"\326K\002t\200\256!\255\210#)=\377\332\007\006\301\202\241\027"
  21      80AE 21AD 
  21      8823 293D 
  21      FFDA 0706 
  21      C182 A117 
  22 0051 3686 EBF3 		.ascii	"6\206\353\363\355\224\275Me\301\247\345\2063 \213\350\372\373"
  22      ED94 BD4D 
  22      65C1 A7E5 
  22      8633 208B 
  22      E8FA FB
  23 0064 5C72 45A4 		.ascii	"\\rE\244\341V\311\310\177\314\201\202~\321\030\321\266\374\336"
  23      E156 C9C8 
  23      7FCC 8182 
  23      7ED1 18D1 
  23      B6FC DE
  24 0077 574E 6D86 		.ascii	"WNm\206\216;\265\205.NY]\277\036\2514\345\274,\213\312\332\205"
  24      8E3B B585 
  24      2E4E 595D 
  24      BF1E A934 
  24      E5BC 2C8B 
  25 008e 36E3 9EE2 		.ascii	"6\343\236\342\3176\352cy\b4\006\305\025\2551G5N}9\246\"\202?"
  25      CF36 EA63 
  25      7908 3406 
  25      C515 AD31 
  25      4735 4E7D 
  26 00a7 3AB9 3738 		.ascii	":\27178"
  27               		.text
  28               		.section	.gnu.lto_.inline.b027efe944bd693f,"",@progbits
  29 0000 789C 7591 		.ascii	"x\234u\221;\016\3020\020Dg\327\237\230\304\220 (\221BE\311Q8"
  29      3B0E C230 
  29      1044 67D7 
  29      9F98 C490 
  29      2028 9142 
  30 0018 089C 838E 		.ascii	"\b\234\203\216\"\025u:\356\201\350(\340(\024\264Hx\023\b\002"
  30      2215 753A 
  30      EE81 E828 
  30      E028 14B4 
  30      4878 1308 
  31 002d 0717 B635 		.ascii	"\007\027\2665\236}\036\2575\b2\230\321\215\t\240\230 \212\255"
  31      9E7D 1EAF 
  31      3508 3298 
  31      D18D 09A0 
  31      9820 8AAD 
  32 0041 CBE6 80A0 		.ascii	"\313\346\200\240\375\217\222JUdT\375F\035\031M\244X$\226\030"
  32      FD8F 924A 
  32      5564 54FD 
  32      461D 194D 
  32      A458 2496 
  33 0056 2E04 2299 		.ascii	".\004\"\231\224\275-\333C\276\346\256\2018hE\324X8\210\357R\215"
  33      94BD 2DDB 
  33      43BE E6AE 
  33      8138 6845 
  33      D458 3888 
  34 006d 0192 3CD0 		.ascii	"\001\222<\320t]v8\316\302\224F\267d\310v\001\301i]\231O\352\220"
  34      745D 7638 
  34      CEC2 9446 
  34      B764 C876 
  34      01C1 695D 
  35 0085 99AA 9517 		.ascii	"\231\252\225\027\374wx\t\203\341\037}\324\377\330<\272\264\210"
  35      FC77 7809 
  35      83E1 1F7D 
  35      D4FF D83C 
  35      BAB4 88
  36 0098 9431 FC19 		.ascii	"\2241\374\031\2771\332\236f\202n\266\023\370E\017\337\214\344"
  36      BF31 DA9E 
  36      6682 6EB6 
  36      13F8 450F 
  36      DF8C E4
  37 00ab C940 B552 		.ascii	"\311@\265R^\274S\244\216\f\273\315\203i\277=^\222;o\225\016\214"
  37      5EBC 53A4 
  37      8E0C BBCD 
  37      8369 BF3D 
  37      5E92 3B6F 
  38 00c2 03CD C06E 		.ascii	"\003\315\300n\375Z\345\243\273\346\232\256\271\241g\005\3704"
  38      FD5A E5A3 
  38      BBE6 9AAE 
  38      B9A1 6705 
  38      F834 
  39 00d4 70E0 9D15 		.ascii	"p\340\235\025\354\034x\002\266Y&\025"
  39      EC1C 7802 
  39      B659 2615 
  40               		.text
  41               		.section	.gnu.lto_.pureconst.b027efe944bd693f,"",@progbits
  42 0000 789C 05C1 		.string	"x\234\005\301\301\021\200 \020"
  42      C111 8020 
  42      1000 
  43 000a B145 0F07 		.ascii	"\261E\017\007\001\021\007\037\333\201\375wh\022$>`ars7\310\034"
  43      0111 071F 
  43      DB81 FD77 
  43      6812 243E 
  43      6061 7273 
  44 0021 51E2 B4D2 		.ascii	"Q\342\264\322\354^\016o\247\217\313\327\037+$\002Q"
  44      EC5E 0E6F 
  44      A78F CBD7 
  44      1F2B 2402 
  44      51
  45               		.text
  46               		.section	.gnu.lto_matrix_init_user.b027efe944bd693f,"",@progbits
  47 0000 789C 6361 		.string	"x\234ca`d"
  47      6064 00
  48 0007 812A 2096 		.string	"\201* \226\002bi fdf`d\232p\216\201\241\221\203\211\221\021\304h\340`d\250gb\254g\374\312
  48      0262 6920 
  48      6664 6660 
  48      649A 708E 
  48      81A1 9183 
  49 004f 54F6 68E3 		.string	"T\366h\343\277\251\274l- e\n\020I\306\025\214l \353\326\007\035h\370\377\277\271\241\341\
  49      BFA9 BC6C 
  49      2D20 650A 
  49      1049 C615 
  49      8C6C 20EB 
  50 00a4 00        		.string	""
  51 00a5 518C 3518 		.ascii	"Q\2145\030"
  52               		.text
  53               		.section	.gnu.lto_matrix_init_kb.b027efe944bd693f,"",@progbits
  54 0000 789C 6361 		.string	"x\234ca`d"
  54      6064 00
  55 0007 81E5 402C 		.string	"\201\345@,\005\304\322@\314\310\314\300\3104\341\034\003C#\007\023##\210\321\300\301\310P
  55      05C4 D240 
  55      CCC8 CCC0 
  55      C834 E11C 
  55      0343 2307 
  56 0037 C183 A3DD 		.string	"\301\203\243\335r\r+\0160\266230\374g\002\233\304\300\270\234Q\223\001\250\354\321\306\17
  56      720D 2B0E 
  56      30B6 3233 
  56      30FC 6702 
  56      9BC4 C0B8 
  57 00ce E033 44C9 		.ascii	"\3403D\311"
  58               		.text
  59               		.section	.gnu.lto_matrix_scan_user.b027efe944bd693f,"",@progbits
  60 0000 789C 6361 		.string	"x\234ca`d"
  60      6064 00
  61 0007 812A 2096 		.string	"\201* \226\002bi fdf`d\232p\216\201\241\221\203\211\221\021\304h\340`d\250gb\254g\374\312
  61      0262 6920 
  61      6664 6660 
  61      649A 708E 
  61      81A1 9183 
  62 004f 2A7B B4F1 		.string	"*{\264\361\337T^\266\026\2202\005\210$\343\nF6\220u\353\203\0164\374\377\337\334\320p]\22
  62      DF54 5EB6 
  62      1690 3205 
  62      8824 E30A 
  62      4636 9075 
  63 00a4 00        		.string	""
  64 00a5 314E 34D9 		.ascii	"1N4\331"
  65               		.text
  66               		.section	.gnu.lto_matrix_scan_kb.b027efe944bd693f,"",@progbits
  67 0000 789C 6361 		.string	"x\234ca`d"
  67      6064 00
  68 0007 81E5 402C 		.string	"\201\345@,\005\304\322@\314\310\314\300\3104\341\034\003C#\007\023##\210\321\300\301\310P
  68      05C4 D240 
  68      CCC8 CCC0 
  68      C834 E11C 
  68      0343 2307 
  69 0037 C183 D63E 		.string	"\301\203\326>\271\206\025\007\030[\231\031\030\3763\201Mb`\\\316\250\311"
  69      B986 1507 
  69      185B 9919 
  69      18FE 3381 
  69      4D62 605C 
  70 004f 54F6 68E3 		.string	"T\366h\343\277\251\274l- e\n\020I\306\025\214l \353\326\007\035h\370\377\277\271\241\341\
  70      BFA9 BC6C 
  70      2D20 650A 
  70      1049 C615 
  70      8C6C 20EB 
  71 00b2 A071 1285 		.string	"\240q\022\205\245\211y%\245\271\372\271\211%E\231\025\361\311\371\271\271\371yz\311\f"
  71      A589 7925 
  71      A5B9 FAB9 
  71      8925 4599 
  71      15F1 C9F9 
  72 00ce B640 448C 		.ascii	"\266@D\214"
  73               		.text
  74               		.section	.gnu.lto_matrix_rows.b027efe944bd693f,"",@progbits
  75 0000 789C 154D 		.ascii	"x\234\025M;\016\001\001\020\2357+\262\r\225BPPj\220\270\211\013"
  75      3B0E 0101 
  75      109D 372B 
  75      B20D 9542 
  75      5050 6A90 
  76 0017 88A8 144B 		.ascii	"\210\250\024K\b\211\316\3705\n\331\330\354\031P\211J\353\004"
  76      0889 CEF8 
  76      350A D9D8 
  76      EC19 5089 
  76      4AEB 04
  77 002a 5A25 51AA 		.ascii	"Z%Q\252Hh$\254\231\227\274\314d\346}b\0042\004\312\2142\253\204"
  77      4868 24AC 
  77      9997 BCCC 
  77      64E6 7D62 
  77      0432 04CA 
  78 0042 4360 FF44 		.ascii	"C`\377D4v\031\260E\\\320\2101\302\233\277\214 \364/\311\342Z"
  78      3476 19B0 
  78      455C D088 
  78      31C2 9BBF 
  78      8C20 F42F 
  79 0059 6422 D7F9 		.ascii	"d\"\327\371*5\333\0341w\210\"&Ts\250\344,b\215\"\251\364\266"
  79      2A35 DB1C 
  79      3177 8822 
  79      2654 73A8 
  79      E42C 628D 
  80 0071 FF85 89F8 		.ascii	"\377\205\211\370L\024y\023\350g\203\270U\356jG\211\242\251HX"
  80      4C14 7913 
  80      E867 83B8 
  80      55EE 6A47 
  80      89A2 A948 
  81 0086 80DE 1F4A 		.ascii	"\200\336\037Jkz2\333t\356\230\310\001&\326\224\305\347\274t_"
  81      6B7A 32DB 
  81      74EE 98C8 
  81      0126 D694 
  81      C5E7 BC74 
  82 009b AC25 70B1 		.ascii	"\254%p\261\205\025\250\001&T[\272;h\264\373\003\257\3545\372"
  82      8515 A801 
  82      2654 5BBA 
  82      3B68 B4FB 
  82      03AF EC35 
  83 00b0 BDD6 B0DE 		.ascii	"\275\326\260\336\354x^\247]j\322\037\262\f<\376"
  83      EC78 5EA7 
  83      5D6A D21F 
  83      B20C 3CFE 
  84               		.text
  85               		.section	.gnu.lto_matrix_cols.b027efe944bd693f,"",@progbits
  86 0000 789C 154D 		.string	"x\234\025M\275\nA\001\024>\337\271\222\024\223A\030\030-(o\342\005\244;\031.\021es\374\35
  86      BD0A 4101 
  86      143E DFB9 
  86      9214 9341 
  86      1818 2D28 
  87 007b 51AB DCD4 		.string	"Q\253\334\324\366\022\206\023\021\277"
  87      F612 8613 
  87      11BF 00
  88 0086 BD3F 95D6 		.ascii	"\275?\225\326\364b\266\351<0\226\035L\254)\367\340p\213\277Y"
  88      F462 B6E9 
  88      3C30 961D 
  88      4CAC 29F7 
  88      E070 8BBF 
  89 009b 4BD4 BB86 		.ascii	"K\324\273\206\025\250\001&T[\272\323o\264z}\257\3545z\335\346"
  89      15A8 0126 
  89      545B BAD3 
  89      6FB4 7A7D 
  89      AFEC 357A 
  90 00b1 A0EE B63D 		.ascii	"\240\356\266=\257\335*\271\364\007\350{=\210"
  90      AFDD 2AB9 
  90      F407 E87B 
  90      3D88 
  91               		.text
  92               		.section	.gnu.lto_matrix_is_on.b027efe944bd693f,"",@progbits
  93 0000 789C 6591 		.ascii	"x\234e\221;O\033A\020\307\367\277\353{`\024\213tD>\tHcA\244\030"
  93      3B4F 1B41 
  93      10C7 F7BF 
  93      EB7B 6014 
  93      8B74 443E 
  94 001a 2BDF 245F 		.ascii	"+\337$_ B\256\"qXX\240\320y\315q1Q\032\007\344\244\002\252\b"
  94      2042 AE22 
  94      7158 58A0 
  94      D079 CD71 
  94      3151 1A07 
  95 0033 F2C2 4983 		.ascii	"\362\302I\203\344\302`!\n\n\204\213@a\271\b/\245 Fr\242\244\213"
  95      E4C2 6021 
  95      0A0A 848B 
  95      4061 B908 
  95      2FA5 2046 
  96 004b 7166 EE1C 		.ascii	"qf\356\034Q\260\322\355\314\376n\376\363\330\215\b\b^]2\367\311"
  96      51B0 D2ED 
  96      CCFE 6EFE 
  96      F3D8 8D08 
  96      085E 5D32 
  97 0061 C6E9 8312 		.ascii	"\306\351\203\022\220\305C!\362\266\004\330\3216DN\"\207?\262"
  97      90C5 4321 
  97      F2B6 04D8 
  97      D136 444E 
  97      2287 3FB2 
  98 0075 23B1 5C2A 		.ascii	"#\261\\*~\213\215\256k=\257O\374\257\261\205\215\032|E)\244\300"
  98      7E8B 8DAE 
  98      6B3D AF4F 
  98      FCAF B185 
  98      8D1A 7C45 
  99 008c 2307 E30E 		.ascii	"#\007\343\016\247X\307(E\276\274j\2742T\034\202\374\245\372\352"
  99      A758 C728 
  99      45BE BC6A 
  99      BC32 541C 
  99      82FC A5FA 
 100 00a1 BE4C BC65 		.ascii	"\276L\274e\225.\335\325\312W\300\006\324\215\212\200\300;$(\366"
 100      952E DDD5 
 100      CA57 C006 
 100      D48D 8A80 
 100      C03B 2428 
 101 00b6 FC87 2E5B 		.ascii	"\374\207.[j(\320m7\337,\033=\335NO\367\376\226\356\003\022\034"
 101      6A28 D06D 
 101      37DF 2C1B 
 101      3DDD 4E4F 
 101      F7FE 96EE 
 102 00cd 7CF6 E5BA 		.ascii	"|\366\345\272t\307\\\320\264\206\271!\352\344#L\036\261\374\270"
 102      74C7 5CD0 
 102      B486 B921 
 102      EAE4 234C 
 102      1EB1 FCB8 
 103 00e1 A6BB 5D4F 		.ascii	"\246\273]O\353\306\b\372\001.$I*#\264)\203=\023\234\305b\327"
 103      EBC6 08FA 
 103      012E 2449 
 103      2A23 B429 
 103      833D 139C 
 104 00f8 E6AD 8FB7 		.ascii	"\346\255\217\267\250\340\321D\233R\361E\374\224\222\255\372\216"
 104      A8E0 D144 
 104      9B52 F145 
 104      FC94 92AD 
 104      FA8E 
 105 010a F95F 858B 		.ascii	"\371_\205\213AN\356)\351Q\007D\266\021\236#\324\310k\177\267"
 105      414E EE29 
 105      E951 0744 
 105      B611 9E23 
 105      D4C8 6B7F 
 106 011f 6EFD 96BE 		.ascii	"n\375\226\276\212\004CT*\255\246\225\353\350E\255\007\210\275"
 106      8A04 4354 
 106      2AAD A695 
 106      EBE8 45AD 
 106      0788 BD
 107 0132 E09C 842F 		.ascii	"\340\234\204/\017\216\367\242kX\311\353\200\033\330\244;\376"
 107      0F8E F7A2 
 107      6B58 C9EB 
 107      801B D8A4 
 107      3BFE 
 108 0144 0427 FC59 		.ascii	"\004'\374Y\255\236\252T\322W&\312X\003\325\341\207\302g\244D"
 108      AD9E AA54 
 108      D257 26CA 
 108      5803 D5E1 
 108      87C2 67A4 
 109 0159 50FE E85E 		.ascii	"P\376\350^X\316\240\212!i\305Cby\312$\342\265\315\360l\343\201"
 109      58CE A08A 
 109      2169 C543 
 109      6279 CA24 
 109      E2B5 CDF0 
 110 0170 4394 D1DF 		.ascii	"C\224\321\337\347\377e}\201\322f\270UhY!\214\022\307\230#.!{"
 110      E7FF 657D 
 110      81D2 66B8 
 110      5568 5921 
 110      8C12 C798 
 111 0188 4004 D383 		.ascii	"@\004\323\203\247\246\372\203\323\263\023S3\263n\322\235\230"
 111      A7A6 FA83 
 111      D3B3 1353 
 111      33B3 6ED2 
 111      9D98 
 112 019a C93E 9D7B 		.ascii	"\311>\235{\222\316\270nf\352aZ\250l\346\231Jg&\377\001=\013\245"
 112      92CE B86E 
 112      66EA 615A 
 112      A86C E699 
 112      4A67 26FF 
 113 01b2 08        		.ascii	"\b"
 114               		.text
 115               		.section	.gnu.lto_matrix_get_row.b027efe944bd693f,"",@progbits
 116 0000 789C 4550 		.ascii	"x\234EP\273K\302Q\024\276\337\275\276\b\222Z\"P\242M\\*i\352"
 116      BB4B C251 
 116      14BE DFBD 
 116      BE08 925A 
 116      2250 A24D 
 117 0018 DF10 9A43 		.ascii	"\337\020\232C\234\032~J\242\324\346\361EE\213\025\266\2254\210"
 117      9C1A 7E4A 
 117      A2D4 E6F1 
 117      4545 8B15 
 117      B695 3488 
 118 002c F694 4607 		.ascii	"\366\224F\007C\242\240!r\220\206\bz\r\016RPQ\243\3319\026t\340"
 118      43A2 A021 
 118      7290 8608 
 118      7A0D 0E52 
 118      5051 A3D9 
 119 0044 720E DF3D 		.ascii	"r\016\337=\337\203cSPRAnc\334=\374`\024t\376Z\251\224K\0032\220"
 119      DF83 6353 
 119      5052 416E 
 119      63DC 3DFC 
 119      6014 74FE 
 120 005f 0B2A A991 		.ascii	"\013*\251\221\304\227\356jl\026\362\017n\177\231(M\217\027\255"
 120      C497 EE6A 
 120      6C16 F20F 
 120      6E7F 9928 
 120      4D8F 17AD 
 121 0073 916C A581 		.ascii	"\221l\245\201\234Q\252\247\025\246\275\230\362\212D\031~\336"
 121      9C51 AAA7 
 121      15A6 BD98 
 121      F28A 4419 
 121      7EDE 
 122 0085 5C7B BD5D 		.ascii	"\\{\275]\267\033\017\024\317\033\315\235K\355+\t\213j\303dr\006"
 122      B71B 0F14 
 122      CF1B CD9D 
 122      4BED 2B09 
 122      8B6A C364 
 123 009b A8C0 FCB3 		.ascii	"\250\300\374\263\030P\330\203O\226\237O\276\013\203\216,q\215"
 123      1850 D883 
 123      4F96 9F4F 
 123      BE0B 838E 
 123      2C71 8D
 124 00ae 8B30 2BEE 		.ascii	"\2130+\356\303!Q\253\301\006\365z\031\242V\340^\333\001ah\346"
 124      C321 51AB 
 124      C106 F57A 
 124      19A2 56E0 
 124      5EDB 0161 
 125 00c4 6A9B 9210 		.ascii	"j\233\222\020\352\215\227%\362\273\326\322M\033\351\217\345v"
 125      EA8D 9725 
 125      F2BB D6D2 
 125      4D1B E98F 
 125      E576 
 126 00d6 C92E FC8C 		.ascii	"\311.\374\214\321\0316a\350t\327\375\013\330\330l+w\326t~\352"
 126      D119 3661 
 126      E874 D7FD 
 126      0BD8 D86C 
 126      2B77 D674 
 127 00ec 9C31 FDA0 		.ascii	"\2341\375\240\265\332\313\2353\331\245\025\242!\306VE\225\341"
 127      B5DA CB9D 
 127      33D9 A515 
 127      A221 C656 
 127      4595 E1
 128 00ff CED5 CDF9 		.ascii	"\316\325\315\371@\021\333)\352\3436\034\362=\016\340\375\375"
 128      4011 DB29 
 128      EAE3 361C 
 128      F23D 0EE0 
 128      FDFD 
 129 0111 ACD7 9F4C 		.ascii	"\254\327\237L\240*yi\226s\340\bE\260\235\234\026\307\b\250\016"
 129      A02A 7969 
 129      9673 E008 
 129      45B0 9D9C 
 129      16C7 08A8 
 130 0126 D234 F367 		.ascii	"\3224\363g\251\3721!\361xat!\021\212\304\023\326\244\025\212"
 130      A9FA 3121 
 130      F178 6174 
 130      2111 8AC4 
 130      13D6 A415 
 131 013b C7E6 97E6 		.ascii	"\307\346\227\346\302Q\313\212F&\302\312\304\242\213?}\243y\360"
 131      C251 CB8A 
 131      4626 C2CA 
 131      C4A2 8B3F 
 131      7DA3 79F0 
 132               		.text
 133               		.section	.gnu.lto_matrix_is_modified.b027efe944bd693f,"",@progbits
 134 0000 789C 4590 		.ascii	"x\234E\220;K\003A\024\205\357\2713y\030\037\244\024Y\3046\215"
 134      3B4B 0341 
 134      1485 EFB9 
 134      3379 181F 
 134      A414 59C4 
 135 0016 09E8 2FF1 		.ascii	"\t\350/\361\017H\f\026\026\233\240$`\267cv\2036B@ba/"
 135      0F48 0C16 
 135      169B A024 
 135      60B7 6376 
 135      8336 4240 
 136 002d 895A 8414 		.string	"\211Z\204\024\202\201\024\213\265h\023\253\024>*\221\024\211h\031\327;I\341\205\2313\314\
 136      8281 148B 
 136      B568 13AB 
 136      143E 2A91 
 136      1489 6819 
 137 012e CACF 64CB 		.ascii	"\312\317d\313"
 138               		.text
 139               		.section	.gnu.lto_matrix_print.b027efe944bd693f,"",@progbits
 140 0000 789C 6361 		.string	"x\234ca`d"
 140      6064 00
 141 0007 8147 402C 		.string	"\201G@,\007\3042@\314\310\314\300\3104\341\034\003C#\007\023##\210\321\300\301\310P\317\3
 141      07C4 3240 
 141      CCC8 CCC0 
 141      C834 E11C 
 141      0343 2307 
 142 0038 C183 D6C7 		.string	"\301\203\326\307\006\r+\0160\266230\374g\002\033\305\300\270\234Q\223\001\250\354\321\306
 142      060D 2B0E 
 142      30B6 3233 
 142      30FC 6702 
 142      1BC5 C0B8 
 143 0101 73F3 581A 		.ascii	"s\363X\032"
 144               		.text
 145               		.section	.gnu.lto_matrix_key_count.b027efe944bd693f,"",@progbits
 146 0000 789C 6553 		.ascii	"x\234eS\317KTQ\024>\337\275\357\315<G\035\334\024B\2630b\002"
 146      CF4B 5451 
 146      143E DFBD 
 146      EFCD 3C47 
 146      1DDC 1442 
 147 0018 3795 F44F 		.ascii	"7\225\364O\264\013\202\326!\256\\\214C2R\213`\256\363\234\261"
 147      B40B 82D6 
 147      21AE 5C8C 
 147      4332 528B 
 147      60AE F39C 
 148 002d 3042 090D 		.ascii	"0B\t\r\242p\021\242\226:\2155\346,\324\261\037R&\212T\224\264"
 148      A270 11A2 
 148      963A 8D35 
 148      E62C D4B1 
 148      1F52 268A 
 149 0044 2885 2CAC 		.ascii	"(\205,\254\240\244v\351t\356\275\223\230>\230\367\356\375\356"
 149      A0A4 76E9 
 149      74EE BD93 
 149      983E 98F7 
 149      EEFD EE
 150 0057 39DF F9BE 		.ascii	"9\337\371\276s\3568\004\322O\217$:\312\337\323\374C\200 \272"
 150      73EE 3804 
 150      D24F 8F24 
 150      3ACA DFD3 
 150      FC43 8020 
 151 006c 1789 DA3D 		.ascii	"\027\211\332=\001\307.\244]\314z\216\220\205gD*\344\276\365H"
 151      01C7 2EA4 
 151      5DCC 7A8E 
 151      9085 6744 
 151      2AE4 BEF5 
 152 0081 55B9 80C6 		.ascii	"U\271\200\306\225\007J\n\351\270H\n\207P\004<\363\322\324\277"
 152      9507 4A0A 
 152      E9B8 480A 
 152      8750 043C 
 152      F3D2 D4BF 
 153 0095 C596 C0F5 		.ascii	"\305\226\300\365\336\356\017\341\372A\245R\352\343\247\317\247"
 153      DEEE 0FE1 
 153      FA41 A552 
 153      EAE3 A7CF 
 153      A7
 154 00a6 6655 BA36 		.ascii	"fU\2726\315%K\202p2\202\023\021]v\020\365\304\241\251\355\314"
 154      CD25 4B82 
 154      7032 8213 
 154      115D 7610 
 154      F5C4 A1A9 
 155 00bc B290 87A0 		.ascii	"\262\220\207\240\327\376\352x\321\213\336\321i\305\345\271p\207"
 155      D7FE EA78 
 155      D18B DED1 
 155      69C5 E5B9 
 155      7087 
 156 00ce 2AB6 D771 		.ascii	"*\266\327q\036\206 w\247\222\216]\313m\367V\007:\024?u\030FT"
 156      1E86 2077 
 156      A792 8E5D 
 156      CB6D F756 
 156      073A 143F 
 157 00e6 9333 EB5D 		.ascii	"\2233\353]\004\330\242\320\b\007\r\274|2\035\226\207\r\371\273"
 157      04D8 A2D0 
 157      0807 0DBC 
 157      7C32 1D96 
 157      870D F9BB 
 158 00fa AE6B CA2D 		.ascii	"\256k\312-\223\277\312\034\330!\277\267\227\034#\210f\317\024"
 158      93BF CA1C 
 158      D821 BFB7 
 158      971C 2388 
 158      66CF 14
 159 010d 55A9 E4AB 		.ascii	"U\251\344\253\342L\340\371\344W\257\022\244\031\2059s)-\021\344"
 159      E24C E0F9 
 159      E457 AF12 
 159      A419 8539 
 159      7329 2D11 
 160 0122 97F0 0C5A 		.ascii	"\227\360\fZa\320\020\003l\361\007\253\340V\375\024\202?r\r)m"
 160      61D0 1003 
 160      6CF1 07AB 
 160      E056 FD14 
 160      823F 720D 
 161 0138 C4A8 B28A 		.ascii	"\304\250\262\212\372\322\217\227\202\277\204.L\030E\204t\b\313"
 161      FAD2 8F97 
 161      82BF 842E 
 161      4C18 4584 
 161      7408 CB
 162 014b D9EB 8819 		.ascii	"\331\353\210\031\215\031\2263\306\311\2745\321\304\314\222x$"
 162      8D19 9633 
 162      C6C9 BC35 
 162      D1C4 CC92 
 162      7824 
 163 015d 9ABA 46DB 		.ascii	"\232\272F\333\352\372\276\322\343\312#\306\342\350\374DV\224"
 163      EAFA BED2 
 163      E3CA 23C6 
 163      E2E8 FC44 
 163      5694 
 164 016f 2DCE CC55 		.ascii	"-\316\314U\355X\314\356\263x\037Q_\nZGj\263s}\300\375\277\272"
 164      ED58 CCEE 
 164      B378 1F51 
 164      5F0A 5A47 
 164      6AB3 737D 
 165 0187 1AAE D601 		.ascii	"\032\256\326\001\246rI`o\267\t9\243k\034\001_\272e\232\351\334"
 165      A672 4960 
 165      6FB7 0939 
 165      A36B 1C01 
 165      5FBA 659A 
 166 019d 58C4 22A1 		.ascii	"X\304\"\241\335.\035\223](|{\037Ln\251\313J\3250vE\332\021n,"
 166      DD2E 1D93 
 166      5D28 7C7B 
 166      1F4C 6EA9 
 166      CB4A D530 
 167 01b7 BC79 1AEA 		.ascii	"\274y\032\352\307\355vep\027\017\221\304\003\355R\037NM\255\312"
 167      C7ED 7665 
 167      7017 0F91 
 167      C403 ED52 
 167      1F4E 4DAD 
 168 01cc 86AC D173 		.ascii	"\206\254\321s\226[\213<\372\301\365\310\226\307\004\032L\357"
 168      965B 8B3C 
 168      FAC1 F5C8 
 168      96C7 041A 
 168      4CEF 
 169 01de 5E07 4C83 		.ascii	"^\007L\203\264^\372\002Go|\031\334W\224\215\360d\360\bIb\211"
 169      B45E FA02 
 169      476F 7C19 
 169      DC57 948D 
 169      F064 F008 
 170 01f5 6919 64D1 		.ascii	"i\031d\321~_\346\017l\202\347K&\0172\2430t\303\272?\236\215Y"
 170      7E5F E60F 
 170      6C82 E74B 
 170      260F 32A3 
 170      3074 C3BA 
 171 020d BC39 518E 		.ascii	"\2749Q\216\252`\263\314\234\357\\\310\205\354\f\201I3C\361oJ"
 171      AA60 B3CC 
 171      9CEF 5CC8 
 171      85EC 0C81 
 171      4933 43F1 
 172 0223 1C64 86E4 		.ascii	"\034d\206\344\020\377Q\354\220,,\310n\f3h\025\035K\376AK\253"
 172      10FF 51EC 
 172      902C 2CC8 
 172      6E0C 3368 
 172      151D 4BFE 
 173 023a 395F CCDF 		.ascii	"9_\314\337\030\252\262\234A\024\314\244i\223\351y\350\342j>\301"
 173      18AA B29C 
 173      4114 CCA4 
 173      6993 E979 
 173      E8E2 6A3E 
 174 024f 62E4 48FE 		.ascii	"b\344H\376\322&\027\322\310\255\374\020\313\255\220\223\225\\"
 174      D226 17D2 
 174      C8AD FC10 
 174      CBAD 9093 
 174      955C 
 175 0261 CAD5 376D 		.ascii	"\312\3257m\203[\261\22217M\323\223\276\211\340\0036]{\276\255"
 175      835B B192 
 175      3137 4DD3 
 175      93BE 89E0 
 175      0336 5D7B 
 176 0277 B125 D116 		.ascii	"\261%\321\026;\036kL\2646_<\327\024\217\305\342-\307\232\310"
 176      3B1E 6B4C 
 176      B436 5F3C 
 176      D714 8FC5 
 176      E22D C79A 
 177 028c 6D8A B7B5 		.ascii	"m\212\267\265$\320,[\343\027\376\002\317\2550-"
 177      24D0 2C5B 
 177      E317 FE02 
 177      CFAD 302D 
 178               		.text
 179               		.section	.gnu.lto_matrix_io_delay.b027efe944bd693f,"",@progbits
 180 0000 789C 6D52 		.string	"x\234mRAk\023A\024\2367\263I[\265M\217\201\266\020\305\034z\351\376\005\301\273\007\375\0
 180      416B 1341 
 180      149E 37B3 
 180      495B B54D 
 180      8F81 B610 
 181 0068 3E20 18F0 		.string	"> \030\360\231W\214Mvs"
 181      9957 8C4D 
 181      7673 00
 182 0073 DAC8 6E60 		.string	"\332\310n`y\016y\370\311w9<\233\372\322\344\303\025\211\313\263\267\317\026\245\035\266\0
 182      790E 79F8 
 182      C977 393C 
 182      9BFA D2E4 
 182      C315 89CB 
 183 00c9 1AC2 9D97 		.string	"\032\302\235\2277?\365\021\344\020Ax\273\2758\323'\006\200\230\327>:\265\303\321E\222\222
 183      373F F511 
 183      E410 4178 
 183      BBBD 38D3 
 183      2706 8098 
 184 0111 8618 5AF0 		.ascii	"\206\030Z\360fW\357\206\377\215\341\2267\3270\0016QQ|\256\304"
 184      6657 EF86 
 184      FF8D E196 
 184      37D7 3001 
 184      3651 517C 
 185 0127 5FD4 CAE5 		.ascii	"_\324\312\345.qR\355\257n\270\317{\310HAz\263+\307\347\247\245"
 185      2E71 52ED 
 185      AF6E B8CF 
 185      7BC8 4841 
 185      7AB3 2BC7 
 186 013e 32A3 41FD 		.ascii	"2\243A\375\240\031\244\177X\273U\r\210S\252\264\261i\267C\235"
 186      A019 A47F 
 186      58BB 550D 
 186      8853 AAB4 
 186      B169 B743 
 187 0153 0CEE F537 		.ascii	"\f\356\3657G\026\244;\031\241\030\313\377\255\334?\\h@\024\034"
 187      4716 A43B 
 187      19A1 18CB 
 187      FFAD DC3F 
 187      5C68 4014 
 188 0168 32F5 1082 		.ascii	"2\365\020\202\030\362\021zl\250\240\253\325\312\347\277A{\016"
 188      18F2 117A 
 188      6CA8 A0AB 
 188      D5CA E7BF 
 188      417B 0E
 189 017b 047D DC09 		.ascii	"\004}\334\t\352\256\317\205T\215\243j\356<}W\357\2451k\340\t"
 189      EAAE CF85 
 189      548D A36A 
 189      EE3C 7D57 
 189      EFA5 316B 
 190 0191 5841 C9AF 		.ascii	"XA\311\257Pr7\346\2008$\335l~\177\337\225\337UMm\021\3609W\272"
 190      5072 37E6 
 190      8038 24DD 
 190      6C7E 7FDF 
 190      95DF 554D 
 191 01ab F004 F28C 		.ascii	"\360\004\362\214\370\266\b\252\371\331\333^P\375q\232\027~\341"
 191      F8B6 08AA 
 191      F9D9 DB5E 
 191      50FD 719A 
 191      177E E1
 192 01be 0A38 FB41 		.ascii	"\n8\373A\203\3007(HAPek\341P\361\022\340\225\b_\260b\351\234"
 192      83C0 3728 
 192      4841 5065 
 192      6BE1 50F1 
 192      12E0 9508 
 193 01d7 65EA 662C 		.ascii	"e\352f,\227I^2\342\343\2469\236\036\2113\3150\254\3541\335\312"
 193      9749 5E32 
 193      E2E3 A639 
 193      9E1E 8933 
 193      CD30 ACEC 
 194 01ee 66F4 54F2 		.ascii	"f\364T\362\234\036\273\230\321\223\351x\312J\214\352V.\231\322"
 194      9C1E BB98 
 194      D193 E978 
 194      CA4A 8CEA 
 194      562E 99D2 
 195 0202 13A3 A9D8 		.ascii	"\023\243\251\330\345\221\363\354\220a\344\222\361\261\254\221"
 195      E591 F3EC 
 195      9061 E492 
 195      F1B1 AC91 
 196 0212 8807 706B 		.ascii	"\210\007pkN\374\006t\306\356\324"
 196      4EFC 0674 
 196      C6EE D4
 197               		.text
 198               		.section	.gnu.lto_matrix_output_select_delay.b027efe944bd693f,"",@progbits
 199 0000 789C 258D 		.ascii	"x\234%\215\275jBQ\020\204w\366\004\265\221XJb\021K\033}\227\274"
 199      BD6A 4251 
 199      1084 77F6 
 199      04B5 9158 
 199      4A62 114B 
 200 0018 4022 5629 		.ascii	"@\"V)\256\222\240`w\327\237\203\226i\362\f&i\304\362\246\222"
 200      AE92 A060 
 200      77D7 9F83 
 200      9669 F20C 
 200      2669 C4F2 
 201 002e 80AD 2F60 		.ascii	"\200\255/`\023R\204\020\202\0300X\210\036wu`8\0133g\2763\002"
 201      1352 8410 
 201      8218 3058 
 201      881E 7775 
 201      6038 0B33 
 202 0046 99DE D417 		.ascii	"\231\336\324\027\352K5\034\201\037\347D\235\f\003vH\006\0243"
 202      EA4B 351C 
 202      811F E744 
 202      9D0C 0376 
 202      4806 1433 
 203 005a 62FC F38E 		.ascii	"b\374\363\216\361>\370J\2704\022\325\307ly\333\023\237\367\216"
 203      F13E F84A 
 203      B834 12D5 
 203      C76C 79DB 
 203      139F F78E 
 204 006e 28F0 7189 		.ascii	"(\360q\2110B\211\264\3669\331?eS}\253]\235B<#e\270\361\365TB"
 204      3042 89B4 
 204      F639 D93F 
 204      6553 7DAB 
 204      5D9D 423C 
 205 0089 E889 6C8B 		.ascii	"\350\211l\213\312\242\225fF\371c\266\327}\243/\001V\266\231$"
 205      CAA2 9566 
 205      46F9 63B6 
 205      D77D A32F 
 205      0156 B699 
 206 009e F95D A4E3 		.ascii	"\371]\244\343\235\fEr\336!\260.\340\005\261e\263\260\231\236"
 206      9D0C 4572 
 206      DE21 B02E 
 206      E005 B165 
 206      B3B0 999E 
 207 00b2 AFD9 3B06 		.ascii	"\257\331;\006\343\025\005\357\034\375\240+\356\370\331\264\322"
 207      E315 05EF 
 207      1CFD A02B 
 207      EEF8 D9B4 
 207      D2
 208 00c3 BA6E 2A21 		.ascii	"\272n*!\177\337\252\326\233\255\250\022U\233\017w\355\233Z#\212"
 208      7FDF AAD6 
 208      9BAD A812 
 208      559B 0F77 
 208      ED9B 5A23 
 209 00d8 1AF5 728D 		.ascii	"\032\365r\215\016\"!L_"
 209      0E22 214C 
 209      5F
 210               		.text
 211               		.section	.gnu.lto_matrix_output_unselect_delay.b027efe944bd693f,"",@progbits
 212 0000 789C 258D 		.ascii	"x\234%\215\261j\002a\020\204w\366\227\323F\260\024m\222\322&"
 212      B16A 0261 
 212      1084 77F6 
 212      97D3 46B0 
 212      146D 92D2 
 213 0015 7917 5F40 		.ascii	"y\027_@\305\312\342\024\203\202\335mr9\222R\020\237\341\222J"
 213      C5CA E214 
 213      8382 DD6D 
 213      7239 9252 
 213      109F E192 
 214 002a 2CAF 933C 		.ascii	",\257\223<\200/`#\202\"\"\301\024\226\372gW\007\206]\230\341"
 214      802F 6023 
 214      8222 22C1 
 214      1496 FA67 
 214      5707 865D 
 215 0040 9B1C 814C 		.ascii	"\233\034\201L\251\272\242\256\252\341\b<^\022\275\026\030\260"
 215      A9BA A2AE 
 215      AAE1 083C 
 215      5E12 BD16 
 215      18B0 
 216 0052 470A A088 		.ascii	"G\n\240\210\021\341\314\027\306\317\307.\343Z*\252\365\366\267"
 216      11E1 CC17 
 216      C6CF C72E 
 216      E35A 2AAA 
 216      F5F6 B7
 217 0065 194B 524E 		.ascii	"\031KRN\034\221\347\033\211\220\242FZ\333\314\257\323b\360n\265"
 217      1C91 E71B 
 217      8990 A246 
 217      5ADB CCAF 
 217      D362 F06E 
 218 007a 877B 882F 		.ascii	"\207{\210/\00467\253/\304\373X\304?\352\026\2354\263\225?f\273"
 218      0436 37AB 
 218      2FC4 FB58 
 218      C43F EA16 
 218      9D34 B395 
 219 0091 6E8F 5826 		.ascii	"n\217X&\201\225\r\223e\307U>\272\310\247H)q\360\254\004|#\242"
 219      8195 0D93 
 219      65C7 553E 
 219      BAC8 A748 
 219      2971 F0AC 
 220 00a9 C431 1DF0 		.ascii	"\3041\035\360&\356\3264\2354S\200\342\312\375a\253;\030\206\317"
 220      26EE D634 
 220      9D34 5380 
 220      E2CA FD61 
 220      AB3B 1886 
 221 00be 616B F0D2 		.ascii	"ak\360\322\0315\332\2750\354u\237\332\364\0173\272E2"
 221      1935 DABD 
 221      30EC 759F 
 221      DAF4 0F33 
 221      BA45 32
 222               		.text
 223               		.section	.gnu.lto_matrix_init_custom.b027efe944bd693f,"",@progbits
 224 0000 789C 6361 		.string	"x\234ca`d"
 224      6064 00
 225 0007 812A 2096 		.string	"\201* \226\002bi fdf`d\232p\216\201\241\221\203\211\221\021\304h\340`d\250gb\254g\374\312
 225      0262 6920 
 225      6664 6660 
 225      649A 708E 
 225      81A1 9183 
 226 004f 2A7B B4F1 		.string	"*{\264\361\337T^\266\026\2202\005\210$\343\nF6\220u\353\203\0164\374\377\337\334\320p[\22
 226      DF54 5EB6 
 226      1690 3205 
 226      8824 E30A 
 226      4636 9075 
 227 00a4 00        		.string	""
 228 00a5 80FD 3576 		.ascii	"\200\3755v"
 229               		.text
 230               		.section	.gnu.lto_matrix_scan_custom.b027efe944bd693f,"",@progbits
 231 0000 789C 254F 		.string	"x\234%O=K\003Q\020\334yO\216\240$\332\b\201\\a\027\256Q\301\177\342\037\210\341\260\260\2
 231      3D4B 0351 
 231      10DC 794F 
 231      8EA0 24DA 
 231      0881 5C61 
 232 00ea 5C42 1717 		.ascii	"\\B\027\027\001\224(\262b=\251\206q\022\254\005\3258\332\331"
 232      0194 28B2 
 232      623D A986 
 232      7112 AC05 
 232      D538 DAD9 
 233 00fe ADF8 B520 		.ascii	"\255\370\265 \250\205\253>\025\374$\212\266\303\270\362\377\361"
 233      A885 AB3E 
 233      15FC 248A 
 233      B6C3 B8F2 
 233      FFF1 
 234 0110 0703 0862 		.ascii	"\007\003\bb\377"
 234      FF
 235               		.text
 236               		.section	.gnu.lto_matrix_init.b027efe944bd693f,"",@progbits
 237 0000 789C 7552 		.ascii	"x\234uRMKTQ\030~\237s\356\235{\032-\334TB\263p\343\302M6\364"
 237      4D4B 5451 
 237      187E 9F73 
 237      EE9D 7B1A 
 237      2DDC 5442 
 238 001b 035A B60C 		.ascii	"\003Z\266\fZ\324\262\304\225\213Q\n\205vsf\356\334\246\017\220"
 238      5AD4 B2C4 
 238      958B 510A 
 238      8576 7366 
 238      EEDC A60F 
 239 0030 36EA 4671 		.ascii	"6\352Fq\021\341\3649N\345\307\b\0237K\242\222\\\205B\020\352"
 239      11E1 F439 
 239      4EE5 C708 
 239      1337 4BA2 
 239      925C 8542 
 240 0046 4242 5C34 		.ascii	"BB\\4\203\025\004:\275\347\236\t$\233\013\367\236s\337\217\347"
 240      8315 043A 
 240      BDE7 9E09 
 240      249B 0BF7 
 240      9E73 DF8F 
 241 005b 79DE 0F87 		.ascii	"y\336\017\207@\346\351\226D\t>/\360\213\030A\334\373D\224Q\002"
 241      40E6 E996 
 241      4409 3E2F 
 241      F08B 1841 
 241      DCFB 4494 
 242 0071 8EBD 487B 		.ascii	"\216\275H{y\255\034!\313KD:\356\256*\322\255.`\354Z\201\322B"
 242      79AD 1C21 
 242      CB4B 443A 
 242      EEAE 2AD2 
 242      AD2E 60EC 
 243 0089 3A2E D2C2 		.ascii	":.\322\302!\204\200\212>\006\372\207\330\023X\314o\225E\327\224"
 243      2184 808A 
 243      3E06 FA87 
 243      D813 58CC 
 243      6F95 45D7 
 244 009e E667 7DA9 		.ascii	"\346g}\251v\325\327A{\300\224u\021\261\023\246\320E\034\266Y"
 244      76D5 D741 
 244      7BC0 9475 
 244      11B1 13A6 
 244      D045 1CB6 
 245 00b3 DA1F 391A 		.ascii	"\332\0379\032\313\231\260\016\353D\0011\226\bv>\370\370\346\325"
 245      CB99 B00E 
 245      EB44 0131 
 245      9608 763E 
 245      F8F8 E6D5 
 246 00c7 3179 0A26 		.ascii	"1y\n&p\355\356\260v;\357k\235\325\341D\376xN\207\231\216@\002"
 246      70ED EEB0 
 246      763B EF6B 
 246      9DD5 E144 
 246      FE78 4E87 
 247 00df 0F21 390D 		.ascii	"\017!9\rg\0238\223\260\310\217\320Y\274\030\352z\335\327\341"
 247      6713 3893 
 247      B0C8 8FD0 
 247      59BC 18EA 
 247      7ADD D7E1 
 248 00f3 88F7 75ED 		.ascii	"\210\367u\355\227jAdu)\220BEW\242\357\314\305\005U\205\340C~"
 248      976A 4164 
 248      7529 9042 
 248      4557 A2EF 
 248      CCC5 0555 
 249 010b 831F 8EBD 		.ascii	"\203\037\216\275\023\206\333\220\225\313;_\274\364\236\276\245"
 249      1386 DB90 
 249      95CB 3B5F 
 249      BCF4 9EBE 
 249      A5
 250 011c 755B 2099 		.ascii	"u[ \231\300\bz\2144\0038\264\211\254Q\360\217\370\b5\312'<\341"
 250      C008 7A8C 
 250      3403 38B4 
 250      89AC 51F0 
 250      8FF8 0835 
 251 0134 0AF8 9723 		.ascii	"\n\370\227#F\203\305\025oW\030\241\204\2470\n\253B\0227Tn![\313"
 251      4683 C515 
 251      6F57 18A1 
 251      84A7 300A 
 251      AB42 1237 
 252 014d EF8F 5F32 		.ascii	"\357\217_2\321\276t}\tb\323\356\372Ic8\230\352\342\260$\3676"
 252      D1BE 747D 
 252      0962 D3EE 
 252      FA49 6338 
 252      98EA E2B0 
 253 0164 F7D2 98B7 		.ascii	"\367\322\230\267\227?\277\215Ob\"\243#{\fE\244\361\314\020\031"
 253      973F BF8D 
 253      4F62 22A3 
 253      237B 0C45 
 253      A4F1 CC10 
 254 0179 67A5 B221 		.ascii	"g\245\262!\223E\243O_\016\244\207iL\202\271\2426\225\220<\310"
 254      9345 A34F 
 254      5F0E A487 
 254      694C 82B9 
 254      A236 9590 
 255 018f E2B1 C0E7 		.ascii	"\342\261\300\347\234g4L\357T\335\206\212C\264\370?\355\213&\264"
 255      9C67 344C 
 255      EF54 DD86 
 255      8A43 B4F8 
 255      3FED 8B26 
 256 01a4 E70C F2CB 		.ascii	"\347\f\362\313\003\2643H6x\374\321\233?\307ga\353W\\?\247\316"
 256      03B4 3348 
 256      3678 FCD1 
 256      9B3F C767 
 256      61EB 575C 
 257 01bb E497 4B71 		.ascii	"\344\227Kq\333/`\226\3036!\376\266\223\203\242\3669\304\013("
 257      DB2F 6096 
 257      C336 21FE 
 257      B693 83A2 
 257      F639 C40B 
 258 01d0 790A 6D64 		.ascii	"y\nmd\315\240\r\344V\374\023\026\311\300\274\3770Vh\2650\036"
 258      CDA0 0DE4 
 258      56FC 1316 
 258      C9C0 BCFF 
 258      3056 68B5 
 259 01e6 E6A2 B653 		.ascii	"\346\242\266S\215\021y\002\242\300\255Vr\276\205\221\\;\372\\"
 259      8D11 7902 
 259      A2C0 AD56 
 259      72BE 8591 
 259      5C3B FA5C 
 260 01fa 38D7 6CF4 		.ascii	"8\327l\364\252\316\373A\230\347\321\263\357\316\357\325aea\025"
 260      AACE FB41 
 260      98E7 D1B3 
 260      EFCE EFD5 
 260      6165 6115 
 261 020e CA48 04F2 		.ascii	"\312H\004\362\b\231\315Y\360\232.\016\217\t\013\215\305\331\346"
 261      0899 CD59 
 261      F09A 2E0E 
 261      8F09 0B8D 
 261      C5D9 E6
 262 0221 C5A9 9CB7 		.ascii	"\305\251\234\267;Bf\003\301\374\f\337~m\250\247\177p(\325\235"
 262      3B42 6603 
 262      C1FC 0CDF 
 262      7E6D A8A7 
 262      7F70 28D5 
 263 0236 EA19 BCDE 		.ascii	"\352\031\274\336w\343J\357@*5\320\177\272\227\320\367\007\327"
 263      77E3 4AEF 
 263      402A 35D0 
 263      7FBA 97D0 
 263      F707 D7
 264 0249 E71E AA   		.ascii	"\347\036\252"
 265               		.text
 266               		.section	.gnu.lto_matrix_scan.b027efe944bd693f,"",@progbits
 267 0000 789C 8D91 		.string	"x\234\215\221\317KTQ\024\307\317\367^\233\367&\032q)\370\026\"\270p\223A\004m\374'\372\00
 267      CF4B 5451 
 267      14C7 CFF7 
 267      5E9B F726 
 267      1A71 29F8 
 268 0071 3918 17E4 		.ascii	"9\030\027\344+\370\370\246\216\024&\313\023o;\007\352\306\344"
 268      2BF8 F8A6 
 268      8E14 26CB 
 268      136F 3B07 
 268      EAC6 E4
 269 0084 CD3B DB18 		.ascii	"\315;\333\030\177nl\267\325D\241\"\\\364p\301\023\211:\006\210"
 269      7F6E 6CB7 
 269      D544 A122 
 269      5CF4 70C1 
 269      1389 3A06 
 270 0099 530F 2AEF 		.ascii	"S\017*\357sq\335\0039\333\332\233b\274\277&e\301V)Q4A\256\327"
 270      7371 DD03 
 270      39DB DA9B 
 270      62BC BF26 
 270      65C1 5629 
 271 00b2 6AE0 3EF4 		.ascii	"j\340>\364\337\245$\271{\213\307\345D\254hx\365b\026\375\"\316"
 271      DFA5 24B9 
 271      7B8B C7E5 
 271      44AC 6878 
 271      F562 16FD 
 272 00c8 AA0F 1063 		.ascii	"\252\017\020c\\Hd\341J`\302\260`\202M\347\340\307/\327af\216"
 272      5C48 64E1 
 272      4A60 C2B0 
 272      6082 4DE7 
 272      E0C7 2FD7 
 273 00df C648 48E8 		.ascii	"\306HH\350\023g\013\367g\245d\327\373(JK\251/h\315\372\353\353"
 273      1367 0BF7 
 273      67A5 64D7 
 273      FB28 4A4B 
 273      A92F 68CD 
 274 00f6 1F77 1DFF 		.ascii	"\037w\035\377\310\3346\246\313j\025*\221\235\203/\275+\366\331"
 274      C8DC 36A6 
 274      CB6A 152A 
 274      919D 832F 
 274      BD2B F6D9 
 275 010a 86F3 5559 		.ascii	"\206\363UY\255#\354\177S\365\035\335$<|\265\375\342l\025S9\023"
 275      AD23 EC7F 
 275      53F5 1DDD 
 275      243C 7CB5 
 275      FDE2 6C15 
 276 0121 C53B F090 		.ascii	"\305;\360\220\237g\036^\364s\246\361s\373\\\263\306T!J\217P\205"
 276      9F67 1E5E 
 276      F473 A6F1 
 276      73FB 5CB3 
 276      C654 214A 
 277 0138 B427 2CC0 		.ascii	"\264',\300\267\372\f\355!o.E\206\030\233\241h\037\245`\347\245"
 277      B7FA 0CED 
 277      216F 2E45 
 277      8618 9BA1 
 277      681F A560 
 278 014e 8A92 4EB4 		.ascii	"\212\222N\264\215\205\354\204\360\270I\370\277H\213m\220\206"
 278      8D85 EC84 
 278      F0B8 49F8 
 278      BF48 8B6D 
 278      9086 
 279 0160 84E8 498B 		.ascii	"\204\350I\213\350)\374\323Dq\272\350R\033\321\254\210.\267DW"
 279      E829 FCD3 
 279      4471 BAE8 
 279      521B D1AC 
 279      882E B744 
 280 0175 22D1 BB8D 		.ascii	"\"\321\273\215\235{\256\274%\301\305*<6j\265\303^\013\301n;\257"
 280      9D7B AEBC 
 280      25C1 C52A 
 280      3C36 6AB5 
 280      C35E 0BC1 
 281 018c 6EA8 D810 		.ascii	"n\250\330\020\326\330\253\325q\372\200\374\227\322\367\351\313"
 281      D6D8 ABD5 
 281      71FA 80FC 
 281      97D2 F7E9 
 281      CB
 282 019d CDE1 C9FC 		.ascii	"\315\341\311\374\350\020\352\317\215\242aC\206\314\357\323}3"
 282      E810 EACF 
 282      8DA2 6143 
 282      86CC EFD3 
 282      7D33 
 283 01af 9BCC 8C65 		.ascii	"\233\314\214e\323\203\351\344\330\255\033\343\303\251\321tz4"
 283      D383 E9E4 
 283      D8AD 1BE3 
 283      C3A9 D174 
 283      7A34 
 284 01c1 733E 454E 		.ascii	"s>EN\352z2s\355\352\310o\213R\366\212"
 284      EA7A 3273 
 284      EDEA C86F 
 284      8B52 F68A 
 285               		.text
 286               		.section	.gnu.lto_peek_matrix.b027efe944bd693f,"",@progbits
 287 0000 789C 6D51 		.ascii	"x\234mQ[KTQ\024\336k\257s\231\031\347b\320\203\320\301|\211i"
 287      5B4B 5451 
 287      14DE 6BAF 
 287      7399 19E7 
 287      62D0 83D0 
 288 0018 0A1A AD9E 		.ascii	"\n\032\255\236\373\017\365\007l\230z\020\232\031\032\024}\233"
 288      FB0F F507 
 288      6C98 7A10 
 288      9A19 1A14 
 288      7D9B 
 289 002a ADC7 9309 		.ascii	"\255\307\223\t=\bb\321CH\017\246M\027\033KCp\242\213D\017V\004"
 289      3D08 62D1 
 289      4348 0FA6 
 289      4D17 1B4B 
 289      4370 A28B 
 290 0042 5684 4119 		.ascii	"V\204A\031\022$\202\315Po\351\270\326>\023\225\315\201\263\366"
 290      1224 82CD 
 290      506F E9B8 
 290      D63E 1395 
 290      CD81 B3F6 
 291 0056 DADF 5ADF 		.ascii	"\332\337Z\337\371\276\263\226!@\360\323\206B\034\245\363\004"
 291      F9BE B396 
 291      2140 F0D3 
 291      8642 1CA5 
 291      F304 
 292 0068 BD60 0990 		.ascii	"\275`\t\220#\257\204\350\017H\211\013\255B\205\214\345\244Pa"
 292      23AF 84E8 
 292      0F48 890B 
 292      AD42 858C 
 292      E5A4 5061 
 293 007c 04D3 878D 		.ascii	"\004\323\207\215\337\211\t\300\211\n\200(H4L(\300O\271%atl\344"
 293      DF89 09C0 
 293      890A 8028 
 293      4834 4C28 
 293      C04F B925 
 294 0094 5334 31A9 		.ascii	"S41\251\324\200\372<\261}\372\231\362Z<R\250I\001\307\034hwX"
 294      D480 FA3C 
 294      B17D FA99 
 294      F25A 3C52 
 294      A849 01C7 
 295 00ac 6512 12D4 		.ascii	"e\022\022\324\271Y\274z\034\367\201\240t\366\335\303\227f|\202"
 295      B959 BC7A 
 295      1CF7 81A0 
 295      74F6 DDC3 
 295      9766 7C82 
 296 00c0 49EA CD1E 		.ascii	"I\352\315\036\205\036\002L\001\376!\021 \340&\304\251\2674U\036"
 296      851E 024C 
 296      01FE 2111 
 296      20E0 26C4 
 296      A9B7 3455 
 297 00d5 053C A079 		.ascii	"\005<\240y\037\324\363MY\347]\271 U;\023\213\377\021oi\242\367"
 297      1FD4 F34D 
 297      59E7 5DB9 
 297      2055 3B13 
 297      8BFF 116F 
 298 00ec 64A3 2831 		.ascii	"d\243(1\251\2117\276]\272\036\253\023\337\373D\001\267\377%\222"
 298      A989 37BE 
 298      5DBA 1EAB 
 298      13DF FB44 
 298      01B7 FF25 
 299 0101 D13B 10E7 		.ascii	"\321;\020\347\356/\245\355\261\2105\250\350i\343?\241\312]\260"
 299      EE2F A5ED 
 299      B188 35A8 
 299      E869 E33F 
 299      A1CA 5DB0 
 300 0115 787C D3A7 		.ascii	"x|\323\247\036\253Z\315U\252bY\315@$)\201Yd\203\334\032\fX\024"
 300      1EAB 5ACD 
 300      55AA 6259 
 300      CD40 2429 
 300      8159 6483 
 301 012e D0E6 2CC0 		.ascii	"\320\346,\300!\310\327\020gM\300\306\302\234F8D9\304\264\260"
 301      21C8 D710 
 301      674D C0C6 
 301      C29C 4638 
 301      4439 C4B4 
 302 0143 F84E 223C 		.ascii	"\370N\"<\336\212\224|\342*\f\256\2703{Y\326E\036\363e\357\351"
 302      DE8A 947C 
 302      E22A 0CAE 
 302      B833 7B59 
 302      D645 1EF3 
 303 015a 6BFB 8764 		.ascii	"k\373\207d\333\002\246\301\321\253\254H\024\013\255\370\025\006"
 303      DB02 A6C1 
 303      D1AB AC48 
 303      140B ADF8 
 303      1506 
 304 016c AA43 8BFB 		.ascii	"\252C\213\373\375f\303E\024\204<\002\377n\375M6\3640\346\347"
 304      FD66 C345 
 304      1484 3C02 
 304      FF6E FD4D 
 304      36F4 30E6 
 305 0181 3756 ECC2 		.ascii	"7V\354\302\226\272\250T3a\303l\200\340\365\245\267\213\241q\270"
 305      96BA A854 
 305      3361 C36C 
 305      80E0 F5A5 
 305      B78B A171 
 306 0196 D6AF 346E 		.ascii	"\326\2574nB\211v|\217\245\270X.\257bG\322C\013f`\034H\207\r\300"
 306      4289 767C 
 306      8FA5 B858 
 306      2EAF 6247 
 306      D243 0B66 
 307 01b0 7DE8 105A 		.ascii	"}\350\020Z~\355\240/g\223\242vf\210\345\244\357l-\341\227\002"
 307      7EED A02F 
 307      6793 A276 
 307      6688 E5A4 
 307      EF6C 2DE1 
 308 01c6 BB9C 051B 		.ascii	"\273\234\005\033Y\201\306V\0364\2662\253\255\004\264\225\271"
 308      5981 C656 
 308      1E34 B632 
 308      ABAD 04B4 
 308      95B9 
 309 01d8 DD56 4224 		.ascii	"\335VB$\241\255\230z\244\272\366\321\361ka\027\233\250\333\255"
 309      A1AD 987A 
 309      A4BA F6D1 
 309      F16B 6117 
 309      9BA8 DBAD 
 310 01ec 5AFE 3DE2 		.ascii	"Z\376=\342\"}(\314\320\257:\024%\024\016;\f\315\r-\325y1\302"
 310      227D 28CC 
 310      D0AF 3A14 
 310      2514 0E3B 
 310      0CCD 0D2D 
 311 0204 E190 23D6 		.ascii	"\341\220#\326A\326\001R\250\002qm|q\2224\r\336%\260 m\264\345"
 311      41D6 0152 
 311      A802 716D 
 311      7C71 9234 
 311      0DDE 25B0 
 312 021c 7C4F 2ADB 		.ascii	"|O*\333\335\223IfR\335\371\256\276\316t.\223\311e\217\244E0\237"
 312      DD93 4966 
 312      52DD F9AE 
 312      BECE 742E 
 312      93C9 658F 
 313 0234 EBED ECCA 		.ascii	"\353\355\354\312\2369\333\027L\347\316\371\031\346S\275;y\365"
 313      9E39 DB17 
 313      4CE7 CEF9 
 313      19E6 53BD 
 313      3B79 F5
 314 0247 0468      		.ascii	"\004h"
 315               		.text
 316               		.section	.gnu.lto_.symbol_nodes.b027efe944bd693f,"",@progbits
 317 0000 789C 55CE 		.string	"x\234U\316\311M\303`\030\204\341\031;\001B\234\3051\331\340"
 317      C94D C360 
 317      1884 E119 
 317      3B01 429C 
 317      C531 D9E0 
 318 0015 9493 AAC6 		.string	"\224\223\252\306\001\223\260\b\b%\200\250\202\"\250\001$\037\271\262C\300\21690\247W\377\
 318      0193 B008 
 318      0825 80A8 
 318      8222 A801 
 318      241F B9B2 
 319 0039 08DE 2160 		.ascii	"\b\336!`q\2172w\351~!\257\020]>\240\300\345\r\n]>\241\232\313"
 319      718F 3277 
 319      E97E 21AF 
 319      105D 3EA0 
 319      C0E5 0D0A 
 320 0052 1754 77F9 		.ascii	"\027Tw\371\206\326L\352/\340\264W\236\261\204\326}\374\003m\270"
 320      86D6 4CEA 
 320      2FE0 B457 
 320      9EB1 84D6 
 320      7DFC 036D 
 321 0067 A454 C365 		.ascii	"\244T\303eJm\272\034PM\227C*r\311\250\226\313\021\325v\231Q\035"
 321      4A6D BA1C 
 321      504D 9743 
 321      2A72 C9A8 
 321      96CB 11D5 
 322 007f 9739 D5F5 		.ascii	"\2279\325\365\343\237\201\352\370c*\366\361\t\3253\341)\225\254"
 322      E39F 81EA 
 322      F863 2AF6 
 322      F109 D533 
 322      E129 95AC 
 323 0093 0448 D3BD 		.ascii	"\004H\323\275\002\316\250-\203s\252opI\r\f.\250\241\301\0255"
 323      02CE A82D 
 323      8373 AA6F 
 323      7049 0D0C 
 323      2EA8 A1C1 
 324 00a9 3258 50E3 		.ascii	"2XP\343\377\020\022\270yX2\f\203\252\215>n\3136\007\310\257\237"
 324      FF10 12B8 
 324      7958 320C 
 324      83AA 8D3E 
 324      6ECB 3607 
 325 00c0 76C3 6888 		.ascii	"v\303h\210\354\261x\267\206\225\267\243j\027w\376:F>+v\361\b"
 325      ECB1 78B7 
 325      8695 B7A3 
 325      6A17 77FE 
 325      3A46 3E2B 
 326 00d7 D9BC 68D2 		.ascii	"\331\274h\322\255<\331A\276\352\366\352?~\001\336\t\224?"
 326      AD3C D941 
 326      BEEA F6EA 
 326      3F7E 01DE 
 326      0994 3F
 327               		.text
 328               		.section	.gnu.lto_.refs.b027efe944bd693f,"",@progbits
 329 0000 789C 15C4 		.string	"x\234\025\304\301\r\2000\020\003\301\265/\211\221\362\312A\027\364\337\037b\0363\020/\240
 329      C10D 8030 
 329      1003 C1B5 
 329      2F89 91F2 
 329      CA41 17F4 
 330 0030 1C83 0128 		.ascii	"\034\203\001("
 331               		.text
 332               		.section	.gnu.lto_.decls.b027efe944bd693f,"",@progbits
 333 0000 789C 8D57 		.string	"x\234\215WiPT\331\025~\367\275nh\272\033Pt,b\341\022'F\377D\246bU*S\371\223\312\324L\362+
 333      6950 54D9 
 333      157E F7BD 
 333      6E68 BA1B 
 333      5074 2C62 
 334 002e 3B49 976C 		.ascii	";I\227lCw\217\343\217T=\331]\210\242\202,*\210\212\264\202,\202"
 334      4377 8FE3 
 334      8F54 3DD9 
 334      5D88 A282 
 334      2C2A 888A 
 335 0046 8AA2 340E 		.ascii	"\212\2424\016\b.\250,\202\214\210\210\242(\202l\"(\0169wy\375"
 335      082E A82C 
 335      828C 8888 
 335      A228 826C 
 335      2228 0E39 
 336 005d 6E33 FD26 		.ascii	"n3\375&\363\312\343\353{\356w\276\363\235s\227nt\002\022\360"
 336      F3CA E3EB 
 336      7BEE 77BE 
 336      F39D 7397 
 336      6E74 0212 
 337 0072 F38F C582 		.ascii	"\363\217\305\202pX\024\204\031\235 \314\303\263\024|\233\300"
 337      7058 1484 
 337      199D 20CC 
 337      C3B3 147C 
 337      9BC0 
 338 0084 F460 6560 		.ascii	"\364`e`\353\300\252\300\256\2005\b\364Y\016v\035\354\026\330"
 338      EBC0 AAC0 
 338      AE80 3508 
 338      F459 0E76 
 338      1DEC 16D8 
 339 0098 1DB0 76B0 		.ascii	"\035\260v\260{`\335`\275`\375`O\300\006\301\236\203\275\004\033"
 339      7B60 DD60 
 339      BD60 FD60 
 339      4FC0 06C1 
 339      9E83 BD04 
 340 00ad 011B 039B 		.ascii	"\001\033\003\233\004\233\005\233\003\233\007\363\003\031\006"
 340      049B 059B 
 340      039B 07F3 
 340      0319 06
 341 00bc 3033 D822 		.ascii	"03\330\"\260\020\260e`\241`\253\300@\232\360Kx\177\214\004\257"
 341      B010 B065 
 341      60A1 60AB 
 341      C040 9AF0 
 341      4B78 7F8C 
 342 00d2 07E7 474C 		.ascii	"\007\347GL\253\300>_\027~\374`\215\022\303\375\n@-\314/\2629"
 342      ABC0 3E5F 
 342      177E FC60 
 342      8D12 C3FD 
 342      0A40 2DCC 
 343 00e9 5F31 777C 		.ascii	"_1w|p\337\361\201k\377\t\356v\215\230{\214\257\212\343\276\347"
 343      70DF F181 
 343      6BFF 09EE 
 343      768D 987B 
 343      8CAF 8AE3 
 344 00ff 03D7 ED03 		.ascii	"\003\327\355\003\327\355\003\207\373\355/\320\265\301\330/\301"
 344      D7ED 0387 
 344      FBED 2FD0 
 344      B5C1 D82F 
 344      C1
 345 0110 C204 BA5E 		.ascii	"\302\004\272^\227\301\352\270\370^\366^\330\313~\201\256w\035"
 345      97C1 EAB8 
 345      F85E F65E 
 345      D8CB 7E81 
 345      AE77 1D
 346 0123 C7A1 C42B 		.ascii	"\307\241\304+\261\375\032\261x\235%\226\177-\314\r0\277\310\346"
 346      B1FD 1AB1 
 346      789D 2596 
 346      7F2D CC0D 
 346      30BF C8E6 
 347 0137 0C0B F0F8 		.ascii	"\f\013\360\370\031d\363\233\026\3247\350\243>\274\177\f\013j"
 347      1964 F39B 
 347      16D4 37E8 
 347      A33E BC7F 
 347      0C0B 6A
 348 014a ABE3 F4FD 		.ascii	"\253\343\364\375\032\002M,\207\304\360X+\336O\276\364\342\275"
 348      1A02 4D2C 
 348      87C4 F058 
 348      2BDE 4FBE 
 348      F4E2 BD
 349 015d E8CF 7287 		.ascii	"\350\317r\207\200\341\375\376\271\300\366:`\2039.\214\375\r\333"
 349      80E1 FDFE 
 349      B9C0 F63A 
 349      6083 392E 
 349      8CFD 0DDB 
 350 0171 970B 1FBC 		.ascii	"\227\013\037\274\237u\214\007\307\341s\242\304\212l\336W\334"
 350      9F75 8C07 
 350      C7E1 73A2 
 350      C48A 6CDE 
 350      57DC 
 351 0183 98A0 BD67 		.ascii	"\230\240\275g\306X\316\205\017>3\013\367\343\244\017\334,\323"
 351      C658 CE85 
 351      0F3E 330B 
 351      F7E3 A40F 
 351      DC2C D3
 352 0196 D4C0 D536 		.ascii	"\324\300\3256\315\305\314\372\210\301\347\320(\250k\361%\247"
 352      CDC5 CCFA 
 352      88C1 E7D0 
 352      28A8 6BF1 
 352      25A7 
 353 01a8 8BDF 431B 		.ascii	"\213\337C\033\300\367\021\253G\307\342\260\206e\354\314j\235"
 353      C0F7 11AB 
 353      47C7 E2B0 
 353      8665 ECCC 
 353      6A9D 
 354 01ba D379 C65F 		.ascii	"\323y\306_\305t\205#\225w\006\354\023\030\257D\336\275\320\261"
 354      C574 8523 
 354      9577 06EC 
 354      1318 AF44 
 354      DEBD D0B1 
 355 01ce 38AC 7715 		.ascii	"8\254w\025\273\013\264\370\361\375\361s\367\277\337O\360|\020"
 355      BB0B B4F8 
 355      F1FD F173 
 355      F7BF DF4F 
 355      F07C 10
 356 01e1 D1C3 16D7 		.ascii	"\321\303\026\327iiJD\353\214\b\337\204\301\340*\177U;\033H]\030"
 356      6969 4A44 
 356      EB8C 08DF 
 356      84C1 E02A 
 356      7F55 3B1B 
 357 01f8 71F7 F987 		.ascii	"q\367\371\207A\264\241T\206g\257,\213\242\032\353:\236Y\344'"
 357      41B4 A154 
 357      8667 AF2C 
 357      8BA2 1AEB 
 357      3A9E 59E4 
 358 020d 9908 AA2D 		.ascii	"\231\b\252-\271\342\020\346\t1\"\035\f\307[\363\236\004\301p"
 358      B9E2 10E6 
 358      0931 221D 
 358      0CC7 5BF3 
 358      9E04 C170 
 359 0221 A911 ADFE 		.ascii	"\251\021\255\376 \212W\322;;\f\310\270>]\226\023\3451Y\016\t"
 359      208A 57D2 
 359      3B3B 0CC8 
 359      B83E 5D96 
 359      13E5 3159 
 360 0237 1550 290A 		.ascii	"\025P)\nC\247Q"
 360      43A7 51
 361 023e 9880 CEA0 		.string	"\230\200\316\240\3658\227\013m\020P\t8O\202\263\030\247\353\357)YzF\226\027\2412dD\247\22
 361      F538 970B 
 361      6D10 5009 
 361      384F 82B3 
 361      18A7 EBEF 
 362 033f F34E CC4E 		.string	"\363N\314Nk\203y\256\270+\310Lv$\274\001\334\332\324\221\343/\375\035k\327\025\274\314\25
 362      6B83 79AE 
 362      B82B C84C 
 362      7624 BC01 
 362      DCDA D491 
 363 037a BF0A B479 		.string	"\277\n\264yr:\256\023;\213\225\375)\340!\252G\222\262\311\361\030Rft\347\357\016x\200z\22
 363      723A AE13 
 363      3B8B 95FD 
 363      29E0 21AA 
 363      4792 B2C9 
 364 039e 0121 E585 		.string	"\001!\345\205\360G2D\370#\036\210\002\273L\021u\021c/\006a\037U2\362\017\261\217\363\312C
 364      F047 3244 
 364      F823 1E88 
 364      02BB 4C11 
 364      7511 632F 
 365 043b F2AE A335 		.ascii	"\362\256\24358\272\272+\331$\355A\0322"
 365      38BA BA2B 
 365      D924 ED41 
 365      1A32 
 366 0449 9A3A 127F 		.string	"\232:\022\177\007\334\205\205\262\273w)\307{\303\303{\023xo\360\274\267\bonrk\261I:\242\3
 366      07DC 8585 
 366      B2BB 7729 
 366      C77B C3C3 
 366      7B13 786F 
 367 054a 5E45 1DD7 		.ascii	"^E\035\327\344GDE\237\242\242\262\271\344\027x\277\200\210\303"
 367      E447 4445 
 367      9FA2 A2B2 
 367      B9E4 1778 
 367      BF80 88C3 
 368 055e 35AC C947 		.ascii	"5\254\311GC0\n=TU<\344U\364\023\025\005\003\027\222\202\245\t"
 368      4330 0A3D 
 368      5455 3CE4 
 368      55F4 1315 
 368      0503 1792 
 369 0575 AAE2 71B6 		.ascii	"\252\342q\266;?P\253\356\001\257e\035)\273\377XG\312Ntw\364\210"
 369      3B3F 50AB 
 369      EE01 AF65 
 369      1D29 BBFF 
 369      5847 CA4E 
 370 058d 7285 8CEF 		.ascii	"r\205\214\357^\300\240\307j\276\307|\276'"
 370      5EC0 A0C7 
 370      6ABE C77C 
 370      BE27 
 371 059b 245F CD5C 		.string	"$_\315\\A\214\224\"\222t\265\317\263\216\373\2635\315\271\246p\340\335\370T\345x\312s\f\0
 371      418C 9422 
 371      9274 B5CF 
 371      B38E FBB3 
 371      35CD B9A6 
 372 069c 2034 E529 		.string	" 4\345)\341\r\2240\305\2270KJx\341\316y\247\2232%\215\022\336\325\364U\005\260\266\037h\3
 372      E10D 9430 
 372      C597 304B 
 372      4A78 E1CE 
 372      79A7 9332 
 373 06e5 F507 9E7A 		.string	"\365\007\236z\236P\037\032\337\237g\226\\Z\3245\363\343\271&\322N\3343\332\316\351\247m\3
 373      9E50 1F1A 
 373      DF9F 6796 
 373      5C5A D435 
 373      F3E3 B926 
 374 07ca 0351 862A 		.ascii	"\003Q\206*!C"
 374      2143 
 375 07d0 91B0 9748 		.ascii	"\221\260\227H\330W\324y\336_\252\324\021\t\335g\017:\031Ge\352"
 375      D857 D479 
 375      DE5F AAD4 
 375      1109 DD67 
 375      0F3A 1947 
 376 07e6 178F 4905 		.ascii	"\027\217I\005x\243f\252\341\231J\370>\022\236\262\357\302\250"
 376      78A3 66AA 
 376      E199 4AF8 
 376      3E12 9EB2 
 376      EFC2 A8
 377 07f9 5E6A D269 		.ascii	"^j\322iv\360V{\343\001\223F\tY\244\204\003J\tg[.N\006\260\364"
 377      76F0 567B 
 377      E301 9346 
 377      0959 A484 
 377      034A 0967 
 378 0813 797D 8129 		.ascii	"y}\201)\362U\204!h\277\232}\277\222=\233d\237\231|\335\020,u"
 378      F255 8421 
 378      68BF 9A7D 
 378      BF92 3D9B 
 378      649F 997C 
 379 082b D0EC 6D93 		.ascii	"\320\354m\223\225W%\026^q\355\2136\274\374X\374A5\374\240\022"
 379      9557 2516 
 379      5E71 ED8B 
 379      36BC FC58 
 379      FC41 35FC 
 380 0841 9E43 C247 		.ascii	"\236C\302G3\263\313\202\244\3474\374\377\357\370<\272\271K\207"
 380      33B3 CB82 
 380      A4E7 34FC 
 380      FFEF F83C 
 380      BAB9 4B87 
 381 0855 6FFE C773 		.ascii	"o\376\307s\321\344S\337\225\035\0237\214\036\347!\352|\363\335"
 381      D1E4 53DF 
 381      951D 1337 
 381      8C1E E721 
 381      EA7C F3DD 
 382 0869 749E BF46 		.ascii	"t\236\277F\351GH\351\207\225\322\323\216f\257\360T.\221\312\001"
 382      E947 48E9 
 382      8795 D2D3 
 382      8E66 AFF0 
 382      542E 91CA 
 383 087e 8172 55E9 		.ascii	"\201rU\351\271\212\364\002\"\375\373\356\336;\001\322\030\225"
 383      B98A F402 
 383      22FD FBEE 
 383      DE3B 01D2 
 383      1895 
 384 0890 3E94 361D 		.ascii	">\2246\035\277\366\030\375\031\333\034t\004~\270%\031\310\037"
 384      BFF6 18FD 
 384      19DB 1C74 
 384      047E B825 
 384      19C8 1F
 385 08a3 2F85 349E 		.ascii	"/\2054\236\373\223\247\020\323\240\243\342Z\b\273\226t\251A/"
 385      FB93 A710 
 385      D3A0 A3E2 
 385      5A08 BB96 
 385      74A9 412F 
 386 08b7 BDA7 1C59 		.ascii	"\275\247\034Y.\327\307\224\303]\247S\342\213~\024_D\342\217\221"
 386      2ED7 C794 
 386      C35D A753 
 386      E28B 7E14 
 386      5F44 E28F 
 387 08cc F81C D7C5 		.ascii	"\370\034\327\305t\257\273\031w"
 387      74AF BB19 
 387      77
 388 08d5 5BBD 9B8F 		.string	"[\275\233\217\213\364\357%x\343}0\277{\336\314\203\007\274\300'\030\370\004\001\027N\245\
 388      8BF4 EF25 
 388      78E3 7D30 
 388      BF7B DECC 
 388      8307 BCC0 
 389 09d6 D35B FE14 		.ascii	"\323[\376\024\027\027\275\210\201l\2616\207\305i\267&\350\266"
 389      1717 BD88 
 389      816C B136 
 389      87C5 69B7 
 389      26E8 B6
 390 09e9 5A23 B684 		.ascii	"Z#\266\204z\243-Qq11q\261\033\242\204 \036\276%R\211\266GE\304"
 390      7AA3 2D51 
 390      7131 3171 
 390      B11B A284 
 390      201E BE25 
 391 0a03 92E8 20DE 		.ascii	"\222\350 \336\261%\322\244J\260\233<\\\321vE\232\315n\211\213"
 391      B125 D2A4 
 391      4AB0 9B3C 
 391      5CD1 7645 
 391      9ACD 6E89 
 392 0a18 5562 FE65 		.ascii	"Ub\376eu``\210:\027\023\267\331\366O\233u\263\002\217O\200\312"
 392      7560 6088 
 392      3A17 13B7 
 392      D9F6 4F9B 
 392      75B3 028F 
 393 0a2f 949C 5BAC 		.ascii	"\224\234[\254\333\200\313\031\353\bV\002\342,\233\255\321\021"
 393      DB80 CB19 
 393      EB08 5602 
 393      E22C 9BAD 
 393      D111 
 394 0a41 DB96 B371 		.ascii	"\333\226\263q\234\323\021\357tX\354\326hk\224\203N\205yO9c\371"
 394      9CD3 11EF 
 394      7458 ECD6 
 394      686B 9483 
 394      4E85 794F 
 395 0a58 C910 BEB6 		.ascii	"\311\020\276\266(\247\335\021\027\023\302\227C]&\016e\342\246"
 395      28A7 DD11 
 395      1713 C297 
 395      435D 260E 
 395      65E2 A6
 396 0a6b 4DF1 56EB 		.ascii	"M\361V\353\026\013u\004o\266F\202\262(\253%\"\312a\373\306\272"
 396      160B 7504 
 396      6FB6 4682 
 396      B228 AB25 
 396      22CA 61FB 
 397 0a81 4469 A7E2 		.ascii	"Di\247\342\207\366\373E\332\034\361q\361!\312\024\f\267\332\354"
 397      87F6 FB45 
 397      DA1C F171 
 397      F121 CA14 
 397      0CB7 DAEC 
 398 0a95 7866 B9C5 		.ascii	"xf\271\305\022\351\264E;l\261\026X_\252\315\022\265-*\332j_\343"
 398      12E9 B445 
 398      3B6C B116 
 398      585F AACD 
 398      12B5 2D2A 
 399 0aad 73E5 9D0E 		.ascii	"s\345\235\016[t8\201A\364\022\276\nF\036\350\321\203\275K\370"
 399      5B74 3881 
 399      41F4 12BE 
 399      0A46 1EE8 
 399      D183 BD4B 
 400 0ac2 A218 C2A0 		.ascii	"\242\030\302\240 \214\t\021[Y\025~\364\025\300\0248\355\213-"
 400      208C 0911 
 400      5B59 157E 
 400      F415 C014 
 400      38ED 8B2D 
 401 0ad6 9688 E8AD 		.ascii	"\226\210\350\255\021\333\354@\023m\213\265Z,\377\003X\364\202"
 401      11DB EC40 
 401      136D 8BB5 
 401      5A2C FF03 
 401      58F4 82
 402 0ae9 E1        		.ascii	"\341"
 403               		.text
 404               		.section	.gnu.lto_.symtab.b027efe944bd693f,"",@progbits
 405 0000 6D61 7472 		.string	"matrix_init_user"
 405      6978 5F69 
 405      6E69 745F 
 405      7573 6572 
 405      00
 406 0011 00        		.string	""
 407 0012 01        		.ascii	"\001"
 408 0013 00        		.string	""
 409 0014 00        		.string	""
 410 0015 00        		.string	""
 411 0016 00        		.string	""
 412 0017 00        		.string	""
 413 0018 00        		.string	""
 414 0019 00        		.string	""
 415 001a 00        		.string	""
 416 001b 00        		.string	""
 417 001c C900      		.string	"\311"
 418 001e 00        		.string	""
 419 001f 00        		.string	""
 420 0020 6D61 7472 		.string	"matrix_init_kb"
 420      6978 5F69 
 420      6E69 745F 
 420      6B62 00
 421 002f 00        		.string	""
 422 0030 01        		.ascii	"\001"
 423 0031 00        		.string	""
 424 0032 00        		.string	""
 425 0033 00        		.string	""
 426 0034 00        		.string	""
 427 0035 00        		.string	""
 428 0036 00        		.string	""
 429 0037 00        		.string	""
 430 0038 00        		.string	""
 431 0039 00        		.string	""
 432 003a CC00      		.string	"\314"
 433 003c 00        		.string	""
 434 003d 00        		.string	""
 435 003e 6D61 7472 		.string	"matrix_scan_user"
 435      6978 5F73 
 435      6361 6E5F 
 435      7573 6572 
 435      00
 436 004f 00        		.string	""
 437 0050 01        		.ascii	"\001"
 438 0051 00        		.string	""
 439 0052 00        		.string	""
 440 0053 00        		.string	""
 441 0054 00        		.string	""
 442 0055 00        		.string	""
 443 0056 00        		.string	""
 444 0057 00        		.string	""
 445 0058 00        		.string	""
 446 0059 00        		.string	""
 447 005a CF00      		.string	"\317"
 448 005c 00        		.string	""
 449 005d 00        		.string	""
 450 005e 6D61 7472 		.string	"matrix_scan_kb"
 450      6978 5F73 
 450      6361 6E5F 
 450      6B62 00
 451 006d 00        		.string	""
 452 006e 01        		.ascii	"\001"
 453 006f 00        		.string	""
 454 0070 00        		.string	""
 455 0071 00        		.string	""
 456 0072 00        		.string	""
 457 0073 00        		.string	""
 458 0074 00        		.string	""
 459 0075 00        		.string	""
 460 0076 00        		.string	""
 461 0077 00        		.string	""
 462 0078 D200      		.string	"\322"
 463 007a 00        		.string	""
 464 007b 00        		.string	""
 465 007c 6D61 7472 		.string	"matrix_rows"
 465      6978 5F72 
 465      6F77 7300 
 466 0088 00        		.string	""
 467 0089 00        		.string	""
 468 008a 00        		.string	""
 469 008b 00        		.string	""
 470 008c 00        		.string	""
 471 008d 00        		.string	""
 472 008e 00        		.string	""
 473 008f 00        		.string	""
 474 0090 00        		.string	""
 475 0091 00        		.string	""
 476 0092 00        		.string	""
 477 0093 D500      		.string	"\325"
 478 0095 00        		.string	""
 479 0096 00        		.string	""
 480 0097 6D61 7472 		.string	"matrix_cols"
 480      6978 5F63 
 480      6F6C 7300 
 481 00a3 00        		.string	""
 482 00a4 00        		.string	""
 483 00a5 00        		.string	""
 484 00a6 00        		.string	""
 485 00a7 00        		.string	""
 486 00a8 00        		.string	""
 487 00a9 00        		.string	""
 488 00aa 00        		.string	""
 489 00ab 00        		.string	""
 490 00ac 00        		.string	""
 491 00ad 00        		.string	""
 492 00ae D700      		.string	"\327"
 493 00b0 00        		.string	""
 494 00b1 00        		.string	""
 495 00b2 6D61 7472 		.string	"matrix_is_on"
 495      6978 5F69 
 495      735F 6F6E 
 495      00
 496 00bf 00        		.string	""
 497 00c0 00        		.string	""
 498 00c1 00        		.string	""
 499 00c2 00        		.string	""
 500 00c3 00        		.string	""
 501 00c4 00        		.string	""
 502 00c5 00        		.string	""
 503 00c6 00        		.string	""
 504 00c7 00        		.string	""
 505 00c8 00        		.string	""
 506 00c9 00        		.string	""
 507 00ca DC00      		.string	"\334"
 508 00cc 00        		.string	""
 509 00cd 00        		.string	""
 510 00ce 6D61 7472 		.string	"matrix"
 510      6978 00
 511 00d5 00        		.string	""
 512 00d6 04        		.ascii	"\004"
 513 00d7 00        		.string	""
 514 00d8 0800      		.string	"\b"
 515 00da 00        		.string	""
 516 00db 00        		.string	""
 517 00dc 00        		.string	""
 518 00dd 00        		.string	""
 519 00de 00        		.string	""
 520 00df 00        		.string	""
 521 00e0 2301 00   		.string	"#\001"
 522 00e3 00        		.string	""
 523 00e4 6D61 7472 		.string	"matrix_get_row"
 523      6978 5F67 
 523      6574 5F72 
 523      6F77 00
 524 00f3 00        		.string	""
 525 00f4 00        		.string	""
 526 00f5 00        		.string	""
 527 00f6 00        		.string	""
 528 00f7 00        		.string	""
 529 00f8 00        		.string	""
 530 00f9 00        		.string	""
 531 00fa 00        		.string	""
 532 00fb 00        		.string	""
 533 00fc 00        		.string	""
 534 00fd 00        		.string	""
 535 00fe E000      		.string	"\340"
 536 0100 00        		.string	""
 537 0101 00        		.string	""
 538 0102 6D61 7472 		.string	"matrix_is_modified"
 538      6978 5F69 
 538      735F 6D6F 
 538      6469 6669 
 538      6564 00
 539 0115 00        		.string	""
 540 0116 00        		.string	""
 541 0117 00        		.string	""
 542 0118 00        		.string	""
 543 0119 00        		.string	""
 544 011a 00        		.string	""
 545 011b 00        		.string	""
 546 011c 00        		.string	""
 547 011d 00        		.string	""
 548 011e 00        		.string	""
 549 011f 00        		.string	""
 550 0120 E300      		.string	"\343"
 551 0122 00        		.string	""
 552 0123 00        		.string	""
 553 0124 6D61 7472 		.string	"matrix_print"
 553      6978 5F70 
 553      7269 6E74 
 553      00
 554 0131 00        		.string	""
 555 0132 00        		.string	""
 556 0133 00        		.string	""
 557 0134 00        		.string	""
 558 0135 00        		.string	""
 559 0136 00        		.string	""
 560 0137 00        		.string	""
 561 0138 00        		.string	""
 562 0139 00        		.string	""
 563 013a 00        		.string	""
 564 013b 00        		.string	""
 565 013c E500      		.string	"\345"
 566 013e 00        		.string	""
 567 013f 00        		.string	""
 568 0140 6D61 7472 		.string	"matrix_key_count"
 568      6978 5F6B 
 568      6579 5F63 
 568      6F75 6E74 
 568      00
 569 0151 00        		.string	""
 570 0152 00        		.string	""
 571 0153 00        		.string	""
 572 0154 00        		.string	""
 573 0155 00        		.string	""
 574 0156 00        		.string	""
 575 0157 00        		.string	""
 576 0158 00        		.string	""
 577 0159 00        		.string	""
 578 015a 00        		.string	""
 579 015b 00        		.string	""
 580 015c E700      		.string	"\347"
 581 015e 00        		.string	""
 582 015f 00        		.string	""
 583 0160 6D61 7472 		.string	"matrix_io_delay"
 583      6978 5F69 
 583      6F5F 6465 
 583      6C61 7900 
 584 0170 00        		.string	""
 585 0171 01        		.ascii	"\001"
 586 0172 00        		.string	""
 587 0173 00        		.string	""
 588 0174 00        		.string	""
 589 0175 00        		.string	""
 590 0176 00        		.string	""
 591 0177 00        		.string	""
 592 0178 00        		.string	""
 593 0179 00        		.string	""
 594 017a 00        		.string	""
 595 017b EA00      		.string	"\352"
 596 017d 00        		.string	""
 597 017e 00        		.string	""
 598 017f 6D61 7472 		.string	"matrix_output_select_delay"
 598      6978 5F6F 
 598      7574 7075 
 598      745F 7365 
 598      6C65 6374 
 599 019a 00        		.string	""
 600 019b 01        		.ascii	"\001"
 601 019c 00        		.string	""
 602 019d 00        		.string	""
 603 019e 00        		.string	""
 604 019f 00        		.string	""
 605 01a0 00        		.string	""
 606 01a1 00        		.string	""
 607 01a2 00        		.string	""
 608 01a3 00        		.string	""
 609 01a4 00        		.string	""
 610 01a5 ED00      		.string	"\355"
 611 01a7 00        		.string	""
 612 01a8 00        		.string	""
 613 01a9 6D61 7472 		.string	"matrix_output_unselect_delay"
 613      6978 5F6F 
 613      7574 7075 
 613      745F 756E 
 613      7365 6C65 
 614 01c6 00        		.string	""
 615 01c7 01        		.ascii	"\001"
 616 01c8 00        		.string	""
 617 01c9 00        		.string	""
 618 01ca 00        		.string	""
 619 01cb 00        		.string	""
 620 01cc 00        		.string	""
 621 01cd 00        		.string	""
 622 01ce 00        		.string	""
 623 01cf 00        		.string	""
 624 01d0 00        		.string	""
 625 01d1 F000      		.string	"\360"
 626 01d3 00        		.string	""
 627 01d4 00        		.string	""
 628 01d5 6D61 7472 		.string	"matrix_init_custom"
 628      6978 5F69 
 628      6E69 745F 
 628      6375 7374 
 628      6F6D 00
 629 01e8 00        		.string	""
 630 01e9 01        		.ascii	"\001"
 631 01ea 00        		.string	""
 632 01eb 00        		.string	""
 633 01ec 00        		.string	""
 634 01ed 00        		.string	""
 635 01ee 00        		.string	""
 636 01ef 00        		.string	""
 637 01f0 00        		.string	""
 638 01f1 00        		.string	""
 639 01f2 00        		.string	""
 640 01f3 F300      		.string	"\363"
 641 01f5 00        		.string	""
 642 01f6 00        		.string	""
 643 01f7 6D61 7472 		.string	"matrix_scan_custom"
 643      6978 5F73 
 643      6361 6E5F 
 643      6375 7374 
 643      6F6D 00
 644 020a 00        		.string	""
 645 020b 01        		.ascii	"\001"
 646 020c 00        		.string	""
 647 020d 00        		.string	""
 648 020e 00        		.string	""
 649 020f 00        		.string	""
 650 0210 00        		.string	""
 651 0211 00        		.string	""
 652 0212 00        		.string	""
 653 0213 00        		.string	""
 654 0214 00        		.string	""
 655 0215 F900      		.string	"\371"
 656 0217 00        		.string	""
 657 0218 00        		.string	""
 658 0219 6D61 7472 		.string	"matrix_init"
 658      6978 5F69 
 658      6E69 7400 
 659 0225 00        		.string	""
 660 0226 01        		.ascii	"\001"
 661 0227 00        		.string	""
 662 0228 00        		.string	""
 663 0229 00        		.string	""
 664 022a 00        		.string	""
 665 022b 00        		.string	""
 666 022c 00        		.string	""
 667 022d 00        		.string	""
 668 022e 00        		.string	""
 669 022f 00        		.string	""
 670 0230 FC00      		.string	"\374"
 671 0232 00        		.string	""
 672 0233 00        		.string	""
 673 0234 7261 775F 		.string	"raw_matrix"
 673      6D61 7472 
 673      6978 00
 674 023f 00        		.string	""
 675 0240 04        		.ascii	"\004"
 676 0241 00        		.string	""
 677 0242 0800      		.string	"\b"
 678 0244 00        		.string	""
 679 0245 00        		.string	""
 680 0246 00        		.string	""
 681 0247 00        		.string	""
 682 0248 00        		.string	""
 683 0249 00        		.string	""
 684 024a 2101 00   		.string	"!\001"
 685 024d 00        		.string	""
 686 024e 6D61 7472 		.string	"matrix_scan"
 686      6978 5F73 
 686      6361 6E00 
 687 025a 00        		.string	""
 688 025b 01        		.ascii	"\001"
 689 025c 00        		.string	""
 690 025d 00        		.string	""
 691 025e 00        		.string	""
 692 025f 00        		.string	""
 693 0260 00        		.string	""
 694 0261 00        		.string	""
 695 0262 00        		.string	""
 696 0263 00        		.string	""
 697 0264 00        		.string	""
 698 0265 FF00      		.string	"\377"
 699 0267 00        		.string	""
 700 0268 00        		.string	""
 701 0269 7065 656B 		.string	"peek_matrix"
 701      5F6D 6174 
 701      7269 7800 
 702 0275 00        		.string	""
 703 0276 01        		.ascii	"\001"
 704 0277 00        		.string	""
 705 0278 00        		.string	""
 706 0279 00        		.string	""
 707 027a 00        		.string	""
 708 027b 00        		.string	""
 709 027c 00        		.string	""
 710 027d 00        		.string	""
 711 027e 00        		.string	""
 712 027f 00        		.string	""
 713 0280 0601 00   		.string	"\006\001"
 714 0283 00        		.string	""
 715 0284 6465 626F 		.string	"debounce_active"
 715      756E 6365 
 715      5F61 6374 
 715      6976 6500 
 716 0294 00        		.string	""
 717 0295 02        		.ascii	"\002"
 718 0296 00        		.string	""
 719 0297 00        		.string	""
 720 0298 00        		.string	""
 721 0299 00        		.string	""
 722 029a 00        		.string	""
 723 029b 00        		.string	""
 724 029c 00        		.string	""
 725 029d 00        		.string	""
 726 029e 00        		.string	""
 727 029f 0801 00   		.string	"\b\001"
 728 02a2 00        		.string	""
 729 02a3 6269 7470 		.string	"bitpop"
 729      6F70 00
 730 02aa 00        		.string	""
 731 02ab 02        		.ascii	"\002"
 732 02ac 00        		.string	""
 733 02ad 00        		.string	""
 734 02ae 00        		.string	""
 735 02af 00        		.string	""
 736 02b0 00        		.string	""
 737 02b1 00        		.string	""
 738 02b2 00        		.string	""
 739 02b3 00        		.string	""
 740 02b4 00        		.string	""
 741 02b5 0C01 00   		.string	"\f\001"
 742 02b8 00        		.string	""
 743 02b9 6D61 7472 		.string	"matrix_init_quantum"
 743      6978 5F69 
 743      6E69 745F 
 743      7175 616E 
 743      7475 6D00 
 744 02cd 00        		.string	""
 745 02ce 02        		.ascii	"\002"
 746 02cf 00        		.string	""
 747 02d0 00        		.string	""
 748 02d1 00        		.string	""
 749 02d2 00        		.string	""
 750 02d3 00        		.string	""
 751 02d4 00        		.string	""
 752 02d5 00        		.string	""
 753 02d6 00        		.string	""
 754 02d7 00        		.string	""
 755 02d8 1201 00   		.string	"\022\001"
 756 02db 00        		.string	""
 757 02dc 6465 626F 		.string	"debounce_init"
 757      756E 6365 
 757      5F69 6E69 
 757      7400 
 758 02ea 00        		.string	""
 759 02eb 02        		.ascii	"\002"
 760 02ec 00        		.string	""
 761 02ed 00        		.string	""
 762 02ee 00        		.string	""
 763 02ef 00        		.string	""
 764 02f0 00        		.string	""
 765 02f1 00        		.string	""
 766 02f2 00        		.string	""
 767 02f3 00        		.string	""
 768 02f4 00        		.string	""
 769 02f5 1601 00   		.string	"\026\001"
 770 02f8 00        		.string	""
 771 02f9 6D61 7472 		.string	"matrix_scan_quantum"
 771      6978 5F73 
 771      6361 6E5F 
 771      7175 616E 
 771      7475 6D00 
 772 030d 00        		.string	""
 773 030e 02        		.ascii	"\002"
 774 030f 00        		.string	""
 775 0310 00        		.string	""
 776 0311 00        		.string	""
 777 0312 00        		.string	""
 778 0313 00        		.string	""
 779 0314 00        		.string	""
 780 0315 00        		.string	""
 781 0316 00        		.string	""
 782 0317 00        		.string	""
 783 0318 1801 00   		.string	"\030\001"
 784 031b 00        		.string	""
 785 031c 6465 626F 		.string	"debounce"
 785      756E 6365 
 785      00
 786 0325 00        		.string	""
 787 0326 02        		.ascii	"\002"
 788 0327 00        		.string	""
 789 0328 00        		.string	""
 790 0329 00        		.string	""
 791 032a 00        		.string	""
 792 032b 00        		.string	""
 793 032c 00        		.string	""
 794 032d 00        		.string	""
 795 032e 00        		.string	""
 796 032f 00        		.string	""
 797 0330 1F01 00   		.string	"\037\001"
 798 0333 00        		.string	""
 799               		.text
 800               		.section	.gnu.lto_.opts,"",@progbits
 801 0000 272D 666D 		.ascii	"'-fmath-errno' '-fsigned-zeros' '-ftrapping-math' '-fno-trap"
 801      6174 682D 
 801      6572 726E 
 801      6F27 2027 
 801      2D66 7369 
 802 003c 7627 2027 		.ascii	"v' '-fno"
 802      2D66 6E6F 
 803 0044 2D6F 7065 		.string	"-openmp' '-fno-openacc' '-mn-flash=1' '-mno-skip-bug' '-mmcu=avr5' '-gdwarf-2' '-Os' '-We
 803      6E6D 7027 
 803      2027 2D66 
 803      6E6F 2D6F 
 803      7065 6E61 
 804               		.text
 805               		.comm	__gnu_lto_v1,1,1
 806               		.comm	__gnu_lto_slim,1,1
 807               		.ident	"GCC: (GNU) 5.4.0"
DEFINED SYMBOLS
                            *ABS*:0000000000000000 matrix_common.c
     /tmp/cc7mwV93.s:2      *ABS*:000000000000003e __SP_H__
     /tmp/cc7mwV93.s:3      *ABS*:000000000000003d __SP_L__
     /tmp/cc7mwV93.s:4      *ABS*:000000000000003f __SREG__
     /tmp/cc7mwV93.s:5      *ABS*:0000000000000000 __tmp_reg__
     /tmp/cc7mwV93.s:6      *ABS*:0000000000000001 __zero_reg__
                            *COM*:0000000000000001 __gnu_lto_v1
                            *COM*:0000000000000001 __gnu_lto_slim

NO UNDEFINED SYMBOLS
